#
# There is insufficient memory for the Java Runtime Environment to continue.
# Native memory allocation (malloc) failed to allocate 604496 bytes for Chunk::new
# Possible reasons:
#   The system is out of physical RAM or swap space
#   In 32 bit mode, the process size limit was hit
# Possible solutions:
#   Reduce memory load on the system
#   Increase physical memory or swap space
#   Check if swap backing store is full
#   Use 64 bit Java on a 64 bit OS
#   Decrease Java heap size (-Xmx/-Xms)
#   Decrease number of Java threads
#   Decrease Java thread stack sizes (-Xss)
#   Set larger code cache with -XX:ReservedCodeCacheSize=
# This output file may be truncated or incomplete.
#
#  Out of Memory Error (allocation.cpp:390), pid=20888, tid=0x00000000000053f0
#
# JRE version: Java(TM) SE Runtime Environment (8.0_171-b11) (build 1.8.0_171-b11)
# Java VM: Java HotSpot(TM) 64-Bit Server VM (25.171-b11 mixed mode windows-amd64 compressed oops)
# Failed to write core dump. Minidumps are not enabled by default on client versions of Windows
#

---------------  T H R E A D  ---------------

Current thread (0x00000000188b1000):  JavaThread "C2 CompilerThread1" daemon [_thread_in_native, id=21488, stack(0x0000000019180000,0x0000000019280000)]

Stack: [0x0000000019180000,0x0000000019280000]
[error occurred during error reporting (printing stack bounds), id 0xc0000005]

Native frames: (J=compiled Java code, j=interpreted, Vv=VM code, C=native code)


Current CompileTask:
C2:  20236 1893   !   4       sun.nio.cs.StreamDecoder::read (196 bytes)


---------------  P R O C E S S  ---------------

Java Threads: ( => current thread )
  0x0000000019eb3000 JavaThread "Bundle File Closer" daemon [_thread_blocked, id=20732, stack(0x000000001d0d0000,0x000000001d1d0000)]
  0x0000000019eb3800 JavaThread "Java indexing" daemon [_thread_blocked, id=20668, stack(0x000000001cfd0000,0x000000001d0d0000)]
  0x000000001a81a000 JavaThread "Worker-1" [_thread_blocked, id=20612, stack(0x000000001ccd0000,0x000000001cdd0000)]
  0x00000000195c4000 JavaThread "Worker-0" [_thread_blocked, id=20704, stack(0x000000001c9d0000,0x000000001cad0000)]
  0x0000000019713800 JavaThread "Worker-JM" [_thread_blocked, id=20856, stack(0x000000001b050000,0x000000001b150000)]
  0x0000000019a21000 JavaThread "Start Level: Equinox Container: dcb0f0c0-d789-43ec-b63f-8339098196d9" daemon [_thread_in_vm, id=20920, stack(0x000000001af50000,0x000000001b050000)]
  0x0000000019e2f800 JavaThread "Framework Event Dispatcher: Equinox Container: dcb0f0c0-d789-43ec-b63f-8339098196d9" daemon [_thread_blocked, id=20924, stack(0x000000001ae50000,0x000000001af50000)]
  0x00000000198f2000 JavaThread "Active Thread: Equinox Container: dcb0f0c0-d789-43ec-b63f-8339098196d9" [_thread_blocked, id=20516, stack(0x000000001ad50000,0x000000001ae50000)]
  0x0000000018927000 JavaThread "Service Thread" daemon [_thread_blocked, id=20528, stack(0x0000000019380000,0x0000000019480000)]
  0x00000000188b4000 JavaThread "C1 CompilerThread2" daemon [_thread_in_native, id=21492, stack(0x0000000019280000,0x0000000019380000)]
=>0x00000000188b1000 JavaThread "C2 CompilerThread1" daemon [_thread_in_native, id=21488, stack(0x0000000019180000,0x0000000019280000)]
  0x00000000188b0000 JavaThread "C2 CompilerThread0" daemon [_thread_in_native, id=21484, stack(0x0000000019080000,0x0000000019180000)]
  0x00000000188ae000 JavaThread "Attach Listener" daemon [_thread_blocked, id=21476, stack(0x0000000018f80000,0x0000000019080000)]
  0x0000000018897800 JavaThread "Signal Dispatcher" daemon [_thread_blocked, id=21472, stack(0x0000000018e80000,0x0000000018f80000)]
  0x0000000018896800 JavaThread "Surrogate Locker Thread (Concurrent GC)" daemon [_thread_blocked, id=21460, stack(0x0000000018d80000,0x0000000018e80000)]
  0x0000000018808000 JavaThread "Finalizer" daemon [_thread_blocked, id=21364, stack(0x0000000018c80000,0x0000000018d80000)]
  0x0000000018806800 JavaThread "Reference Handler" daemon [_thread_blocked, id=21356, stack(0x0000000018b80000,0x0000000018c80000)]
  0x000000000285e000 JavaThread "main" [_thread_blocked, id=21148, stack(0x0000000002860000,0x0000000002960000)]

Other Threads:
  0x0000000018802800 VMThread [stack: 0x00000000185a0000,0x00000000186a0000] [id=21328]
  0x00000000188e7800 WatcherThread [stack: 0x0000000019480000,0x0000000019580000] [id=20520]

VM state:not at safepoint (normal execution)

VM Mutex/Monitor currently owned by a thread: None

Heap:
 garbage-first heap   total 63488K, used 23552K [0x00000000c0000000, 0x00000000c01001f0, 0x0000000100000000)
  region size 1024K, 12 young (12288K), 5 survivors (5120K)
 Metaspace       used 20359K, capacity 21436K, committed 21680K, reserved 1069056K
  class space    used 2103K, capacity 2451K, committed 2560K, reserved 1048576K

Heap Regions: (Y=young(eden), SU=young(survivor), HS=humongous(starts), HC=humongous(continues), CS=collection set, F=free, TS=gc time stamp, PTAMS=previous top-at-mark-start, NTAMS=next top-at-mark-start)
AC   0  O    TS     0 PTAMS 0x00000000c0100000 NTAMS 0x00000000c0100000 space 1024K, 100% used [0x00000000c0000000, 0x00000000c0100000)
AC   0  O    TS     0 PTAMS 0x00000000c0200000 NTAMS 0x00000000c0200000 space 1024K, 100% used [0x00000000c0100000, 0x00000000c0200000)
AC   0  O    TS     0 PTAMS 0x00000000c0300000 NTAMS 0x00000000c0300000 space 1024K, 100% used [0x00000000c0200000, 0x00000000c0300000)
AC   0  O    TS     0 PTAMS 0x00000000c0400000 NTAMS 0x00000000c0400000 space 1024K, 100% used [0x00000000c0300000, 0x00000000c0400000)
AC   0  O    TS     0 PTAMS 0x00000000c0500000 NTAMS 0x00000000c0500000 space 1024K, 100% used [0x00000000c0400000, 0x00000000c0500000)
AC   0  O    TS     0 PTAMS 0x00000000c0600000 NTAMS 0x00000000c0600000 space 1024K, 100% used [0x00000000c0500000, 0x00000000c0600000)
AC   0  O    TS     0 PTAMS 0x00000000c0700000 NTAMS 0x00000000c0700000 space 1024K, 100% used [0x00000000c0600000, 0x00000000c0700000)
AC   0  O    TS     0 PTAMS 0x00000000c0800000 NTAMS 0x00000000c0800000 space 1024K, 100% used [0x00000000c0700000, 0x00000000c0800000)
AC   0  O    TS     0 PTAMS 0x00000000c0900000 NTAMS 0x00000000c0900000 space 1024K, 100% used [0x00000000c0800000, 0x00000000c0900000)
AC   0  O    TS     0 PTAMS 0x00000000c0a00000 NTAMS 0x00000000c0a00000 space 1024K, 100% used [0x00000000c0900000, 0x00000000c0a00000)
AC   0  F    TS     0 PTAMS 0x00000000c0a00000 NTAMS 0x00000000c0a00000 space 1024K,   0% used [0x00000000c0a00000, 0x00000000c0b00000)
AC   0  F    TS     0 PTAMS 0x00000000c0b00000 NTAMS 0x00000000c0b00000 space 1024K,   0% used [0x00000000c0b00000, 0x00000000c0c00000)
AC   0  F    TS     0 PTAMS 0x00000000c0c00000 NTAMS 0x00000000c0c00000 space 1024K,   0% used [0x00000000c0c00000, 0x00000000c0d00000)
AC   0  F    TS     0 PTAMS 0x00000000c0d00000 NTAMS 0x00000000c0d00000 space 1024K,   0% used [0x00000000c0d00000, 0x00000000c0e00000)
AC   0  O    TS     0 PTAMS 0x00000000c0f00000 NTAMS 0x00000000c0f00000 space 1024K, 100% used [0x00000000c0e00000, 0x00000000c0f00000)
AC   0  O    TS     0 PTAMS 0x00000000c1000000 NTAMS 0x00000000c1000000 space 1024K, 100% used [0x00000000c0f00000, 0x00000000c1000000)
AC   0  F    TS     0 PTAMS 0x00000000c1000000 NTAMS 0x00000000c1000000 space 1024K,   0% used [0x00000000c1000000, 0x00000000c1100000)
AC   0  F    TS     0 PTAMS 0x00000000c1100000 NTAMS 0x00000000c1100000 space 1024K,   0% used [0x00000000c1100000, 0x00000000c1200000)
AC   0  F    TS     0 PTAMS 0x00000000c1200000 NTAMS 0x00000000c1200000 space 1024K,   0% used [0x00000000c1200000, 0x00000000c1300000)
AC   0  F    TS     0 PTAMS 0x00000000c1300000 NTAMS 0x00000000c1300000 space 1024K,   0% used [0x00000000c1300000, 0x00000000c1400000)
AC   0  F    TS     0 PTAMS 0x00000000c1400000 NTAMS 0x00000000c1400000 space 1024K,   0% used [0x00000000c1400000, 0x00000000c1500000)
AC   0  F    TS     0 PTAMS 0x00000000c1500000 NTAMS 0x00000000c1500000 space 1024K,   0% used [0x00000000c1500000, 0x00000000c1600000)
AC   0  F    TS     0 PTAMS 0x00000000c1600000 NTAMS 0x00000000c1600000 space 1024K,   0% used [0x00000000c1600000, 0x00000000c1700000)
AC   0  F    TS     0 PTAMS 0x00000000c1700000 NTAMS 0x00000000c1700000 space 1024K,   0% used [0x00000000c1700000, 0x00000000c1800000)
AC   0  F    TS     0 PTAMS 0x00000000c1800000 NTAMS 0x00000000c1800000 space 1024K,   0% used [0x00000000c1800000, 0x00000000c1900000)
AC   0  F    TS     0 PTAMS 0x00000000c1900000 NTAMS 0x00000000c1900000 space 1024K,   0% used [0x00000000c1900000, 0x00000000c1a00000)
AC   0  F    TS     0 PTAMS 0x00000000c1a00000 NTAMS 0x00000000c1a00000 space 1024K,   0% used [0x00000000c1a00000, 0x00000000c1b00000)
AC   0  F    TS     0 PTAMS 0x00000000c1b00000 NTAMS 0x00000000c1b00000 space 1024K,   0% used [0x00000000c1b00000, 0x00000000c1c00000)
AC   0  F    TS     0 PTAMS 0x00000000c1c00000 NTAMS 0x00000000c1c00000 space 1024K,   0% used [0x00000000c1c00000, 0x00000000c1d00000)
AC   0  F    TS     0 PTAMS 0x00000000c1d00000 NTAMS 0x00000000c1d00000 space 1024K,   0% used [0x00000000c1d00000, 0x00000000c1e00000)
AC   0  S CS TS     0 PTAMS 0x00000000c1e00000 NTAMS 0x00000000c1e00000 space 1024K, 100% used [0x00000000c1e00000, 0x00000000c1f00000)
AC   0  S CS TS     0 PTAMS 0x00000000c1f00000 NTAMS 0x00000000c1f00000 space 1024K, 100% used [0x00000000c1f00000, 0x00000000c2000000)
AC   0  S CS TS     0 PTAMS 0x00000000c2000000 NTAMS 0x00000000c2000000 space 1024K, 100% used [0x00000000c2000000, 0x00000000c2100000)
AC   0  S CS TS     0 PTAMS 0x00000000c2100000 NTAMS 0x00000000c2100000 space 1024K, 100% used [0x00000000c2100000, 0x00000000c2200000)
AC   0  S CS TS     0 PTAMS 0x00000000c2200000 NTAMS 0x00000000c2200000 space 1024K, 100% used [0x00000000c2200000, 0x00000000c2300000)
AC   0  F    TS     0 PTAMS 0x00000000c2300000 NTAMS 0x00000000c2300000 space 1024K,   0% used [0x00000000c2300000, 0x00000000c2400000)
AC   0  F    TS     0 PTAMS 0x00000000c2400000 NTAMS 0x00000000c2400000 space 1024K,   0% used [0x00000000c2400000, 0x00000000c2500000)
AC   0  F    TS     0 PTAMS 0x00000000c2500000 NTAMS 0x00000000c2500000 space 1024K,   0% used [0x00000000c2500000, 0x00000000c2600000)
AC   0  F    TS     0 PTAMS 0x00000000c2600000 NTAMS 0x00000000c2600000 space 1024K,   0% used [0x00000000c2600000, 0x00000000c2700000)
AC   0  F    TS     0 PTAMS 0x00000000c2700000 NTAMS 0x00000000c2700000 space 1024K,   0% used [0x00000000c2700000, 0x00000000c2800000)
AC   0  F    TS     0 PTAMS 0x00000000c2800000 NTAMS 0x00000000c2800000 space 1024K,   0% used [0x00000000c2800000, 0x00000000c2900000)
AC   0  F    TS     0 PTAMS 0x00000000c2900000 NTAMS 0x00000000c2900000 space 1024K,   0% used [0x00000000c2900000, 0x00000000c2a00000)
AC   0  F    TS     0 PTAMS 0x00000000c2a00000 NTAMS 0x00000000c2a00000 space 1024K,   0% used [0x00000000c2a00000, 0x00000000c2b00000)
AC   0  F    TS     0 PTAMS 0x00000000c2b00000 NTAMS 0x00000000c2b00000 space 1024K,   0% used [0x00000000c2b00000, 0x00000000c2c00000)
AC   0  F    TS     0 PTAMS 0x00000000c2c00000 NTAMS 0x00000000c2c00000 space 1024K,   0% used [0x00000000c2c00000, 0x00000000c2d00000)
AC   0  F    TS     0 PTAMS 0x00000000c2d00000 NTAMS 0x00000000c2d00000 space 1024K,   0% used [0x00000000c2d00000, 0x00000000c2e00000)
AC   0  F    TS     0 PTAMS 0x00000000c2e00000 NTAMS 0x00000000c2e00000 space 1024K,   0% used [0x00000000c2e00000, 0x00000000c2f00000)
AC   0  F    TS     0 PTAMS 0x00000000c2f00000 NTAMS 0x00000000c2f00000 space 1024K,   0% used [0x00000000c2f00000, 0x00000000c3000000)
AC   0  F    TS     0 PTAMS 0x00000000c3000000 NTAMS 0x00000000c3000000 space 1024K,   0% used [0x00000000c3000000, 0x00000000c3100000)
AC   0  F    TS     0 PTAMS 0x00000000c3100000 NTAMS 0x00000000c3100000 space 1024K,   0% used [0x00000000c3100000, 0x00000000c3200000)
AC   0  F    TS     0 PTAMS 0x00000000c3200000 NTAMS 0x00000000c3200000 space 1024K,   0% used [0x00000000c3200000, 0x00000000c3300000)
AC   0  F    TS     0 PTAMS 0x00000000c3300000 NTAMS 0x00000000c3300000 space 1024K,   0% used [0x00000000c3300000, 0x00000000c3400000)
AC   0  F    TS     0 PTAMS 0x00000000c3400000 NTAMS 0x00000000c3400000 space 1024K,   0% used [0x00000000c3400000, 0x00000000c3500000)
AC   0  F    TS     0 PTAMS 0x00000000c3500000 NTAMS 0x00000000c3500000 space 1024K,   0% used [0x00000000c3500000, 0x00000000c3600000)
AC   0  F    TS     0 PTAMS 0x00000000c3600000 NTAMS 0x00000000c3600000 space 1024K,   0% used [0x00000000c3600000, 0x00000000c3700000)
AC   0  E    TS     0 PTAMS 0x00000000c3700000 NTAMS 0x00000000c3700000 space 1024K,  49% used [0x00000000c3700000, 0x00000000c3800000)
AC   0  E CS TS     0 PTAMS 0x00000000c3800000 NTAMS 0x00000000c3800000 space 1024K, 100% used [0x00000000c3800000, 0x00000000c3900000)
AC   0  E CS TS     0 PTAMS 0x00000000c3900000 NTAMS 0x00000000c3900000 space 1024K, 100% used [0x00000000c3900000, 0x00000000c3a00000)
AC   0  E CS TS     0 PTAMS 0x00000000c3a00000 NTAMS 0x00000000c3a00000 space 1024K, 100% used [0x00000000c3a00000, 0x00000000c3b00000)
AC   0  E CS TS     0 PTAMS 0x00000000c3b00000 NTAMS 0x00000000c3b00000 space 1024K, 100% used [0x00000000c3b00000, 0x00000000c3c00000)
AC   0  E CS TS     0 PTAMS 0x00000000c3c00000 NTAMS 0x00000000c3c00000 space 1024K, 100% used [0x00000000c3c00000, 0x00000000c3d00000)
AC   0  E CS TS     0 PTAMS 0x00000000c3d00000 NTAMS 0x00000000c3d00000 space 1024K, 100% used [0x00000000c3d00000, 0x00000000c3e00000)

Card table byte_map: [0x0000000013060000,0x0000000013260000] byte_map_base: 0x0000000012a60000

Marking Bits (Prev, Next): (CMBitMap*) 0x0000000002a976d0, (CMBitMap*) 0x0000000002a97678
 Prev Bits: [0x0000000014460000, 0x0000000015460000)
 Next Bits: [0x0000000013460000, 0x0000000014460000)

Polling page: 0x0000000000830000

CodeCache: size=245760Kb used=6699Kb max_used=6699Kb free=239060Kb
 bounds [0x0000000002b60000, 0x0000000003200000, 0x0000000011b60000]
 total_blobs=2248 nmethods=1796 adapters=364
 compilation: enabled

Compilation events (10 events):
Event: 20.226 Thread 0x00000000188b4000 nmethod 1949 0x00000000031db090 code [0x00000000031db1e0, 0x00000000031db390]
Event: 20.226 Thread 0x00000000188b4000 1950       3       com.google.inject.TypeLiteral::resolve (9 bytes)
Event: 20.227 Thread 0x00000000188b4000 nmethod 1950 0x00000000031db450 code [0x00000000031db5e0, 0x00000000031db858]
Event: 20.227 Thread 0x00000000188b4000 1951       1       com.google.common.collect.ImmutableMapEntry::getNextInKeyBucket (2 bytes)
Event: 20.227 Thread 0x00000000188b4000 nmethod 1951 0x00000000031db990 code [0x00000000031dbae0, 0x00000000031dbbf0]
Event: 20.227 Thread 0x00000000188b4000 1952       3       java.util.concurrent.atomic.AtomicInteger::incrementAndGet (14 bytes)
Event: 20.227 Thread 0x00000000188b4000 nmethod 1952 0x00000000031dbc50 code [0x00000000031dbda0, 0x00000000031dbef0]
Event: 20.227 Thread 0x00000000188b4000 1953       3       com.google.inject.internal.BindingImpl::<init> (30 bytes)
Event: 20.228 Thread 0x00000000188b4000 nmethod 1953 0x00000000031dbf50 code [0x00000000031dc0c0, 0x00000000031dc3f0]
Event: 20.228 Thread 0x00000000188b4000 1954       3       java.lang.Class::getEnclosingClass (60 bytes)

GC Heap History (8 events):
Event: 5.208 GC heap before
{Heap before GC invocations=0 (full 0):
 garbage-first heap   total 63488K, used 14336K [0x00000000c0000000, 0x00000000c01001f0, 0x0000000100000000)
  region size 1024K, 14 young (14336K), 0 survivors (0K)
 Metaspace       used 6537K, capacity 6700K, committed 6912K, reserved 1056768K
  class space    used 685K, capacity 727K, committed 768K, reserved 1048576K
Event: 5.215 GC heap after
Heap after GC invocations=1 (full 0):
 garbage-first heap   total 63488K, used 3472K [0x00000000c0000000, 0x00000000c01001f0, 0x0000000100000000)
  region size 1024K, 2 young (2048K), 2 survivors (2048K)
 Metaspace       used 6537K, capacity 6700K, committed 6912K, reserved 1056768K
  class space    used 685K, capacity 727K, committed 768K, reserved 1048576K
}
Event: 10.005 GC heap before
{Heap before GC invocations=1 (full 0):
 garbage-first heap   total 63488K, used 18832K [0x00000000c0000000, 0x00000000c01001f0, 0x0000000100000000)
  region size 1024K, 17 young (17408K), 2 survivors (2048K)
 Metaspace       used 9880K, capacity 10138K, committed 10368K, reserved 1058816K
  class space    used 1026K, capacity 1099K, committed 1152K, reserved 1048576K
Event: 10.019 GC heap after
Heap after GC invocations=2 (full 0):
 garbage-first heap   total 63488K, used 9009K [0x00000000c0000000, 0x00000000c01001f0, 0x0000000100000000)
  region size 1024K, 3 young (3072K), 3 survivors (3072K)
 Metaspace       used 9880K, capacity 10138K, committed 10368K, reserved 1058816K
  class space    used 1026K, capacity 1099K, committed 1152K, reserved 1048576K
}
Event: 11.447 GC heap before
{Heap before GC invocations=2 (full 0):
 garbage-first heap   total 63488K, used 29489K [0x00000000c0000000, 0x00000000c01001f0, 0x0000000100000000)
  region size 1024K, 23 young (23552K), 3 survivors (3072K)
 Metaspace       used 16710K, capacity 17594K, committed 17792K, reserved 1064960K
  class space    used 1633K, capacity 1909K, committed 1920K, reserved 1048576K
Event: 11.464 GC heap after
Heap after GC invocations=3 (full 0):
 garbage-first heap   total 63488K, used 17920K [0x00000000c0000000, 0x00000000c01001f0, 0x0000000100000000)
  region size 1024K, 3 young (3072K), 3 survivors (3072K)
 Metaspace       used 16710K, capacity 17594K, committed 17792K, reserved 1064960K
  class space    used 1633K, capacity 1909K, committed 1920K, reserved 1048576K
}
Event: 20.051 GC heap before
{Heap before GC invocations=3 (full 0):
 garbage-first heap   total 63488K, used 41472K [0x00000000c0000000, 0x00000000c01001f0, 0x0000000100000000)
  region size 1024K, 27 young (27648K), 3 survivors (3072K)
 Metaspace       used 20130K, capacity 21212K, committed 21296K, reserved 1069056K
  class space    used 2051K, capacity 2419K, committed 2432K, reserved 1048576K
Event: 20.063 GC heap after
Heap after GC invocations=4 (full 0):
 garbage-first heap   total 63488K, used 21504K [0x00000000c0000000, 0x00000000c01001f0, 0x0000000100000000)
  region size 1024K, 5 young (5120K), 5 survivors (5120K)
 Metaspace       used 20130K, capacity 21212K, committed 21296K, reserved 1069056K
  class space    used 2051K, capacity 2419K, committed 2432K, reserved 1048576K
}

Deoptimization events (10 events):
Event: 19.952 Thread 0x0000000019a21000 Uncommon trap: reason=range_check action=make_not_entrant pc=0x0000000002cbfa20 method=sun.reflect.generics.parser.SignatureParser.current()C @ 34
Event: 19.966 Thread 0x0000000019a21000 Uncommon trap: reason=unstable_if action=reinterpret pc=0x0000000003128e80 method=java.io.BufferedInputStream.read([BII)I @ 31
Event: 20.034 Thread 0x0000000019a21000 Uncommon trap: reason=unstable_if action=reinterpret pc=0x0000000002d0d29c method=java.util.ArrayList.indexOf(Ljava/lang/Object;)I @ 1
Event: 20.045 Thread 0x0000000019a21000 Uncommon trap: reason=unstable_if action=reinterpret pc=0x0000000002cf3434 method=java.util.ArrayList.indexOf(Ljava/lang/Object;)I @ 1
Event: 20.069 Thread 0x0000000019a21000 Uncommon trap: reason=unstable_if action=reinterpret pc=0x0000000003197510 method=sun.nio.cs.StreamDecoder.implRead([CII)I @ 71
Event: 20.070 Thread 0x0000000019a21000 Uncommon trap: reason=unstable_if action=reinterpret pc=0x000000000318cd88 method=java.nio.charset.CoderResult.isOverflow()Z @ 5
Event: 20.112 Thread 0x0000000019a21000 Uncommon trap: reason=unstable_if action=reinterpret pc=0x000000000319f4fc method=sun.nio.cs.StreamDecoder.implRead([CII)I @ 197
Event: 20.124 Thread 0x0000000019a21000 Uncommon trap: reason=unstable_if action=reinterpret pc=0x00000000031ac6ec method=sun.nio.cs.StreamDecoder.read([CII)I @ 136
Event: 20.151 Thread 0x0000000019a21000 Uncommon trap: reason=unstable_if action=reinterpret pc=0x00000000031b10a8 method=org.codehaus.plexus.util.xml.pull.MXParser.nextImpl()I @ 1046
Event: 20.178 Thread 0x0000000019a21000 Uncommon trap: reason=unstable_if action=reinterpret pc=0x00000000031b7d54 method=sun.nio.cs.StreamDecoder.implRead([CII)I @ 197

Classes redefined (0 events):
No events

Internal exceptions (10 events):
Event: 19.949 Thread 0x0000000019a21000 Exception <a 'java/lang/ArrayIndexOutOfBoundsException'> (0x00000000c2a86d38) thrown at [C:\re\workspace\8-2-build-windows-amd64-cygwin\jdk8u171\10807\hotspot\src\share\vm\runtime\sharedRuntime.cpp, line 605]
Event: 19.949 Thread 0x0000000019a21000 Exception <a 'java/lang/ArrayIndexOutOfBoundsException'> (0x00000000c2a88868) thrown at [C:\re\workspace\8-2-build-windows-amd64-cygwin\jdk8u171\10807\hotspot\src\share\vm\runtime\sharedRuntime.cpp, line 605]
Event: 19.949 Thread 0x0000000019a21000 Exception <a 'java/lang/ArrayIndexOutOfBoundsException'> (0x00000000c2a897f0) thrown at [C:\re\workspace\8-2-build-windows-amd64-cygwin\jdk8u171\10807\hotspot\src\share\vm\runtime\sharedRuntime.cpp, line 605]
Event: 19.951 Thread 0x0000000019a21000 Exception <a 'java/lang/ArrayIndexOutOfBoundsException'> (0x00000000c2a99800) thrown at [C:\re\workspace\8-2-build-windows-amd64-cygwin\jdk8u171\10807\hotspot\src\share\vm\runtime\sharedRuntime.cpp, line 605]
Event: 19.951 Thread 0x0000000019a21000 Exception <a 'java/lang/ArrayIndexOutOfBoundsException'> (0x00000000c2a9be40) thrown at [C:\re\workspace\8-2-build-windows-amd64-cygwin\jdk8u171\10807\hotspot\src\share\vm\runtime\sharedRuntime.cpp, line 605]
Event: 19.951 Thread 0x0000000019a21000 Exception <a 'java/lang/ArrayIndexOutOfBoundsException'> (0x00000000c2a9d580) thrown at [C:\re\workspace\8-2-build-windows-amd64-cygwin\jdk8u171\10807\hotspot\src\share\vm\runtime\sharedRuntime.cpp, line 605]
Event: 19.951 Thread 0x0000000019a21000 Exception <a 'java/lang/ArrayIndexOutOfBoundsException'> (0x00000000c2a9ecb8) thrown at [C:\re\workspace\8-2-build-windows-amd64-cygwin\jdk8u171\10807\hotspot\src\share\vm\runtime\sharedRuntime.cpp, line 605]
Event: 19.951 Thread 0x0000000019a21000 Exception <a 'java/lang/ArrayIndexOutOfBoundsException'> (0x00000000c2aa0008) thrown at [C:\re\workspace\8-2-build-windows-amd64-cygwin\jdk8u171\10807\hotspot\src\share\vm\runtime\sharedRuntime.cpp, line 605]
Event: 19.952 Thread 0x0000000019a21000 Exception <a 'java/lang/ArrayIndexOutOfBoundsException': 86> (0x00000000c2aa1938) thrown at [C:\re\workspace\8-2-build-windows-amd64-cygwin\jdk8u171\10807\hotspot\src\share\vm\interpreter\interpreterRuntime.cpp, line 366]
Event: 19.952 Thread 0x0000000019a21000 Exception <a 'java/lang/ArrayIndexOutOfBoundsException': 100> (0x00000000c2aa3258) thrown at [C:\re\workspace\8-2-build-windows-amd64-cygwin\jdk8u171\10807\hotspot\src\share\vm\interpreter\interpreterRuntime.cpp, line 366]

Events (10 events):
Event: 20.178 Thread 0x0000000019a21000 DEOPT PACKING pc=0x00000000031b7d54 sp=0x000000001b04ab70
Event: 20.178 Thread 0x0000000019a21000 DEOPT UNPACKING pc=0x0000000002ba583b sp=0x000000001b04a800 mode 2
Event: 20.182 Thread 0x00000000188b4000 flushing nmethod 0x0000000002c72950
Event: 20.182 Thread 0x00000000188b4000 flushing nmethod 0x0000000002ca5710
Event: 20.189 Thread 0x00000000188b4000 flushing nmethod 0x0000000002ce8590
Event: 20.191 Thread 0x00000000188b4000 flushing nmethod 0x0000000002dbadd0
Event: 20.196 Thread 0x00000000188b0000 flushing nmethod 0x0000000002f4e090
Event: 20.196 Thread 0x00000000188b0000 flushing nmethod 0x0000000002f6c010
Event: 20.197 Thread 0x00000000188b0000 flushing nmethod 0x0000000002f7c510
Event: 20.199 Thread 0x00000000188b4000 flushing nmethod 0x0000000003002910


Dynamic libraries:
0x00007ff7e7b70000 - 0x00007ff7e7ba7000 	C:\Program Files\Java\jdk1.8.0_171\bin\java.exe
0x00007ffa50c60000 - 0x00007ffa50e4d000 	C:\WINDOWS\SYSTEM32\ntdll.dll
0x00007ffa4f500000 - 0x00007ffa4f5b3000 	C:\WINDOWS\System32\KERNEL32.DLL
0x00007ffa4daa0000 - 0x00007ffa4dd33000 	C:\WINDOWS\System32\KERNELBASE.dll
0x00007ffa501b0000 - 0x00007ffa50253000 	C:\WINDOWS\System32\ADVAPI32.dll
0x00007ffa4f400000 - 0x00007ffa4f49e000 	C:\WINDOWS\System32\msvcrt.dll
0x00007ffa4ffe0000 - 0x00007ffa5007e000 	C:\WINDOWS\System32\sechost.dll
0x00007ffa50260000 - 0x00007ffa50382000 	C:\WINDOWS\System32\RPCRT4.dll
0x00007ffa50920000 - 0x00007ffa50ab7000 	C:\WINDOWS\System32\USER32.dll
0x00007ffa4d180000 - 0x00007ffa4d1a0000 	C:\WINDOWS\System32\win32u.dll
0x00007ffa4f860000 - 0x00007ffa4f889000 	C:\WINDOWS\System32\GDI32.dll
0x00007ffa4ce00000 - 0x00007ffa4cf9a000 	C:\WINDOWS\System32\gdi32full.dll
0x00007ffa4dd40000 - 0x00007ffa4dde0000 	C:\WINDOWS\System32\msvcp_win.dll
0x00007ffa4d1a0000 - 0x00007ffa4d29a000 	C:\WINDOWS\System32\ucrtbase.dll
0x00007ffa42e00000 - 0x00007ffa43079000 	C:\WINDOWS\WinSxS\amd64_microsoft.windows.common-controls_6595b64144ccf1df_6.0.17763.503_none_05b23ef40721f4ae\COMCTL32.dll
0x00007ffa50440000 - 0x00007ffa5076c000 	C:\WINDOWS\System32\combase.dll
0x00007ffa4cd30000 - 0x00007ffa4cdae000 	C:\WINDOWS\System32\bcryptPrimitives.dll
0x00007ffa4ff90000 - 0x00007ffa4ffbe000 	C:\WINDOWS\System32\IMM32.DLL
0x0000000071910000 - 0x00000000719e2000 	C:\Program Files\Java\jdk1.8.0_171\jre\bin\msvcr100.dll
0x000000006f8c0000 - 0x0000000070160000 	C:\Program Files\Java\jdk1.8.0_171\jre\bin\server\jvm.dll
0x00007ffa4f890000 - 0x00007ffa4f898000 	C:\WINDOWS\System32\PSAPI.DLL
0x00007ffa3b810000 - 0x00007ffa3b819000 	C:\WINDOWS\SYSTEM32\WSOCK32.dll
0x00007ffa4f8a0000 - 0x00007ffa4f90d000 	C:\WINDOWS\System32\WS2_32.dll
0x00007ffa430b0000 - 0x00007ffa430d4000 	C:\WINDOWS\SYSTEM32\WINMM.dll
0x00007ffa3be50000 - 0x00007ffa3be5a000 	C:\WINDOWS\SYSTEM32\VERSION.dll
0x00007ffa43080000 - 0x00007ffa430ad000 	C:\WINDOWS\SYSTEM32\WINMMBASE.dll
0x00007ffa4d9f0000 - 0x00007ffa4da3a000 	C:\WINDOWS\System32\cfgmgr32.dll
0x0000000071900000 - 0x000000007190f000 	C:\Program Files\Java\jdk1.8.0_171\jre\bin\verify.dll
0x00000000718d0000 - 0x00000000718f9000 	C:\Program Files\Java\jdk1.8.0_171\jre\bin\java.dll
0x00000000718b0000 - 0x00000000718c6000 	C:\Program Files\Java\jdk1.8.0_171\jre\bin\zip.dll
0x00007ffa4df10000 - 0x00007ffa4f400000 	C:\WINDOWS\System32\SHELL32.dll
0x00007ffa4f990000 - 0x00007ffa4fa38000 	C:\WINDOWS\System32\shcore.dll
0x00007ffa4d2a0000 - 0x00007ffa4d9ea000 	C:\WINDOWS\System32\windows.storage.dll
0x00007ffa4cd00000 - 0x00007ffa4cd24000 	C:\WINDOWS\System32\profapi.dll
0x00007ffa4cc60000 - 0x00007ffa4ccbd000 	C:\WINDOWS\System32\powrprof.dll
0x00007ffa4fec0000 - 0x00007ffa4ff12000 	C:\WINDOWS\System32\shlwapi.dll
0x00007ffa4ccc0000 - 0x00007ffa4ccd1000 	C:\WINDOWS\System32\kernel.appcore.dll
0x00007ffa4cde0000 - 0x00007ffa4cdf7000 	C:\WINDOWS\System32\cryptsp.dll
0x00007ffa4c040000 - 0x00007ffa4c073000 	C:\WINDOWS\system32\rsaenh.dll
0x00007ffa4cdb0000 - 0x00007ffa4cdd6000 	C:\WINDOWS\System32\bcrypt.dll
0x00007ffa4cb90000 - 0x00007ffa4cbb8000 	C:\WINDOWS\SYSTEM32\USERENV.dll
0x00007ffa4c650000 - 0x00007ffa4c65c000 	C:\WINDOWS\SYSTEM32\CRYPTBASE.dll
0x0000000071890000 - 0x00000000718aa000 	C:\Program Files\Java\jdk1.8.0_171\jre\bin\net.dll
0x00007ffa4c480000 - 0x00007ffa4c4e7000 	C:\WINDOWS\system32\mswsock.dll
0x00007ffa4c1e0000 - 0x00007ffa4c21d000 	C:\WINDOWS\SYSTEM32\IPHLPAPI.DLL
0x00007ffa50c20000 - 0x00007ffa50c28000 	C:\WINDOWS\System32\NSI.dll
0x00007ffa43b40000 - 0x00007ffa43b56000 	C:\WINDOWS\SYSTEM32\dhcpcsvc6.DLL
0x00007ffa444e0000 - 0x00007ffa444fc000 	C:\WINDOWS\SYSTEM32\dhcpcsvc.DLL
0x00007ffa4c220000 - 0x00007ffa4c2e6000 	C:\WINDOWS\SYSTEM32\DNSAPI.dll
0x0000000071870000 - 0x0000000071881000 	C:\Program Files\Java\jdk1.8.0_171\jre\bin\nio.dll
0x00007ffa34390000 - 0x00007ffa343b9000 	C:\Users\XNOTE\.vscode\extensions\redhat.java-0.45.0\server\config_win\org.eclipse.equinox.launcher\org.eclipse.equinox.launcher.win32.win32.x86_64_1.1.1000.v20190125-2016\eclipse_1801.dll

VM Arguments:
jvm_args: -Declipse.application=org.eclipse.jdt.ls.core.id1 -Dosgi.bundles.defaultStartLevel=4 -Declipse.product=org.eclipse.jdt.ls.core.product -Dfile.encoding=utf8 -DwatchParentProcess=false -Xverify:none -Xmx1G -XX:+UseG1GC -XX:+UseStringDeduplication 
java_command: C:\Users\XNOTE\.vscode\extensions\redhat.java-0.45.0\server\plugins\org.eclipse.equinox.launcher_1.5.400.v20190514-1658.jar -configuration C:\Users\XNOTE\.vscode\extensions\redhat.java-0.45.0\server\config_win -data c:\Users\XNOTE\AppData\Roaming\Code\User\workspaceStorage\93e8932c494c5971e4fa6186b51a1aec\redhat.java\jdt_ws
java_class_path (initial): C:\Users\XNOTE\.vscode\extensions\redhat.java-0.45.0\server\plugins\org.eclipse.equinox.launcher_1.5.400.v20190514-1658.jar
Launcher Type: SUN_STANDARD

Environment Variables:
PATH=C:\Program Files (x86)\Common Files\Oracle\Java\javapath;C:\ProgramData\Oracle\Java\javapath;C:\python27;C:\WINDOWS\system32;C:\WINDOWS;C:\WINDOWS\System32\Wbem;C:\WINDOWS\System32\WindowsPowerShell\v1.0\;C:\Program Files (x86)\Windows Live\Shared;C:\WINDOWS\System32\OpenSSH\;C:\Program Files\PuTTY\;C:\Program Files\Microsoft VS Code\bin;C:\Program Files\Git\cmd;C:\Program Files\Java\jdk1.8.0_171\bin;%USERPROFILE%\AppData\Local\Microsoft\WindowsApps;
USERNAME=¹Î¿ì
OS=Windows_NT
PROCESSOR_IDENTIFIER=Intel64 Family 6 Model 58 Stepping 9, GenuineIntel



---------------  S Y S T E M  ---------------

OS: Windows 10.0 , 64 bit Build 17763 (10.0.17763.475)

CPU:total 4 (initial active 4) (2 cores per cpu, 2 threads per core) family 6 model 58 stepping 9, cmov, cx8, fxsr, mmx, sse, sse2, sse3, ssse3, sse4.1, sse4.2, popcnt, avx, clmul, erms, ht, tsc, tscinvbit, tscinv

Memory: 4k page, physical 4024712k(492520k free), swap 5445000k(6940k free)

vm_info: Java HotSpot(TM) 64-Bit Server VM (25.171-b11) for windows-amd64 JRE (1.8.0_171-b11), built on Mar 28 2018 16:06:12 by "java_re" with MS VC++ 10.0 (VS2010)

time: Thu May 30 20:40:16 2019
elapsed time: 20 seconds (0d 0h 0m 20s)

