#
# There is insufficient memory for the Java Runtime Environment to continue.
# Native memory allocation (mmap) failed to map 126877696 bytes for Failed to commit area from 0x00000000c7900000 to 0x00000000cf200000 of length 126877696.
# Possible reasons:
#   The system is out of physical RAM or swap space
#   In 32 bit mode, the process size limit was hit
# Possible solutions:
#   Reduce memory load on the system
#   Increase physical memory or swap space
#   Check if swap backing store is full
#   Use 64 bit Java on a 64 bit OS
#   Decrease Java heap size (-Xmx/-Xms)
#   Decrease number of Java threads
#   Decrease Java thread stack sizes (-Xss)
#   Set larger code cache with -XX:ReservedCodeCacheSize=
# This output file may be truncated or incomplete.
#
#  Out of Memory Error (os_windows.cpp:3331), pid=6204, tid=0x000000000000140c
#
# JRE version: Java(TM) SE Runtime Environment (8.0_171-b11) (build 1.8.0_171-b11)
# Java VM: Java HotSpot(TM) 64-Bit Server VM (25.171-b11 mixed mode windows-amd64 compressed oops)
# Failed to write core dump. Minidumps are not enabled by default on client versions of Windows
#

---------------  T H R E A D  ---------------

Current thread (0x00000000185af800):  VMThread [stack: 0x0000000018350000,0x0000000018450000] [id=5132]

Stack: [0x0000000018350000,0x0000000018450000]
[error occurred during error reporting (printing stack bounds), id 0xc0000005]

Native frames: (J=compiled Java code, j=interpreted, Vv=VM code, C=native code)

VM_Operation (0x0000000020f9ea60): G1IncCollectionPause, mode: safepoint, requested by thread 0x000000001ef1f000


---------------  P R O C E S S  ---------------

Java Threads: ( => current thread )
  0x000000001ef1e800 JavaThread "ForkJoinPool.commonPool-worker-3" daemon [_thread_blocked, id=5632, stack(0x00000000211a0000,0x00000000212a0000)]
  0x000000001ef1f000 JavaThread "Thread-2" daemon [_thread_blocked, id=992, stack(0x0000000020ea0000,0x0000000020fa0000)]
  0x000000001ef1d800 JavaThread "ForkJoinPool.commonPool-worker-2" daemon [_thread_blocked, id=10744, stack(0x0000000020da0000,0x0000000020ea0000)]
  0x000000001ef23800 JavaThread "ForkJoinPool.commonPool-worker-1" daemon [_thread_blocked, id=14568, stack(0x0000000020ca0000,0x0000000020da0000)]
  0x000000001ef1d000 JavaThread "Worker-4" [_thread_blocked, id=16772, stack(0x00000000205a0000,0x00000000206a0000)]
  0x000000001ef20000 JavaThread "Worker-3" [_thread_blocked, id=12124, stack(0x000000001fcc0000,0x000000001fdc0000)]
  0x000000001ef22000 JavaThread "pool-1-thread-1" [_thread_in_native, id=6776, stack(0x000000001ebd0000,0x000000001ecd0000)]
  0x000000001a582800 JavaThread "Bundle File Closer" daemon [_thread_blocked, id=15568, stack(0x000000001bf30000,0x000000001c030000)]
  0x000000001a4c9000 JavaThread "Worker-2" [_thread_blocked, id=15400, stack(0x000000001be30000,0x000000001bf30000)]
  0x000000001a4c8000 JavaThread "Java indexing" daemon [_thread_blocked, id=5136, stack(0x000000001bd30000,0x000000001be30000)]
  0x000000001a0bf800 JavaThread "Worker-1" [_thread_blocked, id=7960, stack(0x000000001b830000,0x000000001b930000)]
  0x000000001a5a8800 JavaThread "Worker-0" [_thread_blocked, id=3312, stack(0x000000001b730000,0x000000001b830000)]
  0x000000001a2da800 JavaThread "Worker-JM" [_thread_blocked, id=8464, stack(0x000000001aee0000,0x000000001afe0000)]
  0x0000000019762800 JavaThread "Start Level: Equinox Container: 241ce336-c4d6-4f73-8323-e64345bb3066" daemon [_thread_blocked, id=2388, stack(0x000000001ade0000,0x000000001aee0000)]
  0x00000000197fe000 JavaThread "Framework Event Dispatcher: Equinox Container: 241ce336-c4d6-4f73-8323-e64345bb3066" daemon [_thread_blocked, id=18032, stack(0x000000001ace0000,0x000000001ade0000)]
  0x00000000194f7800 JavaThread "Active Thread: Equinox Container: 241ce336-c4d6-4f73-8323-e64345bb3066" [_thread_blocked, id=6880, stack(0x000000001abe0000,0x000000001ace0000)]
  0x00000000186e2000 JavaThread "Service Thread" daemon [_thread_blocked, id=11168, stack(0x0000000019130000,0x0000000019230000)]
  0x0000000018664000 JavaThread "C1 CompilerThread2" daemon [_thread_blocked, id=1688, stack(0x0000000019030000,0x0000000019130000)]
  0x0000000018661000 JavaThread "C2 CompilerThread1" daemon [_thread_blocked, id=6984, stack(0x0000000018f30000,0x0000000019030000)]
  0x0000000018660000 JavaThread "C2 CompilerThread0" daemon [_thread_blocked, id=10316, stack(0x0000000018e30000,0x0000000018f30000)]
  0x000000001865f000 JavaThread "Attach Listener" daemon [_thread_blocked, id=15476, stack(0x0000000018d30000,0x0000000018e30000)]
  0x0000000018647800 JavaThread "Signal Dispatcher" daemon [_thread_blocked, id=3120, stack(0x0000000018c30000,0x0000000018d30000)]
  0x0000000018646800 JavaThread "Surrogate Locker Thread (Concurrent GC)" daemon [_thread_blocked, id=7296, stack(0x0000000018b30000,0x0000000018c30000)]
  0x00000000185bb800 JavaThread "Finalizer" daemon [_thread_blocked, id=13636, stack(0x0000000018a30000,0x0000000018b30000)]
  0x00000000185b3800 JavaThread "Reference Handler" daemon [_thread_blocked, id=8036, stack(0x0000000018930000,0x0000000018a30000)]
  0x00000000027fe000 JavaThread "main" [_thread_blocked, id=6912, stack(0x00000000026c0000,0x00000000027c0000)]

Other Threads:
=>0x00000000185af800 VMThread [stack: 0x0000000018350000,0x0000000018450000] [id=5132]
  0x00000000186d7800 WatcherThread [stack: 0x0000000019230000,0x0000000019330000] [id=1400]

VM state:at safepoint (normal execution)

VM Mutex/Monitor currently owned by a thread:  ([mutex/lock_event])
[0x00000000028010d0] Threads_lock - owner thread: 0x00000000185af800
[0x0000000002800750] Heap_lock - owner thread: 0x000000001ef1f000

Heap:
 garbage-first heap   total 247808K, used 112940K [0x00000000c0000000, 0x00000000c0100790, 0x0000000100000000)
  region size 1024K, 1 young (1024K), 1 survivors (1024K)
 Metaspace       used 47969K, capacity 50802K, committed 50896K, reserved 1093632K
  class space    used 4995K, capacity 5852K, committed 5936K, reserved 1048576K

Heap Regions: (Y=young(eden), SU=young(survivor), HS=humongous(starts), HC=humongous(continues), CS=collection set, F=free, TS=gc time stamp, PTAMS=previous top-at-mark-start, NTAMS=next top-at-mark-start)
AC   0  O    TS     0 PTAMS 0x00000000c0100000 NTAMS 0x00000000c0100000 space 1024K, 100% used [0x00000000c0000000, 0x00000000c0100000)
AC   0  O    TS     0 PTAMS 0x00000000c0200000 NTAMS 0x00000000c0200000 space 1024K, 100% used [0x00000000c0100000, 0x00000000c0200000)
AC   0  O    TS     0 PTAMS 0x00000000c0300000 NTAMS 0x00000000c0300000 space 1024K, 100% used [0x00000000c0200000, 0x00000000c0300000)
AC   0  O    TS     0 PTAMS 0x00000000c0400000 NTAMS 0x00000000c0400000 space 1024K, 100% used [0x00000000c0300000, 0x00000000c0400000)
AC   0  O    TS     5 PTAMS 0x00000000c0400000 NTAMS 0x00000000c0500000 space 1024K, 100% used [0x00000000c0400000, 0x00000000c0500000)
AC   0  O    TS     0 PTAMS 0x00000000c0600000 NTAMS 0x00000000c0600000 space 1024K, 100% used [0x00000000c0500000, 0x00000000c0600000)
AC   0  O    TS     0 PTAMS 0x00000000c0700000 NTAMS 0x00000000c0700000 space 1024K, 100% used [0x00000000c0600000, 0x00000000c0700000)
AC   0  O    TS     5 PTAMS 0x00000000c0700000 NTAMS 0x00000000c0800000 space 1024K, 100% used [0x00000000c0700000, 0x00000000c0800000)
AC   0  O    TS     3 PTAMS 0x00000000c0800000 NTAMS 0x00000000c0900000 space 1024K, 100% used [0x00000000c0800000, 0x00000000c0900000)
AC   0  O    TS     0 PTAMS 0x00000000c0a00000 NTAMS 0x00000000c0a00000 space 1024K, 100% used [0x00000000c0900000, 0x00000000c0a00000)
AC   0  O    TS     0 PTAMS 0x00000000c0b00000 NTAMS 0x00000000c0b00000 space 1024K, 100% used [0x00000000c0a00000, 0x00000000c0b00000)
AC   0  O    TS     0 PTAMS 0x00000000c0c00000 NTAMS 0x00000000c0c00000 space 1024K, 100% used [0x00000000c0b00000, 0x00000000c0c00000)
AC   0  O    TS     0 PTAMS 0x00000000c0d00000 NTAMS 0x00000000c0d00000 space 1024K, 100% used [0x00000000c0c00000, 0x00000000c0d00000)
AC   0  O    TS     7 PTAMS 0x00000000c0d00000 NTAMS 0x00000000c0e00000 space 1024K, 100% used [0x00000000c0d00000, 0x00000000c0e00000)
AC   0  O    TS     0 PTAMS 0x00000000c0f00000 NTAMS 0x00000000c0f00000 space 1024K, 100% used [0x00000000c0e00000, 0x00000000c0f00000)
AC   0  O    TS     0 PTAMS 0x00000000c1000000 NTAMS 0x00000000c1000000 space 1024K, 100% used [0x00000000c0f00000, 0x00000000c1000000)
AC   0  O    TS     0 PTAMS 0x00000000c1100000 NTAMS 0x00000000c1100000 space 1024K, 100% used [0x00000000c1000000, 0x00000000c1100000)
AC   0  O    TS     0 PTAMS 0x00000000c1200000 NTAMS 0x00000000c1200000 space 1024K, 100% used [0x00000000c1100000, 0x00000000c1200000)
AC   0  O    TS     0 PTAMS 0x00000000c1300000 NTAMS 0x00000000c1300000 space 1024K, 100% used [0x00000000c1200000, 0x00000000c1300000)
AC   0  O    TS     0 PTAMS 0x00000000c1400000 NTAMS 0x00000000c1400000 space 1024K, 100% used [0x00000000c1300000, 0x00000000c1400000)
AC   0  O    TS     0 PTAMS 0x00000000c1500000 NTAMS 0x00000000c1500000 space 1024K, 100% used [0x00000000c1400000, 0x00000000c1500000)
AC   0  O    TS     0 PTAMS 0x00000000c1600000 NTAMS 0x00000000c1600000 space 1024K, 100% used [0x00000000c1500000, 0x00000000c1600000)
AC   0  O    TS     0 PTAMS 0x00000000c1700000 NTAMS 0x00000000c1700000 space 1024K, 100% used [0x00000000c1600000, 0x00000000c1700000)
AC   0  O    TS     0 PTAMS 0x00000000c1800000 NTAMS 0x00000000c1800000 space 1024K, 100% used [0x00000000c1700000, 0x00000000c1800000)
AC   0  O    TS     0 PTAMS 0x00000000c1900000 NTAMS 0x00000000c1900000 space 1024K, 100% used [0x00000000c1800000, 0x00000000c1900000)
AC   0  O    TS     5 PTAMS 0x00000000c1900000 NTAMS 0x00000000c1a00000 space 1024K, 100% used [0x00000000c1900000, 0x00000000c1a00000)
AC   0  O    TS     7 PTAMS 0x00000000c1a00000 NTAMS 0x00000000c1b00000 space 1024K, 100% used [0x00000000c1a00000, 0x00000000c1b00000)
AC   0  O    TS     0 PTAMS 0x00000000c1c00000 NTAMS 0x00000000c1c00000 space 1024K, 100% used [0x00000000c1b00000, 0x00000000c1c00000)
AC   0  O    TS     7 PTAMS 0x00000000c1c00000 NTAMS 0x00000000c1d00000 space 1024K, 100% used [0x00000000c1c00000, 0x00000000c1d00000)
AC   0  O    TS     0 PTAMS 0x00000000c1e00000 NTAMS 0x00000000c1e00000 space 1024K, 100% used [0x00000000c1d00000, 0x00000000c1e00000)
AC   0  O    TS     7 PTAMS 0x00000000c1e00000 NTAMS 0x00000000c1f00000 space 1024K, 100% used [0x00000000c1e00000, 0x00000000c1f00000)
AC   0  O    TS     7 PTAMS 0x00000000c1f00000 NTAMS 0x00000000c2000000 space 1024K, 100% used [0x00000000c1f00000, 0x00000000c2000000)
AC   0  O    TS     0 PTAMS 0x00000000c2100000 NTAMS 0x00000000c2100000 space 1024K, 100% used [0x00000000c2000000, 0x00000000c2100000)
AC   0  O    TS     0 PTAMS 0x00000000c2200000 NTAMS 0x00000000c2200000 space 1024K, 100% used [0x00000000c2100000, 0x00000000c2200000)
AC   0  O    TS     7 PTAMS 0x00000000c2200000 NTAMS 0x00000000c2300000 space 1024K, 100% used [0x00000000c2200000, 0x00000000c2300000)
AC   0  O    TS     7 PTAMS 0x00000000c2300000 NTAMS 0x00000000c2400000 space 1024K, 100% used [0x00000000c2300000, 0x00000000c2400000)
AC   0 HS    TS     0 PTAMS 0x00000000c2480010 NTAMS 0x00000000c2480010 space 1024K,  50% used [0x00000000c2400000, 0x00000000c2500000)
AC   0 HS    TS     0 PTAMS 0x00000000c264a7a0 NTAMS 0x00000000c264a7a0 space 2048K,  64% used [0x00000000c2500000, 0x00000000c2700000)
AC   0 HC    TS     0 PTAMS 0x00000000c2600000 NTAMS 0x00000000c2600000 space 1024K,  29% used [0x00000000c2600000, 0x00000000c2700000)
AC   0  O    TS     7 PTAMS 0x00000000c2700000 NTAMS 0x00000000c2800000 space 1024K, 100% used [0x00000000c2700000, 0x00000000c2800000)
AC   0  O    TS     7 PTAMS 0x00000000c2800000 NTAMS 0x00000000c2900000 space 1024K, 100% used [0x00000000c2800000, 0x00000000c2900000)
AC   0  O    TS     0 PTAMS 0x00000000c2a00000 NTAMS 0x00000000c2a00000 space 1024K, 100% used [0x00000000c2900000, 0x00000000c2a00000)
AC   0  O    TS     0 PTAMS 0x00000000c2b00000 NTAMS 0x00000000c2b00000 space 1024K, 100% used [0x00000000c2a00000, 0x00000000c2b00000)
AC   0  O    TS     7 PTAMS 0x00000000c2b00000 NTAMS 0x00000000c2c00000 space 1024K, 100% used [0x00000000c2b00000, 0x00000000c2c00000)
AC   0  O    TS     0 PTAMS 0x00000000c2c00000 NTAMS 0x00000000c2d00000 space 1024K, 100% used [0x00000000c2c00000, 0x00000000c2d00000)
AC   0  O    TS     1 PTAMS 0x00000000c2d00000 NTAMS 0x00000000c2e00000 space 1024K, 100% used [0x00000000c2d00000, 0x00000000c2e00000)
AC   0  O    TS     7 PTAMS 0x00000000c2e00000 NTAMS 0x00000000c2f00000 space 1024K, 100% used [0x00000000c2e00000, 0x00000000c2f00000)
AC   0  O    TS     3 PTAMS 0x00000000c2f00000 NTAMS 0x00000000c3000000 space 1024K, 100% used [0x00000000c2f00000, 0x00000000c3000000)
AC   0  O    TS     3 PTAMS 0x00000000c3000000 NTAMS 0x00000000c3100000 space 1024K, 100% used [0x00000000c3000000, 0x00000000c3100000)
AC   0  O    TS     3 PTAMS 0x00000000c3100000 NTAMS 0x00000000c3200000 space 1024K, 100% used [0x00000000c3100000, 0x00000000c3200000)
AC   0  O    TS     3 PTAMS 0x00000000c3200000 NTAMS 0x00000000c3300000 space 1024K, 100% used [0x00000000c3200000, 0x00000000c3300000)
AC   0  O    TS     5 PTAMS 0x00000000c3300000 NTAMS 0x00000000c3400000 space 1024K, 100% used [0x00000000c3300000, 0x00000000c3400000)
AC   0  O    TS     7 PTAMS 0x00000000c3400000 NTAMS 0x00000000c3500000 space 1024K, 100% used [0x00000000c3400000, 0x00000000c3500000)
AC   0  O    TS     7 PTAMS 0x00000000c3500000 NTAMS 0x00000000c3600000 space 1024K, 100% used [0x00000000c3500000, 0x00000000c3600000)
AC   0  O    TS     7 PTAMS 0x00000000c3600000 NTAMS 0x00000000c3700000 space 1024K, 100% used [0x00000000c3600000, 0x00000000c3700000)
AC   0  O    TS     9 PTAMS 0x00000000c3700000 NTAMS 0x00000000c3800000 space 1024K, 100% used [0x00000000c3700000, 0x00000000c3800000)
AC   0  O    TS     9 PTAMS 0x00000000c3800000 NTAMS 0x00000000c3900000 space 1024K, 100% used [0x00000000c3800000, 0x00000000c3900000)
AC   0  O    TS     9 PTAMS 0x00000000c3900000 NTAMS 0x00000000c3a00000 space 1024K, 100% used [0x00000000c3900000, 0x00000000c3a00000)
AC   0  O    TS    11 PTAMS 0x00000000c3a00000 NTAMS 0x00000000c3a00000 space 1024K, 100% used [0x00000000c3a00000, 0x00000000c3b00000)
AC   0  O    TS    11 PTAMS 0x00000000c3b00000 NTAMS 0x00000000c3b00000 space 1024K, 100% used [0x00000000c3b00000, 0x00000000c3c00000)
AC   0  O    TS    11 PTAMS 0x00000000c3c00000 NTAMS 0x00000000c3c00000 space 1024K, 100% used [0x00000000c3c00000, 0x00000000c3d00000)
AC   0  O    TS    11 PTAMS 0x00000000c3d00000 NTAMS 0x00000000c3d00000 space 1024K, 100% used [0x00000000c3d00000, 0x00000000c3e00000)
AC   0  O    TS    11 PTAMS 0x00000000c3e00000 NTAMS 0x00000000c3e00000 space 1024K, 100% used [0x00000000c3e00000, 0x00000000c3f00000)
AC   0  O    TS     9 PTAMS 0x00000000c3f00000 NTAMS 0x00000000c4000000 space 1024K, 100% used [0x00000000c3f00000, 0x00000000c4000000)
AC   0  O    TS     9 PTAMS 0x00000000c4000000 NTAMS 0x00000000c4100000 space 1024K, 100% used [0x00000000c4000000, 0x00000000c4100000)
AC   0  O    TS     9 PTAMS 0x00000000c4100000 NTAMS 0x00000000c4200000 space 1024K, 100% used [0x00000000c4100000, 0x00000000c4200000)
AC   0  O    TS     9 PTAMS 0x00000000c4200000 NTAMS 0x00000000c4300000 space 1024K, 100% used [0x00000000c4200000, 0x00000000c4300000)
AC   0  O    TS     9 PTAMS 0x00000000c4300000 NTAMS 0x00000000c4400000 space 1024K, 100% used [0x00000000c4300000, 0x00000000c4400000)
AC   0  O    TS     9 PTAMS 0x00000000c4400000 NTAMS 0x00000000c4500000 space 1024K, 100% used [0x00000000c4400000, 0x00000000c4500000)
AC   0  O    TS     9 PTAMS 0x00000000c4500000 NTAMS 0x00000000c4600000 space 1024K, 100% used [0x00000000c4500000, 0x00000000c4600000)
AC   0  O    TS    11 PTAMS 0x00000000c4600000 NTAMS 0x00000000c4680008 space 1024K, 100% used [0x00000000c4600000, 0x00000000c4700000)
AC   0  O    TS    11 PTAMS 0x00000000c4700000 NTAMS 0x00000000c4700000 space 1024K, 100% used [0x00000000c4700000, 0x00000000c4800000)
AC   0  O    TS    13 PTAMS 0x00000000c4800000 NTAMS 0x00000000c4800000 space 1024K, 100% used [0x00000000c4800000, 0x00000000c4900000)
AC   0  O    TS    13 PTAMS 0x00000000c4900000 NTAMS 0x00000000c4900000 space 1024K, 100% used [0x00000000c4900000, 0x00000000c4a00000)
AC   0  O    TS    13 PTAMS 0x00000000c4a00000 NTAMS 0x00000000c4a00000 space 1024K, 100% used [0x00000000c4a00000, 0x00000000c4b00000)
AC   0  O    TS    13 PTAMS 0x00000000c4b00000 NTAMS 0x00000000c4b00000 space 1024K, 100% used [0x00000000c4b00000, 0x00000000c4c00000)
AC   0  O    TS    13 PTAMS 0x00000000c4c00000 NTAMS 0x00000000c4c00000 space 1024K, 100% used [0x00000000c4c00000, 0x00000000c4d00000)
AC   0  O    TS    15 PTAMS 0x00000000c4d00000 NTAMS 0x00000000c4d00000 space 1024K, 100% used [0x00000000c4d00000, 0x00000000c4e00000)
AC   0  O    TS    15 PTAMS 0x00000000c4e00000 NTAMS 0x00000000c4e00000 space 1024K, 100% used [0x00000000c4e00000, 0x00000000c4f00000)
AC   0  O    TS    15 PTAMS 0x00000000c4f00000 NTAMS 0x00000000c4f00000 space 1024K, 100% used [0x00000000c4f00000, 0x00000000c5000000)
AC   0  O    TS    17 PTAMS 0x00000000c5000000 NTAMS 0x00000000c5000000 space 1024K, 100% used [0x00000000c5000000, 0x00000000c5100000)
AC   0  O    TS    17 PTAMS 0x00000000c5100000 NTAMS 0x00000000c5100000 space 1024K, 100% used [0x00000000c5100000, 0x00000000c5200000)
AC   0  O    TS    17 PTAMS 0x00000000c5200000 NTAMS 0x00000000c5200000 space 1024K, 100% used [0x00000000c5200000, 0x00000000c5300000)
AC   0  O    TS    17 PTAMS 0x00000000c5300000 NTAMS 0x00000000c5300000 space 1024K, 100% used [0x00000000c5300000, 0x00000000c5400000)
AC   0  O    TS    19 PTAMS 0x00000000c5400000 NTAMS 0x00000000c5400000 space 1024K, 100% used [0x00000000c5400000, 0x00000000c5500000)
AC   0  O    TS    19 PTAMS 0x00000000c5500000 NTAMS 0x00000000c5500000 space 1024K, 100% used [0x00000000c5500000, 0x00000000c5600000)
AC   0  O    TS    19 PTAMS 0x00000000c5600000 NTAMS 0x00000000c5600000 space 1024K, 100% used [0x00000000c5600000, 0x00000000c5700000)
AC   0  O    TS    19 PTAMS 0x00000000c5700000 NTAMS 0x00000000c5700000 space 1024K, 100% used [0x00000000c5700000, 0x00000000c5800000)
AC   0  F    TS     0 PTAMS 0x00000000c5800000 NTAMS 0x00000000c5800000 space 1024K,   0% used [0x00000000c5800000, 0x00000000c5900000)
AC   0  F    TS     0 PTAMS 0x00000000c5900000 NTAMS 0x00000000c5900000 space 1024K,   0% used [0x00000000c5900000, 0x00000000c5a00000)
AC   0  F    TS     0 PTAMS 0x00000000c5a00000 NTAMS 0x00000000c5a00000 space 1024K,   0% used [0x00000000c5a00000, 0x00000000c5b00000)
AC   0  F    TS    17 PTAMS 0x00000000c5b00000 NTAMS 0x00000000c5b00000 space 1024K,   0% used [0x00000000c5b00000, 0x00000000c5c00000)
AC   0  S CS TS    19 PTAMS 0x00000000c5c00000 NTAMS 0x00000000c5c00000 space 1024K, 100% used [0x00000000c5c00000, 0x00000000c5d00000)
AC   0  F    TS     0 PTAMS 0x00000000c5d00000 NTAMS 0x00000000c5d00000 space 1024K,   0% used [0x00000000c5d00000, 0x00000000c5e00000)
AC   0  F    TS     0 PTAMS 0x00000000c5e00000 NTAMS 0x00000000c5e00000 space 1024K,   0% used [0x00000000c5e00000, 0x00000000c5f00000)
AC   0  F    TS     0 PTAMS 0x00000000c5f00000 NTAMS 0x00000000c5f00000 space 1024K,   0% used [0x00000000c5f00000, 0x00000000c6000000)
AC   0  F    TS     0 PTAMS 0x00000000c6000000 NTAMS 0x00000000c6000000 space 1024K,   0% used [0x00000000c6000000, 0x00000000c6100000)
AC   0  F    TS     0 PTAMS 0x00000000c6100000 NTAMS 0x00000000c6100000 space 1024K,   0% used [0x00000000c6100000, 0x00000000c6200000)
AC   0 HS    TS     0 PTAMS 0x00000000c6200000 NTAMS 0x00000000c7780b98 space 22528K,  97% used [0x00000000c6200000, 0x00000000c7800000)
AC   0 HC    TS     0 PTAMS 0x00000000c6300000 NTAMS 0x00000000c6300000 space 1024K, 100% used [0x00000000c6300000, 0x00000000c6400000)
AC   0 HC    TS     0 PTAMS 0x00000000c6400000 NTAMS 0x00000000c6400000 space 1024K, 100% used [0x00000000c6400000, 0x00000000c6500000)
AC   0 HC    TS     0 PTAMS 0x00000000c6500000 NTAMS 0x00000000c6500000 space 1024K, 100% used [0x00000000c6500000, 0x00000000c6600000)
AC   0 HC    TS     0 PTAMS 0x00000000c6600000 NTAMS 0x00000000c6600000 space 1024K, 100% used [0x00000000c6600000, 0x00000000c6700000)
AC   0 HC    TS     0 PTAMS 0x00000000c6700000 NTAMS 0x00000000c6700000 space 1024K, 100% used [0x00000000c6700000, 0x00000000c6800000)
AC   0 HC    TS     0 PTAMS 0x00000000c6800000 NTAMS 0x00000000c6800000 space 1024K, 100% used [0x00000000c6800000, 0x00000000c6900000)
AC   0 HC    TS     0 PTAMS 0x00000000c6900000 NTAMS 0x00000000c6900000 space 1024K, 100% used [0x00000000c6900000, 0x00000000c6a00000)
AC   0 HC    TS     0 PTAMS 0x00000000c6a00000 NTAMS 0x00000000c6a00000 space 1024K, 100% used [0x00000000c6a00000, 0x00000000c6b00000)
AC   0 HC    TS     0 PTAMS 0x00000000c6b00000 NTAMS 0x00000000c6b00000 space 1024K, 100% used [0x00000000c6b00000, 0x00000000c6c00000)
AC   0 HC    TS     0 PTAMS 0x00000000c6c00000 NTAMS 0x00000000c6c00000 space 1024K, 100% used [0x00000000c6c00000, 0x00000000c6d00000)
AC   0 HC    TS     0 PTAMS 0x00000000c6d00000 NTAMS 0x00000000c6d00000 space 1024K, 100% used [0x00000000c6d00000, 0x00000000c6e00000)
AC   0 HC    TS     0 PTAMS 0x00000000c6e00000 NTAMS 0x00000000c6e00000 space 1024K, 100% used [0x00000000c6e00000, 0x00000000c6f00000)
AC   0 HC    TS     0 PTAMS 0x00000000c6f00000 NTAMS 0x00000000c6f00000 space 1024K, 100% used [0x00000000c6f00000, 0x00000000c7000000)
AC   0 HC    TS     0 PTAMS 0x00000000c7000000 NTAMS 0x00000000c7000000 space 1024K, 100% used [0x00000000c7000000, 0x00000000c7100000)
AC   0 HC    TS     0 PTAMS 0x00000000c7100000 NTAMS 0x00000000c7100000 space 1024K, 100% used [0x00000000c7100000, 0x00000000c7200000)
AC   0 HC    TS     0 PTAMS 0x00000000c7200000 NTAMS 0x00000000c7200000 space 1024K, 100% used [0x00000000c7200000, 0x00000000c7300000)
AC   0 HC    TS     0 PTAMS 0x00000000c7300000 NTAMS 0x00000000c7300000 space 1024K, 100% used [0x00000000c7300000, 0x00000000c7400000)
AC   0 HC    TS     0 PTAMS 0x00000000c7400000 NTAMS 0x00000000c7400000 space 1024K, 100% used [0x00000000c7400000, 0x00000000c7500000)
AC   0 HC    TS     0 PTAMS 0x00000000c7500000 NTAMS 0x00000000c7500000 space 1024K, 100% used [0x00000000c7500000, 0x00000000c7600000)
AC   0 HC    TS     0 PTAMS 0x00000000c7600000 NTAMS 0x00000000c7600000 space 1024K, 100% used [0x00000000c7600000, 0x00000000c7700000)
AC   0 HC    TS     0 PTAMS 0x00000000c7700000 NTAMS 0x00000000c7700000 space 1024K,  50% used [0x00000000c7700000, 0x00000000c7800000)
AC   0  O    TS     3 PTAMS 0x00000000c7800000 NTAMS 0x00000000c7900000 space 1024K, 100% used [0x00000000c7800000, 0x00000000c7900000)

Card table byte_map: [0x0000000012e00000,0x0000000013000000] byte_map_base: 0x0000000012800000

Marking Bits (Prev, Next): (CMBitMap*) 0x0000000002837508, (CMBitMap*) 0x0000000002837560
 Prev Bits: [0x0000000013200000, 0x0000000014200000)
 Next Bits: [0x0000000014200000, 0x0000000015200000)

Polling page: 0x0000000000730000

CodeCache: size=245760Kb used=19137Kb max_used=19162Kb free=226622Kb
 bounds [0x0000000002900000, 0x0000000003bd0000, 0x0000000011900000]
 total_blobs=5956 nmethods=5375 adapters=490
 compilation: enabled

Compilation events (10 events):
Event: 23.080 Thread 0x0000000018660000 nmethod 6147 0x0000000003bac290 code [0x0000000003bac3e0, 0x0000000003bac488]
Event: 23.080 Thread 0x0000000018660000 6146       4       com.google.gson.internal.bind.TypeAdapters$16::read (38 bytes)
Event: 23.088 Thread 0x0000000018660000 nmethod 6146 0x0000000003bb4e10 code [0x0000000003bb5080, 0x0000000003bb54d0]
Event: 23.127 Thread 0x0000000018660000 6164       4       com.google.gson.stream.JsonReader::fillBuffer (168 bytes)
Event: 23.138 Thread 0x0000000018660000 nmethod 6164 0x0000000003bb3c10 code [0x0000000003bb3d80, 0x0000000003bb4818]
Event: 23.138 Thread 0x0000000018660000 6165   !   4       java.io.StringReader::read (133 bytes)
Event: 23.145 Thread 0x0000000018660000 nmethod 6165 0x0000000003bbfcd0 code [0x0000000003bbfe20, 0x0000000003bc0538]
Event: 23.158 Thread 0x0000000018661000 nmethod 6160 0x0000000003bc5b90 code [0x0000000003bc5d20, 0x0000000003bc9828]
Event: 23.185 Thread 0x0000000018660000 6166       4       com.google.gson.internal.bind.MapTypeAdapterFactory$Adapter::read (6 bytes)
Event: 23.185 Thread 0x0000000018660000 nmethod 6166 0x0000000003514a90 code [0x0000000003514be0, 0x0000000003514c68]

GC Heap History (10 events):
Event: 23.215 GC heap after
Heap after GC invocations=33 (full 0):
 garbage-first heap   total 123904K, used 91948K [0x00000000c0000000, 0x00000000c01003c8, 0x0000000100000000)
  region size 1024K, 3 young (3072K), 3 survivors (3072K)
 Metaspace       used 47969K, capacity 50802K, committed 50896K, reserved 1093632K
  class space    used 4995K, capacity 5852K, committed 5936K, reserved 1048576K
}
Event: 23.251 GC heap before
{Heap before GC invocations=33 (full 0):
 garbage-first heap   total 123904K, used 103212K [0x00000000c0000000, 0x00000000c01003c8, 0x0000000100000000)
  region size 1024K, 14 young (14336K), 3 survivors (3072K)
 Metaspace       used 47969K, capacity 50802K, committed 50896K, reserved 1093632K
  class space    used 4995K, capacity 5852K, committed 5936K, reserved 1048576K
Event: 23.276 GC heap after
Heap after GC invocations=34 (full 0):
 garbage-first heap   total 123904K, used 98092K [0x00000000c0000000, 0x00000000c01003c8, 0x0000000100000000)
  region size 1024K, 2 young (2048K), 2 survivors (2048K)
 Metaspace       used 47969K, capacity 50802K, committed 50896K, reserved 1093632K
  class space    used 4995K, capacity 5852K, committed 5936K, reserved 1048576K
}
Event: 23.300 GC heap before
{Heap before GC invocations=34 (full 0):
 garbage-first heap   total 123904K, used 104236K [0x00000000c0000000, 0x00000000c01003c8, 0x0000000100000000)
  region size 1024K, 8 young (8192K), 2 survivors (2048K)
 Metaspace       used 47969K, capacity 50802K, committed 50896K, reserved 1093632K
  class space    used 4995K, capacity 5852K, committed 5936K, reserved 1048576K
Event: 23.318 GC heap after
Heap after GC invocations=35 (full 0):
 garbage-first heap   total 123904K, used 102188K [0x00000000c0000000, 0x00000000c01003c8, 0x0000000100000000)
  region size 1024K, 1 young (1024K), 1 survivors (1024K)
 Metaspace       used 47969K, capacity 50802K, committed 50896K, reserved 1093632K
  class space    used 4995K, capacity 5852K, committed 5936K, reserved 1048576K
}
Event: 23.337 GC heap before
{Heap before GC invocations=35 (full 0):
 garbage-first heap   total 123904K, used 107308K [0x00000000c0000000, 0x00000000c01003c8, 0x0000000100000000)
  region size 1024K, 6 young (6144K), 1 survivors (1024K)
 Metaspace       used 47969K, capacity 50802K, committed 50896K, reserved 1093632K
  class space    used 4995K, capacity 5852K, committed 5936K, reserved 1048576K
Event: 23.351 GC heap after
Heap after GC invocations=36 (full 0):
 garbage-first heap   total 123904K, used 105260K [0x00000000c0000000, 0x00000000c01003c8, 0x0000000100000000)
  region size 1024K, 1 young (1024K), 1 survivors (1024K)
 Metaspace       used 47969K, capacity 50802K, committed 50896K, reserved 1093632K
  class space    used 4995K, capacity 5852K, committed 5936K, reserved 1048576K
}
Event: 23.371 GC heap before
{Heap before GC invocations=36 (full 0):
 garbage-first heap   total 123904K, used 110380K [0x00000000c0000000, 0x00000000c01003c8, 0x0000000100000000)
  region size 1024K, 6 young (6144K), 1 survivors (1024K)
 Metaspace       used 47969K, capacity 50802K, committed 50896K, reserved 1093632K
  class space    used 4995K, capacity 5852K, committed 5936K, reserved 1048576K
Event: 23.386 GC heap after
Heap after GC invocations=37 (full 0):
 garbage-first heap   total 123904K, used 109356K [0x00000000c0000000, 0x00000000c01003c8, 0x0000000100000000)
  region size 1024K, 1 young (1024K), 1 survivors (1024K)
 Metaspace       used 47969K, capacity 50802K, committed 50896K, reserved 1093632K
  class space    used 4995K, capacity 5852K, committed 5936K, reserved 1048576K
}
Event: 23.405 GC heap before
{Heap before GC invocations=37 (full 0):
 garbage-first heap   total 123904K, used 114476K [0x00000000c0000000, 0x00000000c01003c8, 0x0000000100000000)
  region size 1024K, 6 young (6144K), 1 survivors (1024K)
 Metaspace       used 47969K, capacity 50802K, committed 50896K, reserved 1093632K
  class space    used 4995K, capacity 5852K, committed 5936K, reserved 1048576K

Deoptimization events (10 events):
Event: 20.483 Thread 0x000000001a4c9000 Uncommon trap: reason=class_check action=maybe_recompile pc=0x0000000002b33834 method=java.util.concurrent.ConcurrentHashMap.putVal(Ljava/lang/Object;Ljava/lang/Object;Z)Ljava/lang/Object; @ 192
Event: 20.484 Thread 0x000000001a4c9000 Uncommon trap: reason=class_check action=maybe_recompile pc=0x0000000002b33834 method=java.util.concurrent.ConcurrentHashMap.putVal(Ljava/lang/Object;Ljava/lang/Object;Z)Ljava/lang/Object; @ 192
Event: 20.569 Thread 0x000000001ef1d800 Uncommon trap: reason=unstable_if action=reinterpret pc=0x0000000003770008 method=java.util.regex.Pattern.closure(Ljava/util/regex/Pattern$Node;)Ljava/util/regex/Pattern$Node; @ 113
Event: 22.644 Thread 0x000000001ef1f000 Uncommon trap: reason=unstable_if action=reinterpret pc=0x0000000003515450 method=com.sun.crypto.provider.CipherBlockChaining.decrypt([BII[BI)I @ 33
Event: 22.646 Thread 0x000000001ef1f000 Uncommon trap: reason=class_check action=maybe_recompile pc=0x00000000037fdd30 method=java.util.zip.InflaterInputStream.read([BII)I @ 100
Event: 22.646 Thread 0x000000001ef1f000 Uncommon trap: reason=class_check action=maybe_recompile pc=0x00000000037fdd30 method=java.util.zip.InflaterInputStream.read([BII)I @ 100
Event: 22.646 Thread 0x000000001ef1f000 Uncommon trap: reason=class_check action=maybe_recompile pc=0x00000000037fdd30 method=java.util.zip.InflaterInputStream.read([BII)I @ 100
Event: 22.647 Thread 0x000000001ef1f000 Uncommon trap: reason=class_check action=maybe_recompile pc=0x00000000037fdd30 method=java.util.zip.InflaterInputStream.read([BII)I @ 100
Event: 22.736 Thread 0x000000001ef1f000 Uncommon trap: reason=unstable_if action=reinterpret pc=0x0000000003b9b87c method=java.util.zip.GZIPInputStream.read([BII)I @ 25
Event: 22.775 Thread 0x000000001ef1f000 Uncommon trap: reason=unstable_if action=reinterpret pc=0x0000000003659750 method=java.util.HashMap.removeNode(ILjava/lang/Object;Ljava/lang/Object;ZZ)Ljava/util/HashMap$Node; @ 71

Classes redefined (0 events):
No events

Internal exceptions (10 events):
Event: 20.346 Thread 0x000000001a4c9000 Exception <a 'java/lang/ArrayIndexOutOfBoundsException'> (0x00000000c31863e0) thrown at [C:\re\workspace\8-2-build-windows-amd64-cygwin\jdk8u171\10807\hotspot\src\share\vm\runtime\sharedRuntime.cpp, line 605]
Event: 20.472 Thread 0x000000001ef1d800 Exception <a 'java/lang/ArrayIndexOutOfBoundsException'> (0x00000000c3c9ac00) thrown at [C:\re\workspace\8-2-build-windows-amd64-cygwin\jdk8u171\10807\hotspot\src\share\vm\runtime\sharedRuntime.cpp, line 605]
Event: 20.476 Thread 0x000000001ef1d800 Exception <a 'java/lang/ArrayIndexOutOfBoundsException'> (0x00000000c3cd94a0) thrown at [C:\re\workspace\8-2-build-windows-amd64-cygwin\jdk8u171\10807\hotspot\src\share\vm\runtime\sharedRuntime.cpp, line 605]
Event: 20.476 Thread 0x000000001ef1d800 Exception <a 'java/lang/ArrayIndexOutOfBoundsException'> (0x00000000c3cd9988) thrown at [C:\re\workspace\8-2-build-windows-amd64-cygwin\jdk8u171\10807\hotspot\src\share\vm\runtime\sharedRuntime.cpp, line 605]
Event: 20.542 Thread 0x000000001a4c9000 Exception <a 'java/lang/ArrayIndexOutOfBoundsException'> (0x00000000c3bcbf20) thrown at [C:\re\workspace\8-2-build-windows-amd64-cygwin\jdk8u171\10807\hotspot\src\share\vm\runtime\sharedRuntime.cpp, line 605]
Event: 20.561 Thread 0x000000001a4c9000 Exception <a 'java/lang/ArrayIndexOutOfBoundsException'> (0x00000000c3a71dd0) thrown at [C:\re\workspace\8-2-build-windows-amd64-cygwin\jdk8u171\10807\hotspot\src\share\vm\runtime\sharedRuntime.cpp, line 605]
Event: 20.707 Thread 0x000000001ef1d800 Exception <a 'java/lang/NoSuchMethodError': java.lang.Object.lambda$and$0(Ljava/util/function/Predicate;Ljava/lang/Object;)Z> (0x00000000c386df60) thrown at [C:\re\workspace\8-2-build-windows-amd64-cygwin\jdk8u171\10807\hotspot\src\share\vm\interpreter\li
Event: 20.709 Thread 0x000000001a4c9000 Exception <a 'java/lang/ArrayIndexOutOfBoundsException'> (0x00000000c384e050) thrown at [C:\re\workspace\8-2-build-windows-amd64-cygwin\jdk8u171\10807\hotspot\src\share\vm\runtime\sharedRuntime.cpp, line 605]
Event: 20.720 Thread 0x000000001ef1d800 Exception <a 'java/lang/NoSuchMethodError': java.lang.Object.lambda$or$2(Ljava/util/function/Predicate;Ljava/lang/Object;)Z> (0x00000000c38d1150) thrown at [C:\re\workspace\8-2-build-windows-amd64-cygwin\jdk8u171\10807\hotspot\src\share\vm\interpreter\lin
Event: 20.839 Thread 0x000000001a4c9000 Exception <a 'java/lang/ArrayIndexOutOfBoundsException'> (0x00000000c3623188) thrown at [C:\re\workspace\8-2-build-windows-amd64-cygwin\jdk8u171\10807\hotspot\src\share\vm\runtime\sharedRuntime.cpp, line 605]

Events (10 events):
Event: 23.215 Executing VM operation: G1IncCollectionPause done
Event: 23.251 Executing VM operation: G1IncCollectionPause
Event: 23.276 Executing VM operation: G1IncCollectionPause done
Event: 23.299 Executing VM operation: G1IncCollectionPause
Event: 23.318 Executing VM operation: G1IncCollectionPause done
Event: 23.337 Executing VM operation: G1IncCollectionPause
Event: 23.351 Executing VM operation: G1IncCollectionPause done
Event: 23.371 Executing VM operation: G1IncCollectionPause
Event: 23.386 Executing VM operation: G1IncCollectionPause done
Event: 23.405 Executing VM operation: G1IncCollectionPause


Dynamic libraries:
0x00007ff725010000 - 0x00007ff725047000 	C:\Program Files\Java\jdk1.8.0_171\bin\java.exe
0x00007ff933b60000 - 0x00007ff933d4d000 	C:\WINDOWS\SYSTEM32\ntdll.dll
0x00007ff932220000 - 0x00007ff9322d3000 	C:\WINDOWS\System32\KERNEL32.DLL
0x00007ff930100000 - 0x00007ff930393000 	C:\WINDOWS\System32\KERNELBASE.dll
0x00007ff930d90000 - 0x00007ff930e33000 	C:\WINDOWS\System32\ADVAPI32.dll
0x00007ff9319d0000 - 0x00007ff931a6e000 	C:\WINDOWS\System32\msvcrt.dll
0x00007ff931f10000 - 0x00007ff931fae000 	C:\WINDOWS\System32\sechost.dll
0x00007ff931fc0000 - 0x00007ff9320e2000 	C:\WINDOWS\System32\RPCRT4.dll
0x00007ff931d70000 - 0x00007ff931f07000 	C:\WINDOWS\System32\USER32.dll
0x00007ff92fc50000 - 0x00007ff92fc70000 	C:\WINDOWS\System32\win32u.dll
0x00007ff9322f0000 - 0x00007ff932319000 	C:\WINDOWS\System32\GDI32.dll
0x00007ff9303a0000 - 0x00007ff93053a000 	C:\WINDOWS\System32\gdi32full.dll
0x00007ff92fe80000 - 0x00007ff92ff20000 	C:\WINDOWS\System32\msvcp_win.dll
0x00007ff930540000 - 0x00007ff93063a000 	C:\WINDOWS\System32\ucrtbase.dll
0x00007ff924040000 - 0x00007ff9242b9000 	C:\WINDOWS\WinSxS\amd64_microsoft.windows.common-controls_6595b64144ccf1df_6.0.17763.379_none_05b83be8071c94a1\COMCTL32.dll
0x00007ff931620000 - 0x00007ff93194d000 	C:\WINDOWS\System32\combase.dll
0x00007ff92fcf0000 - 0x00007ff92fd6e000 	C:\WINDOWS\System32\bcryptPrimitives.dll
0x00007ff931060000 - 0x00007ff93108e000 	C:\WINDOWS\System32\IMM32.DLL
0x000000005a180000 - 0x000000005a252000 	C:\Program Files\Java\jdk1.8.0_171\jre\bin\msvcr100.dll
0x00000000587b0000 - 0x0000000059050000 	C:\Program Files\Java\jdk1.8.0_171\jre\bin\server\jvm.dll
0x00007ff931fb0000 - 0x00007ff931fb8000 	C:\WINDOWS\System32\PSAPI.DLL
0x00007ff91dea0000 - 0x00007ff91dea9000 	C:\WINDOWS\SYSTEM32\WSOCK32.dll
0x00007ff932340000 - 0x00007ff9323ad000 	C:\WINDOWS\System32\WS2_32.dll
0x00007ff92db40000 - 0x00007ff92db64000 	C:\WINDOWS\SYSTEM32\WINMM.dll
0x00007ff91ee60000 - 0x00007ff91ee6a000 	C:\WINDOWS\SYSTEM32\VERSION.dll
0x00007ff92db10000 - 0x00007ff92db3d000 	C:\WINDOWS\SYSTEM32\WINMMBASE.dll
0x00007ff92fc70000 - 0x00007ff92fcba000 	C:\WINDOWS\System32\cfgmgr32.dll
0x000000005a170000 - 0x000000005a17f000 	C:\Program Files\Java\jdk1.8.0_171\jre\bin\verify.dll
0x000000005a140000 - 0x000000005a169000 	C:\Program Files\Java\jdk1.8.0_171\jre\bin\java.dll
0x000000005a120000 - 0x000000005a136000 	C:\Program Files\Java\jdk1.8.0_171\jre\bin\zip.dll
0x00007ff932640000 - 0x00007ff933b30000 	C:\WINDOWS\System32\SHELL32.dll
0x00007ff931090000 - 0x00007ff931138000 	C:\WINDOWS\System32\shcore.dll
0x00007ff930640000 - 0x00007ff930d8a000 	C:\WINDOWS\System32\windows.storage.dll
0x00007ff92fba0000 - 0x00007ff92fbc4000 	C:\WINDOWS\System32\profapi.dll
0x00007ff92fbd0000 - 0x00007ff92fc2d000 	C:\WINDOWS\System32\powrprof.dll
0x00007ff931d10000 - 0x00007ff931d62000 	C:\WINDOWS\System32\shlwapi.dll
0x00007ff92fb80000 - 0x00007ff92fb91000 	C:\WINDOWS\System32\kernel.appcore.dll
0x00007ff92fc30000 - 0x00007ff92fc47000 	C:\WINDOWS\System32\cryptsp.dll
0x00007ff92ef40000 - 0x00007ff92ef73000 	C:\WINDOWS\system32\rsaenh.dll
0x00007ff92fcc0000 - 0x00007ff92fce6000 	C:\WINDOWS\System32\bcrypt.dll
0x00007ff92fa60000 - 0x00007ff92fa88000 	C:\WINDOWS\SYSTEM32\USERENV.dll
0x00007ff92f550000 - 0x00007ff92f55c000 	C:\WINDOWS\SYSTEM32\CRYPTBASE.dll
0x000000005a100000 - 0x000000005a11a000 	C:\Program Files\Java\jdk1.8.0_171\jre\bin\net.dll
0x00007ff92f380000 - 0x00007ff92f3e7000 	C:\WINDOWS\system32\mswsock.dll
0x00007ff92f0e0000 - 0x00007ff92f11d000 	C:\WINDOWS\SYSTEM32\IPHLPAPI.DLL
0x00007ff9322e0000 - 0x00007ff9322e8000 	C:\WINDOWS\System32\NSI.dll
0x00007ff923940000 - 0x00007ff923956000 	C:\WINDOWS\SYSTEM32\dhcpcsvc6.DLL
0x00007ff923cf0000 - 0x00007ff923d0c000 	C:\WINDOWS\SYSTEM32\dhcpcsvc.DLL
0x00007ff92f120000 - 0x00007ff92f1e6000 	C:\WINDOWS\SYSTEM32\DNSAPI.dll
0x000000005a0e0000 - 0x000000005a0f1000 	C:\Program Files\Java\jdk1.8.0_171\jre\bin\nio.dll
0x00007ff9201b0000 - 0x00007ff9201d9000 	C:\Users\XNOTE\.vscode\extensions\redhat.java-0.43.0\server\config_win\org.eclipse.equinox.launcher\org.eclipse.equinox.launcher.win32.win32.x86_64_1.1.1000.v20190125-2016\eclipse_1801.dll
0x00007ff927550000 - 0x00007ff927561000 	C:\Users\XNOTE\.vscode\extensions\redhat.java-0.43.0\server\config_win\org.eclipse.osgi\20\0\.cp\jWinHttp-1.0.0.dll
0x00007ff9324e0000 - 0x00007ff932635000 	C:\WINDOWS\System32\ole32.dll
0x00007ff924560000 - 0x00007ff924651000 	C:\WINDOWS\SYSTEM32\WINHTTP.dll
0x000000005a0b0000 - 0x000000005a0d4000 	C:\Program Files\Java\jdk1.8.0_171\jre\bin\sunec.dll

VM Arguments:
jvm_args: -Declipse.application=org.eclipse.jdt.ls.core.id1 -Dosgi.bundles.defaultStartLevel=4 -Declipse.product=org.eclipse.jdt.ls.core.product -Dfile.encoding=utf8 -DwatchParentProcess=false -Xverify:none -Xmx1G -XX:+UseG1GC -XX:+UseStringDeduplication 
java_command: C:\Users\XNOTE\.vscode\extensions\redhat.java-0.43.0\server\plugins\org.eclipse.equinox.launcher_1.5.300.v20190213-1655.jar -configuration C:\Users\XNOTE\.vscode\extensions\redhat.java-0.43.0\server\config_win -data c:\Users\XNOTE\AppData\Roaming\Code\User\workspaceStorage\0bdfaac4224be0d618bdcf963b857abf\redhat.java\jdt_ws
java_class_path (initial): C:\Users\XNOTE\.vscode\extensions\redhat.java-0.43.0\server\plugins\org.eclipse.equinox.launcher_1.5.300.v20190213-1655.jar
Launcher Type: SUN_STANDARD

Environment Variables:
PATH=C:\Program Files (x86)\Common Files\Oracle\Java\javapath;C:\ProgramData\Oracle\Java\javapath;C:\python27;C:\WINDOWS\system32;C:\WINDOWS;C:\WINDOWS\System32\Wbem;C:\WINDOWS\System32\WindowsPowerShell\v1.0\;C:\Program Files (x86)\Windows Live\Shared;C:\WINDOWS\System32\OpenSSH\;C:\Program Files\PuTTY\;C:\Program Files\Microsoft VS Code\bin;C:\Program Files\Git\cmd;C:\Program Files\Java\jdk1.8.0_171\bin;%USERPROFILE%\AppData\Local\Microsoft\WindowsApps;
USERNAME=¹Î¿ì
OS=Windows_NT
PROCESSOR_IDENTIFIER=Intel64 Family 6 Model 58 Stepping 9, GenuineIntel



---------------  S Y S T E M  ---------------

OS: Windows 10.0 , 64 bit Build 17763 (10.0.17763.379)

CPU:total 4 (initial active 4) (2 cores per cpu, 2 threads per core) family 6 model 58 stepping 9, cmov, cx8, fxsr, mmx, sse, sse2, sse3, ssse3, sse4.1, sse4.2, popcnt, avx, clmul, erms, ht, tsc, tscinvbit, tscinv

Memory: 4k page, physical 4024712k(865268k free), swap 5445000k(21948k free)

vm_info: Java HotSpot(TM) 64-Bit Server VM (25.171-b11) for windows-amd64 JRE (1.8.0_171-b11), built on Mar 28 2018 16:06:12 by "java_re" with MS VC++ 10.0 (VS2010)

time: Thu May 02 03:53:12 2019
elapsed time: 23 seconds (0d 0h 0m 23s)

