#
# There is insufficient memory for the Java Runtime Environment to continue.
# Native memory allocation (malloc) failed to allocate 878736 bytes for Chunk::new
# Possible reasons:
#   The system is out of physical RAM or swap space
#   In 32 bit mode, the process size limit was hit
# Possible solutions:
#   Reduce memory load on the system
#   Increase physical memory or swap space
#   Check if swap backing store is full
#   Use 64 bit Java on a 64 bit OS
#   Decrease Java heap size (-Xmx/-Xms)
#   Decrease number of Java threads
#   Decrease Java thread stack sizes (-Xss)
#   Set larger code cache with -XX:ReservedCodeCacheSize=
# This output file may be truncated or incomplete.
#
#  Out of Memory Error (allocation.cpp:390), pid=3196, tid=0x0000000000002cd8
#
# JRE version: Java(TM) SE Runtime Environment (8.0_171-b11) (build 1.8.0_171-b11)
# Java VM: Java HotSpot(TM) 64-Bit Server VM (25.171-b11 mixed mode windows-amd64 compressed oops)
# Failed to write core dump. Minidumps are not enabled by default on client versions of Windows
#

---------------  T H R E A D  ---------------

Current thread (0x00000000186b0000):  JavaThread "C2 CompilerThread0" daemon [_thread_in_native, id=11480, stack(0x0000000018e80000,0x0000000018f80000)]

Stack: [0x0000000018e80000,0x0000000018f80000]
[error occurred during error reporting (printing stack bounds), id 0xc0000005]

Native frames: (J=compiled Java code, j=interpreted, Vv=VM code, C=native code)


Current CompileTask:
C2:   8585 2660   !   4       java.util.jar.Attributes::read (380 bytes)


---------------  P R O C E S S  ---------------

Java Threads: ( => current thread )
  0x0000000019e97800 JavaThread "Bundle File Closer" daemon [_thread_blocked, id=11408, stack(0x000000001cfe0000,0x000000001d0e0000)]
  0x0000000019d4c000 JavaThread "Java indexing" daemon [_thread_blocked, id=17376, stack(0x000000001cee0000,0x000000001cfe0000)]
  0x000000001a771800 JavaThread "Worker-2" [_thread_blocked, id=18320, stack(0x000000001cde0000,0x000000001cee0000)]
  0x000000001a28e800 JavaThread "Worker-1: Refreshing workspace" [_thread_blocked, id=18120, stack(0x000000001cae0000,0x000000001cbe0000)]
  0x000000001b9b6000 JavaThread "Worker-0: Updating workspace" [_thread_blocked, id=18216, stack(0x000000001c7e0000,0x000000001c8e0000)]
  0x000000001a11e000 JavaThread "Worker-JM" [_thread_blocked, id=7252, stack(0x000000001b2a0000,0x000000001b3a0000)]
  0x000000001a053000 JavaThread "Start Level: Equinox Container: 405326f2-1dca-45b0-a7f1-27279ee64d72" daemon [_thread_in_Java, id=8676, stack(0x000000001ad70000,0x000000001ae70000)]
  0x0000000019dea000 JavaThread "Framework Event Dispatcher: Equinox Container: 405326f2-1dca-45b0-a7f1-27279ee64d72" daemon [_thread_blocked, id=4504, stack(0x000000001ac70000,0x000000001ad70000)]
  0x0000000019a28800 JavaThread "Active Thread: Equinox Container: 405326f2-1dca-45b0-a7f1-27279ee64d72" [_thread_blocked, id=6200, stack(0x000000001ab70000,0x000000001ac70000)]
  0x0000000018721000 JavaThread "Service Thread" daemon [_thread_blocked, id=17420, stack(0x0000000019180000,0x0000000019280000)]
  0x00000000186b4000 JavaThread "C1 CompilerThread2" daemon [_thread_blocked, id=15648, stack(0x0000000019080000,0x0000000019180000)]
  0x00000000186b1000 JavaThread "C2 CompilerThread1" daemon [_thread_in_native, id=12548, stack(0x0000000018f80000,0x0000000019080000)]
=>0x00000000186b0000 JavaThread "C2 CompilerThread0" daemon [_thread_in_native, id=11480, stack(0x0000000018e80000,0x0000000018f80000)]
  0x00000000186af000 JavaThread "Attach Listener" daemon [_thread_blocked, id=16364, stack(0x0000000018d80000,0x0000000018e80000)]
  0x0000000018697800 JavaThread "Signal Dispatcher" daemon [_thread_blocked, id=14184, stack(0x0000000018c80000,0x0000000018d80000)]
  0x0000000018696800 JavaThread "Surrogate Locker Thread (Concurrent GC)" daemon [_thread_blocked, id=1048, stack(0x0000000018b80000,0x0000000018c80000)]
  0x0000000018604000 JavaThread "Finalizer" daemon [_thread_blocked, id=13824, stack(0x0000000018a80000,0x0000000018b80000)]
  0x0000000018602800 JavaThread "Reference Handler" daemon [_thread_blocked, id=17152, stack(0x0000000018980000,0x0000000018a80000)]
  0x000000000275e000 JavaThread "main" [_thread_blocked, id=15204, stack(0x0000000002760000,0x0000000002860000)]

Other Threads:
  0x00000000185ff000 VMThread [stack: 0x00000000183a0000,0x00000000184a0000] [id=8052]
  0x0000000018733800 WatcherThread [stack: 0x0000000019280000,0x0000000019380000] [id=16196]

VM state:not at safepoint (normal execution)

VM Mutex/Monitor currently owned by a thread: None

Heap:
 garbage-first heap   total 63488K, used 39424K [0x00000000c0000000, 0x00000000c01001f0, 0x0000000100000000)
  region size 1024K, 24 young (24576K), 1 survivors (1024K)
 Metaspace       used 25544K, capacity 26828K, committed 27008K, reserved 1073152K
  class space    used 2764K, capacity 3112K, committed 3200K, reserved 1048576K

Heap Regions: (Y=young(eden), SU=young(survivor), HS=humongous(starts), HC=humongous(continues), CS=collection set, F=free, TS=gc time stamp, PTAMS=previous top-at-mark-start, NTAMS=next top-at-mark-start)
AC   0  O    TS     0 PTAMS 0x00000000c0100000 NTAMS 0x00000000c0100000 space 1024K, 100% used [0x00000000c0000000, 0x00000000c0100000)
AC   0  O    TS     0 PTAMS 0x00000000c0200000 NTAMS 0x00000000c0200000 space 1024K, 100% used [0x00000000c0100000, 0x00000000c0200000)
AC   0  O    TS     0 PTAMS 0x00000000c0300000 NTAMS 0x00000000c0300000 space 1024K, 100% used [0x00000000c0200000, 0x00000000c0300000)
AC   0  F    TS     0 PTAMS 0x00000000c0300000 NTAMS 0x00000000c0300000 space 1024K,   0% used [0x00000000c0300000, 0x00000000c0400000)
AC   0  F    TS     0 PTAMS 0x00000000c0400000 NTAMS 0x00000000c0400000 space 1024K,   0% used [0x00000000c0400000, 0x00000000c0500000)
AC   0  F    TS     0 PTAMS 0x00000000c0500000 NTAMS 0x00000000c0500000 space 1024K,   0% used [0x00000000c0500000, 0x00000000c0600000)
AC   0  O    TS     0 PTAMS 0x00000000c0700000 NTAMS 0x00000000c0700000 space 1024K, 100% used [0x00000000c0600000, 0x00000000c0700000)
AC   0  O    TS     0 PTAMS 0x00000000c0800000 NTAMS 0x00000000c0800000 space 1024K, 100% used [0x00000000c0700000, 0x00000000c0800000)
AC   0  O    TS     0 PTAMS 0x00000000c0900000 NTAMS 0x00000000c0900000 space 1024K, 100% used [0x00000000c0800000, 0x00000000c0900000)
AC   0  F    TS     0 PTAMS 0x00000000c0900000 NTAMS 0x00000000c0900000 space 1024K,   0% used [0x00000000c0900000, 0x00000000c0a00000)
AC   0  O    TS     1 PTAMS 0x00000000c0a00000 NTAMS 0x00000000c0a00000 space 1024K, 100% used [0x00000000c0a00000, 0x00000000c0b00000)
AC   0  O    TS     1 PTAMS 0x00000000c0b00000 NTAMS 0x00000000c0b00000 space 1024K, 100% used [0x00000000c0b00000, 0x00000000c0c00000)
AC   0  O    TS     1 PTAMS 0x00000000c0c00000 NTAMS 0x00000000c0c00000 space 1024K, 100% used [0x00000000c0c00000, 0x00000000c0d00000)
AC   0  O    TS     1 PTAMS 0x00000000c0d00000 NTAMS 0x00000000c0d00000 space 1024K, 100% used [0x00000000c0d00000, 0x00000000c0e00000)
AC   0  O    TS     0 PTAMS 0x00000000c0f00000 NTAMS 0x00000000c0f00000 space 1024K, 100% used [0x00000000c0e00000, 0x00000000c0f00000)
AC   0  O    TS     3 PTAMS 0x00000000c0f00000 NTAMS 0x00000000c0f00000 space 1024K, 100% used [0x00000000c0f00000, 0x00000000c1000000)
AC   0  O    TS     3 PTAMS 0x00000000c1000000 NTAMS 0x00000000c1000000 space 1024K, 100% used [0x00000000c1000000, 0x00000000c1100000)
AC   0  O    TS     3 PTAMS 0x00000000c1100000 NTAMS 0x00000000c1100000 space 1024K, 100% used [0x00000000c1100000, 0x00000000c1200000)
AC   0  O    TS     3 PTAMS 0x00000000c1200000 NTAMS 0x00000000c1200000 space 1024K, 100% used [0x00000000c1200000, 0x00000000c1300000)
AC   0  O    TS     3 PTAMS 0x00000000c1300000 NTAMS 0x00000000c1300000 space 1024K,  50% used [0x00000000c1300000, 0x00000000c1400000)
AC   0  F    TS     0 PTAMS 0x00000000c1400000 NTAMS 0x00000000c1400000 space 1024K,   0% used [0x00000000c1400000, 0x00000000c1500000)
AC   0  F    TS     0 PTAMS 0x00000000c1500000 NTAMS 0x00000000c1500000 space 1024K,   0% used [0x00000000c1500000, 0x00000000c1600000)
AC   0  F    TS     1 PTAMS 0x00000000c1600000 NTAMS 0x00000000c1600000 space 1024K,   0% used [0x00000000c1600000, 0x00000000c1700000)
AC   0  F    TS     1 PTAMS 0x00000000c1700000 NTAMS 0x00000000c1700000 space 1024K,   0% used [0x00000000c1700000, 0x00000000c1800000)
AC   0  F    TS     1 PTAMS 0x00000000c1800000 NTAMS 0x00000000c1800000 space 1024K,   0% used [0x00000000c1800000, 0x00000000c1900000)
AC   0  F    TS     1 PTAMS 0x00000000c1900000 NTAMS 0x00000000c1900000 space 1024K,   0% used [0x00000000c1900000, 0x00000000c1a00000)
AC   0  F    TS     1 PTAMS 0x00000000c1a00000 NTAMS 0x00000000c1a00000 space 1024K,   0% used [0x00000000c1a00000, 0x00000000c1b00000)
AC   0  F    TS     0 PTAMS 0x00000000c1b00000 NTAMS 0x00000000c1b00000 space 1024K,   0% used [0x00000000c1b00000, 0x00000000c1c00000)
AC   0  F    TS     0 PTAMS 0x00000000c1c00000 NTAMS 0x00000000c1c00000 space 1024K,   0% used [0x00000000c1c00000, 0x00000000c1d00000)
AC   0  F    TS     0 PTAMS 0x00000000c1d00000 NTAMS 0x00000000c1d00000 space 1024K,   0% used [0x00000000c1d00000, 0x00000000c1e00000)
AC   0  F    TS     0 PTAMS 0x00000000c1e00000 NTAMS 0x00000000c1e00000 space 1024K,   0% used [0x00000000c1e00000, 0x00000000c1f00000)
AC   0  F    TS     0 PTAMS 0x00000000c1f00000 NTAMS 0x00000000c1f00000 space 1024K,   0% used [0x00000000c1f00000, 0x00000000c2000000)
AC   0  F    TS     0 PTAMS 0x00000000c2000000 NTAMS 0x00000000c2000000 space 1024K,   0% used [0x00000000c2000000, 0x00000000c2100000)
AC   0  F    TS     0 PTAMS 0x00000000c2100000 NTAMS 0x00000000c2100000 space 1024K,   0% used [0x00000000c2100000, 0x00000000c2200000)
AC   0  F    TS     0 PTAMS 0x00000000c2200000 NTAMS 0x00000000c2200000 space 1024K,   0% used [0x00000000c2200000, 0x00000000c2300000)
AC   0  F    TS     0 PTAMS 0x00000000c2300000 NTAMS 0x00000000c2300000 space 1024K,   0% used [0x00000000c2300000, 0x00000000c2400000)
AC   0  F    TS     0 PTAMS 0x00000000c2400000 NTAMS 0x00000000c2400000 space 1024K,   0% used [0x00000000c2400000, 0x00000000c2500000)
AC   0  F    TS     0 PTAMS 0x00000000c2500000 NTAMS 0x00000000c2500000 space 1024K,   0% used [0x00000000c2500000, 0x00000000c2600000)
AC   0  E    TS     0 PTAMS 0x00000000c2600000 NTAMS 0x00000000c2600000 space 1024K,   8% used [0x00000000c2600000, 0x00000000c2700000)
AC   0  E CS TS     0 PTAMS 0x00000000c2700000 NTAMS 0x00000000c2700000 space 1024K, 100% used [0x00000000c2700000, 0x00000000c2800000)
AC   0  E CS TS     0 PTAMS 0x00000000c2800000 NTAMS 0x00000000c2800000 space 1024K, 100% used [0x00000000c2800000, 0x00000000c2900000)
AC   0  E CS TS     0 PTAMS 0x00000000c2900000 NTAMS 0x00000000c2900000 space 1024K, 100% used [0x00000000c2900000, 0x00000000c2a00000)
AC   0  E CS TS     0 PTAMS 0x00000000c2a00000 NTAMS 0x00000000c2a00000 space 1024K, 100% used [0x00000000c2a00000, 0x00000000c2b00000)
AC   0  E CS TS     0 PTAMS 0x00000000c2b00000 NTAMS 0x00000000c2b00000 space 1024K, 100% used [0x00000000c2b00000, 0x00000000c2c00000)
AC   0  E CS TS     0 PTAMS 0x00000000c2c00000 NTAMS 0x00000000c2c00000 space 1024K, 100% used [0x00000000c2c00000, 0x00000000c2d00000)
AC   0  E CS TS     0 PTAMS 0x00000000c2d00000 NTAMS 0x00000000c2d00000 space 1024K, 100% used [0x00000000c2d00000, 0x00000000c2e00000)
AC   0  E CS TS     0 PTAMS 0x00000000c2e00000 NTAMS 0x00000000c2e00000 space 1024K, 100% used [0x00000000c2e00000, 0x00000000c2f00000)
AC   0  E CS TS     0 PTAMS 0x00000000c2f00000 NTAMS 0x00000000c2f00000 space 1024K, 100% used [0x00000000c2f00000, 0x00000000c3000000)
AC   0  E CS TS     0 PTAMS 0x00000000c3000000 NTAMS 0x00000000c3000000 space 1024K, 100% used [0x00000000c3000000, 0x00000000c3100000)
AC   0  E CS TS     0 PTAMS 0x00000000c3100000 NTAMS 0x00000000c3100000 space 1024K, 100% used [0x00000000c3100000, 0x00000000c3200000)
AC   0  E CS TS     0 PTAMS 0x00000000c3200000 NTAMS 0x00000000c3200000 space 1024K, 100% used [0x00000000c3200000, 0x00000000c3300000)
AC   0  E CS TS     0 PTAMS 0x00000000c3300000 NTAMS 0x00000000c3300000 space 1024K, 100% used [0x00000000c3300000, 0x00000000c3400000)
AC   0  E CS TS     0 PTAMS 0x00000000c3400000 NTAMS 0x00000000c3400000 space 1024K, 100% used [0x00000000c3400000, 0x00000000c3500000)
AC   0  E CS TS     0 PTAMS 0x00000000c3500000 NTAMS 0x00000000c3500000 space 1024K, 100% used [0x00000000c3500000, 0x00000000c3600000)
AC   0  E CS TS     0 PTAMS 0x00000000c3600000 NTAMS 0x00000000c3600000 space 1024K, 100% used [0x00000000c3600000, 0x00000000c3700000)
AC   0  E CS TS     0 PTAMS 0x00000000c3700000 NTAMS 0x00000000c3700000 space 1024K, 100% used [0x00000000c3700000, 0x00000000c3800000)
AC   0  E CS TS     0 PTAMS 0x00000000c3800000 NTAMS 0x00000000c3800000 space 1024K, 100% used [0x00000000c3800000, 0x00000000c3900000)
AC   0  E CS TS     0 PTAMS 0x00000000c3900000 NTAMS 0x00000000c3900000 space 1024K, 100% used [0x00000000c3900000, 0x00000000c3a00000)
AC   0  E CS TS     0 PTAMS 0x00000000c3a00000 NTAMS 0x00000000c3a00000 space 1024K, 100% used [0x00000000c3a00000, 0x00000000c3b00000)
AC   0  E CS TS     0 PTAMS 0x00000000c3b00000 NTAMS 0x00000000c3b00000 space 1024K, 100% used [0x00000000c3b00000, 0x00000000c3c00000)
AC   0  S CS TS     3 PTAMS 0x00000000c3c00000 NTAMS 0x00000000c3c00000 space 1024K, 100% used [0x00000000c3c00000, 0x00000000c3d00000)
AC   0  E CS TS     0 PTAMS 0x00000000c3d00000 NTAMS 0x00000000c3d00000 space 1024K, 100% used [0x00000000c3d00000, 0x00000000c3e00000)

Card table byte_map: [0x0000000012e60000,0x0000000013060000] byte_map_base: 0x0000000012860000

Marking Bits (Prev, Next): (CMBitMap*) 0x0000000002898a00, (CMBitMap*) 0x00000000028989a8
 Prev Bits: [0x0000000014260000, 0x0000000015260000)
 Next Bits: [0x0000000013260000, 0x0000000014260000)

Polling page: 0x0000000000980000

CodeCache: size=245760Kb used=8915Kb max_used=8915Kb free=236844Kb
 bounds [0x0000000002960000, 0x0000000003230000, 0x0000000011960000]
 total_blobs=2966 nmethods=2498 adapters=379
 compilation: enabled

Compilation events (10 events):
Event: 8.557 Thread 0x00000000186b4000 2733   !   3       org.eclipse.osgi.internal.loader.BundleLoaderSources::getPackageSource (60 bytes)
Event: 8.558 Thread 0x00000000186b4000 nmethod 2733 0x0000000002d438d0 code [0x0000000002d43aa0, 0x0000000002d44408]
Event: 8.558 Thread 0x00000000186b4000 2731       3       org.eclipse.sisu.plexus.PlexusTypeRegistry::addComponent (240 bytes)
Event: 8.562 Thread 0x00000000186b4000 nmethod 2731 0x0000000003220bd0 code [0x0000000003221060, 0x0000000003223bc8]
Event: 8.562 Thread 0x00000000186b4000 2734  s    3       java.io.BufferedInputStream::read (113 bytes)
Event: 8.562 Thread 0x00000000186b1000 nmethod 2714 0x0000000002b59c50 code [0x0000000002b59e40, 0x0000000002b5a7c0]
Event: 8.562 Thread 0x00000000186b1000 2708   !   4       sun.nio.cs.StreamDecoder::read (196 bytes)
Event: 8.563 Thread 0x00000000186b4000 nmethod 2734 0x0000000002b5c510 code [0x0000000002b5c6e0, 0x0000000002b5d058]
Event: 8.569 Thread 0x00000000186b4000 2735       3       org.codehaus.plexus.util.xml.pull.MXParser::skipSubTree (41 bytes)
Event: 8.569 Thread 0x00000000186b4000 nmethod 2735 0x0000000002b43d90 code [0x0000000002b43f20, 0x0000000002b442b8]

GC Heap History (10 events):
Event: 5.058 GC heap before
{Heap before GC invocations=1 (full 0):
 garbage-first heap   total 63488K, used 19856K [0x00000000c0000000, 0x00000000c01001f0, 0x0000000100000000)
  region size 1024K, 18 young (18432K), 2 survivors (2048K)
 Metaspace       used 9851K, capacity 10142K, committed 10368K, reserved 1058816K
  class space    used 1023K, capacity 1099K, committed 1152K, reserved 1048576K
Event: 5.074 GC heap after
Heap after GC invocations=2 (full 0):
 garbage-first heap   total 63488K, used 9209K [0x00000000c0000000, 0x00000000c01001f0, 0x0000000100000000)
  region size 1024K, 3 young (3072K), 3 survivors (3072K)
 Metaspace       used 9851K, capacity 10142K, committed 10368K, reserved 1058816K
  class space    used 1023K, capacity 1099K, committed 1152K, reserved 1048576K
}
Event: 6.145 GC heap before
{Heap before GC invocations=2 (full 0):
 garbage-first heap   total 63488K, used 30713K [0x00000000c0000000, 0x00000000c01001f0, 0x0000000100000000)
  region size 1024K, 24 young (24576K), 3 survivors (3072K)
 Metaspace       used 17239K, capacity 18194K, committed 18432K, reserved 1064960K
  class space    used 1699K, capacity 1977K, committed 2048K, reserved 1048576K
Event: 6.168 GC heap after
Heap after GC invocations=3 (full 0):
 garbage-first heap   total 63488K, used 17408K [0x00000000c0000000, 0x00000000c01001f0, 0x0000000100000000)
  region size 1024K, 3 young (3072K), 3 survivors (3072K)
 Metaspace       used 17239K, capacity 18194K, committed 18432K, reserved 1064960K
  class space    used 1699K, capacity 1977K, committed 2048K, reserved 1048576K
}
Event: 6.789 GC heap before
{Heap before GC invocations=3 (full 0):
 garbage-first heap   total 63488K, used 38912K [0x00000000c0000000, 0x00000000c01001f0, 0x0000000100000000)
  region size 1024K, 25 young (25600K), 3 survivors (3072K)
 Metaspace       used 19986K, capacity 21048K, committed 21296K, reserved 1069056K
  class space    used 2028K, capacity 2362K, committed 2432K, reserved 1048576K
Event: 6.800 GC heap after
Heap after GC invocations=4 (full 0):
 garbage-first heap   total 63488K, used 20480K [0x00000000c0000000, 0x00000000c01001f0, 0x0000000100000000)
  region size 1024K, 5 young (5120K), 5 survivors (5120K)
 Metaspace       used 19986K, capacity 21048K, committed 21296K, reserved 1069056K
  class space    used 2028K, capacity 2362K, committed 2432K, reserved 1048576K
}
Event: 7.854 GC heap before
{Heap before GC invocations=5 (full 0):
 garbage-first heap   total 63488K, used 47104K [0x00000000c0000000, 0x00000000c01001f0, 0x0000000100000000)
  region size 1024K, 35 young (35840K), 5 survivors (5120K)
 Metaspace       used 23481K, capacity 24520K, committed 24832K, reserved 1071104K
  class space    used 2480K, capacity 2791K, committed 2816K, reserved 1048576K
Event: 7.868 GC heap after
Heap after GC invocations=6 (full 0):
 garbage-first heap   total 63488K, used 20972K [0x00000000c0000000, 0x00000000c01001f0, 0x0000000100000000)
  region size 1024K, 5 young (5120K), 5 survivors (5120K)
 Metaspace       used 23481K, capacity 24520K, committed 24832K, reserved 1071104K
  class space    used 2480K, capacity 2791K, committed 2816K, reserved 1048576K
}
Event: 7.904 GC heap before
{Heap before GC invocations=6 (full 0):
 garbage-first heap   total 63488K, used 21996K [0x00000000c0000000, 0x00000000c01001f0, 0x0000000100000000)
  region size 1024K, 6 young (6144K), 5 survivors (5120K)
 Metaspace       used 23660K, capacity 24712K, committed 24960K, reserved 1071104K
  class space    used 2503K, capacity 2855K, committed 2944K, reserved 1048576K
Event: 7.914 GC heap after
Heap after GC invocations=7 (full 0):
 garbage-first heap   total 63488K, used 16896K [0x00000000c0000000, 0x00000000c01001f0, 0x0000000100000000)
  region size 1024K, 1 young (1024K), 1 survivors (1024K)
 Metaspace       used 23660K, capacity 24712K, committed 24960K, reserved 1071104K
  class space    used 2503K, capacity 2855K, committed 2944K, reserved 1048576K
}

Deoptimization events (10 events):
Event: 7.317 Thread 0x000000001a053000 Uncommon trap: reason=unstable_if action=reinterpret pc=0x00000000030428e8 method=sun.nio.cs.StreamDecoder.implRead([CII)I @ 197
Event: 7.448 Thread 0x000000001a053000 Uncommon trap: reason=class_check action=maybe_recompile pc=0x0000000002f1ec30 method=java.io.FilterInputStream.read()I @ 4
Event: 7.468 Thread 0x000000001a053000 Uncommon trap: reason=class_check action=maybe_recompile pc=0x0000000002f1ec30 method=java.io.FilterInputStream.read()I @ 4
Event: 7.472 Thread 0x000000001a053000 Uncommon trap: reason=class_check action=maybe_recompile pc=0x0000000002f1ec30 method=java.io.FilterInputStream.read()I @ 4
Event: 7.474 Thread 0x000000001a053000 Uncommon trap: reason=class_check action=maybe_recompile pc=0x0000000002f1ec30 method=java.io.FilterInputStream.read()I @ 4
Event: 7.502 Thread 0x000000001a053000 Uncommon trap: reason=range_check action=make_not_entrant pc=0x0000000002feeda0 method=sun.reflect.generics.parser.SignatureParser.current()C @ 34
Event: 7.502 Thread 0x000000001a053000 Uncommon trap: reason=class_check action=maybe_recompile pc=0x0000000002e0f630 method=java.util.HashMap.putVal(ILjava/lang/Object;Ljava/lang/Object;ZZ)Ljava/lang/Object; @ 203
Event: 7.522 Thread 0x000000001a053000 Uncommon trap: reason=class_check action=maybe_recompile pc=0x0000000002e0f630 method=java.util.HashMap.putVal(ILjava/lang/Object;Ljava/lang/Object;ZZ)Ljava/lang/Object; @ 203
Event: 7.589 Thread 0x000000001a053000 Uncommon trap: reason=class_check action=maybe_recompile pc=0x0000000002e0f630 method=java.util.HashMap.putVal(ILjava/lang/Object;Ljava/lang/Object;ZZ)Ljava/lang/Object; @ 203
Event: 8.139 Thread 0x000000001a053000 Uncommon trap: reason=class_check action=maybe_recompile pc=0x0000000002e0f630 method=java.util.HashMap.putVal(ILjava/lang/Object;Ljava/lang/Object;ZZ)Ljava/lang/Object; @ 203

Classes redefined (0 events):
No events

Internal exceptions (10 events):
Event: 7.492 Thread 0x000000001a053000 Exception <a 'java/lang/ArrayIndexOutOfBoundsException'> (0x00000000c2e19fa0) thrown at [C:\re\workspace\8-2-build-windows-amd64-cygwin\jdk8u171\10807\hotspot\src\share\vm\runtime\sharedRuntime.cpp, line 605]
Event: 7.492 Thread 0x000000001a053000 Exception <a 'java/lang/ArrayIndexOutOfBoundsException'> (0x00000000c2e1b978) thrown at [C:\re\workspace\8-2-build-windows-amd64-cygwin\jdk8u171\10807\hotspot\src\share\vm\runtime\sharedRuntime.cpp, line 605]
Event: 7.493 Thread 0x000000001a053000 Exception <a 'java/lang/ArrayIndexOutOfBoundsException'> (0x00000000c2e1d4f8) thrown at [C:\re\workspace\8-2-build-windows-amd64-cygwin\jdk8u171\10807\hotspot\src\share\vm\runtime\sharedRuntime.cpp, line 605]
Event: 7.493 Thread 0x000000001a053000 Exception <a 'java/lang/ArrayIndexOutOfBoundsException'> (0x00000000c2e1e698) thrown at [C:\re\workspace\8-2-build-windows-amd64-cygwin\jdk8u171\10807\hotspot\src\share\vm\runtime\sharedRuntime.cpp, line 605]
Event: 7.493 Thread 0x000000001a053000 Exception <a 'java/lang/ArrayIndexOutOfBoundsException'> (0x00000000c2e20050) thrown at [C:\re\workspace\8-2-build-windows-amd64-cygwin\jdk8u171\10807\hotspot\src\share\vm\runtime\sharedRuntime.cpp, line 605]
Event: 7.493 Thread 0x000000001a053000 Exception <a 'java/lang/ArrayIndexOutOfBoundsException'> (0x00000000c2e21878) thrown at [C:\re\workspace\8-2-build-windows-amd64-cygwin\jdk8u171\10807\hotspot\src\share\vm\runtime\sharedRuntime.cpp, line 605]
Event: 7.502 Thread 0x000000001a053000 Exception <a 'java/lang/ArrayIndexOutOfBoundsException': 66> (0x00000000c2e44480) thrown at [C:\re\workspace\8-2-build-windows-amd64-cygwin\jdk8u171\10807\hotspot\src\share\vm\interpreter\interpreterRuntime.cpp, line 366]
Event: 7.504 Thread 0x000000001a053000 Exception <a 'java/lang/ArrayIndexOutOfBoundsException': 85> (0x00000000c2e46928) thrown at [C:\re\workspace\8-2-build-windows-amd64-cygwin\jdk8u171\10807\hotspot\src\share\vm\interpreter\interpreterRuntime.cpp, line 366]
Event: 7.505 Thread 0x000000001a053000 Exception <a 'java/lang/ArrayIndexOutOfBoundsException': 79> (0x00000000c2e48100) thrown at [C:\re\workspace\8-2-build-windows-amd64-cygwin\jdk8u171\10807\hotspot\src\share\vm\interpreter\interpreterRuntime.cpp, line 366]
Event: 7.505 Thread 0x000000001a053000 Exception <a 'java/lang/ArrayIndexOutOfBoundsException': 104> (0x00000000c2e49ba8) thrown at [C:\re\workspace\8-2-build-windows-amd64-cygwin\jdk8u171\10807\hotspot\src\share\vm\interpreter\interpreterRuntime.cpp, line 366]

Events (10 events):
Event: 8.540 Executing VM operation: RevokeBias
Event: 8.541 Executing VM operation: RevokeBias done
Event: 8.541 Executing VM operation: RevokeBias
Event: 8.541 Executing VM operation: RevokeBias done
Event: 8.549 Thread 0x00000000186b4000 flushing nmethod 0x0000000002ea4810
Event: 8.550 Thread 0x00000000186b4000 flushing nmethod 0x0000000002eed210
Event: 8.572 loading class org/apache/maven/shared/invoker/Invoker
Event: 8.572 loading class org/apache/maven/shared/invoker/Invoker done
Event: 8.573 loading class java/lang/TypeNotPresentException
Event: 8.573 loading class java/lang/TypeNotPresentException done


Dynamic libraries:
0x00007ff74b370000 - 0x00007ff74b3a7000 	C:\Program Files\Java\jdk1.8.0_171\bin\java.exe
0x00007ff933b60000 - 0x00007ff933d4d000 	C:\WINDOWS\SYSTEM32\ntdll.dll
0x00007ff932220000 - 0x00007ff9322d3000 	C:\WINDOWS\System32\KERNEL32.DLL
0x00007ff930100000 - 0x00007ff930393000 	C:\WINDOWS\System32\KERNELBASE.dll
0x00007ff930d90000 - 0x00007ff930e33000 	C:\WINDOWS\System32\ADVAPI32.dll
0x00007ff9319d0000 - 0x00007ff931a6e000 	C:\WINDOWS\System32\msvcrt.dll
0x00007ff931f10000 - 0x00007ff931fae000 	C:\WINDOWS\System32\sechost.dll
0x00007ff931fc0000 - 0x00007ff9320e2000 	C:\WINDOWS\System32\RPCRT4.dll
0x00007ff931d70000 - 0x00007ff931f07000 	C:\WINDOWS\System32\USER32.dll
0x00007ff92fc50000 - 0x00007ff92fc70000 	C:\WINDOWS\System32\win32u.dll
0x00007ff9322f0000 - 0x00007ff932319000 	C:\WINDOWS\System32\GDI32.dll
0x00007ff9303a0000 - 0x00007ff93053a000 	C:\WINDOWS\System32\gdi32full.dll
0x00007ff92fe80000 - 0x00007ff92ff20000 	C:\WINDOWS\System32\msvcp_win.dll
0x00007ff930540000 - 0x00007ff93063a000 	C:\WINDOWS\System32\ucrtbase.dll
0x00007ff924040000 - 0x00007ff9242b9000 	C:\WINDOWS\WinSxS\amd64_microsoft.windows.common-controls_6595b64144ccf1df_6.0.17763.379_none_05b83be8071c94a1\COMCTL32.dll
0x00007ff931620000 - 0x00007ff93194d000 	C:\WINDOWS\System32\combase.dll
0x00007ff92fcf0000 - 0x00007ff92fd6e000 	C:\WINDOWS\System32\bcryptPrimitives.dll
0x00007ff931060000 - 0x00007ff93108e000 	C:\WINDOWS\System32\IMM32.DLL
0x000000005a180000 - 0x000000005a252000 	C:\Program Files\Java\jdk1.8.0_171\jre\bin\msvcr100.dll
0x00000000587b0000 - 0x0000000059050000 	C:\Program Files\Java\jdk1.8.0_171\jre\bin\server\jvm.dll
0x00007ff931fb0000 - 0x00007ff931fb8000 	C:\WINDOWS\System32\PSAPI.DLL
0x00007ff91dea0000 - 0x00007ff91dea9000 	C:\WINDOWS\SYSTEM32\WSOCK32.dll
0x00007ff92db40000 - 0x00007ff92db64000 	C:\WINDOWS\SYSTEM32\WINMM.dll
0x00007ff932340000 - 0x00007ff9323ad000 	C:\WINDOWS\System32\WS2_32.dll
0x00007ff91ee60000 - 0x00007ff91ee6a000 	C:\WINDOWS\SYSTEM32\VERSION.dll
0x00007ff92db10000 - 0x00007ff92db3d000 	C:\WINDOWS\SYSTEM32\WINMMBASE.dll
0x00007ff92fc70000 - 0x00007ff92fcba000 	C:\WINDOWS\System32\cfgmgr32.dll
0x000000005a170000 - 0x000000005a17f000 	C:\Program Files\Java\jdk1.8.0_171\jre\bin\verify.dll
0x000000005a140000 - 0x000000005a169000 	C:\Program Files\Java\jdk1.8.0_171\jre\bin\java.dll
0x000000005a120000 - 0x000000005a136000 	C:\Program Files\Java\jdk1.8.0_171\jre\bin\zip.dll
0x00007ff932640000 - 0x00007ff933b30000 	C:\WINDOWS\System32\SHELL32.dll
0x00007ff931090000 - 0x00007ff931138000 	C:\WINDOWS\System32\shcore.dll
0x00007ff930640000 - 0x00007ff930d8a000 	C:\WINDOWS\System32\windows.storage.dll
0x00007ff92fba0000 - 0x00007ff92fbc4000 	C:\WINDOWS\System32\profapi.dll
0x00007ff92fbd0000 - 0x00007ff92fc2d000 	C:\WINDOWS\System32\powrprof.dll
0x00007ff931d10000 - 0x00007ff931d62000 	C:\WINDOWS\System32\shlwapi.dll
0x00007ff92fb80000 - 0x00007ff92fb91000 	C:\WINDOWS\System32\kernel.appcore.dll
0x00007ff92fc30000 - 0x00007ff92fc47000 	C:\WINDOWS\System32\cryptsp.dll
0x00007ff92ef40000 - 0x00007ff92ef73000 	C:\WINDOWS\system32\rsaenh.dll
0x00007ff92fcc0000 - 0x00007ff92fce6000 	C:\WINDOWS\System32\bcrypt.dll
0x00007ff92fa60000 - 0x00007ff92fa88000 	C:\WINDOWS\SYSTEM32\USERENV.dll
0x00007ff92f550000 - 0x00007ff92f55c000 	C:\WINDOWS\SYSTEM32\CRYPTBASE.dll
0x000000005a100000 - 0x000000005a11a000 	C:\Program Files\Java\jdk1.8.0_171\jre\bin\net.dll
0x00007ff92f380000 - 0x00007ff92f3e7000 	C:\WINDOWS\system32\mswsock.dll
0x00007ff92f0e0000 - 0x00007ff92f11d000 	C:\WINDOWS\SYSTEM32\IPHLPAPI.DLL
0x00007ff9322e0000 - 0x00007ff9322e8000 	C:\WINDOWS\System32\NSI.dll
0x00007ff923940000 - 0x00007ff923956000 	C:\WINDOWS\SYSTEM32\dhcpcsvc6.DLL
0x00007ff923cf0000 - 0x00007ff923d0c000 	C:\WINDOWS\SYSTEM32\dhcpcsvc.DLL
0x00007ff92f120000 - 0x00007ff92f1e6000 	C:\WINDOWS\SYSTEM32\DNSAPI.dll
0x000000005a0e0000 - 0x000000005a0f1000 	C:\Program Files\Java\jdk1.8.0_171\jre\bin\nio.dll
0x00007ff91aa70000 - 0x00007ff91aa99000 	C:\Users\XNOTE\.vscode\extensions\redhat.java-0.43.0\server\config_win\org.eclipse.equinox.launcher\org.eclipse.equinox.launcher.win32.win32.x86_64_1.1.1000.v20190125-2016\eclipse_1801.dll

VM Arguments:
jvm_args: -Declipse.application=org.eclipse.jdt.ls.core.id1 -Dosgi.bundles.defaultStartLevel=4 -Declipse.product=org.eclipse.jdt.ls.core.product -Dfile.encoding=utf8 -DwatchParentProcess=false -Xverify:none -Xmx1G -XX:+UseG1GC -XX:+UseStringDeduplication 
java_command: C:\Users\XNOTE\.vscode\extensions\redhat.java-0.43.0\server\plugins\org.eclipse.equinox.launcher_1.5.300.v20190213-1655.jar -configuration C:\Users\XNOTE\.vscode\extensions\redhat.java-0.43.0\server\config_win -data c:\Users\XNOTE\AppData\Roaming\Code\User\workspaceStorage\0bdfaac4224be0d618bdcf963b857abf\redhat.java\jdt_ws
java_class_path (initial): C:\Users\XNOTE\.vscode\extensions\redhat.java-0.43.0\server\plugins\org.eclipse.equinox.launcher_1.5.300.v20190213-1655.jar
Launcher Type: SUN_STANDARD

Environment Variables:
PATH=C:\Program Files (x86)\Common Files\Oracle\Java\javapath;C:\ProgramData\Oracle\Java\javapath;C:\python27;C:\WINDOWS\system32;C:\WINDOWS;C:\WINDOWS\System32\Wbem;C:\WINDOWS\System32\WindowsPowerShell\v1.0\;C:\Program Files (x86)\Windows Live\Shared;C:\WINDOWS\System32\OpenSSH\;C:\Program Files\PuTTY\;C:\Program Files\Microsoft VS Code\bin;C:\Program Files\Git\cmd;C:\Program Files\Java\jdk1.8.0_171\bin;%USERPROFILE%\AppData\Local\Microsoft\WindowsApps;
USERNAME=¹Î¿ì
OS=Windows_NT
PROCESSOR_IDENTIFIER=Intel64 Family 6 Model 58 Stepping 9, GenuineIntel



---------------  S Y S T E M  ---------------

OS: Windows 10.0 , 64 bit Build 17763 (10.0.17763.379)

CPU:total 4 (initial active 4) (2 cores per cpu, 2 threads per core) family 6 model 58 stepping 9, cmov, cx8, fxsr, mmx, sse, sse2, sse3, ssse3, sse4.1, sse4.2, popcnt, avx, clmul, erms, ht, tsc, tscinvbit, tscinv

Memory: 4k page, physical 4024712k(749880k free), swap 5445000k(5224k free)

vm_info: Java HotSpot(TM) 64-Bit Server VM (25.171-b11) for windows-amd64 JRE (1.8.0_171-b11), built on Mar 28 2018 16:06:12 by "java_re" with MS VC++ 10.0 (VS2010)

time: Thu May 02 03:59:50 2019
elapsed time: 8 seconds (0d 0h 0m 8s)

