#
# There is insufficient memory for the Java Runtime Environment to continue.
# Native memory allocation (malloc) failed to allocate 1090096 bytes for Chunk::new
# Possible reasons:
#   The system is out of physical RAM or swap space
#   In 32 bit mode, the process size limit was hit
# Possible solutions:
#   Reduce memory load on the system
#   Increase physical memory or swap space
#   Check if swap backing store is full
#   Use 64 bit Java on a 64 bit OS
#   Decrease Java heap size (-Xmx/-Xms)
#   Decrease number of Java threads
#   Decrease Java thread stack sizes (-Xss)
#   Set larger code cache with -XX:ReservedCodeCacheSize=
# This output file may be truncated or incomplete.
#
#  Out of Memory Error (allocation.cpp:390), pid=11036, tid=0x0000000000003084
#
# JRE version: Java(TM) SE Runtime Environment (8.0_171-b11) (build 1.8.0_171-b11)
# Java VM: Java HotSpot(TM) 64-Bit Server VM (25.171-b11 mixed mode windows-amd64 compressed oops)
# Failed to write core dump. Minidumps are not enabled by default on client versions of Windows
#

---------------  T H R E A D  ---------------

Current thread (0x0000000018f11000):  JavaThread "C2 CompilerThread0" daemon [_thread_in_native, id=12420, stack(0x00000000196e0000,0x00000000197e0000)]

Stack: [0x00000000196e0000,0x00000000197e0000]
[error occurred during error reporting (printing stack bounds), id 0xc0000005]

Native frames: (J=compiled Java code, j=interpreted, Vv=VM code, C=native code)


Current CompileTask:
C2:  45923 8927       4       org.eclipse.core.internal.filesystem.local.LocalFile::toURI (23 bytes)


---------------  P R O C E S S  ---------------

Java Threads: ( => current thread )
  0x000000001a877000 JavaThread "ForkJoinPool.commonPool-worker-0" daemon [_thread_blocked, id=9448, stack(0x0000000024050000,0x0000000024150000)]
  0x000000001a879000 JavaThread "ForkJoinPool.commonPool-worker-2" daemon [_thread_blocked, id=15968, stack(0x0000000021610000,0x0000000021710000)]
  0x000000001a876000 JavaThread "ForkJoinPool.commonPool-worker-1" daemon [_thread_blocked, id=876, stack(0x0000000021510000,0x0000000021610000)]
  0x000000001a875800 JavaThread "Worker-4" [_thread_blocked, id=15276, stack(0x0000000020a40000,0x0000000020b40000)]
  0x0000000019ff3800 JavaThread "Worker-3" [_thread_blocked, id=9328, stack(0x00000000206d0000,0x00000000207d0000)]
  0x000000001a018800 JavaThread "pool-1-thread-1" [_thread_in_native, id=17028, stack(0x0000000020350000,0x0000000020450000)]
  0x000000001ad26800 JavaThread "Bundle File Closer" daemon [_thread_blocked, id=17676, stack(0x000000001c830000,0x000000001c930000)]
  0x000000001af60800 JavaThread "Worker-2" [_thread_blocked, id=17256, stack(0x000000001c730000,0x000000001c830000)]
  0x000000001af5f800 JavaThread "Java indexing" daemon [_thread_blocked, id=13532, stack(0x000000001c630000,0x000000001c730000)]
  0x000000001ac80000 JavaThread "Worker-1" [_thread_blocked, id=15696, stack(0x000000001c130000,0x000000001c230000)]
  0x000000001abde800 JavaThread "Worker-0" [_thread_blocked, id=6312, stack(0x000000001c030000,0x000000001c130000)]
  0x000000001ab16800 JavaThread "Worker-JM" [_thread_blocked, id=496, stack(0x000000001b790000,0x000000001b890000)]
  0x0000000019f1b800 JavaThread "Start Level: Equinox Container: c88b6769-62aa-45a4-847d-c3d9e23cab20" daemon [_thread_blocked, id=6492, stack(0x000000001b690000,0x000000001b790000)]
  0x000000001a5b9000 JavaThread "Framework Event Dispatcher: Equinox Container: c88b6769-62aa-45a4-847d-c3d9e23cab20" daemon [_thread_blocked, id=3648, stack(0x000000001b590000,0x000000001b690000)]
  0x0000000019eb5800 JavaThread "Active Thread: Equinox Container: c88b6769-62aa-45a4-847d-c3d9e23cab20" [_thread_blocked, id=16708, stack(0x000000001b490000,0x000000001b590000)]
  0x0000000018fa5800 JavaThread "Service Thread" daemon [_thread_blocked, id=15992, stack(0x00000000199e0000,0x0000000019ae0000)]
  0x0000000018f1e000 JavaThread "C1 CompilerThread2" daemon [_thread_blocked, id=14920, stack(0x00000000198e0000,0x00000000199e0000)]
  0x0000000018f12000 JavaThread "C2 CompilerThread1" daemon [_thread_in_native, id=1536, stack(0x00000000197e0000,0x00000000198e0000)]
=>0x0000000018f11000 JavaThread "C2 CompilerThread0" daemon [_thread_in_native, id=12420, stack(0x00000000196e0000,0x00000000197e0000)]
  0x0000000018f10000 JavaThread "Attach Listener" daemon [_thread_blocked, id=5632, stack(0x00000000195e0000,0x00000000196e0000)]
  0x0000000018ef9800 JavaThread "Signal Dispatcher" daemon [_thread_blocked, id=6052, stack(0x00000000194e0000,0x00000000195e0000)]
  0x0000000018ef7800 JavaThread "Surrogate Locker Thread (Concurrent GC)" daemon [_thread_blocked, id=3852, stack(0x00000000193e0000,0x00000000194e0000)]
  0x0000000018e6f000 JavaThread "Finalizer" daemon [_thread_blocked, id=3876, stack(0x00000000192e0000,0x00000000193e0000)]
  0x0000000018e68000 JavaThread "Reference Handler" daemon [_thread_blocked, id=4772, stack(0x00000000191e0000,0x00000000192e0000)]
  0x0000000002fbe000 JavaThread "main" [_thread_blocked, id=13596, stack(0x0000000002fc0000,0x00000000030c0000)]

Other Threads:
  0x0000000018e64800 VMThread [stack: 0x0000000018c00000,0x0000000018d00000] [id=3476]
  0x0000000018fb2000 WatcherThread [stack: 0x0000000019ae0000,0x0000000019be0000] [id=17332]

VM state:not at safepoint (normal execution)

VM Mutex/Monitor currently owned by a thread:  ([mutex/lock_event])
[0x0000000002fbdc40] CodeCache_lock - owner thread: 0x0000000018f12000
[0x00000000030c0d50] Compile_lock - owner thread: 0x0000000018f12000
[0x00000000030c1350] MethodCompileQueue_lock - owner thread: 0x0000000018f12000

Heap:
 garbage-first heap   total 63488K, used 35667K [0x00000000c0000000, 0x00000000c01001f0, 0x0000000100000000)
  region size 1024K, 9 young (9216K), 2 survivors (2048K)
 Metaspace       used 49966K, capacity 52726K, committed 52992K, reserved 1095680K
  class space    used 4999K, capacity 5797K, committed 5888K, reserved 1048576K

Heap Regions: (Y=young(eden), SU=young(survivor), HS=humongous(starts), HC=humongous(continues), CS=collection set, F=free, TS=gc time stamp, PTAMS=previous top-at-mark-start, NTAMS=next top-at-mark-start)
AC   0  O    TS     0 PTAMS 0x00000000c0100000 NTAMS 0x00000000c0100000 space 1024K, 100% used [0x00000000c0000000, 0x00000000c0100000)
AC   0  O    TS     0 PTAMS 0x00000000c0200000 NTAMS 0x00000000c0200000 space 1024K, 100% used [0x00000000c0100000, 0x00000000c0200000)
AC   0  O    TS     0 PTAMS 0x00000000c0300000 NTAMS 0x00000000c0300000 space 1024K, 100% used [0x00000000c0200000, 0x00000000c0300000)
AC   0  O    TS     1 PTAMS 0x00000000c03e6e00 NTAMS 0x00000000c03e6e00 space 1024K,  90% used [0x00000000c0300000, 0x00000000c0400000)
AC   0  F    TS     0 PTAMS 0x00000000c0400000 NTAMS 0x00000000c0400000 space 1024K,   0% used [0x00000000c0400000, 0x00000000c0500000)
AC   0  O    TS     0 PTAMS 0x00000000c0600000 NTAMS 0x00000000c0600000 space 1024K, 100% used [0x00000000c0500000, 0x00000000c0600000)
AC   0  O    TS     0 PTAMS 0x00000000c0700000 NTAMS 0x00000000c0700000 space 1024K, 100% used [0x00000000c0600000, 0x00000000c0700000)
AC   0  O    TS     0 PTAMS 0x00000000c0800000 NTAMS 0x00000000c0800000 space 1024K, 100% used [0x00000000c0700000, 0x00000000c0800000)
AC   0  O    TS     0 PTAMS 0x00000000c0900000 NTAMS 0x00000000c0900000 space 1024K, 100% used [0x00000000c0800000, 0x00000000c0900000)
AC   0  O    TS     0 PTAMS 0x00000000c0a00000 NTAMS 0x00000000c0a00000 space 1024K, 100% used [0x00000000c0900000, 0x00000000c0a00000)
AC   0  F    TS     0 PTAMS 0x00000000c0a00000 NTAMS 0x00000000c0a00000 space 1024K,   0% used [0x00000000c0a00000, 0x00000000c0b00000)
AC   0  O    TS     0 PTAMS 0x00000000c0c00000 NTAMS 0x00000000c0c00000 space 1024K, 100% used [0x00000000c0b00000, 0x00000000c0c00000)
AC   0  O    TS     0 PTAMS 0x00000000c0d00000 NTAMS 0x00000000c0d00000 space 1024K, 100% used [0x00000000c0c00000, 0x00000000c0d00000)
AC   0  O    TS     0 PTAMS 0x00000000c0e00000 NTAMS 0x00000000c0e00000 space 1024K, 100% used [0x00000000c0d00000, 0x00000000c0e00000)
AC   0  O    TS     0 PTAMS 0x00000000c0f00000 NTAMS 0x00000000c0f00000 space 1024K, 100% used [0x00000000c0e00000, 0x00000000c0f00000)
AC   0  O    TS     0 PTAMS 0x00000000c1000000 NTAMS 0x00000000c1000000 space 1024K, 100% used [0x00000000c0f00000, 0x00000000c1000000)
AC   0  O    TS     0 PTAMS 0x00000000c1100000 NTAMS 0x00000000c1100000 space 1024K, 100% used [0x00000000c1000000, 0x00000000c1100000)
AC   0  O    TS     0 PTAMS 0x00000000c1200000 NTAMS 0x00000000c1200000 space 1024K, 100% used [0x00000000c1100000, 0x00000000c1200000)
AC   0  O    TS     0 PTAMS 0x00000000c1300000 NTAMS 0x00000000c1300000 space 1024K, 100% used [0x00000000c1200000, 0x00000000c1300000)
AC   0  O    TS     0 PTAMS 0x00000000c1400000 NTAMS 0x00000000c1400000 space 1024K, 100% used [0x00000000c1300000, 0x00000000c1400000)
AC   0  O    TS     0 PTAMS 0x00000000c1500000 NTAMS 0x00000000c1500000 space 1024K, 100% used [0x00000000c1400000, 0x00000000c1500000)
AC   0  O    TS     0 PTAMS 0x00000000c1600000 NTAMS 0x00000000c1600000 space 1024K, 100% used [0x00000000c1500000, 0x00000000c1600000)
AC   0  O    TS     0 PTAMS 0x00000000c1700000 NTAMS 0x00000000c1700000 space 1024K, 100% used [0x00000000c1600000, 0x00000000c1700000)
AC   0  O    TS     0 PTAMS 0x00000000c1800000 NTAMS 0x00000000c1800000 space 1024K, 100% used [0x00000000c1700000, 0x00000000c1800000)
AC   0  O    TS     0 PTAMS 0x00000000c1900000 NTAMS 0x00000000c1900000 space 1024K, 100% used [0x00000000c1800000, 0x00000000c1900000)
AC   0  F    TS     0 PTAMS 0x00000000c1900000 NTAMS 0x00000000c1900000 space 1024K,   0% used [0x00000000c1900000, 0x00000000c1a00000)
AC   0  O    TS     0 PTAMS 0x00000000c1b00000 NTAMS 0x00000000c1b00000 space 1024K, 100% used [0x00000000c1a00000, 0x00000000c1b00000)
AC   0  F    TS     0 PTAMS 0x00000000c1b00000 NTAMS 0x00000000c1b00000 space 1024K,   0% used [0x00000000c1b00000, 0x00000000c1c00000)
AC   0  F    TS     0 PTAMS 0x00000000c1c00000 NTAMS 0x00000000c1c00000 space 1024K,   0% used [0x00000000c1c00000, 0x00000000c1d00000)
AC   0  F    TS     0 PTAMS 0x00000000c1d00000 NTAMS 0x00000000c1d00000 space 1024K,   0% used [0x00000000c1d00000, 0x00000000c1e00000)
AC   0  F    TS     0 PTAMS 0x00000000c1e00000 NTAMS 0x00000000c1e00000 space 1024K,   0% used [0x00000000c1e00000, 0x00000000c1f00000)
AC   0  O    TS     0 PTAMS 0x00000000c2000000 NTAMS 0x00000000c2000000 space 1024K, 100% used [0x00000000c1f00000, 0x00000000c2000000)
AC   0  S CS TS     1 PTAMS 0x00000000c2000000 NTAMS 0x00000000c2000000 space 1024K,  42% used [0x00000000c2000000, 0x00000000c2100000)
AC   0  S CS TS     1 PTAMS 0x00000000c2100000 NTAMS 0x00000000c2100000 space 1024K, 100% used [0x00000000c2100000, 0x00000000c2200000)
AC   0 HS    TS     0 PTAMS 0x00000000c2280010 NTAMS 0x00000000c2280010 space 1024K,  50% used [0x00000000c2200000, 0x00000000c2300000)
AC   0  O    TS     0 PTAMS 0x00000000c2400000 NTAMS 0x00000000c2400000 space 1024K, 100% used [0x00000000c2300000, 0x00000000c2400000)
AC   0  O    TS     0 PTAMS 0x00000000c2500000 NTAMS 0x00000000c2500000 space 1024K, 100% used [0x00000000c2400000, 0x00000000c2500000)
AC   0  F    TS     0 PTAMS 0x00000000c2500000 NTAMS 0x00000000c2500000 space 1024K,   0% used [0x00000000c2500000, 0x00000000c2600000)
AC   0  F    TS     0 PTAMS 0x00000000c2600000 NTAMS 0x00000000c2600000 space 1024K,   0% used [0x00000000c2600000, 0x00000000c2700000)
AC   0  F    TS     0 PTAMS 0x00000000c2700000 NTAMS 0x00000000c2700000 space 1024K,   0% used [0x00000000c2700000, 0x00000000c2800000)
AC   0  F    TS     0 PTAMS 0x00000000c2800000 NTAMS 0x00000000c2800000 space 1024K,   0% used [0x00000000c2800000, 0x00000000c2900000)
AC   0  F    TS     0 PTAMS 0x00000000c2900000 NTAMS 0x00000000c2900000 space 1024K,   0% used [0x00000000c2900000, 0x00000000c2a00000)
AC   0  F    TS     0 PTAMS 0x00000000c2a00000 NTAMS 0x00000000c2a00000 space 1024K,   0% used [0x00000000c2a00000, 0x00000000c2b00000)
AC   0  F    TS     0 PTAMS 0x00000000c2b00000 NTAMS 0x00000000c2b00000 space 1024K,   0% used [0x00000000c2b00000, 0x00000000c2c00000)
AC   0  F    TS     0 PTAMS 0x00000000c2c00000 NTAMS 0x00000000c2c00000 space 1024K,   0% used [0x00000000c2c00000, 0x00000000c2d00000)
AC   0  F    TS     0 PTAMS 0x00000000c2d00000 NTAMS 0x00000000c2d00000 space 1024K,   0% used [0x00000000c2d00000, 0x00000000c2e00000)
AC   0  F    TS     0 PTAMS 0x00000000c2e00000 NTAMS 0x00000000c2e00000 space 1024K,   0% used [0x00000000c2e00000, 0x00000000c2f00000)
AC   0  F    TS     0 PTAMS 0x00000000c2f00000 NTAMS 0x00000000c2f00000 space 1024K,   0% used [0x00000000c2f00000, 0x00000000c3000000)
AC   0  F    TS     0 PTAMS 0x00000000c3000000 NTAMS 0x00000000c3000000 space 1024K,   0% used [0x00000000c3000000, 0x00000000c3100000)
AC   0  F    TS     0 PTAMS 0x00000000c3100000 NTAMS 0x00000000c3100000 space 1024K,   0% used [0x00000000c3100000, 0x00000000c3200000)
AC   0  F    TS     0 PTAMS 0x00000000c3200000 NTAMS 0x00000000c3200000 space 1024K,   0% used [0x00000000c3200000, 0x00000000c3300000)
AC   0  F    TS     0 PTAMS 0x00000000c3300000 NTAMS 0x00000000c3300000 space 1024K,   0% used [0x00000000c3300000, 0x00000000c3400000)
AC   0  F    TS     0 PTAMS 0x00000000c3400000 NTAMS 0x00000000c3400000 space 1024K,   0% used [0x00000000c3400000, 0x00000000c3500000)
AC   0  F    TS     0 PTAMS 0x00000000c3500000 NTAMS 0x00000000c3500000 space 1024K,   0% used [0x00000000c3500000, 0x00000000c3600000)
AC   0  F    TS     0 PTAMS 0x00000000c3600000 NTAMS 0x00000000c3600000 space 1024K,   0% used [0x00000000c3600000, 0x00000000c3700000)
AC   0  E    TS     0 PTAMS 0x00000000c3700000 NTAMS 0x00000000c3700000 space 1024K,  24% used [0x00000000c3700000, 0x00000000c3800000)
AC   0  E CS TS     0 PTAMS 0x00000000c3800000 NTAMS 0x00000000c3800000 space 1024K, 100% used [0x00000000c3800000, 0x00000000c3900000)
AC   0  E CS TS     0 PTAMS 0x00000000c3900000 NTAMS 0x00000000c3900000 space 1024K, 100% used [0x00000000c3900000, 0x00000000c3a00000)
AC   0  E CS TS     0 PTAMS 0x00000000c3a00000 NTAMS 0x00000000c3a00000 space 1024K, 100% used [0x00000000c3a00000, 0x00000000c3b00000)
AC   0  E CS TS     0 PTAMS 0x00000000c3b00000 NTAMS 0x00000000c3b00000 space 1024K, 100% used [0x00000000c3b00000, 0x00000000c3c00000)
AC   0  E CS TS     0 PTAMS 0x00000000c3c00000 NTAMS 0x00000000c3c00000 space 1024K, 100% used [0x00000000c3c00000, 0x00000000c3d00000)
AC   0  E CS TS     0 PTAMS 0x00000000c3d00000 NTAMS 0x00000000c3d00000 space 1024K, 100% used [0x00000000c3d00000, 0x00000000c3e00000)

Card table byte_map: [0x00000000136c0000,0x00000000138c0000] byte_map_base: 0x00000000130c0000

Marking Bits (Prev, Next): (CMBitMap*) 0x00000000030faed8, (CMBitMap*) 0x00000000030faf30
 Prev Bits: [0x0000000013ac0000, 0x0000000014ac0000)
 Next Bits: [0x0000000014ac0000, 0x0000000015ac0000)

Polling page: 0x0000000000ee0000

CodeCache: size=245760Kb used=29150Kb max_used=29177Kb free=216609Kb
 bounds [0x00000000031c0000, 0x0000000004e60000, 0x00000000121c0000]
 total_blobs=8144 nmethods=7563 adapters=490
 compilation: enabled

Compilation events (10 events):
Event: 45.717 Thread 0x0000000018f1e000 8951       3       org.eclipse.jdt.internal.compiler.lookup.MethodBinding::signature (361 bytes)
Event: 45.722 Thread 0x0000000018f1e000 nmethod 8951 0x0000000004e3b010 code [0x0000000004e3b480, 0x0000000004e3f408]
Event: 45.722 Thread 0x0000000018f1e000 8952       1       org.eclipse.lsp4j.jsonrpc.messages.ResponseMessage::getError (5 bytes)
Event: 45.722 Thread 0x0000000018f1e000 nmethod 8952 0x0000000004e41290 code [0x0000000004e413e0, 0x0000000004e414f0]
Event: 45.736 Thread 0x0000000018f12000 nmethod 8944 0x0000000004e459d0 code [0x0000000004e45c40, 0x0000000004e47378]
Event: 45.736 Thread 0x0000000018f12000 8945       4       org.eclipse.jdt.internal.core.dom.rewrite.ASTRewriteAnalyzer::voidVisit (45 bytes)
Event: 45.778 Thread 0x0000000018f12000 nmethod 8945 0x0000000004e4a310 code [0x0000000004e4a560, 0x0000000004e4b738]
Event: 45.778 Thread 0x0000000018f12000 8954       4       com.google.gson.internal.bind.ReflectiveTypeAdapterFactory$1::writeField (29 bytes)
Event: 45.788 Thread 0x0000000018f12000 nmethod 8954 0x0000000004e41810 code [0x0000000004e41980, 0x0000000004e421b8]
Event: 45.788 Thread 0x0000000018f12000 8953       4       com.google.gson.internal.bind.TypeAdapterRuntimeTypeWrapper::write (81 bytes)

GC Heap History (10 events):
Event: 39.872 GC heap before
{Heap before GC invocations=49 (full 0):
 garbage-first heap   total 63488K, used 53858K [0x00000000c0000000, 0x00000000c01001f0, 0x0000000100000000)
  region size 1024K, 26 young (26624K), 1 survivors (1024K)
 Metaspace       used 49515K, capacity 52330K, committed 52480K, reserved 1095680K
  class space    used 4995K, capacity 5795K, committed 5888K, reserved 1048576K
Event: 39.877 GC heap after
Heap after GC invocations=50 (full 0):
 garbage-first heap   total 63488K, used 29641K [0x00000000c0000000, 0x00000000c01001f0, 0x0000000100000000)
  region size 1024K, 2 young (2048K), 2 survivors (2048K)
 Metaspace       used 49515K, capacity 52330K, committed 52480K, reserved 1095680K
  class space    used 4995K, capacity 5795K, committed 5888K, reserved 1048576K
}
Event: 41.116 GC heap before
{Heap before GC invocations=51 (full 0):
 garbage-first heap   total 63488K, used 53193K [0x00000000c0000000, 0x00000000c01001f0, 0x0000000100000000)
  region size 1024K, 25 young (25600K), 2 survivors (2048K)
 Metaspace       used 49640K, capacity 52458K, committed 52736K, reserved 1095680K
  class space    used 4996K, capacity 5795K, committed 5888K, reserved 1048576K
Event: 41.121 GC heap after
Heap after GC invocations=52 (full 0):
 garbage-first heap   total 63488K, used 29731K [0x00000000c0000000, 0x00000000c01001f0, 0x0000000100000000)
  region size 1024K, 2 young (2048K), 2 survivors (2048K)
 Metaspace       used 49640K, capacity 52458K, committed 52736K, reserved 1095680K
  class space    used 4996K, capacity 5795K, committed 5888K, reserved 1048576K
}
Event: 42.665 GC heap before
{Heap before GC invocations=52 (full 0):
 garbage-first heap   total 63488K, used 53283K [0x00000000c0000000, 0x00000000c01001f0, 0x0000000100000000)
  region size 1024K, 25 young (25600K), 2 survivors (2048K)
 Metaspace       used 49774K, capacity 52586K, committed 52736K, reserved 1095680K
  class space    used 4998K, capacity 5795K, committed 5888K, reserved 1048576K
Event: 42.669 GC heap after
Heap after GC invocations=53 (full 0):
 garbage-first heap   total 63488K, used 30362K [0x00000000c0000000, 0x00000000c01001f0, 0x0000000100000000)
  region size 1024K, 3 young (3072K), 3 survivors (3072K)
 Metaspace       used 49774K, capacity 52586K, committed 52736K, reserved 1095680K
  class space    used 4998K, capacity 5795K, committed 5888K, reserved 1048576K
}
Event: 43.911 GC heap before
{Heap before GC invocations=53 (full 0):
 garbage-first heap   total 63488K, used 51866K [0x00000000c0000000, 0x00000000c01001f0, 0x0000000100000000)
  region size 1024K, 24 young (24576K), 3 survivors (3072K)
 Metaspace       used 49875K, capacity 52650K, committed 52992K, reserved 1095680K
  class space    used 4998K, capacity 5795K, committed 5888K, reserved 1048576K
Event: 43.915 GC heap after
Heap after GC invocations=54 (full 0):
 garbage-first heap   total 63488K, used 29438K [0x00000000c0000000, 0x00000000c01001f0, 0x0000000100000000)
  region size 1024K, 2 young (2048K), 2 survivors (2048K)
 Metaspace       used 49875K, capacity 52650K, committed 52992K, reserved 1095680K
  class space    used 4998K, capacity 5795K, committed 5888K, reserved 1048576K
}
Event: 45.660 GC heap before
{Heap before GC invocations=55 (full 0):
 garbage-first heap   total 63488K, used 52990K [0x00000000c0000000, 0x00000000c01001f0, 0x0000000100000000)
  region size 1024K, 25 young (25600K), 2 survivors (2048K)
 Metaspace       used 49964K, capacity 52726K, committed 52992K, reserved 1095680K
  class space    used 4999K, capacity 5797K, committed 5888K, reserved 1048576K
Event: 45.665 GC heap after
Heap after GC invocations=56 (full 0):
 garbage-first heap   total 63488K, used 29523K [0x00000000c0000000, 0x00000000c01001f0, 0x0000000100000000)
  region size 1024K, 2 young (2048K), 2 survivors (2048K)
 Metaspace       used 49964K, capacity 52726K, committed 52992K, reserved 1095680K
  class space    used 4999K, capacity 5797K, committed 5888K, reserved 1048576K
}

Deoptimization events (10 events):
Event: 43.472 Thread 0x000000001a876000 Uncommon trap: reason=array_check action=maybe_recompile pc=0x0000000004d47cb8 method=java.util.TimSort.mergeHi(IIII)V @ 524
Event: 43.472 Thread 0x000000001a876000 Uncommon trap: reason=array_check action=maybe_recompile pc=0x0000000004d47cb8 method=java.util.TimSort.mergeHi(IIII)V @ 524
Event: 43.876 Thread 0x000000001a875800 Uncommon trap: reason=predicate action=maybe_recompile pc=0x00000000039ecd20 method=java.util.TimSort.reverseRange([Ljava/lang/Object;II)V @ 8
Event: 44.048 Thread 0x000000001a879000 Uncommon trap: reason=array_check action=maybe_recompile pc=0x0000000004d8058c method=java.util.TimSort.reverseRange([Ljava/lang/Object;II)V @ 20
Event: 44.053 Thread 0x000000001a879000 Uncommon trap: reason=array_check action=maybe_recompile pc=0x0000000004d8058c method=java.util.TimSort.reverseRange([Ljava/lang/Object;II)V @ 20
Event: 44.053 Thread 0x000000001a879000 Uncommon trap: reason=array_check action=maybe_recompile pc=0x0000000004d8058c method=java.util.TimSort.reverseRange([Ljava/lang/Object;II)V @ 20
Event: 44.053 Thread 0x000000001a879000 Uncommon trap: reason=array_check action=maybe_recompile pc=0x0000000004d8058c method=java.util.TimSort.reverseRange([Ljava/lang/Object;II)V @ 20
Event: 44.314 Thread 0x000000001af60800 Uncommon trap: reason=array_check action=maybe_recompile pc=0x0000000004dae2ec method=java.util.TimSort.reverseRange([Ljava/lang/Object;II)V @ 27
Event: 44.319 Thread 0x000000001af60800 Uncommon trap: reason=array_check action=maybe_recompile pc=0x0000000004dae2ec method=java.util.TimSort.reverseRange([Ljava/lang/Object;II)V @ 27
Event: 44.578 Thread 0x000000001a018800 Uncommon trap: reason=unstable_if action=reinterpret pc=0x0000000004c53504 method=org.eclipse.jface.text.GapTextStore.moveGap(IIIII)I @ 26

Classes redefined (0 events):
No events

Internal exceptions (10 events):
Event: 41.057 Thread 0x000000001a879000 Exception <a 'java/lang/ArrayIndexOutOfBoundsException'> (0x00000000c299b000) thrown at [C:\re\workspace\8-2-build-windows-amd64-cygwin\jdk8u171\10807\hotspot\src\share\vm\runtime\sharedRuntime.cpp, line 605]
Event: 41.061 Thread 0x000000001a879000 Exception <a 'java/lang/ArrayIndexOutOfBoundsException'> (0x00000000c29a77f8) thrown at [C:\re\workspace\8-2-build-windows-amd64-cygwin\jdk8u171\10807\hotspot\src\share\vm\runtime\sharedRuntime.cpp, line 605]
Event: 41.062 Thread 0x000000001a879000 Exception <a 'java/lang/ArrayIndexOutOfBoundsException'> (0x00000000c29a7a98) thrown at [C:\re\workspace\8-2-build-windows-amd64-cygwin\jdk8u171\10807\hotspot\src\share\vm\runtime\sharedRuntime.cpp, line 605]
Event: 41.062 Thread 0x000000001a879000 Exception <a 'java/lang/ArrayIndexOutOfBoundsException'> (0x00000000c29a7d38) thrown at [C:\re\workspace\8-2-build-windows-amd64-cygwin\jdk8u171\10807\hotspot\src\share\vm\runtime\sharedRuntime.cpp, line 605]
Event: 42.021 Thread 0x000000001a879000 Exception <a 'java/lang/ArrayIndexOutOfBoundsException'> (0x00000000c3bff060) thrown at [C:\re\workspace\8-2-build-windows-amd64-cygwin\jdk8u171\10807\hotspot\src\share\vm\runtime\sharedRuntime.cpp, line 605]
Event: 42.021 Thread 0x000000001a879000 Exception <a 'java/lang/ArrayIndexOutOfBoundsException'> (0x00000000c3bff298) thrown at [C:\re\workspace\8-2-build-windows-amd64-cygwin\jdk8u171\10807\hotspot\src\share\vm\runtime\sharedRuntime.cpp, line 605]
Event: 42.023 Thread 0x000000001a879000 Exception <a 'java/lang/ArrayIndexOutOfBoundsException'> (0x00000000c3a29718) thrown at [C:\re\workspace\8-2-build-windows-amd64-cygwin\jdk8u171\10807\hotspot\src\share\vm\runtime\sharedRuntime.cpp, line 605]
Event: 42.023 Thread 0x000000001a879000 Exception <a 'java/lang/ArrayIndexOutOfBoundsException'> (0x00000000c3a29950) thrown at [C:\re\workspace\8-2-build-windows-amd64-cygwin\jdk8u171\10807\hotspot\src\share\vm\runtime\sharedRuntime.cpp, line 605]
Event: 42.036 Thread 0x000000001a877000 Exception <a 'java/lang/ArrayIndexOutOfBoundsException'> (0x00000000c3ac2e40) thrown at [C:\re\workspace\8-2-build-windows-amd64-cygwin\jdk8u171\10807\hotspot\src\share\vm\runtime\sharedRuntime.cpp, line 605]
Event: 42.037 Thread 0x000000001a877000 Exception <a 'java/lang/ArrayIndexOutOfBoundsException'> (0x00000000c3ac3078) thrown at [C:\re\workspace\8-2-build-windows-amd64-cygwin\jdk8u171\10807\hotspot\src\share\vm\runtime\sharedRuntime.cpp, line 605]

Events (10 events):
Event: 44.363 Thread 0x000000001af60800 DEOPT UNPACKING pc=0x0000000003207890 sp=0x000000001c82dee8 mode 0
Event: 44.578 Thread 0x000000001a018800 Uncommon trap: trap_request=0xffffff65 fr.pc=0x0000000004c53504
Event: 44.578 Thread 0x000000001a018800 DEOPT PACKING pc=0x0000000004c53504 sp=0x000000002044e1a0
Event: 44.578 Thread 0x000000001a018800 DEOPT UNPACKING pc=0x000000000320583b sp=0x000000002044e068 mode 2
Event: 45.593 Thread 0x000000001ac80000 DEOPT PACKING pc=0x0000000004ce92d0 sp=0x000000001c22e820
Event: 45.593 Thread 0x000000001ac80000 DEOPT UNPACKING pc=0x0000000003207890 sp=0x000000001c22e578 mode 0
Event: 45.641 Thread 0x000000001a876000 DEOPT PACKING pc=0x000000000423cb6b sp=0x000000002160d710
Event: 45.641 Thread 0x000000001a876000 DEOPT UNPACKING pc=0x0000000003207890 sp=0x000000002160d428 mode 0
Event: 45.660 Executing VM operation: G1IncCollectionPause
Event: 45.665 Executing VM operation: G1IncCollectionPause done


Dynamic libraries:
0x00007ff725010000 - 0x00007ff725047000 	C:\Program Files\Java\jdk1.8.0_171\bin\java.exe
0x00007ff933b60000 - 0x00007ff933d4d000 	C:\WINDOWS\SYSTEM32\ntdll.dll
0x00007ff932220000 - 0x00007ff9322d3000 	C:\WINDOWS\System32\KERNEL32.DLL
0x00007ff930100000 - 0x00007ff930393000 	C:\WINDOWS\System32\KERNELBASE.dll
0x00007ff930d90000 - 0x00007ff930e33000 	C:\WINDOWS\System32\ADVAPI32.dll
0x00007ff9319d0000 - 0x00007ff931a6e000 	C:\WINDOWS\System32\msvcrt.dll
0x00007ff931f10000 - 0x00007ff931fae000 	C:\WINDOWS\System32\sechost.dll
0x00007ff931fc0000 - 0x00007ff9320e2000 	C:\WINDOWS\System32\RPCRT4.dll
0x00007ff931d70000 - 0x00007ff931f07000 	C:\WINDOWS\System32\USER32.dll
0x00007ff92fc50000 - 0x00007ff92fc70000 	C:\WINDOWS\System32\win32u.dll
0x00007ff9322f0000 - 0x00007ff932319000 	C:\WINDOWS\System32\GDI32.dll
0x00007ff9303a0000 - 0x00007ff93053a000 	C:\WINDOWS\System32\gdi32full.dll
0x00007ff92fe80000 - 0x00007ff92ff20000 	C:\WINDOWS\System32\msvcp_win.dll
0x00007ff930540000 - 0x00007ff93063a000 	C:\WINDOWS\System32\ucrtbase.dll
0x00007ff924040000 - 0x00007ff9242b9000 	C:\WINDOWS\WinSxS\amd64_microsoft.windows.common-controls_6595b64144ccf1df_6.0.17763.379_none_05b83be8071c94a1\COMCTL32.dll
0x00007ff931620000 - 0x00007ff93194d000 	C:\WINDOWS\System32\combase.dll
0x00007ff92fcf0000 - 0x00007ff92fd6e000 	C:\WINDOWS\System32\bcryptPrimitives.dll
0x00007ff931060000 - 0x00007ff93108e000 	C:\WINDOWS\System32\IMM32.DLL
0x000000005a180000 - 0x000000005a252000 	C:\Program Files\Java\jdk1.8.0_171\jre\bin\msvcr100.dll
0x00000000587b0000 - 0x0000000059050000 	C:\Program Files\Java\jdk1.8.0_171\jre\bin\server\jvm.dll
0x00007ff931fb0000 - 0x00007ff931fb8000 	C:\WINDOWS\System32\PSAPI.DLL
0x00007ff91ee60000 - 0x00007ff91ee6a000 	C:\WINDOWS\SYSTEM32\VERSION.dll
0x00007ff91dea0000 - 0x00007ff91dea9000 	C:\WINDOWS\SYSTEM32\WSOCK32.dll
0x00007ff92db40000 - 0x00007ff92db64000 	C:\WINDOWS\SYSTEM32\WINMM.dll
0x00007ff932340000 - 0x00007ff9323ad000 	C:\WINDOWS\System32\WS2_32.dll
0x00007ff92db10000 - 0x00007ff92db3d000 	C:\WINDOWS\SYSTEM32\WINMMBASE.dll
0x00007ff92fc70000 - 0x00007ff92fcba000 	C:\WINDOWS\System32\cfgmgr32.dll
0x000000005a170000 - 0x000000005a17f000 	C:\Program Files\Java\jdk1.8.0_171\jre\bin\verify.dll
0x000000005a140000 - 0x000000005a169000 	C:\Program Files\Java\jdk1.8.0_171\jre\bin\java.dll
0x000000005a120000 - 0x000000005a136000 	C:\Program Files\Java\jdk1.8.0_171\jre\bin\zip.dll
0x00007ff932640000 - 0x00007ff933b30000 	C:\WINDOWS\System32\SHELL32.dll
0x00007ff931090000 - 0x00007ff931138000 	C:\WINDOWS\System32\shcore.dll
0x00007ff930640000 - 0x00007ff930d8a000 	C:\WINDOWS\System32\windows.storage.dll
0x00007ff92fba0000 - 0x00007ff92fbc4000 	C:\WINDOWS\System32\profapi.dll
0x00007ff92fbd0000 - 0x00007ff92fc2d000 	C:\WINDOWS\System32\powrprof.dll
0x00007ff931d10000 - 0x00007ff931d62000 	C:\WINDOWS\System32\shlwapi.dll
0x00007ff92fb80000 - 0x00007ff92fb91000 	C:\WINDOWS\System32\kernel.appcore.dll
0x00007ff92fc30000 - 0x00007ff92fc47000 	C:\WINDOWS\System32\cryptsp.dll
0x00007ff92ef40000 - 0x00007ff92ef73000 	C:\WINDOWS\system32\rsaenh.dll
0x00007ff92fcc0000 - 0x00007ff92fce6000 	C:\WINDOWS\System32\bcrypt.dll
0x00007ff92fa60000 - 0x00007ff92fa88000 	C:\WINDOWS\SYSTEM32\USERENV.dll
0x00007ff92f550000 - 0x00007ff92f55c000 	C:\WINDOWS\SYSTEM32\CRYPTBASE.dll
0x000000005a100000 - 0x000000005a11a000 	C:\Program Files\Java\jdk1.8.0_171\jre\bin\net.dll
0x00007ff92f380000 - 0x00007ff92f3e7000 	C:\WINDOWS\system32\mswsock.dll
0x00007ff92f0e0000 - 0x00007ff92f11d000 	C:\WINDOWS\SYSTEM32\IPHLPAPI.DLL
0x00007ff9322e0000 - 0x00007ff9322e8000 	C:\WINDOWS\System32\NSI.dll
0x00007ff923940000 - 0x00007ff923956000 	C:\WINDOWS\SYSTEM32\dhcpcsvc6.DLL
0x00007ff923cf0000 - 0x00007ff923d0c000 	C:\WINDOWS\SYSTEM32\dhcpcsvc.DLL
0x00007ff92f120000 - 0x00007ff92f1e6000 	C:\WINDOWS\SYSTEM32\DNSAPI.dll
0x000000005a0e0000 - 0x000000005a0f1000 	C:\Program Files\Java\jdk1.8.0_171\jre\bin\nio.dll
0x00007ff9201b0000 - 0x00007ff9201d9000 	C:\Users\XNOTE\.vscode\extensions\redhat.java-0.43.0\server\config_win\org.eclipse.equinox.launcher\org.eclipse.equinox.launcher.win32.win32.x86_64_1.1.1000.v20190125-2016\eclipse_1801.dll
0x00007ff9278a0000 - 0x00007ff9278b1000 	C:\Users\XNOTE\.vscode\extensions\redhat.java-0.43.0\server\config_win\org.eclipse.osgi\20\0\.cp\jWinHttp-1.0.0.dll
0x00007ff9324e0000 - 0x00007ff932635000 	C:\WINDOWS\System32\ole32.dll
0x00007ff924560000 - 0x00007ff924651000 	C:\WINDOWS\SYSTEM32\WINHTTP.dll

VM Arguments:
jvm_args: -Declipse.application=org.eclipse.jdt.ls.core.id1 -Dosgi.bundles.defaultStartLevel=4 -Declipse.product=org.eclipse.jdt.ls.core.product -Dfile.encoding=utf8 -DwatchParentProcess=false -Xverify:none -Xmx1G -XX:+UseG1GC -XX:+UseStringDeduplication 
java_command: C:\Users\XNOTE\.vscode\extensions\redhat.java-0.43.0\server\plugins\org.eclipse.equinox.launcher_1.5.300.v20190213-1655.jar -configuration C:\Users\XNOTE\.vscode\extensions\redhat.java-0.43.0\server\config_win -data c:\Users\XNOTE\AppData\Roaming\Code\User\workspaceStorage\0bdfaac4224be0d618bdcf963b857abf\redhat.java\jdt_ws
java_class_path (initial): C:\Users\XNOTE\.vscode\extensions\redhat.java-0.43.0\server\plugins\org.eclipse.equinox.launcher_1.5.300.v20190213-1655.jar
Launcher Type: SUN_STANDARD

Environment Variables:
PATH=C:\Program Files (x86)\Common Files\Oracle\Java\javapath;C:\ProgramData\Oracle\Java\javapath;C:\python27;C:\WINDOWS\system32;C:\WINDOWS;C:\WINDOWS\System32\Wbem;C:\WINDOWS\System32\WindowsPowerShell\v1.0\;C:\Program Files (x86)\Windows Live\Shared;C:\WINDOWS\System32\OpenSSH\;C:\Program Files\PuTTY\;C:\Program Files\Microsoft VS Code\bin;C:\Program Files\Git\cmd;C:\Program Files\Java\jdk1.8.0_171\bin;%USERPROFILE%\AppData\Local\Microsoft\WindowsApps;
USERNAME=¹Î¿ì
OS=Windows_NT
PROCESSOR_IDENTIFIER=Intel64 Family 6 Model 58 Stepping 9, GenuineIntel



---------------  S Y S T E M  ---------------

OS: Windows 10.0 , 64 bit Build 17763 (10.0.17763.379)

CPU:total 4 (initial active 4) (2 cores per cpu, 2 threads per core) family 6 model 58 stepping 9, cmov, cx8, fxsr, mmx, sse, sse2, sse3, ssse3, sse4.1, sse4.2, popcnt, avx, clmul, erms, ht, tsc, tscinvbit, tscinv

Memory: 4k page, physical 4024712k(721100k free), swap 5445000k(5384k free)

vm_info: Java HotSpot(TM) 64-Bit Server VM (25.171-b11) for windows-amd64 JRE (1.8.0_171-b11), built on Mar 28 2018 16:06:12 by "java_re" with MS VC++ 10.0 (VS2010)

time: Thu May 02 03:01:25 2019
elapsed time: 45 seconds (0d 0h 0m 45s)

