#
# There is insufficient memory for the Java Runtime Environment to continue.
# Native memory allocation (malloc) failed to allocate 2432176 bytes for Chunk::new
# Possible reasons:
#   The system is out of physical RAM or swap space
#   In 32 bit mode, the process size limit was hit
# Possible solutions:
#   Reduce memory load on the system
#   Increase physical memory or swap space
#   Check if swap backing store is full
#   Use 64 bit Java on a 64 bit OS
#   Decrease Java heap size (-Xmx/-Xms)
#   Decrease number of Java threads
#   Decrease Java thread stack sizes (-Xss)
#   Set larger code cache with -XX:ReservedCodeCacheSize=
# This output file may be truncated or incomplete.
#
#  Out of Memory Error (allocation.cpp:390), pid=17712, tid=0x0000000000004820
#
# JRE version: Java(TM) SE Runtime Environment (8.0_171-b11) (build 1.8.0_171-b11)
# Java VM: Java HotSpot(TM) 64-Bit Server VM (25.171-b11 mixed mode windows-amd64 compressed oops)
# Failed to write core dump. Minidumps are not enabled by default on client versions of Windows
#

---------------  T H R E A D  ---------------

Current thread (0x0000000019370000):  JavaThread "C2 CompilerThread0" daemon [_thread_in_native, id=18464, stack(0x0000000019b40000,0x0000000019c40000)]

Stack: [0x0000000019b40000,0x0000000019c40000]
[error occurred during error reporting (printing stack bounds), id 0xc0000005]

Native frames: (J=compiled Java code, j=interpreted, Vv=VM code, C=native code)


Current CompileTask:
C2: 410280 13679       4       org.eclipse.jdt.internal.codeassist.CompletionEngine::findLocalMethods (2517 bytes)


---------------  P R O C E S S  ---------------

Java Threads: ( => current thread )
  0x000000001b48c800 JavaThread "pool-9-thread-1" [_thread_blocked, id=9472, stack(0x00000000285e0000,0x00000000286e0000)]
  0x000000001b485000 JavaThread "ForkJoinPool.commonPool-worker-2" daemon [_thread_blocked, id=17056, stack(0x00000000284e0000,0x00000000285e0000)]
  0x000000001b492000 JavaThread "ForkJoinPool.commonPool-worker-1" daemon [_thread_blocked, id=9460, stack(0x00000000283e0000,0x00000000284e0000)]
  0x000000001b48d800 JavaThread "ForkJoinPool.commonPool-worker-3" daemon [_thread_blocked, id=17828, stack(0x00000000281e0000,0x00000000282e0000)]
  0x000000001b48c000 JavaThread "Worker-9" [_thread_blocked, id=15660, stack(0x0000000027ee0000,0x0000000027fe0000)]
  0x000000001b489000 JavaThread "Worker-8" [_thread_blocked, id=16880, stack(0x00000000279e0000,0x0000000027ae0000)]
  0x000000001b48f000 JavaThread "Worker-6" [_thread_blocked, id=17076, stack(0x0000000025c80000,0x0000000025d80000)]
  0x000000001b48b000 JavaThread "Bundle File Closer" daemon [_thread_blocked, id=9892, stack(0x0000000022010000,0x0000000022110000)]
  0x000000001a763800 JavaThread "Worker-4" [_thread_blocked, id=12900, stack(0x0000000020190000,0x0000000020290000)]
  0x000000001b1dc000 JavaThread "pool-1-thread-1" [_thread_in_native, id=12456, stack(0x0000000020090000,0x0000000020190000)]
  0x000000001b190800 JavaThread "Java indexing" daemon [_thread_blocked, id=9952, stack(0x000000001cbc0000,0x000000001ccc0000)]
  0x000000001a0ef000 JavaThread "Worker-JM" [_thread_blocked, id=4592, stack(0x000000001bbf0000,0x000000001bcf0000)]
  0x000000001a772000 JavaThread "Start Level: Equinox Container: 06e45197-d54a-4e39-b09b-79282f87a15f" daemon [_thread_blocked, id=11328, stack(0x000000001baf0000,0x000000001bbf0000)]
  0x000000001a63d000 JavaThread "Framework Event Dispatcher: Equinox Container: 06e45197-d54a-4e39-b09b-79282f87a15f" daemon [_thread_blocked, id=9748, stack(0x000000001b9f0000,0x000000001baf0000)]
  0x000000001a3c5800 JavaThread "Active Thread: Equinox Container: 06e45197-d54a-4e39-b09b-79282f87a15f" [_thread_blocked, id=12896, stack(0x000000001b8f0000,0x000000001b9f0000)]
  0x00000000193e4800 JavaThread "Service Thread" daemon [_thread_blocked, id=2708, stack(0x0000000019e40000,0x0000000019f40000)]
  0x0000000019374000 JavaThread "C1 CompilerThread2" daemon [_thread_blocked, id=7668, stack(0x0000000019d40000,0x0000000019e40000)]
  0x0000000019371000 JavaThread "C2 CompilerThread1" daemon [_thread_blocked, id=10692, stack(0x0000000019c40000,0x0000000019d40000)]
=>0x0000000019370000 JavaThread "C2 CompilerThread0" daemon [_thread_in_native, id=18464, stack(0x0000000019b40000,0x0000000019c40000)]
  0x000000001936e000 JavaThread "Attach Listener" daemon [_thread_blocked, id=10868, stack(0x0000000019a40000,0x0000000019b40000)]
  0x0000000019357800 JavaThread "Signal Dispatcher" daemon [_thread_blocked, id=16756, stack(0x0000000019940000,0x0000000019a40000)]
  0x0000000019356800 JavaThread "Surrogate Locker Thread (Concurrent GC)" daemon [_thread_blocked, id=18872, stack(0x0000000019840000,0x0000000019940000)]
  0x00000000192cb800 JavaThread "Finalizer" daemon [_thread_blocked, id=13648, stack(0x0000000019740000,0x0000000019840000)]
  0x00000000192c3800 JavaThread "Reference Handler" daemon [_thread_blocked, id=9328, stack(0x0000000019640000,0x0000000019740000)]
  0x000000000176e000 JavaThread "main" [_thread_blocked, id=6280, stack(0x0000000003420000,0x0000000003520000)]

Other Threads:
  0x00000000192bf800 VMThread [stack: 0x0000000019060000,0x0000000019160000] [id=4880]
  0x00000000193c6800 WatcherThread [stack: 0x0000000019f40000,0x000000001a040000] [id=732]

VM state:not at safepoint (normal execution)

VM Mutex/Monitor currently owned by a thread: None

Heap:
 garbage-first heap   total 268288K, used 172468K [0x00000000c0000000, 0x00000000c0100830, 0x0000000100000000)
  region size 1024K, 64 young (65536K), 5 survivors (5120K)
 Metaspace       used 57095K, capacity 59900K, committed 60160K, reserved 1103872K
  class space    used 5604K, capacity 6542K, committed 6656K, reserved 1048576K

Heap Regions: (Y=young(eden), SU=young(survivor), HS=humongous(starts), HC=humongous(continues), CS=collection set, F=free, TS=gc time stamp, PTAMS=previous top-at-mark-start, NTAMS=next top-at-mark-start)
AC   0  O    TS     0 PTAMS 0x00000000c0100000 NTAMS 0x00000000c0100000 space 1024K, 100% used [0x00000000c0000000, 0x00000000c0100000)
AC   0  O    TS     0 PTAMS 0x00000000c0200000 NTAMS 0x00000000c0200000 space 1024K, 100% used [0x00000000c0100000, 0x00000000c0200000)
AC   0  O    TS     0 PTAMS 0x00000000c0300000 NTAMS 0x00000000c0300000 space 1024K, 100% used [0x00000000c0200000, 0x00000000c0300000)
AC   0  O    TS     0 PTAMS 0x00000000c0400000 NTAMS 0x00000000c0400000 space 1024K, 100% used [0x00000000c0300000, 0x00000000c0400000)
AC   0  O    TS     0 PTAMS 0x00000000c0500000 NTAMS 0x00000000c0500000 space 1024K, 100% used [0x00000000c0400000, 0x00000000c0500000)
AC   0  O    TS     0 PTAMS 0x00000000c0600000 NTAMS 0x00000000c0600000 space 1024K, 100% used [0x00000000c0500000, 0x00000000c0600000)
AC   0  O    TS     0 PTAMS 0x00000000c0700000 NTAMS 0x00000000c0700000 space 1024K, 100% used [0x00000000c0600000, 0x00000000c0700000)
AC   0  O    TS     0 PTAMS 0x00000000c0800000 NTAMS 0x00000000c0800000 space 1024K, 100% used [0x00000000c0700000, 0x00000000c0800000)
AC   0  O    TS     0 PTAMS 0x00000000c0900000 NTAMS 0x00000000c0900000 space 1024K, 100% used [0x00000000c0800000, 0x00000000c0900000)
AC   0  O    TS     0 PTAMS 0x00000000c0a00000 NTAMS 0x00000000c0a00000 space 1024K, 100% used [0x00000000c0900000, 0x00000000c0a00000)
AC   0  O    TS     0 PTAMS 0x00000000c0b00000 NTAMS 0x00000000c0b00000 space 1024K, 100% used [0x00000000c0a00000, 0x00000000c0b00000)
AC   0  O    TS     0 PTAMS 0x00000000c0c00000 NTAMS 0x00000000c0c00000 space 1024K, 100% used [0x00000000c0b00000, 0x00000000c0c00000)
AC   0  O    TS     0 PTAMS 0x00000000c0d00000 NTAMS 0x00000000c0d00000 space 1024K, 100% used [0x00000000c0c00000, 0x00000000c0d00000)
AC   0  O    TS     0 PTAMS 0x00000000c0e00000 NTAMS 0x00000000c0e00000 space 1024K, 100% used [0x00000000c0d00000, 0x00000000c0e00000)
AC   0  O    TS     0 PTAMS 0x00000000c0f00000 NTAMS 0x00000000c0f00000 space 1024K, 100% used [0x00000000c0e00000, 0x00000000c0f00000)
AC   0  O    TS     0 PTAMS 0x00000000c1000000 NTAMS 0x00000000c1000000 space 1024K, 100% used [0x00000000c0f00000, 0x00000000c1000000)
AC   0  O    TS     0 PTAMS 0x00000000c1100000 NTAMS 0x00000000c1100000 space 1024K, 100% used [0x00000000c1000000, 0x00000000c1100000)
AC   0  O    TS     0 PTAMS 0x00000000c1200000 NTAMS 0x00000000c1200000 space 1024K, 100% used [0x00000000c1100000, 0x00000000c1200000)
AC   0  O    TS     0 PTAMS 0x00000000c1300000 NTAMS 0x00000000c1300000 space 1024K, 100% used [0x00000000c1200000, 0x00000000c1300000)
AC   0  O    TS     0 PTAMS 0x00000000c1400000 NTAMS 0x00000000c1400000 space 1024K, 100% used [0x00000000c1300000, 0x00000000c1400000)
AC   0  O    TS     0 PTAMS 0x00000000c1500000 NTAMS 0x00000000c1500000 space 1024K, 100% used [0x00000000c1400000, 0x00000000c1500000)
AC   0  O    TS     0 PTAMS 0x00000000c1600000 NTAMS 0x00000000c1600000 space 1024K, 100% used [0x00000000c1500000, 0x00000000c1600000)
AC   0  O    TS     0 PTAMS 0x00000000c1700000 NTAMS 0x00000000c1700000 space 1024K, 100% used [0x00000000c1600000, 0x00000000c1700000)
AC   0  O    TS     0 PTAMS 0x00000000c1800000 NTAMS 0x00000000c1800000 space 1024K, 100% used [0x00000000c1700000, 0x00000000c1800000)
AC   0  O    TS     0 PTAMS 0x00000000c1900000 NTAMS 0x00000000c1900000 space 1024K, 100% used [0x00000000c1800000, 0x00000000c1900000)
AC   0  O    TS     0 PTAMS 0x00000000c1a00000 NTAMS 0x00000000c1a00000 space 1024K, 100% used [0x00000000c1900000, 0x00000000c1a00000)
AC   0  O    TS     0 PTAMS 0x00000000c1b00000 NTAMS 0x00000000c1b00000 space 1024K, 100% used [0x00000000c1a00000, 0x00000000c1b00000)
AC   0  O    TS     0 PTAMS 0x00000000c1c00000 NTAMS 0x00000000c1c00000 space 1024K, 100% used [0x00000000c1b00000, 0x00000000c1c00000)
AC   0 HS    TS     0 PTAMS 0x00000000c1cb8848 NTAMS 0x00000000c1cb8848 space 1024K,  72% used [0x00000000c1c00000, 0x00000000c1d00000)
AC   0  O    TS     0 PTAMS 0x00000000c1e00000 NTAMS 0x00000000c1e00000 space 1024K, 100% used [0x00000000c1d00000, 0x00000000c1e00000)
AC   0 HS    TS     0 PTAMS 0x00000000c1e00000 NTAMS 0x00000000c1e00000 space 1024K,  56% used [0x00000000c1e00000, 0x00000000c1f00000)
AC   0  O    TS     0 PTAMS 0x00000000c2000000 NTAMS 0x00000000c2000000 space 1024K, 100% used [0x00000000c1f00000, 0x00000000c2000000)
AC   0  O    TS     0 PTAMS 0x00000000c2100000 NTAMS 0x00000000c2100000 space 1024K, 100% used [0x00000000c2000000, 0x00000000c2100000)
AC   0  O    TS     0 PTAMS 0x00000000c2200000 NTAMS 0x00000000c2200000 space 1024K, 100% used [0x00000000c2100000, 0x00000000c2200000)
AC   0 HS    TS     0 PTAMS 0x00000000c2280010 NTAMS 0x00000000c2280010 space 1024K,  50% used [0x00000000c2200000, 0x00000000c2300000)
AC   0  O    TS     0 PTAMS 0x00000000c2400000 NTAMS 0x00000000c2400000 space 1024K, 100% used [0x00000000c2300000, 0x00000000c2400000)
AC   0  O    TS     0 PTAMS 0x00000000c2500000 NTAMS 0x00000000c2500000 space 1024K, 100% used [0x00000000c2400000, 0x00000000c2500000)
AC   0  O    TS     0 PTAMS 0x00000000c2600000 NTAMS 0x00000000c2600000 space 1024K, 100% used [0x00000000c2500000, 0x00000000c2600000)
AC   0 HS    TS     0 PTAMS 0x00000000c2600000 NTAMS 0x00000000c2600000 space 1024K,  60% used [0x00000000c2600000, 0x00000000c2700000)
AC   0  O    TS     3 PTAMS 0x00000000c2700000 NTAMS 0x00000000c2700000 space 1024K, 100% used [0x00000000c2700000, 0x00000000c2800000)
AC   0  O    TS     0 PTAMS 0x00000000c2900000 NTAMS 0x00000000c2900000 space 1024K, 100% used [0x00000000c2800000, 0x00000000c2900000)
AC   0  O    TS     0 PTAMS 0x00000000c2a00000 NTAMS 0x00000000c2a00000 space 1024K, 100% used [0x00000000c2900000, 0x00000000c2a00000)
AC   0  O    TS     0 PTAMS 0x00000000c2b00000 NTAMS 0x00000000c2b00000 space 1024K, 100% used [0x00000000c2a00000, 0x00000000c2b00000)
AC   0  O    TS     5 PTAMS 0x00000000c2b00000 NTAMS 0x00000000c2b00000 space 1024K, 100% used [0x00000000c2b00000, 0x00000000c2c00000)
AC   0  O    TS     3 PTAMS 0x00000000c2c00000 NTAMS 0x00000000c2c00000 space 1024K, 100% used [0x00000000c2c00000, 0x00000000c2d00000)
AC   0  O    TS     0 PTAMS 0x00000000c2e00000 NTAMS 0x00000000c2e00000 space 1024K, 100% used [0x00000000c2d00000, 0x00000000c2e00000)
AC   0  O    TS     0 PTAMS 0x00000000c2f00000 NTAMS 0x00000000c2f00000 space 1024K, 100% used [0x00000000c2e00000, 0x00000000c2f00000)
AC   0  O    TS     5 PTAMS 0x00000000c2f00000 NTAMS 0x00000000c2f00000 space 1024K, 100% used [0x00000000c2f00000, 0x00000000c3000000)
AC   0 HS    TS     0 PTAMS 0x00000000c3000000 NTAMS 0x00000000c3000000 space 2048K,  56% used [0x00000000c3000000, 0x00000000c3200000)
AC   0 HC    TS     0 PTAMS 0x00000000c3100000 NTAMS 0x00000000c3100000 space 1024K,  12% used [0x00000000c3100000, 0x00000000c3200000)
AC   0  O    TS     0 PTAMS 0x00000000c3300000 NTAMS 0x00000000c3300000 space 1024K, 100% used [0x00000000c3200000, 0x00000000c3300000)
AC   0  O    TS     5 PTAMS 0x00000000c3300000 NTAMS 0x00000000c3300000 space 1024K, 100% used [0x00000000c3300000, 0x00000000c3400000)
AC   0  O    TS     0 PTAMS 0x00000000c3500000 NTAMS 0x00000000c3500000 space 1024K, 100% used [0x00000000c3400000, 0x00000000c3500000)
AC   0  O    TS     5 PTAMS 0x00000000c3500000 NTAMS 0x00000000c3500000 space 1024K, 100% used [0x00000000c3500000, 0x00000000c3600000)
AC   0 HS    TS     0 PTAMS 0x00000000c3600000 NTAMS 0x00000000c3600000 space 1024K,  91% used [0x00000000c3600000, 0x00000000c3700000)
AC   0  O    TS     5 PTAMS 0x00000000c3700000 NTAMS 0x00000000c3700000 space 1024K, 100% used [0x00000000c3700000, 0x00000000c3800000)
AC   0  O    TS     5 PTAMS 0x00000000c3800000 NTAMS 0x00000000c3800000 space 1024K, 100% used [0x00000000c3800000, 0x00000000c3900000)
AC   0  F    TS     0 PTAMS 0x00000000c3900000 NTAMS 0x00000000c3900000 space 1024K,   0% used [0x00000000c3900000, 0x00000000c3a00000)
AC   0  O    TS     3 PTAMS 0x00000000c3a00000 NTAMS 0x00000000c3a00000 space 1024K, 100% used [0x00000000c3a00000, 0x00000000c3b00000)
AC   0  O    TS     3 PTAMS 0x00000000c3b00000 NTAMS 0x00000000c3b00000 space 1024K, 100% used [0x00000000c3b00000, 0x00000000c3c00000)
AC   0  O    TS     3 PTAMS 0x00000000c3c00000 NTAMS 0x00000000c3c00000 space 1024K, 100% used [0x00000000c3c00000, 0x00000000c3d00000)
AC   0  O    TS     5 PTAMS 0x00000000c3d00000 NTAMS 0x00000000c3d00000 space 1024K, 100% used [0x00000000c3d00000, 0x00000000c3e00000)
AC   0  O    TS     5 PTAMS 0x00000000c3e00000 NTAMS 0x00000000c3e00000 space 1024K, 100% used [0x00000000c3e00000, 0x00000000c3f00000)
AC   0  O    TS     5 PTAMS 0x00000000c3f00000 NTAMS 0x00000000c3f00000 space 1024K, 100% used [0x00000000c3f00000, 0x00000000c4000000)
AC   0  O    TS     0 PTAMS 0x00000000c4100000 NTAMS 0x00000000c4100000 space 1024K, 100% used [0x00000000c4000000, 0x00000000c4100000)
AC   0  O    TS     0 PTAMS 0x00000000c4200000 NTAMS 0x00000000c4200000 space 1024K, 100% used [0x00000000c4100000, 0x00000000c4200000)
AC   0  O    TS     5 PTAMS 0x00000000c4200000 NTAMS 0x00000000c4200000 space 1024K, 100% used [0x00000000c4200000, 0x00000000c4300000)
AC   0  F    TS     0 PTAMS 0x00000000c4300000 NTAMS 0x00000000c4300000 space 1024K,   0% used [0x00000000c4300000, 0x00000000c4400000)
AC   0  O    TS     0 PTAMS 0x00000000c4500000 NTAMS 0x00000000c4500000 space 1024K, 100% used [0x00000000c4400000, 0x00000000c4500000)
AC   0  O    TS     0 PTAMS 0x00000000c4600000 NTAMS 0x00000000c4600000 space 1024K, 100% used [0x00000000c4500000, 0x00000000c4600000)
AC   0  F    TS     0 PTAMS 0x00000000c4600000 NTAMS 0x00000000c4600000 space 1024K,   0% used [0x00000000c4600000, 0x00000000c4700000)
AC   0  O    TS     0 PTAMS 0x00000000c4800000 NTAMS 0x00000000c4800000 space 1024K, 100% used [0x00000000c4700000, 0x00000000c4800000)
AC   0  O    TS     0 PTAMS 0x00000000c4900000 NTAMS 0x00000000c4900000 space 1024K, 100% used [0x00000000c4800000, 0x00000000c4900000)
AC   0  F    TS     0 PTAMS 0x00000000c4900000 NTAMS 0x00000000c4900000 space 1024K,   0% used [0x00000000c4900000, 0x00000000c4a00000)
AC   0  O    TS     5 PTAMS 0x00000000c4a00000 NTAMS 0x00000000c4a00000 space 1024K, 100% used [0x00000000c4a00000, 0x00000000c4b00000)
AC   0  F    TS     0 PTAMS 0x00000000c4b00000 NTAMS 0x00000000c4b00000 space 1024K,   0% used [0x00000000c4b00000, 0x00000000c4c00000)
AC   0  O    TS     0 PTAMS 0x00000000c4d00000 NTAMS 0x00000000c4d00000 space 1024K, 100% used [0x00000000c4c00000, 0x00000000c4d00000)
AC   0  O    TS     0 PTAMS 0x00000000c4e00000 NTAMS 0x00000000c4e00000 space 1024K, 100% used [0x00000000c4d00000, 0x00000000c4e00000)
AC   0  O    TS     0 PTAMS 0x00000000c4f00000 NTAMS 0x00000000c4f00000 space 1024K, 100% used [0x00000000c4e00000, 0x00000000c4f00000)
AC   0  O    TS     0 PTAMS 0x00000000c5000000 NTAMS 0x00000000c5000000 space 1024K, 100% used [0x00000000c4f00000, 0x00000000c5000000)
AC   0  O    TS     0 PTAMS 0x00000000c5100000 NTAMS 0x00000000c5100000 space 1024K, 100% used [0x00000000c5000000, 0x00000000c5100000)
AC   0  F    TS     0 PTAMS 0x00000000c5100000 NTAMS 0x00000000c5100000 space 1024K,   0% used [0x00000000c5100000, 0x00000000c5200000)
AC   0  O    TS     5 PTAMS 0x00000000c5200000 NTAMS 0x00000000c5200000 space 1024K, 100% used [0x00000000c5200000, 0x00000000c5300000)
AC   0  F    TS     0 PTAMS 0x00000000c5300000 NTAMS 0x00000000c5300000 space 1024K,   0% used [0x00000000c5300000, 0x00000000c5400000)
AC   0  O    TS     0 PTAMS 0x00000000c5500000 NTAMS 0x00000000c5500000 space 1024K, 100% used [0x00000000c5400000, 0x00000000c5500000)
AC   0  O    TS     0 PTAMS 0x00000000c5600000 NTAMS 0x00000000c5600000 space 1024K, 100% used [0x00000000c5500000, 0x00000000c5600000)
AC   0  O    TS     0 PTAMS 0x00000000c5700000 NTAMS 0x00000000c5700000 space 1024K, 100% used [0x00000000c5600000, 0x00000000c5700000)
AC   0  O    TS     5 PTAMS 0x00000000c5700000 NTAMS 0x00000000c5700000 space 1024K, 100% used [0x00000000c5700000, 0x00000000c5800000)
AC   0  O    TS     0 PTAMS 0x00000000c5900000 NTAMS 0x00000000c5900000 space 1024K, 100% used [0x00000000c5800000, 0x00000000c5900000)
AC   0  O    TS     0 PTAMS 0x00000000c5a00000 NTAMS 0x00000000c5a00000 space 1024K, 100% used [0x00000000c5900000, 0x00000000c5a00000)
AC   0  O    TS     0 PTAMS 0x00000000c5b00000 NTAMS 0x00000000c5b00000 space 1024K, 100% used [0x00000000c5a00000, 0x00000000c5b00000)
AC   0  F    TS     0 PTAMS 0x00000000c5b00000 NTAMS 0x00000000c5b00000 space 1024K,   0% used [0x00000000c5b00000, 0x00000000c5c00000)
AC   0  O    TS     3 PTAMS 0x00000000c5c00000 NTAMS 0x00000000c5c00000 space 1024K, 100% used [0x00000000c5c00000, 0x00000000c5d00000)
AC   0  O    TS     3 PTAMS 0x00000000c5d00000 NTAMS 0x00000000c5d00000 space 1024K, 100% used [0x00000000c5d00000, 0x00000000c5e00000)
AC   0  O    TS     3 PTAMS 0x00000000c5e00000 NTAMS 0x00000000c5e00000 space 1024K, 100% used [0x00000000c5e00000, 0x00000000c5f00000)
AC   0  O    TS     3 PTAMS 0x00000000c5f00000 NTAMS 0x00000000c5f00000 space 1024K, 100% used [0x00000000c5f00000, 0x00000000c6000000)
AC   0  O    TS     0 PTAMS 0x00000000c6100000 NTAMS 0x00000000c6100000 space 1024K, 100% used [0x00000000c6000000, 0x00000000c6100000)
AC   0  O    TS     0 PTAMS 0x00000000c6200000 NTAMS 0x00000000c6200000 space 1024K, 100% used [0x00000000c6100000, 0x00000000c6200000)
AC   0  O    TS    11 PTAMS 0x00000000c6200000 NTAMS 0x00000000c6200000 space 1024K,  50% used [0x00000000c6200000, 0x00000000c6300000)
AC   0  F    TS     0 PTAMS 0x00000000c6300000 NTAMS 0x00000000c6300000 space 1024K,   0% used [0x00000000c6300000, 0x00000000c6400000)
AC   0  O    TS     0 PTAMS 0x00000000c6500000 NTAMS 0x00000000c6500000 space 1024K, 100% used [0x00000000c6400000, 0x00000000c6500000)
AC   0  O    TS     0 PTAMS 0x00000000c6600000 NTAMS 0x00000000c6600000 space 1024K, 100% used [0x00000000c6500000, 0x00000000c6600000)
AC   0  F    TS     0 PTAMS 0x00000000c6600000 NTAMS 0x00000000c6600000 space 1024K,   0% used [0x00000000c6600000, 0x00000000c6700000)
AC   0  O    TS     3 PTAMS 0x00000000c6700000 NTAMS 0x00000000c6700000 space 1024K, 100% used [0x00000000c6700000, 0x00000000c6800000)
AC   0  O    TS     3 PTAMS 0x00000000c6800000 NTAMS 0x00000000c6800000 space 1024K, 100% used [0x00000000c6800000, 0x00000000c6900000)
AC   0  O    TS     3 PTAMS 0x00000000c6900000 NTAMS 0x00000000c6900000 space 1024K, 100% used [0x00000000c6900000, 0x00000000c6a00000)
AC   0  O    TS     3 PTAMS 0x00000000c6a00000 NTAMS 0x00000000c6a00000 space 1024K, 100% used [0x00000000c6a00000, 0x00000000c6b00000)
AC   0  F    TS     0 PTAMS 0x00000000c6b00000 NTAMS 0x00000000c6b00000 space 1024K,   0% used [0x00000000c6b00000, 0x00000000c6c00000)
AC   0  F    TS     0 PTAMS 0x00000000c6c00000 NTAMS 0x00000000c6c00000 space 1024K,   0% used [0x00000000c6c00000, 0x00000000c6d00000)
AC   0  F    TS     0 PTAMS 0x00000000c6d00000 NTAMS 0x00000000c6d00000 space 1024K,   0% used [0x00000000c6d00000, 0x00000000c6e00000)
AC   0  F    TS     0 PTAMS 0x00000000c6e00000 NTAMS 0x00000000c6e00000 space 1024K,   0% used [0x00000000c6e00000, 0x00000000c6f00000)
AC   0  O    TS     3 PTAMS 0x00000000c6f00000 NTAMS 0x00000000c6f00000 space 1024K, 100% used [0x00000000c6f00000, 0x00000000c7000000)
AC   0  F    TS     0 PTAMS 0x00000000c7000000 NTAMS 0x00000000c7000000 space 1024K,   0% used [0x00000000c7000000, 0x00000000c7100000)
AC   0  F    TS     0 PTAMS 0x00000000c7100000 NTAMS 0x00000000c7100000 space 1024K,   0% used [0x00000000c7100000, 0x00000000c7200000)
AC   0  F    TS     0 PTAMS 0x00000000c7200000 NTAMS 0x00000000c7200000 space 1024K,   0% used [0x00000000c7200000, 0x00000000c7300000)
AC   0  F    TS     0 PTAMS 0x00000000c7300000 NTAMS 0x00000000c7300000 space 1024K,   0% used [0x00000000c7300000, 0x00000000c7400000)
AC   0  F    TS     0 PTAMS 0x00000000c7400000 NTAMS 0x00000000c7400000 space 1024K,   0% used [0x00000000c7400000, 0x00000000c7500000)
AC   0  F    TS     0 PTAMS 0x00000000c7500000 NTAMS 0x00000000c7500000 space 1024K,   0% used [0x00000000c7500000, 0x00000000c7600000)
AC   0  O    TS     3 PTAMS 0x00000000c7600000 NTAMS 0x00000000c7600000 space 1024K, 100% used [0x00000000c7600000, 0x00000000c7700000)
AC   0  F    TS     0 PTAMS 0x00000000c7700000 NTAMS 0x00000000c7700000 space 1024K,   0% used [0x00000000c7700000, 0x00000000c7800000)
AC   0  F    TS     0 PTAMS 0x00000000c7800000 NTAMS 0x00000000c7800000 space 1024K,   0% used [0x00000000c7800000, 0x00000000c7900000)
AC   0  F    TS     0 PTAMS 0x00000000c7900000 NTAMS 0x00000000c7900000 space 1024K,   0% used [0x00000000c7900000, 0x00000000c7a00000)
AC   0  F    TS     0 PTAMS 0x00000000c7a00000 NTAMS 0x00000000c7a00000 space 1024K,   0% used [0x00000000c7a00000, 0x00000000c7b00000)
AC   0  F    TS     0 PTAMS 0x00000000c7b00000 NTAMS 0x00000000c7b00000 space 1024K,   0% used [0x00000000c7b00000, 0x00000000c7c00000)
AC   0  F    TS     0 PTAMS 0x00000000c7c00000 NTAMS 0x00000000c7c00000 space 1024K,   0% used [0x00000000c7c00000, 0x00000000c7d00000)
AC   0  F    TS     0 PTAMS 0x00000000c7d00000 NTAMS 0x00000000c7d00000 space 1024K,   0% used [0x00000000c7d00000, 0x00000000c7e00000)
AC   0  F    TS     0 PTAMS 0x00000000c7e00000 NTAMS 0x00000000c7e00000 space 1024K,   0% used [0x00000000c7e00000, 0x00000000c7f00000)
AC   0  F    TS     0 PTAMS 0x00000000c7f00000 NTAMS 0x00000000c7f00000 space 1024K,   0% used [0x00000000c7f00000, 0x00000000c8000000)
AC   0  S CS TS    11 PTAMS 0x00000000c8000000 NTAMS 0x00000000c8000000 space 1024K,  49% used [0x00000000c8000000, 0x00000000c8100000)
AC   0  F    TS     9 PTAMS 0x00000000c8100000 NTAMS 0x00000000c8100000 space 1024K,   0% used [0x00000000c8100000, 0x00000000c8200000)
AC   0  F    TS     9 PTAMS 0x00000000c8200000 NTAMS 0x00000000c8200000 space 1024K,   0% used [0x00000000c8200000, 0x00000000c8300000)
AC   0  F    TS     9 PTAMS 0x00000000c8300000 NTAMS 0x00000000c8300000 space 1024K,   0% used [0x00000000c8300000, 0x00000000c8400000)
AC   0  F    TS     9 PTAMS 0x00000000c8400000 NTAMS 0x00000000c8400000 space 1024K,   0% used [0x00000000c8400000, 0x00000000c8500000)
AC   0  S CS TS    11 PTAMS 0x00000000c8500000 NTAMS 0x00000000c8500000 space 1024K, 100% used [0x00000000c8500000, 0x00000000c8600000)
AC   0  S CS TS    11 PTAMS 0x00000000c8600000 NTAMS 0x00000000c8600000 space 1024K, 100% used [0x00000000c8600000, 0x00000000c8700000)
AC   0  S CS TS    11 PTAMS 0x00000000c8700000 NTAMS 0x00000000c8700000 space 1024K, 100% used [0x00000000c8700000, 0x00000000c8800000)
AC   0  S CS TS    11 PTAMS 0x00000000c8800000 NTAMS 0x00000000c8800000 space 1024K, 100% used [0x00000000c8800000, 0x00000000c8900000)
AC   0  F    TS     9 PTAMS 0x00000000c8900000 NTAMS 0x00000000c8900000 space 1024K,   0% used [0x00000000c8900000, 0x00000000c8a00000)
AC   0  F    TS     0 PTAMS 0x00000000c8a00000 NTAMS 0x00000000c8a00000 space 1024K,   0% used [0x00000000c8a00000, 0x00000000c8b00000)
AC   0  F    TS     0 PTAMS 0x00000000c8b00000 NTAMS 0x00000000c8b00000 space 1024K,   0% used [0x00000000c8b00000, 0x00000000c8c00000)
AC   0  F    TS     0 PTAMS 0x00000000c8c00000 NTAMS 0x00000000c8c00000 space 1024K,   0% used [0x00000000c8c00000, 0x00000000c8d00000)
AC   0  F    TS     0 PTAMS 0x00000000c8d00000 NTAMS 0x00000000c8d00000 space 1024K,   0% used [0x00000000c8d00000, 0x00000000c8e00000)
AC   0  F    TS     0 PTAMS 0x00000000c8e00000 NTAMS 0x00000000c8e00000 space 1024K,   0% used [0x00000000c8e00000, 0x00000000c8f00000)
AC   0  F    TS     0 PTAMS 0x00000000c8f00000 NTAMS 0x00000000c8f00000 space 1024K,   0% used [0x00000000c8f00000, 0x00000000c9000000)
AC   0  F    TS     0 PTAMS 0x00000000c9000000 NTAMS 0x00000000c9000000 space 1024K,   0% used [0x00000000c9000000, 0x00000000c9100000)
AC   0  F    TS     0 PTAMS 0x00000000c9100000 NTAMS 0x00000000c9100000 space 1024K,   0% used [0x00000000c9100000, 0x00000000c9200000)
AC   0  F    TS     0 PTAMS 0x00000000c9200000 NTAMS 0x00000000c9200000 space 1024K,   0% used [0x00000000c9200000, 0x00000000c9300000)
AC   0  F    TS     0 PTAMS 0x00000000c9300000 NTAMS 0x00000000c9300000 space 1024K,   0% used [0x00000000c9300000, 0x00000000c9400000)
AC   0  F    TS     0 PTAMS 0x00000000c9400000 NTAMS 0x00000000c9400000 space 1024K,   0% used [0x00000000c9400000, 0x00000000c9500000)
AC   0  F    TS     0 PTAMS 0x00000000c9500000 NTAMS 0x00000000c9500000 space 1024K,   0% used [0x00000000c9500000, 0x00000000c9600000)
AC   0  F    TS     1 PTAMS 0x00000000c9600000 NTAMS 0x00000000c9600000 space 1024K,   0% used [0x00000000c9600000, 0x00000000c9700000)
AC   0  F    TS     1 PTAMS 0x00000000c9700000 NTAMS 0x00000000c9700000 space 1024K,   0% used [0x00000000c9700000, 0x00000000c9800000)
AC   0  F    TS     1 PTAMS 0x00000000c9800000 NTAMS 0x00000000c9800000 space 1024K,   0% used [0x00000000c9800000, 0x00000000c9900000)
AC   0  F    TS     1 PTAMS 0x00000000c9900000 NTAMS 0x00000000c9900000 space 1024K,   0% used [0x00000000c9900000, 0x00000000c9a00000)
AC   0  F    TS     1 PTAMS 0x00000000c9a00000 NTAMS 0x00000000c9a00000 space 1024K,   0% used [0x00000000c9a00000, 0x00000000c9b00000)
AC   0  F    TS     1 PTAMS 0x00000000c9b00000 NTAMS 0x00000000c9b00000 space 1024K,   0% used [0x00000000c9b00000, 0x00000000c9c00000)
AC   0  F    TS     1 PTAMS 0x00000000c9c00000 NTAMS 0x00000000c9c00000 space 1024K,   0% used [0x00000000c9c00000, 0x00000000c9d00000)
AC   0  F    TS     1 PTAMS 0x00000000c9d00000 NTAMS 0x00000000c9d00000 space 1024K,   0% used [0x00000000c9d00000, 0x00000000c9e00000)
AC   0  F    TS     0 PTAMS 0x00000000c9e00000 NTAMS 0x00000000c9e00000 space 1024K,   0% used [0x00000000c9e00000, 0x00000000c9f00000)
AC   0  F    TS     0 PTAMS 0x00000000c9f00000 NTAMS 0x00000000c9f00000 space 1024K,   0% used [0x00000000c9f00000, 0x00000000ca000000)
AC   0  F    TS     0 PTAMS 0x00000000ca000000 NTAMS 0x00000000ca000000 space 1024K,   0% used [0x00000000ca000000, 0x00000000ca100000)
AC   0  F    TS     0 PTAMS 0x00000000ca100000 NTAMS 0x00000000ca100000 space 1024K,   0% used [0x00000000ca100000, 0x00000000ca200000)
AC   0  F    TS     0 PTAMS 0x00000000ca200000 NTAMS 0x00000000ca200000 space 1024K,   0% used [0x00000000ca200000, 0x00000000ca300000)
AC   0  F    TS     0 PTAMS 0x00000000ca300000 NTAMS 0x00000000ca300000 space 1024K,   0% used [0x00000000ca300000, 0x00000000ca400000)
AC   0  F    TS     0 PTAMS 0x00000000ca400000 NTAMS 0x00000000ca400000 space 1024K,   0% used [0x00000000ca400000, 0x00000000ca500000)
AC   0  F    TS     1 PTAMS 0x00000000ca500000 NTAMS 0x00000000ca500000 space 1024K,   0% used [0x00000000ca500000, 0x00000000ca600000)
AC   0  F    TS     1 PTAMS 0x00000000ca600000 NTAMS 0x00000000ca600000 space 1024K,   0% used [0x00000000ca600000, 0x00000000ca700000)
AC   0  F    TS     1 PTAMS 0x00000000ca700000 NTAMS 0x00000000ca700000 space 1024K,   0% used [0x00000000ca700000, 0x00000000ca800000)
AC   0  F    TS     0 PTAMS 0x00000000ca800000 NTAMS 0x00000000ca800000 space 1024K,   0% used [0x00000000ca800000, 0x00000000ca900000)
AC   0  F    TS     0 PTAMS 0x00000000ca900000 NTAMS 0x00000000ca900000 space 1024K,   0% used [0x00000000ca900000, 0x00000000caa00000)
AC   0  F    TS     0 PTAMS 0x00000000caa00000 NTAMS 0x00000000caa00000 space 1024K,   0% used [0x00000000caa00000, 0x00000000cab00000)
AC   0  F    TS     0 PTAMS 0x00000000cab00000 NTAMS 0x00000000cab00000 space 1024K,   0% used [0x00000000cab00000, 0x00000000cac00000)
AC   0  F    TS     0 PTAMS 0x00000000cac00000 NTAMS 0x00000000cac00000 space 1024K,   0% used [0x00000000cac00000, 0x00000000cad00000)
AC   0  F    TS     0 PTAMS 0x00000000cad00000 NTAMS 0x00000000cad00000 space 1024K,   0% used [0x00000000cad00000, 0x00000000cae00000)
AC   0  F    TS     0 PTAMS 0x00000000cae00000 NTAMS 0x00000000cae00000 space 1024K,   0% used [0x00000000cae00000, 0x00000000caf00000)
AC   0  F    TS     0 PTAMS 0x00000000caf00000 NTAMS 0x00000000caf00000 space 1024K,   0% used [0x00000000caf00000, 0x00000000cb000000)
AC   0  F    TS     0 PTAMS 0x00000000cb000000 NTAMS 0x00000000cb000000 space 1024K,   0% used [0x00000000cb000000, 0x00000000cb100000)
AC   0  F    TS     0 PTAMS 0x00000000cb100000 NTAMS 0x00000000cb100000 space 1024K,   0% used [0x00000000cb100000, 0x00000000cb200000)
AC   0  F    TS     0 PTAMS 0x00000000cb200000 NTAMS 0x00000000cb200000 space 1024K,   0% used [0x00000000cb200000, 0x00000000cb300000)
AC   0  F    TS     0 PTAMS 0x00000000cb300000 NTAMS 0x00000000cb300000 space 1024K,   0% used [0x00000000cb300000, 0x00000000cb400000)
AC   0  F    TS     0 PTAMS 0x00000000cb400000 NTAMS 0x00000000cb400000 space 1024K,   0% used [0x00000000cb400000, 0x00000000cb500000)
AC   0  F    TS     0 PTAMS 0x00000000cb500000 NTAMS 0x00000000cb500000 space 1024K,   0% used [0x00000000cb500000, 0x00000000cb600000)
AC   0  F    TS     0 PTAMS 0x00000000cb600000 NTAMS 0x00000000cb600000 space 1024K,   0% used [0x00000000cb600000, 0x00000000cb700000)
AC   0  F    TS     0 PTAMS 0x00000000cb700000 NTAMS 0x00000000cb700000 space 1024K,   0% used [0x00000000cb700000, 0x00000000cb800000)
AC   0  F    TS     0 PTAMS 0x00000000cb800000 NTAMS 0x00000000cb800000 space 1024K,   0% used [0x00000000cb800000, 0x00000000cb900000)
AC   0  F    TS     0 PTAMS 0x00000000cb900000 NTAMS 0x00000000cb900000 space 1024K,   0% used [0x00000000cb900000, 0x00000000cba00000)
AC   0  F    TS     0 PTAMS 0x00000000cba00000 NTAMS 0x00000000cba00000 space 1024K,   0% used [0x00000000cba00000, 0x00000000cbb00000)
AC   0  F    TS     0 PTAMS 0x00000000cbb00000 NTAMS 0x00000000cbb00000 space 1024K,   0% used [0x00000000cbb00000, 0x00000000cbc00000)
AC   0  F    TS     0 PTAMS 0x00000000cbc00000 NTAMS 0x00000000cbc00000 space 1024K,   0% used [0x00000000cbc00000, 0x00000000cbd00000)
AC   0  F    TS     0 PTAMS 0x00000000cbd00000 NTAMS 0x00000000cbd00000 space 1024K,   0% used [0x00000000cbd00000, 0x00000000cbe00000)
AC   0  F    TS     0 PTAMS 0x00000000cbe00000 NTAMS 0x00000000cbe00000 space 1024K,   0% used [0x00000000cbe00000, 0x00000000cbf00000)
AC   0  F    TS     0 PTAMS 0x00000000cbf00000 NTAMS 0x00000000cbf00000 space 1024K,   0% used [0x00000000cbf00000, 0x00000000cc000000)
AC   0  F    TS     0 PTAMS 0x00000000cc000000 NTAMS 0x00000000cc000000 space 1024K,   0% used [0x00000000cc000000, 0x00000000cc100000)
AC   0  E    TS     0 PTAMS 0x00000000cc100000 NTAMS 0x00000000cc100000 space 1024K,   2% used [0x00000000cc100000, 0x00000000cc200000)
AC   0  E CS TS     0 PTAMS 0x00000000cc200000 NTAMS 0x00000000cc200000 space 1024K, 100% used [0x00000000cc200000, 0x00000000cc300000)
AC   0  E CS TS     0 PTAMS 0x00000000cc300000 NTAMS 0x00000000cc300000 space 1024K, 100% used [0x00000000cc300000, 0x00000000cc400000)
AC   0  E CS TS     0 PTAMS 0x00000000cc400000 NTAMS 0x00000000cc400000 space 1024K, 100% used [0x00000000cc400000, 0x00000000cc500000)
AC   0  E CS TS     0 PTAMS 0x00000000cc500000 NTAMS 0x00000000cc500000 space 1024K, 100% used [0x00000000cc500000, 0x00000000cc600000)
AC   0  E CS TS     0 PTAMS 0x00000000cc600000 NTAMS 0x00000000cc600000 space 1024K, 100% used [0x00000000cc600000, 0x00000000cc700000)
AC   0  E CS TS     0 PTAMS 0x00000000cc700000 NTAMS 0x00000000cc700000 space 1024K, 100% used [0x00000000cc700000, 0x00000000cc800000)
AC   0  E CS TS     0 PTAMS 0x00000000cc800000 NTAMS 0x00000000cc800000 space 1024K, 100% used [0x00000000cc800000, 0x00000000cc900000)
AC   0  E CS TS     0 PTAMS 0x00000000cc900000 NTAMS 0x00000000cc900000 space 1024K, 100% used [0x00000000cc900000, 0x00000000cca00000)
AC   0  E CS TS     0 PTAMS 0x00000000cca00000 NTAMS 0x00000000cca00000 space 1024K, 100% used [0x00000000cca00000, 0x00000000ccb00000)
AC   0  E CS TS     0 PTAMS 0x00000000ccb00000 NTAMS 0x00000000ccb00000 space 1024K, 100% used [0x00000000ccb00000, 0x00000000ccc00000)
AC   0  E CS TS     0 PTAMS 0x00000000ccc00000 NTAMS 0x00000000ccc00000 space 1024K, 100% used [0x00000000ccc00000, 0x00000000ccd00000)
AC   0  E CS TS     0 PTAMS 0x00000000ccd00000 NTAMS 0x00000000ccd00000 space 1024K, 100% used [0x00000000ccd00000, 0x00000000cce00000)
AC   0  E CS TS     0 PTAMS 0x00000000cce00000 NTAMS 0x00000000cce00000 space 1024K, 100% used [0x00000000cce00000, 0x00000000ccf00000)
AC   0  E CS TS     0 PTAMS 0x00000000ccf00000 NTAMS 0x00000000ccf00000 space 1024K, 100% used [0x00000000ccf00000, 0x00000000cd000000)
AC   0  E CS TS     0 PTAMS 0x00000000cd000000 NTAMS 0x00000000cd000000 space 1024K, 100% used [0x00000000cd000000, 0x00000000cd100000)
AC   0  E CS TS     0 PTAMS 0x00000000cd100000 NTAMS 0x00000000cd100000 space 1024K, 100% used [0x00000000cd100000, 0x00000000cd200000)
AC   0  E CS TS     0 PTAMS 0x00000000cd200000 NTAMS 0x00000000cd200000 space 1024K, 100% used [0x00000000cd200000, 0x00000000cd300000)
AC   0  E CS TS     0 PTAMS 0x00000000cd300000 NTAMS 0x00000000cd300000 space 1024K, 100% used [0x00000000cd300000, 0x00000000cd400000)
AC   0  E CS TS     0 PTAMS 0x00000000cd400000 NTAMS 0x00000000cd400000 space 1024K, 100% used [0x00000000cd400000, 0x00000000cd500000)
AC   0  E CS TS     0 PTAMS 0x00000000cd500000 NTAMS 0x00000000cd500000 space 1024K, 100% used [0x00000000cd500000, 0x00000000cd600000)
AC   0  E CS TS     0 PTAMS 0x00000000cd600000 NTAMS 0x00000000cd600000 space 1024K, 100% used [0x00000000cd600000, 0x00000000cd700000)
AC   0  E CS TS     0 PTAMS 0x00000000cd700000 NTAMS 0x00000000cd700000 space 1024K, 100% used [0x00000000cd700000, 0x00000000cd800000)
AC   0  E CS TS     0 PTAMS 0x00000000cd800000 NTAMS 0x00000000cd800000 space 1024K, 100% used [0x00000000cd800000, 0x00000000cd900000)
AC   0  E CS TS     0 PTAMS 0x00000000cd900000 NTAMS 0x00000000cd900000 space 1024K, 100% used [0x00000000cd900000, 0x00000000cda00000)
AC   0  E CS TS     0 PTAMS 0x00000000cda00000 NTAMS 0x00000000cda00000 space 1024K, 100% used [0x00000000cda00000, 0x00000000cdb00000)
AC   0  E CS TS     0 PTAMS 0x00000000cdb00000 NTAMS 0x00000000cdb00000 space 1024K, 100% used [0x00000000cdb00000, 0x00000000cdc00000)
AC   0  E CS TS     0 PTAMS 0x00000000cdc00000 NTAMS 0x00000000cdc00000 space 1024K, 100% used [0x00000000cdc00000, 0x00000000cdd00000)
AC   0  E CS TS     0 PTAMS 0x00000000cdd00000 NTAMS 0x00000000cdd00000 space 1024K, 100% used [0x00000000cdd00000, 0x00000000cde00000)
AC   0  E CS TS     0 PTAMS 0x00000000cde00000 NTAMS 0x00000000cde00000 space 1024K, 100% used [0x00000000cde00000, 0x00000000cdf00000)
AC   0  E CS TS     0 PTAMS 0x00000000cdf00000 NTAMS 0x00000000cdf00000 space 1024K, 100% used [0x00000000cdf00000, 0x00000000ce000000)
AC   0  E CS TS     0 PTAMS 0x00000000ce000000 NTAMS 0x00000000ce000000 space 1024K, 100% used [0x00000000ce000000, 0x00000000ce100000)
AC   0  E CS TS     0 PTAMS 0x00000000ce100000 NTAMS 0x00000000ce100000 space 1024K, 100% used [0x00000000ce100000, 0x00000000ce200000)
AC   0  E CS TS     0 PTAMS 0x00000000ce200000 NTAMS 0x00000000ce200000 space 1024K, 100% used [0x00000000ce200000, 0x00000000ce300000)
AC   0  E CS TS     0 PTAMS 0x00000000ce300000 NTAMS 0x00000000ce300000 space 1024K, 100% used [0x00000000ce300000, 0x00000000ce400000)
AC   0  E CS TS     0 PTAMS 0x00000000ce400000 NTAMS 0x00000000ce400000 space 1024K, 100% used [0x00000000ce400000, 0x00000000ce500000)
AC   0  E CS TS     0 PTAMS 0x00000000ce500000 NTAMS 0x00000000ce500000 space 1024K, 100% used [0x00000000ce500000, 0x00000000ce600000)
AC   0  E CS TS     0 PTAMS 0x00000000ce600000 NTAMS 0x00000000ce600000 space 1024K, 100% used [0x00000000ce600000, 0x00000000ce700000)
AC   0  E CS TS     0 PTAMS 0x00000000ce700000 NTAMS 0x00000000ce700000 space 1024K, 100% used [0x00000000ce700000, 0x00000000ce800000)
AC   0  E CS TS     0 PTAMS 0x00000000ce800000 NTAMS 0x00000000ce800000 space 1024K, 100% used [0x00000000ce800000, 0x00000000ce900000)
AC   0  E CS TS     0 PTAMS 0x00000000ce900000 NTAMS 0x00000000ce900000 space 1024K, 100% used [0x00000000ce900000, 0x00000000cea00000)
AC   0  E CS TS     0 PTAMS 0x00000000cea00000 NTAMS 0x00000000cea00000 space 1024K, 100% used [0x00000000cea00000, 0x00000000ceb00000)
AC   0  E CS TS     0 PTAMS 0x00000000ceb00000 NTAMS 0x00000000ceb00000 space 1024K, 100% used [0x00000000ceb00000, 0x00000000cec00000)
AC   0  E CS TS     0 PTAMS 0x00000000cec00000 NTAMS 0x00000000cec00000 space 1024K, 100% used [0x00000000cec00000, 0x00000000ced00000)
AC   0  E CS TS     5 PTAMS 0x00000000ced00000 NTAMS 0x00000000ced00000 space 1024K, 100% used [0x00000000ced00000, 0x00000000cee00000)
AC   0  E CS TS     5 PTAMS 0x00000000cee00000 NTAMS 0x00000000cee00000 space 1024K, 100% used [0x00000000cee00000, 0x00000000cef00000)
AC   0  E CS TS     0 PTAMS 0x00000000cef00000 NTAMS 0x00000000cef00000 space 1024K, 100% used [0x00000000cef00000, 0x00000000cf000000)
AC   0  E CS TS     0 PTAMS 0x00000000cf000000 NTAMS 0x00000000cf000000 space 1024K, 100% used [0x00000000cf000000, 0x00000000cf100000)
AC   0  E CS TS     0 PTAMS 0x00000000cf100000 NTAMS 0x00000000cf100000 space 1024K, 100% used [0x00000000cf100000, 0x00000000cf200000)
AC   0  E CS TS     0 PTAMS 0x00000000cf200000 NTAMS 0x00000000cf200000 space 1024K, 100% used [0x00000000cf200000, 0x00000000cf300000)
AC   0  E CS TS     0 PTAMS 0x00000000cf300000 NTAMS 0x00000000cf300000 space 1024K, 100% used [0x00000000cf300000, 0x00000000cf400000)
AC   0  E CS TS     0 PTAMS 0x00000000cf400000 NTAMS 0x00000000cf400000 space 1024K, 100% used [0x00000000cf400000, 0x00000000cf500000)
AC   0  E CS TS     0 PTAMS 0x00000000cf500000 NTAMS 0x00000000cf500000 space 1024K, 100% used [0x00000000cf500000, 0x00000000cf600000)
AC   0  E CS TS     0 PTAMS 0x00000000cf600000 NTAMS 0x00000000cf600000 space 1024K, 100% used [0x00000000cf600000, 0x00000000cf700000)
AC   0  E CS TS     0 PTAMS 0x00000000cf700000 NTAMS 0x00000000cf700000 space 1024K, 100% used [0x00000000cf700000, 0x00000000cf800000)
AC   0  O    TS     0 PTAMS 0x00000000cf900000 NTAMS 0x00000000cf900000 space 1024K, 100% used [0x00000000cf800000, 0x00000000cf900000)
AC   0  E CS TS     3 PTAMS 0x00000000cf900000 NTAMS 0x00000000cf900000 space 1024K, 100% used [0x00000000cf900000, 0x00000000cfa00000)
AC   0  O    TS     0 PTAMS 0x00000000cfb00000 NTAMS 0x00000000cfb00000 space 1024K, 100% used [0x00000000cfa00000, 0x00000000cfb00000)
AC   0  O    TS     0 PTAMS 0x00000000cfc00000 NTAMS 0x00000000cfc00000 space 1024K, 100% used [0x00000000cfb00000, 0x00000000cfc00000)
AC   0  O    TS     0 PTAMS 0x00000000cfd00000 NTAMS 0x00000000cfd00000 space 1024K, 100% used [0x00000000cfc00000, 0x00000000cfd00000)
AC   0  O    TS     0 PTAMS 0x00000000cfe00000 NTAMS 0x00000000cfe00000 space 1024K, 100% used [0x00000000cfd00000, 0x00000000cfe00000)
AC   0  O    TS     0 PTAMS 0x00000000cff00000 NTAMS 0x00000000cff00000 space 1024K, 100% used [0x00000000cfe00000, 0x00000000cff00000)
AC   0  O    TS     0 PTAMS 0x00000000d0000000 NTAMS 0x00000000d0000000 space 1024K, 100% used [0x00000000cff00000, 0x00000000d0000000)
AC   0  O    TS     0 PTAMS 0x00000000d0100000 NTAMS 0x00000000d0100000 space 1024K, 100% used [0x00000000d0000000, 0x00000000d0100000)
AC   0  E CS TS     3 PTAMS 0x00000000d0100000 NTAMS 0x00000000d0100000 space 1024K, 100% used [0x00000000d0100000, 0x00000000d0200000)
AC   0  O    TS     0 PTAMS 0x00000000d0300000 NTAMS 0x00000000d0300000 space 1024K, 100% used [0x00000000d0200000, 0x00000000d0300000)
AC   0  O    TS     0 PTAMS 0x00000000d0400000 NTAMS 0x00000000d0400000 space 1024K, 100% used [0x00000000d0300000, 0x00000000d0400000)
AC   0  E CS TS     0 PTAMS 0x00000000d0400000 NTAMS 0x00000000d0400000 space 1024K, 100% used [0x00000000d0400000, 0x00000000d0500000)
AC   0  E CS TS     0 PTAMS 0x00000000d0500000 NTAMS 0x00000000d0500000 space 1024K, 100% used [0x00000000d0500000, 0x00000000d0600000)

Card table byte_map: [0x0000000013b20000,0x0000000013d20000] byte_map_base: 0x0000000013520000

Marking Bits (Prev, Next): (CMBitMap*) 0x0000000003557508, (CMBitMap*) 0x0000000003557560
 Prev Bits: [0x0000000013f20000, 0x0000000014f20000)
 Next Bits: [0x0000000014f20000, 0x0000000015f20000)

Polling page: 0x0000000001440000

CodeCache: size=245760Kb used=41527Kb max_used=41544Kb free=204232Kb
 bounds [0x0000000003620000, 0x0000000005ef0000, 0x0000000012620000]
 total_blobs=11029 nmethods=10431 adapters=505
 compilation: enabled

Compilation events (10 events):
Event: 410.090 Thread 0x0000000019374000 nmethod 13764 0x0000000005edae90 code [0x0000000005edb040, 0x0000000005edb408]
Event: 410.114 Thread 0x0000000019374000 13765       3       org.eclipse.jdt.internal.compiler.lookup.TypeVariableBinding::combineTypeAnnotations (44 bytes)
Event: 410.115 Thread 0x0000000019374000 nmethod 13765 0x0000000005eda690 code [0x0000000005eda820, 0x0000000005edacc8]
Event: 410.117 Thread 0x0000000019374000 13766       3       org.eclipse.jdt.internal.compiler.CompilationResult::tagAsAccepted (17 bytes)
Event: 410.117 Thread 0x0000000019374000 nmethod 13766 0x0000000005ed9f10 code [0x0000000005eda060, 0x0000000005eda210]
Event: 410.140 Thread 0x0000000019374000 13768       3       org.eclipse.core.internal.resources.SaveManager::snapshotIfNeeded (154 bytes)
Event: 410.144 Thread 0x0000000019374000 nmethod 13768 0x0000000005ed8710 code [0x0000000005ed8960, 0x0000000005ed98c8]
Event: 410.149 Thread 0x0000000019371000 nmethod 13763 0x0000000005ee5f90 code [0x0000000005ee61c0, 0x0000000005ee74a0]
Event: 410.149 Thread 0x0000000019371000 13767       4       org.eclipse.jdt.internal.compiler.ast.AbstractMethodDeclaration::bindArguments (212 bytes)
Event: 410.256 Thread 0x0000000019371000 nmethod 13767 0x0000000005ee8490 code [0x0000000005ee8680, 0x0000000005ee9bb0]

GC Heap History (10 events):
Event: 361.840 GC heap before
{Heap before GC invocations=74 (full 0):
 garbage-first heap   total 268288K, used 138978K [0x00000000c0000000, 0x00000000c0100830, 0x0000000100000000)
  region size 1024K, 13 young (13312K), 11 survivors (11264K)
 Metaspace       used 56692K, capacity 59638K, committed 59904K, reserved 1101824K
  class space    used 5590K, capacity 6541K, committed 6656K, reserved 1048576K
Event: 361.905 GC heap after
Heap after GC invocations=75 (full 0):
 garbage-first heap   total 268288K, used 115938K [0x00000000c0000000, 0x00000000c0100830, 0x0000000100000000)
  region size 1024K, 2 young (2048K), 2 survivors (2048K)
 Metaspace       used 56692K, capacity 59638K, committed 59904K, reserved 1101824K
  class space    used 5590K, capacity 6541K, committed 6656K, reserved 1048576K
}
Event: 362.822 GC heap before
{Heap before GC invocations=75 (full 0):
 garbage-first heap   total 268288K, used 127202K [0x00000000c0000000, 0x00000000c0100830, 0x0000000100000000)
  region size 1024K, 13 young (13312K), 2 survivors (2048K)
 Metaspace       used 56697K, capacity 59638K, committed 59904K, reserved 1101824K
  class space    used 5590K, capacity 6541K, committed 6656K, reserved 1048576K
Event: 362.925 GC heap after
Heap after GC invocations=76 (full 0):
 garbage-first heap   total 268288K, used 107234K [0x00000000c0000000, 0x00000000c0100830, 0x0000000100000000)
  region size 1024K, 2 young (2048K), 2 survivors (2048K)
 Metaspace       used 56697K, capacity 59638K, committed 59904K, reserved 1101824K
  class space    used 5590K, capacity 6541K, committed 6656K, reserved 1048576K
}
Event: 374.932 GC heap before
{Heap before GC invocations=76 (full 0):
 garbage-first heap   total 268288K, used 222946K [0x00000000c0000000, 0x00000000c0100830, 0x0000000100000000)
  region size 1024K, 115 young (117760K), 2 survivors (2048K)
 Metaspace       used 56792K, capacity 59708K, committed 59904K, reserved 1101824K
  class space    used 5593K, capacity 6542K, committed 6656K, reserved 1048576K
Event: 374.976 GC heap after
Heap after GC invocations=77 (full 0):
 garbage-first heap   total 268288K, used 108794K [0x00000000c0000000, 0x00000000c0100830, 0x0000000100000000)
  region size 1024K, 4 young (4096K), 4 survivors (4096K)
 Metaspace       used 56792K, capacity 59708K, committed 59904K, reserved 1101824K
  class space    used 5593K, capacity 6542K, committed 6656K, reserved 1048576K
}
Event: 402.544 GC heap before
{Heap before GC invocations=77 (full 0):
 garbage-first heap   total 268288K, used 225530K [0x00000000c0000000, 0x00000000c0100830, 0x0000000100000000)
  region size 1024K, 118 young (120832K), 4 survivors (4096K)
 Metaspace       used 56986K, capacity 59836K, committed 60160K, reserved 1103872K
  class space    used 5604K, capacity 6542K, committed 6656K, reserved 1048576K
Event: 402.569 GC heap after
Heap after GC invocations=78 (full 0):
 garbage-first heap   total 268288K, used 109794K [0x00000000c0000000, 0x00000000c0100830, 0x0000000100000000)
  region size 1024K, 5 young (5120K), 5 survivors (5120K)
 Metaspace       used 56986K, capacity 59836K, committed 60160K, reserved 1103872K
  class space    used 5604K, capacity 6542K, committed 6656K, reserved 1048576K
}
Event: 408.866 GC heap before
{Heap before GC invocations=78 (full 0):
 garbage-first heap   total 268288K, used 226530K [0x00000000c0000000, 0x00000000c0100830, 0x0000000100000000)
  region size 1024K, 119 young (121856K), 5 survivors (5120K)
 Metaspace       used 57054K, capacity 59900K, committed 60160K, reserved 1103872K
  class space    used 5604K, capacity 6542K, committed 6656K, reserved 1048576K
Event: 408.889 GC heap after
Heap after GC invocations=79 (full 0):
 garbage-first heap   total 268288K, used 109794K [0x00000000c0000000, 0x00000000c0100830, 0x0000000100000000)
  region size 1024K, 5 young (5120K), 5 survivors (5120K)
 Metaspace       used 57054K, capacity 59900K, committed 60160K, reserved 1103872K
  class space    used 5604K, capacity 6542K, committed 6656K, reserved 1048576K
}

Deoptimization events (10 events):
Event: 409.373 Thread 0x000000001b48d800 Uncommon trap: reason=bimorphic action=maybe_recompile pc=0x000000000484b150 method=org.eclipse.lsp4j.jsonrpc.json.adapters.CollectionTypeAdapter.write(Lcom/google/gson/stream/JsonWriter;Ljava/util/Collection;)V @ 98
Event: 409.373 Thread 0x000000001b48d800 Uncommon trap: reason=bimorphic action=maybe_recompile pc=0x000000000484b150 method=org.eclipse.lsp4j.jsonrpc.json.adapters.CollectionTypeAdapter.write(Lcom/google/gson/stream/JsonWriter;Ljava/util/Collection;)V @ 98
Event: 409.374 Thread 0x000000001b48d800 Uncommon trap: reason=bimorphic action=maybe_recompile pc=0x000000000484b150 method=org.eclipse.lsp4j.jsonrpc.json.adapters.CollectionTypeAdapter.write(Lcom/google/gson/stream/JsonWriter;Ljava/util/Collection;)V @ 98
Event: 409.374 Thread 0x000000001b48d800 Uncommon trap: reason=bimorphic action=maybe_recompile pc=0x000000000484b150 method=org.eclipse.lsp4j.jsonrpc.json.adapters.CollectionTypeAdapter.write(Lcom/google/gson/stream/JsonWriter;Ljava/util/Collection;)V @ 98
Event: 409.530 Thread 0x000000001b48d800 Uncommon trap: reason=bimorphic action=maybe_recompile pc=0x0000000005442ae4 method=org.eclipse.jdt.internal.core.JavaElement.openWhenClosed(Ljava/lang/Object;ZLorg/eclipse/core/runtime/IProgressMonitor;)Ljava/lang/Object; @ 43
Event: 409.555 Thread 0x000000001b48c800 Uncommon trap: reason=unstable_if action=reinterpret pc=0x00000000050a504c method=org.eclipse.jdt.internal.core.util.PublicScanner.getNextToken()I @ 2551
Event: 409.557 Thread 0x000000001b48c800 Uncommon trap: reason=unstable_if action=reinterpret pc=0x000000000584a1fc method=org.eclipse.jdt.core.dom.DefaultCommentMapper.getLineNumber(I[I)I @ 19
Event: 409.557 Thread 0x000000001b48c800 Uncommon trap: reason=unstable_if action=reinterpret pc=0x00000000055cb414 method=org.eclipse.jdt.core.dom.DefaultCommentMapper.getLineNumber(I[I)I @ 19
Event: 409.558 Thread 0x000000001b48c800 Uncommon trap: reason=unstable_if action=reinterpret pc=0x00000000054e4e48 method=org.eclipse.jdt.core.dom.DefaultCommentMapper.getLineNumber(I[I)I @ 19
Event: 409.558 Thread 0x000000001b48c800 Uncommon trap: reason=unstable_if action=reinterpret pc=0x000000000486c5e4 method=org.eclipse.jdt.core.dom.DefaultCommentMapper.getLineNumber(I[I)I @ 19

Classes redefined (0 events):
No events

Internal exceptions (10 events):
Event: 408.790 Thread 0x000000001b48d800 Exception <a 'java/lang/ClassCastException': org.eclipse.jdt.internal.compiler.lookup.BinaryTypeBinding cannot be cast to org.eclipse.jdt.internal.compiler.lookup.SourceTypeBinding> (0x00000000c8e361f0) thrown at [C:\re\workspace\8-2-build-windows-amd64-c
Event: 408.790 Thread 0x000000001b48d800 Exception <a 'java/lang/ClassCastException': org.eclipse.jdt.internal.compiler.lookup.BinaryTypeBinding cannot be cast to org.eclipse.jdt.internal.compiler.lookup.SourceTypeBinding> (0x00000000c8e36530) thrown at [C:\re\workspace\8-2-build-windows-amd64-c
Event: 408.790 Thread 0x000000001b48d800 Exception <a 'java/lang/ClassCastException': org.eclipse.jdt.internal.compiler.lookup.BinaryTypeBinding cannot be cast to org.eclipse.jdt.internal.compiler.lookup.SourceTypeBinding> (0x00000000c8e37170) thrown at [C:\re\workspace\8-2-build-windows-amd64-c
Event: 408.790 Thread 0x000000001b48d800 Exception <a 'java/lang/ClassCastException': org.eclipse.jdt.internal.compiler.lookup.BinaryTypeBinding cannot be cast to org.eclipse.jdt.internal.compiler.lookup.SourceTypeBinding> (0x00000000c8e374b0) thrown at [C:\re\workspace\8-2-build-windows-amd64-c
Event: 408.790 Thread 0x000000001b48d800 Exception <a 'java/lang/ClassCastException': org.eclipse.jdt.internal.compiler.lookup.BinaryTypeBinding cannot be cast to org.eclipse.jdt.internal.compiler.lookup.SourceTypeBinding> (0x00000000c8e377f0) thrown at [C:\re\workspace\8-2-build-windows-amd64-c
Event: 408.790 Thread 0x000000001b48d800 Exception <a 'java/lang/ClassCastException': org.eclipse.jdt.internal.compiler.lookup.BinaryTypeBinding cannot be cast to org.eclipse.jdt.internal.compiler.lookup.SourceTypeBinding> (0x00000000c8e37b30) thrown at [C:\re\workspace\8-2-build-windows-amd64-c
Event: 408.790 Thread 0x000000001b48d800 Exception <a 'java/lang/ClassCastException': org.eclipse.jdt.internal.compiler.lookup.BinaryTypeBinding cannot be cast to org.eclipse.jdt.internal.compiler.lookup.SourceTypeBinding> (0x00000000c8e37e70) thrown at [C:\re\workspace\8-2-build-windows-amd64-c
Event: 408.791 Thread 0x000000001b48d800 Exception <a 'java/lang/ClassCastException': org.eclipse.jdt.internal.compiler.lookup.BinaryTypeBinding cannot be cast to org.eclipse.jdt.internal.compiler.lookup.SourceTypeBinding> (0x00000000c8e381b0) thrown at [C:\re\workspace\8-2-build-windows-amd64-c
Event: 408.791 Thread 0x000000001b48d800 Exception <a 'java/lang/ClassCastException': org.eclipse.jdt.internal.compiler.lookup.BinaryTypeBinding cannot be cast to org.eclipse.jdt.internal.compiler.lookup.SourceTypeBinding> (0x00000000c8e384f0) thrown at [C:\re\workspace\8-2-build-windows-amd64-c
Event: 408.791 Thread 0x000000001b48d800 Exception <a 'java/lang/ClassCastException': org.eclipse.jdt.internal.compiler.lookup.BinaryTypeBinding cannot be cast to org.eclipse.jdt.internal.compiler.lookup.SourceTypeBinding> (0x00000000c8e38830) thrown at [C:\re\workspace\8-2-build-windows-amd64-c

Events (10 events):
Event: 409.558 Thread 0x000000001b48c800 Uncommon trap: trap_request=0xffffff65 fr.pc=0x00000000054e4e48
Event: 409.558 Thread 0x000000001b48c800 DEOPT PACKING pc=0x00000000054e4e48 sp=0x00000000286de4a0
Event: 409.558 Thread 0x000000001b48c800 DEOPT UNPACKING pc=0x000000000366583b sp=0x00000000286de3b8 mode 2
Event: 409.558 Thread 0x000000001b48c800 Uncommon trap: trap_request=0xffffff65 fr.pc=0x000000000486c5e4
Event: 409.558 Thread 0x000000001b48c800 DEOPT PACKING pc=0x000000000486c5e4 sp=0x00000000286de400
Event: 409.558 Thread 0x000000001b48c800 DEOPT UNPACKING pc=0x000000000366583b sp=0x00000000286de2f8 mode 2
Event: 409.990 Thread 0x000000001b48f000 DEOPT PACKING pc=0x0000000005e7968f sp=0x0000000025d7e0e0
Event: 409.990 Thread 0x000000001b48f000 DEOPT UNPACKING pc=0x0000000003667890 sp=0x0000000025d7de58 mode 0
Event: 410.192 Executing VM operation: RevokeBias
Event: 410.192 Executing VM operation: RevokeBias done


Dynamic libraries:
0x00007ff76a460000 - 0x00007ff76a497000 	C:\Program Files\Java\jdk1.8.0_171\bin\java.exe
0x00007ff9a1fc0000 - 0x00007ff9a21ad000 	C:\WINDOWS\SYSTEM32\ntdll.dll
0x00007ff9a14f0000 - 0x00007ff9a15a3000 	C:\WINDOWS\System32\KERNEL32.DLL
0x00007ff99e090000 - 0x00007ff99e323000 	C:\WINDOWS\System32\KERNELBASE.dll
0x00007ff9a1820000 - 0x00007ff9a18c3000 	C:\WINDOWS\System32\ADVAPI32.dll
0x00007ff99fa70000 - 0x00007ff99fb0e000 	C:\WINDOWS\System32\msvcrt.dll
0x00007ff9a1a00000 - 0x00007ff9a1a9e000 	C:\WINDOWS\System32\sechost.dll
0x00007ff9a18d0000 - 0x00007ff9a19f2000 	C:\WINDOWS\System32\RPCRT4.dll
0x00007ff9a15b0000 - 0x00007ff9a1747000 	C:\WINDOWS\System32\USER32.dll
0x00007ff99e330000 - 0x00007ff99e350000 	C:\WINDOWS\System32\win32u.dll
0x00007ff99f850000 - 0x00007ff99f879000 	C:\WINDOWS\System32\GDI32.dll
0x00007ff99ead0000 - 0x00007ff99ec6a000 	C:\WINDOWS\System32\gdi32full.dll
0x00007ff99f050000 - 0x00007ff99f0f0000 	C:\WINDOWS\System32\msvcp_win.dll
0x00007ff99f0f0000 - 0x00007ff99f1ea000 	C:\WINDOWS\System32\ucrtbase.dll
0x00007ff991af0000 - 0x00007ff991d69000 	C:\WINDOWS\WinSxS\amd64_microsoft.windows.common-controls_6595b64144ccf1df_6.0.17763.503_none_05b23ef40721f4ae\COMCTL32.dll
0x00007ff99f520000 - 0x00007ff99f84c000 	C:\WINDOWS\System32\combase.dll
0x00007ff99ecc0000 - 0x00007ff99ed3e000 	C:\WINDOWS\System32\bcryptPrimitives.dll
0x00007ff99f970000 - 0x00007ff99f99e000 	C:\WINDOWS\System32\IMM32.DLL
0x000000006f840000 - 0x000000006f912000 	C:\Program Files\Java\jdk1.8.0_171\jre\bin\msvcr100.dll
0x000000006efa0000 - 0x000000006f840000 	C:\Program Files\Java\jdk1.8.0_171\jre\bin\server\jvm.dll
0x00007ff99f510000 - 0x00007ff99f518000 	C:\WINDOWS\System32\PSAPI.DLL
0x00007ff98e8a0000 - 0x00007ff98e8a9000 	C:\WINDOWS\SYSTEM32\WSOCK32.dll
0x00007ff9a1000000 - 0x00007ff9a106d000 	C:\WINDOWS\System32\WS2_32.dll
0x00007ff99bdf0000 - 0x00007ff99be14000 	C:\WINDOWS\SYSTEM32\WINMM.dll
0x00007ff98f830000 - 0x00007ff98f83a000 	C:\WINDOWS\SYSTEM32\VERSION.dll
0x00007ff99bdc0000 - 0x00007ff99bded000 	C:\WINDOWS\SYSTEM32\WINMMBASE.dll
0x00007ff99ec70000 - 0x00007ff99ecba000 	C:\WINDOWS\System32\cfgmgr32.dll
0x000000006fa90000 - 0x000000006fa9f000 	C:\Program Files\Java\jdk1.8.0_171\jre\bin\verify.dll
0x000000006ef70000 - 0x000000006ef99000 	C:\Program Files\Java\jdk1.8.0_171\jre\bin\java.dll
0x000000006edd0000 - 0x000000006ede6000 	C:\Program Files\Java\jdk1.8.0_171\jre\bin\zip.dll
0x00007ff99fb10000 - 0x00007ff9a1000000 	C:\WINDOWS\System32\SHELL32.dll
0x00007ff9a1e60000 - 0x00007ff9a1f08000 	C:\WINDOWS\System32\shcore.dll
0x00007ff99e380000 - 0x00007ff99eaca000 	C:\WINDOWS\System32\windows.storage.dll
0x00007ff99e060000 - 0x00007ff99e084000 	C:\WINDOWS\System32\profapi.dll
0x00007ff99dfc0000 - 0x00007ff99e01d000 	C:\WINDOWS\System32\powrprof.dll
0x00007ff99f900000 - 0x00007ff99f952000 	C:\WINDOWS\System32\shlwapi.dll
0x00007ff99e040000 - 0x00007ff99e051000 	C:\WINDOWS\System32\kernel.appcore.dll
0x00007ff99f030000 - 0x00007ff99f047000 	C:\WINDOWS\System32\cryptsp.dll
0x00007ff99d3a0000 - 0x00007ff99d3d3000 	C:\WINDOWS\system32\rsaenh.dll
0x00007ff99e350000 - 0x00007ff99e376000 	C:\WINDOWS\System32\bcrypt.dll
0x00007ff99def0000 - 0x00007ff99df18000 	C:\WINDOWS\SYSTEM32\USERENV.dll
0x00007ff99d9b0000 - 0x00007ff99d9bc000 	C:\WINDOWS\SYSTEM32\CRYPTBASE.dll
0x000000006edb0000 - 0x000000006edca000 	C:\Program Files\Java\jdk1.8.0_171\jre\bin\net.dll
0x00007ff99d7e0000 - 0x00007ff99d847000 	C:\WINDOWS\system32\mswsock.dll
0x00007ff99d540000 - 0x00007ff99d57d000 	C:\WINDOWS\SYSTEM32\IPHLPAPI.DLL
0x00007ff9a1810000 - 0x00007ff9a1818000 	C:\WINDOWS\System32\NSI.dll
0x00007ff991640000 - 0x00007ff991656000 	C:\WINDOWS\SYSTEM32\dhcpcsvc6.DLL
0x00007ff9917e0000 - 0x00007ff9917fc000 	C:\WINDOWS\SYSTEM32\dhcpcsvc.DLL
0x00007ff99d580000 - 0x00007ff99d646000 	C:\WINDOWS\SYSTEM32\DNSAPI.dll
0x000000006ed90000 - 0x000000006eda1000 	C:\Program Files\Java\jdk1.8.0_171\jre\bin\nio.dll
0x00007ff998b90000 - 0x00007ff998bb9000 	C:\Users\XNOTE\.vscode\extensions\redhat.java-0.46.0\server\config_win\org.eclipse.equinox.launcher\org.eclipse.equinox.launcher.win32.win32.x86_64_1.1.1000.v20190125-2016\eclipse_1801.dll
0x00007ff999840000 - 0x00007ff999851000 	C:\Users\XNOTE\.vscode\extensions\redhat.java-0.46.0\server\config_win\org.eclipse.osgi\20\0\.cp\jWinHttp-1.0.0.dll
0x00007ff9a1b50000 - 0x00007ff9a1ca5000 	C:\WINDOWS\System32\ole32.dll
0x00007ff9912f0000 - 0x00007ff9913e1000 	C:\WINDOWS\SYSTEM32\WINHTTP.dll
0x000000006ed60000 - 0x000000006ed84000 	C:\Program Files\Java\jdk1.8.0_171\jre\bin\sunec.dll

VM Arguments:
jvm_args: -Declipse.application=org.eclipse.jdt.ls.core.id1 -Dosgi.bundles.defaultStartLevel=4 -Declipse.product=org.eclipse.jdt.ls.core.product -Dfile.encoding=utf8 -DwatchParentProcess=false -Xverify:none -Xmx1G -XX:+UseG1GC -XX:+UseStringDeduplication 
java_command: C:\Users\XNOTE\.vscode\extensions\redhat.java-0.46.0\server\plugins\org.eclipse.equinox.launcher_1.5.400.v20190515-0925.jar -configuration C:\Users\XNOTE\.vscode\extensions\redhat.java-0.46.0\server\config_win -data c:\Users\XNOTE\AppData\Roaming\Code\User\workspaceStorage\93e8932c494c5971e4fa6186b51a1aec\redhat.java\jdt_ws
java_class_path (initial): C:\Users\XNOTE\.vscode\extensions\redhat.java-0.46.0\server\plugins\org.eclipse.equinox.launcher_1.5.400.v20190515-0925.jar
Launcher Type: SUN_STANDARD

Environment Variables:
PATH=C:\Program Files (x86)\Common Files\Oracle\Java\javapath;C:\ProgramData\Oracle\Java\javapath;C:\python27;C:\WINDOWS\system32;C:\WINDOWS;C:\WINDOWS\System32\Wbem;C:\WINDOWS\System32\WindowsPowerShell\v1.0\;C:\Program Files (x86)\Windows Live\Shared;C:\WINDOWS\System32\OpenSSH\;C:\Program Files\PuTTY\;C:\Program Files\Microsoft VS Code\bin;C:\Program Files\Git\cmd;C:\Program Files\Java\jdk1.8.0_171\bin;%USERPROFILE%\AppData\Local\Microsoft\WindowsApps;
USERNAME=
OS=Windows_NT
PROCESSOR_IDENTIFIER=Intel64 Family 6 Model 58 Stepping 9, GenuineIntel



---------------  S Y S T E M  ---------------

OS: Windows 10.0 , 64 bit Build 17763 (10.0.17763.475)

CPU:total 4 (initial active 4) (2 cores per cpu, 2 threads per core) family 6 model 58 stepping 9, cmov, cx8, fxsr, mmx, sse, sse2, sse3, ssse3, sse4.1, sse4.2, popcnt, avx, clmul, erms, ht, tsc, tscinvbit, tscinv

Memory: 4k page, physical 4024712k(533412k free), swap 5445000k(6880k free)

vm_info: Java HotSpot(TM) 64-Bit Server VM (25.171-b11) for windows-amd64 JRE (1.8.0_171-b11), built on Mar 28 2018 16:06:12 by "java_re" with MS VC++ 10.0 (VS2010)

time: Thu Jun 13 11:59:52 2019
elapsed time: 410 seconds (0d 0h 6m 50s)

