#
# There is insufficient memory for the Java Runtime Environment to continue.
# Native memory allocation (malloc) failed to allocate 32744 bytes for ChunkPool::allocate
# Possible reasons:
#   The system is out of physical RAM or swap space
#   In 32 bit mode, the process size limit was hit
# Possible solutions:
#   Reduce memory load on the system
#   Increase physical memory or swap space
#   Check if swap backing store is full
#   Use 64 bit Java on a 64 bit OS
#   Decrease Java heap size (-Xmx/-Xms)
#   Decrease number of Java threads
#   Decrease Java thread stack sizes (-Xss)
#   Set larger code cache with -XX:ReservedCodeCacheSize=
# This output file may be truncated or incomplete.
#
#  Out of Memory Error (allocation.cpp:273), pid=35596, tid=0x00000000000090e4
#
# JRE version: Java(TM) SE Runtime Environment (8.0_171-b11) (build 1.8.0_171-b11)
# Java VM: Java HotSpot(TM) 64-Bit Server VM (25.171-b11 mixed mode windows-amd64 compressed oops)
# Failed to write core dump. Minidumps are not enabled by default on client versions of Windows
#

---------------  T H R E A D  ---------------

Current thread (0x0000000018928800):  JavaThread "C1 CompilerThread2" daemon [_thread_in_native, id=37092, stack(0x00000000192f0000,0x00000000193f0000)]

Stack: [0x00000000192f0000,0x00000000193f0000]
[error occurred during error reporting (printing stack bounds), id 0xc0000005]

Native frames: (J=compiled Java code, j=interpreted, Vv=VM code, C=native code)


Current CompileTask:
C1:  27288 4523       3       org.eclipse.jdt.internal.compiler.parser.Parser::consumeRule (7272 bytes)


---------------  P R O C E S S  ---------------

Java Threads: ( => current thread )
  0x000000001c122800 JavaThread "Keep-Alive-Timer" daemon [_thread_blocked, id=16600, stack(0x0000000020c40000,0x0000000020d40000)]
  0x000000001c122000 JavaThread "Worker-6" [_thread_blocked, id=10496, stack(0x0000000020940000,0x0000000020a40000)]
  0x000000001c125800 JavaThread "Worker-5" [_thread_blocked, id=21084, stack(0x0000000020840000,0x0000000020940000)]
  0x0000000018af4000 JavaThread "Worker-4: Compacting resource model" [_thread_blocked, id=18504, stack(0x0000000020740000,0x0000000020840000)]
  0x000000001a285800 JavaThread "Worker-3: Initialize Workspace" [_thread_in_vm, id=2216, stack(0x000000001f670000,0x000000001f770000)]
  0x0000000019ed5800 JavaThread "pool-1-thread-1" [_thread_blocked, id=26348, stack(0x000000001f310000,0x000000001f410000)]
  0x000000001a707000 JavaThread "Bundle File Closer" daemon [_thread_blocked, id=16456, stack(0x000000001d220000,0x000000001d320000)]
  0x000000001ba89800 JavaThread "Worker-2" [_thread_blocked, id=11332, stack(0x000000001d120000,0x000000001d220000)]
  0x000000001ac9b000 JavaThread "Java indexing" daemon [_thread_blocked, id=36168, stack(0x000000001d020000,0x000000001d120000)]
  0x00000000196cd000 JavaThread "Worker-1: Refreshing workspace" [_thread_blocked, id=26056, stack(0x000000001cd20000,0x000000001ce20000)]
  0x000000001ad57800 JavaThread "Worker-0" [_thread_blocked, id=33016, stack(0x000000001ca20000,0x000000001cb20000)]
  0x000000001a344800 JavaThread "Worker-JM" [_thread_blocked, id=35520, stack(0x000000001b0c0000,0x000000001b1c0000)]
  0x000000001a136800 JavaThread "Start Level: Equinox Container: f42ff8f0-1872-483d-9556-e217b353341a" daemon [_thread_blocked, id=8272, stack(0x000000001afc0000,0x000000001b0c0000)]
  0x0000000019fdb800 JavaThread "Framework Event Dispatcher: Equinox Container: f42ff8f0-1872-483d-9556-e217b353341a" daemon [_thread_blocked, id=10580, stack(0x000000001aec0000,0x000000001afc0000)]
  0x0000000019b75800 JavaThread "Active Thread: Equinox Container: f42ff8f0-1872-483d-9556-e217b353341a" [_thread_blocked, id=1768, stack(0x000000001adc0000,0x000000001aec0000)]
  0x00000000189c2000 JavaThread "Service Thread" daemon [_thread_blocked, id=30292, stack(0x00000000193f0000,0x00000000194f0000)]
=>0x0000000018928800 JavaThread "C1 CompilerThread2" daemon [_thread_in_native, id=37092, stack(0x00000000192f0000,0x00000000193f0000)]
  0x0000000018925800 JavaThread "C2 CompilerThread1" daemon [_thread_blocked, id=18496, stack(0x00000000191f0000,0x00000000192f0000)]
  0x0000000018921000 JavaThread "C2 CompilerThread0" daemon [_thread_blocked, id=25332, stack(0x00000000190f0000,0x00000000191f0000)]
  0x000000001891f000 JavaThread "Attach Listener" daemon [_thread_blocked, id=36432, stack(0x0000000018ff0000,0x00000000190f0000)]
  0x0000000018908800 JavaThread "Signal Dispatcher" daemon [_thread_blocked, id=27668, stack(0x0000000018ef0000,0x0000000018ff0000)]
  0x0000000018907800 JavaThread "Surrogate Locker Thread (Concurrent GC)" daemon [_thread_blocked, id=24016, stack(0x0000000018df0000,0x0000000018ef0000)]
  0x000000001887d800 JavaThread "Finalizer" daemon [_thread_blocked, id=7512, stack(0x0000000018cf0000,0x0000000018df0000)]
  0x0000000018876800 JavaThread "Reference Handler" daemon [_thread_blocked, id=30968, stack(0x0000000018bf0000,0x0000000018cf0000)]
  0x00000000029ce000 JavaThread "main" [_thread_blocked, id=15532, stack(0x00000000029d0000,0x0000000002ad0000)]

Other Threads:
  0x0000000018873000 VMThread [stack: 0x0000000018610000,0x0000000018710000] [id=34964]
  0x0000000018973000 WatcherThread [stack: 0x00000000194f0000,0x00000000195f0000] [id=29560]

VM state:not at safepoint (normal execution)

VM Mutex/Monitor currently owned by a thread: None

Heap:
 garbage-first heap   total 63488K, used 49564K [0x00000000c0000000, 0x00000000c01001f0, 0x0000000100000000)
  region size 1024K, 23 young (23552K), 4 survivors (4096K)
 Metaspace       used 40694K, capacity 42772K, committed 42960K, reserved 1087488K
  class space    used 4355K, capacity 5056K, committed 5072K, reserved 1048576K

Heap Regions: (Y=young(eden), SU=young(survivor), HS=humongous(starts), HC=humongous(continues), CS=collection set, F=free, TS=gc time stamp, PTAMS=previous top-at-mark-start, NTAMS=next top-at-mark-start)
AC   0  O    TS     5 PTAMS 0x00000000c0000000 NTAMS 0x00000000c0000000 space 1024K, 100% used [0x00000000c0000000, 0x00000000c0100000)
AC   0  O    TS     0 PTAMS 0x00000000c0200000 NTAMS 0x00000000c0200000 space 1024K, 100% used [0x00000000c0100000, 0x00000000c0200000)
AC   0  O    TS     0 PTAMS 0x00000000c0300000 NTAMS 0x00000000c0300000 space 1024K, 100% used [0x00000000c0200000, 0x00000000c0300000)
AC   0  O    TS     7 PTAMS 0x00000000c0300000 NTAMS 0x00000000c0300000 space 1024K, 100% used [0x00000000c0300000, 0x00000000c0400000)
AC   0  O    TS     0 PTAMS 0x00000000c0500000 NTAMS 0x00000000c0500000 space 1024K, 100% used [0x00000000c0400000, 0x00000000c0500000)
AC   0  O    TS     5 PTAMS 0x00000000c0500000 NTAMS 0x00000000c0500000 space 1024K, 100% used [0x00000000c0500000, 0x00000000c0600000)
AC   0  O    TS     7 PTAMS 0x00000000c0600000 NTAMS 0x00000000c0600000 space 1024K,  40% used [0x00000000c0600000, 0x00000000c0700000)
AC   0  O    TS     0 PTAMS 0x00000000c0800000 NTAMS 0x00000000c0800000 space 1024K, 100% used [0x00000000c0700000, 0x00000000c0800000)
AC   0  O    TS     0 PTAMS 0x00000000c0900000 NTAMS 0x00000000c0900000 space 1024K, 100% used [0x00000000c0800000, 0x00000000c0900000)
AC   0  F    TS     0 PTAMS 0x00000000c0900000 NTAMS 0x00000000c0900000 space 1024K,   0% used [0x00000000c0900000, 0x00000000c0a00000)
AC   0  O    TS     5 PTAMS 0x00000000c0a00000 NTAMS 0x00000000c0a00000 space 1024K, 100% used [0x00000000c0a00000, 0x00000000c0b00000)
AC   0  O    TS     1 PTAMS 0x00000000c0b00000 NTAMS 0x00000000c0b00000 space 1024K, 100% used [0x00000000c0b00000, 0x00000000c0c00000)
AC   0  O    TS     0 PTAMS 0x00000000c0d00000 NTAMS 0x00000000c0d00000 space 1024K, 100% used [0x00000000c0c00000, 0x00000000c0d00000)
AC   0  F    TS     0 PTAMS 0x00000000c0d00000 NTAMS 0x00000000c0d00000 space 1024K,   0% used [0x00000000c0d00000, 0x00000000c0e00000)
AC   0  O    TS     1 PTAMS 0x00000000c0e00000 NTAMS 0x00000000c0e00000 space 1024K, 100% used [0x00000000c0e00000, 0x00000000c0f00000)
AC   0  O    TS     0 PTAMS 0x00000000c1000000 NTAMS 0x00000000c1000000 space 1024K, 100% used [0x00000000c0f00000, 0x00000000c1000000)
AC   0  O    TS     0 PTAMS 0x00000000c1100000 NTAMS 0x00000000c1100000 space 1024K, 100% used [0x00000000c1000000, 0x00000000c1100000)
AC   0  F    TS     0 PTAMS 0x00000000c1100000 NTAMS 0x00000000c1100000 space 1024K,   0% used [0x00000000c1100000, 0x00000000c1200000)
AC   0  O    TS     3 PTAMS 0x00000000c1200000 NTAMS 0x00000000c1200000 space 1024K, 100% used [0x00000000c1200000, 0x00000000c1300000)
AC   0  O    TS     3 PTAMS 0x00000000c1300000 NTAMS 0x00000000c1300000 space 1024K, 100% used [0x00000000c1300000, 0x00000000c1400000)
AC   0  O    TS     3 PTAMS 0x00000000c1400000 NTAMS 0x00000000c1400000 space 1024K, 100% used [0x00000000c1400000, 0x00000000c1500000)
AC   0  O    TS     0 PTAMS 0x00000000c1600000 NTAMS 0x00000000c1600000 space 1024K, 100% used [0x00000000c1500000, 0x00000000c1600000)
AC   0  O    TS     0 PTAMS 0x00000000c1700000 NTAMS 0x00000000c1700000 space 1024K, 100% used [0x00000000c1600000, 0x00000000c1700000)
AC   0  O    TS     0 PTAMS 0x00000000c1800000 NTAMS 0x00000000c1800000 space 1024K, 100% used [0x00000000c1700000, 0x00000000c1800000)
AC   0  O    TS     0 PTAMS 0x00000000c1900000 NTAMS 0x00000000c1900000 space 1024K, 100% used [0x00000000c1800000, 0x00000000c1900000)
AC   0  F    TS     0 PTAMS 0x00000000c1900000 NTAMS 0x00000000c1900000 space 1024K,   0% used [0x00000000c1900000, 0x00000000c1a00000)
AC   0  S CS TS     7 PTAMS 0x00000000c1a00000 NTAMS 0x00000000c1a00000 space 1024K, 100% used [0x00000000c1a00000, 0x00000000c1b00000)
AC   0  O    TS     3 PTAMS 0x00000000c1b00000 NTAMS 0x00000000c1b00000 space 1024K, 100% used [0x00000000c1b00000, 0x00000000c1c00000)
AC   0  O    TS     0 PTAMS 0x00000000c1d00000 NTAMS 0x00000000c1d00000 space 1024K, 100% used [0x00000000c1c00000, 0x00000000c1d00000)
AC   0  O    TS     3 PTAMS 0x00000000c1d00000 NTAMS 0x00000000c1d00000 space 1024K, 100% used [0x00000000c1d00000, 0x00000000c1e00000)
AC   0  O    TS     3 PTAMS 0x00000000c1e00000 NTAMS 0x00000000c1e00000 space 1024K, 100% used [0x00000000c1e00000, 0x00000000c1f00000)
AC   0  O    TS     5 PTAMS 0x00000000c1f00000 NTAMS 0x00000000c1f00000 space 1024K, 100% used [0x00000000c1f00000, 0x00000000c2000000)
AC   0  S CS TS     7 PTAMS 0x00000000c2000000 NTAMS 0x00000000c2000000 space 1024K, 100% used [0x00000000c2000000, 0x00000000c2100000)
AC   0  S CS TS     7 PTAMS 0x00000000c2100000 NTAMS 0x00000000c2100000 space 1024K, 100% used [0x00000000c2100000, 0x00000000c2200000)
AC   0  S CS TS     7 PTAMS 0x00000000c2200000 NTAMS 0x00000000c2200000 space 1024K, 100% used [0x00000000c2200000, 0x00000000c2300000)
AC   0  F    TS     0 PTAMS 0x00000000c2300000 NTAMS 0x00000000c2300000 space 1024K,   0% used [0x00000000c2300000, 0x00000000c2400000)
AC   0  F    TS     1 PTAMS 0x00000000c2400000 NTAMS 0x00000000c2400000 space 1024K,   0% used [0x00000000c2400000, 0x00000000c2500000)
AC   0  F    TS     1 PTAMS 0x00000000c2500000 NTAMS 0x00000000c2500000 space 1024K,   0% used [0x00000000c2500000, 0x00000000c2600000)
AC   0  F    TS     1 PTAMS 0x00000000c2600000 NTAMS 0x00000000c2600000 space 1024K,   0% used [0x00000000c2600000, 0x00000000c2700000)
AC   0  F    TS     0 PTAMS 0x00000000c2700000 NTAMS 0x00000000c2700000 space 1024K,   0% used [0x00000000c2700000, 0x00000000c2800000)
AC   0  F    TS     0 PTAMS 0x00000000c2800000 NTAMS 0x00000000c2800000 space 1024K,   0% used [0x00000000c2800000, 0x00000000c2900000)
AC   0  F    TS     0 PTAMS 0x00000000c2900000 NTAMS 0x00000000c2900000 space 1024K,   0% used [0x00000000c2900000, 0x00000000c2a00000)
AC   0  F    TS     0 PTAMS 0x00000000c2a00000 NTAMS 0x00000000c2a00000 space 1024K,   0% used [0x00000000c2a00000, 0x00000000c2b00000)
AC   0  E    TS     0 PTAMS 0x00000000c2b00000 NTAMS 0x00000000c2b00000 space 1024K,  98% used [0x00000000c2b00000, 0x00000000c2c00000)
AC   0  E CS TS     0 PTAMS 0x00000000c2c00000 NTAMS 0x00000000c2c00000 space 1024K, 100% used [0x00000000c2c00000, 0x00000000c2d00000)
AC   0  E CS TS     0 PTAMS 0x00000000c2d00000 NTAMS 0x00000000c2d00000 space 1024K, 100% used [0x00000000c2d00000, 0x00000000c2e00000)
AC   0  E CS TS     0 PTAMS 0x00000000c2e00000 NTAMS 0x00000000c2e00000 space 1024K, 100% used [0x00000000c2e00000, 0x00000000c2f00000)
AC   0  E CS TS     0 PTAMS 0x00000000c2f00000 NTAMS 0x00000000c2f00000 space 1024K, 100% used [0x00000000c2f00000, 0x00000000c3000000)
AC   0  E CS TS     0 PTAMS 0x00000000c3000000 NTAMS 0x00000000c3000000 space 1024K, 100% used [0x00000000c3000000, 0x00000000c3100000)
AC   0  E CS TS     0 PTAMS 0x00000000c3100000 NTAMS 0x00000000c3100000 space 1024K, 100% used [0x00000000c3100000, 0x00000000c3200000)
AC   0  E CS TS     0 PTAMS 0x00000000c3200000 NTAMS 0x00000000c3200000 space 1024K, 100% used [0x00000000c3200000, 0x00000000c3300000)
AC   0  E CS TS     0 PTAMS 0x00000000c3300000 NTAMS 0x00000000c3300000 space 1024K, 100% used [0x00000000c3300000, 0x00000000c3400000)
AC   0  E CS TS     0 PTAMS 0x00000000c3400000 NTAMS 0x00000000c3400000 space 1024K, 100% used [0x00000000c3400000, 0x00000000c3500000)
AC   0  E CS TS     0 PTAMS 0x00000000c3500000 NTAMS 0x00000000c3500000 space 1024K, 100% used [0x00000000c3500000, 0x00000000c3600000)
AC   0  E CS TS     0 PTAMS 0x00000000c3600000 NTAMS 0x00000000c3600000 space 1024K, 100% used [0x00000000c3600000, 0x00000000c3700000)
AC   0  E CS TS     0 PTAMS 0x00000000c3700000 NTAMS 0x00000000c3700000 space 1024K, 100% used [0x00000000c3700000, 0x00000000c3800000)
AC   0  E CS TS     0 PTAMS 0x00000000c3800000 NTAMS 0x00000000c3800000 space 1024K, 100% used [0x00000000c3800000, 0x00000000c3900000)
AC   0  E CS TS     0 PTAMS 0x00000000c3900000 NTAMS 0x00000000c3900000 space 1024K, 100% used [0x00000000c3900000, 0x00000000c3a00000)
AC   0  E CS TS     5 PTAMS 0x00000000c3a00000 NTAMS 0x00000000c3a00000 space 1024K, 100% used [0x00000000c3a00000, 0x00000000c3b00000)
AC   0  E CS TS     0 PTAMS 0x00000000c3b00000 NTAMS 0x00000000c3b00000 space 1024K, 100% used [0x00000000c3b00000, 0x00000000c3c00000)
AC   0  E CS TS     3 PTAMS 0x00000000c3c00000 NTAMS 0x00000000c3c00000 space 1024K, 100% used [0x00000000c3c00000, 0x00000000c3d00000)
AC   0  E CS TS     0 PTAMS 0x00000000c3d00000 NTAMS 0x00000000c3d00000 space 1024K, 100% used [0x00000000c3d00000, 0x00000000c3e00000)

Card table byte_map: [0x00000000130d0000,0x00000000132d0000] byte_map_base: 0x0000000012ad0000

Marking Bits (Prev, Next): (CMBitMap*) 0x0000000002b084f8, (CMBitMap*) 0x0000000002b08550
 Prev Bits: [0x00000000134d0000, 0x00000000144d0000)
 Next Bits: [0x00000000144d0000, 0x00000000154d0000)

Polling page: 0x00000000003f0000

CodeCache: size=245760Kb used=13683Kb max_used=13694Kb free=232076Kb
 bounds [0x0000000002bd0000, 0x0000000003940000, 0x0000000011bd0000]
 total_blobs=4525 nmethods=3967 adapters=469
 compilation: enabled

Compilation events (10 events):
Event: 27.171 Thread 0x0000000018928800 nmethod 4518 0x000000000392da90 code [0x000000000392dc00, 0x000000000392ddf0]
Event: 27.178 Thread 0x0000000018928800 4519       3       org.eclipse.jdt.internal.compiler.parser.Scanner::getCurrentIdentifierSource (142 bytes)
Event: 27.179 Thread 0x0000000018928800 nmethod 4519 0x000000000392cb90 code [0x000000000392cd80, 0x000000000392d698]
Event: 27.180 Thread 0x0000000018928800 4520       3       org.eclipse.jdt.internal.compiler.parser.Parser::actFromTokenOrSynthetic (9 bytes)
Event: 27.181 Thread 0x0000000018928800 nmethod 4520 0x000000000392c550 code [0x000000000392c6c0, 0x000000000392c950]
Event: 27.181 Thread 0x0000000018928800 4521       3       org.eclipse.jdt.internal.compiler.parser.Parser::tAction (35 bytes)
Event: 27.181 Thread 0x0000000018928800 nmethod 4521 0x000000000392c010 code [0x000000000392c180, 0x000000000392c390]
Event: 27.183 Thread 0x0000000018928800 4522       3       org.eclipse.jdt.internal.compiler.parser.Parser::ntAction (8 bytes)
Event: 27.183 Thread 0x0000000018928800 nmethod 4522 0x000000000392bc50 code [0x000000000392bda0, 0x000000000392bf10]
Event: 27.183 Thread 0x0000000018928800 4523       3       org.eclipse.jdt.internal.compiler.parser.Parser::consumeRule (7272 bytes)

GC Heap History (10 events):
Event: 13.270 GC heap before
{Heap before GC invocations=10 (full 0):
 garbage-first heap   total 63488K, used 41984K [0x00000000c0000000, 0x00000000c01001f0, 0x0000000100000000)
  region size 1024K, 14 young (14336K), 4 survivors (4096K)
 Metaspace       used 33935K, capacity 35840K, committed 35920K, reserved 1081344K
  class space    used 3729K, capacity 4358K, committed 4432K, reserved 1048576K
Event: 13.281 GC heap after
Heap after GC invocations=11 (full 0):
 garbage-first heap   total 63488K, used 32768K [0x00000000c0000000, 0x00000000c01001f0, 0x0000000100000000)
  region size 1024K, 3 young (3072K), 3 survivors (3072K)
 Metaspace       used 33935K, capacity 35840K, committed 35920K, reserved 1081344K
  class space    used 3729K, capacity 4358K, committed 4432K, reserved 1048576K
}
Event: 15.273 GC heap before
{Heap before GC invocations=12 (full 0):
 garbage-first heap   total 63488K, used 47104K [0x00000000c0000000, 0x00000000c01001f0, 0x0000000100000000)
  region size 1024K, 23 young (23552K), 3 survivors (3072K)
 Metaspace       used 35510K, capacity 37694K, committed 37968K, reserved 1083392K
  class space    used 3906K, capacity 4615K, committed 4688K, reserved 1048576K
Event: 15.286 GC heap after
Heap after GC invocations=13 (full 0):
 garbage-first heap   total 63488K, used 29666K [0x00000000c0000000, 0x00000000c01001f0, 0x0000000100000000)
  region size 1024K, 3 young (3072K), 3 survivors (3072K)
 Metaspace       used 35510K, capacity 37694K, committed 37968K, reserved 1083392K
  class space    used 3906K, capacity 4615K, committed 4688K, reserved 1048576K
}
Event: 15.298 GC heap before
{Heap before GC invocations=13 (full 0):
 garbage-first heap   total 63488K, used 30690K [0x00000000c0000000, 0x00000000c01001f0, 0x0000000100000000)
  region size 1024K, 4 young (4096K), 3 survivors (3072K)
 Metaspace       used 35510K, capacity 37694K, committed 37968K, reserved 1083392K
  class space    used 3906K, capacity 4615K, committed 4688K, reserved 1048576K
Event: 15.310 GC heap after
Heap after GC invocations=14 (full 0):
 garbage-first heap   total 63488K, used 26112K [0x00000000c0000000, 0x00000000c01001f0, 0x0000000100000000)
  region size 1024K, 1 young (1024K), 1 survivors (1024K)
 Metaspace       used 35510K, capacity 37694K, committed 37968K, reserved 1083392K
  class space    used 3906K, capacity 4615K, committed 4688K, reserved 1048576K
}
Event: 15.350 GC heap before
{Heap before GC invocations=14 (full 0):
 garbage-first heap   total 63488K, used 28160K [0x00000000c0000000, 0x00000000c01001f0, 0x0000000100000000)
  region size 1024K, 3 young (3072K), 1 survivors (1024K)
 Metaspace       used 35510K, capacity 37694K, committed 37968K, reserved 1083392K
  class space    used 3906K, capacity 4615K, committed 4688K, reserved 1048576K
Event: 15.363 GC heap after
Heap after GC invocations=15 (full 0):
 garbage-first heap   total 63488K, used 26400K [0x00000000c0000000, 0x00000000c01001f0, 0x0000000100000000)
  region size 1024K, 1 young (1024K), 1 survivors (1024K)
 Metaspace       used 35510K, capacity 37694K, committed 37968K, reserved 1083392K
  class space    used 3906K, capacity 4615K, committed 4688K, reserved 1048576K
}
Event: 22.347 GC heap before
{Heap before GC invocations=15 (full 0):
 garbage-first heap   total 63488K, used 53024K [0x00000000c0000000, 0x00000000c01001f0, 0x0000000100000000)
  region size 1024K, 27 young (27648K), 1 survivors (1024K)
 Metaspace       used 37524K, capacity 39648K, committed 39760K, reserved 1083392K
  class space    used 4116K, capacity 4850K, committed 4944K, reserved 1048576K
Event: 22.361 GC heap after
Heap after GC invocations=16 (full 0):
 garbage-first heap   total 63488K, used 31132K [0x00000000c0000000, 0x00000000c01001f0, 0x0000000100000000)
  region size 1024K, 4 young (4096K), 4 survivors (4096K)
 Metaspace       used 37524K, capacity 39648K, committed 39760K, reserved 1083392K
  class space    used 4116K, capacity 4850K, committed 4944K, reserved 1048576K
}

Deoptimization events (10 events):
Event: 22.188 Thread 0x000000001ba89800 Uncommon trap: reason=unstable_if action=reinterpret pc=0x00000000037377e0 method=java.util.Arrays.equals([B[B)Z @ 12
Event: 22.231 Thread 0x000000001ba89800 Uncommon trap: reason=bimorphic action=maybe_recompile pc=0x00000000037abb50 method=java.io.InputStream.read([B)I @ 5
Event: 22.289 Thread 0x000000001ba89800 Uncommon trap: reason=class_check action=maybe_recompile pc=0x0000000002d12c3c method=java.lang.AbstractStringBuilder.append(Ljava/lang/CharSequence;II)Ljava/lang/AbstractStringBuilder; @ 18
Event: 22.291 Thread 0x000000001ba89800 Uncommon trap: reason=unstable_if action=reinterpret pc=0x00000000036f2b2c method=java.io.BufferedInputStream.read1([BII)I @ 29
Event: 22.292 Thread 0x000000001ba89800 Uncommon trap: reason=class_check action=maybe_recompile pc=0x0000000002d12c3c method=java.lang.AbstractStringBuilder.append(Ljava/lang/CharSequence;II)Ljava/lang/AbstractStringBuilder; @ 18
Event: 22.294 Thread 0x000000001ba89800 Uncommon trap: reason=class_check action=maybe_recompile pc=0x0000000002d12c3c method=java.lang.AbstractStringBuilder.append(Ljava/lang/CharSequence;II)Ljava/lang/AbstractStringBuilder; @ 18
Event: 22.296 Thread 0x000000001ba89800 Uncommon trap: reason=class_check action=maybe_recompile pc=0x0000000002d12c3c method=java.lang.AbstractStringBuilder.append(Ljava/lang/CharSequence;II)Ljava/lang/AbstractStringBuilder; @ 18
Event: 22.594 Thread 0x000000001a285800 Uncommon trap: reason=unstable_if action=reinterpret pc=0x0000000002d8bee4 method=sun.nio.fs.NativeBuffers.releaseNativeBuffer(Lsun/nio/fs/NativeBuffer;)V @ 35
Event: 24.358 Thread 0x000000001a285800 Uncommon trap: reason=unstable_if action=reinterpret pc=0x00000000035df69c method=java.util.LinkedHashMap.afterNodeInsertion(Z)V @ 18
Event: 26.817 Thread 0x000000001a285800 Uncommon trap: reason=unstable_if action=reinterpret pc=0x00000000038b5e30 method=sun.nio.fs.WindowsPathParser.nextNonSlash(Ljava/lang/String;II)I @ 2

Classes redefined (0 events):
No events

Internal exceptions (10 events):
Event: 26.804 Thread 0x000000001a285800 Exception <a 'sun/nio/fs/WindowsException'> (0x00000000c318d350) thrown at [C:\re\workspace\8-2-build-windows-amd64-cygwin\jdk8u171\10807\hotspot\src\share\vm\prims\jni.cpp, line 709]
Event: 26.805 Thread 0x000000001a285800 Exception <a 'sun/nio/fs/WindowsException'> (0x00000000c3191580) thrown at [C:\re\workspace\8-2-build-windows-amd64-cygwin\jdk8u171\10807\hotspot\src\share\vm\prims\jni.cpp, line 709]
Event: 26.807 Thread 0x000000001a285800 Exception <a 'sun/nio/fs/WindowsException'> (0x00000000c3194ba0) thrown at [C:\re\workspace\8-2-build-windows-amd64-cygwin\jdk8u171\10807\hotspot\src\share\vm\prims\jni.cpp, line 709]
Event: 26.808 Thread 0x000000001a285800 Exception <a 'sun/nio/fs/WindowsException'> (0x00000000c319b2b0) thrown at [C:\re\workspace\8-2-build-windows-amd64-cygwin\jdk8u171\10807\hotspot\src\share\vm\prims\jni.cpp, line 709]
Event: 26.810 Thread 0x000000001a285800 Exception <a 'sun/nio/fs/WindowsException'> (0x00000000c319ea98) thrown at [C:\re\workspace\8-2-build-windows-amd64-cygwin\jdk8u171\10807\hotspot\src\share\vm\prims\jni.cpp, line 709]
Event: 26.811 Thread 0x000000001a285800 Exception <a 'sun/nio/fs/WindowsException'> (0x00000000c31a45d8) thrown at [C:\re\workspace\8-2-build-windows-amd64-cygwin\jdk8u171\10807\hotspot\src\share\vm\prims\jni.cpp, line 709]
Event: 26.812 Thread 0x000000001a285800 Exception <a 'sun/nio/fs/WindowsException'> (0x00000000c31abf38) thrown at [C:\re\workspace\8-2-build-windows-amd64-cygwin\jdk8u171\10807\hotspot\src\share\vm\prims\jni.cpp, line 709]
Event: 26.813 Thread 0x000000001a285800 Exception <a 'sun/nio/fs/WindowsException'> (0x00000000c31b1930) thrown at [C:\re\workspace\8-2-build-windows-amd64-cygwin\jdk8u171\10807\hotspot\src\share\vm\prims\jni.cpp, line 709]
Event: 26.815 Thread 0x000000001a285800 Exception <a 'sun/nio/fs/WindowsException'> (0x00000000c31b53b8) thrown at [C:\re\workspace\8-2-build-windows-amd64-cygwin\jdk8u171\10807\hotspot\src\share\vm\prims\jni.cpp, line 709]
Event: 27.144 Thread 0x000000001a285800 Exception <a 'java/lang/ArrayIndexOutOfBoundsException': 1399> (0x00000000c2da4bd8) thrown at [C:\re\workspace\8-2-build-windows-amd64-cygwin\jdk8u171\10807\hotspot\src\share\vm\interpreter\interpreterRuntime.cpp, line 366]

Events (10 events):
Event: 27.273 loading class org/eclipse/jdt/core/dom/Javadoc
Event: 27.273 loading class org/eclipse/jdt/core/dom/Javadoc done
Event: 27.273 loading class org/eclipse/jdt/core/dom/Javadoc
Event: 27.273 loading class org/eclipse/jdt/core/dom/Javadoc done
Event: 27.274 Executing VM operation: RevokeBias
Event: 27.274 Executing VM operation: RevokeBias done
Event: 27.274 loading class org/eclipse/jdt/core/dom/Javadoc
Event: 27.274 loading class org/eclipse/jdt/core/dom/Javadoc done
Event: 27.274 loading class org/eclipse/jdt/core/dom/BodyDeclaration
Event: 27.274 loading class org/eclipse/jdt/core/dom/BodyDeclaration done


Dynamic libraries:
0x00007ff7e9510000 - 0x00007ff7e9547000 	C:\Program Files\Java\jdk1.8.0_171\bin\java.exe
0x00007ffe81600000 - 0x00007ffe817ed000 	C:\WINDOWS\SYSTEM32\ntdll.dll
0x00007ffe81470000 - 0x00007ffe81523000 	C:\WINDOWS\System32\KERNEL32.DLL
0x00007ffe7d990000 - 0x00007ffe7dc23000 	C:\WINDOWS\System32\KERNELBASE.dll
0x00007ffe7ece0000 - 0x00007ffe7ed83000 	C:\WINDOWS\System32\ADVAPI32.dll
0x00007ffe7f090000 - 0x00007ffe7f12e000 	C:\WINDOWS\System32\msvcrt.dll
0x00007ffe81530000 - 0x00007ffe815ce000 	C:\WINDOWS\System32\sechost.dll
0x00007ffe7e830000 - 0x00007ffe7e952000 	C:\WINDOWS\System32\RPCRT4.dll
0x00007ffe7e960000 - 0x00007ffe7eaf7000 	C:\WINDOWS\System32\USER32.dll
0x00007ffe7d6d0000 - 0x00007ffe7d6f0000 	C:\WINDOWS\System32\win32u.dll
0x00007ffe7eb00000 - 0x00007ffe7eb29000 	C:\WINDOWS\System32\GDI32.dll
0x00007ffe7dc90000 - 0x00007ffe7de2a000 	C:\WINDOWS\System32\gdi32full.dll
0x00007ffe7d870000 - 0x00007ffe7d910000 	C:\WINDOWS\System32\msvcp_win.dll
0x00007ffe7d720000 - 0x00007ffe7d81a000 	C:\WINDOWS\System32\ucrtbase.dll
0x00007ffe6f500000 - 0x00007ffe6f779000 	C:\WINDOWS\WinSxS\amd64_microsoft.windows.common-controls_6595b64144ccf1df_6.0.17763.437_none_05b63dca071e5dd6\COMCTL32.dll
0x00007ffe80c40000 - 0x00007ffe80f6c000 	C:\WINDOWS\System32\combase.dll
0x00007ffe7d910000 - 0x00007ffe7d98e000 	C:\WINDOWS\System32\bcryptPrimitives.dll
0x00007ffe81040000 - 0x00007ffe8106e000 	C:\WINDOWS\System32\IMM32.DLL
0x0000000059180000 - 0x0000000059252000 	C:\Program Files\Java\jdk1.8.0_171\jre\bin\msvcr100.dll
0x00000000580b0000 - 0x0000000058950000 	C:\Program Files\Java\jdk1.8.0_171\jre\bin\server\jvm.dll
0x00007ffe7f6d0000 - 0x00007ffe7f6d8000 	C:\WINDOWS\System32\PSAPI.DLL
0x00007ffe6d230000 - 0x00007ffe6d23a000 	C:\WINDOWS\SYSTEM32\VERSION.dll
0x00007ffe7b010000 - 0x00007ffe7b034000 	C:\WINDOWS\SYSTEM32\WINMM.dll
0x00007ffe7afe0000 - 0x00007ffe7b00d000 	C:\WINDOWS\SYSTEM32\WINMMBASE.dll
0x00007ffe6c290000 - 0x00007ffe6c299000 	C:\WINDOWS\SYSTEM32\WSOCK32.dll
0x00007ffe7d820000 - 0x00007ffe7d86a000 	C:\WINDOWS\System32\cfgmgr32.dll
0x00007ffe7f6e0000 - 0x00007ffe7f74d000 	C:\WINDOWS\System32\WS2_32.dll
0x0000000059170000 - 0x000000005917f000 	C:\Program Files\Java\jdk1.8.0_171\jre\bin\verify.dll
0x0000000059140000 - 0x0000000059169000 	C:\Program Files\Java\jdk1.8.0_171\jre\bin\java.dll
0x0000000059120000 - 0x0000000059136000 	C:\Program Files\Java\jdk1.8.0_171\jre\bin\zip.dll
0x00007ffe7f750000 - 0x00007ffe80c40000 	C:\WINDOWS\System32\SHELL32.dll
0x00007ffe7f130000 - 0x00007ffe7f1d8000 	C:\WINDOWS\System32\shcore.dll
0x00007ffe7de30000 - 0x00007ffe7e57a000 	C:\WINDOWS\System32\windows.storage.dll
0x00007ffe7d6a0000 - 0x00007ffe7d6c4000 	C:\WINDOWS\System32\profapi.dll
0x00007ffe7d640000 - 0x00007ffe7d69d000 	C:\WINDOWS\System32\powrprof.dll
0x00007ffe810d0000 - 0x00007ffe81122000 	C:\WINDOWS\System32\shlwapi.dll
0x00007ffe7d600000 - 0x00007ffe7d611000 	C:\WINDOWS\System32\kernel.appcore.dll
0x00007ffe7e810000 - 0x00007ffe7e827000 	C:\WINDOWS\System32\cryptsp.dll
0x00007ffe7c600000 - 0x00007ffe7c633000 	C:\WINDOWS\system32\rsaenh.dll
0x00007ffe7d6f0000 - 0x00007ffe7d716000 	C:\WINDOWS\System32\bcrypt.dll
0x00007ffe7d500000 - 0x00007ffe7d528000 	C:\WINDOWS\SYSTEM32\USERENV.dll
0x00007ffe7cc10000 - 0x00007ffe7cc1c000 	C:\WINDOWS\SYSTEM32\CRYPTBASE.dll
0x0000000059100000 - 0x000000005911a000 	C:\Program Files\Java\jdk1.8.0_171\jre\bin\net.dll
0x00007ffe7ca40000 - 0x00007ffe7caa7000 	C:\WINDOWS\system32\mswsock.dll
0x00007ffe7c7a0000 - 0x00007ffe7c7dd000 	C:\WINDOWS\SYSTEM32\IPHLPAPI.DLL
0x00007ffe7efa0000 - 0x00007ffe7efa8000 	C:\WINDOWS\System32\NSI.dll
0x00007ffe72140000 - 0x00007ffe72156000 	C:\WINDOWS\SYSTEM32\dhcpcsvc6.DLL
0x00007ffe72900000 - 0x00007ffe7291c000 	C:\WINDOWS\SYSTEM32\dhcpcsvc.DLL
0x00007ffe7c7e0000 - 0x00007ffe7c8a6000 	C:\WINDOWS\SYSTEM32\DNSAPI.dll
0x00000000590e0000 - 0x00000000590f1000 	C:\Program Files\Java\jdk1.8.0_171\jre\bin\nio.dll
0x00007ffe66e00000 - 0x00007ffe66e29000 	C:\Users\XNOTE\.vscode\extensions\redhat.java-0.44.0\server\config_win\org.eclipse.equinox.launcher\org.eclipse.equinox.launcher.win32.win32.x86_64_1.1.1000.v20190125-2016\eclipse_1801.dll
0x00007ffe6c410000 - 0x00007ffe6c421000 	C:\Users\XNOTE\.vscode\extensions\redhat.java-0.44.0\server\config_win\org.eclipse.osgi\20\0\.cp\jWinHttp-1.0.0.dll
0x00007ffe811e0000 - 0x00007ffe81335000 	C:\WINDOWS\System32\ole32.dll
0x00007ffe73000000 - 0x00007ffe730f1000 	C:\WINDOWS\SYSTEM32\WINHTTP.dll
0x00000000590b0000 - 0x00000000590d4000 	C:\Program Files\Java\jdk1.8.0_171\jre\bin\sunec.dll
0x00000000590a0000 - 0x00000000590ab000 	C:\Program Files\Java\jdk1.8.0_171\jre\bin\sunmscapi.dll
0x00007ffe7e580000 - 0x00007ffe7e75b000 	C:\WINDOWS\System32\CRYPT32.dll
0x00007ffe7d620000 - 0x00007ffe7d632000 	C:\WINDOWS\System32\MSASN1.dll
0x00007ffe6e2e0000 - 0x00007ffe6e2ea000 	C:\Windows\System32\rasadhlp.dll
0x00007ffe6ee60000 - 0x00007ffe6eed9000 	C:\WINDOWS\System32\fwpuclnt.dll

VM Arguments:
jvm_args: -Declipse.application=org.eclipse.jdt.ls.core.id1 -Dosgi.bundles.defaultStartLevel=4 -Declipse.product=org.eclipse.jdt.ls.core.product -Dfile.encoding=utf8 -DwatchParentProcess=false -Xverify:none -Xmx1G -XX:+UseG1GC -XX:+UseStringDeduplication 
java_command: C:\Users\XNOTE\.vscode\extensions\redhat.java-0.44.0\server\plugins\org.eclipse.equinox.launcher_1.5.300.v20190213-1655.jar -configuration C:\Users\XNOTE\.vscode\extensions\redhat.java-0.44.0\server\config_win -data c:\Users\XNOTE\AppData\Roaming\Code\User\workspaceStorage\93e8932c494c5971e4fa6186b51a1aec\redhat.java\jdt_ws
java_class_path (initial): C:\Users\XNOTE\.vscode\extensions\redhat.java-0.44.0\server\plugins\org.eclipse.equinox.launcher_1.5.300.v20190213-1655.jar
Launcher Type: SUN_STANDARD

Environment Variables:
PATH=C:\Program Files (x86)\Common Files\Oracle\Java\javapath;C:\ProgramData\Oracle\Java\javapath;C:\python27;C:\WINDOWS\system32;C:\WINDOWS;C:\WINDOWS\System32\Wbem;C:\WINDOWS\System32\WindowsPowerShell\v1.0\;C:\Program Files (x86)\Windows Live\Shared;C:\WINDOWS\System32\OpenSSH\;C:\Program Files\PuTTY\;C:\Program Files\Microsoft VS Code\bin;C:\Program Files\Git\cmd;C:\Program Files\Java\jdk1.8.0_171\bin;%USERPROFILE%\AppData\Local\Microsoft\WindowsApps;
USERNAME=¹Î¿ì
OS=Windows_NT
PROCESSOR_IDENTIFIER=Intel64 Family 6 Model 58 Stepping 9, GenuineIntel



---------------  S Y S T E M  ---------------

OS: Windows 10.0 , 64 bit Build 17763 (10.0.17763.437)

CPU:total 4 (initial active 4) (2 cores per cpu, 2 threads per core) family 6 model 58 stepping 9, cmov, cx8, fxsr, mmx, sse, sse2, sse3, ssse3, sse4.1, sse4.2, popcnt, avx, clmul, erms, ht, tsc, tscinvbit, tscinv

Memory: 4k page, physical 4024712k(288752k free), swap 5445000k(3392k free)

vm_info: Java HotSpot(TM) 64-Bit Server VM (25.171-b11) for windows-amd64 JRE (1.8.0_171-b11), built on Mar 28 2018 16:06:12 by "java_re" with MS VC++ 10.0 (VS2010)

time: Thu May 23 18:49:44 2019
elapsed time: 27 seconds (0d 0h 0m 27s)

