#
# There is insufficient memory for the Java Runtime Environment to continue.
# Native memory allocation (malloc) failed to allocate 956976 bytes for Chunk::new
# Possible reasons:
#   The system is out of physical RAM or swap space
#   In 32 bit mode, the process size limit was hit
# Possible solutions:
#   Reduce memory load on the system
#   Increase physical memory or swap space
#   Check if swap backing store is full
#   Use 64 bit Java on a 64 bit OS
#   Decrease Java heap size (-Xmx/-Xms)
#   Decrease number of Java threads
#   Decrease Java thread stack sizes (-Xss)
#   Set larger code cache with -XX:ReservedCodeCacheSize=
# This output file may be truncated or incomplete.
#
#  Out of Memory Error (allocation.cpp:390), pid=6428, tid=0x0000000000001448
#
# JRE version: Java(TM) SE Runtime Environment (8.0_171-b11) (build 1.8.0_171-b11)
# Java VM: Java HotSpot(TM) 64-Bit Server VM (25.171-b11 mixed mode windows-amd64 compressed oops)
# Failed to write core dump. Minidumps are not enabled by default on client versions of Windows
#

---------------  T H R E A D  ---------------

Current thread (0x00000000192d1000):  JavaThread "C2 CompilerThread0" daemon [_thread_in_native, id=5192, stack(0x0000000019aa0000,0x0000000019ba0000)]

Stack: [0x0000000019aa0000,0x0000000019ba0000]
[error occurred during error reporting (printing stack bounds), id 0xc0000005]

Native frames: (J=compiled Java code, j=interpreted, Vv=VM code, C=native code)


Current CompileTask:
C2:  22190 6689   !   4       org.eclipse.jdt.internal.codeassist.complete.CompletionScanner::getNextToken0 (4425 bytes)


---------------  P R O C E S S  ---------------

Java Threads: ( => current thread )
  0x000000001b5db800 JavaThread "Worker-4" [_thread_blocked, id=6248, stack(0x00000000217d0000,0x00000000218d0000)]
  0x000000001b5da000 JavaThread "ForkJoinPool.commonPool-worker-3" daemon [_thread_in_Java, id=13636, stack(0x00000000214d0000,0x00000000215d0000)]
  0x000000001b5da800 JavaThread "ForkJoinPool.commonPool-worker-2" daemon [_thread_blocked, id=16216, stack(0x00000000213d0000,0x00000000214d0000)]
  0x000000001b5dd000 JavaThread "ForkJoinPool.commonPool-worker-1" daemon [_thread_blocked, id=17848, stack(0x00000000210a0000,0x00000000211a0000)]
  0x000000001aa68000 JavaThread "Worker-3: Publish Diagnostics" [_thread_blocked, id=14560, stack(0x000000001f930000,0x000000001fa30000)]
  0x000000001ddb2800 JavaThread "pool-1-thread-1" [_thread_blocked, id=6240, stack(0x000000001e640000,0x000000001e740000)]
  0x000000001b198800 JavaThread "Bundle File Closer" daemon [_thread_blocked, id=7420, stack(0x000000001cb70000,0x000000001cc70000)]
  0x000000001b124800 JavaThread "Worker-2" [_thread_blocked, id=1500, stack(0x000000001ca70000,0x000000001cb70000)]
  0x000000001b0e4800 JavaThread "Java indexing" daemon [_thread_blocked, id=16036, stack(0x000000001c970000,0x000000001ca70000)]
  0x000000001af93800 JavaThread "Worker-1" [_thread_blocked, id=10140, stack(0x000000001c470000,0x000000001c570000)]
  0x000000001af1f800 JavaThread "Worker-0: Initialize workspace" [_thread_in_native, id=12792, stack(0x000000001c370000,0x000000001c470000)]
  0x000000001ad26800 JavaThread "Worker-JM" [_thread_blocked, id=8676, stack(0x000000001bb50000,0x000000001bc50000)]
  0x000000001a095000 JavaThread "Start Level: Equinox Container: 87568427-b71e-42d9-9095-6021bafe9705" daemon [_thread_blocked, id=18072, stack(0x000000001b970000,0x000000001ba70000)]
  0x000000001a3d8800 JavaThread "Framework Event Dispatcher: Equinox Container: 87568427-b71e-42d9-9095-6021bafe9705" daemon [_thread_blocked, id=1304, stack(0x000000001b870000,0x000000001b970000)]
  0x000000001a147000 JavaThread "Active Thread: Equinox Container: 87568427-b71e-42d9-9095-6021bafe9705" [_thread_blocked, id=14084, stack(0x000000001b770000,0x000000001b870000)]
  0x000000001936f800 JavaThread "Service Thread" daemon [_thread_blocked, id=11400, stack(0x0000000019da0000,0x0000000019ea0000)]
  0x00000000192de000 JavaThread "C1 CompilerThread2" daemon [_thread_blocked, id=11852, stack(0x0000000019ca0000,0x0000000019da0000)]
  0x00000000192d2000 JavaThread "C2 CompilerThread1" daemon [_thread_in_native, id=5932, stack(0x0000000019ba0000,0x0000000019ca0000)]
=>0x00000000192d1000 JavaThread "C2 CompilerThread0" daemon [_thread_in_native, id=5192, stack(0x0000000019aa0000,0x0000000019ba0000)]
  0x00000000192d0000 JavaThread "Attach Listener" daemon [_thread_blocked, id=10740, stack(0x00000000199a0000,0x0000000019aa0000)]
  0x00000000192b8000 JavaThread "Signal Dispatcher" daemon [_thread_blocked, id=2844, stack(0x00000000198a0000,0x00000000199a0000)]
  0x00000000192cc000 JavaThread "Surrogate Locker Thread (Concurrent GC)" daemon [_thread_blocked, id=9636, stack(0x00000000197a0000,0x00000000198a0000)]
  0x000000001922f000 JavaThread "Finalizer" daemon [_thread_blocked, id=18044, stack(0x00000000196a0000,0x00000000197a0000)]
  0x0000000019226800 JavaThread "Reference Handler" daemon [_thread_blocked, id=16644, stack(0x00000000195a0000,0x00000000196a0000)]
  0x000000000177e000 JavaThread "main" [_thread_blocked, id=16960, stack(0x0000000003380000,0x0000000003480000)]

Other Threads:
  0x0000000019223000 VMThread [stack: 0x0000000018fc0000,0x00000000190c0000] [id=5396]
  0x0000000019373000 WatcherThread [stack: 0x0000000019ea0000,0x0000000019fa0000] [id=2384]

VM state:not at safepoint (normal execution)

VM Mutex/Monitor currently owned by a thread: None

Heap:
 garbage-first heap   total 64512K, used 45564K [0x00000000c0000000, 0x00000000c01001f8, 0x0000000100000000)
  region size 1024K, 5 young (5120K), 1 survivors (1024K)
 Metaspace       used 47978K, capacity 50780K, committed 50816K, reserved 1093632K
  class space    used 4950K, capacity 5740K, committed 5760K, reserved 1048576K

Heap Regions: (Y=young(eden), SU=young(survivor), HS=humongous(starts), HC=humongous(continues), CS=collection set, F=free, TS=gc time stamp, PTAMS=previous top-at-mark-start, NTAMS=next top-at-mark-start)
AC   0 HS    TS     0 PTAMS 0x00000000c0080010 NTAMS 0x00000000c0080010 space 1024K,  50% used [0x00000000c0000000, 0x00000000c0100000)
AC   0  O    TS     0 PTAMS 0x00000000c0200000 NTAMS 0x00000000c0200000 space 1024K, 100% used [0x00000000c0100000, 0x00000000c0200000)
AC   0  O    TS     0 PTAMS 0x00000000c0300000 NTAMS 0x00000000c0300000 space 1024K, 100% used [0x00000000c0200000, 0x00000000c0300000)
AC   0  O    TS     0 PTAMS 0x00000000c0400000 NTAMS 0x00000000c0400000 space 1024K, 100% used [0x00000000c0300000, 0x00000000c0400000)
AC   0  O    TS     0 PTAMS 0x00000000c0500000 NTAMS 0x00000000c0500000 space 1024K, 100% used [0x00000000c0400000, 0x00000000c0500000)
AC   0  O    TS     0 PTAMS 0x00000000c0600000 NTAMS 0x00000000c0600000 space 1024K, 100% used [0x00000000c0500000, 0x00000000c0600000)
AC   0  O    TS     0 PTAMS 0x00000000c0700000 NTAMS 0x00000000c0700000 space 1024K, 100% used [0x00000000c0600000, 0x00000000c0700000)
AC   0  O    TS     0 PTAMS 0x00000000c0800000 NTAMS 0x00000000c0800000 space 1024K, 100% used [0x00000000c0700000, 0x00000000c0800000)
AC   0  F    TS     0 PTAMS 0x00000000c0800000 NTAMS 0x00000000c0800000 space 1024K,   0% used [0x00000000c0800000, 0x00000000c0900000)
AC   0  O    TS     0 PTAMS 0x00000000c0a00000 NTAMS 0x00000000c0a00000 space 1024K, 100% used [0x00000000c0900000, 0x00000000c0a00000)
AC   0  O    TS     0 PTAMS 0x00000000c0b00000 NTAMS 0x00000000c0b00000 space 1024K, 100% used [0x00000000c0a00000, 0x00000000c0b00000)
AC   0  O    TS     3 PTAMS 0x00000000c0b80200 NTAMS 0x00000000c0b80200 space 1024K, 100% used [0x00000000c0b00000, 0x00000000c0c00000)
AC   0  O    TS     0 PTAMS 0x00000000c0d00000 NTAMS 0x00000000c0d00000 space 1024K, 100% used [0x00000000c0c00000, 0x00000000c0d00000)
AC   0  O    TS     3 PTAMS 0x00000000c0d00000 NTAMS 0x00000000c0d00000 space 1024K, 100% used [0x00000000c0d00000, 0x00000000c0e00000)
AC   0  O    TS     0 PTAMS 0x00000000c0f00000 NTAMS 0x00000000c0f00000 space 1024K, 100% used [0x00000000c0e00000, 0x00000000c0f00000)
AC   0  O    TS     0 PTAMS 0x00000000c1000000 NTAMS 0x00000000c1000000 space 1024K, 100% used [0x00000000c0f00000, 0x00000000c1000000)
AC   0  O    TS     0 PTAMS 0x00000000c1100000 NTAMS 0x00000000c1100000 space 1024K, 100% used [0x00000000c1000000, 0x00000000c1100000)
AC   0  O    TS     3 PTAMS 0x00000000c1100000 NTAMS 0x00000000c1100000 space 1024K, 100% used [0x00000000c1100000, 0x00000000c1200000)
AC   0  O    TS     3 PTAMS 0x00000000c1200000 NTAMS 0x00000000c1200000 space 1024K, 100% used [0x00000000c1200000, 0x00000000c1300000)
AC   0  O    TS     3 PTAMS 0x00000000c1300000 NTAMS 0x00000000c1300000 space 1024K, 100% used [0x00000000c1300000, 0x00000000c1400000)
AC   0  O    TS     0 PTAMS 0x00000000c1500000 NTAMS 0x00000000c1500000 space 1024K, 100% used [0x00000000c1400000, 0x00000000c1500000)
AC   0  O    TS     0 PTAMS 0x00000000c1600000 NTAMS 0x00000000c1600000 space 1024K, 100% used [0x00000000c1500000, 0x00000000c1600000)
AC   0  O    TS     0 PTAMS 0x00000000c1700000 NTAMS 0x00000000c1700000 space 1024K, 100% used [0x00000000c1600000, 0x00000000c1700000)
AC   0  O    TS     0 PTAMS 0x00000000c1800000 NTAMS 0x00000000c1800000 space 1024K, 100% used [0x00000000c1700000, 0x00000000c1800000)
AC   0  O    TS     0 PTAMS 0x00000000c1900000 NTAMS 0x00000000c1900000 space 1024K, 100% used [0x00000000c1800000, 0x00000000c1900000)
AC   0  O    TS     0 PTAMS 0x00000000c1a00000 NTAMS 0x00000000c1a00000 space 1024K, 100% used [0x00000000c1900000, 0x00000000c1a00000)
AC   0  O    TS     0 PTAMS 0x00000000c1b00000 NTAMS 0x00000000c1b00000 space 1024K, 100% used [0x00000000c1a00000, 0x00000000c1b00000)
AC   0  O    TS     0 PTAMS 0x00000000c1c00000 NTAMS 0x00000000c1c00000 space 1024K, 100% used [0x00000000c1b00000, 0x00000000c1c00000)
AC   0  O    TS     0 PTAMS 0x00000000c1d00000 NTAMS 0x00000000c1d00000 space 1024K, 100% used [0x00000000c1c00000, 0x00000000c1d00000)
AC   0  O    TS     0 PTAMS 0x00000000c1e00000 NTAMS 0x00000000c1e00000 space 1024K, 100% used [0x00000000c1d00000, 0x00000000c1e00000)
AC   0  O    TS     0 PTAMS 0x00000000c1f00000 NTAMS 0x00000000c1f00000 space 1024K, 100% used [0x00000000c1e00000, 0x00000000c1f00000)
AC   0  O    TS     0 PTAMS 0x00000000c2000000 NTAMS 0x00000000c2000000 space 1024K, 100% used [0x00000000c1f00000, 0x00000000c2000000)
AC   0  O    TS     5 PTAMS 0x00000000c2000000 NTAMS 0x00000000c2000000 space 1024K, 100% used [0x00000000c2000000, 0x00000000c2100000)
AC   0  O    TS     5 PTAMS 0x00000000c2100000 NTAMS 0x00000000c2100000 space 1024K, 100% used [0x00000000c2100000, 0x00000000c2200000)
AC   0  O    TS     0 PTAMS 0x00000000c2300000 NTAMS 0x00000000c2300000 space 1024K, 100% used [0x00000000c2200000, 0x00000000c2300000)
AC   0  O    TS     0 PTAMS 0x00000000c2400000 NTAMS 0x00000000c2400000 space 1024K, 100% used [0x00000000c2300000, 0x00000000c2400000)
AC   0  O    TS     5 PTAMS 0x00000000c2400000 NTAMS 0x00000000c2400000 space 1024K, 100% used [0x00000000c2400000, 0x00000000c2500000)
AC   0  F    TS     0 PTAMS 0x00000000c2500000 NTAMS 0x00000000c2500000 space 1024K,   0% used [0x00000000c2500000, 0x00000000c2600000)
AC   0  O    TS     0 PTAMS 0x00000000c2700000 NTAMS 0x00000000c2700000 space 1024K, 100% used [0x00000000c2600000, 0x00000000c2700000)
AC   0  O    TS     0 PTAMS 0x00000000c2800000 NTAMS 0x00000000c2800000 space 1024K, 100% used [0x00000000c2700000, 0x00000000c2800000)
AC   0  O    TS     0 PTAMS 0x00000000c2900000 NTAMS 0x00000000c2900000 space 1024K, 100% used [0x00000000c2800000, 0x00000000c2900000)
AC   0  O    TS     0 PTAMS 0x00000000c2a00000 NTAMS 0x00000000c2a00000 space 1024K, 100% used [0x00000000c2900000, 0x00000000c2a00000)
AC   0  O    TS     0 PTAMS 0x00000000c2b00000 NTAMS 0x00000000c2b00000 space 1024K, 100% used [0x00000000c2a00000, 0x00000000c2b00000)
AC   0  F    TS     0 PTAMS 0x00000000c2b00000 NTAMS 0x00000000c2b00000 space 1024K,   0% used [0x00000000c2b00000, 0x00000000c2c00000)
AC   0  F    TS     0 PTAMS 0x00000000c2c00000 NTAMS 0x00000000c2c00000 space 1024K,   0% used [0x00000000c2c00000, 0x00000000c2d00000)
AC   0  F    TS     0 PTAMS 0x00000000c2d00000 NTAMS 0x00000000c2d00000 space 1024K,   0% used [0x00000000c2d00000, 0x00000000c2e00000)
AC   0  F    TS     0 PTAMS 0x00000000c2e00000 NTAMS 0x00000000c2e00000 space 1024K,   0% used [0x00000000c2e00000, 0x00000000c2f00000)
AC   0  F    TS     0 PTAMS 0x00000000c2f00000 NTAMS 0x00000000c2f00000 space 1024K,   0% used [0x00000000c2f00000, 0x00000000c3000000)
AC   0  F    TS     0 PTAMS 0x00000000c3000000 NTAMS 0x00000000c3000000 space 1024K,   0% used [0x00000000c3000000, 0x00000000c3100000)
AC   0  F    TS     0 PTAMS 0x00000000c3100000 NTAMS 0x00000000c3100000 space 1024K,   0% used [0x00000000c3100000, 0x00000000c3200000)
AC   0  F    TS     0 PTAMS 0x00000000c3200000 NTAMS 0x00000000c3200000 space 1024K,   0% used [0x00000000c3200000, 0x00000000c3300000)
AC   0  F    TS     1 PTAMS 0x00000000c3300000 NTAMS 0x00000000c3300000 space 1024K,   0% used [0x00000000c3300000, 0x00000000c3400000)
AC   0  F    TS     1 PTAMS 0x00000000c3400000 NTAMS 0x00000000c3400000 space 1024K,   0% used [0x00000000c3400000, 0x00000000c3500000)
AC   0  F    TS     0 PTAMS 0x00000000c3500000 NTAMS 0x00000000c3500000 space 1024K,   0% used [0x00000000c3500000, 0x00000000c3600000)
AC   0  F    TS     0 PTAMS 0x00000000c3600000 NTAMS 0x00000000c3600000 space 1024K,   0% used [0x00000000c3600000, 0x00000000c3700000)
AC   0  F    TS     0 PTAMS 0x00000000c3700000 NTAMS 0x00000000c3700000 space 1024K,   0% used [0x00000000c3700000, 0x00000000c3800000)
AC   0  F    TS     0 PTAMS 0x00000000c3800000 NTAMS 0x00000000c3800000 space 1024K,   0% used [0x00000000c3800000, 0x00000000c3900000)
AC   0  E    TS     0 PTAMS 0x00000000c3900000 NTAMS 0x00000000c3900000 space 1024K,   2% used [0x00000000c3900000, 0x00000000c3a00000)
AC   0  E CS TS     0 PTAMS 0x00000000c3a00000 NTAMS 0x00000000c3a00000 space 1024K, 100% used [0x00000000c3a00000, 0x00000000c3b00000)
AC   0  S CS TS     5 PTAMS 0x00000000c3b00000 NTAMS 0x00000000c3b00000 space 1024K,  99% used [0x00000000c3b00000, 0x00000000c3c00000)
AC   0  E CS TS     0 PTAMS 0x00000000c3c00000 NTAMS 0x00000000c3c00000 space 1024K, 100% used [0x00000000c3c00000, 0x00000000c3d00000)
AC   0  E CS TS     3 PTAMS 0x00000000c3d00000 NTAMS 0x00000000c3d00000 space 1024K, 100% used [0x00000000c3d00000, 0x00000000c3e00000)
AC   0  E CS TS     0 PTAMS 0x00000000c3e00000 NTAMS 0x00000000c3e00000 space 1024K, 100% used [0x00000000c3e00000, 0x00000000c3f00000)

Card table byte_map: [0x0000000013a80000,0x0000000013c80000] byte_map_base: 0x0000000013480000

Marking Bits (Prev, Next): (CMBitMap*) 0x00000000034ba3a0, (CMBitMap*) 0x00000000034ba348
 Prev Bits: [0x0000000014e80000, 0x0000000015e80000)
 Next Bits: [0x0000000013e80000, 0x0000000014e80000)

Polling page: 0x0000000001220000

CodeCache: size=245760Kb used=21326Kb max_used=21326Kb free=224433Kb
 bounds [0x0000000003580000, 0x0000000004a70000, 0x0000000012580000]
 total_blobs=6346 nmethods=5764 adapters=492
 compilation: enabled

Compilation events (10 events):
Event: 22.048 Thread 0x00000000192de000 nmethod 6720 0x00000000049ef990 code [0x00000000049f0d20, 0x00000000049fe668]
Event: 22.048 Thread 0x00000000192de000 6724       3       org.eclipse.jdt.internal.compiler.parser.Parser::consumeRule (7272 bytes)
Event: 22.054 Thread 0x00000000192d2000 nmethod 6697 0x0000000004a04490 code [0x0000000004a045e0, 0x0000000004a04c58]
Event: 22.054 Thread 0x00000000192d2000 6726   !   4       org.eclipse.jdt.internal.compiler.lookup.BinaryTypeBinding::superInterfaces (279 bytes)
Event: 22.134 Thread 0x00000000192de000 nmethod 6724 0x0000000004a04fd0 code [0x0000000004a081e0, 0x0000000004a2e8e8]
Event: 22.134 Thread 0x00000000192de000 6723       3       org.eclipse.jdt.internal.codeassist.CompletionEngine::findLocalMethods (2517 bytes)
Event: 22.179 Thread 0x00000000192de000 nmethod 6723 0x0000000004a38290 code [0x0000000004a39780, 0x0000000004a4bef8]
Event: 22.179 Thread 0x00000000192de000 6728       3       org.eclipse.jdt.internal.compiler.lookup.ReferenceBinding::getMemberType (37 bytes)
Event: 22.179 Thread 0x00000000192de000 nmethod 6728 0x00000000049ee050 code [0x00000000049ee1e0, 0x00000000049ee578]
Event: 22.179 Thread 0x00000000192de000 6725       3       org.eclipse.jdt.internal.core.NameLookup::findPackageFragments (544 bytes)

GC Heap History (10 events):
Event: 21.710 GC heap before
{Heap before GC invocations=48 (full 0):
 garbage-first heap   total 64512K, used 53887K [0x00000000c0000000, 0x00000000c01001f8, 0x0000000100000000)
  region size 1024K, 10 young (10240K), 1 survivors (1024K)
 Metaspace       used 47510K, capacity 50332K, committed 50560K, reserved 1093632K
  class space    used 4927K, capacity 5740K, committed 5760K, reserved 1048576K
Event: 21.719 GC heap after
Heap after GC invocations=49 (full 0):
 garbage-first heap   total 64512K, used 44610K [0x00000000c0000000, 0x00000000c01001f8, 0x0000000100000000)
  region size 1024K, 1 young (1024K), 1 survivors (1024K)
 Metaspace       used 47510K, capacity 50332K, committed 50560K, reserved 1093632K
  class space    used 4927K, capacity 5740K, committed 5760K, reserved 1048576K
}
Event: 21.738 GC heap before
{Heap before GC invocations=49 (full 0):
 garbage-first heap   total 64512K, used 45634K [0x00000000c0000000, 0x00000000c01001f8, 0x0000000100000000)
  region size 1024K, 3 young (3072K), 1 survivors (1024K)
 Metaspace       used 47511K, capacity 50332K, committed 50560K, reserved 1093632K
  class space    used 4927K, capacity 5740K, committed 5760K, reserved 1048576K
Event: 21.743 GC heap after
Heap after GC invocations=50 (full 0):
 garbage-first heap   total 64512K, used 44931K [0x00000000c0000000, 0x00000000c01001f8, 0x0000000100000000)
  region size 1024K, 1 young (1024K), 1 survivors (1024K)
 Metaspace       used 47511K, capacity 50332K, committed 50560K, reserved 1093632K
  class space    used 4927K, capacity 5740K, committed 5760K, reserved 1048576K
}
Event: 21.999 GC heap before
{Heap before GC invocations=51 (full 0):
 garbage-first heap   total 64512K, used 55237K [0x00000000c0000000, 0x00000000c01001f8, 0x0000000100000000)
  region size 1024K, 10 young (10240K), 1 survivors (1024K)
 Metaspace       used 47916K, capacity 50716K, committed 50816K, reserved 1093632K
  class space    used 4950K, capacity 5740K, committed 5760K, reserved 1048576K
Event: 22.006 GC heap after
Heap after GC invocations=52 (full 0):
 garbage-first heap   total 64512K, used 45460K [0x00000000c0000000, 0x00000000c01001f8, 0x0000000100000000)
  region size 1024K, 2 young (2048K), 2 survivors (2048K)
 Metaspace       used 47916K, capacity 50716K, committed 50816K, reserved 1093632K
  class space    used 4950K, capacity 5740K, committed 5760K, reserved 1048576K
}
Event: 22.021 GC heap before
{Heap before GC invocations=52 (full 0):
 garbage-first heap   total 64512K, used 46484K [0x00000000c0000000, 0x00000000c01001f8, 0x0000000100000000)
  region size 1024K, 3 young (3072K), 2 survivors (2048K)
 Metaspace       used 47921K, capacity 50716K, committed 50816K, reserved 1093632K
  class space    used 4950K, capacity 5740K, committed 5760K, reserved 1048576K
Event: 22.034 GC heap after
Heap after GC invocations=53 (full 0):
 garbage-first heap   total 64512K, used 42306K [0x00000000c0000000, 0x00000000c01001f8, 0x0000000100000000)
  region size 1024K, 1 young (1024K), 1 survivors (1024K)
 Metaspace       used 47921K, capacity 50716K, committed 50816K, reserved 1093632K
  class space    used 4950K, capacity 5740K, committed 5760K, reserved 1048576K
}
Event: 22.077 GC heap before
{Heap before GC invocations=53 (full 0):
 garbage-first heap   total 64512K, used 44354K [0x00000000c0000000, 0x00000000c01001f8, 0x0000000100000000)
  region size 1024K, 3 young (3072K), 1 survivors (1024K)
 Metaspace       used 47922K, capacity 50716K, committed 50816K, reserved 1093632K
  class space    used 4950K, capacity 5740K, committed 5760K, reserved 1048576K
Event: 22.094 GC heap after
Heap after GC invocations=54 (full 0):
 garbage-first heap   total 64512K, used 42492K [0x00000000c0000000, 0x00000000c01001f8, 0x0000000100000000)
  region size 1024K, 1 young (1024K), 1 survivors (1024K)
 Metaspace       used 47922K, capacity 50716K, committed 50816K, reserved 1093632K
  class space    used 4950K, capacity 5740K, committed 5760K, reserved 1048576K
}

Deoptimization events (10 events):
Event: 20.971 Thread 0x000000001b5da000 Uncommon trap: reason=class_check action=maybe_recompile pc=0x0000000003ff0f64 method=java.util.concurrent.ConcurrentHashMap.putVal(Ljava/lang/Object;Ljava/lang/Object;Z)Ljava/lang/Object; @ 192
Event: 21.121 Thread 0x000000001af1f800 Uncommon trap: reason=class_check action=maybe_recompile pc=0x0000000004781eec method=com.google.gson.internal.bind.TypeAdapterRuntimeTypeWrapper.getRuntimeTypeIfMoreSpecific(Ljava/lang/reflect/Type;Ljava/lang/Object;)Ljava/lang/reflect/Type; @ 18
Event: 21.131 Thread 0x000000001af1f800 Uncommon trap: reason=unstable_if action=reinterpret pc=0x00000000047faf98 method=org.eclipse.jdt.internal.compiler.parser.Scanner.optimizedCurrentTokenSource6()[C @ 142
Event: 21.132 Thread 0x000000001af1f800 Uncommon trap: reason=class_check action=maybe_recompile pc=0x0000000004781eec method=com.google.gson.internal.bind.TypeAdapterRuntimeTypeWrapper.getRuntimeTypeIfMoreSpecific(Ljava/lang/reflect/Type;Ljava/lang/Object;)Ljava/lang/reflect/Type; @ 18
Event: 21.374 Thread 0x000000001af1f800 Uncommon trap: reason=class_check action=maybe_recompile pc=0x0000000004781eec method=com.google.gson.internal.bind.TypeAdapterRuntimeTypeWrapper.getRuntimeTypeIfMoreSpecific(Ljava/lang/reflect/Type;Ljava/lang/Object;)Ljava/lang/reflect/Type; @ 18
Event: 21.397 Thread 0x000000001af1f800 Uncommon trap: reason=class_check action=maybe_recompile pc=0x0000000004781eec method=com.google.gson.internal.bind.TypeAdapterRuntimeTypeWrapper.getRuntimeTypeIfMoreSpecific(Ljava/lang/reflect/Type;Ljava/lang/Object;)Ljava/lang/reflect/Type; @ 18
Event: 21.448 Thread 0x000000001b5dd000 Uncommon trap: reason=class_check action=maybe_recompile pc=0x000000000480c800 method=org.eclipse.jdt.internal.compiler.parser.Parser.consumeRule(I)V @ 4090
Event: 21.448 Thread 0x000000001b5dd000 Uncommon trap: reason=class_check action=maybe_recompile pc=0x000000000480c800 method=org.eclipse.jdt.internal.compiler.parser.Parser.consumeRule(I)V @ 4090
Event: 21.960 Thread 0x000000001b5da000 Uncommon trap: reason=bimorphic action=maybe_recompile pc=0x00000000049dc5fc method=org.eclipse.jdt.internal.compiler.parser.Parser.consumeRule(I)V @ 4090
Event: 21.988 Thread 0x000000001b5da000 Uncommon trap: reason=bimorphic action=maybe_recompile pc=0x00000000049dc5fc method=org.eclipse.jdt.internal.compiler.parser.Parser.consumeRule(I)V @ 4090

Classes redefined (0 events):
No events

Internal exceptions (10 events):
Event: 22.011 Thread 0x000000001b5dd000 Exception <a 'java/lang/ClassCastException'> (0x00000000c3e904d8) thrown at [C:\re\workspace\8-2-build-windows-amd64-cygwin\jdk8u171\10807\hotspot\src\share\vm\runtime\sharedRuntime.cpp, line 605]
Event: 22.011 Thread 0x000000001b5dd000 Exception <a 'java/lang/ClassCastException'> (0x00000000c3e90818) thrown at [C:\re\workspace\8-2-build-windows-amd64-cygwin\jdk8u171\10807\hotspot\src\share\vm\runtime\sharedRuntime.cpp, line 605]
Event: 22.011 Thread 0x000000001b5dd000 Exception <a 'java/lang/ClassCastException'> (0x00000000c3e90d98) thrown at [C:\re\workspace\8-2-build-windows-amd64-cygwin\jdk8u171\10807\hotspot\src\share\vm\runtime\sharedRuntime.cpp, line 605]
Event: 22.011 Thread 0x000000001b5dd000 Exception <a 'java/lang/ClassCastException'> (0x00000000c3e910d8) thrown at [C:\re\workspace\8-2-build-windows-amd64-cygwin\jdk8u171\10807\hotspot\src\share\vm\runtime\sharedRuntime.cpp, line 605]
Event: 22.011 Thread 0x000000001b5dd000 Exception <a 'java/lang/ClassCastException'> (0x00000000c3e91418) thrown at [C:\re\workspace\8-2-build-windows-amd64-cygwin\jdk8u171\10807\hotspot\src\share\vm\runtime\sharedRuntime.cpp, line 605]
Event: 22.011 Thread 0x000000001b5dd000 Exception <a 'java/lang/ClassCastException'> (0x00000000c3e91758) thrown at [C:\re\workspace\8-2-build-windows-amd64-cygwin\jdk8u171\10807\hotspot\src\share\vm\runtime\sharedRuntime.cpp, line 605]
Event: 22.011 Thread 0x000000001b5dd000 Exception <a 'java/lang/ClassCastException'> (0x00000000c3e91a98) thrown at [C:\re\workspace\8-2-build-windows-amd64-cygwin\jdk8u171\10807\hotspot\src\share\vm\runtime\sharedRuntime.cpp, line 605]
Event: 22.011 Thread 0x000000001b5dd000 Exception <a 'java/lang/ClassCastException'> (0x00000000c3e91dd8) thrown at [C:\re\workspace\8-2-build-windows-amd64-cygwin\jdk8u171\10807\hotspot\src\share\vm\runtime\sharedRuntime.cpp, line 605]
Event: 22.011 Thread 0x000000001b5dd000 Exception <a 'java/lang/ClassCastException'> (0x00000000c3e98af0) thrown at [C:\re\workspace\8-2-build-windows-amd64-cygwin\jdk8u171\10807\hotspot\src\share\vm\runtime\sharedRuntime.cpp, line 605]
Event: 22.011 Thread 0x000000001b5dd000 Exception <a 'java/lang/ClassCastException'> (0x00000000c3e98e30) thrown at [C:\re\workspace\8-2-build-windows-amd64-cygwin\jdk8u171\10807\hotspot\src\share\vm\runtime\sharedRuntime.cpp, line 605]

Events (10 events):
Event: 21.960 Thread 0x000000001b5da000 DEOPT UNPACKING pc=0x00000000035c583b sp=0x00000000215cde58 mode 2
Event: 21.988 Thread 0x000000001b5da000 Uncommon trap: trap_request=0xffffffc6 fr.pc=0x00000000049dc5fc
Event: 21.988 Thread 0x000000001b5da000 DEOPT PACKING pc=0x00000000049dc5fc sp=0x00000000215cde60
Event: 21.988 Thread 0x000000001b5da000 DEOPT UNPACKING pc=0x00000000035c583b sp=0x00000000215cde58 mode 2
Event: 21.997 Executing VM operation: G1IncCollectionPause
Event: 22.006 Executing VM operation: G1IncCollectionPause done
Event: 22.021 Executing VM operation: G1IncCollectionPause
Event: 22.034 Executing VM operation: G1IncCollectionPause done
Event: 22.077 Executing VM operation: G1IncCollectionPause
Event: 22.095 Executing VM operation: G1IncCollectionPause done


Dynamic libraries:
0x00007ff725010000 - 0x00007ff725047000 	C:\Program Files\Java\jdk1.8.0_171\bin\java.exe
0x00007ff933b60000 - 0x00007ff933d4d000 	C:\WINDOWS\SYSTEM32\ntdll.dll
0x00007ff932220000 - 0x00007ff9322d3000 	C:\WINDOWS\System32\KERNEL32.DLL
0x00007ff930100000 - 0x00007ff930393000 	C:\WINDOWS\System32\KERNELBASE.dll
0x00007ff930d90000 - 0x00007ff930e33000 	C:\WINDOWS\System32\ADVAPI32.dll
0x00007ff9319d0000 - 0x00007ff931a6e000 	C:\WINDOWS\System32\msvcrt.dll
0x00007ff931f10000 - 0x00007ff931fae000 	C:\WINDOWS\System32\sechost.dll
0x00007ff931fc0000 - 0x00007ff9320e2000 	C:\WINDOWS\System32\RPCRT4.dll
0x00007ff931d70000 - 0x00007ff931f07000 	C:\WINDOWS\System32\USER32.dll
0x00007ff92fc50000 - 0x00007ff92fc70000 	C:\WINDOWS\System32\win32u.dll
0x00007ff9322f0000 - 0x00007ff932319000 	C:\WINDOWS\System32\GDI32.dll
0x00007ff9303a0000 - 0x00007ff93053a000 	C:\WINDOWS\System32\gdi32full.dll
0x00007ff92fe80000 - 0x00007ff92ff20000 	C:\WINDOWS\System32\msvcp_win.dll
0x00007ff930540000 - 0x00007ff93063a000 	C:\WINDOWS\System32\ucrtbase.dll
0x00007ff924040000 - 0x00007ff9242b9000 	C:\WINDOWS\WinSxS\amd64_microsoft.windows.common-controls_6595b64144ccf1df_6.0.17763.379_none_05b83be8071c94a1\COMCTL32.dll
0x00007ff931620000 - 0x00007ff93194d000 	C:\WINDOWS\System32\combase.dll
0x00007ff92fcf0000 - 0x00007ff92fd6e000 	C:\WINDOWS\System32\bcryptPrimitives.dll
0x00007ff931060000 - 0x00007ff93108e000 	C:\WINDOWS\System32\IMM32.DLL
0x000000005a180000 - 0x000000005a252000 	C:\Program Files\Java\jdk1.8.0_171\jre\bin\msvcr100.dll
0x00000000587b0000 - 0x0000000059050000 	C:\Program Files\Java\jdk1.8.0_171\jre\bin\server\jvm.dll
0x00007ff931fb0000 - 0x00007ff931fb8000 	C:\WINDOWS\System32\PSAPI.DLL
0x00007ff92db40000 - 0x00007ff92db64000 	C:\WINDOWS\SYSTEM32\WINMM.dll
0x00007ff91dea0000 - 0x00007ff91dea9000 	C:\WINDOWS\SYSTEM32\WSOCK32.dll
0x00007ff932340000 - 0x00007ff9323ad000 	C:\WINDOWS\System32\WS2_32.dll
0x00007ff91ee60000 - 0x00007ff91ee6a000 	C:\WINDOWS\SYSTEM32\VERSION.dll
0x00007ff92db10000 - 0x00007ff92db3d000 	C:\WINDOWS\SYSTEM32\WINMMBASE.dll
0x00007ff92fc70000 - 0x00007ff92fcba000 	C:\WINDOWS\System32\cfgmgr32.dll
0x000000005a170000 - 0x000000005a17f000 	C:\Program Files\Java\jdk1.8.0_171\jre\bin\verify.dll
0x000000005a140000 - 0x000000005a169000 	C:\Program Files\Java\jdk1.8.0_171\jre\bin\java.dll
0x000000005a120000 - 0x000000005a136000 	C:\Program Files\Java\jdk1.8.0_171\jre\bin\zip.dll
0x00007ff932640000 - 0x00007ff933b30000 	C:\WINDOWS\System32\SHELL32.dll
0x00007ff931090000 - 0x00007ff931138000 	C:\WINDOWS\System32\shcore.dll
0x00007ff930640000 - 0x00007ff930d8a000 	C:\WINDOWS\System32\windows.storage.dll
0x00007ff92fba0000 - 0x00007ff92fbc4000 	C:\WINDOWS\System32\profapi.dll
0x00007ff92fbd0000 - 0x00007ff92fc2d000 	C:\WINDOWS\System32\powrprof.dll
0x00007ff931d10000 - 0x00007ff931d62000 	C:\WINDOWS\System32\shlwapi.dll
0x00007ff92fb80000 - 0x00007ff92fb91000 	C:\WINDOWS\System32\kernel.appcore.dll
0x00007ff92fc30000 - 0x00007ff92fc47000 	C:\WINDOWS\System32\cryptsp.dll
0x00007ff92ef40000 - 0x00007ff92ef73000 	C:\WINDOWS\system32\rsaenh.dll
0x00007ff92fcc0000 - 0x00007ff92fce6000 	C:\WINDOWS\System32\bcrypt.dll
0x00007ff92fa60000 - 0x00007ff92fa88000 	C:\WINDOWS\SYSTEM32\USERENV.dll
0x00007ff92f550000 - 0x00007ff92f55c000 	C:\WINDOWS\SYSTEM32\CRYPTBASE.dll
0x000000005a100000 - 0x000000005a11a000 	C:\Program Files\Java\jdk1.8.0_171\jre\bin\net.dll
0x00007ff92f380000 - 0x00007ff92f3e7000 	C:\WINDOWS\system32\mswsock.dll
0x00007ff92f0e0000 - 0x00007ff92f11d000 	C:\WINDOWS\SYSTEM32\IPHLPAPI.DLL
0x00007ff9322e0000 - 0x00007ff9322e8000 	C:\WINDOWS\System32\NSI.dll
0x00007ff923940000 - 0x00007ff923956000 	C:\WINDOWS\SYSTEM32\dhcpcsvc6.DLL
0x00007ff923cf0000 - 0x00007ff923d0c000 	C:\WINDOWS\SYSTEM32\dhcpcsvc.DLL
0x00007ff92f120000 - 0x00007ff92f1e6000 	C:\WINDOWS\SYSTEM32\DNSAPI.dll
0x000000005a0e0000 - 0x000000005a0f1000 	C:\Program Files\Java\jdk1.8.0_171\jre\bin\nio.dll
0x00007ff9201b0000 - 0x00007ff9201d9000 	C:\Users\XNOTE\.vscode\extensions\redhat.java-0.43.0\server\config_win\org.eclipse.equinox.launcher\org.eclipse.equinox.launcher.win32.win32.x86_64_1.1.1000.v20190125-2016\eclipse_1801.dll
0x00007ff927550000 - 0x00007ff927561000 	C:\Users\XNOTE\.vscode\extensions\redhat.java-0.43.0\server\config_win\org.eclipse.osgi\20\0\.cp\jWinHttp-1.0.0.dll
0x00007ff9324e0000 - 0x00007ff932635000 	C:\WINDOWS\System32\ole32.dll
0x00007ff924560000 - 0x00007ff924651000 	C:\WINDOWS\SYSTEM32\WINHTTP.dll

VM Arguments:
jvm_args: -Declipse.application=org.eclipse.jdt.ls.core.id1 -Dosgi.bundles.defaultStartLevel=4 -Declipse.product=org.eclipse.jdt.ls.core.product -Dfile.encoding=utf8 -DwatchParentProcess=false -Xverify:none -Xmx1G -XX:+UseG1GC -XX:+UseStringDeduplication 
java_command: C:\Users\XNOTE\.vscode\extensions\redhat.java-0.43.0\server\plugins\org.eclipse.equinox.launcher_1.5.300.v20190213-1655.jar -configuration C:\Users\XNOTE\.vscode\extensions\redhat.java-0.43.0\server\config_win -data c:\Users\XNOTE\AppData\Roaming\Code\User\workspaceStorage\0bdfaac4224be0d618bdcf963b857abf\redhat.java\jdt_ws
java_class_path (initial): C:\Users\XNOTE\.vscode\extensions\redhat.java-0.43.0\server\plugins\org.eclipse.equinox.launcher_1.5.300.v20190213-1655.jar
Launcher Type: SUN_STANDARD

Environment Variables:
PATH=C:\Program Files (x86)\Common Files\Oracle\Java\javapath;C:\ProgramData\Oracle\Java\javapath;C:\python27;C:\WINDOWS\system32;C:\WINDOWS;C:\WINDOWS\System32\Wbem;C:\WINDOWS\System32\WindowsPowerShell\v1.0\;C:\Program Files (x86)\Windows Live\Shared;C:\WINDOWS\System32\OpenSSH\;C:\Program Files\PuTTY\;C:\Program Files\Microsoft VS Code\bin;C:\Program Files\Git\cmd;C:\Program Files\Java\jdk1.8.0_171\bin;%USERPROFILE%\AppData\Local\Microsoft\WindowsApps;
USERNAME=¹Î¿ì
OS=Windows_NT
PROCESSOR_IDENTIFIER=Intel64 Family 6 Model 58 Stepping 9, GenuineIntel



---------------  S Y S T E M  ---------------

OS: Windows 10.0 , 64 bit Build 17763 (10.0.17763.379)

CPU:total 4 (initial active 4) (2 cores per cpu, 2 threads per core) family 6 model 58 stepping 9, cmov, cx8, fxsr, mmx, sse, sse2, sse3, ssse3, sse4.1, sse4.2, popcnt, avx, clmul, erms, ht, tsc, tscinvbit, tscinv

Memory: 4k page, physical 4024712k(836464k free), swap 5445000k(5760k free)

vm_info: Java HotSpot(TM) 64-Bit Server VM (25.171-b11) for windows-amd64 JRE (1.8.0_171-b11), built on Mar 28 2018 16:06:12 by "java_re" with MS VC++ 10.0 (VS2010)

time: Thu May 02 03:30:53 2019
elapsed time: 22 seconds (0d 0h 0m 22s)

