#
# There is insufficient memory for the Java Runtime Environment to continue.
# Native memory allocation (malloc) failed to allocate 1020016 bytes for Chunk::new
# Possible reasons:
#   The system is out of physical RAM or swap space
#   In 32 bit mode, the process size limit was hit
# Possible solutions:
#   Reduce memory load on the system
#   Increase physical memory or swap space
#   Check if swap backing store is full
#   Use 64 bit Java on a 64 bit OS
#   Decrease Java heap size (-Xmx/-Xms)
#   Decrease number of Java threads
#   Decrease Java thread stack sizes (-Xss)
#   Set larger code cache with -XX:ReservedCodeCacheSize=
# This output file may be truncated or incomplete.
#
#  Out of Memory Error (allocation.cpp:390), pid=19824, tid=0x0000000000008a98
#
# JRE version: Java(TM) SE Runtime Environment (8.0_171-b11) (build 1.8.0_171-b11)
# Java VM: Java HotSpot(TM) 64-Bit Server VM (25.171-b11 mixed mode windows-amd64 compressed oops)
# Failed to write core dump. Minidumps are not enabled by default on client versions of Windows
#

---------------  T H R E A D  ---------------

Current thread (0x0000000018c1f000):  JavaThread "C2 CompilerThread1" daemon [_thread_in_native, id=35480, stack(0x00000000194f0000,0x00000000195f0000)]

Stack: [0x00000000194f0000,0x00000000195f0000]
[error occurred during error reporting (printing stack bounds), id 0xc0000005]

Native frames: (J=compiled Java code, j=interpreted, Vv=VM code, C=native code)


Current CompileTask:
C2: 244561 8791   !   4       org.eclipse.jdt.internal.compiler.lookup.BinaryTypeBinding::superclass (196 bytes)


---------------  P R O C E S S  ---------------

Java Threads: ( => current thread )
  0x000000001eee3000 JavaThread "ForkJoinPool.commonPool-worker-0" daemon [_thread_blocked, id=23116, stack(0x0000000024700000,0x0000000024800000)]
  0x000000001eee1800 JavaThread "ForkJoinPool.commonPool-worker-3" daemon [_thread_blocked, id=37780, stack(0x0000000024600000,0x0000000024700000)]
  0x000000001eee4000 JavaThread "ForkJoinPool.commonPool-worker-2" daemon [_thread_blocked, id=35520, stack(0x0000000024500000,0x0000000024600000)]
  0x000000001eee1000 JavaThread "pool-5-thread-1" [_thread_blocked, id=14728, stack(0x0000000024400000,0x0000000024500000)]
  0x000000001e318800 JavaThread "pool-4-thread-1" [_thread_blocked, id=1072, stack(0x0000000024200000,0x0000000024300000)]
  0x000000001e31a800 JavaThread "Worker-6" [_thread_blocked, id=8008, stack(0x0000000023e00000,0x0000000023f00000)]
  0x000000001e31a000 JavaThread "pool-3-thread-1" [_thread_blocked, id=28208, stack(0x0000000023900000,0x0000000023a00000)]
  0x000000001e317800 JavaThread "Worker-5" [_thread_blocked, id=32664, stack(0x0000000022230000,0x0000000022330000)]
  0x000000001e314000 JavaThread "Worker-4" [_thread_blocked, id=16020, stack(0x0000000020c30000,0x0000000020d30000)]
  0x000000001c32d800 JavaThread "pool-1-thread-1" [_thread_in_native, id=26724, stack(0x000000001dec0000,0x000000001dfc0000)]
  0x000000001a65d000 JavaThread "Bundle File Closer" daemon [_thread_blocked, id=31752, stack(0x000000001d7c0000,0x000000001d8c0000)]
  0x000000001a228800 JavaThread "Java indexing" daemon [_thread_blocked, id=14412, stack(0x000000001d4c0000,0x000000001d5c0000)]
  0x0000000018e5d000 JavaThread "Worker-1: Publish Diagnostics" [_thread_in_Java, id=6596, stack(0x000000001d1c0000,0x000000001d2c0000)]
  0x0000000018ce8000 JavaThread "Worker-JM" [_thread_blocked, id=9296, stack(0x000000001b970000,0x000000001ba70000)]
  0x0000000019e43000 JavaThread "Start Level: Equinox Container: c1e14db7-253c-46de-a3ea-1fda46f10989" daemon [_thread_blocked, id=15260, stack(0x000000001b3a0000,0x000000001b4a0000)]
  0x0000000019bb3000 JavaThread "Framework Event Dispatcher: Equinox Container: c1e14db7-253c-46de-a3ea-1fda46f10989" daemon [_thread_blocked, id=6344, stack(0x000000001b2a0000,0x000000001b3a0000)]
  0x0000000019d2e000 JavaThread "Active Thread: Equinox Container: c1e14db7-253c-46de-a3ea-1fda46f10989" [_thread_blocked, id=1272, stack(0x000000001b1a0000,0x000000001b2a0000)]
  0x0000000018c4b000 JavaThread "Service Thread" daemon [_thread_blocked, id=37112, stack(0x00000000196f0000,0x00000000197f0000)]
  0x0000000018c22000 JavaThread "C1 CompilerThread2" daemon [_thread_blocked, id=14784, stack(0x00000000195f0000,0x00000000196f0000)]
=>0x0000000018c1f000 JavaThread "C2 CompilerThread1" daemon [_thread_in_native, id=35480, stack(0x00000000194f0000,0x00000000195f0000)]
  0x0000000018c1e000 JavaThread "C2 CompilerThread0" daemon [_thread_in_native, id=16164, stack(0x00000000193f0000,0x00000000194f0000)]
  0x0000000018c1c000 JavaThread "Attach Listener" daemon [_thread_blocked, id=21660, stack(0x00000000192f0000,0x00000000193f0000)]
  0x0000000018c05800 JavaThread "Signal Dispatcher" daemon [_thread_blocked, id=27252, stack(0x00000000191f0000,0x00000000192f0000)]
  0x0000000018c04800 JavaThread "Surrogate Locker Thread (Concurrent GC)" daemon [_thread_blocked, id=34128, stack(0x00000000190f0000,0x00000000191f0000)]
  0x0000000018b74000 JavaThread "Finalizer" daemon [_thread_blocked, id=13528, stack(0x0000000018ff0000,0x00000000190f0000)]
  0x0000000018b72800 JavaThread "Reference Handler" daemon [_thread_blocked, id=31368, stack(0x0000000018ef0000,0x0000000018ff0000)]
  0x0000000000c6e000 JavaThread "main" [_thread_blocked, id=25816, stack(0x0000000002cd0000,0x0000000002dd0000)]

Other Threads:
  0x0000000018b6e800 VMThread [stack: 0x0000000018910000,0x0000000018a10000] [id=4916]
  0x0000000018c9f000 WatcherThread [stack: 0x00000000197f0000,0x00000000198f0000] [id=22828]

VM state:not at safepoint (normal execution)

VM Mutex/Monitor currently owned by a thread: None

Heap:
 garbage-first heap   total 133120K, used 75883K [0x00000000c0000000, 0x00000000c0100410, 0x0000000100000000)
  region size 1024K, 9 young (9216K), 4 survivors (4096K)
 Metaspace       used 55089K, capacity 58146K, committed 58316K, reserved 1101824K
  class space    used 5611K, capacity 6518K, committed 6604K, reserved 1048576K

Heap Regions: (Y=young(eden), SU=young(survivor), HS=humongous(starts), HC=humongous(continues), CS=collection set, F=free, TS=gc time stamp, PTAMS=previous top-at-mark-start, NTAMS=next top-at-mark-start)
AC   0  O    TS     0 PTAMS 0x00000000c0100000 NTAMS 0x00000000c0100000 space 1024K, 100% used [0x00000000c0000000, 0x00000000c0100000)
AC   0  O    TS     0 PTAMS 0x00000000c0200000 NTAMS 0x00000000c0200000 space 1024K, 100% used [0x00000000c0100000, 0x00000000c0200000)
AC   0  O    TS     0 PTAMS 0x00000000c0300000 NTAMS 0x00000000c0300000 space 1024K, 100% used [0x00000000c0200000, 0x00000000c0300000)
AC   0  O    TS     0 PTAMS 0x00000000c0400000 NTAMS 0x00000000c0400000 space 1024K, 100% used [0x00000000c0300000, 0x00000000c0400000)
AC   0  O    TS     0 PTAMS 0x00000000c0500000 NTAMS 0x00000000c0500000 space 1024K, 100% used [0x00000000c0400000, 0x00000000c0500000)
AC   0  O    TS     0 PTAMS 0x00000000c0600000 NTAMS 0x00000000c0600000 space 1024K, 100% used [0x00000000c0500000, 0x00000000c0600000)
AC   0  O    TS     0 PTAMS 0x00000000c0700000 NTAMS 0x00000000c0700000 space 1024K, 100% used [0x00000000c0600000, 0x00000000c0700000)
AC   0  O    TS     0 PTAMS 0x00000000c0800000 NTAMS 0x00000000c0800000 space 1024K, 100% used [0x00000000c0700000, 0x00000000c0800000)
AC   0  O    TS     0 PTAMS 0x00000000c0900000 NTAMS 0x00000000c0900000 space 1024K, 100% used [0x00000000c0800000, 0x00000000c0900000)
AC   0  O    TS     0 PTAMS 0x00000000c0a00000 NTAMS 0x00000000c0a00000 space 1024K, 100% used [0x00000000c0900000, 0x00000000c0a00000)
AC   0  O    TS     0 PTAMS 0x00000000c0b00000 NTAMS 0x00000000c0b00000 space 1024K, 100% used [0x00000000c0a00000, 0x00000000c0b00000)
AC   0  O    TS     0 PTAMS 0x00000000c0c00000 NTAMS 0x00000000c0c00000 space 1024K, 100% used [0x00000000c0b00000, 0x00000000c0c00000)
AC   0  O    TS     0 PTAMS 0x00000000c0d00000 NTAMS 0x00000000c0d00000 space 1024K, 100% used [0x00000000c0c00000, 0x00000000c0d00000)
AC   0  O    TS     0 PTAMS 0x00000000c0e00000 NTAMS 0x00000000c0e00000 space 1024K, 100% used [0x00000000c0d00000, 0x00000000c0e00000)
AC   0  O    TS     0 PTAMS 0x00000000c0f00000 NTAMS 0x00000000c0f00000 space 1024K, 100% used [0x00000000c0e00000, 0x00000000c0f00000)
AC   0  O    TS     0 PTAMS 0x00000000c1000000 NTAMS 0x00000000c1000000 space 1024K, 100% used [0x00000000c0f00000, 0x00000000c1000000)
AC   0  O    TS     0 PTAMS 0x00000000c1100000 NTAMS 0x00000000c1100000 space 1024K, 100% used [0x00000000c1000000, 0x00000000c1100000)
AC   0  O    TS     0 PTAMS 0x00000000c1200000 NTAMS 0x00000000c1200000 space 1024K, 100% used [0x00000000c1100000, 0x00000000c1200000)
AC   0 HS    TS     0 PTAMS 0x00000000c1280010 NTAMS 0x00000000c1280010 space 1024K,  50% used [0x00000000c1200000, 0x00000000c1300000)
AC   0  F    TS     0 PTAMS 0x00000000c1300000 NTAMS 0x00000000c1300000 space 1024K,   0% used [0x00000000c1300000, 0x00000000c1400000)
AC   0  O    TS     0 PTAMS 0x00000000c1500000 NTAMS 0x00000000c1500000 space 1024K, 100% used [0x00000000c1400000, 0x00000000c1500000)
AC   0  O    TS     0 PTAMS 0x00000000c1600000 NTAMS 0x00000000c1600000 space 1024K, 100% used [0x00000000c1500000, 0x00000000c1600000)
AC   0  O    TS     0 PTAMS 0x00000000c1700000 NTAMS 0x00000000c1700000 space 1024K, 100% used [0x00000000c1600000, 0x00000000c1700000)
AC   0  O    TS     0 PTAMS 0x00000000c1800000 NTAMS 0x00000000c1800000 space 1024K, 100% used [0x00000000c1700000, 0x00000000c1800000)
AC   0  O    TS     0 PTAMS 0x00000000c1900000 NTAMS 0x00000000c1900000 space 1024K, 100% used [0x00000000c1800000, 0x00000000c1900000)
AC   0  O    TS     0 PTAMS 0x00000000c1a00000 NTAMS 0x00000000c1a00000 space 1024K, 100% used [0x00000000c1900000, 0x00000000c1a00000)
AC   0  F    TS     0 PTAMS 0x00000000c1a00000 NTAMS 0x00000000c1a00000 space 1024K,   0% used [0x00000000c1a00000, 0x00000000c1b00000)
AC   0  O    TS     0 PTAMS 0x00000000c1c00000 NTAMS 0x00000000c1c00000 space 1024K, 100% used [0x00000000c1b00000, 0x00000000c1c00000)
AC   0  O    TS     0 PTAMS 0x00000000c1d00000 NTAMS 0x00000000c1d00000 space 1024K, 100% used [0x00000000c1c00000, 0x00000000c1d00000)
AC   0  O    TS     0 PTAMS 0x00000000c1e00000 NTAMS 0x00000000c1e00000 space 1024K, 100% used [0x00000000c1d00000, 0x00000000c1e00000)
AC   0  O    TS     0 PTAMS 0x00000000c1f00000 NTAMS 0x00000000c1f00000 space 1024K, 100% used [0x00000000c1e00000, 0x00000000c1f00000)
AC   0  O    TS     0 PTAMS 0x00000000c2000000 NTAMS 0x00000000c2000000 space 1024K, 100% used [0x00000000c1f00000, 0x00000000c2000000)
AC   0  O    TS     0 PTAMS 0x00000000c2100000 NTAMS 0x00000000c2100000 space 1024K, 100% used [0x00000000c2000000, 0x00000000c2100000)
AC   0  O    TS     0 PTAMS 0x00000000c2200000 NTAMS 0x00000000c2200000 space 1024K, 100% used [0x00000000c2100000, 0x00000000c2200000)
AC   0  O    TS     0 PTAMS 0x00000000c2300000 NTAMS 0x00000000c2300000 space 1024K, 100% used [0x00000000c2200000, 0x00000000c2300000)
AC   0  O    TS     0 PTAMS 0x00000000c2400000 NTAMS 0x00000000c2400000 space 1024K, 100% used [0x00000000c2300000, 0x00000000c2400000)
AC   0  O    TS     0 PTAMS 0x00000000c2500000 NTAMS 0x00000000c2500000 space 1024K, 100% used [0x00000000c2400000, 0x00000000c2500000)
AC   0  O    TS     0 PTAMS 0x00000000c2600000 NTAMS 0x00000000c2600000 space 1024K, 100% used [0x00000000c2500000, 0x00000000c2600000)
AC   0  O    TS     0 PTAMS 0x00000000c2700000 NTAMS 0x00000000c2700000 space 1024K, 100% used [0x00000000c2600000, 0x00000000c2700000)
AC   0  O    TS     0 PTAMS 0x00000000c2800000 NTAMS 0x00000000c2800000 space 1024K, 100% used [0x00000000c2700000, 0x00000000c2800000)
AC   0  O    TS     0 PTAMS 0x00000000c2900000 NTAMS 0x00000000c2900000 space 1024K, 100% used [0x00000000c2800000, 0x00000000c2900000)
AC   0  O    TS     0 PTAMS 0x00000000c2a00000 NTAMS 0x00000000c2a00000 space 1024K, 100% used [0x00000000c2900000, 0x00000000c2a00000)
AC   0  O    TS     0 PTAMS 0x00000000c2b00000 NTAMS 0x00000000c2b00000 space 1024K, 100% used [0x00000000c2a00000, 0x00000000c2b00000)
AC   0  O    TS     0 PTAMS 0x00000000c2c00000 NTAMS 0x00000000c2c00000 space 1024K, 100% used [0x00000000c2b00000, 0x00000000c2c00000)
AC   0  O    TS     0 PTAMS 0x00000000c2d00000 NTAMS 0x00000000c2d00000 space 1024K, 100% used [0x00000000c2c00000, 0x00000000c2d00000)
AC   0  O    TS     0 PTAMS 0x00000000c2e00000 NTAMS 0x00000000c2e00000 space 1024K, 100% used [0x00000000c2d00000, 0x00000000c2e00000)
AC   0  O    TS     0 PTAMS 0x00000000c2f00000 NTAMS 0x00000000c2f00000 space 1024K, 100% used [0x00000000c2e00000, 0x00000000c2f00000)
AC   0  O    TS     0 PTAMS 0x00000000c3000000 NTAMS 0x00000000c3000000 space 1024K, 100% used [0x00000000c2f00000, 0x00000000c3000000)
AC   0  O    TS     0 PTAMS 0x00000000c3100000 NTAMS 0x00000000c3100000 space 1024K, 100% used [0x00000000c3000000, 0x00000000c3100000)
AC   0  O    TS     0 PTAMS 0x00000000c3200000 NTAMS 0x00000000c3200000 space 1024K, 100% used [0x00000000c3100000, 0x00000000c3200000)
AC   0  O    TS     0 PTAMS 0x00000000c3300000 NTAMS 0x00000000c3300000 space 1024K, 100% used [0x00000000c3200000, 0x00000000c3300000)
AC   0  O    TS     0 PTAMS 0x00000000c3400000 NTAMS 0x00000000c3400000 space 1024K, 100% used [0x00000000c3300000, 0x00000000c3400000)
AC   0  O    TS     0 PTAMS 0x00000000c3500000 NTAMS 0x00000000c3500000 space 1024K, 100% used [0x00000000c3400000, 0x00000000c3500000)
AC   0  O    TS     0 PTAMS 0x00000000c3600000 NTAMS 0x00000000c3600000 space 1024K, 100% used [0x00000000c3500000, 0x00000000c3600000)
AC   0  O    TS     0 PTAMS 0x00000000c3700000 NTAMS 0x00000000c3700000 space 1024K, 100% used [0x00000000c3600000, 0x00000000c3700000)
AC   0  F    TS     0 PTAMS 0x00000000c3700000 NTAMS 0x00000000c3700000 space 1024K,   0% used [0x00000000c3700000, 0x00000000c3800000)
AC   0  O    TS     0 PTAMS 0x00000000c3900000 NTAMS 0x00000000c3900000 space 1024K, 100% used [0x00000000c3800000, 0x00000000c3900000)
AC   0  O    TS     3 PTAMS 0x00000000c39ad000 NTAMS 0x00000000c39ad000 space 1024K,  67% used [0x00000000c3900000, 0x00000000c3a00000)
AC   0  F    TS     0 PTAMS 0x00000000c3a00000 NTAMS 0x00000000c3a00000 space 1024K,   0% used [0x00000000c3a00000, 0x00000000c3b00000)
AC   0  F    TS     0 PTAMS 0x00000000c3b00000 NTAMS 0x00000000c3b00000 space 1024K,   0% used [0x00000000c3b00000, 0x00000000c3c00000)
AC   0  O    TS     0 PTAMS 0x00000000c3d00000 NTAMS 0x00000000c3d00000 space 1024K, 100% used [0x00000000c3c00000, 0x00000000c3d00000)
AC   0  O    TS     0 PTAMS 0x00000000c3e00000 NTAMS 0x00000000c3e00000 space 1024K, 100% used [0x00000000c3d00000, 0x00000000c3e00000)
AC   0  O    TS     0 PTAMS 0x00000000c3f00000 NTAMS 0x00000000c3f00000 space 1024K, 100% used [0x00000000c3e00000, 0x00000000c3f00000)
AC   0  F    TS     0 PTAMS 0x00000000c3f00000 NTAMS 0x00000000c3f00000 space 1024K,   0% used [0x00000000c3f00000, 0x00000000c4000000)
AC   0  F    TS     0 PTAMS 0x00000000c4000000 NTAMS 0x00000000c4000000 space 1024K,   0% used [0x00000000c4000000, 0x00000000c4100000)
AC   0  O    TS     0 PTAMS 0x00000000c4200000 NTAMS 0x00000000c4200000 space 1024K, 100% used [0x00000000c4100000, 0x00000000c4200000)
AC   0  O    TS     0 PTAMS 0x00000000c4300000 NTAMS 0x00000000c4300000 space 1024K, 100% used [0x00000000c4200000, 0x00000000c4300000)
AC   0  F    TS     0 PTAMS 0x00000000c4300000 NTAMS 0x00000000c4300000 space 1024K,   0% used [0x00000000c4300000, 0x00000000c4400000)
AC   0  O    TS     0 PTAMS 0x00000000c4500000 NTAMS 0x00000000c4500000 space 1024K, 100% used [0x00000000c4400000, 0x00000000c4500000)
AC   0  O    TS     0 PTAMS 0x00000000c4600000 NTAMS 0x00000000c4600000 space 1024K, 100% used [0x00000000c4500000, 0x00000000c4600000)
AC   0  O    TS     0 PTAMS 0x00000000c4700000 NTAMS 0x00000000c4700000 space 1024K, 100% used [0x00000000c4600000, 0x00000000c4700000)
AC   0  F    TS     0 PTAMS 0x00000000c4700000 NTAMS 0x00000000c4700000 space 1024K,   0% used [0x00000000c4700000, 0x00000000c4800000)
AC   0  F    TS     0 PTAMS 0x00000000c4800000 NTAMS 0x00000000c4800000 space 1024K,   0% used [0x00000000c4800000, 0x00000000c4900000)
AC   0  F    TS     0 PTAMS 0x00000000c4900000 NTAMS 0x00000000c4900000 space 1024K,   0% used [0x00000000c4900000, 0x00000000c4a00000)
AC   0  O    TS     0 PTAMS 0x00000000c4b00000 NTAMS 0x00000000c4b00000 space 1024K, 100% used [0x00000000c4a00000, 0x00000000c4b00000)
AC   0  F    TS     0 PTAMS 0x00000000c4b00000 NTAMS 0x00000000c4b00000 space 1024K,   0% used [0x00000000c4b00000, 0x00000000c4c00000)
AC   0  F    TS     0 PTAMS 0x00000000c4c00000 NTAMS 0x00000000c4c00000 space 1024K,   0% used [0x00000000c4c00000, 0x00000000c4d00000)
AC   0  F    TS     1 PTAMS 0x00000000c4d00000 NTAMS 0x00000000c4d00000 space 1024K,   0% used [0x00000000c4d00000, 0x00000000c4e00000)
AC   0  F    TS     1 PTAMS 0x00000000c4e00000 NTAMS 0x00000000c4e00000 space 1024K,   0% used [0x00000000c4e00000, 0x00000000c4f00000)
AC   0  F    TS     1 PTAMS 0x00000000c4f00000 NTAMS 0x00000000c4f00000 space 1024K,   0% used [0x00000000c4f00000, 0x00000000c5000000)
AC   0  F    TS     1 PTAMS 0x00000000c5000000 NTAMS 0x00000000c5000000 space 1024K,   0% used [0x00000000c5000000, 0x00000000c5100000)
AC   0  O    TS     0 PTAMS 0x00000000c5200000 NTAMS 0x00000000c5200000 space 1024K, 100% used [0x00000000c5100000, 0x00000000c5200000)
AC   0  S CS TS     3 PTAMS 0x00000000c5200000 NTAMS 0x00000000c5200000 space 1024K,  92% used [0x00000000c5200000, 0x00000000c5300000)
AC   0  O    TS     0 PTAMS 0x00000000c5400000 NTAMS 0x00000000c5400000 space 1024K, 100% used [0x00000000c5300000, 0x00000000c5400000)
AC   0  S CS TS     3 PTAMS 0x00000000c5400000 NTAMS 0x00000000c5400000 space 1024K, 100% used [0x00000000c5400000, 0x00000000c5500000)
AC   0  S CS TS     3 PTAMS 0x00000000c5500000 NTAMS 0x00000000c5500000 space 1024K, 100% used [0x00000000c5500000, 0x00000000c5600000)
AC   0  S CS TS     3 PTAMS 0x00000000c5600000 NTAMS 0x00000000c5600000 space 1024K, 100% used [0x00000000c5600000, 0x00000000c5700000)
AC   0  F    TS     0 PTAMS 0x00000000c5700000 NTAMS 0x00000000c5700000 space 1024K,   0% used [0x00000000c5700000, 0x00000000c5800000)
AC   0  F    TS     0 PTAMS 0x00000000c5800000 NTAMS 0x00000000c5800000 space 1024K,   0% used [0x00000000c5800000, 0x00000000c5900000)
AC   0  F    TS     0 PTAMS 0x00000000c5900000 NTAMS 0x00000000c5900000 space 1024K,   0% used [0x00000000c5900000, 0x00000000c5a00000)
AC   0  F    TS     0 PTAMS 0x00000000c5a00000 NTAMS 0x00000000c5a00000 space 1024K,   0% used [0x00000000c5a00000, 0x00000000c5b00000)
AC   0  F    TS     0 PTAMS 0x00000000c5b00000 NTAMS 0x00000000c5b00000 space 1024K,   0% used [0x00000000c5b00000, 0x00000000c5c00000)
AC   0  F    TS     0 PTAMS 0x00000000c5c00000 NTAMS 0x00000000c5c00000 space 1024K,   0% used [0x00000000c5c00000, 0x00000000c5d00000)
AC   0  F    TS     0 PTAMS 0x00000000c5d00000 NTAMS 0x00000000c5d00000 space 1024K,   0% used [0x00000000c5d00000, 0x00000000c5e00000)
AC   0  F    TS     0 PTAMS 0x00000000c5e00000 NTAMS 0x00000000c5e00000 space 1024K,   0% used [0x00000000c5e00000, 0x00000000c5f00000)
AC   0  F    TS     0 PTAMS 0x00000000c5f00000 NTAMS 0x00000000c5f00000 space 1024K,   0% used [0x00000000c5f00000, 0x00000000c6000000)
AC   0  F    TS     0 PTAMS 0x00000000c6000000 NTAMS 0x00000000c6000000 space 1024K,   0% used [0x00000000c6000000, 0x00000000c6100000)
AC   0  F    TS     0 PTAMS 0x00000000c6100000 NTAMS 0x00000000c6100000 space 1024K,   0% used [0x00000000c6100000, 0x00000000c6200000)
AC   0  F    TS     0 PTAMS 0x00000000c6200000 NTAMS 0x00000000c6200000 space 1024K,   0% used [0x00000000c6200000, 0x00000000c6300000)
AC   0  F    TS     0 PTAMS 0x00000000c6300000 NTAMS 0x00000000c6300000 space 1024K,   0% used [0x00000000c6300000, 0x00000000c6400000)
AC   0  F    TS     0 PTAMS 0x00000000c6400000 NTAMS 0x00000000c6400000 space 1024K,   0% used [0x00000000c6400000, 0x00000000c6500000)
AC   0  F    TS     0 PTAMS 0x00000000c6500000 NTAMS 0x00000000c6500000 space 1024K,   0% used [0x00000000c6500000, 0x00000000c6600000)
AC   0  F    TS     0 PTAMS 0x00000000c6600000 NTAMS 0x00000000c6600000 space 1024K,   0% used [0x00000000c6600000, 0x00000000c6700000)
AC   0  F    TS     0 PTAMS 0x00000000c6700000 NTAMS 0x00000000c6700000 space 1024K,   0% used [0x00000000c6700000, 0x00000000c6800000)
AC   0  F    TS     0 PTAMS 0x00000000c6800000 NTAMS 0x00000000c6800000 space 1024K,   0% used [0x00000000c6800000, 0x00000000c6900000)
AC   0  F    TS     0 PTAMS 0x00000000c6900000 NTAMS 0x00000000c6900000 space 1024K,   0% used [0x00000000c6900000, 0x00000000c6a00000)
AC   0  F    TS     0 PTAMS 0x00000000c6a00000 NTAMS 0x00000000c6a00000 space 1024K,   0% used [0x00000000c6a00000, 0x00000000c6b00000)
AC   0  F    TS     0 PTAMS 0x00000000c6b00000 NTAMS 0x00000000c6b00000 space 1024K,   0% used [0x00000000c6b00000, 0x00000000c6c00000)
AC   0  F    TS     0 PTAMS 0x00000000c6c00000 NTAMS 0x00000000c6c00000 space 1024K,   0% used [0x00000000c6c00000, 0x00000000c6d00000)
AC   0  F    TS     0 PTAMS 0x00000000c6d00000 NTAMS 0x00000000c6d00000 space 1024K,   0% used [0x00000000c6d00000, 0x00000000c6e00000)
AC   0  F    TS     0 PTAMS 0x00000000c6e00000 NTAMS 0x00000000c6e00000 space 1024K,   0% used [0x00000000c6e00000, 0x00000000c6f00000)
AC   0  F    TS     0 PTAMS 0x00000000c6f00000 NTAMS 0x00000000c6f00000 space 1024K,   0% used [0x00000000c6f00000, 0x00000000c7000000)
AC   0  F    TS     0 PTAMS 0x00000000c7000000 NTAMS 0x00000000c7000000 space 1024K,   0% used [0x00000000c7000000, 0x00000000c7100000)
AC   0  F    TS     0 PTAMS 0x00000000c7100000 NTAMS 0x00000000c7100000 space 1024K,   0% used [0x00000000c7100000, 0x00000000c7200000)
AC   0  F    TS     0 PTAMS 0x00000000c7200000 NTAMS 0x00000000c7200000 space 1024K,   0% used [0x00000000c7200000, 0x00000000c7300000)
AC   0  F    TS     0 PTAMS 0x00000000c7300000 NTAMS 0x00000000c7300000 space 1024K,   0% used [0x00000000c7300000, 0x00000000c7400000)
AC   0  F    TS     0 PTAMS 0x00000000c7400000 NTAMS 0x00000000c7400000 space 1024K,   0% used [0x00000000c7400000, 0x00000000c7500000)
AC   0  F    TS     0 PTAMS 0x00000000c7500000 NTAMS 0x00000000c7500000 space 1024K,   0% used [0x00000000c7500000, 0x00000000c7600000)
AC   0  F    TS     0 PTAMS 0x00000000c7600000 NTAMS 0x00000000c7600000 space 1024K,   0% used [0x00000000c7600000, 0x00000000c7700000)
AC   0  F    TS     0 PTAMS 0x00000000c7700000 NTAMS 0x00000000c7700000 space 1024K,   0% used [0x00000000c7700000, 0x00000000c7800000)
AC   0  F    TS     0 PTAMS 0x00000000c7800000 NTAMS 0x00000000c7800000 space 1024K,   0% used [0x00000000c7800000, 0x00000000c7900000)
AC   0  F    TS     0 PTAMS 0x00000000c7900000 NTAMS 0x00000000c7900000 space 1024K,   0% used [0x00000000c7900000, 0x00000000c7a00000)
AC   0  F    TS     0 PTAMS 0x00000000c7a00000 NTAMS 0x00000000c7a00000 space 1024K,   0% used [0x00000000c7a00000, 0x00000000c7b00000)
AC   0  E    TS     0 PTAMS 0x00000000c7b00000 NTAMS 0x00000000c7b00000 space 1024K,   9% used [0x00000000c7b00000, 0x00000000c7c00000)
AC   0  E CS TS     0 PTAMS 0x00000000c7c00000 NTAMS 0x00000000c7c00000 space 1024K, 100% used [0x00000000c7c00000, 0x00000000c7d00000)
AC   0  O    TS     0 PTAMS 0x00000000c7e00000 NTAMS 0x00000000c7e00000 space 1024K, 100% used [0x00000000c7d00000, 0x00000000c7e00000)
AC   0  E CS TS     0 PTAMS 0x00000000c7e00000 NTAMS 0x00000000c7e00000 space 1024K, 100% used [0x00000000c7e00000, 0x00000000c7f00000)
AC   0  E CS TS     0 PTAMS 0x00000000c7f00000 NTAMS 0x00000000c7f00000 space 1024K, 100% used [0x00000000c7f00000, 0x00000000c8000000)
AC   0  E CS TS     0 PTAMS 0x00000000c8000000 NTAMS 0x00000000c8000000 space 1024K, 100% used [0x00000000c8000000, 0x00000000c8100000)
AC   0  E CS TS     0 PTAMS 0x00000000c8100000 NTAMS 0x00000000c8100000 space 1024K, 100% used [0x00000000c8100000, 0x00000000c8200000)

Card table byte_map: [0x00000000133d0000,0x00000000135d0000] byte_map_base: 0x0000000012dd0000

Marking Bits (Prev, Next): (CMBitMap*) 0x0000000002e07508, (CMBitMap*) 0x0000000002e07560
 Prev Bits: [0x00000000137d0000, 0x00000000147d0000)
 Next Bits: [0x00000000147d0000, 0x00000000157d0000)

Polling page: 0x0000000000c70000

CodeCache: size=245760Kb used=27780Kb max_used=27780Kb free=217979Kb
 bounds [0x0000000002ed0000, 0x0000000004a20000, 0x0000000011ed0000]
 total_blobs=7968 nmethods=7347 adapters=529
 compilation: enabled

Compilation events (10 events):
Event: 244.530 Thread 0x0000000018c22000 8829       3       org.eclipse.jdt.internal.compiler.ast.SuperReference::implicitSuperConstructorCall (9 bytes)
Event: 244.530 Thread 0x0000000018c22000 nmethod 8829 0x0000000004a13010 code [0x0000000004a13180, 0x0000000004a13490]
Event: 244.530 Thread 0x0000000018c22000 8830       1       org.eclipse.jdt.internal.compiler.parser.Parser::consumeBlockStatement (1 bytes)
Event: 244.530 Thread 0x0000000018c22000 nmethod 8830 0x00000000044fee10 code [0x00000000044fef60, 0x00000000044ff070]
Event: 244.534 Thread 0x0000000018c22000 8831   !   2       org.eclipse.jdt.internal.compiler.lookup.BinaryTypeBinding::superInterfaces (279 bytes)
Event: 244.535 Thread 0x0000000018c22000 nmethod 8831 0x0000000004a13610 code [0x0000000004a13840, 0x0000000004a14008]
Event: 244.536 Thread 0x0000000018c22000 8832       3       org.eclipse.jdt.internal.compiler.lookup.MethodBinding::isVoidMethod (14 bytes)
Event: 244.536 Thread 0x0000000018c22000 nmethod 8832 0x0000000004106050 code [0x00000000041061a0, 0x0000000004106350]
Event: 244.537 Thread 0x0000000018c22000 8833   !   2       org.eclipse.jdt.internal.core.NameLookup::findType (608 bytes)
Event: 244.543 Thread 0x0000000018c22000 nmethod 8833 0x0000000004a148d0 code [0x0000000004a14d80, 0x0000000004a16d58]

GC Heap History (10 events):
Event: 201.102 GC heap before
{Heap before GC invocations=51 (full 0):
 garbage-first heap   total 133120K, used 113524K [0x00000000c0000000, 0x00000000c0100410, 0x0000000100000000)
  region size 1024K, 43 young (44032K), 3 survivors (3072K)
 Metaspace       used 54399K, capacity 57414K, committed 57676K, reserved 1099776K
  class space    used 5582K, capacity 6447K, committed 6476K, reserved 1048576K
Event: 201.110 GC heap after
Heap after GC invocations=52 (full 0):
 garbage-first heap   total 133120K, used 70713K [0x00000000c0000000, 0x00000000c0100410, 0x0000000100000000)
  region size 1024K, 2 young (2048K), 2 survivors (2048K)
 Metaspace       used 54399K, capacity 57414K, committed 57676K, reserved 1099776K
  class space    used 5582K, capacity 6447K, committed 6476K, reserved 1048576K
}
Event: 201.135 GC heap before
{Heap before GC invocations=52 (full 0):
 garbage-first heap   total 133120K, used 74809K [0x00000000c0000000, 0x00000000c0100410, 0x0000000100000000)
  region size 1024K, 6 young (6144K), 2 survivors (2048K)
 Metaspace       used 54399K, capacity 57414K, committed 57676K, reserved 1099776K
  class space    used 5582K, capacity 6447K, committed 6476K, reserved 1048576K
Event: 201.149 GC heap after
Heap after GC invocations=53 (full 0):
 garbage-first heap   total 133120K, used 68293K [0x00000000c0000000, 0x00000000c0100410, 0x0000000100000000)
  region size 1024K, 1 young (1024K), 1 survivors (1024K)
 Metaspace       used 54399K, capacity 57414K, committed 57676K, reserved 1099776K
  class space    used 5582K, capacity 6447K, committed 6476K, reserved 1048576K
}
Event: 201.392 GC heap before
{Heap before GC invocations=53 (full 0):
 garbage-first heap   total 133120K, used 82629K [0x00000000c0000000, 0x00000000c0100410, 0x0000000100000000)
  region size 1024K, 16 young (16384K), 1 survivors (1024K)
 Metaspace       used 54408K, capacity 57414K, committed 57676K, reserved 1099776K
  class space    used 5582K, capacity 6447K, committed 6476K, reserved 1048576K
Event: 201.403 GC heap after
Heap after GC invocations=54 (full 0):
 garbage-first heap   total 133120K, used 69400K [0x00000000c0000000, 0x00000000c0100410, 0x0000000100000000)
  region size 1024K, 2 young (2048K), 2 survivors (2048K)
 Metaspace       used 54408K, capacity 57414K, committed 57676K, reserved 1099776K
  class space    used 5582K, capacity 6447K, committed 6476K, reserved 1048576K
}
Event: 208.173 GC heap before
{Heap before GC invocations=55 (full 0):
 garbage-first heap   total 133120K, used 115662K [0x00000000c0000000, 0x00000000c0100410, 0x0000000100000000)
  region size 1024K, 46 young (47104K), 2 survivors (2048K)
 Metaspace       used 54700K, capacity 57662K, committed 57804K, reserved 1099776K
  class space    used 5594K, capacity 6486K, committed 6604K, reserved 1048576K
Event: 208.183 GC heap after
Heap after GC invocations=56 (full 0):
 garbage-first heap   total 133120K, used 71071K [0x00000000c0000000, 0x00000000c0100410, 0x0000000100000000)
  region size 1024K, 4 young (4096K), 4 survivors (4096K)
 Metaspace       used 54700K, capacity 57662K, committed 57804K, reserved 1099776K
  class space    used 5594K, capacity 6486K, committed 6604K, reserved 1048576K
}
Event: 244.377 GC heap before
{Heap before GC invocations=56 (full 0):
 garbage-first heap   total 133120K, used 114079K [0x00000000c0000000, 0x00000000c0100410, 0x0000000100000000)
  region size 1024K, 46 young (47104K), 4 survivors (4096K)
 Metaspace       used 55049K, capacity 58082K, committed 58316K, reserved 1101824K
  class space    used 5610K, capacity 6518K, committed 6604K, reserved 1048576K
Event: 244.389 GC heap after
Heap after GC invocations=57 (full 0):
 garbage-first heap   total 133120K, used 71787K [0x00000000c0000000, 0x00000000c0100410, 0x0000000100000000)
  region size 1024K, 4 young (4096K), 4 survivors (4096K)
 Metaspace       used 55049K, capacity 58082K, committed 58316K, reserved 1101824K
  class space    used 5610K, capacity 6518K, committed 6604K, reserved 1048576K
}

Deoptimization events (10 events):
Event: 244.397 Thread 0x0000000018e5d000 Uncommon trap: reason=unstable_if action=reinterpret pc=0x00000000049b82dc method=org.eclipse.jdt.internal.compiler.lookup.AnnotatableTypeSystem.getArrayType(Lorg/eclipse/jdt/internal/compiler/lookup/TypeBinding;I[Lorg/eclipse/jdt/internal/compiler/lookup
Event: 244.407 Thread 0x0000000018e5d000 Uncommon trap: reason=class_check action=maybe_recompile pc=0x0000000004683dd8 method=org.eclipse.jdt.internal.core.NameLookup.findType(Ljava/lang/String;Ljava/lang/String;ZIZZZLorg/eclipse/core/runtime/IProgressMonitor;[Lorg/eclipse/jdt/core/IPackageFrag
Event: 244.407 Thread 0x0000000018e5d000 Uncommon trap: reason=class_check action=maybe_recompile pc=0x0000000003c67a04 method=org.eclipse.jdt.internal.core.SearchableEnvironment.find(Ljava/lang/String;Ljava/lang/String;[Lorg/eclipse/jdt/core/IPackageFragmentRoot;)Lorg/eclipse/jdt/internal/compi
Event: 244.411 Thread 0x0000000018e5d000 Uncommon trap: reason=class_check action=maybe_recompile pc=0x00000000045add70 method=org.eclipse.jdt.internal.compiler.lookup.BinaryTypeBinding.superInterfaces()[Lorg/eclipse/jdt/internal/compiler/lookup/ReferenceBinding; @ 66
Event: 244.412 Thread 0x0000000018e5d000 Uncommon trap: reason=unstable_if action=reinterpret pc=0x0000000003f8d504 method=org.eclipse.jdt.core.dom.ASTNode.preReplaceChild(Lorg/eclipse/jdt/core/dom/ASTNode;Lorg/eclipse/jdt/core/dom/ASTNode;Lorg/eclipse/jdt/core/dom/ChildPropertyDescriptor;)V @ 2
Event: 244.412 Thread 0x0000000018e5d000 Uncommon trap: reason=unstable_if action=reinterpret pc=0x0000000004908c80 method=org.eclipse.jdt.core.dom.ASTNode.postReplaceChild(Lorg/eclipse/jdt/core/dom/ASTNode;Lorg/eclipse/jdt/core/dom/ASTNode;Lorg/eclipse/jdt/core/dom/ChildPropertyDescriptor;)V @ 
Event: 244.419 Thread 0x0000000018e5d000 Uncommon trap: reason=unstable_if action=reinterpret pc=0x0000000004461890 method=org.eclipse.jdt.core.dom.DefaultCommentMapper.storeTrailingComments(Lorg/eclipse/jdt/core/dom/ASTNode;IZ[I)I @ 365
Event: 244.522 Thread 0x0000000018e5d000 Uncommon trap: reason=class_check action=maybe_recompile pc=0x0000000004683dd8 method=org.eclipse.jdt.internal.core.NameLookup.findType(Ljava/lang/String;Ljava/lang/String;ZIZZZLorg/eclipse/core/runtime/IProgressMonitor;[Lorg/eclipse/jdt/core/IPackageFrag
Event: 244.522 Thread 0x0000000018e5d000 Uncommon trap: reason=class_check action=maybe_recompile pc=0x0000000003c67a04 method=org.eclipse.jdt.internal.core.SearchableEnvironment.find(Ljava/lang/String;Ljava/lang/String;[Lorg/eclipse/jdt/core/IPackageFragmentRoot;)Lorg/eclipse/jdt/internal/compi
Event: 244.524 Thread 0x0000000018e5d000 Uncommon trap: reason=class_check action=maybe_recompile pc=0x00000000045add70 method=org.eclipse.jdt.internal.compiler.lookup.BinaryTypeBinding.superInterfaces()[Lorg/eclipse/jdt/internal/compiler/lookup/ReferenceBinding; @ 66

Classes redefined (0 events):
No events

Internal exceptions (10 events):
Event: 212.240 Thread 0x000000001e319000 Exception <a 'java/lang/ArrayIndexOutOfBoundsException'> (0x00000000c6a0e450) thrown at [C:\re\workspace\8-2-build-windows-amd64-cygwin\jdk8u171\10807\hotspot\src\share\vm\runtime\sharedRuntime.cpp, line 605]
Event: 212.386 Thread 0x000000001e316000 Exception <a 'java/lang/ArrayIndexOutOfBoundsException'> (0x00000000c688fb80) thrown at [C:\re\workspace\8-2-build-windows-amd64-cygwin\jdk8u171\10807\hotspot\src\share\vm\runtime\sharedRuntime.cpp, line 605]
Event: 212.386 Thread 0x000000001e316000 Exception <a 'java/lang/ArrayIndexOutOfBoundsException'> (0x00000000c688fe00) thrown at [C:\re\workspace\8-2-build-windows-amd64-cygwin\jdk8u171\10807\hotspot\src\share\vm\runtime\sharedRuntime.cpp, line 605]
Event: 212.386 Thread 0x000000001e316000 Exception <a 'java/lang/ArrayIndexOutOfBoundsException'> (0x00000000c6890080) thrown at [C:\re\workspace\8-2-build-windows-amd64-cygwin\jdk8u171\10807\hotspot\src\share\vm\runtime\sharedRuntime.cpp, line 605]
Event: 212.868 Thread 0x000000001e316000 Exception <a 'java/lang/ArrayIndexOutOfBoundsException'> (0x00000000c6771128) thrown at [C:\re\workspace\8-2-build-windows-amd64-cygwin\jdk8u171\10807\hotspot\src\share\vm\runtime\sharedRuntime.cpp, line 605]
Event: 212.868 Thread 0x000000001e316000 Exception <a 'java/lang/ArrayIndexOutOfBoundsException'> (0x00000000c6771360) thrown at [C:\re\workspace\8-2-build-windows-amd64-cygwin\jdk8u171\10807\hotspot\src\share\vm\runtime\sharedRuntime.cpp, line 605]
Event: 244.037 Thread 0x000000001eee1800 Exception <a 'java/lang/ArrayIndexOutOfBoundsException'> (0x00000000c58e8f98) thrown at [C:\re\workspace\8-2-build-windows-amd64-cygwin\jdk8u171\10807\hotspot\src\share\vm\runtime\sharedRuntime.cpp, line 605]
Event: 244.037 Thread 0x000000001eee1800 Exception <a 'java/lang/ArrayIndexOutOfBoundsException'> (0x00000000c58e93a8) thrown at [C:\re\workspace\8-2-build-windows-amd64-cygwin\jdk8u171\10807\hotspot\src\share\vm\runtime\sharedRuntime.cpp, line 605]
Event: 244.037 Thread 0x000000001eee1800 Exception <a 'java/lang/ArrayIndexOutOfBoundsException'> (0x00000000c58e95e0) thrown at [C:\re\workspace\8-2-build-windows-amd64-cygwin\jdk8u171\10807\hotspot\src\share\vm\runtime\sharedRuntime.cpp, line 605]
Event: 244.412 Thread 0x0000000018e5d000 Implicit null exception at 0x0000000003f8cafc to 0x0000000003f8d4e9

Events (10 events):
Event: 244.419 Thread 0x0000000018e5d000 DEOPT UNPACKING pc=0x0000000002f1583b sp=0x000000001d2be4c0 mode 2
Event: 244.522 Thread 0x0000000018e5d000 Uncommon trap: trap_request=0xffffffde fr.pc=0x0000000004683dd8
Event: 244.522 Thread 0x0000000018e5d000 DEOPT PACKING pc=0x0000000004683dd8 sp=0x000000001d2bddd0
Event: 244.522 Thread 0x0000000018e5d000 DEOPT UNPACKING pc=0x0000000002f1583b sp=0x000000001d2bdd80 mode 2
Event: 244.522 Thread 0x0000000018e5d000 Uncommon trap: trap_request=0xffffffde fr.pc=0x0000000003c67a04
Event: 244.522 Thread 0x0000000018e5d000 DEOPT PACKING pc=0x0000000003c67a04 sp=0x000000001d2bdec0
Event: 244.522 Thread 0x0000000018e5d000 DEOPT UNPACKING pc=0x0000000002f1583b sp=0x000000001d2bde40 mode 2
Event: 244.524 Thread 0x0000000018e5d000 Uncommon trap: trap_request=0xffffffde fr.pc=0x00000000045add70
Event: 244.524 Thread 0x0000000018e5d000 DEOPT PACKING pc=0x00000000045add70 sp=0x000000001d2be5c0
Event: 244.524 Thread 0x0000000018e5d000 DEOPT UNPACKING pc=0x0000000002f1583b sp=0x000000001d2be588 mode 2


Dynamic libraries:
0x00007ff7d1be0000 - 0x00007ff7d1c17000 	C:\Program Files\Java\jdk1.8.0_171\bin\java.exe
0x00007ffe81600000 - 0x00007ffe817ed000 	C:\WINDOWS\SYSTEM32\ntdll.dll
0x00007ffe81470000 - 0x00007ffe81523000 	C:\WINDOWS\System32\KERNEL32.DLL
0x00007ffe7d990000 - 0x00007ffe7dc23000 	C:\WINDOWS\System32\KERNELBASE.dll
0x00007ffe7ece0000 - 0x00007ffe7ed83000 	C:\WINDOWS\System32\ADVAPI32.dll
0x00007ffe7f090000 - 0x00007ffe7f12e000 	C:\WINDOWS\System32\msvcrt.dll
0x00007ffe81530000 - 0x00007ffe815ce000 	C:\WINDOWS\System32\sechost.dll
0x00007ffe7e830000 - 0x00007ffe7e952000 	C:\WINDOWS\System32\RPCRT4.dll
0x00007ffe7e960000 - 0x00007ffe7eaf7000 	C:\WINDOWS\System32\USER32.dll
0x00007ffe7d6d0000 - 0x00007ffe7d6f0000 	C:\WINDOWS\System32\win32u.dll
0x00007ffe7eb00000 - 0x00007ffe7eb29000 	C:\WINDOWS\System32\GDI32.dll
0x00007ffe7dc90000 - 0x00007ffe7de2a000 	C:\WINDOWS\System32\gdi32full.dll
0x00007ffe7d870000 - 0x00007ffe7d910000 	C:\WINDOWS\System32\msvcp_win.dll
0x00007ffe7d720000 - 0x00007ffe7d81a000 	C:\WINDOWS\System32\ucrtbase.dll
0x00007ffe6f500000 - 0x00007ffe6f779000 	C:\WINDOWS\WinSxS\amd64_microsoft.windows.common-controls_6595b64144ccf1df_6.0.17763.437_none_05b63dca071e5dd6\COMCTL32.dll
0x00007ffe80c40000 - 0x00007ffe80f6c000 	C:\WINDOWS\System32\combase.dll
0x00007ffe7d910000 - 0x00007ffe7d98e000 	C:\WINDOWS\System32\bcryptPrimitives.dll
0x00007ffe81040000 - 0x00007ffe8106e000 	C:\WINDOWS\System32\IMM32.DLL
0x0000000059180000 - 0x0000000059252000 	C:\Program Files\Java\jdk1.8.0_171\jre\bin\msvcr100.dll
0x00000000580b0000 - 0x0000000058950000 	C:\Program Files\Java\jdk1.8.0_171\jre\bin\server\jvm.dll
0x00007ffe7f6d0000 - 0x00007ffe7f6d8000 	C:\WINDOWS\System32\PSAPI.DLL
0x00007ffe6c290000 - 0x00007ffe6c299000 	C:\WINDOWS\SYSTEM32\WSOCK32.dll
0x00007ffe7f6e0000 - 0x00007ffe7f74d000 	C:\WINDOWS\System32\WS2_32.dll
0x00007ffe7b010000 - 0x00007ffe7b034000 	C:\WINDOWS\SYSTEM32\WINMM.dll
0x00007ffe6d230000 - 0x00007ffe6d23a000 	C:\WINDOWS\SYSTEM32\VERSION.dll
0x00007ffe7afe0000 - 0x00007ffe7b00d000 	C:\WINDOWS\SYSTEM32\WINMMBASE.dll
0x00007ffe7d820000 - 0x00007ffe7d86a000 	C:\WINDOWS\System32\cfgmgr32.dll
0x0000000059170000 - 0x000000005917f000 	C:\Program Files\Java\jdk1.8.0_171\jre\bin\verify.dll
0x0000000059140000 - 0x0000000059169000 	C:\Program Files\Java\jdk1.8.0_171\jre\bin\java.dll
0x0000000059120000 - 0x0000000059136000 	C:\Program Files\Java\jdk1.8.0_171\jre\bin\zip.dll
0x00007ffe7f750000 - 0x00007ffe80c40000 	C:\WINDOWS\System32\SHELL32.dll
0x00007ffe7f130000 - 0x00007ffe7f1d8000 	C:\WINDOWS\System32\shcore.dll
0x00007ffe7de30000 - 0x00007ffe7e57a000 	C:\WINDOWS\System32\windows.storage.dll
0x00007ffe7d6a0000 - 0x00007ffe7d6c4000 	C:\WINDOWS\System32\profapi.dll
0x00007ffe7d640000 - 0x00007ffe7d69d000 	C:\WINDOWS\System32\powrprof.dll
0x00007ffe810d0000 - 0x00007ffe81122000 	C:\WINDOWS\System32\shlwapi.dll
0x00007ffe7d600000 - 0x00007ffe7d611000 	C:\WINDOWS\System32\kernel.appcore.dll
0x00007ffe7e810000 - 0x00007ffe7e827000 	C:\WINDOWS\System32\cryptsp.dll
0x00007ffe7c600000 - 0x00007ffe7c633000 	C:\WINDOWS\system32\rsaenh.dll
0x00007ffe7d6f0000 - 0x00007ffe7d716000 	C:\WINDOWS\System32\bcrypt.dll
0x00007ffe7d500000 - 0x00007ffe7d528000 	C:\WINDOWS\SYSTEM32\USERENV.dll
0x00007ffe7cc10000 - 0x00007ffe7cc1c000 	C:\WINDOWS\SYSTEM32\CRYPTBASE.dll
0x0000000059100000 - 0x000000005911a000 	C:\Program Files\Java\jdk1.8.0_171\jre\bin\net.dll
0x00007ffe7ca40000 - 0x00007ffe7caa7000 	C:\WINDOWS\system32\mswsock.dll
0x00007ffe7c7a0000 - 0x00007ffe7c7dd000 	C:\WINDOWS\SYSTEM32\IPHLPAPI.DLL
0x00007ffe7efa0000 - 0x00007ffe7efa8000 	C:\WINDOWS\System32\NSI.dll
0x00007ffe72140000 - 0x00007ffe72156000 	C:\WINDOWS\SYSTEM32\dhcpcsvc6.DLL
0x00007ffe72900000 - 0x00007ffe7291c000 	C:\WINDOWS\SYSTEM32\dhcpcsvc.DLL
0x00007ffe7c7e0000 - 0x00007ffe7c8a6000 	C:\WINDOWS\SYSTEM32\DNSAPI.dll
0x00000000590e0000 - 0x00000000590f1000 	C:\Program Files\Java\jdk1.8.0_171\jre\bin\nio.dll
0x00007ffe6c4b0000 - 0x00007ffe6c4d9000 	C:\Users\XNOTE\.vscode\extensions\redhat.java-0.45.0\server\config_win\org.eclipse.equinox.launcher\org.eclipse.equinox.launcher.win32.win32.x86_64_1.1.1000.v20190125-2016\eclipse_1801.dll
0x00007ffe75200000 - 0x00007ffe75211000 	C:\Users\XNOTE\.vscode\extensions\redhat.java-0.45.0\server\config_win\org.eclipse.osgi\20\0\.cp\jWinHttp-1.0.0.dll
0x00007ffe811e0000 - 0x00007ffe81335000 	C:\WINDOWS\System32\ole32.dll
0x00007ffe73000000 - 0x00007ffe730f1000 	C:\WINDOWS\SYSTEM32\WINHTTP.dll
0x00000000590b0000 - 0x00000000590d4000 	C:\Program Files\Java\jdk1.8.0_171\jre\bin\sunec.dll
0x00007ffe73110000 - 0x00007ffe73126000 	C:\WINDOWS\system32\napinsp.dll
0x00007ffe6c310000 - 0x00007ffe6c32a000 	C:\WINDOWS\system32\pnrpnsp.dll
0x00007ffe798c0000 - 0x00007ffe798ce000 	C:\WINDOWS\System32\winrnr.dll
0x00007ffe79860000 - 0x00007ffe7987b000 	C:\WINDOWS\system32\NLAapi.dll
0x00007ffe74a30000 - 0x00007ffe74a45000 	C:\WINDOWS\system32\wshbth.dll
0x00007ffe6e2e0000 - 0x00007ffe6e2ea000 	C:\Windows\System32\rasadhlp.dll
0x00007ffe6ee60000 - 0x00007ffe6eed9000 	C:\WINDOWS\System32\fwpuclnt.dll
0x00000000590a0000 - 0x00000000590ab000 	C:\Program Files\Java\jdk1.8.0_171\jre\bin\sunmscapi.dll
0x00007ffe7e580000 - 0x00007ffe7e75b000 	C:\WINDOWS\System32\CRYPT32.dll
0x00007ffe7d620000 - 0x00007ffe7d632000 	C:\WINDOWS\System32\MSASN1.dll

VM Arguments:
jvm_args: -Declipse.application=org.eclipse.jdt.ls.core.id1 -Dosgi.bundles.defaultStartLevel=4 -Declipse.product=org.eclipse.jdt.ls.core.product -Dfile.encoding=utf8 -DwatchParentProcess=false -Xverify:none -Xmx1G -XX:+UseG1GC -XX:+UseStringDeduplication 
java_command: C:\Users\XNOTE\.vscode\extensions\redhat.java-0.45.0\server\plugins\org.eclipse.equinox.launcher_1.5.400.v20190514-1658.jar -configuration C:\Users\XNOTE\.vscode\extensions\redhat.java-0.45.0\server\config_win -data c:\Users\XNOTE\AppData\Roaming\Code\User\workspaceStorage\93e8932c494c5971e4fa6186b51a1aec\redhat.java\jdt_ws
java_class_path (initial): C:\Users\XNOTE\.vscode\extensions\redhat.java-0.45.0\server\plugins\org.eclipse.equinox.launcher_1.5.400.v20190514-1658.jar
Launcher Type: SUN_STANDARD

Environment Variables:
PATH=C:\Program Files (x86)\Common Files\Oracle\Java\javapath;C:\ProgramData\Oracle\Java\javapath;C:\python27;C:\WINDOWS\system32;C:\WINDOWS;C:\WINDOWS\System32\Wbem;C:\WINDOWS\System32\WindowsPowerShell\v1.0\;C:\Program Files (x86)\Windows Live\Shared;C:\WINDOWS\System32\OpenSSH\;C:\Program Files\PuTTY\;C:\Program Files\Microsoft VS Code\bin;C:\Program Files\Git\cmd;C:\Program Files\Java\jdk1.8.0_171\bin;%USERPROFILE%\AppData\Local\Microsoft\WindowsApps;
USERNAME=¹Î¿ì
OS=Windows_NT
PROCESSOR_IDENTIFIER=Intel64 Family 6 Model 58 Stepping 9, GenuineIntel



---------------  S Y S T E M  ---------------

OS: Windows 10.0 , 64 bit Build 17763 (10.0.17763.437)

CPU:total 4 (initial active 4) (2 cores per cpu, 2 threads per core) family 6 model 58 stepping 9, cmov, cx8, fxsr, mmx, sse, sse2, sse3, ssse3, sse4.1, sse4.2, popcnt, avx, clmul, erms, ht, tsc, tscinvbit, tscinv

Memory: 4k page, physical 4024712k(539424k free), swap 5445000k(6184k free)

vm_info: Java HotSpot(TM) 64-Bit Server VM (25.171-b11) for windows-amd64 JRE (1.8.0_171-b11), built on Mar 28 2018 16:06:12 by "java_re" with MS VC++ 10.0 (VS2010)

time: Thu May 23 20:24:07 2019
elapsed time: 244 seconds (0d 0h 4m 4s)

