#
# There is insufficient memory for the Java Runtime Environment to continue.
# Native memory allocation (malloc) failed to allocate 32744 bytes for ChunkPool::allocate
# Possible reasons:
#   The system is out of physical RAM or swap space
#   In 32 bit mode, the process size limit was hit
# Possible solutions:
#   Reduce memory load on the system
#   Increase physical memory or swap space
#   Check if swap backing store is full
#   Use 64 bit Java on a 64 bit OS
#   Decrease Java heap size (-Xmx/-Xms)
#   Decrease number of Java threads
#   Decrease Java thread stack sizes (-Xss)
#   Set larger code cache with -XX:ReservedCodeCacheSize=
# This output file may be truncated or incomplete.
#
#  Out of Memory Error (allocation.cpp:273), pid=15704, tid=0x00000000000024b8
#
# JRE version: Java(TM) SE Runtime Environment (8.0_171-b11) (build 1.8.0_171-b11)
# Java VM: Java HotSpot(TM) 64-Bit Server VM (25.171-b11 mixed mode windows-amd64 compressed oops)
# Failed to write core dump. Minidumps are not enabled by default on client versions of Windows
#

---------------  T H R E A D  ---------------

Current thread (0x0000000003542800):  JavaThread "main" [_thread_in_vm, id=9400, stack(0x00000000033a0000,0x00000000034a0000)]

Stack: [0x00000000033a0000,0x00000000034a0000]
[error occurred during error reporting (printing stack bounds), id 0xc0000005]

Native frames: (J=compiled Java code, j=interpreted, Vv=VM code, C=native code)

Java frames: (J=compiled Java code, j=interpreted, Vv=VM code)
j  java.util.stream.Nodes.<clinit>()V+11
v  ~StubRoutines::call_stub
j  java.util.stream.ReferencePipeline.makeNodeBuilder(JLjava/util/function/IntFunction;)Ljava/util/stream/Node$Builder;+2
j  java.util.stream.AbstractPipeline.evaluate(Ljava/util/Spliterator;ZLjava/util/function/IntFunction;)Ljava/util/stream/Node;+23
j  java.util.stream.AbstractPipeline.evaluateToArrayNode(Ljava/util/function/IntFunction;)Ljava/util/stream/Node;+74
j  java.util.stream.ReferencePipeline.toArray(Ljava/util/function/IntFunction;)[Ljava/lang/Object;+4
j  org.eclipse.lsp4j.jsonrpc.services.AnnotationUtil.getParameterTypes(Ljava/lang/reflect/Method;)[Ljava/lang/reflect/Type;+22
j  org.eclipse.lsp4j.jsonrpc.services.AnnotationUtil.createMethodInfo(Ljava/lang/reflect/Method;ZLjava/lang/String;Ljava/lang/String;)Lorg/eclipse/lsp4j/jsonrpc/services/AnnotationUtil$MethodInfo;+23
j  org.eclipse.lsp4j.jsonrpc.services.AnnotationUtil.createRequestInfo(Ljava/lang/reflect/Method;Ljava/lang/String;Lorg/eclipse/lsp4j/jsonrpc/services/JsonRequest;)Lorg/eclipse/lsp4j/jsonrpc/services/AnnotationUtil$MethodInfo;+14
j  org.eclipse.lsp4j.jsonrpc.services.AnnotationUtil.createMethodInfo(Ljava/lang/reflect/Method;Ljava/lang/String;)Lorg/eclipse/lsp4j/jsonrpc/services/AnnotationUtil$MethodInfo;+24
j  org.eclipse.lsp4j.jsonrpc.services.AnnotationUtil.findRpcMethods(Ljava/lang/Class;Ljava/util/Set;Ljava/util/function/Consumer;)V+98
j  org.eclipse.lsp4j.jsonrpc.services.AnnotationUtil.findRpcMethods(Ljava/lang/Class;Ljava/util/Set;Ljava/util/function/Consumer;)V+53
j  org.eclipse.lsp4j.jsonrpc.services.ServiceEndpoints.getSupportedMethods(Ljava/lang/Class;Ljava/util/Set;)Ljava/util/Map;+16
j  org.eclipse.lsp4j.jsonrpc.services.ServiceEndpoints.getSupportedMethods(Ljava/lang/Class;)Ljava/util/Map;+10
j  org.eclipse.lsp4j.jsonrpc.Launcher$Builder.getSupportedMethods()Ljava/util/Map;+39
j  org.eclipse.lsp4j.jsonrpc.Launcher$Builder.createJsonHandler()Lorg/eclipse/lsp4j/jsonrpc/json/MessageJsonHandler;+1
j  org.eclipse.lsp4j.jsonrpc.Launcher$Builder.create()Lorg/eclipse/lsp4j/jsonrpc/Launcher;+69
j  org.eclipse.lsp4j.jsonrpc.Launcher.createIoLauncher(Ljava/lang/Object;Ljava/lang/Class;Ljava/io/InputStream;Ljava/io/OutputStream;Ljava/util/concurrent/ExecutorService;Ljava/util/function/Function;)Lorg/eclipse/lsp4j/jsonrpc/Launcher;+33
j  org.eclipse.lsp4j.jsonrpc.Launcher.createLauncher(Ljava/lang/Object;Ljava/lang/Class;Ljava/io/InputStream;Ljava/io/OutputStream;Ljava/util/concurrent/ExecutorService;Ljava/util/function/Function;)Lorg/eclipse/lsp4j/jsonrpc/Launcher;+8
j  org.eclipse.jdt.ls.core.internal.JavaLanguageServerPlugin.startConnection()V+213
j  org.eclipse.jdt.ls.core.internal.JavaLanguageServerPlugin.startLanguageServer(Lorg/eclipse/jdt/ls/core/internal/LanguageServer;)V+16
j  org.eclipse.jdt.ls.core.internal.LanguageServer.start(Lorg/eclipse/equinox/app/IApplicationContext;)Ljava/lang/Object;+1
j  org.eclipse.equinox.internal.app.EclipseAppHandle.run(Ljava/lang/Object;)Ljava/lang/Object;+135
j  org.eclipse.core.runtime.internal.adaptor.EclipseAppLauncher.runApplication(Ljava/lang/Object;)Ljava/lang/Object;+85
j  org.eclipse.core.runtime.internal.adaptor.EclipseAppLauncher.start(Ljava/lang/Object;)Ljava/lang/Object;+82
j  org.eclipse.core.runtime.adaptor.EclipseStarter.run(Ljava/lang/Object;)Ljava/lang/Object;+105
j  org.eclipse.core.runtime.adaptor.EclipseStarter.run([Ljava/lang/String;Ljava/lang/Runnable;)Ljava/lang/Object;+132
v  ~StubRoutines::call_stub
j  sun.reflect.NativeMethodAccessorImpl.invoke0(Ljava/lang/reflect/Method;Ljava/lang/Object;[Ljava/lang/Object;)Ljava/lang/Object;+0
j  sun.reflect.NativeMethodAccessorImpl.invoke(Ljava/lang/Object;[Ljava/lang/Object;)Ljava/lang/Object;+100
j  sun.reflect.DelegatingMethodAccessorImpl.invoke(Ljava/lang/Object;[Ljava/lang/Object;)Ljava/lang/Object;+6
j  java.lang.reflect.Method.invoke(Ljava/lang/Object;[Ljava/lang/Object;)Ljava/lang/Object;+56
j  org.eclipse.equinox.launcher.Main.invokeFramework([Ljava/lang/String;[Ljava/net/URL;)V+205
j  org.eclipse.equinox.launcher.Main.basicRun([Ljava/lang/String;)V+160
j  org.eclipse.equinox.launcher.Main.run([Ljava/lang/String;)I+4
j  org.eclipse.equinox.launcher.Main.main([Ljava/lang/String;)V+10
v  ~StubRoutines::call_stub

---------------  P R O C E S S  ---------------

Java Threads: ( => current thread )
  0x000000001f1bd000 JavaThread "pool-2-thread-1" [_thread_blocked, id=15632, stack(0x000000001f8b0000,0x000000001f9b0000)]
  0x000000001a7f3800 JavaThread "Java indexing" daemon [_thread_blocked, id=17844, stack(0x000000001cb10000,0x000000001cc10000)]
  0x000000001a543000 JavaThread "Worker-2: Building workspace" [_thread_in_vm, id=6036, stack(0x000000001c810000,0x000000001c910000)]
  0x000000001a2f4800 JavaThread "Worker-1" [_thread_blocked, id=14832, stack(0x000000001c510000,0x000000001c610000)]
  0x000000001a61e000 JavaThread "Worker-0" [_thread_blocked, id=4504, stack(0x000000001c410000,0x000000001c510000)]
  0x00000000194e5800 JavaThread "Worker-JM" [_thread_blocked, id=10616, stack(0x000000001be10000,0x000000001bf10000)]
  0x000000001a424000 JavaThread "Start Level: Equinox Container: 9ba5b388-cbbf-45e2-9294-59b036b23feb" daemon [_thread_blocked, id=7076, stack(0x000000001ba30000,0x000000001bb30000)]
  0x000000001a546000 JavaThread "Framework Event Dispatcher: Equinox Container: 9ba5b388-cbbf-45e2-9294-59b036b23feb" daemon [_thread_blocked, id=10208, stack(0x000000001b930000,0x000000001ba30000)]
  0x0000000019659000 JavaThread "Active Thread: Equinox Container: 9ba5b388-cbbf-45e2-9294-59b036b23feb" [_thread_blocked, id=17916, stack(0x000000001b830000,0x000000001b930000)]
  0x000000001941e800 JavaThread "Service Thread" daemon [_thread_blocked, id=11864, stack(0x0000000019e60000,0x0000000019f60000)]
  0x000000001939f000 JavaThread "C1 CompilerThread2" daemon [_thread_blocked, id=17960, stack(0x0000000019d60000,0x0000000019e60000)]
  0x0000000019393000 JavaThread "C2 CompilerThread1" daemon [_thread_in_native, id=7724, stack(0x0000000019c60000,0x0000000019d60000)]
  0x0000000019392000 JavaThread "C2 CompilerThread0" daemon [_thread_in_native, id=14736, stack(0x0000000019b60000,0x0000000019c60000)]
  0x0000000019391000 JavaThread "Attach Listener" daemon [_thread_blocked, id=17704, stack(0x0000000019a60000,0x0000000019b60000)]
  0x000000001937a800 JavaThread "Signal Dispatcher" daemon [_thread_blocked, id=16308, stack(0x0000000019960000,0x0000000019a60000)]
  0x0000000019379800 JavaThread "Surrogate Locker Thread (Concurrent GC)" daemon [_thread_blocked, id=9508, stack(0x0000000019860000,0x0000000019960000)]
  0x00000000192ec000 JavaThread "Finalizer" daemon [_thread_blocked, id=8984, stack(0x0000000019760000,0x0000000019860000)]
  0x00000000192e3800 JavaThread "Reference Handler" daemon [_thread_blocked, id=8104, stack(0x0000000019660000,0x0000000019760000)]
=>0x0000000003542800 JavaThread "main" [_thread_in_vm, id=9400, stack(0x00000000033a0000,0x00000000034a0000)]

Other Threads:
  0x00000000192e0000 VMThread [stack: 0x0000000019080000,0x0000000019180000] [id=12296]
  0x0000000019439800 WatcherThread [stack: 0x0000000019f60000,0x000000001a060000] [id=12260]

VM state:not at safepoint (normal execution)

VM Mutex/Monitor currently owned by a thread: None

Heap:
 garbage-first heap   total 63488K, used 43520K [0x00000000c0000000, 0x00000000c01001f0, 0x0000000100000000)
  region size 1024K, 28 young (28672K), 5 survivors (5120K)
 Metaspace       used 30956K, capacity 32612K, committed 32896K, reserved 1079296K
  class space    used 3312K, capacity 3842K, committed 3968K, reserved 1048576K

Heap Regions: (Y=young(eden), SU=young(survivor), HS=humongous(starts), HC=humongous(continues), CS=collection set, F=free, TS=gc time stamp, PTAMS=previous top-at-mark-start, NTAMS=next top-at-mark-start)
AC   0  O    TS     0 PTAMS 0x00000000c0100000 NTAMS 0x00000000c0100000 space 1024K, 100% used [0x00000000c0000000, 0x00000000c0100000)
AC   0  O    TS     0 PTAMS 0x00000000c0200000 NTAMS 0x00000000c0200000 space 1024K, 100% used [0x00000000c0100000, 0x00000000c0200000)
AC   0  O    TS     5 PTAMS 0x00000000c0200000 NTAMS 0x00000000c0200000 space 1024K, 100% used [0x00000000c0200000, 0x00000000c0300000)
AC   0  O    TS     0 PTAMS 0x00000000c0400000 NTAMS 0x00000000c0400000 space 1024K, 100% used [0x00000000c0300000, 0x00000000c0400000)
AC   0  O    TS     5 PTAMS 0x00000000c0400000 NTAMS 0x00000000c0400000 space 1024K,  50% used [0x00000000c0400000, 0x00000000c0500000)
AC   0  O    TS     3 PTAMS 0x00000000c0500000 NTAMS 0x00000000c0500000 space 1024K, 100% used [0x00000000c0500000, 0x00000000c0600000)
AC   0  O    TS     3 PTAMS 0x00000000c0600000 NTAMS 0x00000000c0600000 space 1024K, 100% used [0x00000000c0600000, 0x00000000c0700000)
AC   0  F    TS     0 PTAMS 0x00000000c0700000 NTAMS 0x00000000c0700000 space 1024K,   0% used [0x00000000c0700000, 0x00000000c0800000)
AC   0  O    TS     3 PTAMS 0x00000000c0800000 NTAMS 0x00000000c0800000 space 1024K, 100% used [0x00000000c0800000, 0x00000000c0900000)
AC   0  O    TS     3 PTAMS 0x00000000c0900000 NTAMS 0x00000000c0900000 space 1024K, 100% used [0x00000000c0900000, 0x00000000c0a00000)
AC   0  O    TS     5 PTAMS 0x00000000c0a00000 NTAMS 0x00000000c0a00000 space 1024K, 100% used [0x00000000c0a00000, 0x00000000c0b00000)
AC   0  O    TS     0 PTAMS 0x00000000c0c00000 NTAMS 0x00000000c0c00000 space 1024K, 100% used [0x00000000c0b00000, 0x00000000c0c00000)
AC   0  O    TS     0 PTAMS 0x00000000c0d00000 NTAMS 0x00000000c0d00000 space 1024K, 100% used [0x00000000c0c00000, 0x00000000c0d00000)
AC   0  O    TS     0 PTAMS 0x00000000c0e00000 NTAMS 0x00000000c0e00000 space 1024K, 100% used [0x00000000c0d00000, 0x00000000c0e00000)
AC   0  O    TS     0 PTAMS 0x00000000c0f00000 NTAMS 0x00000000c0f00000 space 1024K, 100% used [0x00000000c0e00000, 0x00000000c0f00000)
AC   0  O    TS     0 PTAMS 0x00000000c1000000 NTAMS 0x00000000c1000000 space 1024K, 100% used [0x00000000c0f00000, 0x00000000c1000000)
AC   0  O    TS     1 PTAMS 0x00000000c1080008 NTAMS 0x00000000c1080008 space 1024K, 100% used [0x00000000c1000000, 0x00000000c1100000)
AC   0  F    TS     0 PTAMS 0x00000000c1100000 NTAMS 0x00000000c1100000 space 1024K,   0% used [0x00000000c1100000, 0x00000000c1200000)
AC   0  F    TS     0 PTAMS 0x00000000c1200000 NTAMS 0x00000000c1200000 space 1024K,   0% used [0x00000000c1200000, 0x00000000c1300000)
AC   0  F    TS     0 PTAMS 0x00000000c1300000 NTAMS 0x00000000c1300000 space 1024K,   0% used [0x00000000c1300000, 0x00000000c1400000)
AC   0  F    TS     0 PTAMS 0x00000000c1400000 NTAMS 0x00000000c1400000 space 1024K,   0% used [0x00000000c1400000, 0x00000000c1500000)
AC   0  S CS TS     5 PTAMS 0x00000000c1500000 NTAMS 0x00000000c1500000 space 1024K, 100% used [0x00000000c1500000, 0x00000000c1600000)
AC   0  S CS TS     5 PTAMS 0x00000000c1600000 NTAMS 0x00000000c1600000 space 1024K, 100% used [0x00000000c1600000, 0x00000000c1700000)
AC   0  S CS TS     5 PTAMS 0x00000000c1700000 NTAMS 0x00000000c1700000 space 1024K, 100% used [0x00000000c1700000, 0x00000000c1800000)
AC   0  S CS TS     5 PTAMS 0x00000000c1800000 NTAMS 0x00000000c1800000 space 1024K, 100% used [0x00000000c1800000, 0x00000000c1900000)
AC   0  S CS TS     5 PTAMS 0x00000000c1900000 NTAMS 0x00000000c1900000 space 1024K, 100% used [0x00000000c1900000, 0x00000000c1a00000)
AC   0  F    TS     1 PTAMS 0x00000000c1a00000 NTAMS 0x00000000c1a00000 space 1024K,   0% used [0x00000000c1a00000, 0x00000000c1b00000)
AC   0  F    TS     1 PTAMS 0x00000000c1b00000 NTAMS 0x00000000c1b00000 space 1024K,   0% used [0x00000000c1b00000, 0x00000000c1c00000)
AC   0  F    TS     1 PTAMS 0x00000000c1c00000 NTAMS 0x00000000c1c00000 space 1024K,   0% used [0x00000000c1c00000, 0x00000000c1d00000)
AC   0  F    TS     0 PTAMS 0x00000000c1d00000 NTAMS 0x00000000c1d00000 space 1024K,   0% used [0x00000000c1d00000, 0x00000000c1e00000)
AC   0  F    TS     0 PTAMS 0x00000000c1e00000 NTAMS 0x00000000c1e00000 space 1024K,   0% used [0x00000000c1e00000, 0x00000000c1f00000)
AC   0  F    TS     0 PTAMS 0x00000000c1f00000 NTAMS 0x00000000c1f00000 space 1024K,   0% used [0x00000000c1f00000, 0x00000000c2000000)
AC   0  F    TS     0 PTAMS 0x00000000c2000000 NTAMS 0x00000000c2000000 space 1024K,   0% used [0x00000000c2000000, 0x00000000c2100000)
AC   0  F    TS     0 PTAMS 0x00000000c2100000 NTAMS 0x00000000c2100000 space 1024K,   0% used [0x00000000c2100000, 0x00000000c2200000)
AC   0  F    TS     0 PTAMS 0x00000000c2200000 NTAMS 0x00000000c2200000 space 1024K,   0% used [0x00000000c2200000, 0x00000000c2300000)
AC   0  F    TS     0 PTAMS 0x00000000c2300000 NTAMS 0x00000000c2300000 space 1024K,   0% used [0x00000000c2300000, 0x00000000c2400000)
AC   0  F    TS     0 PTAMS 0x00000000c2400000 NTAMS 0x00000000c2400000 space 1024K,   0% used [0x00000000c2400000, 0x00000000c2500000)
AC   0  F    TS     0 PTAMS 0x00000000c2500000 NTAMS 0x00000000c2500000 space 1024K,   0% used [0x00000000c2500000, 0x00000000c2600000)
AC   0  F    TS     0 PTAMS 0x00000000c2600000 NTAMS 0x00000000c2600000 space 1024K,   0% used [0x00000000c2600000, 0x00000000c2700000)
AC   0  E    TS     0 PTAMS 0x00000000c2700000 NTAMS 0x00000000c2700000 space 1024K, 100% used [0x00000000c2700000, 0x00000000c2800000)
AC   0  E CS TS     0 PTAMS 0x00000000c2800000 NTAMS 0x00000000c2800000 space 1024K, 100% used [0x00000000c2800000, 0x00000000c2900000)
AC   0  E CS TS     0 PTAMS 0x00000000c2900000 NTAMS 0x00000000c2900000 space 1024K, 100% used [0x00000000c2900000, 0x00000000c2a00000)
AC   0  E CS TS     0 PTAMS 0x00000000c2a00000 NTAMS 0x00000000c2a00000 space 1024K, 100% used [0x00000000c2a00000, 0x00000000c2b00000)
AC   0  E CS TS     0 PTAMS 0x00000000c2b00000 NTAMS 0x00000000c2b00000 space 1024K, 100% used [0x00000000c2b00000, 0x00000000c2c00000)
AC   0  E CS TS     0 PTAMS 0x00000000c2c00000 NTAMS 0x00000000c2c00000 space 1024K, 100% used [0x00000000c2c00000, 0x00000000c2d00000)
AC   0  E CS TS     0 PTAMS 0x00000000c2d00000 NTAMS 0x00000000c2d00000 space 1024K, 100% used [0x00000000c2d00000, 0x00000000c2e00000)
AC   0  E CS TS     0 PTAMS 0x00000000c2e00000 NTAMS 0x00000000c2e00000 space 1024K, 100% used [0x00000000c2e00000, 0x00000000c2f00000)
AC   0  E CS TS     0 PTAMS 0x00000000c2f00000 NTAMS 0x00000000c2f00000 space 1024K, 100% used [0x00000000c2f00000, 0x00000000c3000000)
AC   0  E CS TS     0 PTAMS 0x00000000c3000000 NTAMS 0x00000000c3000000 space 1024K, 100% used [0x00000000c3000000, 0x00000000c3100000)
AC   0  E CS TS     0 PTAMS 0x00000000c3100000 NTAMS 0x00000000c3100000 space 1024K, 100% used [0x00000000c3100000, 0x00000000c3200000)
AC   0  E CS TS     0 PTAMS 0x00000000c3200000 NTAMS 0x00000000c3200000 space 1024K, 100% used [0x00000000c3200000, 0x00000000c3300000)
AC   0  E CS TS     0 PTAMS 0x00000000c3300000 NTAMS 0x00000000c3300000 space 1024K, 100% used [0x00000000c3300000, 0x00000000c3400000)
AC   0  E CS TS     0 PTAMS 0x00000000c3400000 NTAMS 0x00000000c3400000 space 1024K, 100% used [0x00000000c3400000, 0x00000000c3500000)
AC   0  E CS TS     0 PTAMS 0x00000000c3500000 NTAMS 0x00000000c3500000 space 1024K, 100% used [0x00000000c3500000, 0x00000000c3600000)
AC   0  E CS TS     0 PTAMS 0x00000000c3600000 NTAMS 0x00000000c3600000 space 1024K, 100% used [0x00000000c3600000, 0x00000000c3700000)
AC   0  E CS TS     0 PTAMS 0x00000000c3700000 NTAMS 0x00000000c3700000 space 1024K, 100% used [0x00000000c3700000, 0x00000000c3800000)
AC   0  E CS TS     0 PTAMS 0x00000000c3800000 NTAMS 0x00000000c3800000 space 1024K, 100% used [0x00000000c3800000, 0x00000000c3900000)
AC   0  E CS TS     0 PTAMS 0x00000000c3900000 NTAMS 0x00000000c3900000 space 1024K, 100% used [0x00000000c3900000, 0x00000000c3a00000)
AC   0  E CS TS     0 PTAMS 0x00000000c3a00000 NTAMS 0x00000000c3a00000 space 1024K, 100% used [0x00000000c3a00000, 0x00000000c3b00000)
AC   0  E CS TS     0 PTAMS 0x00000000c3b00000 NTAMS 0x00000000c3b00000 space 1024K, 100% used [0x00000000c3b00000, 0x00000000c3c00000)
AC   0  E CS TS     3 PTAMS 0x00000000c3c00000 NTAMS 0x00000000c3c00000 space 1024K, 100% used [0x00000000c3c00000, 0x00000000c3d00000)
AC   0  E CS TS     0 PTAMS 0x00000000c3d00000 NTAMS 0x00000000c3d00000 space 1024K, 100% used [0x00000000c3d00000, 0x00000000c3e00000)

Card table byte_map: [0x0000000013b40000,0x0000000013d40000] byte_map_base: 0x0000000013540000

Marking Bits (Prev, Next): (CMBitMap*) 0x000000000357a780, (CMBitMap*) 0x000000000357a728
 Prev Bits: [0x0000000014f40000, 0x0000000015f40000)
 Next Bits: [0x0000000013f40000, 0x0000000014f40000)

Polling page: 0x0000000001860000

CodeCache: size=245760Kb used=8960Kb max_used=9449Kb free=236799Kb
 bounds [0x0000000003640000, 0x0000000003f90000, 0x0000000012640000]
 total_blobs=3269 nmethods=2773 adapters=407
 compilation: enabled

Compilation events (10 events):
Event: 16.079 Thread 0x000000001939f000 3100       3       sun.misc.ProxyGenerator$ConstantPool::getFieldRef (33 bytes)
Event: 16.080 Thread 0x000000001939f000 nmethod 3100 0x00000000037db850 code [0x00000000037dbae0, 0x00000000037dc868]
Event: 16.081 Thread 0x000000001939f000 3101       3       sun.misc.ProxyGenerator::access$1000 (7 bytes)
Event: 16.081 Thread 0x000000001939f000 nmethod 3101 0x00000000037c9e90 code [0x00000000037ca000, 0x00000000037ca168]
Event: 16.081 Thread 0x000000001939f000 3102       3       sun.misc.ProxyGenerator::code_ipush (90 bytes)
Event: 16.082 Thread 0x000000001939f000 nmethod 3102 0x0000000003889010 code [0x0000000003889260, 0x000000000388a288]
Event: 16.085 Thread 0x000000001939f000 3104       3       java.lang.invoke.LambdaForm::parameterType (9 bytes)
Event: 16.085 Thread 0x000000001939f000 nmethod 3104 0x0000000003952190 code [0x0000000003952300, 0x00000000039524a8]
Event: 16.086 Thread 0x000000001939f000 3105       3       java.lang.invoke.MemberName::getInvocationType (56 bytes)
Event: 16.087 Thread 0x000000001939f000 nmethod 3105 0x00000000038821d0 code [0x00000000038823c0, 0x0000000003883028]

GC Heap History (10 events):
Event: 12.853 GC heap before
{Heap before GC invocations=2 (full 0):
 garbage-first heap   total 63488K, used 40959K [0x00000000c0000000, 0x00000000c01001f0, 0x0000000100000000)
  region size 1024K, 37 young (37888K), 1 survivors (1024K)
 Metaspace       used 16625K, capacity 17468K, committed 17536K, reserved 1064960K
  class space    used 1644K, capacity 1906K, committed 1920K, reserved 1048576K
Event: 12.871 GC heap after
Heap after GC invocations=3 (full 0):
 garbage-first heap   total 63488K, used 16264K [0x00000000c0000000, 0x00000000c01001f0, 0x0000000100000000)
  region size 1024K, 5 young (5120K), 5 survivors (5120K)
 Metaspace       used 16625K, capacity 17468K, committed 17536K, reserved 1064960K
  class space    used 1644K, capacity 1906K, committed 1920K, reserved 1048576K
}
Event: 13.682 GC heap before
{Heap before GC invocations=3 (full 0):
 garbage-first heap   total 63488K, used 40840K [0x00000000c0000000, 0x00000000c01001f0, 0x0000000100000000)
  region size 1024K, 30 young (30720K), 5 survivors (5120K)
 Metaspace       used 20245K, capacity 21182K, committed 21296K, reserved 1069056K
  class space    used 2086K, capacity 2384K, committed 2432K, reserved 1048576K
Event: 13.697 GC heap after
Heap after GC invocations=4 (full 0):
 garbage-first heap   total 63488K, used 21504K [0x00000000c0000000, 0x00000000c01001f0, 0x0000000100000000)
  region size 1024K, 5 young (5120K), 5 survivors (5120K)
 Metaspace       used 20245K, capacity 21182K, committed 21296K, reserved 1069056K
  class space    used 2086K, capacity 2384K, committed 2432K, reserved 1048576K
}
Event: 14.411 GC heap before
{Heap before GC invocations=5 (full 0):
 garbage-first heap   total 63488K, used 45056K [0x00000000c0000000, 0x00000000c01001f0, 0x0000000100000000)
  region size 1024K, 33 young (33792K), 5 survivors (5120K)
 Metaspace       used 23430K, capacity 24398K, committed 24576K, reserved 1071104K
  class space    used 2495K, capacity 2812K, committed 2816K, reserved 1048576K
Event: 14.420 GC heap after
Heap after GC invocations=6 (full 0):
 garbage-first heap   total 63488K, used 17920K [0x00000000c0000000, 0x00000000c01001f0, 0x0000000100000000)
  region size 1024K, 5 young (5120K), 5 survivors (5120K)
 Metaspace       used 23430K, capacity 24398K, committed 24576K, reserved 1071104K
  class space    used 2495K, capacity 2812K, committed 2816K, reserved 1048576K
}
Event: 14.440 GC heap before
{Heap before GC invocations=6 (full 0):
 garbage-first heap   total 63488K, used 18944K [0x00000000c0000000, 0x00000000c01001f0, 0x0000000100000000)
  region size 1024K, 6 young (6144K), 5 survivors (5120K)
 Metaspace       used 23560K, capacity 24558K, committed 24704K, reserved 1071104K
  class space    used 2512K, capacity 2844K, committed 2944K, reserved 1048576K
Event: 14.446 GC heap after
Heap after GC invocations=7 (full 0):
 garbage-first heap   total 63488K, used 15201K [0x00000000c0000000, 0x00000000c01001f0, 0x0000000100000000)
  region size 1024K, 1 young (1024K), 1 survivors (1024K)
 Metaspace       used 23560K, capacity 24558K, committed 24704K, reserved 1071104K
  class space    used 2512K, capacity 2844K, committed 2944K, reserved 1048576K
}
Event: 15.239 GC heap before
{Heap before GC invocations=7 (full 0):
 garbage-first heap   total 63488K, used 51041K [0x00000000c0000000, 0x00000000c01001f0, 0x0000000100000000)
  region size 1024K, 36 young (36864K), 1 survivors (1024K)
 Metaspace       used 26237K, capacity 27522K, committed 27648K, reserved 1073152K
  class space    used 2845K, capacity 3306K, committed 3328K, reserved 1048576K
Event: 15.248 GC heap after
Heap after GC invocations=8 (full 0):
 garbage-first heap   total 63488K, used 20992K [0x00000000c0000000, 0x00000000c01001f0, 0x0000000100000000)
  region size 1024K, 5 young (5120K), 5 survivors (5120K)
 Metaspace       used 26237K, capacity 27522K, committed 27648K, reserved 1073152K
  class space    used 2845K, capacity 3306K, committed 3328K, reserved 1048576K
}

Deoptimization events (10 events):
Event: 14.611 Thread 0x000000001a61e000 Uncommon trap: reason=unstable_if action=reinterpret pc=0x0000000003b93aa4 method=java.util.Properties.loadConvert([CII[C)Ljava/lang/String; @ 431
Event: 14.621 Thread 0x000000001a61e000 Uncommon trap: reason=unstable_if action=reinterpret pc=0x0000000003b97b7c method=org.eclipse.core.runtime.Path.segment(I)Ljava/lang/String; @ 6
Event: 14.660 Thread 0x000000001a61e000 Uncommon trap: reason=bimorphic action=maybe_recompile pc=0x0000000003af1cc8 method=java.io.BufferedInputStream.read1([BII)I @ 39
Event: 15.493 Thread 0x000000001a424000 Uncommon trap: reason=unstable_if action=reinterpret pc=0x0000000003e62c18 method=java.lang.reflect.Modifier.isSynthetic(I)Z @ 5
Event: 15.493 Thread 0x000000001a424000 Uncommon trap: reason=unstable_if action=reinterpret pc=0x0000000003e949f0 method=java.lang.reflect.Modifier.isSynthetic(I)Z @ 5
Event: 15.712 Thread 0x000000001a424000 Uncommon trap: reason=speculate_class_check action=maybe_recompile pc=0x0000000003dcf170 method=java.nio.charset.CharsetDecoder.reset()Ljava/nio/charset/CharsetDecoder; @ 1
Event: 15.871 Thread 0x000000001a543000 Uncommon trap: reason=unstable_if action=reinterpret pc=0x00000000037f8528 method=java.util.HashMap.hash(Ljava/lang/Object;)I @ 1
Event: 15.887 Thread 0x000000001a424000 Uncommon trap: reason=bimorphic action=maybe_recompile pc=0x0000000003af1cc8 method=java.io.BufferedInputStream.read1([BII)I @ 39
Event: 15.888 Thread 0x000000001a424000 Uncommon trap: reason=bimorphic action=maybe_recompile pc=0x0000000003af1cc8 method=java.io.BufferedInputStream.read1([BII)I @ 39
Event: 16.019 Thread 0x000000001a424000 Uncommon trap: reason=unstable_if action=reinterpret pc=0x0000000003828d54 method=java.nio.charset.CoderResult.isOverflow()Z @ 5

Classes redefined (0 events):
No events

Internal exceptions (10 events):
Event: 13.493 Thread 0x000000001a424000 Exception <a 'java/lang/ArrayIndexOutOfBoundsException': 24> (0x00000000c2c49800) thrown at [C:\re\workspace\8-2-build-windows-amd64-cygwin\jdk8u171\10807\hotspot\src\share\vm\interpreter\interpreterRuntime.cpp, line 366]
Event: 13.493 Thread 0x000000001a424000 Exception <a 'java/lang/ArrayIndexOutOfBoundsException': 86> (0x00000000c2c4b130) thrown at [C:\re\workspace\8-2-build-windows-amd64-cygwin\jdk8u171\10807\hotspot\src\share\vm\interpreter\interpreterRuntime.cpp, line 366]
Event: 13.494 Thread 0x000000001a424000 Exception <a 'java/lang/ArrayIndexOutOfBoundsException': 100> (0x00000000c2c4ca50) thrown at [C:\re\workspace\8-2-build-windows-amd64-cygwin\jdk8u171\10807\hotspot\src\share\vm\interpreter\interpreterRuntime.cpp, line 366]
Event: 14.745 Thread 0x000000001a61e000 Exception <a 'java/io/FileNotFoundException'> (0x00000000c3377be8) thrown at [C:\re\workspace\8-2-build-windows-amd64-cygwin\jdk8u171\10807\hotspot\src\share\vm\prims\jni.cpp, line 709]
Event: 14.747 Thread 0x000000001a61e000 Exception <a 'java/io/FileNotFoundException'> (0x00000000c3379f88) thrown at [C:\re\workspace\8-2-build-windows-amd64-cygwin\jdk8u171\10807\hotspot\src\share\vm\prims\jni.cpp, line 709]
Event: 15.466 Thread 0x000000001a424000 Exception <a 'java/lang/NoClassDefFoundError': com/google/inject/servlet/ServletModuleTargetVisitor> (0x00000000c37f3c98) thrown at [C:\re\workspace\8-2-build-windows-amd64-cygwin\jdk8u171\10807\hotspot\src\share\vm\classfile\systemDictionary.cpp, line 19
Event: 15.467 Thread 0x000000001a424000 Exception <a 'java/lang/NoClassDefFoundError': javax/annotation/Priority> (0x00000000c37fa370) thrown at [C:\re\workspace\8-2-build-windows-amd64-cygwin\jdk8u171\10807\hotspot\src\share\vm\classfile\systemDictionary.cpp, line 199]
Event: 15.871 Thread 0x000000001a543000 Implicit null exception at 0x00000000037f84af to 0x00000000037f8519
Event: 15.905 Thread 0x000000001a543000 Exception <a 'java/io/FileNotFoundException'> (0x00000000c2b40c00) thrown at [C:\re\workspace\8-2-build-windows-amd64-cygwin\jdk8u171\10807\hotspot\src\share\vm\prims\jni.cpp, line 709]
Event: 15.906 Thread 0x000000001a543000 Exception <a 'java/io/FileNotFoundException'> (0x00000000c2b42390) thrown at [C:\re\workspace\8-2-build-windows-amd64-cygwin\jdk8u171\10807\hotspot\src\share\vm\prims\jni.cpp, line 709]

Events (10 events):
Event: 16.088 Thread 0x000000001939f000 flushing nmethod 0x0000000003a94d90
Event: 16.088 loading class java/util/stream/Nodes$EmptyNode
Event: 16.088 loading class java/util/stream/Node
Event: 16.088 loading class java/util/stream/Node done
Event: 16.088 loading class java/util/stream/Nodes$EmptyNode done
Event: 16.088 loading class java/util/stream/Nodes$EmptyNode$OfRef done
Event: 16.088 loading class java/util/stream/Nodes$EmptyNode$OfInt
Event: 16.088 loading class java/util/stream/Node$OfInt
Event: 16.088 loading class java/util/stream/Node$OfPrimitive
Event: 16.088 loading class java/util/stream/Node$OfPrimitive done


Dynamic libraries:
0x00007ff636ee0000 - 0x00007ff636f17000 	C:\Program Files\Java\jdk1.8.0_171\bin\java.exe
0x00007ff933b60000 - 0x00007ff933d4d000 	C:\WINDOWS\SYSTEM32\ntdll.dll
0x00007ff932220000 - 0x00007ff9322d3000 	C:\WINDOWS\System32\KERNEL32.DLL
0x00007ff930100000 - 0x00007ff930393000 	C:\WINDOWS\System32\KERNELBASE.dll
0x00007ff930d90000 - 0x00007ff930e33000 	C:\WINDOWS\System32\ADVAPI32.dll
0x00007ff9319d0000 - 0x00007ff931a6e000 	C:\WINDOWS\System32\msvcrt.dll
0x00007ff931f10000 - 0x00007ff931fae000 	C:\WINDOWS\System32\sechost.dll
0x00007ff931fc0000 - 0x00007ff9320e2000 	C:\WINDOWS\System32\RPCRT4.dll
0x00007ff931d70000 - 0x00007ff931f07000 	C:\WINDOWS\System32\USER32.dll
0x00007ff92fc50000 - 0x00007ff92fc70000 	C:\WINDOWS\System32\win32u.dll
0x00007ff9322f0000 - 0x00007ff932319000 	C:\WINDOWS\System32\GDI32.dll
0x00007ff9303a0000 - 0x00007ff93053a000 	C:\WINDOWS\System32\gdi32full.dll
0x00007ff92fe80000 - 0x00007ff92ff20000 	C:\WINDOWS\System32\msvcp_win.dll
0x00007ff930540000 - 0x00007ff93063a000 	C:\WINDOWS\System32\ucrtbase.dll
0x00007ff924040000 - 0x00007ff9242b9000 	C:\WINDOWS\WinSxS\amd64_microsoft.windows.common-controls_6595b64144ccf1df_6.0.17763.379_none_05b83be8071c94a1\COMCTL32.dll
0x00007ff931620000 - 0x00007ff93194d000 	C:\WINDOWS\System32\combase.dll
0x00007ff92fcf0000 - 0x00007ff92fd6e000 	C:\WINDOWS\System32\bcryptPrimitives.dll
0x00007ff931060000 - 0x00007ff93108e000 	C:\WINDOWS\System32\IMM32.DLL
0x000000005a180000 - 0x000000005a252000 	C:\Program Files\Java\jdk1.8.0_171\jre\bin\msvcr100.dll
0x00000000587b0000 - 0x0000000059050000 	C:\Program Files\Java\jdk1.8.0_171\jre\bin\server\jvm.dll
0x00007ff931fb0000 - 0x00007ff931fb8000 	C:\WINDOWS\System32\PSAPI.DLL
0x00007ff91ee60000 - 0x00007ff91ee6a000 	C:\WINDOWS\SYSTEM32\VERSION.dll
0x00007ff91dea0000 - 0x00007ff91dea9000 	C:\WINDOWS\SYSTEM32\WSOCK32.dll
0x00007ff92db40000 - 0x00007ff92db64000 	C:\WINDOWS\SYSTEM32\WINMM.dll
0x00007ff932340000 - 0x00007ff9323ad000 	C:\WINDOWS\System32\WS2_32.dll
0x00007ff92db10000 - 0x00007ff92db3d000 	C:\WINDOWS\SYSTEM32\winmmbase.dll
0x00007ff92fc70000 - 0x00007ff92fcba000 	C:\WINDOWS\System32\cfgmgr32.dll
0x000000005a170000 - 0x000000005a17f000 	C:\Program Files\Java\jdk1.8.0_171\jre\bin\verify.dll
0x000000005a140000 - 0x000000005a169000 	C:\Program Files\Java\jdk1.8.0_171\jre\bin\java.dll
0x000000005a120000 - 0x000000005a136000 	C:\Program Files\Java\jdk1.8.0_171\jre\bin\zip.dll
0x00007ff932640000 - 0x00007ff933b30000 	C:\WINDOWS\System32\SHELL32.dll
0x00007ff931090000 - 0x00007ff931138000 	C:\WINDOWS\System32\shcore.dll
0x00007ff930640000 - 0x00007ff930d8a000 	C:\WINDOWS\System32\windows.storage.dll
0x00007ff92fba0000 - 0x00007ff92fbc4000 	C:\WINDOWS\System32\profapi.dll
0x00007ff92fbd0000 - 0x00007ff92fc2d000 	C:\WINDOWS\System32\powrprof.dll
0x00007ff931d10000 - 0x00007ff931d62000 	C:\WINDOWS\System32\shlwapi.dll
0x00007ff92fb80000 - 0x00007ff92fb91000 	C:\WINDOWS\System32\kernel.appcore.dll
0x00007ff92fc30000 - 0x00007ff92fc47000 	C:\WINDOWS\System32\cryptsp.dll
0x00007ff92ef40000 - 0x00007ff92ef73000 	C:\WINDOWS\system32\rsaenh.dll
0x00007ff92fcc0000 - 0x00007ff92fce6000 	C:\WINDOWS\System32\bcrypt.dll
0x00007ff92fa60000 - 0x00007ff92fa88000 	C:\WINDOWS\SYSTEM32\USERENV.dll
0x00007ff92f550000 - 0x00007ff92f55c000 	C:\WINDOWS\SYSTEM32\CRYPTBASE.dll
0x000000005a100000 - 0x000000005a11a000 	C:\Program Files\Java\jdk1.8.0_171\jre\bin\net.dll
0x00007ff92f380000 - 0x00007ff92f3e7000 	C:\WINDOWS\system32\mswsock.dll
0x00007ff92f0e0000 - 0x00007ff92f11d000 	C:\WINDOWS\SYSTEM32\IPHLPAPI.DLL
0x00007ff9322e0000 - 0x00007ff9322e8000 	C:\WINDOWS\System32\NSI.dll
0x00007ff923940000 - 0x00007ff923956000 	C:\WINDOWS\SYSTEM32\dhcpcsvc6.DLL
0x00007ff923cf0000 - 0x00007ff923d0c000 	C:\WINDOWS\SYSTEM32\dhcpcsvc.DLL
0x00007ff92f120000 - 0x00007ff92f1e6000 	C:\WINDOWS\SYSTEM32\DNSAPI.dll
0x000000005a0e0000 - 0x000000005a0f1000 	C:\Program Files\Java\jdk1.8.0_171\jre\bin\nio.dll
0x00007ff91c2f0000 - 0x00007ff91c319000 	C:\Users\XNOTE\.vscode\extensions\redhat.java-0.40.0\server\config_win\org.eclipse.equinox.launcher\org.eclipse.equinox.launcher.win32.win32.x86_64_1.1.1000.v20190125-2016\eclipse_1801.dll

VM Arguments:
jvm_args: -Declipse.application=org.eclipse.jdt.ls.core.id1 -Dosgi.bundles.defaultStartLevel=4 -Declipse.product=org.eclipse.jdt.ls.core.product -Dfile.encoding=utf8 -Xverify:none -Xmx1G -XX:+UseG1GC -XX:+UseStringDeduplication 
java_command: C:\Users\XNOTE\.vscode\extensions\redhat.java-0.40.0\server\plugins\org.eclipse.equinox.launcher_1.5.200.v20180922-1751.jar -configuration C:\Users\XNOTE\.vscode\extensions\redhat.java-0.40.0\server\config_win -data c:\Users\XNOTE\AppData\Roaming\Code\User\workspaceStorage\0bdfaac4224be0d618bdcf963b857abf\redhat.java\jdt_ws
java_class_path (initial): C:\Users\XNOTE\.vscode\extensions\redhat.java-0.40.0\server\plugins\org.eclipse.equinox.launcher_1.5.200.v20180922-1751.jar
Launcher Type: SUN_STANDARD

Environment Variables:
PATH=C:\Program Files (x86)\Common Files\Oracle\Java\javapath;C:\ProgramData\Oracle\Java\javapath;C:\python27;C:\WINDOWS\system32;C:\WINDOWS;C:\WINDOWS\System32\Wbem;C:\WINDOWS\System32\WindowsPowerShell\v1.0\;C:\Program Files (x86)\Windows Live\Shared;C:\WINDOWS\System32\OpenSSH\;C:\Program Files\PuTTY\;C:\Program Files\Microsoft VS Code\bin;C:\Program Files\Git\cmd;C:\Program Files\Java\jdk1.8.0_171\bin;%USERPROFILE%\AppData\Local\Microsoft\WindowsApps;
USERNAME=¹Î¿ì
OS=Windows_NT
PROCESSOR_IDENTIFIER=Intel64 Family 6 Model 58 Stepping 9, GenuineIntel



---------------  S Y S T E M  ---------------

OS: Windows 10.0 , 64 bit Build 17763 (10.0.17763.379)

CPU:total 4 (initial active 4) (2 cores per cpu, 2 threads per core) family 6 model 58 stepping 9, cmov, cx8, fxsr, mmx, sse, sse2, sse3, ssse3, sse4.1, sse4.2, popcnt, avx, clmul, erms, ht, tsc, tscinvbit, tscinv

Memory: 4k page, physical 4024712k(1119688k free), swap 5445000k(4120k free)

vm_info: Java HotSpot(TM) 64-Bit Server VM (25.171-b11) for windows-amd64 JRE (1.8.0_171-b11), built on Mar 28 2018 16:06:12 by "java_re" with MS VC++ 10.0 (VS2010)

time: Thu Apr 25 15:40:10 2019
elapsed time: 16 seconds (0d 0h 0m 16s)

