#
# There is insufficient memory for the Java Runtime Environment to continue.
# Native memory allocation (malloc) failed to allocate 1598096 bytes for Chunk::new
# Possible reasons:
#   The system is out of physical RAM or swap space
#   In 32 bit mode, the process size limit was hit
# Possible solutions:
#   Reduce memory load on the system
#   Increase physical memory or swap space
#   Check if swap backing store is full
#   Use 64 bit Java on a 64 bit OS
#   Decrease Java heap size (-Xmx/-Xms)
#   Decrease number of Java threads
#   Decrease Java thread stack sizes (-Xss)
#   Set larger code cache with -XX:ReservedCodeCacheSize=
# This output file may be truncated or incomplete.
#
#  Out of Memory Error (allocation.cpp:390), pid=15304, tid=0x0000000000004fd4
#
# JRE version: Java(TM) SE Runtime Environment (8.0_171-b11) (build 1.8.0_171-b11)
# Java VM: Java HotSpot(TM) 64-Bit Server VM (25.171-b11 mixed mode windows-amd64 compressed oops)
# Failed to write core dump. Minidumps are not enabled by default on client versions of Windows
#

---------------  T H R E A D  ---------------

Current thread (0x000000001922f000):  JavaThread "C2 CompilerThread0" daemon [_thread_in_native, id=20436, stack(0x0000000019a00000,0x0000000019b00000)]

Stack: [0x0000000019a00000,0x0000000019b00000]
[error occurred during error reporting (printing stack bounds), id 0xc0000005]

Native frames: (J=compiled Java code, j=interpreted, Vv=VM code, C=native code)


Current CompileTask:
C2:1625530 8788       4       org.eclipse.jdt.internal.compiler.lookup.LookupEnvironment::getTypeFromTypeSignature (770 bytes)


---------------  P R O C E S S  ---------------

Java Threads: ( => current thread )
  0x000000001c5d5800 JavaThread "pool-4-thread-1" [_thread_blocked, id=20252, stack(0x00000000254d0000,0x00000000255d0000)]
  0x000000001c5d5000 JavaThread "ForkJoinPool.commonPool-worker-3" daemon [_thread_blocked, id=18444, stack(0x00000000253d0000,0x00000000254d0000)]
  0x000000001c5d4000 JavaThread "Worker-8" [_thread_blocked, id=20056, stack(0x0000000024fd0000,0x00000000250d0000)]
  0x000000001c5d3800 JavaThread "Worker-7" [_thread_blocked, id=14320, stack(0x0000000024ed0000,0x0000000024fd0000)]
  0x000000001c5d7000 JavaThread "pool-3-thread-1" [_thread_blocked, id=16108, stack(0x0000000024dd0000,0x0000000024ed0000)]
  0x000000001c5d2800 JavaThread "pool-2-thread-1" [_thread_blocked, id=8800, stack(0x0000000024cd0000,0x0000000024dd0000)]
  0x000000001c5d2000 JavaThread "Worker-6" [_thread_blocked, id=8852, stack(0x00000000249d0000,0x0000000024ad0000)]
  0x000000001c5d1000 JavaThread "ForkJoinPool.commonPool-worker-1" daemon [_thread_blocked, id=6428, stack(0x00000000248d0000,0x00000000249d0000)]
  0x000000001c5d6800 JavaThread "ForkJoinPool.commonPool-worker-0" daemon [_thread_blocked, id=18460, stack(0x00000000247d0000,0x00000000248d0000)]
  0x000000001c5d8000 JavaThread "Worker-5" [_thread_blocked, id=16896, stack(0x0000000023330000,0x0000000023430000)]
  0x000000001e76a800 JavaThread "pool-1-thread-1" [_thread_in_native, id=15840, stack(0x000000001fd90000,0x000000001fe90000)]
  0x000000001ced5000 JavaThread "Worker-3" [_thread_blocked, id=19852, stack(0x000000001fa90000,0x000000001fb90000)]
  0x000000001b6ce000 JavaThread "Bundle File Closer" daemon [_thread_blocked, id=18160, stack(0x000000001dbd0000,0x000000001dcd0000)]
  0x000000001af00000 JavaThread "Java indexing" daemon [_thread_blocked, id=11884, stack(0x000000001d9d0000,0x000000001dad0000)]
  0x000000001aba7800 JavaThread "Worker-JM" [_thread_blocked, id=18276, stack(0x000000001be90000,0x000000001bf90000)]
  0x000000001a77c800 JavaThread "Start Level: Equinox Container: a7771860-d9c9-41bd-9da4-3ba098ea0109" daemon [_thread_blocked, id=1516, stack(0x000000001b8d0000,0x000000001b9d0000)]
  0x000000001a77b800 JavaThread "Framework Event Dispatcher: Equinox Container: a7771860-d9c9-41bd-9da4-3ba098ea0109" daemon [_thread_blocked, id=19380, stack(0x000000001b7d0000,0x000000001b8d0000)]
  0x000000001a2ee800 JavaThread "Active Thread: Equinox Container: a7771860-d9c9-41bd-9da4-3ba098ea0109" [_thread_blocked, id=20112, stack(0x000000001b6d0000,0x000000001b7d0000)]
  0x0000000019292000 JavaThread "Service Thread" daemon [_thread_blocked, id=17512, stack(0x0000000019d00000,0x0000000019e00000)]
  0x0000000019233000 JavaThread "C1 CompilerThread2" daemon [_thread_blocked, id=10196, stack(0x0000000019c00000,0x0000000019d00000)]
  0x0000000019230000 JavaThread "C2 CompilerThread1" daemon [_thread_blocked, id=10728, stack(0x0000000019b00000,0x0000000019c00000)]
=>0x000000001922f000 JavaThread "C2 CompilerThread0" daemon [_thread_in_native, id=20436, stack(0x0000000019a00000,0x0000000019b00000)]
  0x000000001922d000 JavaThread "Attach Listener" daemon [_thread_blocked, id=19800, stack(0x0000000019900000,0x0000000019a00000)]
  0x0000000019216800 JavaThread "Signal Dispatcher" daemon [_thread_blocked, id=8616, stack(0x0000000019800000,0x0000000019900000)]
  0x0000000019215800 JavaThread "Surrogate Locker Thread (Concurrent GC)" daemon [_thread_blocked, id=20212, stack(0x0000000019700000,0x0000000019800000)]
  0x0000000019187800 JavaThread "Finalizer" daemon [_thread_blocked, id=19476, stack(0x0000000019600000,0x0000000019700000)]
  0x0000000019186000 JavaThread "Reference Handler" daemon [_thread_blocked, id=14392, stack(0x0000000019500000,0x0000000019600000)]
  0x00000000032de000 JavaThread "main" [_thread_blocked, id=5012, stack(0x00000000032e0000,0x00000000033e0000)]

Other Threads:
  0x0000000019182800 VMThread [stack: 0x0000000018f20000,0x0000000019020000] [id=8568]
  0x00000000192a0800 WatcherThread [stack: 0x0000000019e00000,0x0000000019f00000] [id=5168]

VM state:not at safepoint (normal execution)

VM Mutex/Monitor currently owned by a thread: None

Heap:
 garbage-first heap   total 63488K, used 46036K [0x00000000c0000000, 0x00000000c01001f0, 0x0000000100000000)
  region size 1024K, 13 young (13312K), 2 survivors (2048K)
 Metaspace       used 53242K, capacity 56231K, committed 56528K, reserved 1099776K
  class space    used 5418K, capacity 6304K, committed 6352K, reserved 1048576K

Heap Regions: (Y=young(eden), SU=young(survivor), HS=humongous(starts), HC=humongous(continues), CS=collection set, F=free, TS=gc time stamp, PTAMS=previous top-at-mark-start, NTAMS=next top-at-mark-start)
AC   0  O    TS     0 PTAMS 0x00000000c0100000 NTAMS 0x00000000c0100000 space 1024K, 100% used [0x00000000c0000000, 0x00000000c0100000)
AC   0  O    TS     0 PTAMS 0x00000000c0200000 NTAMS 0x00000000c0200000 space 1024K, 100% used [0x00000000c0100000, 0x00000000c0200000)
AC   0  O    TS     0 PTAMS 0x00000000c0300000 NTAMS 0x00000000c0300000 space 1024K, 100% used [0x00000000c0200000, 0x00000000c0300000)
AC   0  O    TS     0 PTAMS 0x00000000c0400000 NTAMS 0x00000000c0400000 space 1024K, 100% used [0x00000000c0300000, 0x00000000c0400000)
AC   0  O    TS     0 PTAMS 0x00000000c0500000 NTAMS 0x00000000c0500000 space 1024K, 100% used [0x00000000c0400000, 0x00000000c0500000)
AC   0 HS    TS     0 PTAMS 0x00000000c0580010 NTAMS 0x00000000c0580010 space 1024K,  50% used [0x00000000c0500000, 0x00000000c0600000)
AC   0  O    TS     0 PTAMS 0x00000000c0700000 NTAMS 0x00000000c0700000 space 1024K, 100% used [0x00000000c0600000, 0x00000000c0700000)
AC   0  O    TS     0 PTAMS 0x00000000c0800000 NTAMS 0x00000000c0800000 space 1024K, 100% used [0x00000000c0700000, 0x00000000c0800000)
AC   0  O    TS     0 PTAMS 0x00000000c0900000 NTAMS 0x00000000c0900000 space 1024K, 100% used [0x00000000c0800000, 0x00000000c0900000)
AC   0  O    TS     0 PTAMS 0x00000000c0a00000 NTAMS 0x00000000c0a00000 space 1024K, 100% used [0x00000000c0900000, 0x00000000c0a00000)
AC   0  O    TS     0 PTAMS 0x00000000c0b00000 NTAMS 0x00000000c0b00000 space 1024K, 100% used [0x00000000c0a00000, 0x00000000c0b00000)
AC   0  O    TS     0 PTAMS 0x00000000c0c00000 NTAMS 0x00000000c0c00000 space 1024K, 100% used [0x00000000c0b00000, 0x00000000c0c00000)
AC   0  O    TS     0 PTAMS 0x00000000c0d00000 NTAMS 0x00000000c0d00000 space 1024K, 100% used [0x00000000c0c00000, 0x00000000c0d00000)
AC   0  O    TS     0 PTAMS 0x00000000c0e00000 NTAMS 0x00000000c0e00000 space 1024K, 100% used [0x00000000c0d00000, 0x00000000c0e00000)
AC   0  O    TS     0 PTAMS 0x00000000c0f00000 NTAMS 0x00000000c0f00000 space 1024K, 100% used [0x00000000c0e00000, 0x00000000c0f00000)
AC   0  O    TS     0 PTAMS 0x00000000c1000000 NTAMS 0x00000000c1000000 space 1024K, 100% used [0x00000000c0f00000, 0x00000000c1000000)
AC   0  O    TS     0 PTAMS 0x00000000c1100000 NTAMS 0x00000000c1100000 space 1024K, 100% used [0x00000000c1000000, 0x00000000c1100000)
AC   0 HS    TS     0 PTAMS 0x00000000c1100000 NTAMS 0x00000000c1100000 space 1024K,  56% used [0x00000000c1100000, 0x00000000c1200000)
AC   0  O    TS     0 PTAMS 0x00000000c1300000 NTAMS 0x00000000c1300000 space 1024K, 100% used [0x00000000c1200000, 0x00000000c1300000)
AC   0  O    TS     0 PTAMS 0x00000000c1400000 NTAMS 0x00000000c1400000 space 1024K, 100% used [0x00000000c1300000, 0x00000000c1400000)
AC   0 HS    TS     0 PTAMS 0x00000000c1400000 NTAMS 0x00000000c1400000 space 1024K,  53% used [0x00000000c1400000, 0x00000000c1500000)
AC   0  O    TS     0 PTAMS 0x00000000c1600000 NTAMS 0x00000000c1600000 space 1024K, 100% used [0x00000000c1500000, 0x00000000c1600000)
AC   0  O    TS     0 PTAMS 0x00000000c1700000 NTAMS 0x00000000c1700000 space 1024K, 100% used [0x00000000c1600000, 0x00000000c1700000)
AC   0  O    TS     0 PTAMS 0x00000000c1800000 NTAMS 0x00000000c1800000 space 1024K, 100% used [0x00000000c1700000, 0x00000000c1800000)
AC   0  O    TS     0 PTAMS 0x00000000c1900000 NTAMS 0x00000000c1900000 space 1024K, 100% used [0x00000000c1800000, 0x00000000c1900000)
AC   0  O    TS     0 PTAMS 0x00000000c1a00000 NTAMS 0x00000000c1a00000 space 1024K, 100% used [0x00000000c1900000, 0x00000000c1a00000)
AC   0 HS    TS     0 PTAMS 0x00000000c1a00000 NTAMS 0x00000000c1a00000 space 1024K,  80% used [0x00000000c1a00000, 0x00000000c1b00000)
AC   0  O    TS     0 PTAMS 0x00000000c1c00000 NTAMS 0x00000000c1c00000 space 1024K, 100% used [0x00000000c1b00000, 0x00000000c1c00000)
AC   0  O    TS     0 PTAMS 0x00000000c1d00000 NTAMS 0x00000000c1d00000 space 1024K, 100% used [0x00000000c1c00000, 0x00000000c1d00000)
AC   0  O    TS     0 PTAMS 0x00000000c1e00000 NTAMS 0x00000000c1e00000 space 1024K, 100% used [0x00000000c1d00000, 0x00000000c1e00000)
AC   0  O    TS     0 PTAMS 0x00000000c1f00000 NTAMS 0x00000000c1f00000 space 1024K, 100% used [0x00000000c1e00000, 0x00000000c1f00000)
AC   0  O    TS     0 PTAMS 0x00000000c2000000 NTAMS 0x00000000c2000000 space 1024K, 100% used [0x00000000c1f00000, 0x00000000c2000000)
AC   0  O    TS     0 PTAMS 0x00000000c2100000 NTAMS 0x00000000c2100000 space 1024K, 100% used [0x00000000c2000000, 0x00000000c2100000)
AC   0  O    TS     0 PTAMS 0x00000000c2200000 NTAMS 0x00000000c2200000 space 1024K, 100% used [0x00000000c2100000, 0x00000000c2200000)
AC   0  O    TS     0 PTAMS 0x00000000c22f9200 NTAMS 0x00000000c22f9200 space 1024K,  97% used [0x00000000c2200000, 0x00000000c2300000)
AC   0  F    TS     0 PTAMS 0x00000000c2300000 NTAMS 0x00000000c2300000 space 1024K,   0% used [0x00000000c2300000, 0x00000000c2400000)
AC   0  F    TS     0 PTAMS 0x00000000c2400000 NTAMS 0x00000000c2400000 space 1024K,   0% used [0x00000000c2400000, 0x00000000c2500000)
AC   0  F    TS     0 PTAMS 0x00000000c2500000 NTAMS 0x00000000c2500000 space 1024K,   0% used [0x00000000c2500000, 0x00000000c2600000)
AC   0  F    TS     0 PTAMS 0x00000000c2600000 NTAMS 0x00000000c2600000 space 1024K,   0% used [0x00000000c2600000, 0x00000000c2700000)
AC   0  F    TS     0 PTAMS 0x00000000c2700000 NTAMS 0x00000000c2700000 space 1024K,   0% used [0x00000000c2700000, 0x00000000c2800000)
AC   0  F    TS     0 PTAMS 0x00000000c2800000 NTAMS 0x00000000c2800000 space 1024K,   0% used [0x00000000c2800000, 0x00000000c2900000)
AC   0  F    TS     0 PTAMS 0x00000000c2900000 NTAMS 0x00000000c2900000 space 1024K,   0% used [0x00000000c2900000, 0x00000000c2a00000)
AC   0  F    TS     0 PTAMS 0x00000000c2a00000 NTAMS 0x00000000c2a00000 space 1024K,   0% used [0x00000000c2a00000, 0x00000000c2b00000)
AC   0  F    TS     0 PTAMS 0x00000000c2b00000 NTAMS 0x00000000c2b00000 space 1024K,   0% used [0x00000000c2b00000, 0x00000000c2c00000)
AC   0  F    TS     0 PTAMS 0x00000000c2c00000 NTAMS 0x00000000c2c00000 space 1024K,   0% used [0x00000000c2c00000, 0x00000000c2d00000)
AC   0  F    TS     0 PTAMS 0x00000000c2d00000 NTAMS 0x00000000c2d00000 space 1024K,   0% used [0x00000000c2d00000, 0x00000000c2e00000)
AC   0  F    TS     0 PTAMS 0x00000000c2e00000 NTAMS 0x00000000c2e00000 space 1024K,   0% used [0x00000000c2e00000, 0x00000000c2f00000)
AC   0  F    TS     0 PTAMS 0x00000000c2f00000 NTAMS 0x00000000c2f00000 space 1024K,   0% used [0x00000000c2f00000, 0x00000000c3000000)
AC   0  F    TS     0 PTAMS 0x00000000c3000000 NTAMS 0x00000000c3000000 space 1024K,   0% used [0x00000000c3000000, 0x00000000c3100000)
AC   0  S CS TS     0 PTAMS 0x00000000c3100000 NTAMS 0x00000000c3100000 space 1024K,  58% used [0x00000000c3100000, 0x00000000c3200000)
AC   0  S CS TS     0 PTAMS 0x00000000c3200000 NTAMS 0x00000000c3200000 space 1024K, 100% used [0x00000000c3200000, 0x00000000c3300000)
AC   0  E    TS     0 PTAMS 0x00000000c3300000 NTAMS 0x00000000c3300000 space 1024K,  19% used [0x00000000c3300000, 0x00000000c3400000)
AC   0  E CS TS     0 PTAMS 0x00000000c3400000 NTAMS 0x00000000c3400000 space 1024K, 100% used [0x00000000c3400000, 0x00000000c3500000)
AC   0  E CS TS     0 PTAMS 0x00000000c3500000 NTAMS 0x00000000c3500000 space 1024K, 100% used [0x00000000c3500000, 0x00000000c3600000)
AC   0  E CS TS     0 PTAMS 0x00000000c3600000 NTAMS 0x00000000c3600000 space 1024K, 100% used [0x00000000c3600000, 0x00000000c3700000)
AC   0  E CS TS     0 PTAMS 0x00000000c3700000 NTAMS 0x00000000c3700000 space 1024K, 100% used [0x00000000c3700000, 0x00000000c3800000)
AC   0  E CS TS     0 PTAMS 0x00000000c3800000 NTAMS 0x00000000c3800000 space 1024K, 100% used [0x00000000c3800000, 0x00000000c3900000)
AC   0  E CS TS     0 PTAMS 0x00000000c3900000 NTAMS 0x00000000c3900000 space 1024K, 100% used [0x00000000c3900000, 0x00000000c3a00000)
AC   0  E CS TS     0 PTAMS 0x00000000c3a00000 NTAMS 0x00000000c3a00000 space 1024K, 100% used [0x00000000c3a00000, 0x00000000c3b00000)
AC   0  E CS TS     0 PTAMS 0x00000000c3b00000 NTAMS 0x00000000c3b00000 space 1024K, 100% used [0x00000000c3b00000, 0x00000000c3c00000)
AC   0  E CS TS     0 PTAMS 0x00000000c3c00000 NTAMS 0x00000000c3c00000 space 1024K, 100% used [0x00000000c3c00000, 0x00000000c3d00000)
AC   0  E CS TS     0 PTAMS 0x00000000c3d00000 NTAMS 0x00000000c3d00000 space 1024K, 100% used [0x00000000c3d00000, 0x00000000c3e00000)

Card table byte_map: [0x00000000139e0000,0x0000000013be0000] byte_map_base: 0x00000000133e0000

Marking Bits (Prev, Next): (CMBitMap*) 0x0000000003419310, (CMBitMap*) 0x00000000034192b8
 Prev Bits: [0x0000000014de0000, 0x0000000015de0000)
 Next Bits: [0x0000000013de0000, 0x0000000014de0000)

Polling page: 0x0000000001020000

CodeCache: size=245760Kb used=28211Kb max_used=28227Kb free=217548Kb
 bounds [0x00000000034e0000, 0x00000000050b0000, 0x00000000124e0000]
 total_blobs=7904 nmethods=7305 adapters=508
 compilation: enabled

Compilation events (10 events):
Event: 1625.326 Thread 0x0000000019233000 nmethod 8822 0x0000000004163750 code [0x0000000004163900, 0x0000000004163dc8]
Event: 1625.326 Thread 0x0000000019233000 8819       3       org.jsoup.parser.HtmlTreeBuilder::process (15 bytes)
Event: 1625.327 Thread 0x0000000019233000 nmethod 8819 0x0000000004163290 code [0x0000000004163400, 0x0000000004163688]
Event: 1625.327 Thread 0x0000000019233000 8828       1       org.jsoup.parser.Tag::isBlock (5 bytes)
Event: 1625.327 Thread 0x0000000019233000 nmethod 8828 0x00000000041af550 code [0x00000000041af6a0, 0x00000000041af7b0]
Event: 1625.327 Thread 0x0000000019233000 8826       1       org.jsoup.nodes.Node::parentNode (5 bytes)
Event: 1625.327 Thread 0x0000000019233000 nmethod 8826 0x0000000004cd11d0 code [0x0000000004cd1320, 0x0000000004cd1430]
Event: 1625.439 Thread 0x0000000019230000 nmethod 8799 0x00000000050a3bd0 code [0x00000000050a3e60, 0x00000000050a7a78]
Event: 1625.439 Thread 0x0000000019230000 8814       4       org.eclipse.jdt.ls.core.internal.javadoc.html.SubstitutionTextReader::nextChar (143 bytes)
Event: 1625.447 Thread 0x0000000019230000 nmethod 8814 0x0000000004a2ab10 code [0x0000000004a2ac80, 0x0000000004a2b1a8]

GC Heap History (10 events):
Event: 1624.355 GC heap before
{Heap before GC invocations=81 (full 0):
 garbage-first heap   total 63488K, used 34721K [0x00000000c0000000, 0x00000000c01001f0, 0x0000000100000000)
  region size 1024K, 4 young (4096K), 3 survivors (3072K)
 Metaspace       used 52839K, capacity 55815K, committed 56016K, reserved 1099776K
  class space    used 5385K, capacity 6272K, committed 6352K, reserved 1048576K
Event: 1624.366 GC heap after
Heap after GC invocations=82 (full 0):
 garbage-first heap   total 63488K, used 32683K [0x00000000c0000000, 0x00000000c01001f0, 0x0000000100000000)
  region size 1024K, 1 young (1024K), 1 survivors (1024K)
 Metaspace       used 52839K, capacity 55815K, committed 56016K, reserved 1099776K
  class space    used 5385K, capacity 6272K, committed 6352K, reserved 1048576K
}
Event: 1624.560 GC heap before
{Heap before GC invocations=82 (full 0):
 garbage-first heap   total 63488K, used 44971K [0x00000000c0000000, 0x00000000c01001f0, 0x0000000100000000)
  region size 1024K, 14 young (14336K), 1 survivors (1024K)
 Metaspace       used 52850K, capacity 55815K, committed 56016K, reserved 1099776K
  class space    used 5389K, capacity 6272K, committed 6352K, reserved 1048576K
Event: 1624.570 GC heap after
Heap after GC invocations=83 (full 0):
 garbage-first heap   total 63488K, used 33452K [0x00000000c0000000, 0x00000000c01001f0, 0x0000000100000000)
  region size 1024K, 2 young (2048K), 2 survivors (2048K)
 Metaspace       used 52850K, capacity 55815K, committed 56016K, reserved 1099776K
  class space    used 5389K, capacity 6272K, committed 6352K, reserved 1048576K
}
Event: 1624.739 GC heap before
{Heap before GC invocations=84 (full 0):
 garbage-first heap   total 63488K, used 54849K [0x00000000c0000000, 0x00000000c01001f0, 0x0000000100000000)
  region size 1024K, 21 young (21504K), 2 survivors (2048K)
 Metaspace       used 52850K, capacity 55815K, committed 56016K, reserved 1099776K
  class space    used 5389K, capacity 6272K, committed 6352K, reserved 1048576K
Event: 1624.745 GC heap after
Heap after GC invocations=85 (full 0):
 garbage-first heap   total 63488K, used 35209K [0x00000000c0000000, 0x00000000c01001f0, 0x0000000100000000)
  region size 1024K, 3 young (3072K), 3 survivors (3072K)
 Metaspace       used 52850K, capacity 55815K, committed 56016K, reserved 1099776K
  class space    used 5389K, capacity 6272K, committed 6352K, reserved 1048576K
}
Event: 1624.755 GC heap before
{Heap before GC invocations=85 (full 0):
 garbage-first heap   total 63488K, used 36233K [0x00000000c0000000, 0x00000000c01001f0, 0x0000000100000000)
  region size 1024K, 4 young (4096K), 3 survivors (3072K)
 Metaspace       used 52850K, capacity 55815K, committed 56016K, reserved 1099776K
  class space    used 5389K, capacity 6272K, committed 6352K, reserved 1048576K
Event: 1624.768 GC heap after
Heap after GC invocations=86 (full 0):
 garbage-first heap   total 63488K, used 33002K [0x00000000c0000000, 0x00000000c01001f0, 0x0000000100000000)
  region size 1024K, 1 young (1024K), 1 survivors (1024K)
 Metaspace       used 52850K, capacity 55815K, committed 56016K, reserved 1099776K
  class space    used 5389K, capacity 6272K, committed 6352K, reserved 1048576K
}
Event: 1624.875 GC heap before
{Heap before GC invocations=86 (full 0):
 garbage-first heap   total 63488K, used 42218K [0x00000000c0000000, 0x00000000c01001f0, 0x0000000100000000)
  region size 1024K, 11 young (11264K), 1 survivors (1024K)
 Metaspace       used 52865K, capacity 55815K, committed 56016K, reserved 1099776K
  class space    used 5390K, capacity 6272K, committed 6352K, reserved 1048576K
Event: 1624.890 GC heap after
Heap after GC invocations=87 (full 0):
 garbage-first heap   total 63488K, used 33853K [0x00000000c0000000, 0x00000000c01001f0, 0x0000000100000000)
  region size 1024K, 2 young (2048K), 2 survivors (2048K)
 Metaspace       used 52865K, capacity 55815K, committed 56016K, reserved 1099776K
  class space    used 5390K, capacity 6272K, committed 6352K, reserved 1048576K
}

Deoptimization events (10 events):
Event: 1623.542 Thread 0x000000001c5d6800 Uncommon trap: reason=unstable_if action=reinterpret pc=0x0000000004f9bc64 method=org.eclipse.jdt.internal.compiler.parser.Parser.parse()V @ 523
Event: 1623.936 Thread 0x000000001c5d6800 Uncommon trap: reason=array_check action=maybe_recompile pc=0x0000000004ffee94 method=java.util.TimSort.binarySort([Ljava/lang/Object;IIILjava/util/Comparator;)V @ 183
Event: 1624.223 Thread 0x000000001c5d1000 Uncommon trap: reason=array_check action=maybe_recompile pc=0x0000000004ffee94 method=java.util.TimSort.binarySort([Ljava/lang/Object;IIILjava/util/Comparator;)V @ 183
Event: 1624.865 Thread 0x000000001c5d1000 Uncommon trap: reason=class_check action=maybe_recompile pc=0x0000000004facc88 method=org.eclipse.jdt.internal.compiler.parser.Parser.consumeRule(I)V @ 4630
Event: 1624.865 Thread 0x000000001c5d1000 Uncommon trap: reason=bimorphic action=maybe_recompile pc=0x0000000004facea0 method=org.eclipse.jdt.internal.compiler.parser.Parser.consumeRule(I)V @ 4819
Event: 1625.112 Thread 0x000000001c5d5800 Uncommon trap: reason=unstable_if action=reinterpret pc=0x0000000004bb4510 method=org.eclipse.jdt.internal.compiler.parser.Scanner.scanIdentifierOrKeyword()I @ 98
Event: 1625.114 Thread 0x000000001c5d5800 Uncommon trap: reason=unstable_if action=reinterpret pc=0x0000000004899828 method=org.eclipse.jdt.internal.compiler.parser.Scanner.scanIdentifierOrKeyword()I @ 98
Event: 1625.178 Thread 0x000000001c5d5800 Uncommon trap: reason=unstable_if action=reinterpret pc=0x00000000048969e8 method=org.eclipse.jdt.internal.core.JavaElement.hashCode()I @ 4
Event: 1625.200 Thread 0x000000001c5d5800 Uncommon trap: reason=class_check action=maybe_recompile pc=0x0000000004fad5d0 method=org.eclipse.jdt.internal.compiler.parser.Parser.consumeRule(I)V @ 5568
Event: 1625.249 Thread 0x000000001c5d5800 Uncommon trap: reason=unstable_if action=reinterpret pc=0x0000000004ebc6a0 method=java.util.regex.Matcher.appendReplacement(Ljava/lang/StringBuffer;Ljava/lang/String;)Ljava/util/regex/Matcher; @ 412

Classes redefined (0 events):
No events

Internal exceptions (10 events):
Event: 1625.122 Thread 0x000000001c5d5000 Exception <a 'java/lang/ArrayIndexOutOfBoundsException': 211> (0x00000000c39e3ec8) thrown at [C:\re\workspace\8-2-build-windows-amd64-cygwin\jdk8u171\10807\hotspot\src\share\vm\interpreter\interpreterRuntime.cpp, line 366]
Event: 1625.201 Thread 0x000000001c5d5800 Exception <a 'java/lang/ArrayIndexOutOfBoundsException'> (0x00000000c350e860) thrown at [C:\re\workspace\8-2-build-windows-amd64-cygwin\jdk8u171\10807\hotspot\src\share\vm\runtime\sharedRuntime.cpp, line 605]
Event: 1625.218 Thread 0x000000001c5d5800 Exception <a 'java/lang/ArrayIndexOutOfBoundsException'> (0x00000000c35dcae0) thrown at [C:\re\workspace\8-2-build-windows-amd64-cygwin\jdk8u171\10807\hotspot\src\share\vm\runtime\sharedRuntime.cpp, line 605]
Event: 1625.235 Thread 0x000000001c5d5800 Exception <a 'java/lang/ArrayIndexOutOfBoundsException'> (0x00000000c348fd00) thrown at [C:\re\workspace\8-2-build-windows-amd64-cygwin\jdk8u171\10807\hotspot\src\share\vm\runtime\sharedRuntime.cpp, line 605]
Event: 1625.241 Thread 0x000000001c5d5800 Exception <a 'java/lang/ClassNotFoundException': sun/net/www/protocol/jdt/Handler> (0x00000000c34bde00) thrown at [C:\re\workspace\8-2-build-windows-amd64-cygwin\jdk8u171\10807\hotspot\src\share\vm\classfile\systemDictionary.cpp, line 210]
Event: 1625.241 Thread 0x000000001c5d5800 Exception <a 'java/lang/ClassNotFoundException': sun/net/www/protocol/jdt/Handler> (0x00000000c34c0790) thrown at [C:\re\workspace\8-2-build-windows-amd64-cygwin\jdk8u171\10807\hotspot\src\share\vm\classfile\systemDictionary.cpp, line 210]
Event: 1625.242 Thread 0x000000001c5d5800 Exception <a 'java/lang/ClassNotFoundException': sun/net/www/protocol/jdt/Handler> (0x00000000c34c3670) thrown at [C:\re\workspace\8-2-build-windows-amd64-cygwin\jdk8u171\10807\hotspot\src\share\vm\classfile\systemDictionary.cpp, line 210]
Event: 1625.242 Thread 0x000000001c5d5800 Exception <a 'java/lang/ClassNotFoundException': sun/net/www/protocol/jdt/Handler> (0x00000000c34c7a90) thrown at [C:\re\workspace\8-2-build-windows-amd64-cygwin\jdk8u171\10807\hotspot\src\share\vm\classfile\systemDictionary.cpp, line 210]
Event: 1625.243 Thread 0x000000001c5d5800 Exception <a 'java/lang/ClassNotFoundException': sun/net/www/protocol/jdt/Handler> (0x00000000c34ca728) thrown at [C:\re\workspace\8-2-build-windows-amd64-cygwin\jdk8u171\10807\hotspot\src\share\vm\classfile\systemDictionary.cpp, line 210]
Event: 1625.243 Thread 0x000000001c5d5800 Exception <a 'java/lang/ClassNotFoundException': sun/net/www/protocol/jdt/Handler> (0x00000000c34cd440) thrown at [C:\re\workspace\8-2-build-windows-amd64-cygwin\jdk8u171\10807\hotspot\src\share\vm\classfile\systemDictionary.cpp, line 210]

Events (10 events):
Event: 1625.243 loading class sun/net/www/protocol/jdt/Handler done
Event: 1625.243 loading class sun/net/www/protocol/jdt/Handler
Event: 1625.243 loading class sun/net/www/protocol/jdt/Handler done
Event: 1625.243 loading class sun/net/www/protocol/jdt/Handler
Event: 1625.243 loading class sun/net/www/protocol/jdt/Handler done
Event: 1625.243 loading class sun/net/www/protocol/jdt/Handler
Event: 1625.243 loading class sun/net/www/protocol/jdt/Handler done
Event: 1625.249 Thread 0x000000001c5d5800 Uncommon trap: trap_request=0xffffff65 fr.pc=0x0000000004ebc6a0
Event: 1625.249 Thread 0x000000001c5d5800 DEOPT PACKING pc=0x0000000004ebc6a0 sp=0x00000000255ce550
Event: 1625.249 Thread 0x000000001c5d5800 DEOPT UNPACKING pc=0x000000000352583b sp=0x00000000255ce530 mode 2


Dynamic libraries:
0x00007ff7e7b70000 - 0x00007ff7e7ba7000 	C:\Program Files\Java\jdk1.8.0_171\bin\java.exe
0x00007ffa50c60000 - 0x00007ffa50e4d000 	C:\WINDOWS\SYSTEM32\ntdll.dll
0x00007ffa4f500000 - 0x00007ffa4f5b3000 	C:\WINDOWS\System32\KERNEL32.DLL
0x00007ffa4daa0000 - 0x00007ffa4dd33000 	C:\WINDOWS\System32\KERNELBASE.dll
0x00007ffa501b0000 - 0x00007ffa50253000 	C:\WINDOWS\System32\ADVAPI32.dll
0x00007ffa4f400000 - 0x00007ffa4f49e000 	C:\WINDOWS\System32\msvcrt.dll
0x00007ffa4ffe0000 - 0x00007ffa5007e000 	C:\WINDOWS\System32\sechost.dll
0x00007ffa50260000 - 0x00007ffa50382000 	C:\WINDOWS\System32\RPCRT4.dll
0x00007ffa50920000 - 0x00007ffa50ab7000 	C:\WINDOWS\System32\USER32.dll
0x00007ffa4d180000 - 0x00007ffa4d1a0000 	C:\WINDOWS\System32\win32u.dll
0x00007ffa4f860000 - 0x00007ffa4f889000 	C:\WINDOWS\System32\GDI32.dll
0x00007ffa4ce00000 - 0x00007ffa4cf9a000 	C:\WINDOWS\System32\gdi32full.dll
0x00007ffa4dd40000 - 0x00007ffa4dde0000 	C:\WINDOWS\System32\msvcp_win.dll
0x00007ffa4d1a0000 - 0x00007ffa4d29a000 	C:\WINDOWS\System32\ucrtbase.dll
0x00007ffa42e00000 - 0x00007ffa43079000 	C:\WINDOWS\WinSxS\amd64_microsoft.windows.common-controls_6595b64144ccf1df_6.0.17763.503_none_05b23ef40721f4ae\COMCTL32.dll
0x00007ffa50440000 - 0x00007ffa5076c000 	C:\WINDOWS\System32\combase.dll
0x00007ffa4cd30000 - 0x00007ffa4cdae000 	C:\WINDOWS\System32\bcryptPrimitives.dll
0x00007ffa4ff90000 - 0x00007ffa4ffbe000 	C:\WINDOWS\System32\IMM32.DLL
0x0000000071910000 - 0x00000000719e2000 	C:\Program Files\Java\jdk1.8.0_171\jre\bin\msvcr100.dll
0x000000006f8c0000 - 0x0000000070160000 	C:\Program Files\Java\jdk1.8.0_171\jre\bin\server\jvm.dll
0x00007ffa4f890000 - 0x00007ffa4f898000 	C:\WINDOWS\System32\PSAPI.DLL
0x00007ffa430b0000 - 0x00007ffa430d4000 	C:\WINDOWS\SYSTEM32\WINMM.dll
0x00007ffa3b810000 - 0x00007ffa3b819000 	C:\WINDOWS\SYSTEM32\WSOCK32.dll
0x00007ffa4f8a0000 - 0x00007ffa4f90d000 	C:\WINDOWS\System32\WS2_32.dll
0x00007ffa43080000 - 0x00007ffa430ad000 	C:\WINDOWS\SYSTEM32\WINMMBASE.dll
0x00007ffa3be50000 - 0x00007ffa3be5a000 	C:\WINDOWS\SYSTEM32\VERSION.dll
0x00007ffa4d9f0000 - 0x00007ffa4da3a000 	C:\WINDOWS\System32\cfgmgr32.dll
0x0000000071900000 - 0x000000007190f000 	C:\Program Files\Java\jdk1.8.0_171\jre\bin\verify.dll
0x00000000718d0000 - 0x00000000718f9000 	C:\Program Files\Java\jdk1.8.0_171\jre\bin\java.dll
0x00000000718b0000 - 0x00000000718c6000 	C:\Program Files\Java\jdk1.8.0_171\jre\bin\zip.dll
0x00007ffa4df10000 - 0x00007ffa4f400000 	C:\WINDOWS\System32\SHELL32.dll
0x00007ffa4f990000 - 0x00007ffa4fa38000 	C:\WINDOWS\System32\shcore.dll
0x00007ffa4d2a0000 - 0x00007ffa4d9ea000 	C:\WINDOWS\System32\windows.storage.dll
0x00007ffa4cd00000 - 0x00007ffa4cd24000 	C:\WINDOWS\System32\profapi.dll
0x00007ffa4cc60000 - 0x00007ffa4ccbd000 	C:\WINDOWS\System32\powrprof.dll
0x00007ffa4fec0000 - 0x00007ffa4ff12000 	C:\WINDOWS\System32\shlwapi.dll
0x00007ffa4ccc0000 - 0x00007ffa4ccd1000 	C:\WINDOWS\System32\kernel.appcore.dll
0x00007ffa4cde0000 - 0x00007ffa4cdf7000 	C:\WINDOWS\System32\cryptsp.dll
0x00007ffa4c040000 - 0x00007ffa4c073000 	C:\WINDOWS\system32\rsaenh.dll
0x00007ffa4cdb0000 - 0x00007ffa4cdd6000 	C:\WINDOWS\System32\bcrypt.dll
0x00007ffa4cb90000 - 0x00007ffa4cbb8000 	C:\WINDOWS\SYSTEM32\USERENV.dll
0x00007ffa4c650000 - 0x00007ffa4c65c000 	C:\WINDOWS\SYSTEM32\CRYPTBASE.dll
0x0000000071890000 - 0x00000000718aa000 	C:\Program Files\Java\jdk1.8.0_171\jre\bin\net.dll
0x00007ffa4c480000 - 0x00007ffa4c4e7000 	C:\WINDOWS\system32\mswsock.dll
0x00007ffa4c1e0000 - 0x00007ffa4c21d000 	C:\WINDOWS\SYSTEM32\IPHLPAPI.DLL
0x00007ffa50c20000 - 0x00007ffa50c28000 	C:\WINDOWS\System32\NSI.dll
0x00007ffa43b40000 - 0x00007ffa43b56000 	C:\WINDOWS\SYSTEM32\dhcpcsvc6.DLL
0x00007ffa444e0000 - 0x00007ffa444fc000 	C:\WINDOWS\SYSTEM32\dhcpcsvc.DLL
0x00007ffa4c220000 - 0x00007ffa4c2e6000 	C:\WINDOWS\SYSTEM32\DNSAPI.dll
0x0000000071870000 - 0x0000000071881000 	C:\Program Files\Java\jdk1.8.0_171\jre\bin\nio.dll
0x00007ffa36330000 - 0x00007ffa36359000 	C:\Users\XNOTE\.vscode\extensions\redhat.java-0.45.0\server\config_win\org.eclipse.equinox.launcher\org.eclipse.equinox.launcher.win32.win32.x86_64_1.1.1000.v20190125-2016\eclipse_1801.dll
0x00007ffa41f60000 - 0x00007ffa41f71000 	C:\Users\XNOTE\.vscode\extensions\redhat.java-0.45.0\server\config_win\org.eclipse.osgi\20\0\.cp\jWinHttp-1.0.0.dll
0x00007ffa50ac0000 - 0x00007ffa50c15000 	C:\WINDOWS\System32\ole32.dll
0x00007ffa44910000 - 0x00007ffa44a01000 	C:\WINDOWS\SYSTEM32\WINHTTP.dll
0x00007ffa452c0000 - 0x00007ffa452d6000 	C:\WINDOWS\system32\napinsp.dll
0x00007ffa452a0000 - 0x00007ffa452ba000 	C:\WINDOWS\system32\pnrpnsp.dll
0x00007ffa45290000 - 0x00007ffa4529e000 	C:\WINDOWS\System32\winrnr.dll
0x00007ffa45180000 - 0x00007ffa4519b000 	C:\WINDOWS\system32\NLAapi.dll
0x00007ffa46230000 - 0x00007ffa46245000 	C:\WINDOWS\system32\wshbth.dll
0x00007ffa3cf30000 - 0x00007ffa3cf3a000 	C:\Windows\System32\rasadhlp.dll
0x00007ffa40070000 - 0x00007ffa400e9000 	C:\WINDOWS\System32\fwpuclnt.dll

VM Arguments:
jvm_args: -Declipse.application=org.eclipse.jdt.ls.core.id1 -Dosgi.bundles.defaultStartLevel=4 -Declipse.product=org.eclipse.jdt.ls.core.product -Dfile.encoding=utf8 -DwatchParentProcess=false -Xverify:none -Xmx1G -XX:+UseG1GC -XX:+UseStringDeduplication 
java_command: C:\Users\XNOTE\.vscode\extensions\redhat.java-0.45.0\server\plugins\org.eclipse.equinox.launcher_1.5.400.v20190514-1658.jar -configuration C:\Users\XNOTE\.vscode\extensions\redhat.java-0.45.0\server\config_win -data c:\Users\XNOTE\AppData\Roaming\Code\User\workspaceStorage\93e8932c494c5971e4fa6186b51a1aec\redhat.java\jdt_ws
java_class_path (initial): C:\Users\XNOTE\.vscode\extensions\redhat.java-0.45.0\server\plugins\org.eclipse.equinox.launcher_1.5.400.v20190514-1658.jar
Launcher Type: SUN_STANDARD

Environment Variables:
PATH=C:\Program Files (x86)\Common Files\Oracle\Java\javapath;C:\ProgramData\Oracle\Java\javapath;C:\python27;C:\WINDOWS\system32;C:\WINDOWS;C:\WINDOWS\System32\Wbem;C:\WINDOWS\System32\WindowsPowerShell\v1.0\;C:\Program Files (x86)\Windows Live\Shared;C:\WINDOWS\System32\OpenSSH\;C:\Program Files\PuTTY\;C:\Program Files\Microsoft VS Code\bin;C:\Program Files\Git\cmd;C:\Program Files\Java\jdk1.8.0_171\bin;%USERPROFILE%\AppData\Local\Microsoft\WindowsApps;
USERNAME=¹Î¿ì
OS=Windows_NT
PROCESSOR_IDENTIFIER=Intel64 Family 6 Model 58 Stepping 9, GenuineIntel



---------------  S Y S T E M  ---------------

OS: Windows 10.0 , 64 bit Build 17763 (10.0.17763.475)

CPU:total 4 (initial active 4) (2 cores per cpu, 2 threads per core) family 6 model 58 stepping 9, cmov, cx8, fxsr, mmx, sse, sse2, sse3, ssse3, sse4.1, sse4.2, popcnt, avx, clmul, erms, ht, tsc, tscinvbit, tscinv

Memory: 4k page, physical 4024712k(444724k free), swap 5445000k(476k free)

vm_info: Java HotSpot(TM) 64-Bit Server VM (25.171-b11) for windows-amd64 JRE (1.8.0_171-b11), built on Mar 28 2018 16:06:12 by "java_re" with MS VC++ 10.0 (VS2010)

time: Thu May 30 19:58:20 2019
elapsed time: 1625 seconds (0d 0h 27m 5s)

