#
# There is insufficient memory for the Java Runtime Environment to continue.
# Native memory allocation (mmap) failed to map 130023424 bytes for Failed to commit area from 0x00000000c7c00000 to 0x00000000cf800000 of length 130023424.
# Possible reasons:
#   The system is out of physical RAM or swap space
#   In 32 bit mode, the process size limit was hit
# Possible solutions:
#   Reduce memory load on the system
#   Increase physical memory or swap space
#   Check if swap backing store is full
#   Use 64 bit Java on a 64 bit OS
#   Decrease Java heap size (-Xmx/-Xms)
#   Decrease number of Java threads
#   Decrease Java thread stack sizes (-Xss)
#   Set larger code cache with -XX:ReservedCodeCacheSize=
# This output file may be truncated or incomplete.
#
#  Out of Memory Error (os_windows.cpp:3331), pid=15440, tid=0x0000000000000778
#
# JRE version: Java(TM) SE Runtime Environment (8.0_171-b11) (build 1.8.0_171-b11)
# Java VM: Java HotSpot(TM) 64-Bit Server VM (25.171-b11 mixed mode windows-amd64 compressed oops)
# Failed to write core dump. Minidumps are not enabled by default on client versions of Windows
#

---------------  T H R E A D  ---------------

Current thread (0x00000000185a3000):  VMThread [stack: 0x0000000018340000,0x0000000018440000] [id=1912]

Stack: [0x0000000018340000,0x0000000018440000]
[error occurred during error reporting (printing stack bounds), id 0xc0000005]

Native frames: (J=compiled Java code, j=interpreted, Vv=VM code, C=native code)

VM_Operation (0x000000002344e2e0): G1IncCollectionPause, mode: safepoint, requested by thread 0x0000000019434800


---------------  P R O C E S S  ---------------

Java Threads: ( => current thread )
  0x000000001c50b000 JavaThread "pool-4-thread-1" [_thread_blocked, id=9508, stack(0x0000000024d30000,0x0000000024e30000)]
  0x000000001c506800 JavaThread "ForkJoinPool.commonPool-worker-1" daemon [_thread_blocked, id=5404, stack(0x0000000023a50000,0x0000000023b50000)]
  0x000000001c50a800 JavaThread "Worker-6" [_thread_blocked, id=1608, stack(0x0000000023850000,0x0000000023950000)]
  0x0000000019437800 JavaThread "Worker-5" [_thread_blocked, id=17424, stack(0x0000000023550000,0x0000000023650000)]
  0x0000000019434800 JavaThread "ForkJoinPool.commonPool-worker-0" daemon [_thread_blocked, id=12176, stack(0x0000000023350000,0x0000000023450000)]
  0x0000000019438000 JavaThread "ForkJoinPool.commonPool-worker-3" daemon [_thread_blocked, id=13220, stack(0x0000000023250000,0x0000000023350000)]
  0x0000000019436800 JavaThread "RxCachedWorkerPoolEvictor-1" daemon [_thread_blocked, id=17800, stack(0x0000000022750000,0x0000000022850000)]
  0x0000000019435000 JavaThread "RxSchedulerPurge-1" daemon [_thread_blocked, id=15560, stack(0x0000000022650000,0x0000000022750000)]
  0x000000001943a800 JavaThread "Java Debug Server" daemon [_thread_in_native, id=6876, stack(0x0000000022450000,0x0000000022550000)]
  0x000000001a34c800 JavaThread "pool-1-thread-1" [_thread_in_native, id=11836, stack(0x000000001e880000,0x000000001e980000)]
  0x000000001a58d800 JavaThread "Bundle File Closer" daemon [_thread_blocked, id=10184, stack(0x000000001cfb0000,0x000000001d0b0000)]
  0x000000001a2ae000 JavaThread "Worker-2" [_thread_blocked, id=5780, stack(0x000000001ceb0000,0x000000001cfb0000)]
  0x000000001a2ad800 JavaThread "Java indexing" daemon [_thread_blocked, id=2412, stack(0x000000001cdb0000,0x000000001ceb0000)]
  0x000000001a3ad000 JavaThread "Worker-0" [_thread_blocked, id=15640, stack(0x000000001c630000,0x000000001c730000)]
  0x000000001a075000 JavaThread "Worker-JM" [_thread_blocked, id=14576, stack(0x000000001ae30000,0x000000001af30000)]
  0x000000001987b000 JavaThread "Start Level: Equinox Container: 70ddb396-6f4d-46e9-87da-6b623e5b7d37" daemon [_thread_blocked, id=13428, stack(0x000000001ad10000,0x000000001ae10000)]
  0x0000000019f04800 JavaThread "Framework Event Dispatcher: Equinox Container: 70ddb396-6f4d-46e9-87da-6b623e5b7d37" daemon [_thread_blocked, id=10436, stack(0x000000001ac10000,0x000000001ad10000)]
  0x0000000019a6c000 JavaThread "Active Thread: Equinox Container: 70ddb396-6f4d-46e9-87da-6b623e5b7d37" [_thread_blocked, id=15368, stack(0x000000001ab10000,0x000000001ac10000)]
  0x00000000186d4000 JavaThread "Service Thread" daemon [_thread_blocked, id=12892, stack(0x0000000019120000,0x0000000019220000)]
  0x0000000018658000 JavaThread "C1 CompilerThread2" daemon [_thread_blocked, id=3296, stack(0x0000000019020000,0x0000000019120000)]
  0x0000000018652000 JavaThread "C2 CompilerThread1" daemon [_thread_blocked, id=16500, stack(0x0000000018f20000,0x0000000019020000)]
  0x0000000018651000 JavaThread "C2 CompilerThread0" daemon [_thread_blocked, id=12364, stack(0x0000000018e20000,0x0000000018f20000)]
  0x000000001864f000 JavaThread "Attach Listener" daemon [_thread_blocked, id=12472, stack(0x0000000018d20000,0x0000000018e20000)]
  0x0000000018638000 JavaThread "Signal Dispatcher" daemon [_thread_blocked, id=18348, stack(0x0000000018c20000,0x0000000018d20000)]
  0x000000001864c000 JavaThread "Surrogate Locker Thread (Concurrent GC)" daemon [_thread_blocked, id=7040, stack(0x0000000018b20000,0x0000000018c20000)]
  0x00000000185ad800 JavaThread "Finalizer" daemon [_thread_blocked, id=12844, stack(0x0000000018a20000,0x0000000018b20000)]
  0x00000000185a6800 JavaThread "Reference Handler" daemon [_thread_blocked, id=14244, stack(0x0000000018920000,0x0000000018a20000)]
  0x000000000058e000 JavaThread "main" [_thread_blocked, id=16928, stack(0x0000000002700000,0x0000000002800000)]

Other Threads:
=>0x00000000185a3000 VMThread [stack: 0x0000000018340000,0x0000000018440000] [id=1912]
  0x00000000186eb000 WatcherThread [stack: 0x0000000019220000,0x0000000019320000] [id=14212]

VM state:at safepoint (normal execution)

VM Mutex/Monitor currently owned by a thread:  ([mutex/lock_event])
[0x00000000028004d0] Threads_lock - owner thread: 0x00000000185a3000
[0x0000000002800ad0] Heap_lock - owner thread: 0x0000000019434800

Heap:
 garbage-first heap   total 253952K, used 51684K [0x00000000c0000000, 0x00000000c01007c0, 0x0000000100000000)
  region size 1024K, 5 young (5120K), 5 survivors (5120K)
 Metaspace       used 58360K, capacity 61464K, committed 61824K, reserved 1103872K
  class space    used 5835K, capacity 6755K, committed 6784K, reserved 1048576K

Heap Regions: (Y=young(eden), SU=young(survivor), HS=humongous(starts), HC=humongous(continues), CS=collection set, F=free, TS=gc time stamp, PTAMS=previous top-at-mark-start, NTAMS=next top-at-mark-start)
AC   0  O    TS     0 PTAMS 0x00000000c0100000 NTAMS 0x00000000c0100000 space 1024K, 100% used [0x00000000c0000000, 0x00000000c0100000)
AC   0  O    TS     0 PTAMS 0x00000000c0200000 NTAMS 0x00000000c0200000 space 1024K, 100% used [0x00000000c0100000, 0x00000000c0200000)
AC   0  O    TS     0 PTAMS 0x00000000c0300000 NTAMS 0x00000000c0300000 space 1024K, 100% used [0x00000000c0200000, 0x00000000c0300000)
AC   0  O    TS     0 PTAMS 0x00000000c0400000 NTAMS 0x00000000c0400000 space 1024K, 100% used [0x00000000c0300000, 0x00000000c0400000)
AC   0  O    TS     0 PTAMS 0x00000000c0500000 NTAMS 0x00000000c0500000 space 1024K, 100% used [0x00000000c0400000, 0x00000000c0500000)
AC   0  O    TS     0 PTAMS 0x00000000c0600000 NTAMS 0x00000000c0600000 space 1024K, 100% used [0x00000000c0500000, 0x00000000c0600000)
AC   0  O    TS     0 PTAMS 0x00000000c0700000 NTAMS 0x00000000c0700000 space 1024K, 100% used [0x00000000c0600000, 0x00000000c0700000)
AC   0  O    TS     0 PTAMS 0x00000000c0800000 NTAMS 0x00000000c0800000 space 1024K, 100% used [0x00000000c0700000, 0x00000000c0800000)
AC   0  O    TS     0 PTAMS 0x00000000c0900000 NTAMS 0x00000000c0900000 space 1024K, 100% used [0x00000000c0800000, 0x00000000c0900000)
AC   0  O    TS     0 PTAMS 0x00000000c0a00000 NTAMS 0x00000000c0a00000 space 1024K, 100% used [0x00000000c0900000, 0x00000000c0a00000)
AC   0  O    TS     0 PTAMS 0x00000000c0b00000 NTAMS 0x00000000c0b00000 space 1024K, 100% used [0x00000000c0a00000, 0x00000000c0b00000)
AC   0  O    TS     0 PTAMS 0x00000000c0c00000 NTAMS 0x00000000c0c00000 space 1024K, 100% used [0x00000000c0b00000, 0x00000000c0c00000)
AC   0  O    TS     0 PTAMS 0x00000000c0d00000 NTAMS 0x00000000c0d00000 space 1024K, 100% used [0x00000000c0c00000, 0x00000000c0d00000)
AC   0  O    TS     0 PTAMS 0x00000000c0e00000 NTAMS 0x00000000c0e00000 space 1024K, 100% used [0x00000000c0d00000, 0x00000000c0e00000)
AC   0  O    TS     0 PTAMS 0x00000000c0f00000 NTAMS 0x00000000c0f00000 space 1024K, 100% used [0x00000000c0e00000, 0x00000000c0f00000)
AC   0  O    TS     7 PTAMS 0x00000000c0f00000 NTAMS 0x00000000c0f00000 space 1024K, 100% used [0x00000000c0f00000, 0x00000000c1000000)
AC   0  O    TS     0 PTAMS 0x00000000c1100000 NTAMS 0x00000000c1100000 space 1024K, 100% used [0x00000000c1000000, 0x00000000c1100000)
AC   0  O    TS     0 PTAMS 0x00000000c1200000 NTAMS 0x00000000c1200000 space 1024K, 100% used [0x00000000c1100000, 0x00000000c1200000)
AC   0  O    TS     0 PTAMS 0x00000000c1300000 NTAMS 0x00000000c1300000 space 1024K, 100% used [0x00000000c1200000, 0x00000000c1300000)
AC   0  O    TS     0 PTAMS 0x00000000c1400000 NTAMS 0x00000000c1400000 space 1024K, 100% used [0x00000000c1300000, 0x00000000c1400000)
AC   0  O    TS     0 PTAMS 0x00000000c1500000 NTAMS 0x00000000c1500000 space 1024K, 100% used [0x00000000c1400000, 0x00000000c1500000)
AC   0  O    TS     0 PTAMS 0x00000000c1600000 NTAMS 0x00000000c1600000 space 1024K, 100% used [0x00000000c1500000, 0x00000000c1600000)
AC   0  O    TS     0 PTAMS 0x00000000c1700000 NTAMS 0x00000000c1700000 space 1024K, 100% used [0x00000000c1600000, 0x00000000c1700000)
AC   0  O    TS     0 PTAMS 0x00000000c1800000 NTAMS 0x00000000c1800000 space 1024K, 100% used [0x00000000c1700000, 0x00000000c1800000)
AC   0  O    TS     0 PTAMS 0x00000000c1900000 NTAMS 0x00000000c1900000 space 1024K, 100% used [0x00000000c1800000, 0x00000000c1900000)
AC   0  O    TS     0 PTAMS 0x00000000c1a00000 NTAMS 0x00000000c1a00000 space 1024K, 100% used [0x00000000c1900000, 0x00000000c1a00000)
AC   0  O    TS     0 PTAMS 0x00000000c1b00000 NTAMS 0x00000000c1b00000 space 1024K, 100% used [0x00000000c1a00000, 0x00000000c1b00000)
AC   0  O    TS     5 PTAMS 0x00000000c1b00000 NTAMS 0x00000000c1b00000 space 1024K, 100% used [0x00000000c1b00000, 0x00000000c1c00000)
AC   0  O    TS     9 PTAMS 0x00000000c1c00000 NTAMS 0x00000000c1c00000 space 1024K, 100% used [0x00000000c1c00000, 0x00000000c1d00000)
AC   0  O    TS     0 PTAMS 0x00000000c1e00000 NTAMS 0x00000000c1e00000 space 1024K, 100% used [0x00000000c1d00000, 0x00000000c1e00000)
AC   0  O    TS     0 PTAMS 0x00000000c1f00000 NTAMS 0x00000000c1f00000 space 1024K, 100% used [0x00000000c1e00000, 0x00000000c1f00000)
AC   0  O    TS     0 PTAMS 0x00000000c2000000 NTAMS 0x00000000c2000000 space 1024K, 100% used [0x00000000c1f00000, 0x00000000c2000000)
AC   0  O    TS     0 PTAMS 0x00000000c2100000 NTAMS 0x00000000c2100000 space 1024K, 100% used [0x00000000c2000000, 0x00000000c2100000)
AC   0  O    TS     0 PTAMS 0x00000000c2200000 NTAMS 0x00000000c2200000 space 1024K, 100% used [0x00000000c2100000, 0x00000000c2200000)
AC   0  O    TS     5 PTAMS 0x00000000c2200000 NTAMS 0x00000000c2200000 space 1024K, 100% used [0x00000000c2200000, 0x00000000c2300000)
AC   0 HS    TS     0 PTAMS 0x00000000c2380010 NTAMS 0x00000000c2380010 space 1024K,  50% used [0x00000000c2300000, 0x00000000c2400000)
AC   0  O    TS     5 PTAMS 0x00000000c2400000 NTAMS 0x00000000c2400000 space 1024K, 100% used [0x00000000c2400000, 0x00000000c2500000)
AC   0  O    TS     0 PTAMS 0x00000000c2600000 NTAMS 0x00000000c2600000 space 1024K, 100% used [0x00000000c2500000, 0x00000000c2600000)
AC   0  O    TS     0 PTAMS 0x00000000c2700000 NTAMS 0x00000000c2700000 space 1024K, 100% used [0x00000000c2600000, 0x00000000c2700000)
AC   0  O    TS     7 PTAMS 0x00000000c2700000 NTAMS 0x00000000c2700000 space 1024K, 100% used [0x00000000c2700000, 0x00000000c2800000)
AC   0  O    TS     7 PTAMS 0x00000000c2800000 NTAMS 0x00000000c2800000 space 1024K, 100% used [0x00000000c2800000, 0x00000000c2900000)
AC   0  O    TS    11 PTAMS 0x00000000c2900000 NTAMS 0x00000000c2900000 space 1024K,  77% used [0x00000000c2900000, 0x00000000c2a00000)
AC   0  F    TS     0 PTAMS 0x00000000c2a00000 NTAMS 0x00000000c2a00000 space 1024K,   0% used [0x00000000c2a00000, 0x00000000c2b00000)
AC   0  O    TS     0 PTAMS 0x00000000c2c00000 NTAMS 0x00000000c2c00000 space 1024K, 100% used [0x00000000c2b00000, 0x00000000c2c00000)
AC   0  F    TS     0 PTAMS 0x00000000c2c00000 NTAMS 0x00000000c2c00000 space 1024K,   0% used [0x00000000c2c00000, 0x00000000c2d00000)
AC   0  F    TS     0 PTAMS 0x00000000c2d00000 NTAMS 0x00000000c2d00000 space 1024K,   0% used [0x00000000c2d00000, 0x00000000c2e00000)
AC   0  F    TS     0 PTAMS 0x00000000c2e00000 NTAMS 0x00000000c2e00000 space 1024K,   0% used [0x00000000c2e00000, 0x00000000c2f00000)
AC   0  F    TS     0 PTAMS 0x00000000c2f00000 NTAMS 0x00000000c2f00000 space 1024K,   0% used [0x00000000c2f00000, 0x00000000c3000000)
AC   0  F    TS     0 PTAMS 0x00000000c3000000 NTAMS 0x00000000c3000000 space 1024K,   0% used [0x00000000c3000000, 0x00000000c3100000)
AC   0  O    TS     0 PTAMS 0x00000000c3100000 NTAMS 0x00000000c3100000 space 1024K, 100% used [0x00000000c3100000, 0x00000000c3200000)
AC   0  O    TS     0 PTAMS 0x00000000c3200000 NTAMS 0x00000000c3200000 space 1024K, 100% used [0x00000000c3200000, 0x00000000c3300000)
AC   0  F    TS     9 PTAMS 0x00000000c3300000 NTAMS 0x00000000c3300000 space 1024K,   0% used [0x00000000c3300000, 0x00000000c3400000)
AC   0  O    TS     3 PTAMS 0x00000000c3400000 NTAMS 0x00000000c3400000 space 1024K, 100% used [0x00000000c3400000, 0x00000000c3500000)
AC   0  O    TS     5 PTAMS 0x00000000c3500000 NTAMS 0x00000000c3500000 space 1024K, 100% used [0x00000000c3500000, 0x00000000c3600000)
AC   0  F    TS     0 PTAMS 0x00000000c3600000 NTAMS 0x00000000c3600000 space 1024K,   0% used [0x00000000c3600000, 0x00000000c3700000)
AC   0  F    TS     0 PTAMS 0x00000000c3700000 NTAMS 0x00000000c3700000 space 1024K,   0% used [0x00000000c3700000, 0x00000000c3800000)
AC   0  F    TS     0 PTAMS 0x00000000c3800000 NTAMS 0x00000000c3800000 space 1024K,   0% used [0x00000000c3800000, 0x00000000c3900000)
AC   0  F    TS     0 PTAMS 0x00000000c3900000 NTAMS 0x00000000c3900000 space 1024K,   0% used [0x00000000c3900000, 0x00000000c3a00000)
AC   0  F    TS     5 PTAMS 0x00000000c3a00000 NTAMS 0x00000000c3a00000 space 1024K,   0% used [0x00000000c3a00000, 0x00000000c3b00000)
AC   0  F    TS     7 PTAMS 0x00000000c3b00000 NTAMS 0x00000000c3b00000 space 1024K,   0% used [0x00000000c3b00000, 0x00000000c3c00000)
AC   0  F    TS     0 PTAMS 0x00000000c3c00000 NTAMS 0x00000000c3c00000 space 1024K,   0% used [0x00000000c3c00000, 0x00000000c3d00000)
AC   0  F    TS     0 PTAMS 0x00000000c3d00000 NTAMS 0x00000000c3d00000 space 1024K,   0% used [0x00000000c3d00000, 0x00000000c3e00000)
AC   0  F    TS     9 PTAMS 0x00000000c3e00000 NTAMS 0x00000000c3e00000 space 1024K,   0% used [0x00000000c3e00000, 0x00000000c3f00000)
AC   0  F    TS     9 PTAMS 0x00000000c3f00000 NTAMS 0x00000000c3f00000 space 1024K,   0% used [0x00000000c3f00000, 0x00000000c4000000)
AC   0  F    TS     9 PTAMS 0x00000000c4000000 NTAMS 0x00000000c4000000 space 1024K,   0% used [0x00000000c4000000, 0x00000000c4100000)
AC   0  F    TS     9 PTAMS 0x00000000c4100000 NTAMS 0x00000000c4100000 space 1024K,   0% used [0x00000000c4100000, 0x00000000c4200000)
AC   0  F    TS     9 PTAMS 0x00000000c4200000 NTAMS 0x00000000c4200000 space 1024K,   0% used [0x00000000c4200000, 0x00000000c4300000)
AC   0  F    TS     9 PTAMS 0x00000000c4300000 NTAMS 0x00000000c4300000 space 1024K,   0% used [0x00000000c4300000, 0x00000000c4400000)
AC   0  S CS TS    11 PTAMS 0x00000000c4400000 NTAMS 0x00000000c4400000 space 1024K,  20% used [0x00000000c4400000, 0x00000000c4500000)
AC   0  S CS TS    11 PTAMS 0x00000000c4500000 NTAMS 0x00000000c4500000 space 1024K, 100% used [0x00000000c4500000, 0x00000000c4600000)
AC   0  S CS TS    11 PTAMS 0x00000000c4600000 NTAMS 0x00000000c4600000 space 1024K, 100% used [0x00000000c4600000, 0x00000000c4700000)
AC   0  S CS TS    11 PTAMS 0x00000000c4700000 NTAMS 0x00000000c4700000 space 1024K, 100% used [0x00000000c4700000, 0x00000000c4800000)
AC   0  S CS TS    11 PTAMS 0x00000000c4800000 NTAMS 0x00000000c4800000 space 1024K, 100% used [0x00000000c4800000, 0x00000000c4900000)
AC   0  F    TS     9 PTAMS 0x00000000c4900000 NTAMS 0x00000000c4900000 space 1024K,   0% used [0x00000000c4900000, 0x00000000c4a00000)
AC   0  F    TS     9 PTAMS 0x00000000c4a00000 NTAMS 0x00000000c4a00000 space 1024K,   0% used [0x00000000c4a00000, 0x00000000c4b00000)
AC   0  F    TS     9 PTAMS 0x00000000c4b00000 NTAMS 0x00000000c4b00000 space 1024K,   0% used [0x00000000c4b00000, 0x00000000c4c00000)
AC   0  F    TS     9 PTAMS 0x00000000c4c00000 NTAMS 0x00000000c4c00000 space 1024K,   0% used [0x00000000c4c00000, 0x00000000c4d00000)
AC   0  F    TS     9 PTAMS 0x00000000c4d00000 NTAMS 0x00000000c4d00000 space 1024K,   0% used [0x00000000c4d00000, 0x00000000c4e00000)
AC   0  F    TS     9 PTAMS 0x00000000c4e00000 NTAMS 0x00000000c4e00000 space 1024K,   0% used [0x00000000c4e00000, 0x00000000c4f00000)
AC   0  F    TS     9 PTAMS 0x00000000c4f00000 NTAMS 0x00000000c4f00000 space 1024K,   0% used [0x00000000c4f00000, 0x00000000c5000000)
AC   0  F    TS     9 PTAMS 0x00000000c5000000 NTAMS 0x00000000c5000000 space 1024K,   0% used [0x00000000c5000000, 0x00000000c5100000)
AC   0  F    TS     9 PTAMS 0x00000000c5100000 NTAMS 0x00000000c5100000 space 1024K,   0% used [0x00000000c5100000, 0x00000000c5200000)
AC   0  F    TS     9 PTAMS 0x00000000c5200000 NTAMS 0x00000000c5200000 space 1024K,   0% used [0x00000000c5200000, 0x00000000c5300000)
AC   0  F    TS     9 PTAMS 0x00000000c5300000 NTAMS 0x00000000c5300000 space 1024K,   0% used [0x00000000c5300000, 0x00000000c5400000)
AC   0  F    TS     9 PTAMS 0x00000000c5400000 NTAMS 0x00000000c5400000 space 1024K,   0% used [0x00000000c5400000, 0x00000000c5500000)
AC   0  F    TS     9 PTAMS 0x00000000c5500000 NTAMS 0x00000000c5500000 space 1024K,   0% used [0x00000000c5500000, 0x00000000c5600000)
AC   0  F    TS     9 PTAMS 0x00000000c5600000 NTAMS 0x00000000c5600000 space 1024K,   0% used [0x00000000c5600000, 0x00000000c5700000)
AC   0  F    TS     9 PTAMS 0x00000000c5700000 NTAMS 0x00000000c5700000 space 1024K,   0% used [0x00000000c5700000, 0x00000000c5800000)
AC   0  F    TS     9 PTAMS 0x00000000c5800000 NTAMS 0x00000000c5800000 space 1024K,   0% used [0x00000000c5800000, 0x00000000c5900000)
AC   0  F    TS     9 PTAMS 0x00000000c5900000 NTAMS 0x00000000c5900000 space 1024K,   0% used [0x00000000c5900000, 0x00000000c5a00000)
AC   0  F    TS     9 PTAMS 0x00000000c5a00000 NTAMS 0x00000000c5a00000 space 1024K,   0% used [0x00000000c5a00000, 0x00000000c5b00000)
AC   0  F    TS     9 PTAMS 0x00000000c5b00000 NTAMS 0x00000000c5b00000 space 1024K,   0% used [0x00000000c5b00000, 0x00000000c5c00000)
AC   0  F    TS     9 PTAMS 0x00000000c5c00000 NTAMS 0x00000000c5c00000 space 1024K,   0% used [0x00000000c5c00000, 0x00000000c5d00000)
AC   0  F    TS     9 PTAMS 0x00000000c5d00000 NTAMS 0x00000000c5d00000 space 1024K,   0% used [0x00000000c5d00000, 0x00000000c5e00000)
AC   0  F    TS     9 PTAMS 0x00000000c5e00000 NTAMS 0x00000000c5e00000 space 1024K,   0% used [0x00000000c5e00000, 0x00000000c5f00000)
AC   0  F    TS     9 PTAMS 0x00000000c5f00000 NTAMS 0x00000000c5f00000 space 1024K,   0% used [0x00000000c5f00000, 0x00000000c6000000)
AC   0  F    TS     9 PTAMS 0x00000000c6000000 NTAMS 0x00000000c6000000 space 1024K,   0% used [0x00000000c6000000, 0x00000000c6100000)
AC   0  F    TS     9 PTAMS 0x00000000c6100000 NTAMS 0x00000000c6100000 space 1024K,   0% used [0x00000000c6100000, 0x00000000c6200000)
AC   0  F    TS     9 PTAMS 0x00000000c6200000 NTAMS 0x00000000c6200000 space 1024K,   0% used [0x00000000c6200000, 0x00000000c6300000)
AC   0  F    TS     9 PTAMS 0x00000000c6300000 NTAMS 0x00000000c6300000 space 1024K,   0% used [0x00000000c6300000, 0x00000000c6400000)
AC   0  F    TS     9 PTAMS 0x00000000c6400000 NTAMS 0x00000000c6400000 space 1024K,   0% used [0x00000000c6400000, 0x00000000c6500000)
AC   0  F    TS     9 PTAMS 0x00000000c6500000 NTAMS 0x00000000c6500000 space 1024K,   0% used [0x00000000c6500000, 0x00000000c6600000)
AC   0  F    TS     9 PTAMS 0x00000000c6600000 NTAMS 0x00000000c6600000 space 1024K,   0% used [0x00000000c6600000, 0x00000000c6700000)
AC   0  F    TS     9 PTAMS 0x00000000c6700000 NTAMS 0x00000000c6700000 space 1024K,   0% used [0x00000000c6700000, 0x00000000c6800000)
AC   0  F    TS     9 PTAMS 0x00000000c6800000 NTAMS 0x00000000c6800000 space 1024K,   0% used [0x00000000c6800000, 0x00000000c6900000)
AC   0  F    TS     9 PTAMS 0x00000000c6900000 NTAMS 0x00000000c6900000 space 1024K,   0% used [0x00000000c6900000, 0x00000000c6a00000)
AC   0  F    TS     9 PTAMS 0x00000000c6a00000 NTAMS 0x00000000c6a00000 space 1024K,   0% used [0x00000000c6a00000, 0x00000000c6b00000)
AC   0  F    TS     9 PTAMS 0x00000000c6b00000 NTAMS 0x00000000c6b00000 space 1024K,   0% used [0x00000000c6b00000, 0x00000000c6c00000)
AC   0  F    TS     9 PTAMS 0x00000000c6c00000 NTAMS 0x00000000c6c00000 space 1024K,   0% used [0x00000000c6c00000, 0x00000000c6d00000)
AC   0  F    TS     9 PTAMS 0x00000000c6d00000 NTAMS 0x00000000c6d00000 space 1024K,   0% used [0x00000000c6d00000, 0x00000000c6e00000)
AC   0  F    TS     9 PTAMS 0x00000000c6e00000 NTAMS 0x00000000c6e00000 space 1024K,   0% used [0x00000000c6e00000, 0x00000000c6f00000)
AC   0  F    TS     9 PTAMS 0x00000000c6f00000 NTAMS 0x00000000c6f00000 space 1024K,   0% used [0x00000000c6f00000, 0x00000000c7000000)
AC   0  F    TS     9 PTAMS 0x00000000c7000000 NTAMS 0x00000000c7000000 space 1024K,   0% used [0x00000000c7000000, 0x00000000c7100000)
AC   0  F    TS     9 PTAMS 0x00000000c7100000 NTAMS 0x00000000c7100000 space 1024K,   0% used [0x00000000c7100000, 0x00000000c7200000)
AC   0  F    TS     9 PTAMS 0x00000000c7200000 NTAMS 0x00000000c7200000 space 1024K,   0% used [0x00000000c7200000, 0x00000000c7300000)
AC   0  F    TS     9 PTAMS 0x00000000c7300000 NTAMS 0x00000000c7300000 space 1024K,   0% used [0x00000000c7300000, 0x00000000c7400000)
AC   0  F    TS     9 PTAMS 0x00000000c7400000 NTAMS 0x00000000c7400000 space 1024K,   0% used [0x00000000c7400000, 0x00000000c7500000)
AC   0  F    TS     9 PTAMS 0x00000000c7500000 NTAMS 0x00000000c7500000 space 1024K,   0% used [0x00000000c7500000, 0x00000000c7600000)
AC   0  F    TS     9 PTAMS 0x00000000c7600000 NTAMS 0x00000000c7600000 space 1024K,   0% used [0x00000000c7600000, 0x00000000c7700000)
AC   0  F    TS     9 PTAMS 0x00000000c7700000 NTAMS 0x00000000c7700000 space 1024K,   0% used [0x00000000c7700000, 0x00000000c7800000)
AC   0  F    TS     9 PTAMS 0x00000000c7800000 NTAMS 0x00000000c7800000 space 1024K,   0% used [0x00000000c7800000, 0x00000000c7900000)
AC   0  F    TS     9 PTAMS 0x00000000c7900000 NTAMS 0x00000000c7900000 space 1024K,   0% used [0x00000000c7900000, 0x00000000c7a00000)
AC   0  F    TS     9 PTAMS 0x00000000c7a00000 NTAMS 0x00000000c7a00000 space 1024K,   0% used [0x00000000c7a00000, 0x00000000c7b00000)
AC   0  F    TS     9 PTAMS 0x00000000c7b00000 NTAMS 0x00000000c7b00000 space 1024K,   0% used [0x00000000c7b00000, 0x00000000c7c00000)

Card table byte_map: [0x0000000012e00000,0x0000000013000000] byte_map_base: 0x0000000012800000

Marking Bits (Prev, Next): (CMBitMap*) 0x00000000028394e8, (CMBitMap*) 0x0000000002839540
 Prev Bits: [0x0000000013200000, 0x0000000014200000)
 Next Bits: [0x0000000014200000, 0x0000000015200000)

Polling page: 0x0000000000560000

CodeCache: size=245760Kb used=35971Kb max_used=35987Kb free=209788Kb
 bounds [0x0000000002900000, 0x0000000004c60000, 0x0000000011900000]
 total_blobs=9511 nmethods=8878 adapters=539
 compilation: enabled

Compilation events (10 events):
Event: 150.006 Thread 0x0000000018652000 nmethod 11068 0x000000000340c6d0 code [0x000000000340c800, 0x000000000340c858]
Event: 150.007 Thread 0x0000000018658000 11069  s    3       org.eclipse.jdt.core.dom.DefaultBindingResolver::internalGetTypeBinding (287 bytes)
Event: 150.009 Thread 0x0000000018658000 nmethod 11069 0x0000000004c452d0 code [0x0000000004c45620, 0x0000000004c47768]
Event: 150.009 Thread 0x0000000018658000 11070       1       org.eclipse.jdt.core.dom.ImportDeclaration::isOnDemand (5 bytes)
Event: 150.009 Thread 0x0000000018658000 nmethod 11070 0x0000000004bf7cd0 code [0x0000000004bf7e20, 0x0000000004bf7f30]
Event: 150.014 Thread 0x0000000018652000 11071       4       org.eclipse.jdt.core.dom.SimpleName::internalGetSetObjectProperty (34 bytes)
Event: 150.015 Thread 0x0000000018652000 nmethod 11071 0x0000000004bf7990 code [0x0000000004bf7ac0, 0x0000000004bf7b78]
Event: 150.018 Thread 0x0000000018658000 11072       3       org.eclipse.jdt.internal.formatter.TextEditsBuilder::flushBuffer (392 bytes)
Event: 150.020 Thread 0x0000000018658000 nmethod 11072 0x0000000004c48390 code [0x0000000004c486e0, 0x0000000004c4a698]
Event: 150.025 Thread 0x0000000018651000 nmethod 11056 0x0000000004c4e310 code [0x0000000004c4e520, 0x0000000004c4fb48]

GC Heap History (10 events):
Event: 147.358 GC heap after
Heap after GC invocations=133 (full 0):
 garbage-first heap   total 63488K, used 53826K [0x00000000c0000000, 0x00000000c01001f0, 0x0000000100000000)
  region size 1024K, 1 young (1024K), 1 survivors (1024K)
 Metaspace       used 58091K, capacity 61184K, committed 61568K, reserved 1103872K
  class space    used 5816K, capacity 6750K, committed 6784K, reserved 1048576K
}
Event: 147.420 GC heap before
{Heap before GC invocations=133 (full 0):
 garbage-first heap   total 63488K, used 55874K [0x00000000c0000000, 0x00000000c01001f0, 0x0000000100000000)
  region size 1024K, 3 young (3072K), 1 survivors (1024K)
 Metaspace       used 58148K, capacity 61184K, committed 61568K, reserved 1103872K
  class space    used 5817K, capacity 6750K, committed 6784K, reserved 1048576K
Event: 147.428 GC heap after
Heap after GC invocations=134 (full 0):
 garbage-first heap   total 63488K, used 48168K [0x00000000c0000000, 0x00000000c01001f0, 0x0000000100000000)
  region size 1024K, 1 young (1024K), 1 survivors (1024K)
 Metaspace       used 58148K, capacity 61184K, committed 61568K, reserved 1103872K
  class space    used 5817K, capacity 6750K, committed 6784K, reserved 1048576K
}
Event: 147.449 GC heap before
{Heap before GC invocations=134 (full 0):
 garbage-first heap   total 63488K, used 50216K [0x00000000c0000000, 0x00000000c01001f0, 0x0000000100000000)
  region size 1024K, 3 young (3072K), 1 survivors (1024K)
 Metaspace       used 58163K, capacity 61248K, committed 61568K, reserved 1103872K
  class space    used 5818K, capacity 6750K, committed 6784K, reserved 1048576K
Event: 147.460 GC heap after
Heap after GC invocations=135 (full 0):
 garbage-first heap   total 63488K, used 44830K [0x00000000c0000000, 0x00000000c01001f0, 0x0000000100000000)
  region size 1024K, 1 young (1024K), 1 survivors (1024K)
 Metaspace       used 58163K, capacity 61248K, committed 61568K, reserved 1103872K
  class space    used 5818K, capacity 6750K, committed 6784K, reserved 1048576K
}
Event: 147.475 GC heap before
{Heap before GC invocations=135 (full 0):
 garbage-first heap   total 63488K, used 46878K [0x00000000c0000000, 0x00000000c01001f0, 0x0000000100000000)
  region size 1024K, 3 young (3072K), 1 survivors (1024K)
 Metaspace       used 58166K, capacity 61248K, committed 61568K, reserved 1103872K
  class space    used 5818K, capacity 6750K, committed 6784K, reserved 1048576K
Event: 147.484 GC heap after
Heap after GC invocations=136 (full 0):
 garbage-first heap   total 63488K, used 46592K [0x00000000c0000000, 0x00000000c01001f0, 0x0000000100000000)
  region size 1024K, 1 young (1024K), 1 survivors (1024K)
 Metaspace       used 58166K, capacity 61248K, committed 61568K, reserved 1103872K
  class space    used 5818K, capacity 6750K, committed 6784K, reserved 1048576K
}
Event: 147.522 GC heap before
{Heap before GC invocations=136 (full 0):
 garbage-first heap   total 63488K, used 53760K [0x00000000c0000000, 0x00000000c01001f0, 0x0000000100000000)
  region size 1024K, 8 young (8192K), 1 survivors (1024K)
 Metaspace       used 58166K, capacity 61248K, committed 61568K, reserved 1103872K
  class space    used 5818K, capacity 6750K, committed 6784K, reserved 1048576K
Event: 147.531 GC heap after
Heap after GC invocations=137 (full 0):
 garbage-first heap   total 126976K, used 48406K [0x00000000c0000000, 0x00000000c01003e0, 0x0000000100000000)
  region size 1024K, 1 young (1024K), 1 survivors (1024K)
 Metaspace       used 58166K, capacity 61248K, committed 61568K, reserved 1103872K
  class space    used 5818K, capacity 6750K, committed 6784K, reserved 1048576K
}
Event: 150.027 GC heap before
{Heap before GC invocations=137 (full 0):
 garbage-first heap   total 126976K, used 104741K [0x00000000c0000000, 0x00000000c01003e0, 0x0000000100000000)
  region size 1024K, 52 young (53248K), 1 survivors (1024K)
 Metaspace       used 58360K, capacity 61464K, committed 61824K, reserved 1103872K
  class space    used 5835K, capacity 6755K, committed 6784K, reserved 1048576K

Deoptimization events (10 events):
Event: 146.635 Thread 0x000000001c50a800 Uncommon trap: reason=class_check action=maybe_recompile pc=0x0000000003cbf5f0 method=org.eclipse.jdt.internal.compiler.lookup.Scope.getBinding([CILorg/eclipse/jdt/internal/compiler/lookup/InvocationSite;Z)Lorg/eclipse/jdt/internal/compiler/lookup/Binding
Event: 147.050 Thread 0x000000001c506800 Uncommon trap: reason=unstable_if action=reinterpret pc=0x0000000004689c6c method=org.eclipse.jdt.core.dom.DefaultBindingResolver.internalGetTypeBinding(Lorg/eclipse/jdt/internal/compiler/lookup/TypeBinding;Lorg/eclipse/jdt/core/dom/IBinding;)Lorg/eclipse
Event: 147.137 Thread 0x000000001c506800 Uncommon trap: reason=unstable_if action=reinterpret pc=0x000000000463cfec method=org.eclipse.jdt.core.dom.DefaultBindingResolver.getVariableBinding(Lorg/eclipse/jdt/internal/compiler/lookup/VariableBinding;)Lorg/eclipse/jdt/core/dom/IVariableBinding; @ 3
Event: 147.717 Thread 0x000000001c506800 Uncommon trap: reason=class_check action=maybe_recompile pc=0x0000000004b27f78 method=org.eclipse.jdt.internal.compiler.parser.Parser.consumeRule(I)V @ 6515
Event: 147.717 Thread 0x000000001c506800 Uncommon trap: reason=class_check action=maybe_recompile pc=0x0000000004b27fa4 method=org.eclipse.jdt.internal.compiler.parser.Parser.consumeRule(I)V @ 6522
Event: 147.717 Thread 0x000000001c506800 Uncommon trap: reason=predicate action=maybe_recompile pc=0x0000000004aab058 method=org.eclipse.jdt.internal.compiler.parser.Scanner.scanIdentifierOrKeyword()I @ 33
Event: 147.718 Thread 0x000000001c506800 Uncommon trap: reason=unstable_if action=reinterpret pc=0x00000000036b7f9c method=org.eclipse.jdt.internal.formatter.TextEditsBuilder.flushBuffer(I)V @ 100
Event: 147.724 Thread 0x000000001c506800 Uncommon trap: reason=class_check action=maybe_recompile pc=0x0000000004b27f78 method=org.eclipse.jdt.internal.compiler.parser.Parser.consumeRule(I)V @ 6515
Event: 147.724 Thread 0x000000001c506800 Uncommon trap: reason=predicate action=maybe_recompile pc=0x000000000381ea88 method=org.eclipse.jdt.internal.compiler.parser.Scanner.scanIdentifierOrKeyword()I @ 33
Event: 148.044 Thread 0x0000000019438000 Uncommon trap: reason=class_check action=maybe_recompile pc=0x0000000004b9c628 method=org.eclipse.jdt.internal.core.Member.findMethods(Lorg/eclipse/jdt/core/IMethod;[Lorg/eclipse/jdt/core/IMethod;)[Lorg/eclipse/jdt/core/IMethod; @ 1

Classes redefined (0 events):
No events

Internal exceptions (10 events):
Event: 146.974 Thread 0x0000000019438000 Exception <a 'java/lang/ClassCastException'> (0x00000000c3d93260) thrown at [C:\re\workspace\8-2-build-windows-amd64-cygwin\jdk8u171\10807\hotspot\src\share\vm\runtime\sharedRuntime.cpp, line 605]
Event: 147.436 Thread 0x000000001c506800 Exception <a 'java/lang/ArrayIndexOutOfBoundsException'> (0x00000000c3d94d90) thrown at [C:\re\workspace\8-2-build-windows-amd64-cygwin\jdk8u171\10807\hotspot\src\share\vm\runtime\sharedRuntime.cpp, line 605]
Event: 147.723 Thread 0x000000001c506800 Exception <a 'java/lang/ArrayIndexOutOfBoundsException': 13> (0x00000000c66a6658) thrown at [C:\re\workspace\8-2-build-windows-amd64-cygwin\jdk8u171\10807\hotspot\src\share\vm\interpreter\interpreterRuntime.cpp, line 366]
Event: 147.724 Thread 0x000000001c506800 Exception <a 'java/lang/ArrayIndexOutOfBoundsException': 13> (0x00000000c66c3318) thrown at [C:\re\workspace\8-2-build-windows-amd64-cygwin\jdk8u171\10807\hotspot\src\share\vm\interpreter\interpreterRuntime.cpp, line 366]
Event: 147.729 Thread 0x000000001c506800 Exception <a 'java/lang/ArrayIndexOutOfBoundsException': 13> (0x00000000c6527868) thrown at [C:\re\workspace\8-2-build-windows-amd64-cygwin\jdk8u171\10807\hotspot\src\share\vm\interpreter\interpreterRuntime.cpp, line 366]
Event: 147.730 Thread 0x000000001c506800 Exception <a 'java/lang/ArrayIndexOutOfBoundsException': 13> (0x00000000c6544528) thrown at [C:\re\workspace\8-2-build-windows-amd64-cygwin\jdk8u171\10807\hotspot\src\share\vm\interpreter\interpreterRuntime.cpp, line 366]
Event: 147.733 Thread 0x000000001c506800 Exception <a 'java/lang/ArrayIndexOutOfBoundsException': 13> (0x00000000c65a1160) thrown at [C:\re\workspace\8-2-build-windows-amd64-cygwin\jdk8u171\10807\hotspot\src\share\vm\interpreter\interpreterRuntime.cpp, line 366]
Event: 147.734 Thread 0x000000001c506800 Exception <a 'java/lang/ArrayIndexOutOfBoundsException': 13> (0x00000000c65bde20) thrown at [C:\re\workspace\8-2-build-windows-amd64-cygwin\jdk8u171\10807\hotspot\src\share\vm\interpreter\interpreterRuntime.cpp, line 366]
Event: 147.738 Thread 0x000000001c506800 Exception <a 'java/lang/ArrayIndexOutOfBoundsException': 3819> (0x00000000c64aa0c0) thrown at [C:\re\workspace\8-2-build-windows-amd64-cygwin\jdk8u171\10807\hotspot\src\share\vm\interpreter\interpreterRuntime.cpp, line 366]
Event: 147.748 Thread 0x000000001c506800 Exception <a 'java/lang/ArrayIndexOutOfBoundsException': 306> (0x00000000c63ef398) thrown at [C:\re\workspace\8-2-build-windows-amd64-cygwin\jdk8u171\10807\hotspot\src\share\vm\interpreter\interpreterRuntime.cpp, line 366]

Events (10 events):
Event: 148.706 Executing VM operation: RevokeBias done
Event: 149.143 Thread 0x000000001c50a800 DEOPT PACKING pc=0x000000000395667f sp=0x000000002394d0d0
Event: 149.143 Thread 0x000000001c50a800 DEOPT UNPACKING pc=0x0000000002947890 sp=0x000000002394cd90 mode 0
Event: 149.413 Executing VM operation: RevokeBias
Event: 149.413 Executing VM operation: RevokeBias done
Event: 149.432 Executing VM operation: RevokeBias
Event: 149.432 Executing VM operation: RevokeBias done
Event: 149.433 Executing VM operation: RevokeBias
Event: 149.433 Executing VM operation: RevokeBias done
Event: 150.027 Executing VM operation: G1IncCollectionPause


Dynamic libraries:
0x00007ff725010000 - 0x00007ff725047000 	C:\Program Files\Java\jdk1.8.0_171\bin\java.exe
0x00007ff933b60000 - 0x00007ff933d4d000 	C:\WINDOWS\SYSTEM32\ntdll.dll
0x00007ff932220000 - 0x00007ff9322d3000 	C:\WINDOWS\System32\KERNEL32.DLL
0x00007ff930100000 - 0x00007ff930393000 	C:\WINDOWS\System32\KERNELBASE.dll
0x00007ff930d90000 - 0x00007ff930e33000 	C:\WINDOWS\System32\ADVAPI32.dll
0x00007ff9319d0000 - 0x00007ff931a6e000 	C:\WINDOWS\System32\msvcrt.dll
0x00007ff931f10000 - 0x00007ff931fae000 	C:\WINDOWS\System32\sechost.dll
0x00007ff931fc0000 - 0x00007ff9320e2000 	C:\WINDOWS\System32\RPCRT4.dll
0x00007ff931d70000 - 0x00007ff931f07000 	C:\WINDOWS\System32\USER32.dll
0x00007ff92fc50000 - 0x00007ff92fc70000 	C:\WINDOWS\System32\win32u.dll
0x00007ff9322f0000 - 0x00007ff932319000 	C:\WINDOWS\System32\GDI32.dll
0x00007ff9303a0000 - 0x00007ff93053a000 	C:\WINDOWS\System32\gdi32full.dll
0x00007ff92fe80000 - 0x00007ff92ff20000 	C:\WINDOWS\System32\msvcp_win.dll
0x00007ff930540000 - 0x00007ff93063a000 	C:\WINDOWS\System32\ucrtbase.dll
0x00007ff924040000 - 0x00007ff9242b9000 	C:\WINDOWS\WinSxS\amd64_microsoft.windows.common-controls_6595b64144ccf1df_6.0.17763.379_none_05b83be8071c94a1\COMCTL32.dll
0x00007ff931620000 - 0x00007ff93194d000 	C:\WINDOWS\System32\combase.dll
0x00007ff92fcf0000 - 0x00007ff92fd6e000 	C:\WINDOWS\System32\bcryptPrimitives.dll
0x00007ff931060000 - 0x00007ff93108e000 	C:\WINDOWS\System32\IMM32.DLL
0x000000005a180000 - 0x000000005a252000 	C:\Program Files\Java\jdk1.8.0_171\jre\bin\msvcr100.dll
0x00000000587b0000 - 0x0000000059050000 	C:\Program Files\Java\jdk1.8.0_171\jre\bin\server\jvm.dll
0x00007ff931fb0000 - 0x00007ff931fb8000 	C:\WINDOWS\System32\PSAPI.DLL
0x00007ff92db40000 - 0x00007ff92db64000 	C:\WINDOWS\SYSTEM32\WINMM.dll
0x00007ff91ee60000 - 0x00007ff91ee6a000 	C:\WINDOWS\SYSTEM32\VERSION.dll
0x00007ff91dea0000 - 0x00007ff91dea9000 	C:\WINDOWS\SYSTEM32\WSOCK32.dll
0x00007ff932340000 - 0x00007ff9323ad000 	C:\WINDOWS\System32\WS2_32.dll
0x00007ff92db10000 - 0x00007ff92db3d000 	C:\WINDOWS\SYSTEM32\WINMMBASE.dll
0x00007ff92fc70000 - 0x00007ff92fcba000 	C:\WINDOWS\System32\cfgmgr32.dll
0x000000005a170000 - 0x000000005a17f000 	C:\Program Files\Java\jdk1.8.0_171\jre\bin\verify.dll
0x000000005a140000 - 0x000000005a169000 	C:\Program Files\Java\jdk1.8.0_171\jre\bin\java.dll
0x000000005a120000 - 0x000000005a136000 	C:\Program Files\Java\jdk1.8.0_171\jre\bin\zip.dll
0x00007ff932640000 - 0x00007ff933b30000 	C:\WINDOWS\System32\SHELL32.dll
0x00007ff931090000 - 0x00007ff931138000 	C:\WINDOWS\System32\shcore.dll
0x00007ff930640000 - 0x00007ff930d8a000 	C:\WINDOWS\System32\windows.storage.dll
0x00007ff92fba0000 - 0x00007ff92fbc4000 	C:\WINDOWS\System32\profapi.dll
0x00007ff92fbd0000 - 0x00007ff92fc2d000 	C:\WINDOWS\System32\powrprof.dll
0x00007ff931d10000 - 0x00007ff931d62000 	C:\WINDOWS\System32\shlwapi.dll
0x00007ff92fb80000 - 0x00007ff92fb91000 	C:\WINDOWS\System32\kernel.appcore.dll
0x00007ff92fc30000 - 0x00007ff92fc47000 	C:\WINDOWS\System32\cryptsp.dll
0x00007ff92ef40000 - 0x00007ff92ef73000 	C:\WINDOWS\system32\rsaenh.dll
0x00007ff92fcc0000 - 0x00007ff92fce6000 	C:\WINDOWS\System32\bcrypt.dll
0x00007ff92fa60000 - 0x00007ff92fa88000 	C:\WINDOWS\SYSTEM32\USERENV.dll
0x00007ff92f550000 - 0x00007ff92f55c000 	C:\WINDOWS\SYSTEM32\CRYPTBASE.dll
0x000000005a100000 - 0x000000005a11a000 	C:\Program Files\Java\jdk1.8.0_171\jre\bin\net.dll
0x00007ff92f380000 - 0x00007ff92f3e7000 	C:\WINDOWS\system32\mswsock.dll
0x00007ff92f0e0000 - 0x00007ff92f11d000 	C:\WINDOWS\SYSTEM32\IPHLPAPI.DLL
0x00007ff9322e0000 - 0x00007ff9322e8000 	C:\WINDOWS\System32\NSI.dll
0x00007ff923940000 - 0x00007ff923956000 	C:\WINDOWS\SYSTEM32\dhcpcsvc6.DLL
0x00007ff923cf0000 - 0x00007ff923d0c000 	C:\WINDOWS\SYSTEM32\dhcpcsvc.DLL
0x00007ff92f120000 - 0x00007ff92f1e6000 	C:\WINDOWS\SYSTEM32\DNSAPI.dll
0x000000005a0e0000 - 0x000000005a0f1000 	C:\Program Files\Java\jdk1.8.0_171\jre\bin\nio.dll
0x00007ff9201b0000 - 0x00007ff9201d9000 	C:\Users\XNOTE\.vscode\extensions\redhat.java-0.43.0\server\config_win\org.eclipse.equinox.launcher\org.eclipse.equinox.launcher.win32.win32.x86_64_1.1.1000.v20190125-2016\eclipse_1801.dll
0x00007ff927550000 - 0x00007ff927561000 	C:\Users\XNOTE\.vscode\extensions\redhat.java-0.43.0\server\config_win\org.eclipse.osgi\20\0\.cp\jWinHttp-1.0.0.dll
0x00007ff9324e0000 - 0x00007ff932635000 	C:\WINDOWS\System32\ole32.dll
0x00007ff924560000 - 0x00007ff924651000 	C:\WINDOWS\SYSTEM32\WINHTTP.dll

VM Arguments:
jvm_args: -Declipse.application=org.eclipse.jdt.ls.core.id1 -Dosgi.bundles.defaultStartLevel=4 -Declipse.product=org.eclipse.jdt.ls.core.product -Dfile.encoding=utf8 -DwatchParentProcess=false -Xverify:none -Xmx1G -XX:+UseG1GC -XX:+UseStringDeduplication 
java_command: C:\Users\XNOTE\.vscode\extensions\redhat.java-0.43.0\server\plugins\org.eclipse.equinox.launcher_1.5.300.v20190213-1655.jar -configuration C:\Users\XNOTE\.vscode\extensions\redhat.java-0.43.0\server\config_win -data c:\Users\XNOTE\AppData\Roaming\Code\User\workspaceStorage\0bdfaac4224be0d618bdcf963b857abf\redhat.java\jdt_ws
java_class_path (initial): C:\Users\XNOTE\.vscode\extensions\redhat.java-0.43.0\server\plugins\org.eclipse.equinox.launcher_1.5.300.v20190213-1655.jar
Launcher Type: SUN_STANDARD

Environment Variables:
PATH=C:\Program Files (x86)\Common Files\Oracle\Java\javapath;C:\ProgramData\Oracle\Java\javapath;C:\python27;C:\WINDOWS\system32;C:\WINDOWS;C:\WINDOWS\System32\Wbem;C:\WINDOWS\System32\WindowsPowerShell\v1.0\;C:\Program Files (x86)\Windows Live\Shared;C:\WINDOWS\System32\OpenSSH\;C:\Program Files\PuTTY\;C:\Program Files\Microsoft VS Code\bin;C:\Program Files\Git\cmd;C:\Program Files\Java\jdk1.8.0_171\bin;%USERPROFILE%\AppData\Local\Microsoft\WindowsApps;
USERNAME=¹Î¿ì
OS=Windows_NT
PROCESSOR_IDENTIFIER=Intel64 Family 6 Model 58 Stepping 9, GenuineIntel



---------------  S Y S T E M  ---------------

OS: Windows 10.0 , 64 bit Build 17763 (10.0.17763.379)

CPU:total 4 (initial active 4) (2 cores per cpu, 2 threads per core) family 6 model 58 stepping 9, cmov, cx8, fxsr, mmx, sse, sse2, sse3, ssse3, sse4.1, sse4.2, popcnt, avx, clmul, erms, ht, tsc, tscinvbit, tscinv

Memory: 4k page, physical 4024712k(853420k free), swap 5445000k(119056k free)

vm_info: Java HotSpot(TM) 64-Bit Server VM (25.171-b11) for windows-amd64 JRE (1.8.0_171-b11), built on Mar 28 2018 16:06:12 by "java_re" with MS VC++ 10.0 (VS2010)

time: Thu May 02 03:16:11 2019
elapsed time: 150 seconds (0d 0h 2m 30s)

