#
# There is insufficient memory for the Java Runtime Environment to continue.
# Native memory allocation (malloc) failed to allocate 528896 bytes for Chunk::new
# Possible reasons:
#   The system is out of physical RAM or swap space
#   In 32 bit mode, the process size limit was hit
# Possible solutions:
#   Reduce memory load on the system
#   Increase physical memory or swap space
#   Check if swap backing store is full
#   Use 64 bit Java on a 64 bit OS
#   Decrease Java heap size (-Xmx/-Xms)
#   Decrease number of Java threads
#   Decrease Java thread stack sizes (-Xss)
#   Set larger code cache with -XX:ReservedCodeCacheSize=
# This output file may be truncated or incomplete.
#
#  Out of Memory Error (allocation.cpp:390), pid=20844, tid=0x0000000000005298
#
# JRE version: Java(TM) SE Runtime Environment (8.0_171-b11) (build 1.8.0_171-b11)
# Java VM: Java HotSpot(TM) 64-Bit Server VM (25.171-b11 mixed mode windows-amd64 compressed oops)
# Failed to write core dump. Minidumps are not enabled by default on client versions of Windows
#

---------------  T H R E A D  ---------------

Current thread (0x0000000018e45800):  JavaThread "C2 CompilerThread0" daemon [_thread_in_native, id=21144, stack(0x0000000019610000,0x0000000019710000)]

Stack: [0x0000000019610000,0x0000000019710000]
[error occurred during error reporting (printing stack bounds), id 0xc0000005]

Native frames: (J=compiled Java code, j=interpreted, Vv=VM code, C=native code)


Current CompileTask:
C2:  13735 3300       4       org.eclipse.osgi.internal.loader.BundleLoader::addExportedProvidersFor (167 bytes)


---------------  P R O C E S S  ---------------

Java Threads: ( => current thread )
  0x000000001a730000 JavaThread "Worker-3: Updating Maven Dependencies" [_thread_in_native, id=21196, stack(0x000000001f630000,0x000000001f730000)]
  0x0000000019ee5000 JavaThread "pool-1-thread-1" [_thread_blocked, id=15072, stack(0x000000001ee30000,0x000000001ef30000)]
  0x000000001af51000 JavaThread "Bundle File Closer" daemon [_thread_blocked, id=12436, stack(0x000000001d760000,0x000000001d860000)]
  0x000000001add3800 JavaThread "Java indexing" daemon [_thread_blocked, id=11052, stack(0x000000001d260000,0x000000001d360000)]
  0x000000001a07c000 JavaThread "Worker-2: Repository registry initialization" [_thread_blocked, id=20260, stack(0x000000001d160000,0x000000001d260000)]
  0x000000001be20800 JavaThread "Worker-1: Initialize Workspace" [_thread_in_Java, id=20848, stack(0x000000001d060000,0x000000001d160000)]
  0x000000001af73000 JavaThread "Worker-0" [_thread_blocked, id=17952, stack(0x000000001cdf0000,0x000000001cef0000)]
  0x000000001a694800 JavaThread "Worker-JM" [_thread_blocked, id=5140, stack(0x000000001b5e0000,0x000000001b6e0000)]
  0x000000001a3d7800 JavaThread "Start Level: Equinox Container: c434f9aa-8e0e-48c4-87d6-5c8a40fde930" daemon [_thread_blocked, id=20672, stack(0x000000001b4e0000,0x000000001b5e0000)]
  0x000000001a560800 JavaThread "Framework Event Dispatcher: Equinox Container: c434f9aa-8e0e-48c4-87d6-5c8a40fde930" daemon [_thread_blocked, id=15576, stack(0x000000001b3e0000,0x000000001b4e0000)]
  0x0000000019e2e000 JavaThread "Active Thread: Equinox Container: c434f9aa-8e0e-48c4-87d6-5c8a40fde930" [_thread_blocked, id=13636, stack(0x000000001b2e0000,0x000000001b3e0000)]
  0x0000000018e8c800 JavaThread "Service Thread" daemon [_thread_blocked, id=21040, stack(0x0000000019910000,0x0000000019a10000)]
  0x0000000018e54800 JavaThread "C1 CompilerThread2" daemon [_thread_blocked, id=20984, stack(0x0000000019810000,0x0000000019910000)]
  0x0000000018e47000 JavaThread "C2 CompilerThread1" daemon [_thread_in_native, id=21220, stack(0x0000000019710000,0x0000000019810000)]
=>0x0000000018e45800 JavaThread "C2 CompilerThread0" daemon [_thread_in_native, id=21144, stack(0x0000000019610000,0x0000000019710000)]
  0x0000000018e44000 JavaThread "Attach Listener" daemon [_thread_blocked, id=21124, stack(0x0000000019510000,0x0000000019610000)]
  0x0000000018e41000 JavaThread "Signal Dispatcher" daemon [_thread_blocked, id=20936, stack(0x0000000019410000,0x0000000019510000)]
  0x0000000018e2e000 JavaThread "Surrogate Locker Thread (Concurrent GC)" daemon [_thread_blocked, id=21312, stack(0x0000000019310000,0x0000000019410000)]
  0x0000000018da5000 JavaThread "Finalizer" daemon [_thread_blocked, id=21004, stack(0x0000000019210000,0x0000000019310000)]
  0x0000000018d9a000 JavaThread "Reference Handler" daemon [_thread_blocked, id=20992, stack(0x0000000019110000,0x0000000019210000)]
  0x0000000002fce000 JavaThread "main" [_thread_blocked, id=21156, stack(0x0000000002df0000,0x0000000002ef0000)]

Other Threads:
  0x0000000018d97000 VMThread [stack: 0x0000000018b30000,0x0000000018c30000] [id=21316]
  0x0000000018ee7000 WatcherThread [stack: 0x0000000019a10000,0x0000000019b10000] [id=21068]

VM state:not at safepoint (normal execution)

VM Mutex/Monitor currently owned by a thread: None

Heap:
 garbage-first heap   total 64512K, used 39547K [0x00000000c0000000, 0x00000000c01001f8, 0x0000000100000000)
  region size 1024K, 13 young (13312K), 4 survivors (4096K)
 Metaspace       used 32342K, capacity 34392K, committed 34688K, reserved 1081344K
  class space    used 3567K, capacity 4179K, committed 4224K, reserved 1048576K

Heap Regions: (Y=young(eden), SU=young(survivor), HS=humongous(starts), HC=humongous(continues), CS=collection set, F=free, TS=gc time stamp, PTAMS=previous top-at-mark-start, NTAMS=next top-at-mark-start)
AC   0  O    TS     0 PTAMS 0x00000000c0100000 NTAMS 0x00000000c0100000 space 1024K, 100% used [0x00000000c0000000, 0x00000000c0100000)
AC   0  O    TS     0 PTAMS 0x00000000c0200000 NTAMS 0x00000000c0200000 space 1024K, 100% used [0x00000000c0100000, 0x00000000c0200000)
AC   0  O    TS     0 PTAMS 0x00000000c0300000 NTAMS 0x00000000c0300000 space 1024K, 100% used [0x00000000c0200000, 0x00000000c0300000)
AC   0  O    TS     7 PTAMS 0x00000000c0300000 NTAMS 0x00000000c0300000 space 1024K, 100% used [0x00000000c0300000, 0x00000000c0400000)
AC   0  O    TS     7 PTAMS 0x00000000c0400000 NTAMS 0x00000000c0400000 space 1024K, 100% used [0x00000000c0400000, 0x00000000c0500000)
AC   0  O    TS     7 PTAMS 0x00000000c0500000 NTAMS 0x00000000c0500000 space 1024K, 100% used [0x00000000c0500000, 0x00000000c0600000)
AC   0  O    TS     0 PTAMS 0x00000000c0700000 NTAMS 0x00000000c0700000 space 1024K, 100% used [0x00000000c0600000, 0x00000000c0700000)
AC   0  O    TS     0 PTAMS 0x00000000c0800000 NTAMS 0x00000000c0800000 space 1024K, 100% used [0x00000000c0700000, 0x00000000c0800000)
AC   0  O    TS     0 PTAMS 0x00000000c0900000 NTAMS 0x00000000c0900000 space 1024K, 100% used [0x00000000c0800000, 0x00000000c0900000)
AC   0  O    TS     7 PTAMS 0x00000000c0900000 NTAMS 0x00000000c0900000 space 1024K, 100% used [0x00000000c0900000, 0x00000000c0a00000)
AC   0  O    TS     1 PTAMS 0x00000000c0a00000 NTAMS 0x00000000c0a00000 space 1024K, 100% used [0x00000000c0a00000, 0x00000000c0b00000)
AC   0  O    TS     1 PTAMS 0x00000000c0b00000 NTAMS 0x00000000c0b00000 space 1024K, 100% used [0x00000000c0b00000, 0x00000000c0c00000)
AC   0  O    TS     1 PTAMS 0x00000000c0c00000 NTAMS 0x00000000c0c00000 space 1024K, 100% used [0x00000000c0c00000, 0x00000000c0d00000)
AC   0  O    TS     1 PTAMS 0x00000000c0d00000 NTAMS 0x00000000c0d00000 space 1024K, 100% used [0x00000000c0d00000, 0x00000000c0e00000)
AC   0  O    TS     0 PTAMS 0x00000000c0f00000 NTAMS 0x00000000c0f00000 space 1024K, 100% used [0x00000000c0e00000, 0x00000000c0f00000)
AC   0  O    TS     1 PTAMS 0x00000000c0f80008 NTAMS 0x00000000c0f80008 space 1024K, 100% used [0x00000000c0f00000, 0x00000000c1000000)
AC   0  O    TS     1 PTAMS 0x00000000c1000000 NTAMS 0x00000000c1000000 space 1024K, 100% used [0x00000000c1000000, 0x00000000c1100000)
AC   0  O    TS     3 PTAMS 0x00000000c1100000 NTAMS 0x00000000c1100000 space 1024K, 100% used [0x00000000c1100000, 0x00000000c1200000)
AC   0  O    TS     3 PTAMS 0x00000000c1200000 NTAMS 0x00000000c1200000 space 1024K, 100% used [0x00000000c1200000, 0x00000000c1300000)
AC   0  O    TS     3 PTAMS 0x00000000c1300000 NTAMS 0x00000000c1300000 space 1024K, 100% used [0x00000000c1300000, 0x00000000c1400000)
AC   0  O    TS     3 PTAMS 0x00000000c1400000 NTAMS 0x00000000c1400000 space 1024K, 100% used [0x00000000c1400000, 0x00000000c1500000)
AC   0  O    TS     3 PTAMS 0x00000000c1500000 NTAMS 0x00000000c1500000 space 1024K, 100% used [0x00000000c1500000, 0x00000000c1600000)
AC   0  O    TS     7 PTAMS 0x00000000c1600000 NTAMS 0x00000000c1600000 space 1024K, 100% used [0x00000000c1600000, 0x00000000c1700000)
AC   0  O    TS     7 PTAMS 0x00000000c1700000 NTAMS 0x00000000c1700000 space 1024K, 100% used [0x00000000c1700000, 0x00000000c1800000)
AC   0  F    TS     5 PTAMS 0x00000000c1800000 NTAMS 0x00000000c1800000 space 1024K,   0% used [0x00000000c1800000, 0x00000000c1900000)
AC   0  F    TS     5 PTAMS 0x00000000c1900000 NTAMS 0x00000000c1900000 space 1024K,   0% used [0x00000000c1900000, 0x00000000c1a00000)
AC   0  F    TS     5 PTAMS 0x00000000c1a00000 NTAMS 0x00000000c1a00000 space 1024K,   0% used [0x00000000c1a00000, 0x00000000c1b00000)
AC   0  F    TS     5 PTAMS 0x00000000c1b00000 NTAMS 0x00000000c1b00000 space 1024K,   0% used [0x00000000c1b00000, 0x00000000c1c00000)
AC   0  F    TS     5 PTAMS 0x00000000c1c00000 NTAMS 0x00000000c1c00000 space 1024K,   0% used [0x00000000c1c00000, 0x00000000c1d00000)
AC   0  O    TS     7 PTAMS 0x00000000c1d00000 NTAMS 0x00000000c1d00000 space 1024K, 100% used [0x00000000c1d00000, 0x00000000c1e00000)
AC   0  O    TS     7 PTAMS 0x00000000c1e00000 NTAMS 0x00000000c1e00000 space 1024K, 100% used [0x00000000c1e00000, 0x00000000c1f00000)
AC   0  S CS TS     7 PTAMS 0x00000000c1f00000 NTAMS 0x00000000c1f00000 space 1024K, 100% used [0x00000000c1f00000, 0x00000000c2000000)
AC   0  S CS TS     7 PTAMS 0x00000000c2000000 NTAMS 0x00000000c2000000 space 1024K, 100% used [0x00000000c2000000, 0x00000000c2100000)
AC   0  S CS TS     7 PTAMS 0x00000000c2100000 NTAMS 0x00000000c2100000 space 1024K, 100% used [0x00000000c2100000, 0x00000000c2200000)
AC   0  S CS TS     7 PTAMS 0x00000000c2200000 NTAMS 0x00000000c2200000 space 1024K, 100% used [0x00000000c2200000, 0x00000000c2300000)
AC   0  F    TS     0 PTAMS 0x00000000c2300000 NTAMS 0x00000000c2300000 space 1024K,   0% used [0x00000000c2300000, 0x00000000c2400000)
AC   0  F    TS     0 PTAMS 0x00000000c2400000 NTAMS 0x00000000c2400000 space 1024K,   0% used [0x00000000c2400000, 0x00000000c2500000)
AC   0  F    TS     0 PTAMS 0x00000000c2500000 NTAMS 0x00000000c2500000 space 1024K,   0% used [0x00000000c2500000, 0x00000000c2600000)
AC   0  F    TS     0 PTAMS 0x00000000c2600000 NTAMS 0x00000000c2600000 space 1024K,   0% used [0x00000000c2600000, 0x00000000c2700000)
AC   0  F    TS     0 PTAMS 0x00000000c2700000 NTAMS 0x00000000c2700000 space 1024K,   0% used [0x00000000c2700000, 0x00000000c2800000)
AC   0  F    TS     0 PTAMS 0x00000000c2800000 NTAMS 0x00000000c2800000 space 1024K,   0% used [0x00000000c2800000, 0x00000000c2900000)
AC   0  F    TS     0 PTAMS 0x00000000c2900000 NTAMS 0x00000000c2900000 space 1024K,   0% used [0x00000000c2900000, 0x00000000c2a00000)
AC   0  F    TS     0 PTAMS 0x00000000c2a00000 NTAMS 0x00000000c2a00000 space 1024K,   0% used [0x00000000c2a00000, 0x00000000c2b00000)
AC   0  F    TS     0 PTAMS 0x00000000c2b00000 NTAMS 0x00000000c2b00000 space 1024K,   0% used [0x00000000c2b00000, 0x00000000c2c00000)
AC   0  F    TS     0 PTAMS 0x00000000c2c00000 NTAMS 0x00000000c2c00000 space 1024K,   0% used [0x00000000c2c00000, 0x00000000c2d00000)
AC   0  F    TS     0 PTAMS 0x00000000c2d00000 NTAMS 0x00000000c2d00000 space 1024K,   0% used [0x00000000c2d00000, 0x00000000c2e00000)
AC   0  F    TS     0 PTAMS 0x00000000c2e00000 NTAMS 0x00000000c2e00000 space 1024K,   0% used [0x00000000c2e00000, 0x00000000c2f00000)
AC   0  F    TS     0 PTAMS 0x00000000c2f00000 NTAMS 0x00000000c2f00000 space 1024K,   0% used [0x00000000c2f00000, 0x00000000c3000000)
AC   0  F    TS     0 PTAMS 0x00000000c3000000 NTAMS 0x00000000c3000000 space 1024K,   0% used [0x00000000c3000000, 0x00000000c3100000)
AC   0  F    TS     0 PTAMS 0x00000000c3100000 NTAMS 0x00000000c3100000 space 1024K,   0% used [0x00000000c3100000, 0x00000000c3200000)
AC   0  F    TS     0 PTAMS 0x00000000c3200000 NTAMS 0x00000000c3200000 space 1024K,   0% used [0x00000000c3200000, 0x00000000c3300000)
AC   0  F    TS     0 PTAMS 0x00000000c3300000 NTAMS 0x00000000c3300000 space 1024K,   0% used [0x00000000c3300000, 0x00000000c3400000)
AC   0  F    TS     0 PTAMS 0x00000000c3400000 NTAMS 0x00000000c3400000 space 1024K,   0% used [0x00000000c3400000, 0x00000000c3500000)
AC   0  E    TS     0 PTAMS 0x00000000c3500000 NTAMS 0x00000000c3500000 space 1024K,  93% used [0x00000000c3500000, 0x00000000c3600000)
AC   0  E CS TS     0 PTAMS 0x00000000c3600000 NTAMS 0x00000000c3600000 space 1024K, 100% used [0x00000000c3600000, 0x00000000c3700000)
AC   0  E CS TS     0 PTAMS 0x00000000c3700000 NTAMS 0x00000000c3700000 space 1024K, 100% used [0x00000000c3700000, 0x00000000c3800000)
AC   0  E CS TS     0 PTAMS 0x00000000c3800000 NTAMS 0x00000000c3800000 space 1024K, 100% used [0x00000000c3800000, 0x00000000c3900000)
AC   0  E CS TS     0 PTAMS 0x00000000c3900000 NTAMS 0x00000000c3900000 space 1024K, 100% used [0x00000000c3900000, 0x00000000c3a00000)
AC   0  E CS TS     0 PTAMS 0x00000000c3a00000 NTAMS 0x00000000c3a00000 space 1024K, 100% used [0x00000000c3a00000, 0x00000000c3b00000)
AC   0  E CS TS     0 PTAMS 0x00000000c3b00000 NTAMS 0x00000000c3b00000 space 1024K, 100% used [0x00000000c3b00000, 0x00000000c3c00000)
AC   0  E CS TS     3 PTAMS 0x00000000c3c00000 NTAMS 0x00000000c3c00000 space 1024K, 100% used [0x00000000c3c00000, 0x00000000c3d00000)
AC   0  E CS TS     0 PTAMS 0x00000000c3d00000 NTAMS 0x00000000c3d00000 space 1024K, 100% used [0x00000000c3d00000, 0x00000000c3e00000)
AC   0  O    TS     7 PTAMS 0x00000000c3e00000 NTAMS 0x00000000c3e00000 space 1024K,  62% used [0x00000000c3e00000, 0x00000000c3f00000)

Card table byte_map: [0x00000000135d0000,0x00000000137d0000] byte_map_base: 0x0000000012fd0000

Marking Bits (Prev, Next): (CMBitMap*) 0x0000000003012600, (CMBitMap*) 0x00000000030125a8
 Prev Bits: [0x00000000149d0000, 0x00000000159d0000)
 Next Bits: [0x00000000139d0000, 0x00000000149d0000)

Polling page: 0x0000000002920000

CodeCache: size=245760Kb used=9545Kb max_used=10154Kb free=236214Kb
 bounds [0x00000000030d0000, 0x0000000003ae0000, 0x00000000120d0000]
 total_blobs=3356 nmethods=2866 adapters=401
 compilation: enabled

Compilation events (10 events):
Event: 13.721 Thread 0x0000000018e54800 nmethod 3330 0x000000000335cc90 code [0x000000000335ce80, 0x000000000335d7b8]
Event: 13.721 Thread 0x0000000018e54800 3331       3       com.google.inject.internal.Annotations::isMarker (14 bytes)
Event: 13.722 Thread 0x0000000018e54800 nmethod 3331 0x00000000038a8d10 code [0x00000000038a8ea0, 0x00000000038a91f8]
Event: 13.722 Thread 0x0000000018e54800 3332       3       com.google.inject.Key::strategyFor (51 bytes)
Event: 13.726 Thread 0x0000000018e54800 nmethod 3332 0x0000000003567410 code [0x0000000003567880, 0x0000000003569fd8]
Event: 13.726 Thread 0x0000000018e54800 3333       3       org.eclipse.core.runtime.Path::computeSegments (169 bytes)
Event: 13.727 Thread 0x0000000018e54800 nmethod 3333 0x000000000352cd90 code [0x000000000352cfe0, 0x000000000352e0c8]
Event: 13.728 Thread 0x0000000018e54800 3337       3       com.google.inject.spi.InjectionPoint$InjectableMember::<init> (51 bytes)
Event: 13.729 Thread 0x0000000018e54800 nmethod 3337 0x0000000003721cd0 code [0x0000000003721ea0, 0x00000000037226c8]
Event: 13.729 Thread 0x0000000018e54800 3334       3       org.eclipse.core.runtime.Path::canonicalize (98 bytes)

GC Heap History (10 events):
Event: 6.401 GC heap before
{Heap before GC invocations=3 (full 0):
 garbage-first heap   total 63488K, used 43008K [0x00000000c0000000, 0x00000000c01001f0, 0x0000000100000000)
  region size 1024K, 29 young (29696K), 3 survivors (3072K)
 Metaspace       used 20197K, capacity 21212K, committed 21296K, reserved 1069056K
  class space    used 2067K, capacity 2419K, committed 2432K, reserved 1048576K
Event: 6.412 GC heap after
Heap after GC invocations=4 (full 0):
 garbage-first heap   total 63488K, used 20992K [0x00000000c0000000, 0x00000000c01001f0, 0x0000000100000000)
  region size 1024K, 5 young (5120K), 5 survivors (5120K)
 Metaspace       used 20197K, capacity 21212K, committed 21296K, reserved 1069056K
  class space    used 2067K, capacity 2419K, committed 2432K, reserved 1048576K
}
Event: 7.277 GC heap before
{Heap before GC invocations=5 (full 0):
 garbage-first heap   total 63488K, used 46592K [0x00000000c0000000, 0x00000000c01001f0, 0x0000000100000000)
  region size 1024K, 34 young (34816K), 5 survivors (5120K)
 Metaspace       used 24214K, capacity 25396K, committed 25600K, reserved 1071104K
  class space    used 2600K, capacity 2978K, committed 3072K, reserved 1048576K
Event: 7.294 GC heap after
Heap after GC invocations=6 (full 0):
 garbage-first heap   total 63488K, used 23040K [0x00000000c0000000, 0x00000000c01001f0, 0x0000000100000000)
  region size 1024K, 5 young (5120K), 5 survivors (5120K)
 Metaspace       used 24214K, capacity 25396K, committed 25600K, reserved 1071104K
  class space    used 2600K, capacity 2978K, committed 3072K, reserved 1048576K
}
Event: 7.324 GC heap before
{Heap before GC invocations=6 (full 0):
 garbage-first heap   total 63488K, used 24064K [0x00000000c0000000, 0x00000000c01001f0, 0x0000000100000000)
  region size 1024K, 6 young (6144K), 5 survivors (5120K)
 Metaspace       used 24357K, capacity 25556K, committed 25856K, reserved 1073152K
  class space    used 2627K, capacity 3010K, committed 3072K, reserved 1048576K
Event: 7.335 GC heap after
Heap after GC invocations=7 (full 0):
 garbage-first heap   total 63488K, used 19456K [0x00000000c0000000, 0x00000000c01001f0, 0x0000000100000000)
  region size 1024K, 1 young (1024K), 1 survivors (1024K)
 Metaspace       used 24357K, capacity 25556K, committed 25856K, reserved 1073152K
  class space    used 2627K, capacity 3010K, committed 3072K, reserved 1048576K
}
Event: 12.121 GC heap before
{Heap before GC invocations=7 (full 0):
 garbage-first heap   total 63488K, used 52224K [0x00000000c0000000, 0x00000000c01001f0, 0x0000000100000000)
  region size 1024K, 33 young (33792K), 1 survivors (1024K)
 Metaspace       used 25555K, capacity 26936K, committed 27136K, reserved 1073152K
  class space    used 2780K, capacity 3300K, committed 3328K, reserved 1048576K
Event: 12.129 GC heap after
Heap after GC invocations=8 (full 0):
 garbage-first heap   total 63488K, used 22774K [0x00000000c0000000, 0x00000000c01001f0, 0x0000000100000000)
  region size 1024K, 5 young (5120K), 5 survivors (5120K)
 Metaspace       used 25555K, capacity 26936K, committed 27136K, reserved 1073152K
  class space    used 2780K, capacity 3300K, committed 3328K, reserved 1048576K
}
Event: 13.656 GC heap before
{Heap before GC invocations=8 (full 0):
 garbage-first heap   total 63488K, used 50422K [0x00000000c0000000, 0x00000000c01001f0, 0x0000000100000000)
  region size 1024K, 32 young (32768K), 5 survivors (5120K)
 Metaspace       used 32234K, capacity 34264K, committed 34432K, reserved 1079296K
  class space    used 3556K, capacity 4179K, committed 4224K, reserved 1048576K
Event: 13.675 GC heap after
Heap after GC invocations=9 (full 0):
 garbage-first heap   total 64512K, used 31355K [0x00000000c0000000, 0x00000000c01001f8, 0x0000000100000000)
  region size 1024K, 4 young (4096K), 4 survivors (4096K)
 Metaspace       used 32234K, capacity 34264K, committed 34432K, reserved 1079296K
  class space    used 3556K, capacity 4179K, committed 4224K, reserved 1048576K
}

Deoptimization events (10 events):
Event: 13.262 Thread 0x0000000019ee5000 Uncommon trap: reason=class_check action=maybe_recompile pc=0x00000000033b2f20 method=java.lang.reflect.Field.getAnnotation(Ljava/lang/Class;)Ljava/lang/annotation/Annotation; @ 19
Event: 13.433 Thread 0x000000001be20800 Uncommon trap: reason=unstable_if action=reinterpret pc=0x00000000039cef74 method=java.util.concurrent.locks.ReentrantLock$Sync.nonfairTryAcquire(I)Z @ 34
Event: 13.433 Thread 0x000000001be20800 Uncommon trap: reason=unstable_if action=reinterpret pc=0x00000000037305e0 method=java.util.concurrent.locks.AbstractQueuedSynchronizer.release(I)Z @ 14
Event: 13.433 Thread 0x000000001a07c000 Uncommon trap: reason=unstable_if action=reinterpret pc=0x00000000031fc218 method=java.util.concurrent.locks.AbstractQueuedSynchronizer.release(I)Z @ 14
Event: 13.435 Thread 0x000000001be20800 Uncommon trap: reason=unstable_if action=reinterpret pc=0x00000000031ebb38 method=java.util.concurrent.locks.AbstractQueuedSynchronizer.release(I)Z @ 14
Event: 13.436 Thread 0x000000001be20800 Uncommon trap: reason=unstable_if action=reinterpret pc=0x00000000038b773c method=java.util.concurrent.locks.AbstractQueuedSynchronizer.release(I)Z @ 14
Event: 13.497 Thread 0x000000001be20800 Uncommon trap: reason=bimorphic action=maybe_recompile pc=0x00000000036833a8 method=java.io.BufferedInputStream.read1([BII)I @ 39
Event: 13.645 Thread 0x000000001a730000 Uncommon trap: reason=unstable_if action=reinterpret pc=0x00000000037c2744 method=org.codehaus.plexus.util.xml.pull.MXParser.nextImpl()I @ 269
Event: 13.652 Thread 0x000000001a730000 Uncommon trap: reason=unstable_if action=reinterpret pc=0x0000000003410a40 method=sun.nio.cs.StreamDecoder.implRead([CII)I @ 36
Event: 13.712 Thread 0x000000001be20800 Uncommon trap: reason=class_check action=maybe_recompile pc=0x00000000032bfd7c method=java.util.HashMap.removeNode(ILjava/lang/Object;Ljava/lang/Object;ZZ)Ljava/util/HashMap$Node; @ 68

Classes redefined (0 events):
No events

Internal exceptions (10 events):
Event: 6.258 Thread 0x000000001a3d7800 Exception <a 'java/lang/ArrayIndexOutOfBoundsException'> (0x00000000c2a85f50) thrown at [C:\re\workspace\8-2-build-windows-amd64-cygwin\jdk8u171\10807\hotspot\src\share\vm\runtime\sharedRuntime.cpp, line 605]
Event: 6.258 Thread 0x000000001a3d7800 Exception <a 'java/lang/ArrayIndexOutOfBoundsException'> (0x00000000c2a86e78) thrown at [C:\re\workspace\8-2-build-windows-amd64-cygwin\jdk8u171\10807\hotspot\src\share\vm\runtime\sharedRuntime.cpp, line 605]
Event: 6.529 Thread 0x000000001a3d7800 Exception <a 'java/lang/ArrayIndexOutOfBoundsException': 73> (0x00000000c39f17a8) thrown at [C:\re\workspace\8-2-build-windows-amd64-cygwin\jdk8u171\10807\hotspot\src\share\vm\interpreter\interpreterRuntime.cpp, line 366]
Event: 6.530 Thread 0x000000001a3d7800 Exception <a 'java/lang/ArrayIndexOutOfBoundsException': 131> (0x00000000c39f3338) thrown at [C:\re\workspace\8-2-build-windows-amd64-cygwin\jdk8u171\10807\hotspot\src\share\vm\interpreter\interpreterRuntime.cpp, line 366]
Event: 12.092 Thread 0x000000001a3d7800 Exception <a 'java/lang/NoClassDefFoundError': com/google/inject/servlet/ServletModuleTargetVisitor> (0x00000000c1d77e20) thrown at [C:\re\workspace\8-2-build-windows-amd64-cygwin\jdk8u171\10807\hotspot\src\share\vm\classfile\systemDictionary.cpp, line 19
Event: 12.093 Thread 0x000000001a3d7800 Exception <a 'java/lang/NoClassDefFoundError': javax/annotation/Priority> (0x00000000c1d7e710) thrown at [C:\re\workspace\8-2-build-windows-amd64-cygwin\jdk8u171\10807\hotspot\src\share\vm\classfile\systemDictionary.cpp, line 199]
Event: 13.259 Thread 0x000000001be20800 Exception <a 'sun/nio/fs/WindowsException'> (0x00000000c29bc080) thrown at [C:\re\workspace\8-2-build-windows-amd64-cygwin\jdk8u171\10807\hotspot\src\share\vm\prims\jni.cpp, line 709]
Event: 13.300 Thread 0x000000001be20800 Exception <a 'java/io/FileNotFoundException'> (0x00000000c2850668) thrown at [C:\re\workspace\8-2-build-windows-amd64-cygwin\jdk8u171\10807\hotspot\src\share\vm\prims\jni.cpp, line 709]
Event: 13.379 Thread 0x000000001be20800 Exception <a 'java/io/FileNotFoundException'> (0x00000000c28870d0) thrown at [C:\re\workspace\8-2-build-windows-amd64-cygwin\jdk8u171\10807\hotspot\src\share\vm\prims\jni.cpp, line 709]
Event: 13.395 Thread 0x000000001be20800 Exception <a 'java/io/FileNotFoundException'> (0x00000000c28bb8f8) thrown at [C:\re\workspace\8-2-build-windows-amd64-cygwin\jdk8u171\10807\hotspot\src\share\vm\prims\jni.cpp, line 709]

Events (10 events):
Event: 13.712 Thread 0x000000001be20800 DEOPT PACKING pc=0x00000000032bfd7c sp=0x000000001d15e8f0
Event: 13.712 Thread 0x000000001be20800 DEOPT UNPACKING pc=0x000000000311583b sp=0x000000001d15e808 mode 2
Event: 13.714 Executing VM operation: RevokeBias
Event: 13.714 Executing VM operation: RevokeBias done
Event: 13.714 Thread 0x0000000018e54800 flushing nmethod 0x00000000033b2a50
Event: 13.716 Executing VM operation: RevokeBias
Event: 13.716 Executing VM operation: RevokeBias done
Event: 13.718 Thread 0x0000000018e54800 flushing nmethod 0x0000000003563890
Event: 13.719 Thread 0x0000000018e54800 flushing nmethod 0x00000000035b83d0
Event: 13.719 Thread 0x0000000018e54800 flushing nmethod 0x00000000036214d0


Dynamic libraries:
0x00007ff7e7b70000 - 0x00007ff7e7ba7000 	C:\Program Files\Java\jdk1.8.0_171\bin\java.exe
0x00007ffa50c60000 - 0x00007ffa50e4d000 	C:\WINDOWS\SYSTEM32\ntdll.dll
0x00007ffa4f500000 - 0x00007ffa4f5b3000 	C:\WINDOWS\System32\KERNEL32.DLL
0x00007ffa4daa0000 - 0x00007ffa4dd33000 	C:\WINDOWS\System32\KERNELBASE.dll
0x00007ffa501b0000 - 0x00007ffa50253000 	C:\WINDOWS\System32\ADVAPI32.dll
0x00007ffa4f400000 - 0x00007ffa4f49e000 	C:\WINDOWS\System32\msvcrt.dll
0x00007ffa4ffe0000 - 0x00007ffa5007e000 	C:\WINDOWS\System32\sechost.dll
0x00007ffa50260000 - 0x00007ffa50382000 	C:\WINDOWS\System32\RPCRT4.dll
0x00007ffa50920000 - 0x00007ffa50ab7000 	C:\WINDOWS\System32\USER32.dll
0x00007ffa4d180000 - 0x00007ffa4d1a0000 	C:\WINDOWS\System32\win32u.dll
0x00007ffa4f860000 - 0x00007ffa4f889000 	C:\WINDOWS\System32\GDI32.dll
0x00007ffa4ce00000 - 0x00007ffa4cf9a000 	C:\WINDOWS\System32\gdi32full.dll
0x00007ffa4dd40000 - 0x00007ffa4dde0000 	C:\WINDOWS\System32\msvcp_win.dll
0x00007ffa4d1a0000 - 0x00007ffa4d29a000 	C:\WINDOWS\System32\ucrtbase.dll
0x00007ffa42e00000 - 0x00007ffa43079000 	C:\WINDOWS\WinSxS\amd64_microsoft.windows.common-controls_6595b64144ccf1df_6.0.17763.503_none_05b23ef40721f4ae\COMCTL32.dll
0x00007ffa50440000 - 0x00007ffa5076c000 	C:\WINDOWS\System32\combase.dll
0x00007ffa4cd30000 - 0x00007ffa4cdae000 	C:\WINDOWS\System32\bcryptPrimitives.dll
0x00007ffa4ff90000 - 0x00007ffa4ffbe000 	C:\WINDOWS\System32\IMM32.DLL
0x0000000071910000 - 0x00000000719e2000 	C:\Program Files\Java\jdk1.8.0_171\jre\bin\msvcr100.dll
0x000000006f8c0000 - 0x0000000070160000 	C:\Program Files\Java\jdk1.8.0_171\jre\bin\server\jvm.dll
0x00007ffa4f890000 - 0x00007ffa4f898000 	C:\WINDOWS\System32\PSAPI.DLL
0x00007ffa3b810000 - 0x00007ffa3b819000 	C:\WINDOWS\SYSTEM32\WSOCK32.dll
0x00007ffa430b0000 - 0x00007ffa430d4000 	C:\WINDOWS\SYSTEM32\WINMM.dll
0x00007ffa4f8a0000 - 0x00007ffa4f90d000 	C:\WINDOWS\System32\WS2_32.dll
0x00007ffa3be50000 - 0x00007ffa3be5a000 	C:\WINDOWS\SYSTEM32\VERSION.dll
0x00007ffa43080000 - 0x00007ffa430ad000 	C:\WINDOWS\SYSTEM32\WINMMBASE.dll
0x00007ffa4d9f0000 - 0x00007ffa4da3a000 	C:\WINDOWS\System32\cfgmgr32.dll
0x0000000071900000 - 0x000000007190f000 	C:\Program Files\Java\jdk1.8.0_171\jre\bin\verify.dll
0x00000000718d0000 - 0x00000000718f9000 	C:\Program Files\Java\jdk1.8.0_171\jre\bin\java.dll
0x00000000718b0000 - 0x00000000718c6000 	C:\Program Files\Java\jdk1.8.0_171\jre\bin\zip.dll
0x00007ffa4df10000 - 0x00007ffa4f400000 	C:\WINDOWS\System32\SHELL32.dll
0x00007ffa4f990000 - 0x00007ffa4fa38000 	C:\WINDOWS\System32\shcore.dll
0x00007ffa4d2a0000 - 0x00007ffa4d9ea000 	C:\WINDOWS\System32\windows.storage.dll
0x00007ffa4cd00000 - 0x00007ffa4cd24000 	C:\WINDOWS\System32\profapi.dll
0x00007ffa4cc60000 - 0x00007ffa4ccbd000 	C:\WINDOWS\System32\powrprof.dll
0x00007ffa4fec0000 - 0x00007ffa4ff12000 	C:\WINDOWS\System32\shlwapi.dll
0x00007ffa4ccc0000 - 0x00007ffa4ccd1000 	C:\WINDOWS\System32\kernel.appcore.dll
0x00007ffa4cde0000 - 0x00007ffa4cdf7000 	C:\WINDOWS\System32\cryptsp.dll
0x00007ffa4c040000 - 0x00007ffa4c073000 	C:\WINDOWS\system32\rsaenh.dll
0x00007ffa4cdb0000 - 0x00007ffa4cdd6000 	C:\WINDOWS\System32\bcrypt.dll
0x00007ffa4cb90000 - 0x00007ffa4cbb8000 	C:\WINDOWS\SYSTEM32\USERENV.dll
0x00007ffa4c650000 - 0x00007ffa4c65c000 	C:\WINDOWS\SYSTEM32\CRYPTBASE.dll
0x0000000071890000 - 0x00000000718aa000 	C:\Program Files\Java\jdk1.8.0_171\jre\bin\net.dll
0x00007ffa4c480000 - 0x00007ffa4c4e7000 	C:\WINDOWS\system32\mswsock.dll
0x00007ffa4c1e0000 - 0x00007ffa4c21d000 	C:\WINDOWS\SYSTEM32\IPHLPAPI.DLL
0x00007ffa50c20000 - 0x00007ffa50c28000 	C:\WINDOWS\System32\NSI.dll
0x00007ffa43b40000 - 0x00007ffa43b56000 	C:\WINDOWS\SYSTEM32\dhcpcsvc6.DLL
0x00007ffa444e0000 - 0x00007ffa444fc000 	C:\WINDOWS\SYSTEM32\dhcpcsvc.DLL
0x00007ffa4c220000 - 0x00007ffa4c2e6000 	C:\WINDOWS\SYSTEM32\DNSAPI.dll
0x0000000071870000 - 0x0000000071881000 	C:\Program Files\Java\jdk1.8.0_171\jre\bin\nio.dll
0x00007ffa32c20000 - 0x00007ffa32c49000 	C:\Users\XNOTE\.vscode\extensions\redhat.java-0.45.0\server\config_win\org.eclipse.equinox.launcher\org.eclipse.equinox.launcher.win32.win32.x86_64_1.1.1000.v20190125-2016\eclipse_1801.dll
0x00007ffa36300000 - 0x00007ffa36311000 	C:\Users\XNOTE\.vscode\extensions\redhat.java-0.45.0\server\config_win\org.eclipse.osgi\20\0\.cp\jWinHttp-1.0.0.dll
0x00007ffa50ac0000 - 0x00007ffa50c15000 	C:\WINDOWS\System32\ole32.dll
0x00007ffa44910000 - 0x00007ffa44a01000 	C:\WINDOWS\SYSTEM32\WINHTTP.dll

VM Arguments:
jvm_args: -Declipse.application=org.eclipse.jdt.ls.core.id1 -Dosgi.bundles.defaultStartLevel=4 -Declipse.product=org.eclipse.jdt.ls.core.product -Dfile.encoding=utf8 -DwatchParentProcess=false -Xverify:none -Xmx1G -XX:+UseG1GC -XX:+UseStringDeduplication 
java_command: C:\Users\XNOTE\.vscode\extensions\redhat.java-0.45.0\server\plugins\org.eclipse.equinox.launcher_1.5.400.v20190514-1658.jar -configuration C:\Users\XNOTE\.vscode\extensions\redhat.java-0.45.0\server\config_win -data c:\Users\XNOTE\AppData\Roaming\Code\User\workspaceStorage\93e8932c494c5971e4fa6186b51a1aec\redhat.java\jdt_ws
java_class_path (initial): C:\Users\XNOTE\.vscode\extensions\redhat.java-0.45.0\server\plugins\org.eclipse.equinox.launcher_1.5.400.v20190514-1658.jar
Launcher Type: SUN_STANDARD

Environment Variables:
PATH=C:\Program Files (x86)\Common Files\Oracle\Java\javapath;C:\ProgramData\Oracle\Java\javapath;C:\python27;C:\WINDOWS\system32;C:\WINDOWS;C:\WINDOWS\System32\Wbem;C:\WINDOWS\System32\WindowsPowerShell\v1.0\;C:\Program Files (x86)\Windows Live\Shared;C:\WINDOWS\System32\OpenSSH\;C:\Program Files\PuTTY\;C:\Program Files\Microsoft VS Code\bin;C:\Program Files\Git\cmd;C:\Program Files\Java\jdk1.8.0_171\bin;%USERPROFILE%\AppData\Local\Microsoft\WindowsApps;
USERNAME=¹Î¿ì
OS=Windows_NT
PROCESSOR_IDENTIFIER=Intel64 Family 6 Model 58 Stepping 9, GenuineIntel



---------------  S Y S T E M  ---------------

OS: Windows 10.0 , 64 bit Build 17763 (10.0.17763.475)

CPU:total 4 (initial active 4) (2 cores per cpu, 2 threads per core) family 6 model 58 stepping 9, cmov, cx8, fxsr, mmx, sse, sse2, sse3, ssse3, sse4.1, sse4.2, popcnt, avx, clmul, erms, ht, tsc, tscinvbit, tscinv

Memory: 4k page, physical 4024712k(453544k free), swap 5445000k(2268k free)

vm_info: Java HotSpot(TM) 64-Bit Server VM (25.171-b11) for windows-amd64 JRE (1.8.0_171-b11), built on Mar 28 2018 16:06:12 by "java_re" with MS VC++ 10.0 (VS2010)

time: Thu May 30 20:40:30 2019
elapsed time: 13 seconds (0d 0h 0m 13s)

