#
# There is insufficient memory for the Java Runtime Environment to continue.
# Native memory allocation (mmap) failed to map 65011712 bytes for Failed to commit area from 0x00000000c3e00000 to 0x00000000c7c00000 of length 65011712.
# Possible reasons:
#   The system is out of physical RAM or swap space
#   In 32 bit mode, the process size limit was hit
# Possible solutions:
#   Reduce memory load on the system
#   Increase physical memory or swap space
#   Check if swap backing store is full
#   Use 64 bit Java on a 64 bit OS
#   Decrease Java heap size (-Xmx/-Xms)
#   Decrease number of Java threads
#   Decrease Java thread stack sizes (-Xss)
#   Set larger code cache with -XX:ReservedCodeCacheSize=
# This output file may be truncated or incomplete.
#
#  Out of Memory Error (os_windows.cpp:3331), pid=2324, tid=0x00000000000032b4
#
# JRE version: Java(TM) SE Runtime Environment (8.0_171-b11) (build 1.8.0_171-b11)
# Java VM: Java HotSpot(TM) 64-Bit Server VM (25.171-b11 mixed mode windows-amd64 compressed oops)
# Failed to write core dump. Minidumps are not enabled by default on client versions of Windows
#

---------------  T H R E A D  ---------------

Current thread (0x00000000192a3000):  VMThread [stack: 0x0000000019040000,0x0000000019140000] [id=12980]

Stack: [0x0000000019040000,0x0000000019140000]
[error occurred during error reporting (printing stack bounds), id 0xc0000005]

Native frames: (J=compiled Java code, j=interpreted, Vv=VM code, C=native code)

VM_Operation (0x000000002622e6f0): G1IncCollectionPause, mode: safepoint, requested by thread 0x000000001aba1000


---------------  P R O C E S S  ---------------

Java Threads: ( => current thread )
  0x000000001aba5800 JavaThread "Worker-5" [_thread_blocked, id=15984, stack(0x0000000026230000,0x0000000026330000)]
  0x000000001aba1000 JavaThread "ForkJoinPool.commonPool-worker-3" daemon [_thread_blocked, id=1272, stack(0x0000000026130000,0x0000000026230000)]
  0x000000001aba7800 JavaThread "ForkJoinPool.commonPool-worker-2" daemon [_thread_blocked, id=12604, stack(0x0000000026030000,0x0000000026130000)]
  0x000000001aba7000 JavaThread "ForkJoinPool.commonPool-worker-1" daemon [_thread_blocked, id=16532, stack(0x0000000025f30000,0x0000000026030000)]
  0x000000001aba4800 JavaThread "Debuggee Stderr Handler" daemon [_thread_in_native, id=13096, stack(0x0000000025030000,0x0000000025130000)]
  0x000000001a8e2000 JavaThread "Debuggee Stdout Handler" daemon [_thread_in_native, id=10532, stack(0x0000000024f30000,0x0000000025030000)]
  0x000000001a8e1800 JavaThread "Thread-2" daemon [_thread_in_native, id=5200, stack(0x0000000024e30000,0x0000000024f30000)]
  0x000000001a8e8000 JavaThread "RxNewThreadScheduler-1" daemon [_thread_blocked, id=13556, stack(0x0000000024d30000,0x0000000024e30000)]
  0x000000001a8e3000 JavaThread "RxCachedWorkerPoolEvictor-1" daemon [_thread_blocked, id=3632, stack(0x0000000024c30000,0x0000000024d30000)]
  0x000000001a8e3800 JavaThread "RxSchedulerPurge-1" daemon [_thread_blocked, id=11232, stack(0x0000000024b30000,0x0000000024c30000)]
  0x000000001a8e4800 JavaThread "pool-2-thread-1" [_thread_in_native, id=5760, stack(0x0000000024a30000,0x0000000024b30000)]
  0x000000001a8e6800 JavaThread "Java Debug Server" daemon [_thread_in_native, id=15196, stack(0x0000000024930000,0x0000000024a30000)]
  0x000000001a4b0000 JavaThread "Worker-4" [_thread_blocked, id=16268, stack(0x0000000020f30000,0x0000000021030000)]
  0x000000001afe7800 JavaThread "pool-1-thread-1" [_thread_in_native, id=9644, stack(0x000000001f6d0000,0x000000001f7d0000)]
  0x000000001b248000 JavaThread "Bundle File Closer" daemon [_thread_blocked, id=6728, stack(0x000000001cc30000,0x000000001cd30000)]
  0x000000001b2fa800 JavaThread "Java indexing" daemon [_thread_blocked, id=5632, stack(0x000000001ca30000,0x000000001cb30000)]
  0x000000001af38000 JavaThread "Worker-0" [_thread_blocked, id=11480, stack(0x000000001c430000,0x000000001c530000)]
  0x000000001ae8f000 JavaThread "Worker-JM" [_thread_blocked, id=16380, stack(0x000000001bbd0000,0x000000001bcd0000)]
  0x000000001a790000 JavaThread "Start Level: Equinox Container: 81a8d2cb-7da9-45b7-ba0e-6287354a6d30" daemon [_thread_blocked, id=11844, stack(0x000000001bad0000,0x000000001bbd0000)]
  0x000000001a78e800 JavaThread "Framework Event Dispatcher: Equinox Container: 81a8d2cb-7da9-45b7-ba0e-6287354a6d30" daemon [_thread_blocked, id=12616, stack(0x000000001b9d0000,0x000000001bad0000)]
  0x000000001a6e8800 JavaThread "Active Thread: Equinox Container: 81a8d2cb-7da9-45b7-ba0e-6287354a6d30" [_thread_blocked, id=2564, stack(0x000000001b8d0000,0x000000001b9d0000)]
  0x00000000193e5000 JavaThread "Service Thread" daemon [_thread_blocked, id=3868, stack(0x0000000019e20000,0x0000000019f20000)]
  0x0000000019358000 JavaThread "C1 CompilerThread2" daemon [_thread_blocked, id=15448, stack(0x0000000019d20000,0x0000000019e20000)]
  0x0000000019352000 JavaThread "C2 CompilerThread1" daemon [_thread_in_native, id=17996, stack(0x0000000019c20000,0x0000000019d20000)]
  0x0000000019351000 JavaThread "C2 CompilerThread0" daemon [_thread_blocked, id=13032, stack(0x0000000019b20000,0x0000000019c20000)]
  0x0000000019350000 JavaThread "Attach Listener" daemon [_thread_blocked, id=13836, stack(0x0000000019a20000,0x0000000019b20000)]
  0x0000000019338000 JavaThread "Signal Dispatcher" daemon [_thread_blocked, id=17884, stack(0x0000000019920000,0x0000000019a20000)]
  0x000000001934c000 JavaThread "Surrogate Locker Thread (Concurrent GC)" daemon [_thread_blocked, id=17396, stack(0x0000000019820000,0x0000000019920000)]
  0x00000000192af000 JavaThread "Finalizer" daemon [_thread_blocked, id=9584, stack(0x0000000019720000,0x0000000019820000)]
  0x00000000192a6000 JavaThread "Reference Handler" daemon [_thread_blocked, id=16924, stack(0x0000000019620000,0x0000000019720000)]
  0x000000000176e000 JavaThread "main" [_thread_blocked, id=18312, stack(0x00000000033e0000,0x00000000034e0000)]

Other Threads:
=>0x00000000192a3000 VMThread [stack: 0x0000000019040000,0x0000000019140000] [id=12980]
  0x00000000193ec000 WatcherThread [stack: 0x0000000019f20000,0x000000001a020000] [id=12724]

VM state:at safepoint (normal execution)

VM Mutex/Monitor currently owned by a thread:  ([mutex/lock_event])
[0x00000000034e1cd0] Threads_lock - owner thread: 0x00000000192a3000
[0x00000000034e0750] Heap_lock - owner thread: 0x000000001aba1000

Heap:
 garbage-first heap   total 126976K, used 46289K [0x00000000c0000000, 0x00000000c01003e0, 0x0000000100000000)
  region size 1024K, 1 young (1024K), 1 survivors (1024K)
 Metaspace       used 57282K, capacity 60270K, committed 60416K, reserved 1103872K
  class space    used 5686K, capacity 6568K, committed 6656K, reserved 1048576K

Heap Regions: (Y=young(eden), SU=young(survivor), HS=humongous(starts), HC=humongous(continues), CS=collection set, F=free, TS=gc time stamp, PTAMS=previous top-at-mark-start, NTAMS=next top-at-mark-start)
AC   0  O    TS     0 PTAMS 0x00000000c0100000 NTAMS 0x00000000c0100000 space 1024K, 100% used [0x00000000c0000000, 0x00000000c0100000)
AC   0  O    TS     0 PTAMS 0x00000000c0200000 NTAMS 0x00000000c0200000 space 1024K, 100% used [0x00000000c0100000, 0x00000000c0200000)
AC   0  O    TS     0 PTAMS 0x00000000c0300000 NTAMS 0x00000000c0300000 space 1024K, 100% used [0x00000000c0200000, 0x00000000c0300000)
AC   0  O    TS     0 PTAMS 0x00000000c0400000 NTAMS 0x00000000c0400000 space 1024K, 100% used [0x00000000c0300000, 0x00000000c0400000)
AC   0  O    TS     0 PTAMS 0x00000000c0500000 NTAMS 0x00000000c0500000 space 1024K, 100% used [0x00000000c0400000, 0x00000000c0500000)
AC   0  O    TS     0 PTAMS 0x00000000c0600000 NTAMS 0x00000000c0600000 space 1024K, 100% used [0x00000000c0500000, 0x00000000c0600000)
AC   0  O    TS     0 PTAMS 0x00000000c0700000 NTAMS 0x00000000c0700000 space 1024K, 100% used [0x00000000c0600000, 0x00000000c0700000)
AC   0  O    TS     0 PTAMS 0x00000000c0800000 NTAMS 0x00000000c0800000 space 1024K, 100% used [0x00000000c0700000, 0x00000000c0800000)
AC   0  O    TS     0 PTAMS 0x00000000c0900000 NTAMS 0x00000000c0900000 space 1024K, 100% used [0x00000000c0800000, 0x00000000c0900000)
AC   0  O    TS     0 PTAMS 0x00000000c0a00000 NTAMS 0x00000000c0a00000 space 1024K, 100% used [0x00000000c0900000, 0x00000000c0a00000)
AC   0  O    TS     0 PTAMS 0x00000000c0b00000 NTAMS 0x00000000c0b00000 space 1024K, 100% used [0x00000000c0a00000, 0x00000000c0b00000)
AC   0  O    TS     0 PTAMS 0x00000000c0c00000 NTAMS 0x00000000c0c00000 space 1024K, 100% used [0x00000000c0b00000, 0x00000000c0c00000)
AC   0  O    TS     0 PTAMS 0x00000000c0d00000 NTAMS 0x00000000c0d00000 space 1024K, 100% used [0x00000000c0c00000, 0x00000000c0d00000)
AC   0  O    TS     0 PTAMS 0x00000000c0e00000 NTAMS 0x00000000c0e00000 space 1024K, 100% used [0x00000000c0d00000, 0x00000000c0e00000)
AC   0  O    TS     0 PTAMS 0x00000000c0f00000 NTAMS 0x00000000c0f00000 space 1024K, 100% used [0x00000000c0e00000, 0x00000000c0f00000)
AC   0  O    TS     0 PTAMS 0x00000000c1000000 NTAMS 0x00000000c1000000 space 1024K, 100% used [0x00000000c0f00000, 0x00000000c1000000)
AC   0  O    TS     0 PTAMS 0x00000000c1100000 NTAMS 0x00000000c1100000 space 1024K, 100% used [0x00000000c1000000, 0x00000000c1100000)
AC   0 HS    TS     0 PTAMS 0x00000000c1180010 NTAMS 0x00000000c1180010 space 1024K,  50% used [0x00000000c1100000, 0x00000000c1200000)
AC   0  O    TS     0 PTAMS 0x00000000c1300000 NTAMS 0x00000000c1300000 space 1024K, 100% used [0x00000000c1200000, 0x00000000c1300000)
AC   0  O    TS     0 PTAMS 0x00000000c1400000 NTAMS 0x00000000c1400000 space 1024K, 100% used [0x00000000c1300000, 0x00000000c1400000)
AC   0  O    TS     0 PTAMS 0x00000000c1500000 NTAMS 0x00000000c1500000 space 1024K, 100% used [0x00000000c1400000, 0x00000000c1500000)
AC   0  O    TS     0 PTAMS 0x00000000c1600000 NTAMS 0x00000000c1600000 space 1024K, 100% used [0x00000000c1500000, 0x00000000c1600000)
AC   0  O    TS     0 PTAMS 0x00000000c1700000 NTAMS 0x00000000c1700000 space 1024K, 100% used [0x00000000c1600000, 0x00000000c1700000)
AC   0  F    TS     0 PTAMS 0x00000000c1700000 NTAMS 0x00000000c1700000 space 1024K,   0% used [0x00000000c1700000, 0x00000000c1800000)
AC   0  O    TS     0 PTAMS 0x00000000c1900000 NTAMS 0x00000000c1900000 space 1024K, 100% used [0x00000000c1800000, 0x00000000c1900000)
AC   0  O    TS     5 PTAMS 0x00000000c1900000 NTAMS 0x00000000c1900000 space 1024K, 100% used [0x00000000c1900000, 0x00000000c1a00000)
AC   0  O    TS     5 PTAMS 0x00000000c1a00000 NTAMS 0x00000000c1a00000 space 1024K, 100% used [0x00000000c1a00000, 0x00000000c1b00000)
AC   0  O    TS     0 PTAMS 0x00000000c1c00000 NTAMS 0x00000000c1c00000 space 1024K, 100% used [0x00000000c1b00000, 0x00000000c1c00000)
AC   0  O    TS     0 PTAMS 0x00000000c1d00000 NTAMS 0x00000000c1d00000 space 1024K, 100% used [0x00000000c1c00000, 0x00000000c1d00000)
AC   0  O    TS     5 PTAMS 0x00000000c1d00000 NTAMS 0x00000000c1d00000 space 1024K, 100% used [0x00000000c1d00000, 0x00000000c1e00000)
AC   0  O    TS     0 PTAMS 0x00000000c1f00000 NTAMS 0x00000000c1f00000 space 1024K, 100% used [0x00000000c1e00000, 0x00000000c1f00000)
AC   0  O    TS     0 PTAMS 0x00000000c2000000 NTAMS 0x00000000c2000000 space 1024K, 100% used [0x00000000c1f00000, 0x00000000c2000000)
AC   0  O    TS     5 PTAMS 0x00000000c2000000 NTAMS 0x00000000c2000000 space 1024K, 100% used [0x00000000c2000000, 0x00000000c2100000)
AC   0  O    TS     0 PTAMS 0x00000000c2200000 NTAMS 0x00000000c2200000 space 1024K, 100% used [0x00000000c2100000, 0x00000000c2200000)
AC   0  O    TS     0 PTAMS 0x00000000c2300000 NTAMS 0x00000000c2300000 space 1024K, 100% used [0x00000000c2200000, 0x00000000c2300000)
AC   0  O    TS     0 PTAMS 0x00000000c2400000 NTAMS 0x00000000c2400000 space 1024K, 100% used [0x00000000c2300000, 0x00000000c2400000)
AC   0  O    TS     0 PTAMS 0x00000000c2500000 NTAMS 0x00000000c2500000 space 1024K, 100% used [0x00000000c2400000, 0x00000000c2500000)
AC   0  O    TS     0 PTAMS 0x00000000c2600000 NTAMS 0x00000000c2600000 space 1024K, 100% used [0x00000000c2500000, 0x00000000c2600000)
AC   0  F    TS     0 PTAMS 0x00000000c2600000 NTAMS 0x00000000c2600000 space 1024K,   0% used [0x00000000c2600000, 0x00000000c2700000)
AC   0  O    TS     0 PTAMS 0x00000000c2800000 NTAMS 0x00000000c2800000 space 1024K, 100% used [0x00000000c2700000, 0x00000000c2800000)
AC   0  O    TS     0 PTAMS 0x00000000c2800000 NTAMS 0x00000000c2800000 space 1024K, 100% used [0x00000000c2800000, 0x00000000c2900000)
AC   0  F    TS     0 PTAMS 0x00000000c2900000 NTAMS 0x00000000c2900000 space 1024K,   0% used [0x00000000c2900000, 0x00000000c2a00000)
AC   0  F    TS     0 PTAMS 0x00000000c2a00000 NTAMS 0x00000000c2a00000 space 1024K,   0% used [0x00000000c2a00000, 0x00000000c2b00000)
AC   0  F    TS     0 PTAMS 0x00000000c2b00000 NTAMS 0x00000000c2b00000 space 1024K,   0% used [0x00000000c2b00000, 0x00000000c2c00000)
AC   0  O    TS     0 PTAMS 0x00000000c2d00000 NTAMS 0x00000000c2d00000 space 1024K, 100% used [0x00000000c2c00000, 0x00000000c2d00000)
AC   0  O    TS     3 PTAMS 0x00000000c2d00000 NTAMS 0x00000000c2d00000 space 1024K, 100% used [0x00000000c2d00000, 0x00000000c2e00000)
AC   0  O    TS     5 PTAMS 0x00000000c2e00000 NTAMS 0x00000000c2e00000 space 1024K,  84% used [0x00000000c2e00000, 0x00000000c2f00000)
AC   0  O    TS     3 PTAMS 0x00000000c2f00000 NTAMS 0x00000000c2f00000 space 1024K, 100% used [0x00000000c2f00000, 0x00000000c3000000)
AC   0  F    TS     0 PTAMS 0x00000000c3000000 NTAMS 0x00000000c3000000 space 1024K,   0% used [0x00000000c3000000, 0x00000000c3100000)
AC   0  F    TS     0 PTAMS 0x00000000c3100000 NTAMS 0x00000000c3100000 space 1024K,   0% used [0x00000000c3100000, 0x00000000c3200000)
AC   0  O    TS     3 PTAMS 0x00000000c3200000 NTAMS 0x00000000c3200000 space 1024K, 100% used [0x00000000c3200000, 0x00000000c3300000)
AC   0  O    TS     5 PTAMS 0x00000000c3300000 NTAMS 0x00000000c3300000 space 1024K, 100% used [0x00000000c3300000, 0x00000000c3400000)
AC   0  F    TS     0 PTAMS 0x00000000c3400000 NTAMS 0x00000000c3400000 space 1024K,   0% used [0x00000000c3400000, 0x00000000c3500000)
AC   0  F    TS     0 PTAMS 0x00000000c3500000 NTAMS 0x00000000c3500000 space 1024K,   0% used [0x00000000c3500000, 0x00000000c3600000)
AC   0  F    TS     0 PTAMS 0x00000000c3600000 NTAMS 0x00000000c3600000 space 1024K,   0% used [0x00000000c3600000, 0x00000000c3700000)
AC   0  F    TS     0 PTAMS 0x00000000c3700000 NTAMS 0x00000000c3700000 space 1024K,   0% used [0x00000000c3700000, 0x00000000c3800000)
AC   0  F    TS     0 PTAMS 0x00000000c3800000 NTAMS 0x00000000c3800000 space 1024K,   0% used [0x00000000c3800000, 0x00000000c3900000)
AC   0  F    TS     0 PTAMS 0x00000000c3900000 NTAMS 0x00000000c3900000 space 1024K,   0% used [0x00000000c3900000, 0x00000000c3a00000)
AC   0  F    TS     3 PTAMS 0x00000000c3a00000 NTAMS 0x00000000c3a00000 space 1024K,   0% used [0x00000000c3a00000, 0x00000000c3b00000)
AC   0  S CS TS     5 PTAMS 0x00000000c3b00000 NTAMS 0x00000000c3b00000 space 1024K,  85% used [0x00000000c3b00000, 0x00000000c3c00000)
AC   0  F    TS     0 PTAMS 0x00000000c3c00000 NTAMS 0x00000000c3c00000 space 1024K,   0% used [0x00000000c3c00000, 0x00000000c3d00000)
AC   0  F    TS     0 PTAMS 0x00000000c3d00000 NTAMS 0x00000000c3d00000 space 1024K,   0% used [0x00000000c3d00000, 0x00000000c3e00000)

Card table byte_map: [0x0000000013af0000,0x0000000013cf0000] byte_map_base: 0x00000000134f0000

Marking Bits (Prev, Next): (CMBitMap*) 0x000000000351a2d8, (CMBitMap*) 0x000000000351a330
 Prev Bits: [0x0000000013ef0000, 0x0000000014ef0000)
 Next Bits: [0x0000000014ef0000, 0x0000000015ef0000)

Polling page: 0x00000000013d0000

CodeCache: size=245760Kb used=35120Kb max_used=35350Kb free=210639Kb
 bounds [0x00000000035e0000, 0x00000000058a0000, 0x00000000125e0000]
 total_blobs=9564 nmethods=8939 adapters=531
 compilation: enabled

Compilation events (10 events):
Event: 392.891 Thread 0x0000000019351000 nmethod 11386 0x000000000410a9d0 code [0x000000000410ab20, 0x000000000410acd8]
Event: 392.891 Thread 0x0000000019351000 11383       4       org.eclipse.jdt.core.Signature::getSignatureSimpleName (184 bytes)
Event: 392.894 Thread 0x0000000019358000 11388       3       org.eclipse.jdt.internal.compiler.codegen.CodeStream::generateConstant (182 bytes)
Event: 392.895 Thread 0x0000000019358000 nmethod 11388 0x000000000519e490 code [0x000000000519e780, 0x000000000519fde8]
Event: 392.897 Thread 0x0000000019358000 11389       3       org.eclipse.jdt.internal.compiler.lookup.LocalTypeBinding::signature (63 bytes)
Event: 392.900 Thread 0x0000000019358000 nmethod 11389 0x0000000005873d90 code [0x00000000058740a0, 0x00000000058763b8]
Event: 392.916 Thread 0x0000000019358000 11392   !   3       org.eclipse.jdt.internal.codeassist.InternalCompletionProposal::findMethodParameterNames (235 bytes)
Event: 392.919 Thread 0x0000000019358000 nmethod 11392 0x0000000005003f90 code [0x0000000005004280, 0x0000000005005a58]
Event: 392.923 Thread 0x0000000019351000 nmethod 11383 0x0000000005870990 code [0x0000000005871180, 0x0000000005871e38]
Event: 392.923 Thread 0x0000000019351000 11387       4       java.util.TimSort::mergeLo (659 bytes)

GC Heap History (10 events):
Event: 392.824 GC heap after
Heap after GC invocations=110 (full 0):
 garbage-first heap   total 63488K, used 51664K [0x00000000c0000000, 0x00000000c01001f0, 0x0000000100000000)
  region size 1024K, 1 young (1024K), 1 survivors (1024K)
 Metaspace       used 57271K, capacity 60270K, committed 60416K, reserved 1103872K
  class space    used 5686K, capacity 6568K, committed 6656K, reserved 1048576K
}
Event: 392.844 GC heap before
{Heap before GC invocations=110 (full 0):
 garbage-first heap   total 63488K, used 53712K [0x00000000c0000000, 0x00000000c01001f0, 0x0000000100000000)
  region size 1024K, 3 young (3072K), 1 survivors (1024K)
 Metaspace       used 57273K, capacity 60270K, committed 60416K, reserved 1103872K
  class space    used 5686K, capacity 6568K, committed 6656K, reserved 1048576K
Event: 392.850 GC heap after
Heap after GC invocations=111 (full 0):
 garbage-first heap   total 63488K, used 51798K [0x00000000c0000000, 0x00000000c01001f0, 0x0000000100000000)
  region size 1024K, 1 young (1024K), 1 survivors (1024K)
 Metaspace       used 57273K, capacity 60270K, committed 60416K, reserved 1103872K
  class space    used 5686K, capacity 6568K, committed 6656K, reserved 1048576K
}
Event: 392.886 GC heap before
{Heap before GC invocations=111 (full 0):
 garbage-first heap   total 63488K, used 53846K [0x00000000c0000000, 0x00000000c01001f0, 0x0000000100000000)
  region size 1024K, 3 young (3072K), 1 survivors (1024K)
 Metaspace       used 57273K, capacity 60270K, committed 60416K, reserved 1103872K
  class space    used 5686K, capacity 6568K, committed 6656K, reserved 1048576K
Event: 392.890 GC heap after
Heap after GC invocations=112 (full 0):
 garbage-first heap   total 63488K, used 52008K [0x00000000c0000000, 0x00000000c01001f0, 0x0000000100000000)
  region size 1024K, 1 young (1024K), 1 survivors (1024K)
 Metaspace       used 57273K, capacity 60270K, committed 60416K, reserved 1103872K
  class space    used 5686K, capacity 6568K, committed 6656K, reserved 1048576K
}
Event: 392.960 GC heap before
{Heap before GC invocations=113 (full 0):
 garbage-first heap   total 63488K, used 54056K [0x00000000c0000000, 0x00000000c01001f0, 0x0000000100000000)
  region size 1024K, 3 young (3072K), 1 survivors (1024K)
 Metaspace       used 57282K, capacity 60270K, committed 60416K, reserved 1103872K
  class space    used 5686K, capacity 6568K, committed 6656K, reserved 1048576K
Event: 392.965 GC heap after
Heap after GC invocations=114 (full 0):
 garbage-first heap   total 63488K, used 52492K [0x00000000c0000000, 0x00000000c01001f0, 0x0000000100000000)
  region size 1024K, 1 young (1024K), 1 survivors (1024K)
 Metaspace       used 57282K, capacity 60270K, committed 60416K, reserved 1103872K
  class space    used 5686K, capacity 6568K, committed 6656K, reserved 1048576K
}
Event: 392.996 GC heap before
{Heap before GC invocations=114 (full 0):
 garbage-first heap   total 63488K, used 54540K [0x00000000c0000000, 0x00000000c01001f0, 0x0000000100000000)
  region size 1024K, 3 young (3072K), 1 survivors (1024K)
 Metaspace       used 57282K, capacity 60270K, committed 60416K, reserved 1103872K
  class space    used 5686K, capacity 6568K, committed 6656K, reserved 1048576K
Event: 393.003 GC heap after
Heap after GC invocations=115 (full 0):
 garbage-first heap   total 63488K, used 47707K [0x00000000c0000000, 0x00000000c01001f0, 0x0000000100000000)
  region size 1024K, 1 young (1024K), 1 survivors (1024K)
 Metaspace       used 57282K, capacity 60270K, committed 60416K, reserved 1103872K
  class space    used 5686K, capacity 6568K, committed 6656K, reserved 1048576K
}
Event: 393.031 GC heap before
{Heap before GC invocations=115 (full 0):
 garbage-first heap   total 63488K, used 49755K [0x00000000c0000000, 0x00000000c01001f0, 0x0000000100000000)
  region size 1024K, 3 young (3072K), 1 survivors (1024K)
 Metaspace       used 57282K, capacity 60270K, committed 60416K, reserved 1103872K
  class space    used 5686K, capacity 6568K, committed 6656K, reserved 1048576K

Deoptimization events (10 events):
Event: 391.438 Thread 0x000000001aba1000 Uncommon trap: reason=unstable_if action=reinterpret pc=0x0000000004eab304 method=org.eclipse.jdt.internal.core.NameLookup.acceptType(Lorg/eclipse/jdt/core/IType;IZ)Z @ 1
Event: 391.459 Thread 0x000000001aba1000 Uncommon trap: reason=unstable_if action=reinterpret pc=0x00000000052bd754 method=org.eclipse.jdt.internal.compiler.parser.Scanner.internalScanIdentifierOrKeyword(II[C)I @ 2697
Event: 391.486 Thread 0x000000001aba1000 Uncommon trap: reason=unstable_if action=reinterpret pc=0x000000000566d9c0 method=org.eclipse.jdt.internal.compiler.parser.Scanner.getNextToken0()I @ 820
Event: 391.840 Thread 0x000000001aba1000 Uncommon trap: reason=unloaded action=reinterpret pc=0x00000000050d4404 method=org.eclipse.jdt.internal.compiler.parser.Parser.consumeToken(I)V @ 1290
Event: 391.850 Thread 0x000000001aba1000 Uncommon trap: reason=unstable_if action=reinterpret pc=0x0000000004455a14 method=org.eclipse.jdt.internal.compiler.ast.FieldDeclaration.getKind()I @ 4
Event: 392.425 Thread 0x000000001aba1000 Uncommon trap: reason=array_check action=maybe_recompile pc=0x00000000057ba5f4 method=java.util.TimSort.mergeLo(IIII)V @ 468
Event: 392.425 Thread 0x000000001aba1000 Uncommon trap: reason=array_check action=maybe_recompile pc=0x00000000057ba5f4 method=java.util.TimSort.mergeLo(IIII)V @ 468
Event: 392.512 Thread 0x000000001aba1000 Uncommon trap: reason=class_check action=maybe_recompile pc=0x00000000045b17f0 method=org.eclipse.jdt.internal.compiler.lookup.BinaryTypeBinding.superclass()Lorg/eclipse/jdt/internal/compiler/lookup/ReferenceBinding; @ 51
Event: 392.587 Thread 0x000000001aba7800 Uncommon trap: reason=unstable_if action=reinterpret pc=0x00000000052ab92c method=java.util.concurrent.ConcurrentHashMap.putVal(Ljava/lang/Object;Ljava/lang/Object;Z)Ljava/lang/Object; @ 331
Event: 392.589 Thread 0x000000001aba7800 Uncommon trap: reason=unstable_if action=reinterpret pc=0x00000000051664e4 method=java.util.concurrent.ConcurrentHashMap.transfer([Ljava/util/concurrent/ConcurrentHashMap$Node;[Ljava/util/concurrent/ConcurrentHashMap$Node;)V @ 356

Classes redefined (0 events):
No events

Internal exceptions (10 events):
Event: 392.529 Thread 0x000000001aba1000 Exception <a 'java/lang/ClassCastException'> (0x00000000c38352c0) thrown at [C:\re\workspace\8-2-build-windows-amd64-cygwin\jdk8u171\10807\hotspot\src\share\vm\runtime\sharedRuntime.cpp, line 605]
Event: 392.529 Thread 0x000000001aba1000 Exception <a 'java/lang/ClassCastException'> (0x00000000c3835600) thrown at [C:\re\workspace\8-2-build-windows-amd64-cygwin\jdk8u171\10807\hotspot\src\share\vm\runtime\sharedRuntime.cpp, line 605]
Event: 392.530 Thread 0x000000001aba1000 Exception <a 'java/lang/ClassCastException'> (0x00000000c3836960) thrown at [C:\re\workspace\8-2-build-windows-amd64-cygwin\jdk8u171\10807\hotspot\src\share\vm\runtime\sharedRuntime.cpp, line 605]
Event: 392.530 Thread 0x000000001aba1000 Exception <a 'java/lang/ClassCastException'> (0x00000000c3836ca0) thrown at [C:\re\workspace\8-2-build-windows-amd64-cygwin\jdk8u171\10807\hotspot\src\share\vm\runtime\sharedRuntime.cpp, line 605]
Event: 392.530 Thread 0x000000001aba1000 Exception <a 'java/lang/ClassCastException'> (0x00000000c3836fe0) thrown at [C:\re\workspace\8-2-build-windows-amd64-cygwin\jdk8u171\10807\hotspot\src\share\vm\runtime\sharedRuntime.cpp, line 605]
Event: 392.530 Thread 0x000000001aba1000 Exception <a 'java/lang/ClassCastException'> (0x00000000c3837320) thrown at [C:\re\workspace\8-2-build-windows-amd64-cygwin\jdk8u171\10807\hotspot\src\share\vm\runtime\sharedRuntime.cpp, line 605]
Event: 392.530 Thread 0x000000001aba1000 Exception <a 'java/lang/ClassCastException'> (0x00000000c3837660) thrown at [C:\re\workspace\8-2-build-windows-amd64-cygwin\jdk8u171\10807\hotspot\src\share\vm\runtime\sharedRuntime.cpp, line 605]
Event: 392.530 Thread 0x000000001aba1000 Exception <a 'java/lang/ClassCastException'> (0x00000000c38379a0) thrown at [C:\re\workspace\8-2-build-windows-amd64-cygwin\jdk8u171\10807\hotspot\src\share\vm\runtime\sharedRuntime.cpp, line 605]
Event: 392.530 Thread 0x000000001aba1000 Exception <a 'java/lang/ClassCastException'> (0x00000000c3837ce0) thrown at [C:\re\workspace\8-2-build-windows-amd64-cygwin\jdk8u171\10807\hotspot\src\share\vm\runtime\sharedRuntime.cpp, line 605]
Event: 392.530 Thread 0x000000001aba1000 Exception <a 'java/lang/ClassCastException'> (0x00000000c3838020) thrown at [C:\re\workspace\8-2-build-windows-amd64-cygwin\jdk8u171\10807\hotspot\src\share\vm\runtime\sharedRuntime.cpp, line 605]

Events (10 events):
Event: 392.890 Executing VM operation: G1IncCollectionPause done
Event: 392.932 Executing VM operation: CGC_Operation
Event: 392.953 Executing VM operation: CGC_Operation done
Event: 392.955 Executing VM operation: CGC_Operation
Event: 392.956 Executing VM operation: CGC_Operation done
Event: 392.960 Executing VM operation: G1IncCollectionPause
Event: 392.966 Executing VM operation: G1IncCollectionPause done
Event: 392.996 Executing VM operation: G1IncCollectionPause
Event: 393.003 Executing VM operation: G1IncCollectionPause done
Event: 393.031 Executing VM operation: G1IncCollectionPause


Dynamic libraries:
0x00007ff725010000 - 0x00007ff725047000 	C:\Program Files\Java\jdk1.8.0_171\bin\java.exe
0x00007ff933b60000 - 0x00007ff933d4d000 	C:\WINDOWS\SYSTEM32\ntdll.dll
0x00007ff932220000 - 0x00007ff9322d3000 	C:\WINDOWS\System32\KERNEL32.DLL
0x00007ff930100000 - 0x00007ff930393000 	C:\WINDOWS\System32\KERNELBASE.dll
0x00007ff930d90000 - 0x00007ff930e33000 	C:\WINDOWS\System32\ADVAPI32.dll
0x00007ff9319d0000 - 0x00007ff931a6e000 	C:\WINDOWS\System32\msvcrt.dll
0x00007ff931f10000 - 0x00007ff931fae000 	C:\WINDOWS\System32\sechost.dll
0x00007ff931fc0000 - 0x00007ff9320e2000 	C:\WINDOWS\System32\RPCRT4.dll
0x00007ff931d70000 - 0x00007ff931f07000 	C:\WINDOWS\System32\USER32.dll
0x00007ff92fc50000 - 0x00007ff92fc70000 	C:\WINDOWS\System32\win32u.dll
0x00007ff9322f0000 - 0x00007ff932319000 	C:\WINDOWS\System32\GDI32.dll
0x00007ff9303a0000 - 0x00007ff93053a000 	C:\WINDOWS\System32\gdi32full.dll
0x00007ff92fe80000 - 0x00007ff92ff20000 	C:\WINDOWS\System32\msvcp_win.dll
0x00007ff930540000 - 0x00007ff93063a000 	C:\WINDOWS\System32\ucrtbase.dll
0x00007ff924040000 - 0x00007ff9242b9000 	C:\WINDOWS\WinSxS\amd64_microsoft.windows.common-controls_6595b64144ccf1df_6.0.17763.379_none_05b83be8071c94a1\COMCTL32.dll
0x00007ff931620000 - 0x00007ff93194d000 	C:\WINDOWS\System32\combase.dll
0x00007ff92fcf0000 - 0x00007ff92fd6e000 	C:\WINDOWS\System32\bcryptPrimitives.dll
0x00007ff931060000 - 0x00007ff93108e000 	C:\WINDOWS\System32\IMM32.DLL
0x000000005a180000 - 0x000000005a252000 	C:\Program Files\Java\jdk1.8.0_171\jre\bin\msvcr100.dll
0x00000000587b0000 - 0x0000000059050000 	C:\Program Files\Java\jdk1.8.0_171\jre\bin\server\jvm.dll
0x00007ff931fb0000 - 0x00007ff931fb8000 	C:\WINDOWS\System32\PSAPI.DLL
0x00007ff92db40000 - 0x00007ff92db64000 	C:\WINDOWS\SYSTEM32\WINMM.dll
0x00007ff91ee60000 - 0x00007ff91ee6a000 	C:\WINDOWS\SYSTEM32\VERSION.dll
0x00007ff91dea0000 - 0x00007ff91dea9000 	C:\WINDOWS\SYSTEM32\WSOCK32.dll
0x00007ff932340000 - 0x00007ff9323ad000 	C:\WINDOWS\System32\WS2_32.dll
0x00007ff92db10000 - 0x00007ff92db3d000 	C:\WINDOWS\SYSTEM32\WINMMBASE.dll
0x00007ff92fc70000 - 0x00007ff92fcba000 	C:\WINDOWS\System32\cfgmgr32.dll
0x000000005a170000 - 0x000000005a17f000 	C:\Program Files\Java\jdk1.8.0_171\jre\bin\verify.dll
0x000000005a140000 - 0x000000005a169000 	C:\Program Files\Java\jdk1.8.0_171\jre\bin\java.dll
0x000000005a120000 - 0x000000005a136000 	C:\Program Files\Java\jdk1.8.0_171\jre\bin\zip.dll
0x00007ff932640000 - 0x00007ff933b30000 	C:\WINDOWS\System32\SHELL32.dll
0x00007ff931090000 - 0x00007ff931138000 	C:\WINDOWS\System32\shcore.dll
0x00007ff930640000 - 0x00007ff930d8a000 	C:\WINDOWS\System32\windows.storage.dll
0x00007ff92fba0000 - 0x00007ff92fbc4000 	C:\WINDOWS\System32\profapi.dll
0x00007ff92fbd0000 - 0x00007ff92fc2d000 	C:\WINDOWS\System32\powrprof.dll
0x00007ff931d10000 - 0x00007ff931d62000 	C:\WINDOWS\System32\shlwapi.dll
0x00007ff92fb80000 - 0x00007ff92fb91000 	C:\WINDOWS\System32\kernel.appcore.dll
0x00007ff92fc30000 - 0x00007ff92fc47000 	C:\WINDOWS\System32\cryptsp.dll
0x00007ff92ef40000 - 0x00007ff92ef73000 	C:\WINDOWS\system32\rsaenh.dll
0x00007ff92fcc0000 - 0x00007ff92fce6000 	C:\WINDOWS\System32\bcrypt.dll
0x00007ff92fa60000 - 0x00007ff92fa88000 	C:\WINDOWS\SYSTEM32\USERENV.dll
0x00007ff92f550000 - 0x00007ff92f55c000 	C:\WINDOWS\SYSTEM32\CRYPTBASE.dll
0x000000005a100000 - 0x000000005a11a000 	C:\Program Files\Java\jdk1.8.0_171\jre\bin\net.dll
0x00007ff92f380000 - 0x00007ff92f3e7000 	C:\WINDOWS\system32\mswsock.dll
0x00007ff92f0e0000 - 0x00007ff92f11d000 	C:\WINDOWS\SYSTEM32\IPHLPAPI.DLL
0x00007ff9322e0000 - 0x00007ff9322e8000 	C:\WINDOWS\System32\NSI.dll
0x00007ff923940000 - 0x00007ff923956000 	C:\WINDOWS\SYSTEM32\dhcpcsvc6.DLL
0x00007ff923cf0000 - 0x00007ff923d0c000 	C:\WINDOWS\SYSTEM32\dhcpcsvc.DLL
0x00007ff92f120000 - 0x00007ff92f1e6000 	C:\WINDOWS\SYSTEM32\DNSAPI.dll
0x000000005a0e0000 - 0x000000005a0f1000 	C:\Program Files\Java\jdk1.8.0_171\jre\bin\nio.dll
0x00007ff9201b0000 - 0x00007ff9201d9000 	C:\Users\XNOTE\.vscode\extensions\redhat.java-0.43.0\server\config_win\org.eclipse.equinox.launcher\org.eclipse.equinox.launcher.win32.win32.x86_64_1.1.1000.v20190125-2016\eclipse_1801.dll
0x00007ff927550000 - 0x00007ff927561000 	C:\Users\XNOTE\.vscode\extensions\redhat.java-0.43.0\server\config_win\org.eclipse.osgi\20\0\.cp\jWinHttp-1.0.0.dll
0x00007ff9324e0000 - 0x00007ff932635000 	C:\WINDOWS\System32\ole32.dll
0x00007ff924560000 - 0x00007ff924651000 	C:\WINDOWS\SYSTEM32\WINHTTP.dll

VM Arguments:
jvm_args: -Declipse.application=org.eclipse.jdt.ls.core.id1 -Dosgi.bundles.defaultStartLevel=4 -Declipse.product=org.eclipse.jdt.ls.core.product -Dfile.encoding=utf8 -DwatchParentProcess=false -Xverify:none -Xmx1G -XX:+UseG1GC -XX:+UseStringDeduplication 
java_command: C:\Users\XNOTE\.vscode\extensions\redhat.java-0.43.0\server\plugins\org.eclipse.equinox.launcher_1.5.300.v20190213-1655.jar -configuration C:\Users\XNOTE\.vscode\extensions\redhat.java-0.43.0\server\config_win -data c:\Users\XNOTE\AppData\Roaming\Code\User\workspaceStorage\0bdfaac4224be0d618bdcf963b857abf\redhat.java\jdt_ws
java_class_path (initial): C:\Users\XNOTE\.vscode\extensions\redhat.java-0.43.0\server\plugins\org.eclipse.equinox.launcher_1.5.300.v20190213-1655.jar
Launcher Type: SUN_STANDARD

Environment Variables:
PATH=C:\Program Files (x86)\Common Files\Oracle\Java\javapath;C:\ProgramData\Oracle\Java\javapath;C:\python27;C:\WINDOWS\system32;C:\WINDOWS;C:\WINDOWS\System32\Wbem;C:\WINDOWS\System32\WindowsPowerShell\v1.0\;C:\Program Files (x86)\Windows Live\Shared;C:\WINDOWS\System32\OpenSSH\;C:\Program Files\PuTTY\;C:\Program Files\Microsoft VS Code\bin;C:\Program Files\Git\cmd;C:\Program Files\Java\jdk1.8.0_171\bin;%USERPROFILE%\AppData\Local\Microsoft\WindowsApps;
USERNAME=¹Î¿ì
OS=Windows_NT
PROCESSOR_IDENTIFIER=Intel64 Family 6 Model 58 Stepping 9, GenuineIntel



---------------  S Y S T E M  ---------------

OS: Windows 10.0 , 64 bit Build 17763 (10.0.17763.379)

CPU:total 4 (initial active 4) (2 cores per cpu, 2 threads per core) family 6 model 58 stepping 9, cmov, cx8, fxsr, mmx, sse, sse2, sse3, ssse3, sse4.1, sse4.2, popcnt, avx, clmul, erms, ht, tsc, tscinvbit, tscinv

Memory: 4k page, physical 4024712k(914688k free), swap 5445000k(41300k free)

vm_info: Java HotSpot(TM) 64-Bit Server VM (25.171-b11) for windows-amd64 JRE (1.8.0_171-b11), built on Mar 28 2018 16:06:12 by "java_re" with MS VC++ 10.0 (VS2010)

time: Thu May 02 03:26:48 2019
elapsed time: 393 seconds (0d 0h 6m 33s)

