#
# There is insufficient memory for the Java Runtime Environment to continue.
# Native memory allocation (malloc) failed to allocate 32744 bytes for ChunkPool::allocate
# Possible reasons:
#   The system is out of physical RAM or swap space
#   In 32 bit mode, the process size limit was hit
# Possible solutions:
#   Reduce memory load on the system
#   Increase physical memory or swap space
#   Check if swap backing store is full
#   Use 64 bit Java on a 64 bit OS
#   Decrease Java heap size (-Xmx/-Xms)
#   Decrease number of Java threads
#   Decrease Java thread stack sizes (-Xss)
#   Set larger code cache with -XX:ReservedCodeCacheSize=
# This output file may be truncated or incomplete.
#
#  Out of Memory Error (allocation.cpp:273), pid=12852, tid=0x0000000000003710
#
# JRE version: Java(TM) SE Runtime Environment (8.0_171-b11) (build 1.8.0_171-b11)
# Java VM: Java HotSpot(TM) 64-Bit Server VM (25.171-b11 mixed mode windows-amd64 compressed oops)
# Failed to write core dump. Minidumps are not enabled by default on client versions of Windows
#

---------------  T H R E A D  ---------------

Current thread (0x0000000018b71000):  JavaThread "C2 CompilerThread0" daemon [_thread_in_native, id=14096, stack(0x0000000019340000,0x0000000019440000)]

Stack: [0x0000000019340000,0x0000000019440000]
[error occurred during error reporting (printing stack bounds), id 0xc0000005]

Native frames: (J=compiled Java code, j=interpreted, Vv=VM code, C=native code)


Current CompileTask:
C2:  18455 5629       4       org.eclipse.jdt.internal.compiler.lookup.LookupEnvironment::getTypeFromSignature (376 bytes)


---------------  P R O C E S S  ---------------

Java Threads: ( => current thread )
  0x000000001f811000 JavaThread "ForkJoinPool.commonPool-worker-3" daemon [_thread_in_vm, id=15732, stack(0x00000000213c0000,0x00000000214c0000)]
  0x000000001f80b800 JavaThread "ForkJoinPool.commonPool-worker-2" daemon [_thread_in_vm, id=13516, stack(0x00000000212c0000,0x00000000213c0000)]
  0x000000001f80b000 JavaThread "ForkJoinPool.commonPool-worker-1" daemon [_thread_blocked, id=644, stack(0x00000000211c0000,0x00000000212c0000)]
  0x000000001f80e800 JavaThread "Worker-4" [_thread_blocked, id=17436, stack(0x0000000020ac0000,0x0000000020bc0000)]
  0x000000001c38b000 JavaThread "Worker-3" [_thread_blocked, id=2496, stack(0x000000001f200000,0x000000001f300000)]
  0x000000001a4c4000 JavaThread "pool-1-thread-1" [_thread_in_native, id=16228, stack(0x000000001f100000,0x000000001f200000)]
  0x000000001aa18800 JavaThread "Bundle File Closer" daemon [_thread_blocked, id=15536, stack(0x000000001d630000,0x000000001d730000)]
  0x000000001a576000 JavaThread "Worker-2" [_thread_blocked, id=15464, stack(0x000000001d530000,0x000000001d630000)]
  0x000000001b0cf800 JavaThread "Java indexing" daemon [_thread_blocked, id=15124, stack(0x000000001d430000,0x000000001d530000)]
  0x000000001ab3e000 JavaThread "Worker-1" [_thread_blocked, id=8816, stack(0x000000001cf30000,0x000000001d030000)]
  0x000000001bef3000 JavaThread "Worker-0" [_thread_blocked, id=16312, stack(0x000000001ccb0000,0x000000001cdb0000)]
  0x000000001a6ad000 JavaThread "Worker-JM" [_thread_blocked, id=9356, stack(0x000000001b3f0000,0x000000001b4f0000)]
  0x000000001a5df800 JavaThread "Start Level: Equinox Container: d6399d98-02e2-40b7-a87f-b3a70feb7f06" daemon [_thread_blocked, id=18052, stack(0x000000001b2f0000,0x000000001b3f0000)]
  0x0000000019c8e800 JavaThread "Framework Event Dispatcher: Equinox Container: d6399d98-02e2-40b7-a87f-b3a70feb7f06" daemon [_thread_blocked, id=12612, stack(0x000000001b1f0000,0x000000001b2f0000)]
  0x0000000019acb000 JavaThread "Active Thread: Equinox Container: d6399d98-02e2-40b7-a87f-b3a70feb7f06" [_thread_blocked, id=6604, stack(0x000000001b0f0000,0x000000001b1f0000)]
  0x0000000018c08800 JavaThread "Service Thread" daemon [_thread_blocked, id=10108, stack(0x0000000019640000,0x0000000019740000)]
  0x0000000018b7e000 JavaThread "C1 CompilerThread2" daemon [_thread_in_native, id=17492, stack(0x0000000019540000,0x0000000019640000)]
  0x0000000018b72800 JavaThread "C2 CompilerThread1" daemon [_thread_in_native, id=6748, stack(0x0000000019440000,0x0000000019540000)]
=>0x0000000018b71000 JavaThread "C2 CompilerThread0" daemon [_thread_in_native, id=14096, stack(0x0000000019340000,0x0000000019440000)]
  0x0000000018b6b000 JavaThread "Attach Listener" daemon [_thread_blocked, id=4040, stack(0x0000000019240000,0x0000000019340000)]
  0x0000000018b54800 JavaThread "Signal Dispatcher" daemon [_thread_blocked, id=17512, stack(0x0000000019140000,0x0000000019240000)]
  0x0000000018b53800 JavaThread "Surrogate Locker Thread (Concurrent GC)" daemon [_thread_blocked, id=7228, stack(0x0000000019040000,0x0000000019140000)]
  0x0000000018acb800 JavaThread "Finalizer" daemon [_thread_blocked, id=15748, stack(0x0000000018f40000,0x0000000019040000)]
  0x0000000018ac3000 JavaThread "Reference Handler" daemon [_thread_blocked, id=9264, stack(0x0000000018e40000,0x0000000018f40000)]
  0x0000000000a2e000 JavaThread "main" [_thread_blocked, id=7164, stack(0x0000000002bd0000,0x0000000002cd0000)]

Other Threads:
  0x0000000018abf800 VMThread [stack: 0x0000000018860000,0x0000000018960000] [id=652]
  0x0000000018c1b000 WatcherThread [stack: 0x0000000019740000,0x0000000019840000] [id=13968]

VM state:not at safepoint (normal execution)

VM Mutex/Monitor currently owned by a thread:  ([mutex/lock_event])
[0x0000000002cf08d0] Threads_lock - owner thread: 0x0000000018abf800

Heap:
 garbage-first heap   total 63488K, used 48640K [0x00000000c0000000, 0x00000000c01001f0, 0x0000000100000000)
  region size 1024K, 12 young (12288K), 3 survivors (3072K)
 Metaspace       used 45848K, capacity 48478K, committed 48640K, reserved 1091584K
  class space    used 4787K, capacity 5588K, committed 5632K, reserved 1048576K

Heap Regions: (Y=young(eden), SU=young(survivor), HS=humongous(starts), HC=humongous(continues), CS=collection set, F=free, TS=gc time stamp, PTAMS=previous top-at-mark-start, NTAMS=next top-at-mark-start)
AC   0  O    TS     0 PTAMS 0x00000000c0100000 NTAMS 0x00000000c0100000 space 1024K, 100% used [0x00000000c0000000, 0x00000000c0100000)
AC   0  O    TS     0 PTAMS 0x00000000c0200000 NTAMS 0x00000000c0200000 space 1024K, 100% used [0x00000000c0100000, 0x00000000c0200000)
AC   0  O    TS     0 PTAMS 0x00000000c0300000 NTAMS 0x00000000c0300000 space 1024K, 100% used [0x00000000c0200000, 0x00000000c0300000)
AC   0  O    TS     0 PTAMS 0x00000000c0400000 NTAMS 0x00000000c0400000 space 1024K, 100% used [0x00000000c0300000, 0x00000000c0400000)
AC   0  O    TS     0 PTAMS 0x00000000c0500000 NTAMS 0x00000000c0500000 space 1024K, 100% used [0x00000000c0400000, 0x00000000c0500000)
AC   0  O    TS     0 PTAMS 0x00000000c0600000 NTAMS 0x00000000c0600000 space 1024K, 100% used [0x00000000c0500000, 0x00000000c0600000)
AC   0  O    TS     0 PTAMS 0x00000000c0700000 NTAMS 0x00000000c0700000 space 1024K, 100% used [0x00000000c0600000, 0x00000000c0700000)
AC   0  O    TS     0 PTAMS 0x00000000c0800000 NTAMS 0x00000000c0800000 space 1024K, 100% used [0x00000000c0700000, 0x00000000c0800000)
AC   0  O    TS     0 PTAMS 0x00000000c0900000 NTAMS 0x00000000c0900000 space 1024K, 100% used [0x00000000c0800000, 0x00000000c0900000)
AC   0  O    TS     0 PTAMS 0x00000000c0a00000 NTAMS 0x00000000c0a00000 space 1024K, 100% used [0x00000000c0900000, 0x00000000c0a00000)
AC   0  O    TS     0 PTAMS 0x00000000c0b00000 NTAMS 0x00000000c0b00000 space 1024K, 100% used [0x00000000c0a00000, 0x00000000c0b00000)
AC   0  O    TS     0 PTAMS 0x00000000c0c00000 NTAMS 0x00000000c0c00000 space 1024K, 100% used [0x00000000c0b00000, 0x00000000c0c00000)
AC   0  O    TS     0 PTAMS 0x00000000c0d00000 NTAMS 0x00000000c0d00000 space 1024K, 100% used [0x00000000c0c00000, 0x00000000c0d00000)
AC   0  O    TS     0 PTAMS 0x00000000c0e00000 NTAMS 0x00000000c0e00000 space 1024K, 100% used [0x00000000c0d00000, 0x00000000c0e00000)
AC   0  O    TS     0 PTAMS 0x00000000c0f00000 NTAMS 0x00000000c0f00000 space 1024K, 100% used [0x00000000c0e00000, 0x00000000c0f00000)
AC   0  O    TS     0 PTAMS 0x00000000c1000000 NTAMS 0x00000000c1000000 space 1024K, 100% used [0x00000000c0f00000, 0x00000000c1000000)
AC   0  O    TS     0 PTAMS 0x00000000c1100000 NTAMS 0x00000000c1100000 space 1024K, 100% used [0x00000000c1000000, 0x00000000c1100000)
AC   0  O    TS     0 PTAMS 0x00000000c1200000 NTAMS 0x00000000c1200000 space 1024K, 100% used [0x00000000c1100000, 0x00000000c1200000)
AC   0 HS    TS     0 PTAMS 0x00000000c1280010 NTAMS 0x00000000c1280010 space 1024K,  50% used [0x00000000c1200000, 0x00000000c1300000)
AC   0  O    TS     0 PTAMS 0x00000000c1400000 NTAMS 0x00000000c1400000 space 1024K, 100% used [0x00000000c1300000, 0x00000000c1400000)
AC   0  O    TS     0 PTAMS 0x00000000c1500000 NTAMS 0x00000000c1500000 space 1024K, 100% used [0x00000000c1400000, 0x00000000c1500000)
AC   0  O    TS     0 PTAMS 0x00000000c1600000 NTAMS 0x00000000c1600000 space 1024K, 100% used [0x00000000c1500000, 0x00000000c1600000)
AC   0  O    TS     0 PTAMS 0x00000000c1700000 NTAMS 0x00000000c1700000 space 1024K, 100% used [0x00000000c1600000, 0x00000000c1700000)
AC   0  O    TS     0 PTAMS 0x00000000c1800000 NTAMS 0x00000000c1800000 space 1024K, 100% used [0x00000000c1700000, 0x00000000c1800000)
AC   0  O    TS     0 PTAMS 0x00000000c1900000 NTAMS 0x00000000c1900000 space 1024K, 100% used [0x00000000c1800000, 0x00000000c1900000)
AC   0  O    TS     0 PTAMS 0x00000000c1a00000 NTAMS 0x00000000c1a00000 space 1024K, 100% used [0x00000000c1900000, 0x00000000c1a00000)
AC   0  O    TS     0 PTAMS 0x00000000c1b00000 NTAMS 0x00000000c1b00000 space 1024K, 100% used [0x00000000c1a00000, 0x00000000c1b00000)
AC   0  O    TS     0 PTAMS 0x00000000c1c00000 NTAMS 0x00000000c1c00000 space 1024K, 100% used [0x00000000c1b00000, 0x00000000c1c00000)
AC   0  O    TS     0 PTAMS 0x00000000c1d00000 NTAMS 0x00000000c1d00000 space 1024K, 100% used [0x00000000c1c00000, 0x00000000c1d00000)
AC   0  O    TS     0 PTAMS 0x00000000c1e00000 NTAMS 0x00000000c1e00000 space 1024K, 100% used [0x00000000c1d00000, 0x00000000c1e00000)
AC   0  F    TS     0 PTAMS 0x00000000c1e00000 NTAMS 0x00000000c1e00000 space 1024K,   0% used [0x00000000c1e00000, 0x00000000c1f00000)
AC   0  O    TS     0 PTAMS 0x00000000c2000000 NTAMS 0x00000000c2000000 space 1024K, 100% used [0x00000000c1f00000, 0x00000000c2000000)
AC   0  O    TS     0 PTAMS 0x00000000c2100000 NTAMS 0x00000000c2100000 space 1024K, 100% used [0x00000000c2000000, 0x00000000c2100000)
AC   0  F    TS     0 PTAMS 0x00000000c2100000 NTAMS 0x00000000c2100000 space 1024K,   0% used [0x00000000c2100000, 0x00000000c2200000)
AC   0  O    TS     0 PTAMS 0x00000000c2300000 NTAMS 0x00000000c2300000 space 1024K, 100% used [0x00000000c2200000, 0x00000000c2300000)
AC   0  O    TS     0 PTAMS 0x00000000c2400000 NTAMS 0x00000000c2400000 space 1024K, 100% used [0x00000000c2300000, 0x00000000c2400000)
AC   0  F    TS     0 PTAMS 0x00000000c2400000 NTAMS 0x00000000c2400000 space 1024K,   0% used [0x00000000c2400000, 0x00000000c2500000)
AC   0  F    TS     0 PTAMS 0x00000000c2500000 NTAMS 0x00000000c2500000 space 1024K,   0% used [0x00000000c2500000, 0x00000000c2600000)
AC   0  O    TS     0 PTAMS 0x00000000c2700000 NTAMS 0x00000000c2700000 space 1024K, 100% used [0x00000000c2600000, 0x00000000c2700000)
AC   0  O    TS     0 PTAMS 0x00000000c2800000 NTAMS 0x00000000c2800000 space 1024K, 100% used [0x00000000c2700000, 0x00000000c2800000)
AC   0  F    TS     0 PTAMS 0x00000000c2800000 NTAMS 0x00000000c2800000 space 1024K,   0% used [0x00000000c2800000, 0x00000000c2900000)
AC   0  F    TS     0 PTAMS 0x00000000c2900000 NTAMS 0x00000000c2900000 space 1024K,   0% used [0x00000000c2900000, 0x00000000c2a00000)
AC   0  O    TS     0 PTAMS 0x00000000c2b00000 NTAMS 0x00000000c2b00000 space 1024K, 100% used [0x00000000c2a00000, 0x00000000c2b00000)
AC   0  F    TS     0 PTAMS 0x00000000c2b00000 NTAMS 0x00000000c2b00000 space 1024K,   0% used [0x00000000c2b00000, 0x00000000c2c00000)
AC   0  F    TS     0 PTAMS 0x00000000c2c00000 NTAMS 0x00000000c2c00000 space 1024K,   0% used [0x00000000c2c00000, 0x00000000c2d00000)
AC   0  S CS TS     0 PTAMS 0x00000000c2d00000 NTAMS 0x00000000c2d00000 space 1024K, 100% used [0x00000000c2d00000, 0x00000000c2e00000)
AC   0  S CS TS     0 PTAMS 0x00000000c2e00000 NTAMS 0x00000000c2e00000 space 1024K, 100% used [0x00000000c2e00000, 0x00000000c2f00000)
AC   0  S CS TS     0 PTAMS 0x00000000c2f00000 NTAMS 0x00000000c2f00000 space 1024K, 100% used [0x00000000c2f00000, 0x00000000c3000000)
AC   0  F    TS     0 PTAMS 0x00000000c3000000 NTAMS 0x00000000c3000000 space 1024K,   0% used [0x00000000c3000000, 0x00000000c3100000)
AC   0  F    TS     0 PTAMS 0x00000000c3100000 NTAMS 0x00000000c3100000 space 1024K,   0% used [0x00000000c3100000, 0x00000000c3200000)
AC   0  F    TS     0 PTAMS 0x00000000c3200000 NTAMS 0x00000000c3200000 space 1024K,   0% used [0x00000000c3200000, 0x00000000c3300000)
AC   0  F    TS     0 PTAMS 0x00000000c3300000 NTAMS 0x00000000c3300000 space 1024K,   0% used [0x00000000c3300000, 0x00000000c3400000)
AC   0  F    TS     0 PTAMS 0x00000000c3400000 NTAMS 0x00000000c3400000 space 1024K,   0% used [0x00000000c3400000, 0x00000000c3500000)
AC   0  E    TS     0 PTAMS 0x00000000c3500000 NTAMS 0x00000000c3500000 space 1024K,  58% used [0x00000000c3500000, 0x00000000c3600000)
AC   0  E CS TS     0 PTAMS 0x00000000c3600000 NTAMS 0x00000000c3600000 space 1024K, 100% used [0x00000000c3600000, 0x00000000c3700000)
AC   0  E CS TS     0 PTAMS 0x00000000c3700000 NTAMS 0x00000000c3700000 space 1024K, 100% used [0x00000000c3700000, 0x00000000c3800000)
AC   0  E CS TS     0 PTAMS 0x00000000c3800000 NTAMS 0x00000000c3800000 space 1024K, 100% used [0x00000000c3800000, 0x00000000c3900000)
AC   0  E CS TS     0 PTAMS 0x00000000c3900000 NTAMS 0x00000000c3900000 space 1024K, 100% used [0x00000000c3900000, 0x00000000c3a00000)
AC   0  E CS TS     0 PTAMS 0x00000000c3a00000 NTAMS 0x00000000c3a00000 space 1024K, 100% used [0x00000000c3a00000, 0x00000000c3b00000)
AC   0  E CS TS     0 PTAMS 0x00000000c3b00000 NTAMS 0x00000000c3b00000 space 1024K, 100% used [0x00000000c3b00000, 0x00000000c3c00000)
AC   0  E CS TS     0 PTAMS 0x00000000c3c00000 NTAMS 0x00000000c3c00000 space 1024K, 100% used [0x00000000c3c00000, 0x00000000c3d00000)
AC   0  E CS TS     0 PTAMS 0x00000000c3d00000 NTAMS 0x00000000c3d00000 space 1024K, 100% used [0x00000000c3d00000, 0x00000000c3e00000)

Card table byte_map: [0x0000000013300000,0x0000000013500000] byte_map_base: 0x0000000012d00000

Marking Bits (Prev, Next): (CMBitMap*) 0x0000000002d276b0, (CMBitMap*) 0x0000000002d27658
 Prev Bits: [0x0000000014700000, 0x0000000015700000)
 Next Bits: [0x0000000013700000, 0x0000000014700000)

Polling page: 0x0000000002cd0000

CodeCache: size=245760Kb used=17021Kb max_used=17077Kb free=228738Kb
 bounds [0x0000000002e00000, 0x0000000003ed0000, 0x0000000011e00000]
 total_blobs=5456 nmethods=4881 adapters=486
 compilation: enabled

Compilation events (10 events):
Event: 18.440 Thread 0x0000000018b7e000 nmethod 5697 0x0000000003502990 code [0x0000000003502d60, 0x0000000003505248]
Event: 18.440 Thread 0x0000000018b7e000 5701       3       java.lang.invoke.DirectMethodHandle::maybeCompile (18 bytes)
Event: 18.441 Thread 0x0000000018b7e000 nmethod 5701 0x000000000336a8d0 code [0x000000000336aa40, 0x000000000336acd8]
Event: 18.441 Thread 0x0000000018b7e000 5700       3       org.eclipse.core.runtime.ListenerList::<init> (43 bytes)
Event: 18.442 Thread 0x0000000018b7e000 nmethod 5700 0x000000000326f7d0 code [0x000000000326f960, 0x000000000326fcc8]
Event: 18.442 Thread 0x0000000018b7e000 5702       3       java.lang.invoke.DirectMethodHandle::make (242 bytes)
Event: 18.445 Thread 0x0000000018b7e000 nmethod 5702 0x0000000003500050 code [0x00000000035003a0, 0x0000000003501d68]
Event: 18.446 Thread 0x0000000018b7e000 5703       3       java.lang.invoke.DirectMethodHandle::preparedLambdaForm (230 bytes)
Event: 18.447 Thread 0x0000000018b7e000 nmethod 5703 0x0000000003643390 code [0x0000000003643600, 0x0000000003644618]
Event: 18.448 Thread 0x0000000018b7e000 5705       3       java.lang.invoke.TypeConvertingMethodAdapter::convertType (299 bytes)

GC Heap History (10 events):
Event: 14.322 GC heap before
{Heap before GC invocations=15 (full 0):
 garbage-first heap   total 63488K, used 52955K [0x00000000c0000000, 0x00000000c01001f0, 0x0000000100000000)
  region size 1024K, 29 young (29696K), 3 survivors (3072K)
 Metaspace       used 37626K, capacity 39468K, committed 39808K, reserved 1085440K
  class space    used 3990K, capacity 4648K, committed 4736K, reserved 1048576K
Event: 14.327 GC heap after
Heap after GC invocations=16 (full 0):
 garbage-first heap   total 63488K, used 27073K [0x00000000c0000000, 0x00000000c01001f0, 0x0000000100000000)
  region size 1024K, 4 young (4096K), 4 survivors (4096K)
 Metaspace       used 37626K, capacity 39468K, committed 39808K, reserved 1085440K
  class space    used 3990K, capacity 4648K, committed 4736K, reserved 1048576K
}
Event: 15.168 GC heap before
{Heap before GC invocations=16 (full 0):
 garbage-first heap   total 63488K, used 51649K [0x00000000c0000000, 0x00000000c01001f0, 0x0000000100000000)
  region size 1024K, 28 young (28672K), 4 survivors (4096K)
 Metaspace       used 40384K, capacity 42512K, committed 42880K, reserved 1087488K
  class space    used 4230K, capacity 4937K, committed 4992K, reserved 1048576K
Event: 15.176 GC heap after
Heap after GC invocations=17 (full 0):
 garbage-first heap   total 63488K, used 29218K [0x00000000c0000000, 0x00000000c01001f0, 0x0000000100000000)
  region size 1024K, 4 young (4096K), 4 survivors (4096K)
 Metaspace       used 40384K, capacity 42512K, committed 42880K, reserved 1087488K
  class space    used 4230K, capacity 4937K, committed 4992K, reserved 1048576K
}
Event: 15.561 GC heap before
{Heap before GC invocations=17 (full 0):
 garbage-first heap   total 63488K, used 51746K [0x00000000c0000000, 0x00000000c01001f0, 0x0000000100000000)
  region size 1024K, 26 young (26624K), 4 survivors (4096K)
 Metaspace       used 40530K, capacity 42672K, committed 42880K, reserved 1087488K
  class space    used 4248K, capacity 4969K, committed 4992K, reserved 1048576K
Event: 15.573 GC heap after
Heap after GC invocations=18 (full 0):
 garbage-first heap   total 63488K, used 31286K [0x00000000c0000000, 0x00000000c01001f0, 0x0000000100000000)
  region size 1024K, 4 young (4096K), 4 survivors (4096K)
 Metaspace       used 40530K, capacity 42672K, committed 42880K, reserved 1087488K
  class space    used 4248K, capacity 4969K, committed 4992K, reserved 1048576K
}
Event: 16.962 GC heap before
{Heap before GC invocations=18 (full 0):
 garbage-first heap   total 63488K, used 52278K [0x00000000c0000000, 0x00000000c01001f0, 0x0000000100000000)
  region size 1024K, 24 young (24576K), 4 survivors (4096K)
 Metaspace       used 43169K, capacity 45558K, committed 45824K, reserved 1089536K
  class space    used 4554K, capacity 5312K, committed 5376K, reserved 1048576K
Event: 16.980 GC heap after
Heap after GC invocations=19 (full 0):
 garbage-first heap   total 63488K, used 38002K [0x00000000c0000000, 0x00000000c01001f0, 0x0000000100000000)
  region size 1024K, 3 young (3072K), 3 survivors (3072K)
 Metaspace       used 43169K, capacity 45558K, committed 45824K, reserved 1089536K
  class space    used 4554K, capacity 5312K, committed 5376K, reserved 1048576K
}
Event: 17.896 GC heap before
{Heap before GC invocations=19 (full 0):
 garbage-first heap   total 63488K, used 52338K [0x00000000c0000000, 0x00000000c01001f0, 0x0000000100000000)
  region size 1024K, 17 young (17408K), 3 survivors (3072K)
 Metaspace       used 44334K, capacity 46790K, committed 46976K, reserved 1091584K
  class space    used 4644K, capacity 5394K, committed 5504K, reserved 1048576K
Event: 17.912 GC heap after
Heap after GC invocations=20 (full 0):
 garbage-first heap   total 63488K, used 43520K [0x00000000c0000000, 0x00000000c01001f0, 0x0000000100000000)
  region size 1024K, 3 young (3072K), 3 survivors (3072K)
 Metaspace       used 44334K, capacity 46790K, committed 46976K, reserved 1091584K
  class space    used 4644K, capacity 5394K, committed 5504K, reserved 1048576K
}

Deoptimization events (10 events):
Event: 18.235 Thread 0x000000001f811000 Uncommon trap: reason=class_check action=maybe_recompile pc=0x0000000003b62c54 method=org.eclipse.jdt.internal.compiler.lookup.LookupEnvironment.getTypeFromSignature([CIIZLorg/eclipse/jdt/internal/compiler/lookup/TypeBinding;[[[CLorg/eclipse/jdt/internal/
Event: 18.257 Thread 0x000000001f811000 Uncommon trap: reason=class_check action=maybe_recompile pc=0x0000000003a206c8 method=org.eclipse.jdt.internal.compiler.parser.Scanner.getNextToken()I @ 47
Event: 18.257 Thread 0x000000001f811000 Uncommon trap: reason=class_check action=maybe_recompile pc=0x0000000003a206c8 method=org.eclipse.jdt.internal.compiler.parser.Scanner.getNextToken()I @ 47
Event: 18.257 Thread 0x000000001f811000 Uncommon trap: reason=class_check action=maybe_recompile pc=0x0000000003a206c8 method=org.eclipse.jdt.internal.compiler.parser.Scanner.getNextToken()I @ 47
Event: 18.257 Thread 0x000000001f811000 Uncommon trap: reason=class_check action=maybe_recompile pc=0x0000000003a206c8 method=org.eclipse.jdt.internal.compiler.parser.Scanner.getNextToken()I @ 47
Event: 18.353 Thread 0x000000001f811000 Uncommon trap: reason=class_check action=maybe_recompile pc=0x0000000003826144 method=java.util.AbstractList$Itr.next()Ljava/lang/Object; @ 14
Event: 18.353 Thread 0x000000001f811000 Uncommon trap: reason=class_check action=maybe_recompile pc=0x0000000003826144 method=java.util.AbstractList$Itr.next()Ljava/lang/Object; @ 14
Event: 18.387 Thread 0x000000001f811000 Uncommon trap: reason=unstable_if action=reinterpret pc=0x00000000034119dc method=org.eclipse.osgi.internal.loader.ModuleClassLoader.defineClass(Ljava/lang/String;[BLorg/eclipse/osgi/internal/loader/classpath/ClasspathEntry;)Lorg/eclipse/osgi/internal/loa
Event: 18.401 Thread 0x000000001f80b800 Uncommon trap: reason=unstable_if action=reinterpret pc=0x0000000002fc243c method=java.util.concurrent.locks.ReentrantReadWriteLock$Sync.tryReleaseShared(I)Z @ 130
Event: 18.404 Thread 0x000000001f80b800 Uncommon trap: reason=unstable_if action=reinterpret pc=0x000000000320b530 method=java.util.WeakHashMap.remove(Ljava/lang/Object;)Ljava/lang/Object; @ 94

Classes redefined (0 events):
No events

Internal exceptions (10 events):
Event: 17.216 Thread 0x000000001bef3000 Exception <a 'java/lang/ArrayIndexOutOfBoundsException'> (0x00000000c3b03b88) thrown at [C:\re\workspace\8-2-build-windows-amd64-cygwin\jdk8u171\10807\hotspot\src\share\vm\runtime\sharedRuntime.cpp, line 605]
Event: 17.230 Thread 0x000000001bef3000 Exception <a 'java/lang/ArrayIndexOutOfBoundsException'> (0x00000000c3b3bb68) thrown at [C:\re\workspace\8-2-build-windows-amd64-cygwin\jdk8u171\10807\hotspot\src\share\vm\runtime\sharedRuntime.cpp, line 605]
Event: 17.245 Thread 0x000000001bef3000 Exception <a 'java/lang/ArrayIndexOutOfBoundsException'> (0x00000000c3b75268) thrown at [C:\re\workspace\8-2-build-windows-amd64-cygwin\jdk8u171\10807\hotspot\src\share\vm\runtime\sharedRuntime.cpp, line 605]
Event: 17.260 Thread 0x000000001bef3000 Exception <a 'java/lang/ArrayIndexOutOfBoundsException'> (0x00000000c3bad288) thrown at [C:\re\workspace\8-2-build-windows-amd64-cygwin\jdk8u171\10807\hotspot\src\share\vm\runtime\sharedRuntime.cpp, line 605]
Event: 17.267 Thread 0x000000001bef3000 Exception <a 'java/lang/ArrayIndexOutOfBoundsException'> (0x00000000c3be6890) thrown at [C:\re\workspace\8-2-build-windows-amd64-cygwin\jdk8u171\10807\hotspot\src\share\vm\runtime\sharedRuntime.cpp, line 605]
Event: 17.282 Thread 0x000000001bef3000 Exception <a 'java/lang/ArrayIndexOutOfBoundsException'> (0x00000000c3a1ef58) thrown at [C:\re\workspace\8-2-build-windows-amd64-cygwin\jdk8u171\10807\hotspot\src\share\vm\runtime\sharedRuntime.cpp, line 605]
Event: 17.308 Thread 0x000000001bef3000 Exception <a 'java/lang/ArrayIndexOutOfBoundsException'> (0x00000000c3a5d9b8) thrown at [C:\re\workspace\8-2-build-windows-amd64-cygwin\jdk8u171\10807\hotspot\src\share\vm\runtime\sharedRuntime.cpp, line 605]
Event: 17.357 Thread 0x000000001f80e800 Exception <a 'java/lang/ArrayIndexOutOfBoundsException'> (0x00000000c3920940) thrown at [C:\re\workspace\8-2-build-windows-amd64-cygwin\jdk8u171\10807\hotspot\src\share\vm\runtime\sharedRuntime.cpp, line 605]
Event: 18.187 Thread 0x000000001f80b800 Exception <a 'java/lang/ArrayIndexOutOfBoundsException'> (0x00000000c3cb8fc0) thrown at [C:\re\workspace\8-2-build-windows-amd64-cygwin\jdk8u171\10807\hotspot\src\share\vm\runtime\sharedRuntime.cpp, line 605]
Event: 18.187 Thread 0x000000001f80b800 Exception <a 'java/lang/ArrayIndexOutOfBoundsException'> (0x00000000c3cb91f8) thrown at [C:\re\workspace\8-2-build-windows-amd64-cygwin\jdk8u171\10807\hotspot\src\share\vm\runtime\sharedRuntime.cpp, line 605]

Events (10 events):
Event: 18.449 loading class org/eclipse/jdt/internal/formatter/DefaultCodeFormatterOptions
Event: 18.449 loading class org/eclipse/jdt/internal/formatter/DefaultCodeFormatterOptions done
Event: 18.450 loading class org/eclipse/jdt/internal/formatter/DefaultCodeFormatterOptions
Event: 18.451 loading class org/eclipse/jdt/internal/formatter/DefaultCodeFormatterOptions done
Event: 18.451 loading class org/eclipse/jdt/internal/formatter/DefaultCodeFormatterOptions
Event: 18.451 loading class org/eclipse/jdt/internal/formatter/DefaultCodeFormatterOptions done
Event: 18.451 loading class org/eclipse/jdt/internal/formatter/DefaultCodeFormatterOptions
Event: 18.451 loading class org/eclipse/jdt/internal/formatter/DefaultCodeFormatterOptions done
Event: 18.452 loading class org/eclipse/jdt/internal/formatter/DefaultCodeFormatterOptions
Event: 18.452 loading class org/eclipse/jdt/internal/formatter/DefaultCodeFormatterOptions done


Dynamic libraries:
0x00007ff725010000 - 0x00007ff725047000 	C:\Program Files\Java\jdk1.8.0_171\bin\java.exe
0x00007ff933b60000 - 0x00007ff933d4d000 	C:\WINDOWS\SYSTEM32\ntdll.dll
0x00007ff932220000 - 0x00007ff9322d3000 	C:\WINDOWS\System32\KERNEL32.DLL
0x00007ff930100000 - 0x00007ff930393000 	C:\WINDOWS\System32\KERNELBASE.dll
0x00007ff930d90000 - 0x00007ff930e33000 	C:\WINDOWS\System32\ADVAPI32.dll
0x00007ff9319d0000 - 0x00007ff931a6e000 	C:\WINDOWS\System32\msvcrt.dll
0x00007ff931f10000 - 0x00007ff931fae000 	C:\WINDOWS\System32\sechost.dll
0x00007ff931fc0000 - 0x00007ff9320e2000 	C:\WINDOWS\System32\RPCRT4.dll
0x00007ff931d70000 - 0x00007ff931f07000 	C:\WINDOWS\System32\USER32.dll
0x00007ff92fc50000 - 0x00007ff92fc70000 	C:\WINDOWS\System32\win32u.dll
0x00007ff9322f0000 - 0x00007ff932319000 	C:\WINDOWS\System32\GDI32.dll
0x00007ff9303a0000 - 0x00007ff93053a000 	C:\WINDOWS\System32\gdi32full.dll
0x00007ff92fe80000 - 0x00007ff92ff20000 	C:\WINDOWS\System32\msvcp_win.dll
0x00007ff930540000 - 0x00007ff93063a000 	C:\WINDOWS\System32\ucrtbase.dll
0x00007ff924040000 - 0x00007ff9242b9000 	C:\WINDOWS\WinSxS\amd64_microsoft.windows.common-controls_6595b64144ccf1df_6.0.17763.379_none_05b83be8071c94a1\COMCTL32.dll
0x00007ff931620000 - 0x00007ff93194d000 	C:\WINDOWS\System32\combase.dll
0x00007ff92fcf0000 - 0x00007ff92fd6e000 	C:\WINDOWS\System32\bcryptPrimitives.dll
0x00007ff931060000 - 0x00007ff93108e000 	C:\WINDOWS\System32\IMM32.DLL
0x000000005a180000 - 0x000000005a252000 	C:\Program Files\Java\jdk1.8.0_171\jre\bin\msvcr100.dll
0x00000000587b0000 - 0x0000000059050000 	C:\Program Files\Java\jdk1.8.0_171\jre\bin\server\jvm.dll
0x00007ff931fb0000 - 0x00007ff931fb8000 	C:\WINDOWS\System32\PSAPI.DLL
0x00007ff92db40000 - 0x00007ff92db64000 	C:\WINDOWS\SYSTEM32\WINMM.dll
0x00007ff91ee60000 - 0x00007ff91ee6a000 	C:\WINDOWS\SYSTEM32\VERSION.dll
0x00007ff91dea0000 - 0x00007ff91dea9000 	C:\WINDOWS\SYSTEM32\WSOCK32.dll
0x00007ff92db10000 - 0x00007ff92db3d000 	C:\WINDOWS\SYSTEM32\winmmbase.dll
0x00007ff92fc70000 - 0x00007ff92fcba000 	C:\WINDOWS\System32\cfgmgr32.dll
0x0000000002b60000 - 0x0000000002bcd000 	C:\WINDOWS\System32\ws2_32.DLL
0x000000005a170000 - 0x000000005a17f000 	C:\Program Files\Java\jdk1.8.0_171\jre\bin\verify.dll
0x000000005a140000 - 0x000000005a169000 	C:\Program Files\Java\jdk1.8.0_171\jre\bin\java.dll
0x000000005a120000 - 0x000000005a136000 	C:\Program Files\Java\jdk1.8.0_171\jre\bin\zip.dll
0x00007ff932640000 - 0x00007ff933b30000 	C:\WINDOWS\System32\SHELL32.dll
0x00007ff931090000 - 0x00007ff931138000 	C:\WINDOWS\System32\shcore.dll
0x00007ff930640000 - 0x00007ff930d8a000 	C:\WINDOWS\System32\windows.storage.dll
0x00007ff92fba0000 - 0x00007ff92fbc4000 	C:\WINDOWS\System32\profapi.dll
0x00007ff92fbd0000 - 0x00007ff92fc2d000 	C:\WINDOWS\System32\powrprof.dll
0x00007ff931d10000 - 0x00007ff931d62000 	C:\WINDOWS\System32\shlwapi.dll
0x00007ff92fb80000 - 0x00007ff92fb91000 	C:\WINDOWS\System32\kernel.appcore.dll
0x00007ff92fc30000 - 0x00007ff92fc47000 	C:\WINDOWS\System32\cryptsp.dll
0x00007ff92ef40000 - 0x00007ff92ef73000 	C:\WINDOWS\system32\rsaenh.dll
0x00007ff92fcc0000 - 0x00007ff92fce6000 	C:\WINDOWS\System32\bcrypt.dll
0x00007ff92fa60000 - 0x00007ff92fa88000 	C:\WINDOWS\SYSTEM32\USERENV.dll
0x00007ff92f550000 - 0x00007ff92f55c000 	C:\WINDOWS\SYSTEM32\CRYPTBASE.dll
0x000000005a100000 - 0x000000005a11a000 	C:\Program Files\Java\jdk1.8.0_171\jre\bin\net.dll
0x00007ff92f380000 - 0x00007ff92f3e7000 	C:\WINDOWS\system32\mswsock.dll
0x00007ff92f0e0000 - 0x00007ff92f11d000 	C:\WINDOWS\SYSTEM32\IPHLPAPI.DLL
0x00007ff9322e0000 - 0x00007ff9322e8000 	C:\WINDOWS\System32\NSI.dll
0x00007ff923940000 - 0x00007ff923956000 	C:\WINDOWS\SYSTEM32\dhcpcsvc6.DLL
0x00007ff923cf0000 - 0x00007ff923d0c000 	C:\WINDOWS\SYSTEM32\dhcpcsvc.DLL
0x00007ff92f120000 - 0x00007ff92f1e6000 	C:\WINDOWS\SYSTEM32\DNSAPI.dll
0x000000005a0e0000 - 0x000000005a0f1000 	C:\Program Files\Java\jdk1.8.0_171\jre\bin\nio.dll
0x00007ff9203c0000 - 0x00007ff9203e9000 	C:\Users\XNOTE\.vscode\extensions\redhat.java-0.43.0\server\config_win\org.eclipse.equinox.launcher\org.eclipse.equinox.launcher.win32.win32.x86_64_1.1.1000.v20190125-2016\eclipse_1801.dll
0x00007ff9278a0000 - 0x00007ff9278b1000 	C:\Users\XNOTE\.vscode\extensions\redhat.java-0.43.0\server\config_win\org.eclipse.osgi\20\0\.cp\jWinHttp-1.0.0.dll
0x00007ff9324e0000 - 0x00007ff932635000 	C:\WINDOWS\System32\ole32.dll
0x00007ff924560000 - 0x00007ff924651000 	C:\WINDOWS\SYSTEM32\WINHTTP.dll

VM Arguments:
jvm_args: -Declipse.application=org.eclipse.jdt.ls.core.id1 -Dosgi.bundles.defaultStartLevel=4 -Declipse.product=org.eclipse.jdt.ls.core.product -Dfile.encoding=utf8 -DwatchParentProcess=false -Xverify:none -Xmx1G -XX:+UseG1GC -XX:+UseStringDeduplication 
java_command: C:\Users\XNOTE\.vscode\extensions\redhat.java-0.43.0\server\plugins\org.eclipse.equinox.launcher_1.5.300.v20190213-1655.jar -configuration C:\Users\XNOTE\.vscode\extensions\redhat.java-0.43.0\server\config_win -data c:\Users\XNOTE\AppData\Roaming\Code\User\workspaceStorage\0bdfaac4224be0d618bdcf963b857abf\redhat.java\jdt_ws
java_class_path (initial): C:\Users\XNOTE\.vscode\extensions\redhat.java-0.43.0\server\plugins\org.eclipse.equinox.launcher_1.5.300.v20190213-1655.jar
Launcher Type: SUN_STANDARD

Environment Variables:
PATH=C:\Program Files (x86)\Common Files\Oracle\Java\javapath;C:\ProgramData\Oracle\Java\javapath;C:\python27;C:\WINDOWS\system32;C:\WINDOWS;C:\WINDOWS\System32\Wbem;C:\WINDOWS\System32\WindowsPowerShell\v1.0\;C:\Program Files (x86)\Windows Live\Shared;C:\WINDOWS\System32\OpenSSH\;C:\Program Files\PuTTY\;C:\Program Files\Microsoft VS Code\bin;C:\Program Files\Git\cmd;C:\Program Files\Java\jdk1.8.0_171\bin;%USERPROFILE%\AppData\Local\Microsoft\WindowsApps;
USERNAME=¹Î¿ì
OS=Windows_NT
PROCESSOR_IDENTIFIER=Intel64 Family 6 Model 58 Stepping 9, GenuineIntel



---------------  S Y S T E M  ---------------

OS: Windows 10.0 , 64 bit Build 17763 (10.0.17763.379)

CPU:total 4 (initial active 4) (2 cores per cpu, 2 threads per core) family 6 model 58 stepping 9, cmov, cx8, fxsr, mmx, sse, sse2, sse3, ssse3, sse4.1, sse4.2, popcnt, avx, clmul, erms, ht, tsc, tscinvbit, tscinv

Memory: 4k page, physical 4024712k(716052k free), swap 5445000k(4744k free)

vm_info: Java HotSpot(TM) 64-Bit Server VM (25.171-b11) for windows-amd64 JRE (1.8.0_171-b11), built on Mar 28 2018 16:06:12 by "java_re" with MS VC++ 10.0 (VS2010)

time: Thu May 02 03:01:44 2019
elapsed time: 18 seconds (0d 0h 0m 18s)

