#
# There is insufficient memory for the Java Runtime Environment to continue.
# Native memory allocation (malloc) failed to allocate 32784 bytes for Chunk::new
# Possible reasons:
#   The system is out of physical RAM or swap space
#   In 32 bit mode, the process size limit was hit
# Possible solutions:
#   Reduce memory load on the system
#   Increase physical memory or swap space
#   Check if swap backing store is full
#   Use 64 bit Java on a 64 bit OS
#   Decrease Java heap size (-Xmx/-Xms)
#   Decrease number of Java threads
#   Decrease Java thread stack sizes (-Xss)
#   Set larger code cache with -XX:ReservedCodeCacheSize=
# This output file may be truncated or incomplete.
#
#  Out of Memory Error (allocation.cpp:390), pid=1752, tid=0x0000000000002aac
#
# JRE version: Java(TM) SE Runtime Environment (8.0_171-b11) (build 1.8.0_171-b11)
# Java VM: Java HotSpot(TM) 64-Bit Server VM (25.171-b11 mixed mode windows-amd64 compressed oops)
# Failed to write core dump. Minidumps are not enabled by default on client versions of Windows
#

---------------  T H R E A D  ---------------

Current thread (0x00000000194f3000):  JavaThread "C2 CompilerThread1" daemon [_thread_in_native, id=10924, stack(0x0000000019dc0000,0x0000000019ec0000)]

Stack: [0x0000000019dc0000,0x0000000019ec0000]
[error occurred during error reporting (printing stack bounds), id 0xc0000005]

Native frames: (J=compiled Java code, j=interpreted, Vv=VM code, C=native code)


Current CompileTask:
C2:  19045 6561       4       org.eclipse.jdt.internal.compiler.parser.Parser::consumeToken (2140 bytes)


---------------  P R O C E S S  ---------------

Java Threads: ( => current thread )
  0x000000001d783800 JavaThread "ForkJoinPool.commonPool-worker-2" daemon [_thread_in_Java, id=15936, stack(0x00000000219f0000,0x0000000021af0000)]
  0x000000001d781800 JavaThread "ForkJoinPool.commonPool-worker-1" daemon [_thread_blocked, id=4912, stack(0x00000000218f0000,0x00000000219f0000)]
  0x000000001d77f000 JavaThread "Worker-5" [_thread_blocked, id=17560, stack(0x00000000211f0000,0x00000000212f0000)]
  0x000000001d783000 JavaThread "Worker-4" [_thread_blocked, id=1916, stack(0x0000000020ef0000,0x0000000020ff0000)]
  0x000000001d782000 JavaThread "Worker-3" [_thread_blocked, id=12512, stack(0x0000000020df0000,0x0000000020ef0000)]
  0x000000001d77d800 JavaThread "pool-1-thread-1" [_thread_in_native, id=10720, stack(0x0000000020cf0000,0x0000000020df0000)]
  0x000000001b406800 JavaThread "Bundle File Closer" daemon [_thread_blocked, id=17488, stack(0x000000001cdf0000,0x000000001cef0000)]
  0x000000001b2db000 JavaThread "Worker-2" [_thread_blocked, id=13644, stack(0x000000001ccf0000,0x000000001cdf0000)]
  0x000000001b2da800 JavaThread "Java indexing" daemon [_thread_blocked, id=16548, stack(0x000000001cbf0000,0x000000001ccf0000)]
  0x000000001b282000 JavaThread "Worker-1" [_thread_blocked, id=15644, stack(0x000000001c6f0000,0x000000001c7f0000)]
  0x000000001b0f8000 JavaThread "Worker-0" [_thread_blocked, id=15780, stack(0x000000001c5f0000,0x000000001c6f0000)]
  0x000000001af83000 JavaThread "Worker-JM" [_thread_blocked, id=14852, stack(0x000000001bd70000,0x000000001be70000)]
  0x000000001abac000 JavaThread "Start Level: Equinox Container: ca376d7e-d4a7-49b1-96db-b85f22fee219" daemon [_thread_blocked, id=17084, stack(0x000000001bc70000,0x000000001bd70000)]
  0x000000001a7e2800 JavaThread "Framework Event Dispatcher: Equinox Container: ca376d7e-d4a7-49b1-96db-b85f22fee219" daemon [_thread_blocked, id=2316, stack(0x000000001bb70000,0x000000001bc70000)]
  0x000000001a78a000 JavaThread "Active Thread: Equinox Container: ca376d7e-d4a7-49b1-96db-b85f22fee219" [_thread_blocked, id=15448, stack(0x000000001ba70000,0x000000001bb70000)]
  0x0000000019538000 JavaThread "Service Thread" daemon [_thread_blocked, id=17152, stack(0x0000000019fc0000,0x000000001a0c0000)]
  0x00000000194f9800 JavaThread "C1 CompilerThread2" daemon [_thread_in_vm, id=13824, stack(0x0000000019ec0000,0x0000000019fc0000)]
=>0x00000000194f3000 JavaThread "C2 CompilerThread1" daemon [_thread_in_native, id=10924, stack(0x0000000019dc0000,0x0000000019ec0000)]
  0x00000000194f2000 JavaThread "C2 CompilerThread0" daemon [_thread_blocked, id=8052, stack(0x0000000019cc0000,0x0000000019dc0000)]
  0x00000000194f1000 JavaThread "Attach Listener" daemon [_thread_blocked, id=12604, stack(0x0000000019bc0000,0x0000000019cc0000)]
  0x00000000194d9800 JavaThread "Signal Dispatcher" daemon [_thread_blocked, id=15204, stack(0x0000000019ac0000,0x0000000019bc0000)]
  0x00000000194d8800 JavaThread "Surrogate Locker Thread (Concurrent GC)" daemon [_thread_blocked, id=6032, stack(0x00000000199c0000,0x0000000019ac0000)]
  0x0000000019449800 JavaThread "Finalizer" daemon [_thread_blocked, id=18132, stack(0x00000000198c0000,0x00000000199c0000)]
  0x0000000019442800 JavaThread "Reference Handler" daemon [_thread_blocked, id=6760, stack(0x00000000197c0000,0x00000000198c0000)]
  0x000000000368e000 JavaThread "main" [_thread_blocked, id=9448, stack(0x0000000003570000,0x0000000003670000)]

Other Threads:
  0x000000001943f800 VMThread [stack: 0x00000000191e0000,0x00000000192e0000] [id=11036]
  0x000000001953d000 WatcherThread [stack: 0x000000001a0c0000,0x000000001a1c0000] [id=9236]

VM state:not at safepoint (normal execution)

VM Mutex/Monitor currently owned by a thread:  ([mutex/lock_event])
[0x0000000003691dd0] CompiledIC_lock - owner thread: 0x00000000194f9800

Heap:
 garbage-first heap   total 63488K, used 39782K [0x00000000c0000000, 0x00000000c01001f0, 0x0000000100000000)
  region size 1024K, 8 young (8192K), 1 survivors (1024K)
 Metaspace       used 47582K, capacity 50220K, committed 50512K, reserved 1093632K
  class space    used 4862K, capacity 5735K, committed 5808K, reserved 1048576K

Heap Regions: (Y=young(eden), SU=young(survivor), HS=humongous(starts), HC=humongous(continues), CS=collection set, F=free, TS=gc time stamp, PTAMS=previous top-at-mark-start, NTAMS=next top-at-mark-start)
AC   0  O    TS     0 PTAMS 0x00000000c0100000 NTAMS 0x00000000c0100000 space 1024K, 100% used [0x00000000c0000000, 0x00000000c0100000)
AC   0  O    TS     0 PTAMS 0x00000000c0200000 NTAMS 0x00000000c0200000 space 1024K, 100% used [0x00000000c0100000, 0x00000000c0200000)
AC   0  O    TS     0 PTAMS 0x00000000c0300000 NTAMS 0x00000000c0300000 space 1024K, 100% used [0x00000000c0200000, 0x00000000c0300000)
AC   0  F    TS     0 PTAMS 0x00000000c0300000 NTAMS 0x00000000c0300000 space 1024K,   0% used [0x00000000c0300000, 0x00000000c0400000)
AC   0  O    TS     0 PTAMS 0x00000000c0500000 NTAMS 0x00000000c0500000 space 1024K, 100% used [0x00000000c0400000, 0x00000000c0500000)
AC   0  O    TS     0 PTAMS 0x00000000c0600000 NTAMS 0x00000000c0600000 space 1024K, 100% used [0x00000000c0500000, 0x00000000c0600000)
AC   0  O    TS     0 PTAMS 0x00000000c0700000 NTAMS 0x00000000c0700000 space 1024K, 100% used [0x00000000c0600000, 0x00000000c0700000)
AC   0  O    TS     0 PTAMS 0x00000000c0800000 NTAMS 0x00000000c0800000 space 1024K, 100% used [0x00000000c0700000, 0x00000000c0800000)
AC   0  O    TS     0 PTAMS 0x00000000c0900000 NTAMS 0x00000000c0900000 space 1024K, 100% used [0x00000000c0800000, 0x00000000c0900000)
AC   0  O    TS     0 PTAMS 0x00000000c0a00000 NTAMS 0x00000000c0a00000 space 1024K, 100% used [0x00000000c0900000, 0x00000000c0a00000)
AC   0  O    TS     0 PTAMS 0x00000000c0b00000 NTAMS 0x00000000c0b00000 space 1024K, 100% used [0x00000000c0a00000, 0x00000000c0b00000)
AC   0  O    TS     0 PTAMS 0x00000000c0c00000 NTAMS 0x00000000c0c00000 space 1024K, 100% used [0x00000000c0b00000, 0x00000000c0c00000)
AC   0  O    TS     0 PTAMS 0x00000000c0d00000 NTAMS 0x00000000c0d00000 space 1024K, 100% used [0x00000000c0c00000, 0x00000000c0d00000)
AC   0  O    TS     0 PTAMS 0x00000000c0e00000 NTAMS 0x00000000c0e00000 space 1024K, 100% used [0x00000000c0d00000, 0x00000000c0e00000)
AC   0  O    TS     0 PTAMS 0x00000000c0f00000 NTAMS 0x00000000c0f00000 space 1024K, 100% used [0x00000000c0e00000, 0x00000000c0f00000)
AC   0  O    TS     0 PTAMS 0x00000000c1000000 NTAMS 0x00000000c1000000 space 1024K, 100% used [0x00000000c0f00000, 0x00000000c1000000)
AC   0  O    TS     0 PTAMS 0x00000000c1100000 NTAMS 0x00000000c1100000 space 1024K, 100% used [0x00000000c1000000, 0x00000000c1100000)
AC   0  O    TS     0 PTAMS 0x00000000c1200000 NTAMS 0x00000000c1200000 space 1024K, 100% used [0x00000000c1100000, 0x00000000c1200000)
AC   0  O    TS     0 PTAMS 0x00000000c1300000 NTAMS 0x00000000c1300000 space 1024K, 100% used [0x00000000c1200000, 0x00000000c1300000)
AC   0  O    TS     0 PTAMS 0x00000000c1400000 NTAMS 0x00000000c1400000 space 1024K, 100% used [0x00000000c1300000, 0x00000000c1400000)
AC   0  O    TS     0 PTAMS 0x00000000c1500000 NTAMS 0x00000000c1500000 space 1024K, 100% used [0x00000000c1400000, 0x00000000c1500000)
AC   0  O    TS     0 PTAMS 0x00000000c1600000 NTAMS 0x00000000c1600000 space 1024K, 100% used [0x00000000c1500000, 0x00000000c1600000)
AC   0  O    TS     0 PTAMS 0x00000000c1700000 NTAMS 0x00000000c1700000 space 1024K, 100% used [0x00000000c1600000, 0x00000000c1700000)
AC   0  O    TS     0 PTAMS 0x00000000c1800000 NTAMS 0x00000000c1800000 space 1024K, 100% used [0x00000000c1700000, 0x00000000c1800000)
AC   0  O    TS     0 PTAMS 0x00000000c186da00 NTAMS 0x00000000c186da00 space 1024K,  42% used [0x00000000c1800000, 0x00000000c1900000)
AC   0  F    TS     0 PTAMS 0x00000000c1900000 NTAMS 0x00000000c1900000 space 1024K,   0% used [0x00000000c1900000, 0x00000000c1a00000)
AC   0  O    TS     0 PTAMS 0x00000000c1b00000 NTAMS 0x00000000c1b00000 space 1024K, 100% used [0x00000000c1a00000, 0x00000000c1b00000)
AC   0  F    TS     0 PTAMS 0x00000000c1b00000 NTAMS 0x00000000c1b00000 space 1024K,   0% used [0x00000000c1b00000, 0x00000000c1c00000)
AC   0  O    TS     0 PTAMS 0x00000000c1d00000 NTAMS 0x00000000c1d00000 space 1024K, 100% used [0x00000000c1c00000, 0x00000000c1d00000)
AC   0  O    TS     0 PTAMS 0x00000000c1e00000 NTAMS 0x00000000c1e00000 space 1024K, 100% used [0x00000000c1d00000, 0x00000000c1e00000)
AC   0  O    TS     0 PTAMS 0x00000000c1f00000 NTAMS 0x00000000c1f00000 space 1024K, 100% used [0x00000000c1e00000, 0x00000000c1f00000)
AC   0  F    TS     0 PTAMS 0x00000000c1f00000 NTAMS 0x00000000c1f00000 space 1024K,   0% used [0x00000000c1f00000, 0x00000000c2000000)
AC   0 HS    TS     0 PTAMS 0x00000000c2080010 NTAMS 0x00000000c2080010 space 1024K,  50% used [0x00000000c2000000, 0x00000000c2100000)
AC   0  F    TS     0 PTAMS 0x00000000c2100000 NTAMS 0x00000000c2100000 space 1024K,   0% used [0x00000000c2100000, 0x00000000c2200000)
AC   0  F    TS     0 PTAMS 0x00000000c2200000 NTAMS 0x00000000c2200000 space 1024K,   0% used [0x00000000c2200000, 0x00000000c2300000)
AC   0  O    TS     0 PTAMS 0x00000000c2400000 NTAMS 0x00000000c2400000 space 1024K, 100% used [0x00000000c2300000, 0x00000000c2400000)
AC   0  O    TS     0 PTAMS 0x00000000c2500000 NTAMS 0x00000000c2500000 space 1024K, 100% used [0x00000000c2400000, 0x00000000c2500000)
AC   0  O    TS     0 PTAMS 0x00000000c2600000 NTAMS 0x00000000c2600000 space 1024K, 100% used [0x00000000c2500000, 0x00000000c2600000)
AC   0  F    TS     0 PTAMS 0x00000000c2600000 NTAMS 0x00000000c2600000 space 1024K,   0% used [0x00000000c2600000, 0x00000000c2700000)
AC   0  F    TS     0 PTAMS 0x00000000c2700000 NTAMS 0x00000000c2700000 space 1024K,   0% used [0x00000000c2700000, 0x00000000c2800000)
AC   0  S CS TS     0 PTAMS 0x00000000c2800000 NTAMS 0x00000000c2800000 space 1024K,  92% used [0x00000000c2800000, 0x00000000c2900000)
AC   0  F    TS     0 PTAMS 0x00000000c2900000 NTAMS 0x00000000c2900000 space 1024K,   0% used [0x00000000c2900000, 0x00000000c2a00000)
AC   0  O    TS     0 PTAMS 0x00000000c2b00000 NTAMS 0x00000000c2b00000 space 1024K, 100% used [0x00000000c2a00000, 0x00000000c2b00000)
AC   0  F    TS     0 PTAMS 0x00000000c2b00000 NTAMS 0x00000000c2b00000 space 1024K,   0% used [0x00000000c2b00000, 0x00000000c2c00000)
AC   0  F    TS     0 PTAMS 0x00000000c2c00000 NTAMS 0x00000000c2c00000 space 1024K,   0% used [0x00000000c2c00000, 0x00000000c2d00000)
AC   0  F    TS     0 PTAMS 0x00000000c2d00000 NTAMS 0x00000000c2d00000 space 1024K,   0% used [0x00000000c2d00000, 0x00000000c2e00000)
AC   0  F    TS     0 PTAMS 0x00000000c2e00000 NTAMS 0x00000000c2e00000 space 1024K,   0% used [0x00000000c2e00000, 0x00000000c2f00000)
AC   0  F    TS     0 PTAMS 0x00000000c2f00000 NTAMS 0x00000000c2f00000 space 1024K,   0% used [0x00000000c2f00000, 0x00000000c3000000)
AC   0  F    TS     0 PTAMS 0x00000000c3000000 NTAMS 0x00000000c3000000 space 1024K,   0% used [0x00000000c3000000, 0x00000000c3100000)
AC   0  F    TS     0 PTAMS 0x00000000c3100000 NTAMS 0x00000000c3100000 space 1024K,   0% used [0x00000000c3100000, 0x00000000c3200000)
AC   0  F    TS     0 PTAMS 0x00000000c3200000 NTAMS 0x00000000c3200000 space 1024K,   0% used [0x00000000c3200000, 0x00000000c3300000)
AC   0  F    TS     0 PTAMS 0x00000000c3300000 NTAMS 0x00000000c3300000 space 1024K,   0% used [0x00000000c3300000, 0x00000000c3400000)
AC   0  F    TS     0 PTAMS 0x00000000c3400000 NTAMS 0x00000000c3400000 space 1024K,   0% used [0x00000000c3400000, 0x00000000c3500000)
AC   0  F    TS     0 PTAMS 0x00000000c3500000 NTAMS 0x00000000c3500000 space 1024K,   0% used [0x00000000c3500000, 0x00000000c3600000)
AC   0  F    TS     0 PTAMS 0x00000000c3600000 NTAMS 0x00000000c3600000 space 1024K,   0% used [0x00000000c3600000, 0x00000000c3700000)
AC   0  E    TS     0 PTAMS 0x00000000c3700000 NTAMS 0x00000000c3700000 space 1024K,  71% used [0x00000000c3700000, 0x00000000c3800000)
AC   0  E CS TS     0 PTAMS 0x00000000c3800000 NTAMS 0x00000000c3800000 space 1024K, 100% used [0x00000000c3800000, 0x00000000c3900000)
AC   0  E CS TS     0 PTAMS 0x00000000c3900000 NTAMS 0x00000000c3900000 space 1024K, 100% used [0x00000000c3900000, 0x00000000c3a00000)
AC   0  E CS TS     0 PTAMS 0x00000000c3a00000 NTAMS 0x00000000c3a00000 space 1024K, 100% used [0x00000000c3a00000, 0x00000000c3b00000)
AC   0  E CS TS     0 PTAMS 0x00000000c3b00000 NTAMS 0x00000000c3b00000 space 1024K, 100% used [0x00000000c3b00000, 0x00000000c3c00000)
AC   0  E CS TS     0 PTAMS 0x00000000c3c00000 NTAMS 0x00000000c3c00000 space 1024K, 100% used [0x00000000c3c00000, 0x00000000c3d00000)
AC   0  E CS TS     0 PTAMS 0x00000000c3d00000 NTAMS 0x00000000c3d00000 space 1024K, 100% used [0x00000000c3d00000, 0x00000000c3e00000)

Card table byte_map: [0x0000000013ca0000,0x0000000013ea0000] byte_map_base: 0x00000000136a0000

Marking Bits (Prev, Next): (CMBitMap*) 0x00000000036c9950, (CMBitMap*) 0x00000000036c98f8
 Prev Bits: [0x00000000150a0000, 0x00000000160a0000)
 Next Bits: [0x00000000140a0000, 0x00000000150a0000)

Polling page: 0x0000000003180000

CodeCache: size=245760Kb used=19502Kb max_used=19636Kb free=226257Kb
 bounds [0x0000000003790000, 0x0000000004ae0000, 0x0000000012790000]
 total_blobs=6329 nmethods=5749 adapters=488
 compilation: enabled

Compilation events (10 events):
Event: 19.003 Thread 0x00000000194f9800 nmethod 6663 0x0000000004abce50 code [0x0000000004abd000, 0x0000000004abd838]
Event: 19.016 Thread 0x00000000194f9800 6664       3       org.eclipse.jdt.internal.formatter.linewrap.WrapExecutor::findWrapsCached (455 bytes)
Event: 19.021 Thread 0x00000000194f9800 nmethod 6664 0x0000000004abda10 code [0x0000000004abdea0, 0x0000000004ac0848]
Event: 19.021 Thread 0x00000000194f9800 6665       3       org.eclipse.jface.text.TreeLineTracker::setChild (60 bytes)
Event: 19.022 Thread 0x00000000194f9800 nmethod 6665 0x0000000004ac2590 code [0x0000000004ac2740, 0x0000000004ac2d50]
Event: 19.022 Thread 0x00000000194f9800 6666       3       org.eclipse.jface.text.TreeLineTracker::rotateRight (90 bytes)
Event: 19.022 Thread 0x00000000194f9800 nmethod 6666 0x0000000004ac2f90 code [0x0000000004ac3120, 0x0000000004ac3428]
Event: 19.022 Thread 0x00000000194f9800 6668 % !   3       org.eclipse.jdt.internal.compiler.parser.Scanner::jumpOverMethodBody @ 12 (1855 bytes)
Event: 19.036 Thread 0x00000000194f9800 nmethod 6668% 0x0000000004ac3590 code [0x0000000004ac3cc0, 0x0000000004ac9468]
Event: 19.036 Thread 0x00000000194f9800 6670       3       org.eclipse.jdt.internal.core.NameLookup::findPackageFragments (544 bytes)

GC Heap History (10 events):
Event: 18.186 GC heap before
{Heap before GC invocations=26 (full 0):
 garbage-first heap   total 63488K, used 51712K [0x00000000c0000000, 0x00000000c01001f0, 0x0000000100000000)
  region size 1024K, 13 young (13312K), 2 survivors (2048K)
 Metaspace       used 47165K, capacity 49894K, committed 50000K, reserved 1093632K
  class space    used 4857K, capacity 5732K, committed 5808K, reserved 1048576K
Event: 18.198 GC heap after
Heap after GC invocations=27 (full 0):
 garbage-first heap   total 63488K, used 39360K [0x00000000c0000000, 0x00000000c01001f0, 0x0000000100000000)
  region size 1024K, 1 young (1024K), 1 survivors (1024K)
 Metaspace       used 47165K, capacity 49894K, committed 50000K, reserved 1093632K
  class space    used 4857K, capacity 5732K, committed 5808K, reserved 1048576K
}
Event: 18.216 GC heap before
{Heap before GC invocations=27 (full 0):
 garbage-first heap   total 63488K, used 41408K [0x00000000c0000000, 0x00000000c01001f0, 0x0000000100000000)
  region size 1024K, 3 young (3072K), 1 survivors (1024K)
 Metaspace       used 47175K, capacity 49894K, committed 50000K, reserved 1093632K
  class space    used 4857K, capacity 5732K, committed 5808K, reserved 1048576K
Event: 18.224 GC heap after
Heap after GC invocations=28 (full 0):
 garbage-first heap   total 63488K, used 34446K [0x00000000c0000000, 0x00000000c01001f0, 0x0000000100000000)
  region size 1024K, 1 young (1024K), 1 survivors (1024K)
 Metaspace       used 47175K, capacity 49894K, committed 50000K, reserved 1093632K
  class space    used 4857K, capacity 5732K, committed 5808K, reserved 1048576K
}
Event: 18.245 GC heap before
{Heap before GC invocations=28 (full 0):
 garbage-first heap   total 63488K, used 36494K [0x00000000c0000000, 0x00000000c01001f0, 0x0000000100000000)
  region size 1024K, 3 young (3072K), 1 survivors (1024K)
 Metaspace       used 47256K, capacity 49958K, committed 50256K, reserved 1093632K
  class space    used 4857K, capacity 5732K, committed 5808K, reserved 1048576K
Event: 18.260 GC heap after
Heap after GC invocations=29 (full 0):
 garbage-first heap   total 63488K, used 33485K [0x00000000c0000000, 0x00000000c01001f0, 0x0000000100000000)
  region size 1024K, 1 young (1024K), 1 survivors (1024K)
 Metaspace       used 47256K, capacity 49958K, committed 50256K, reserved 1093632K
  class space    used 4857K, capacity 5732K, committed 5808K, reserved 1048576K
}
Event: 18.511 GC heap before
{Heap before GC invocations=29 (full 0):
 garbage-first heap   total 63488K, used 51917K [0x00000000c0000000, 0x00000000c01001f0, 0x0000000100000000)
  region size 1024K, 19 young (19456K), 1 survivors (1024K)
 Metaspace       used 47363K, capacity 50022K, committed 50256K, reserved 1093632K
  class space    used 4857K, capacity 5732K, committed 5808K, reserved 1048576K
Event: 18.518 GC heap after
Heap after GC invocations=30 (full 0):
 garbage-first heap   total 63488K, used 33349K [0x00000000c0000000, 0x00000000c01001f0, 0x0000000100000000)
  region size 1024K, 1 young (1024K), 1 survivors (1024K)
 Metaspace       used 47363K, capacity 50022K, committed 50256K, reserved 1093632K
  class space    used 4857K, capacity 5732K, committed 5808K, reserved 1048576K
}
Event: 18.824 GC heap before
{Heap before GC invocations=30 (full 0):
 garbage-first heap   total 63488K, used 52805K [0x00000000c0000000, 0x00000000c01001f0, 0x0000000100000000)
  region size 1024K, 20 young (20480K), 1 survivors (1024K)
 Metaspace       used 47567K, capacity 50220K, committed 50512K, reserved 1093632K
  class space    used 4862K, capacity 5735K, committed 5808K, reserved 1048576K
Event: 18.828 GC heap after
Heap after GC invocations=31 (full 0):
 garbage-first heap   total 63488K, used 33638K [0x00000000c0000000, 0x00000000c01001f0, 0x0000000100000000)
  region size 1024K, 1 young (1024K), 1 survivors (1024K)
 Metaspace       used 47567K, capacity 50220K, committed 50512K, reserved 1093632K
  class space    used 4862K, capacity 5735K, committed 5808K, reserved 1048576K
}

Deoptimization events (10 events):
Event: 17.205 Thread 0x000000001d781800 Uncommon trap: reason=class_check action=maybe_recompile pc=0x00000000039c10f4 method=java.util.concurrent.ConcurrentHashMap.putVal(Ljava/lang/Object;Ljava/lang/Object;Z)Ljava/lang/Object; @ 192
Event: 17.208 Thread 0x000000001d781800 Uncommon trap: reason=class_check action=maybe_recompile pc=0x00000000039c10f4 method=java.util.concurrent.ConcurrentHashMap.putVal(Ljava/lang/Object;Ljava/lang/Object;Z)Ljava/lang/Object; @ 192
Event: 17.209 Thread 0x000000001d781800 Uncommon trap: reason=class_check action=maybe_recompile pc=0x00000000039c10f4 method=java.util.concurrent.ConcurrentHashMap.putVal(Ljava/lang/Object;Ljava/lang/Object;Z)Ljava/lang/Object; @ 192
Event: 17.209 Thread 0x000000001d781800 Uncommon trap: reason=class_check action=maybe_recompile pc=0x0000000003d28d90 method=java.util.AbstractList$Itr.hasNext()Z @ 8
Event: 17.209 Thread 0x000000001d781800 Uncommon trap: reason=bimorphic action=maybe_recompile pc=0x00000000039eb2bc method=java.util.AbstractList$Itr.next()Ljava/lang/Object; @ 14
Event: 17.209 Thread 0x000000001d781800 Uncommon trap: reason=class_check action=maybe_recompile pc=0x0000000003d28d90 method=java.util.AbstractList$Itr.hasNext()Z @ 8
Event: 17.209 Thread 0x000000001d781800 Uncommon trap: reason=bimorphic action=maybe_recompile pc=0x00000000039eb2bc method=java.util.AbstractList$Itr.next()Ljava/lang/Object; @ 14
Event: 17.209 Thread 0x000000001d781800 Uncommon trap: reason=bimorphic action=maybe_recompile pc=0x00000000039eb2bc method=java.util.AbstractList$Itr.next()Ljava/lang/Object; @ 14
Event: 17.209 Thread 0x000000001d781800 Uncommon trap: reason=bimorphic action=maybe_recompile pc=0x00000000039eb2bc method=java.util.AbstractList$Itr.next()Ljava/lang/Object; @ 14
Event: 17.395 Thread 0x000000001d781800 Uncommon trap: reason=unstable_if action=reinterpret pc=0x00000000039830c8 method=java.lang.String.lastIndexOf([CII[CIII)I @ 135

Classes redefined (0 events):
No events

Internal exceptions (10 events):
Event: 18.390 Thread 0x000000001d781800 Exception <a 'java/lang/ArrayIndexOutOfBoundsException'> (0x00000000c35d8728) thrown at [C:\re\workspace\8-2-build-windows-amd64-cygwin\jdk8u171\10807\hotspot\src\share\vm\runtime\sharedRuntime.cpp, line 605]
Event: 18.390 Thread 0x000000001d783800 Exception <a 'java/lang/ArrayIndexOutOfBoundsException'> (0x00000000c3471c58) thrown at [C:\re\workspace\8-2-build-windows-amd64-cygwin\jdk8u171\10807\hotspot\src\share\vm\runtime\sharedRuntime.cpp, line 605]
Event: 18.390 Thread 0x000000001d781800 Exception <a 'java/lang/ArrayIndexOutOfBoundsException'> (0x00000000c34571c8) thrown at [C:\re\workspace\8-2-build-windows-amd64-cygwin\jdk8u171\10807\hotspot\src\share\vm\runtime\sharedRuntime.cpp, line 605]
Event: 18.391 Thread 0x000000001d781800 Exception <a 'java/lang/ArrayIndexOutOfBoundsException'> (0x00000000c3457a38) thrown at [C:\re\workspace\8-2-build-windows-amd64-cygwin\jdk8u171\10807\hotspot\src\share\vm\runtime\sharedRuntime.cpp, line 605]
Event: 18.391 Thread 0x000000001d781800 Exception <a 'java/lang/ArrayIndexOutOfBoundsException'> (0x00000000c3457e58) thrown at [C:\re\workspace\8-2-build-windows-amd64-cygwin\jdk8u171\10807\hotspot\src\share\vm\runtime\sharedRuntime.cpp, line 605]
Event: 18.391 Thread 0x000000001d783800 Exception <a 'java/lang/ArrayIndexOutOfBoundsException'> (0x00000000c3496ff8) thrown at [C:\re\workspace\8-2-build-windows-amd64-cygwin\jdk8u171\10807\hotspot\src\share\vm\runtime\sharedRuntime.cpp, line 605]
Event: 18.391 Thread 0x000000001d783800 Exception <a 'java/lang/ArrayIndexOutOfBoundsException'> (0x00000000c3497380) thrown at [C:\re\workspace\8-2-build-windows-amd64-cygwin\jdk8u171\10807\hotspot\src\share\vm\runtime\sharedRuntime.cpp, line 605]
Event: 18.394 Thread 0x000000001d783800 Exception <a 'java/lang/ArrayIndexOutOfBoundsException'> (0x00000000c34dc3f0) thrown at [C:\re\workspace\8-2-build-windows-amd64-cygwin\jdk8u171\10807\hotspot\src\share\vm\runtime\sharedRuntime.cpp, line 605]
Event: 18.395 Thread 0x000000001d783800 Exception <a 'java/lang/ArrayIndexOutOfBoundsException'> (0x00000000c3301718) thrown at [C:\re\workspace\8-2-build-windows-amd64-cygwin\jdk8u171\10807\hotspot\src\share\vm\runtime\sharedRuntime.cpp, line 605]
Event: 18.395 Thread 0x000000001d783800 Exception <a 'java/lang/ArrayIndexOutOfBoundsException'> (0x00000000c3301a48) thrown at [C:\re\workspace\8-2-build-windows-amd64-cygwin\jdk8u171\10807\hotspot\src\share\vm\runtime\sharedRuntime.cpp, line 605]

Events (10 events):
Event: 18.815 loading class org/eclipse/jdt/core/dom/IVariableBinding
Event: 18.815 loading class org/eclipse/jdt/core/dom/IVariableBinding done
Event: 18.824 Executing VM operation: G1IncCollectionPause
Event: 18.828 Executing VM operation: G1IncCollectionPause done
Event: 18.957 Executing VM operation: CGC_Operation
Event: 18.971 Executing VM operation: CGC_Operation done
Event: 18.973 Executing VM operation: CGC_Operation
Event: 18.974 Executing VM operation: CGC_Operation done
Event: 19.029 Thread 0x000000001d783800 DEOPT PACKING pc=0x00000000047980a4 sp=0x0000000021aecd40
Event: 19.029 Thread 0x000000001d783800 DEOPT UNPACKING pc=0x00000000037d7890 sp=0x0000000021aecb58 mode 0


Dynamic libraries:
0x00007ff725010000 - 0x00007ff725047000 	C:\Program Files\Java\jdk1.8.0_171\bin\java.exe
0x00007ff933b60000 - 0x00007ff933d4d000 	C:\WINDOWS\SYSTEM32\ntdll.dll
0x00007ff932220000 - 0x00007ff9322d3000 	C:\WINDOWS\System32\KERNEL32.DLL
0x00007ff930100000 - 0x00007ff930393000 	C:\WINDOWS\System32\KERNELBASE.dll
0x00007ff930d90000 - 0x00007ff930e33000 	C:\WINDOWS\System32\ADVAPI32.dll
0x00007ff9319d0000 - 0x00007ff931a6e000 	C:\WINDOWS\System32\msvcrt.dll
0x00007ff931f10000 - 0x00007ff931fae000 	C:\WINDOWS\System32\sechost.dll
0x00007ff931fc0000 - 0x00007ff9320e2000 	C:\WINDOWS\System32\RPCRT4.dll
0x00007ff931d70000 - 0x00007ff931f07000 	C:\WINDOWS\System32\USER32.dll
0x00007ff92fc50000 - 0x00007ff92fc70000 	C:\WINDOWS\System32\win32u.dll
0x00007ff9322f0000 - 0x00007ff932319000 	C:\WINDOWS\System32\GDI32.dll
0x00007ff9303a0000 - 0x00007ff93053a000 	C:\WINDOWS\System32\gdi32full.dll
0x00007ff92fe80000 - 0x00007ff92ff20000 	C:\WINDOWS\System32\msvcp_win.dll
0x00007ff930540000 - 0x00007ff93063a000 	C:\WINDOWS\System32\ucrtbase.dll
0x00007ff924040000 - 0x00007ff9242b9000 	C:\WINDOWS\WinSxS\amd64_microsoft.windows.common-controls_6595b64144ccf1df_6.0.17763.379_none_05b83be8071c94a1\COMCTL32.dll
0x00007ff931620000 - 0x00007ff93194d000 	C:\WINDOWS\System32\combase.dll
0x00007ff92fcf0000 - 0x00007ff92fd6e000 	C:\WINDOWS\System32\bcryptPrimitives.dll
0x00007ff931060000 - 0x00007ff93108e000 	C:\WINDOWS\System32\IMM32.DLL
0x000000005a180000 - 0x000000005a252000 	C:\Program Files\Java\jdk1.8.0_171\jre\bin\msvcr100.dll
0x00000000587b0000 - 0x0000000059050000 	C:\Program Files\Java\jdk1.8.0_171\jre\bin\server\jvm.dll
0x00007ff931fb0000 - 0x00007ff931fb8000 	C:\WINDOWS\System32\PSAPI.DLL
0x00007ff92db40000 - 0x00007ff92db64000 	C:\WINDOWS\SYSTEM32\WINMM.dll
0x00007ff91ee60000 - 0x00007ff91ee6a000 	C:\WINDOWS\SYSTEM32\VERSION.dll
0x00007ff91dea0000 - 0x00007ff91dea9000 	C:\WINDOWS\SYSTEM32\WSOCK32.dll
0x00007ff932340000 - 0x00007ff9323ad000 	C:\WINDOWS\System32\WS2_32.dll
0x00007ff92db10000 - 0x00007ff92db3d000 	C:\WINDOWS\SYSTEM32\WINMMBASE.dll
0x00007ff92fc70000 - 0x00007ff92fcba000 	C:\WINDOWS\System32\cfgmgr32.dll
0x000000005a170000 - 0x000000005a17f000 	C:\Program Files\Java\jdk1.8.0_171\jre\bin\verify.dll
0x000000005a140000 - 0x000000005a169000 	C:\Program Files\Java\jdk1.8.0_171\jre\bin\java.dll
0x000000005a120000 - 0x000000005a136000 	C:\Program Files\Java\jdk1.8.0_171\jre\bin\zip.dll
0x00007ff932640000 - 0x00007ff933b30000 	C:\WINDOWS\System32\SHELL32.dll
0x00007ff931090000 - 0x00007ff931138000 	C:\WINDOWS\System32\shcore.dll
0x00007ff930640000 - 0x00007ff930d8a000 	C:\WINDOWS\System32\windows.storage.dll
0x00007ff92fba0000 - 0x00007ff92fbc4000 	C:\WINDOWS\System32\profapi.dll
0x00007ff92fbd0000 - 0x00007ff92fc2d000 	C:\WINDOWS\System32\powrprof.dll
0x00007ff931d10000 - 0x00007ff931d62000 	C:\WINDOWS\System32\shlwapi.dll
0x00007ff92fb80000 - 0x00007ff92fb91000 	C:\WINDOWS\System32\kernel.appcore.dll
0x00007ff92fc30000 - 0x00007ff92fc47000 	C:\WINDOWS\System32\cryptsp.dll
0x00007ff92ef40000 - 0x00007ff92ef73000 	C:\WINDOWS\system32\rsaenh.dll
0x00007ff92fcc0000 - 0x00007ff92fce6000 	C:\WINDOWS\System32\bcrypt.dll
0x00007ff92fa60000 - 0x00007ff92fa88000 	C:\WINDOWS\SYSTEM32\USERENV.dll
0x00007ff92f550000 - 0x00007ff92f55c000 	C:\WINDOWS\SYSTEM32\CRYPTBASE.dll
0x000000005a100000 - 0x000000005a11a000 	C:\Program Files\Java\jdk1.8.0_171\jre\bin\net.dll
0x00007ff92f380000 - 0x00007ff92f3e7000 	C:\WINDOWS\system32\mswsock.dll
0x00007ff92f0e0000 - 0x00007ff92f11d000 	C:\WINDOWS\SYSTEM32\IPHLPAPI.DLL
0x00007ff9322e0000 - 0x00007ff9322e8000 	C:\WINDOWS\System32\NSI.dll
0x00007ff923940000 - 0x00007ff923956000 	C:\WINDOWS\SYSTEM32\dhcpcsvc6.DLL
0x00007ff923cf0000 - 0x00007ff923d0c000 	C:\WINDOWS\SYSTEM32\dhcpcsvc.DLL
0x00007ff92f120000 - 0x00007ff92f1e6000 	C:\WINDOWS\SYSTEM32\DNSAPI.dll
0x000000005a0e0000 - 0x000000005a0f1000 	C:\Program Files\Java\jdk1.8.0_171\jre\bin\nio.dll
0x00007ff9201b0000 - 0x00007ff9201d9000 	C:\Users\XNOTE\.vscode\extensions\redhat.java-0.43.0\server\config_win\org.eclipse.equinox.launcher\org.eclipse.equinox.launcher.win32.win32.x86_64_1.1.1000.v20190125-2016\eclipse_1801.dll
0x00007ff927550000 - 0x00007ff927561000 	C:\Users\XNOTE\.vscode\extensions\redhat.java-0.43.0\server\config_win\org.eclipse.osgi\20\0\.cp\jWinHttp-1.0.0.dll
0x00007ff9324e0000 - 0x00007ff932635000 	C:\WINDOWS\System32\ole32.dll
0x00007ff924560000 - 0x00007ff924651000 	C:\WINDOWS\SYSTEM32\WINHTTP.dll

VM Arguments:
jvm_args: -Declipse.application=org.eclipse.jdt.ls.core.id1 -Dosgi.bundles.defaultStartLevel=4 -Declipse.product=org.eclipse.jdt.ls.core.product -Dfile.encoding=utf8 -DwatchParentProcess=false -Xverify:none -Xmx1G -XX:+UseG1GC -XX:+UseStringDeduplication 
java_command: C:\Users\XNOTE\.vscode\extensions\redhat.java-0.43.0\server\plugins\org.eclipse.equinox.launcher_1.5.300.v20190213-1655.jar -configuration C:\Users\XNOTE\.vscode\extensions\redhat.java-0.43.0\server\config_win -data c:\Users\XNOTE\AppData\Roaming\Code\User\workspaceStorage\0bdfaac4224be0d618bdcf963b857abf\redhat.java\jdt_ws
java_class_path (initial): C:\Users\XNOTE\.vscode\extensions\redhat.java-0.43.0\server\plugins\org.eclipse.equinox.launcher_1.5.300.v20190213-1655.jar
Launcher Type: SUN_STANDARD

Environment Variables:
PATH=C:\Program Files (x86)\Common Files\Oracle\Java\javapath;C:\ProgramData\Oracle\Java\javapath;C:\python27;C:\WINDOWS\system32;C:\WINDOWS;C:\WINDOWS\System32\Wbem;C:\WINDOWS\System32\WindowsPowerShell\v1.0\;C:\Program Files (x86)\Windows Live\Shared;C:\WINDOWS\System32\OpenSSH\;C:\Program Files\PuTTY\;C:\Program Files\Microsoft VS Code\bin;C:\Program Files\Git\cmd;C:\Program Files\Java\jdk1.8.0_171\bin;%USERPROFILE%\AppData\Local\Microsoft\WindowsApps;
USERNAME=¹Î¿ì
OS=Windows_NT
PROCESSOR_IDENTIFIER=Intel64 Family 6 Model 58 Stepping 9, GenuineIntel



---------------  S Y S T E M  ---------------

OS: Windows 10.0 , 64 bit Build 17763 (10.0.17763.379)

CPU:total 4 (initial active 4) (2 cores per cpu, 2 threads per core) family 6 model 58 stepping 9, cmov, cx8, fxsr, mmx, sse, sse2, sse3, ssse3, sse4.1, sse4.2, popcnt, avx, clmul, erms, ht, tsc, tscinvbit, tscinv

Memory: 4k page, physical 4024712k(843548k free), swap 5445000k(5128k free)

vm_info: Java HotSpot(TM) 64-Bit Server VM (25.171-b11) for windows-amd64 JRE (1.8.0_171-b11), built on Mar 28 2018 16:06:12 by "java_re" with MS VC++ 10.0 (VS2010)

time: Thu May 02 03:55:06 2019
elapsed time: 19 seconds (0d 0h 0m 19s)

