#
# There is insufficient memory for the Java Runtime Environment to continue.
# Native memory allocation (malloc) failed to allocate 1113136 bytes for Chunk::new
# Possible reasons:
#   The system is out of physical RAM or swap space
#   In 32 bit mode, the process size limit was hit
# Possible solutions:
#   Reduce memory load on the system
#   Increase physical memory or swap space
#   Check if swap backing store is full
#   Use 64 bit Java on a 64 bit OS
#   Decrease Java heap size (-Xmx/-Xms)
#   Decrease number of Java threads
#   Decrease Java thread stack sizes (-Xss)
#   Set larger code cache with -XX:ReservedCodeCacheSize=
# This output file may be truncated or incomplete.
#
#  Out of Memory Error (allocation.cpp:390), pid=9680, tid=0x0000000000004d48
#
# JRE version: Java(TM) SE Runtime Environment (8.0_171-b11) (build 1.8.0_171-b11)
# Java VM: Java HotSpot(TM) 64-Bit Server VM (25.171-b11 mixed mode windows-amd64 compressed oops)
# Failed to write core dump. Minidumps are not enabled by default on client versions of Windows
#

---------------  T H R E A D  ---------------

Current thread (0x0000000018f00000):  JavaThread "C2 CompilerThread0" daemon [_thread_in_native, id=19784, stack(0x00000000196d0000,0x00000000197d0000)]

Stack: [0x00000000196d0000,0x00000000197d0000]
[error occurred during error reporting (printing stack bounds), id 0xc0000005]

Native frames: (J=compiled Java code, j=interpreted, Vv=VM code, C=native code)


Current CompileTask:
C2:  39422 6485       4       org.eclipse.jdt.internal.compiler.lookup.BinaryTypeBinding::createMethod (1613 bytes)


---------------  P R O C E S S  ---------------

Java Threads: ( => current thread )
  0x000000001e97f800 JavaThread "ForkJoinPool.commonPool-worker-3" daemon [_thread_in_Java, id=19036, stack(0x00000000217a0000,0x00000000218a0000)]
  0x000000001e982800 JavaThread "ForkJoinPool.commonPool-worker-2" daemon [_thread_in_Java, id=11236, stack(0x00000000214a0000,0x00000000215a0000)]
  0x000000001e97e000 JavaThread "ForkJoinPool.commonPool-worker-1" daemon [_thread_in_Java, id=20308, stack(0x00000000213a0000,0x00000000214a0000)]
  0x000000001e97d800 JavaThread "Worker-6" [_thread_blocked, id=18448, stack(0x00000000210a0000,0x00000000211a0000)]
  0x000000001e981000 JavaThread "Worker-5" [_thread_blocked, id=10592, stack(0x000000001ffd0000,0x00000000200d0000)]
  0x000000001e97c800 JavaThread "Worker-4" [_thread_blocked, id=14524, stack(0x000000001fed0000,0x000000001ffd0000)]
  0x000000001b39d800 JavaThread "Worker-3" [_thread_blocked, id=13564, stack(0x000000001f7f0000,0x000000001f8f0000)]
  0x0000000019f62000 JavaThread "pool-1-thread-1" [_thread_blocked, id=7588, stack(0x000000001ef90000,0x000000001f090000)]
  0x000000001ab2e800 JavaThread "Bundle File Closer" daemon [_thread_blocked, id=7128, stack(0x000000001d8c0000,0x000000001d9c0000)]
  0x000000001ae0a000 JavaThread "Worker-2" [_thread_blocked, id=19856, stack(0x000000001d7c0000,0x000000001d8c0000)]
  0x000000001ae09800 JavaThread "Java indexing" daemon [_thread_blocked, id=12084, stack(0x000000001d6c0000,0x000000001d7c0000)]
  0x000000001c056000 JavaThread "Worker-1" [_thread_blocked, id=15728, stack(0x000000001d3c0000,0x000000001d4c0000)]
  0x000000001abc0800 JavaThread "Worker-0" [_thread_blocked, id=14148, stack(0x000000001d2c0000,0x000000001d3c0000)]
  0x000000001a2b6800 JavaThread "Worker-JM" [_thread_blocked, id=16332, stack(0x000000001bb80000,0x000000001bc80000)]
  0x000000001a190800 JavaThread "Start Level: Equinox Container: bbf7d16b-1eae-49c2-a503-a1ddb0312e8d" daemon [_thread_blocked, id=868, stack(0x000000001b5a0000,0x000000001b6a0000)]
  0x0000000019066800 JavaThread "Framework Event Dispatcher: Equinox Container: bbf7d16b-1eae-49c2-a503-a1ddb0312e8d" daemon [_thread_blocked, id=20264, stack(0x000000001b4a0000,0x000000001b5a0000)]
  0x0000000019f05800 JavaThread "Active Thread: Equinox Container: bbf7d16b-1eae-49c2-a503-a1ddb0312e8d" [_thread_blocked, id=2880, stack(0x000000001b3a0000,0x000000001b4a0000)]
  0x0000000018f9f800 JavaThread "Service Thread" daemon [_thread_blocked, id=13980, stack(0x00000000199d0000,0x0000000019ad0000)]
  0x0000000018f0d000 JavaThread "C1 CompilerThread2" daemon [_thread_in_native, id=6492, stack(0x00000000198d0000,0x00000000199d0000)]
  0x0000000018f01000 JavaThread "C2 CompilerThread1" daemon [_thread_in_native, id=15868, stack(0x00000000197d0000,0x00000000198d0000)]
=>0x0000000018f00000 JavaThread "C2 CompilerThread0" daemon [_thread_in_native, id=19784, stack(0x00000000196d0000,0x00000000197d0000)]
  0x0000000018eff000 JavaThread "Attach Listener" daemon [_thread_blocked, id=1564, stack(0x00000000195d0000,0x00000000196d0000)]
  0x0000000018ee7800 JavaThread "Signal Dispatcher" daemon [_thread_blocked, id=20228, stack(0x00000000194d0000,0x00000000195d0000)]
  0x0000000018ee6800 JavaThread "Surrogate Locker Thread (Concurrent GC)" daemon [_thread_blocked, id=6184, stack(0x00000000193d0000,0x00000000194d0000)]
  0x0000000018e5e800 JavaThread "Finalizer" daemon [_thread_blocked, id=18180, stack(0x00000000192d0000,0x00000000193d0000)]
  0x0000000018e56000 JavaThread "Reference Handler" daemon [_thread_blocked, id=4984, stack(0x00000000191d0000,0x00000000192d0000)]
  0x000000000308e000 JavaThread "main" [_thread_blocked, id=8144, stack(0x0000000002f30000,0x0000000003030000)]

Other Threads:
  0x0000000018e52800 VMThread [stack: 0x0000000018bf0000,0x0000000018cf0000] [id=10124]
  0x0000000018f3f800 WatcherThread [stack: 0x0000000019ad0000,0x0000000019bd0000] [id=4600]

VM state:not at safepoint (normal execution)

VM Mutex/Monitor currently owned by a thread: None

Heap:
 garbage-first heap   total 64512K, used 50034K [0x00000000c0000000, 0x00000000c01001f8, 0x0000000100000000)
  region size 1024K, 13 young (13312K), 3 survivors (3072K)
 Metaspace       used 48456K, capacity 51328K, committed 51532K, reserved 1095680K
  class space    used 5021K, capacity 5860K, committed 5964K, reserved 1048576K

Heap Regions: (Y=young(eden), SU=young(survivor), HS=humongous(starts), HC=humongous(continues), CS=collection set, F=free, TS=gc time stamp, PTAMS=previous top-at-mark-start, NTAMS=next top-at-mark-start)
AC   0  O    TS     0 PTAMS 0x00000000c0100000 NTAMS 0x00000000c0100000 space 1024K, 100% used [0x00000000c0000000, 0x00000000c0100000)
AC   0  O    TS     0 PTAMS 0x00000000c0200000 NTAMS 0x00000000c0200000 space 1024K, 100% used [0x00000000c0100000, 0x00000000c0200000)
AC   0  O    TS     0 PTAMS 0x00000000c0300000 NTAMS 0x00000000c0300000 space 1024K, 100% used [0x00000000c0200000, 0x00000000c0300000)
AC   0  O    TS     0 PTAMS 0x00000000c0400000 NTAMS 0x00000000c0400000 space 1024K, 100% used [0x00000000c0300000, 0x00000000c0400000)
AC   0  O    TS     0 PTAMS 0x00000000c0500000 NTAMS 0x00000000c0500000 space 1024K, 100% used [0x00000000c0400000, 0x00000000c0500000)
AC   0  O    TS     0 PTAMS 0x00000000c0600000 NTAMS 0x00000000c0600000 space 1024K, 100% used [0x00000000c0500000, 0x00000000c0600000)
AC   0  O    TS     0 PTAMS 0x00000000c0700000 NTAMS 0x00000000c0700000 space 1024K, 100% used [0x00000000c0600000, 0x00000000c0700000)
AC   0  O    TS     0 PTAMS 0x00000000c0800000 NTAMS 0x00000000c0800000 space 1024K, 100% used [0x00000000c0700000, 0x00000000c0800000)
AC   0 HS    TS     0 PTAMS 0x00000000c0880010 NTAMS 0x00000000c0880010 space 1024K,  50% used [0x00000000c0800000, 0x00000000c0900000)
AC   0  O    TS     5 PTAMS 0x00000000c0900000 NTAMS 0x00000000c0900000 space 1024K, 100% used [0x00000000c0900000, 0x00000000c0a00000)
AC   0  O    TS     0 PTAMS 0x00000000c0b00000 NTAMS 0x00000000c0b00000 space 1024K, 100% used [0x00000000c0a00000, 0x00000000c0b00000)
AC   0  O    TS     0 PTAMS 0x00000000c0c00000 NTAMS 0x00000000c0c00000 space 1024K, 100% used [0x00000000c0b00000, 0x00000000c0c00000)
AC   0  O    TS     0 PTAMS 0x00000000c0d00000 NTAMS 0x00000000c0d00000 space 1024K, 100% used [0x00000000c0c00000, 0x00000000c0d00000)
AC   0  O    TS     0 PTAMS 0x00000000c0e00000 NTAMS 0x00000000c0e00000 space 1024K, 100% used [0x00000000c0d00000, 0x00000000c0e00000)
AC   0  O    TS     0 PTAMS 0x00000000c0f00000 NTAMS 0x00000000c0f00000 space 1024K, 100% used [0x00000000c0e00000, 0x00000000c0f00000)
AC   0  O    TS     0 PTAMS 0x00000000c1000000 NTAMS 0x00000000c1000000 space 1024K, 100% used [0x00000000c0f00000, 0x00000000c1000000)
AC   0  O    TS     7 PTAMS 0x00000000c1000000 NTAMS 0x00000000c1000000 space 1024K,  36% used [0x00000000c1000000, 0x00000000c1100000)
AC   0  O    TS     0 PTAMS 0x00000000c1200000 NTAMS 0x00000000c1200000 space 1024K, 100% used [0x00000000c1100000, 0x00000000c1200000)
AC   0  O    TS     0 PTAMS 0x00000000c1300000 NTAMS 0x00000000c1300000 space 1024K, 100% used [0x00000000c1200000, 0x00000000c1300000)
AC   0  F    TS     0 PTAMS 0x00000000c1300000 NTAMS 0x00000000c1300000 space 1024K,   0% used [0x00000000c1300000, 0x00000000c1400000)
AC   0  O    TS     0 PTAMS 0x00000000c1500000 NTAMS 0x00000000c1500000 space 1024K, 100% used [0x00000000c1400000, 0x00000000c1500000)
AC   0  O    TS     5 PTAMS 0x00000000c1500000 NTAMS 0x00000000c1500000 space 1024K, 100% used [0x00000000c1500000, 0x00000000c1600000)
AC   0  O    TS     0 PTAMS 0x00000000c1700000 NTAMS 0x00000000c1700000 space 1024K, 100% used [0x00000000c1600000, 0x00000000c1700000)
AC   0  O    TS     0 PTAMS 0x00000000c1800000 NTAMS 0x00000000c1800000 space 1024K, 100% used [0x00000000c1700000, 0x00000000c1800000)
AC   0  O    TS     0 PTAMS 0x00000000c1900000 NTAMS 0x00000000c1900000 space 1024K, 100% used [0x00000000c1800000, 0x00000000c1900000)
AC   0  O    TS     0 PTAMS 0x00000000c1a00000 NTAMS 0x00000000c1a00000 space 1024K, 100% used [0x00000000c1900000, 0x00000000c1a00000)
AC   0  O    TS     5 PTAMS 0x00000000c1a00000 NTAMS 0x00000000c1a00000 space 1024K, 100% used [0x00000000c1a00000, 0x00000000c1b00000)
AC   0  O    TS     0 PTAMS 0x00000000c1c00000 NTAMS 0x00000000c1c00000 space 1024K, 100% used [0x00000000c1b00000, 0x00000000c1c00000)
AC   0  F    TS     0 PTAMS 0x00000000c1c00000 NTAMS 0x00000000c1c00000 space 1024K,   0% used [0x00000000c1c00000, 0x00000000c1d00000)
AC   0  F    TS     0 PTAMS 0x00000000c1d00000 NTAMS 0x00000000c1d00000 space 1024K,   0% used [0x00000000c1d00000, 0x00000000c1e00000)
AC   0  F    TS     0 PTAMS 0x00000000c1e00000 NTAMS 0x00000000c1e00000 space 1024K,   0% used [0x00000000c1e00000, 0x00000000c1f00000)
AC   0  F    TS     0 PTAMS 0x00000000c1f00000 NTAMS 0x00000000c1f00000 space 1024K,   0% used [0x00000000c1f00000, 0x00000000c2000000)
AC   0  S CS TS     7 PTAMS 0x00000000c2000000 NTAMS 0x00000000c2000000 space 1024K, 100% used [0x00000000c2000000, 0x00000000c2100000)
AC   0  O    TS     1 PTAMS 0x00000000c21b7400 NTAMS 0x00000000c21b7400 space 1024K, 100% used [0x00000000c2100000, 0x00000000c2200000)
AC   0  O    TS     3 PTAMS 0x00000000c2200000 NTAMS 0x00000000c2200000 space 1024K, 100% used [0x00000000c2200000, 0x00000000c2300000)
AC   0  O    TS     3 PTAMS 0x00000000c2300000 NTAMS 0x00000000c2300000 space 1024K, 100% used [0x00000000c2300000, 0x00000000c2400000)
AC   0  O    TS     3 PTAMS 0x00000000c2400000 NTAMS 0x00000000c2400000 space 1024K, 100% used [0x00000000c2400000, 0x00000000c2500000)
AC   0  O    TS     3 PTAMS 0x00000000c2500000 NTAMS 0x00000000c2500000 space 1024K, 100% used [0x00000000c2500000, 0x00000000c2600000)
AC   0  O    TS     3 PTAMS 0x00000000c2600000 NTAMS 0x00000000c2600000 space 1024K, 100% used [0x00000000c2600000, 0x00000000c2700000)
AC   0  O    TS     1 PTAMS 0x00000000c2700000 NTAMS 0x00000000c2700000 space 1024K, 100% used [0x00000000c2700000, 0x00000000c2800000)
AC   0  O    TS     0 PTAMS 0x00000000c2900000 NTAMS 0x00000000c2900000 space 1024K, 100% used [0x00000000c2800000, 0x00000000c2900000)
AC   0  O    TS     1 PTAMS 0x00000000c2900000 NTAMS 0x00000000c2900000 space 1024K, 100% used [0x00000000c2900000, 0x00000000c2a00000)
AC   0  O    TS     1 PTAMS 0x00000000c2a00000 NTAMS 0x00000000c2a00000 space 1024K, 100% used [0x00000000c2a00000, 0x00000000c2b00000)
AC   0  O    TS     1 PTAMS 0x00000000c2b00000 NTAMS 0x00000000c2b00000 space 1024K, 100% used [0x00000000c2b00000, 0x00000000c2c00000)
AC   0  S CS TS     7 PTAMS 0x00000000c2c00000 NTAMS 0x00000000c2c00000 space 1024K, 100% used [0x00000000c2c00000, 0x00000000c2d00000)
AC   0  S CS TS     7 PTAMS 0x00000000c2d00000 NTAMS 0x00000000c2d00000 space 1024K, 100% used [0x00000000c2d00000, 0x00000000c2e00000)
AC   0  F    TS     1 PTAMS 0x00000000c2e00000 NTAMS 0x00000000c2e00000 space 1024K,   0% used [0x00000000c2e00000, 0x00000000c2f00000)
AC   0  F    TS     1 PTAMS 0x00000000c2f00000 NTAMS 0x00000000c2f00000 space 1024K,   0% used [0x00000000c2f00000, 0x00000000c3000000)
AC   0  F    TS     0 PTAMS 0x00000000c3000000 NTAMS 0x00000000c3000000 space 1024K,   0% used [0x00000000c3000000, 0x00000000c3100000)
AC   0  F    TS     0 PTAMS 0x00000000c3100000 NTAMS 0x00000000c3100000 space 1024K,   0% used [0x00000000c3100000, 0x00000000c3200000)
AC   0  F    TS     0 PTAMS 0x00000000c3200000 NTAMS 0x00000000c3200000 space 1024K,   0% used [0x00000000c3200000, 0x00000000c3300000)
AC   0  F    TS     0 PTAMS 0x00000000c3300000 NTAMS 0x00000000c3300000 space 1024K,   0% used [0x00000000c3300000, 0x00000000c3400000)
AC   0  F    TS     0 PTAMS 0x00000000c3400000 NTAMS 0x00000000c3400000 space 1024K,   0% used [0x00000000c3400000, 0x00000000c3500000)
AC   0  E    TS     0 PTAMS 0x00000000c3500000 NTAMS 0x00000000c3500000 space 1024K,  92% used [0x00000000c3500000, 0x00000000c3600000)
AC   0  E CS TS     0 PTAMS 0x00000000c3600000 NTAMS 0x00000000c3600000 space 1024K, 100% used [0x00000000c3600000, 0x00000000c3700000)
AC   0  E CS TS     0 PTAMS 0x00000000c3700000 NTAMS 0x00000000c3700000 space 1024K, 100% used [0x00000000c3700000, 0x00000000c3800000)
AC   0  E CS TS     0 PTAMS 0x00000000c3800000 NTAMS 0x00000000c3800000 space 1024K, 100% used [0x00000000c3800000, 0x00000000c3900000)
AC   0  E CS TS     0 PTAMS 0x00000000c3900000 NTAMS 0x00000000c3900000 space 1024K, 100% used [0x00000000c3900000, 0x00000000c3a00000)
AC   0  E CS TS     0 PTAMS 0x00000000c3a00000 NTAMS 0x00000000c3a00000 space 1024K, 100% used [0x00000000c3a00000, 0x00000000c3b00000)
AC   0  E CS TS     5 PTAMS 0x00000000c3b00000 NTAMS 0x00000000c3b00000 space 1024K, 100% used [0x00000000c3b00000, 0x00000000c3c00000)
AC   0  E CS TS     0 PTAMS 0x00000000c3c00000 NTAMS 0x00000000c3c00000 space 1024K, 100% used [0x00000000c3c00000, 0x00000000c3d00000)
AC   0  E CS TS     3 PTAMS 0x00000000c3d00000 NTAMS 0x00000000c3d00000 space 1024K, 100% used [0x00000000c3d00000, 0x00000000c3e00000)
AC   0  E CS TS     0 PTAMS 0x00000000c3e00000 NTAMS 0x00000000c3e00000 space 1024K, 100% used [0x00000000c3e00000, 0x00000000c3f00000)

Card table byte_map: [0x0000000013690000,0x0000000013890000] byte_map_base: 0x0000000013090000

Marking Bits (Prev, Next): (CMBitMap*) 0x00000000030c9420, (CMBitMap*) 0x00000000030c93c8
 Prev Bits: [0x0000000014a90000, 0x0000000015a90000)
 Next Bits: [0x0000000013a90000, 0x0000000014a90000)

Polling page: 0x0000000000e40000

CodeCache: size=245760Kb used=20524Kb max_used=20524Kb free=225235Kb
 bounds [0x0000000003190000, 0x00000000045b0000, 0x0000000012190000]
 total_blobs=6221 nmethods=5635 adapters=497
 compilation: enabled

Compilation events (10 events):
Event: 39.409 Thread 0x0000000018f0d000 nmethod 6583 0x00000000041db410 code [0x00000000041db560, 0x00000000041db670]
Event: 39.412 Thread 0x0000000018f0d000 6584       1       org.eclipse.jdt.internal.formatter.Token::isNextLineOnWrap (5 bytes)
Event: 39.412 Thread 0x0000000018f0d000 nmethod 6584 0x00000000045a46d0 code [0x00000000045a4820, 0x00000000045a4930]
Event: 39.412 Thread 0x0000000018f0d000 6585       3       org.eclipse.jdt.internal.formatter.Token::setIndent (24 bytes)
Event: 39.412 Thread 0x0000000018f0d000 nmethod 6585 0x00000000045a4990 code [0x00000000045a4ae0, 0x00000000045a4c50]
Event: 39.412 Thread 0x0000000018f0d000 6586       3       org.eclipse.jdt.internal.formatter.Token::hasNLSTag (11 bytes)
Event: 39.413 Thread 0x0000000018f0d000 nmethod 6586 0x00000000045a4cd0 code [0x00000000045a4e20, 0x00000000045a4fd0]
Event: 39.413 Thread 0x0000000018f0d000 6587       3       org.eclipse.core.runtime.ListenerList::<init> (43 bytes)
Event: 39.413 Thread 0x0000000018f0d000 nmethod 6587 0x00000000045a5050 code [0x00000000045a51e0, 0x00000000045a5548]
Event: 39.413 Thread 0x0000000018f0d000 6588       3       org.eclipse.jdt.internal.core.dom.rewrite.RewriteEventStore::validateHasChildProperty (60 bytes)

GC Heap History (10 events):
Event: 38.348 GC heap before
{Heap before GC invocations=32 (full 0):
 garbage-first heap   total 64512K, used 53415K [0x00000000c0000000, 0x00000000c01001f8, 0x0000000100000000)
  region size 1024K, 23 young (23552K), 3 survivors (3072K)
 Metaspace       used 48122K, capacity 50850K, committed 50892K, reserved 1093632K
  class space    used 5001K, capacity 5811K, committed 5836K, reserved 1048576K
Event: 38.363 GC heap after
Heap after GC invocations=33 (full 0):
 garbage-first heap   total 64512K, used 38109K [0x00000000c0000000, 0x00000000c01001f8, 0x0000000100000000)
  region size 1024K, 3 young (3072K), 3 survivors (3072K)
 Metaspace       used 48122K, capacity 50850K, committed 50892K, reserved 1093632K
  class space    used 5001K, capacity 5811K, committed 5836K, reserved 1048576K
}
Event: 38.778 GC heap before
{Heap before GC invocations=34 (full 0):
 garbage-first heap   total 64512K, used 54762K [0x00000000c0000000, 0x00000000c01001f8, 0x0000000100000000)
  region size 1024K, 18 young (18432K), 3 survivors (3072K)
 Metaspace       used 48257K, capacity 51130K, committed 51148K, reserved 1095680K
  class space    used 5009K, capacity 5819K, committed 5836K, reserved 1048576K
Event: 38.786 GC heap after
Heap after GC invocations=35 (full 0):
 garbage-first heap   total 64512K, used 42496K [0x00000000c0000000, 0x00000000c01001f8, 0x0000000100000000)
  region size 1024K, 3 young (3072K), 3 survivors (3072K)
 Metaspace       used 48257K, capacity 51130K, committed 51148K, reserved 1095680K
  class space    used 5009K, capacity 5819K, committed 5836K, reserved 1048576K
}
Event: 38.802 GC heap before
{Heap before GC invocations=35 (full 0):
 garbage-first heap   total 64512K, used 43520K [0x00000000c0000000, 0x00000000c01001f8, 0x0000000100000000)
  region size 1024K, 4 young (4096K), 3 survivors (3072K)
 Metaspace       used 48257K, capacity 51130K, committed 51148K, reserved 1095680K
  class space    used 5009K, capacity 5819K, committed 5836K, reserved 1048576K
Event: 38.812 GC heap after
Heap after GC invocations=36 (full 0):
 garbage-first heap   total 64512K, used 38400K [0x00000000c0000000, 0x00000000c01001f8, 0x0000000100000000)
  region size 1024K, 1 young (1024K), 1 survivors (1024K)
 Metaspace       used 48257K, capacity 51130K, committed 51148K, reserved 1095680K
  class space    used 5009K, capacity 5819K, committed 5836K, reserved 1048576K
}
Event: 38.841 GC heap before
{Heap before GC invocations=36 (full 0):
 garbage-first heap   total 64512K, used 40448K [0x00000000c0000000, 0x00000000c01001f8, 0x0000000100000000)
  region size 1024K, 3 young (3072K), 1 survivors (1024K)
 Metaspace       used 48257K, capacity 51130K, committed 51148K, reserved 1095680K
  class space    used 5009K, capacity 5819K, committed 5836K, reserved 1048576K
Event: 38.857 GC heap after
Heap after GC invocations=37 (full 0):
 garbage-first heap   total 64512K, used 38400K [0x00000000c0000000, 0x00000000c01001f8, 0x0000000100000000)
  region size 1024K, 1 young (1024K), 1 survivors (1024K)
 Metaspace       used 48257K, capacity 51130K, committed 51148K, reserved 1095680K
  class space    used 5009K, capacity 5819K, committed 5836K, reserved 1048576K
}
Event: 39.276 GC heap before
{Heap before GC invocations=37 (full 0):
 garbage-first heap   total 64512K, used 54784K [0x00000000c0000000, 0x00000000c01001f8, 0x0000000100000000)
  region size 1024K, 17 young (17408K), 1 survivors (1024K)
 Metaspace       used 48333K, capacity 51218K, committed 51404K, reserved 1095680K
  class space    used 5012K, capacity 5823K, committed 5836K, reserved 1048576K
Event: 39.286 GC heap after
Heap after GC invocations=38 (full 0):
 garbage-first heap   total 64512K, used 40818K [0x00000000c0000000, 0x00000000c01001f8, 0x0000000100000000)
  region size 1024K, 3 young (3072K), 3 survivors (3072K)
 Metaspace       used 48333K, capacity 51218K, committed 51404K, reserved 1095680K
  class space    used 5012K, capacity 5823K, committed 5836K, reserved 1048576K
}

Deoptimization events (10 events):
Event: 36.618 Thread 0x000000001abc0800 Uncommon trap: reason=bimorphic action=maybe_recompile pc=0x00000000042b6f48 method=org.eclipse.jdt.internal.compiler.parser.Parser.consumeToken(I)V @ 1739
Event: 36.618 Thread 0x000000001abc0800 Uncommon trap: reason=bimorphic action=maybe_recompile pc=0x00000000042b6f48 method=org.eclipse.jdt.internal.compiler.parser.Parser.consumeToken(I)V @ 1739
Event: 36.618 Thread 0x000000001abc0800 Uncommon trap: reason=bimorphic action=maybe_recompile pc=0x00000000042b6f48 method=org.eclipse.jdt.internal.compiler.parser.Parser.consumeToken(I)V @ 1739
Event: 36.652 Thread 0x000000001abc0800 Uncommon trap: reason=bimorphic action=maybe_recompile pc=0x00000000042b6f48 method=org.eclipse.jdt.internal.compiler.parser.Parser.consumeToken(I)V @ 1739
Event: 36.799 Thread 0x000000001e982800 Uncommon trap: reason=predicate action=maybe_recompile pc=0x00000000043df1b4 method=org.eclipse.jdt.internal.compiler.parser.diagnose.DiagnoseParser.scopeTrialCheck([IILorg/eclipse/jdt/internal/compiler/parser/diagnose/DiagnoseParser$PrimaryRepairInfo;I)V
Event: 36.801 Thread 0x000000001e982800 Uncommon trap: reason=unstable_if action=reinterpret pc=0x00000000043d9b78 method=org.eclipse.jdt.internal.compiler.parser.Scanner.getNextToken0()I @ 3355
Event: 36.825 Thread 0x000000001abc0800 Uncommon trap: reason=bimorphic action=maybe_recompile pc=0x0000000003ddb9f0 method=java.util.regex.Pattern$Slice.match(Ljava/util/regex/Matcher;ILjava/lang/CharSequence;)Z @ 75
Event: 38.102 Thread 0x000000001e97f800 Uncommon trap: reason=unstable_if action=reinterpret pc=0x00000000034edf20 method=org.eclipse.jdt.internal.compiler.util.HashtableOfObject.putUnsafely([CLjava/lang/Object;)V @ 70
Event: 38.283 Thread 0x000000001e97f800 Uncommon trap: reason=unstable_if action=reinterpret pc=0x0000000004496bac method=org.eclipse.jdt.core.compiler.CharOperation.prefixEquals([C[CZI)Z @ 16
Event: 39.370 Thread 0x000000001e97e000 Uncommon trap: reason=unstable_if action=reinterpret pc=0x0000000003c36c80 method=org.eclipse.osgi.internal.loader.ModuleClassLoader.lockClassName(Ljava/lang/String;)Z @ 39

Classes redefined (0 events):
No events

Internal exceptions (10 events):
Event: 39.401 Thread 0x000000001e982800 Exception <a 'java/lang/ArrayIndexOutOfBoundsException'> (0x00000000c3885da8) thrown at [C:\re\workspace\8-2-build-windows-amd64-cygwin\jdk8u171\10807\hotspot\src\share\vm\runtime\sharedRuntime.cpp, line 605]
Event: 39.402 Thread 0x000000001e97e000 Exception <a 'java/lang/ArrayIndexOutOfBoundsException'> (0x00000000c3895508) thrown at [C:\re\workspace\8-2-build-windows-amd64-cygwin\jdk8u171\10807\hotspot\src\share\vm\runtime\sharedRuntime.cpp, line 605]
Event: 39.402 Thread 0x000000001e982800 Exception <a 'java/lang/ArrayIndexOutOfBoundsException'> (0x00000000c38bed30) thrown at [C:\re\workspace\8-2-build-windows-amd64-cygwin\jdk8u171\10807\hotspot\src\share\vm\runtime\sharedRuntime.cpp, line 605]
Event: 39.402 Thread 0x000000001e982800 Exception <a 'java/lang/ArrayIndexOutOfBoundsException'> (0x00000000c38bf0c8) thrown at [C:\re\workspace\8-2-build-windows-amd64-cygwin\jdk8u171\10807\hotspot\src\share\vm\runtime\sharedRuntime.cpp, line 605]
Event: 39.402 Thread 0x000000001e97e000 Exception <a 'java/lang/ArrayIndexOutOfBoundsException'> (0x00000000c38d5b08) thrown at [C:\re\workspace\8-2-build-windows-amd64-cygwin\jdk8u171\10807\hotspot\src\share\vm\runtime\sharedRuntime.cpp, line 605]
Event: 39.402 Thread 0x000000001e97e000 Exception <a 'java/lang/ArrayIndexOutOfBoundsException'> (0x00000000c38d5e10) thrown at [C:\re\workspace\8-2-build-windows-amd64-cygwin\jdk8u171\10807\hotspot\src\share\vm\runtime\sharedRuntime.cpp, line 605]
Event: 39.404 Thread 0x000000001e97e000 Exception <a 'java/lang/ArrayIndexOutOfBoundsException'> (0x00000000c3702470) thrown at [C:\re\workspace\8-2-build-windows-amd64-cygwin\jdk8u171\10807\hotspot\src\share\vm\runtime\sharedRuntime.cpp, line 605]
Event: 39.408 Thread 0x000000001e97e000 Exception <a 'java/lang/ArrayIndexOutOfBoundsException'> (0x00000000c3735818) thrown at [C:\re\workspace\8-2-build-windows-amd64-cygwin\jdk8u171\10807\hotspot\src\share\vm\runtime\sharedRuntime.cpp, line 605]
Event: 39.411 Thread 0x000000001e97e000 Exception <a 'java/lang/ArrayIndexOutOfBoundsException'> (0x00000000c3778220) thrown at [C:\re\workspace\8-2-build-windows-amd64-cygwin\jdk8u171\10807\hotspot\src\share\vm\runtime\sharedRuntime.cpp, line 605]
Event: 39.411 Thread 0x000000001e97e000 Exception <a 'java/lang/ArrayIndexOutOfBoundsException'> (0x00000000c37785b8) thrown at [C:\re\workspace\8-2-build-windows-amd64-cygwin\jdk8u171\10807\hotspot\src\share\vm\runtime\sharedRuntime.cpp, line 605]

Events (10 events):
Event: 39.364 loading class java/util/Collections$SynchronizedList
Event: 39.364 loading class java/util/Collections$SynchronizedList done
Event: 39.365 loading class java/util/Collections$SynchronizedRandomAccessList done
Event: 39.370 Thread 0x000000001e97e000 Uncommon trap: trap_request=0xffffff65 fr.pc=0x0000000003c36c80
Event: 39.370 Thread 0x000000001e97e000 DEOPT PACKING pc=0x0000000003c36c80 sp=0x000000002149d8b0
Event: 39.370 Thread 0x000000001e97e000 DEOPT UNPACKING pc=0x00000000031d583b sp=0x000000002149d7b8 mode 2
Event: 39.377 Thread 0x000000001e982800 DEOPT PACKING pc=0x000000000423477d sp=0x000000002159dfd0
Event: 39.377 Thread 0x000000001e982800 DEOPT UNPACKING pc=0x00000000031d7890 sp=0x000000002159dce8 mode 0
Event: 39.377 Executing VM operation: RevokeBias
Event: 39.378 Executing VM operation: RevokeBias done


Dynamic libraries:
0x00007ff7e7b70000 - 0x00007ff7e7ba7000 	C:\Program Files\Java\jdk1.8.0_171\bin\java.exe
0x00007ffa50c60000 - 0x00007ffa50e4d000 	C:\WINDOWS\SYSTEM32\ntdll.dll
0x00007ffa4f500000 - 0x00007ffa4f5b3000 	C:\WINDOWS\System32\KERNEL32.DLL
0x00007ffa4daa0000 - 0x00007ffa4dd33000 	C:\WINDOWS\System32\KERNELBASE.dll
0x00007ffa501b0000 - 0x00007ffa50253000 	C:\WINDOWS\System32\ADVAPI32.dll
0x00007ffa4f400000 - 0x00007ffa4f49e000 	C:\WINDOWS\System32\msvcrt.dll
0x00007ffa4ffe0000 - 0x00007ffa5007e000 	C:\WINDOWS\System32\sechost.dll
0x00007ffa50260000 - 0x00007ffa50382000 	C:\WINDOWS\System32\RPCRT4.dll
0x00007ffa50920000 - 0x00007ffa50ab7000 	C:\WINDOWS\System32\USER32.dll
0x00007ffa4d180000 - 0x00007ffa4d1a0000 	C:\WINDOWS\System32\win32u.dll
0x00007ffa4f860000 - 0x00007ffa4f889000 	C:\WINDOWS\System32\GDI32.dll
0x00007ffa4ce00000 - 0x00007ffa4cf9a000 	C:\WINDOWS\System32\gdi32full.dll
0x00007ffa4dd40000 - 0x00007ffa4dde0000 	C:\WINDOWS\System32\msvcp_win.dll
0x00007ffa4d1a0000 - 0x00007ffa4d29a000 	C:\WINDOWS\System32\ucrtbase.dll
0x00007ffa42e00000 - 0x00007ffa43079000 	C:\WINDOWS\WinSxS\amd64_microsoft.windows.common-controls_6595b64144ccf1df_6.0.17763.503_none_05b23ef40721f4ae\COMCTL32.dll
0x00007ffa50440000 - 0x00007ffa5076c000 	C:\WINDOWS\System32\combase.dll
0x00007ffa4cd30000 - 0x00007ffa4cdae000 	C:\WINDOWS\System32\bcryptPrimitives.dll
0x00007ffa4ff90000 - 0x00007ffa4ffbe000 	C:\WINDOWS\System32\IMM32.DLL
0x0000000071910000 - 0x00000000719e2000 	C:\Program Files\Java\jdk1.8.0_171\jre\bin\msvcr100.dll
0x000000006f8c0000 - 0x0000000070160000 	C:\Program Files\Java\jdk1.8.0_171\jre\bin\server\jvm.dll
0x00007ffa4f890000 - 0x00007ffa4f898000 	C:\WINDOWS\System32\PSAPI.DLL
0x00007ffa3b810000 - 0x00007ffa3b819000 	C:\WINDOWS\SYSTEM32\WSOCK32.dll
0x00007ffa4f8a0000 - 0x00007ffa4f90d000 	C:\WINDOWS\System32\WS2_32.dll
0x00007ffa430b0000 - 0x00007ffa430d4000 	C:\WINDOWS\SYSTEM32\WINMM.dll
0x00007ffa3be50000 - 0x00007ffa3be5a000 	C:\WINDOWS\SYSTEM32\VERSION.dll
0x00007ffa43080000 - 0x00007ffa430ad000 	C:\WINDOWS\SYSTEM32\WINMMBASE.dll
0x00007ffa4d9f0000 - 0x00007ffa4da3a000 	C:\WINDOWS\System32\cfgmgr32.dll
0x0000000071900000 - 0x000000007190f000 	C:\Program Files\Java\jdk1.8.0_171\jre\bin\verify.dll
0x00000000718d0000 - 0x00000000718f9000 	C:\Program Files\Java\jdk1.8.0_171\jre\bin\java.dll
0x00000000718b0000 - 0x00000000718c6000 	C:\Program Files\Java\jdk1.8.0_171\jre\bin\zip.dll
0x00007ffa4df10000 - 0x00007ffa4f400000 	C:\WINDOWS\System32\SHELL32.dll
0x00007ffa4f990000 - 0x00007ffa4fa38000 	C:\WINDOWS\System32\shcore.dll
0x00007ffa4d2a0000 - 0x00007ffa4d9ea000 	C:\WINDOWS\System32\windows.storage.dll
0x00007ffa4cd00000 - 0x00007ffa4cd24000 	C:\WINDOWS\System32\profapi.dll
0x00007ffa4cc60000 - 0x00007ffa4ccbd000 	C:\WINDOWS\System32\powrprof.dll
0x00007ffa4fec0000 - 0x00007ffa4ff12000 	C:\WINDOWS\System32\shlwapi.dll
0x00007ffa4ccc0000 - 0x00007ffa4ccd1000 	C:\WINDOWS\System32\kernel.appcore.dll
0x00007ffa4cde0000 - 0x00007ffa4cdf7000 	C:\WINDOWS\System32\cryptsp.dll
0x00007ffa4c040000 - 0x00007ffa4c073000 	C:\WINDOWS\system32\rsaenh.dll
0x00007ffa4cdb0000 - 0x00007ffa4cdd6000 	C:\WINDOWS\System32\bcrypt.dll
0x00007ffa4cb90000 - 0x00007ffa4cbb8000 	C:\WINDOWS\SYSTEM32\USERENV.dll
0x00007ffa4c650000 - 0x00007ffa4c65c000 	C:\WINDOWS\SYSTEM32\CRYPTBASE.dll
0x0000000071890000 - 0x00000000718aa000 	C:\Program Files\Java\jdk1.8.0_171\jre\bin\net.dll
0x00007ffa4c480000 - 0x00007ffa4c4e7000 	C:\WINDOWS\system32\mswsock.dll
0x00007ffa4c1e0000 - 0x00007ffa4c21d000 	C:\WINDOWS\SYSTEM32\IPHLPAPI.DLL
0x00007ffa50c20000 - 0x00007ffa50c28000 	C:\WINDOWS\System32\NSI.dll
0x00007ffa43b40000 - 0x00007ffa43b56000 	C:\WINDOWS\SYSTEM32\dhcpcsvc6.DLL
0x00007ffa444e0000 - 0x00007ffa444fc000 	C:\WINDOWS\SYSTEM32\dhcpcsvc.DLL
0x00007ffa4c220000 - 0x00007ffa4c2e6000 	C:\WINDOWS\SYSTEM32\DNSAPI.dll
0x0000000071870000 - 0x0000000071881000 	C:\Program Files\Java\jdk1.8.0_171\jre\bin\nio.dll
0x00007ffa35d10000 - 0x00007ffa35d39000 	C:\Users\XNOTE\.vscode\extensions\redhat.java-0.45.0\server\config_win\org.eclipse.equinox.launcher\org.eclipse.equinox.launcher.win32.win32.x86_64_1.1.1000.v20190125-2016\eclipse_1801.dll
0x00007ffa41f60000 - 0x00007ffa41f71000 	C:\Users\XNOTE\.vscode\extensions\redhat.java-0.45.0\server\config_win\org.eclipse.osgi\20\0\.cp\jWinHttp-1.0.0.dll
0x00007ffa50ac0000 - 0x00007ffa50c15000 	C:\WINDOWS\System32\ole32.dll
0x00007ffa44910000 - 0x00007ffa44a01000 	C:\WINDOWS\SYSTEM32\WINHTTP.dll

VM Arguments:
jvm_args: -Declipse.application=org.eclipse.jdt.ls.core.id1 -Dosgi.bundles.defaultStartLevel=4 -Declipse.product=org.eclipse.jdt.ls.core.product -Dfile.encoding=utf8 -DwatchParentProcess=false -Xverify:none -Xmx1G -XX:+UseG1GC -XX:+UseStringDeduplication 
java_command: C:\Users\XNOTE\.vscode\extensions\redhat.java-0.45.0\server\plugins\org.eclipse.equinox.launcher_1.5.400.v20190514-1658.jar -configuration C:\Users\XNOTE\.vscode\extensions\redhat.java-0.45.0\server\config_win -data c:\Users\XNOTE\AppData\Roaming\Code\User\workspaceStorage\93e8932c494c5971e4fa6186b51a1aec\redhat.java\jdt_ws
java_class_path (initial): C:\Users\XNOTE\.vscode\extensions\redhat.java-0.45.0\server\plugins\org.eclipse.equinox.launcher_1.5.400.v20190514-1658.jar
Launcher Type: SUN_STANDARD

Environment Variables:
PATH=C:\Program Files (x86)\Common Files\Oracle\Java\javapath;C:\ProgramData\Oracle\Java\javapath;C:\python27;C:\WINDOWS\system32;C:\WINDOWS;C:\WINDOWS\System32\Wbem;C:\WINDOWS\System32\WindowsPowerShell\v1.0\;C:\Program Files (x86)\Windows Live\Shared;C:\WINDOWS\System32\OpenSSH\;C:\Program Files\PuTTY\;C:\Program Files\Microsoft VS Code\bin;C:\Program Files\Git\cmd;C:\Program Files\Java\jdk1.8.0_171\bin;%USERPROFILE%\AppData\Local\Microsoft\WindowsApps;
USERNAME=¹Î¿ì
OS=Windows_NT
PROCESSOR_IDENTIFIER=Intel64 Family 6 Model 58 Stepping 9, GenuineIntel



---------------  S Y S T E M  ---------------

OS: Windows 10.0 , 64 bit Build 17763 (10.0.17763.475)

CPU:total 4 (initial active 4) (2 cores per cpu, 2 threads per core) family 6 model 58 stepping 9, cmov, cx8, fxsr, mmx, sse, sse2, sse3, ssse3, sse4.1, sse4.2, popcnt, avx, clmul, erms, ht, tsc, tscinvbit, tscinv

Memory: 4k page, physical 4024712k(383816k free), swap 5445000k(4336k free)

vm_info: Java HotSpot(TM) 64-Bit Server VM (25.171-b11) for windows-amd64 JRE (1.8.0_171-b11), built on Mar 28 2018 16:06:12 by "java_re" with MS VC++ 10.0 (VS2010)

time: Thu May 30 20:00:01 2019
elapsed time: 39 seconds (0d 0h 0m 39s)

