#
# There is insufficient memory for the Java Runtime Environment to continue.
# Native memory allocation (mmap) failed to map 23068672 bytes for Failed to commit area from 0x00000000c5f00000 to 0x00000000c7500000 of length 23068672.
# Possible reasons:
#   The system is out of physical RAM or swap space
#   In 32 bit mode, the process size limit was hit
# Possible solutions:
#   Reduce memory load on the system
#   Increase physical memory or swap space
#   Check if swap backing store is full
#   Use 64 bit Java on a 64 bit OS
#   Decrease Java heap size (-Xmx/-Xms)
#   Decrease number of Java threads
#   Decrease Java thread stack sizes (-Xss)
#   Set larger code cache with -XX:ReservedCodeCacheSize=
# This output file may be truncated or incomplete.
#
#  Out of Memory Error (os_windows.cpp:3331), pid=14168, tid=0x0000000000000390
#
# JRE version: Java(TM) SE Runtime Environment (8.0_171-b11) (build 1.8.0_171-b11)
# Java VM: Java HotSpot(TM) 64-Bit Server VM (25.171-b11 mixed mode windows-amd64 compressed oops)
# Failed to write core dump. Minidumps are not enabled by default on client versions of Windows
#

---------------  T H R E A D  ---------------

Current thread (0x000000001cd91000):  JavaThread "Thread-2" daemon [_thread_in_vm, id=912, stack(0x00000000209b0000,0x0000000020ab0000)]

Stack: [0x00000000209b0000,0x0000000020ab0000]
[error occurred during error reporting (printing stack bounds), id 0xc0000005]

Native frames: (J=compiled Java code, j=interpreted, Vv=VM code, C=native code)

Java frames: (J=compiled Java code, j=interpreted, Vv=VM code)
v  ~RuntimeStub::new_type_array Runtime1 stub
J 194 C1 java.lang.StringCoding$StringDecoder.decode([BII)[C (179 bytes) @ 0x0000000002ab8de0 [0x0000000002ab75c0+0x1820]
J 3893 C1 java.lang.StringCoding.decode(Ljava/lang/String;[BII)[C (120 bytes) @ 0x0000000002c78064 [0x0000000002c76a40+0x1624]
j  java.lang.StringCoding.decode([BII)[C+11
j  java.lang.String.<init>([BII)V+14
j  java.lang.String.<init>([B)V+5
j  com.microsoft.jdtls.intellicode.core.pythia.PythiaModelLoader.decrypt([B)Ljava/lang/String;+53
j  com.microsoft.jdtls.intellicode.core.pythia.PythiaModelLoader.access$0([B)Ljava/lang/String;+1
j  com.microsoft.jdtls.intellicode.core.pythia.PythiaModelLoader$1.run()V+24
v  ~StubRoutines::call_stub

---------------  P R O C E S S  ---------------

Java Threads: ( => current thread )
  0x000000001cd93800 JavaThread "ForkJoinPool.commonPool-worker-3" daemon [_thread_blocked, id=17492, stack(0x0000000020f00000,0x0000000021000000)]
  0x000000001cd95000 JavaThread "ForkJoinPool.commonPool-worker-2" daemon [_thread_blocked, id=15732, stack(0x0000000020c00000,0x0000000020d00000)]
=>0x000000001cd91000 JavaThread "Thread-2" daemon [_thread_in_vm, id=912, stack(0x00000000209b0000,0x0000000020ab0000)]
  0x000000001cd94000 JavaThread "ForkJoinPool.commonPool-worker-1" daemon [_thread_blocked, id=5340, stack(0x00000000208b0000,0x00000000209b0000)]
  0x000000001cd92800 JavaThread "Worker-4: Initialize workspace" [_thread_blocked, id=15532, stack(0x000000001efd0000,0x000000001f0d0000)]
  0x0000000019634000 JavaThread "Worker-3" [_thread_blocked, id=12224, stack(0x000000001ec50000,0x000000001ed50000)]
  0x00000000188d1000 JavaThread "pool-1-thread-1" [_thread_in_native, id=12692, stack(0x000000001e700000,0x000000001e800000)]
  0x000000001a545800 JavaThread "Bundle File Closer" daemon [_thread_blocked, id=2384, stack(0x000000001be60000,0x000000001bf60000)]
  0x000000001a3ed800 JavaThread "Worker-2" [_thread_blocked, id=13252, stack(0x000000001bd60000,0x000000001be60000)]
  0x000000001a3ec800 JavaThread "Java indexing" daemon [_thread_blocked, id=3052, stack(0x000000001bc60000,0x000000001bd60000)]
  0x000000001a28c800 JavaThread "Worker-1: Compacting resource model" [_thread_blocked, id=13924, stack(0x000000001b760000,0x000000001b860000)]
  0x000000001a286000 JavaThread "Worker-0: Building workspace" [_thread_in_native, id=12728, stack(0x000000001b660000,0x000000001b760000)]
  0x000000001a1d0800 JavaThread "Worker-JM" [_thread_blocked, id=17100, stack(0x000000001b260000,0x000000001b360000)]
  0x0000000019888800 JavaThread "Start Level: Equinox Container: 90b84d1d-8770-4188-81fe-9f150cf24e30" daemon [_thread_blocked, id=8424, stack(0x000000001ad40000,0x000000001ae40000)]
  0x0000000019623000 JavaThread "Framework Event Dispatcher: Equinox Container: 90b84d1d-8770-4188-81fe-9f150cf24e30" daemon [_thread_blocked, id=15076, stack(0x000000001ac40000,0x000000001ad40000)]
  0x000000001956e800 JavaThread "Active Thread: Equinox Container: 90b84d1d-8770-4188-81fe-9f150cf24e30" [_thread_blocked, id=7072, stack(0x000000001ab40000,0x000000001ac40000)]
  0x000000001870b800 JavaThread "Service Thread" daemon [_thread_blocked, id=17676, stack(0x0000000019170000,0x0000000019270000)]
  0x00000000186a2000 JavaThread "C1 CompilerThread2" daemon [_thread_blocked, id=15872, stack(0x0000000019070000,0x0000000019170000)]
  0x000000001869f000 JavaThread "C2 CompilerThread1" daemon [_thread_blocked, id=2560, stack(0x0000000018f70000,0x0000000019070000)]
  0x000000001869e000 JavaThread "C2 CompilerThread0" daemon [_thread_blocked, id=7452, stack(0x0000000018e70000,0x0000000018f70000)]
  0x000000001869c000 JavaThread "Attach Listener" daemon [_thread_blocked, id=12332, stack(0x0000000018d70000,0x0000000018e70000)]
  0x0000000018685800 JavaThread "Signal Dispatcher" daemon [_thread_blocked, id=17760, stack(0x0000000018c70000,0x0000000018d70000)]
  0x0000000018684800 JavaThread "Surrogate Locker Thread (Concurrent GC)" daemon [_thread_blocked, id=15008, stack(0x0000000018b70000,0x0000000018c70000)]
  0x00000000185f4000 JavaThread "Finalizer" daemon [_thread_blocked, id=17892, stack(0x0000000018a70000,0x0000000018b70000)]
  0x00000000185f2800 JavaThread "Reference Handler" daemon [_thread_blocked, id=10492, stack(0x0000000018970000,0x0000000018a70000)]
  0x000000000070e000 JavaThread "main" [_thread_blocked, id=15164, stack(0x0000000002740000,0x0000000002840000)]

Other Threads:
  0x00000000185ee800 VMThread [stack: 0x0000000018390000,0x0000000018490000] [id=16648]
  0x0000000018717800 WatcherThread [stack: 0x0000000019270000,0x0000000019370000] [id=12768]

VM state:not at safepoint (normal execution)

VM Mutex/Monitor currently owned by a thread:  ([mutex/lock_event])
[0x0000000002841d50] Heap_lock - owner thread: 0x000000001cd91000

Heap:
 garbage-first heap   total 119808K, used 79169K [0x00000000c0000000, 0x00000000c01003a8, 0x0000000100000000)
  region size 1024K, 5 young (5120K), 2 survivors (2048K)
 Metaspace       used 40873K, capacity 43396K, committed 43648K, reserved 1087488K
  class space    used 4424K, capacity 5196K, committed 5248K, reserved 1048576K

Heap Regions: (Y=young(eden), SU=young(survivor), HS=humongous(starts), HC=humongous(continues), CS=collection set, F=free, TS=gc time stamp, PTAMS=previous top-at-mark-start, NTAMS=next top-at-mark-start)
AC   0  O    TS     0 PTAMS 0x00000000c0100000 NTAMS 0x00000000c0100000 space 1024K, 100% used [0x00000000c0000000, 0x00000000c0100000)
AC   0  O    TS     0 PTAMS 0x00000000c0200000 NTAMS 0x00000000c0200000 space 1024K, 100% used [0x00000000c0100000, 0x00000000c0200000)
AC   0  O    TS     0 PTAMS 0x00000000c0300000 NTAMS 0x00000000c0300000 space 1024K, 100% used [0x00000000c0200000, 0x00000000c0300000)
AC   0 HS    TS     0 PTAMS 0x00000000c0300000 NTAMS 0x00000000c0300000 space 1024K,  87% used [0x00000000c0300000, 0x00000000c0400000)
AC   0  O    TS     0 PTAMS 0x00000000c0500000 NTAMS 0x00000000c0500000 space 1024K, 100% used [0x00000000c0400000, 0x00000000c0500000)
AC   0  O    TS     0 PTAMS 0x00000000c0580200 NTAMS 0x00000000c0580200 space 1024K,  50% used [0x00000000c0500000, 0x00000000c0600000)
AC   0  O    TS     0 PTAMS 0x00000000c0700000 NTAMS 0x00000000c0700000 space 1024K, 100% used [0x00000000c0600000, 0x00000000c0700000)
AC   0  O    TS     0 PTAMS 0x00000000c0800000 NTAMS 0x00000000c0800000 space 1024K, 100% used [0x00000000c0700000, 0x00000000c0800000)
AC   0  O    TS     0 PTAMS 0x00000000c0900000 NTAMS 0x00000000c0900000 space 1024K, 100% used [0x00000000c0800000, 0x00000000c0900000)
AC   0  O    TS     0 PTAMS 0x00000000c0a00000 NTAMS 0x00000000c0a00000 space 1024K, 100% used [0x00000000c0900000, 0x00000000c0a00000)
AC   0  O    TS     0 PTAMS 0x00000000c0b00000 NTAMS 0x00000000c0b00000 space 1024K, 100% used [0x00000000c0a00000, 0x00000000c0b00000)
AC   0  O    TS     0 PTAMS 0x00000000c0c00000 NTAMS 0x00000000c0c00000 space 1024K, 100% used [0x00000000c0b00000, 0x00000000c0c00000)
AC   0  F    TS     0 PTAMS 0x00000000c0c00000 NTAMS 0x00000000c0c00000 space 1024K,   0% used [0x00000000c0c00000, 0x00000000c0d00000)
AC   0  O    TS     0 PTAMS 0x00000000c0e00000 NTAMS 0x00000000c0e00000 space 1024K, 100% used [0x00000000c0d00000, 0x00000000c0e00000)
AC   0  O    TS     0 PTAMS 0x00000000c0f00000 NTAMS 0x00000000c0f00000 space 1024K, 100% used [0x00000000c0e00000, 0x00000000c0f00000)
AC   0  O    TS     0 PTAMS 0x00000000c1000000 NTAMS 0x00000000c1000000 space 1024K, 100% used [0x00000000c0f00000, 0x00000000c1000000)
AC   0  O    TS     0 PTAMS 0x00000000c1100000 NTAMS 0x00000000c1100000 space 1024K, 100% used [0x00000000c1000000, 0x00000000c1100000)
AC   0  O    TS     0 PTAMS 0x00000000c1200000 NTAMS 0x00000000c1200000 space 1024K, 100% used [0x00000000c1100000, 0x00000000c1200000)
AC   0  O    TS     0 PTAMS 0x00000000c1300000 NTAMS 0x00000000c1300000 space 1024K, 100% used [0x00000000c1200000, 0x00000000c1300000)
AC   0 HS    TS     0 PTAMS 0x00000000c1300000 NTAMS 0x00000000c1300000 space 2048K,  64% used [0x00000000c1300000, 0x00000000c1500000)
AC   0 HC    TS     0 PTAMS 0x00000000c1400000 NTAMS 0x00000000c1400000 space 1024K,  29% used [0x00000000c1400000, 0x00000000c1500000)
AC   0  O    TS     0 PTAMS 0x00000000c1600000 NTAMS 0x00000000c1600000 space 1024K, 100% used [0x00000000c1500000, 0x00000000c1600000)
AC   0  O    TS     0 PTAMS 0x00000000c1700000 NTAMS 0x00000000c1700000 space 1024K, 100% used [0x00000000c1600000, 0x00000000c1700000)
AC   0  O    TS     0 PTAMS 0x00000000c1800000 NTAMS 0x00000000c1800000 space 1024K, 100% used [0x00000000c1700000, 0x00000000c1800000)
AC   0  O    TS     0 PTAMS 0x00000000c1900000 NTAMS 0x00000000c1900000 space 1024K, 100% used [0x00000000c1800000, 0x00000000c1900000)
AC   0  F    TS     0 PTAMS 0x00000000c1900000 NTAMS 0x00000000c1900000 space 1024K,   0% used [0x00000000c1900000, 0x00000000c1a00000)
AC   0  O    TS     0 PTAMS 0x00000000c1b00000 NTAMS 0x00000000c1b00000 space 1024K, 100% used [0x00000000c1a00000, 0x00000000c1b00000)
AC   0 HS    TS     0 PTAMS 0x00000000c1b00000 NTAMS 0x00000000c1b00000 space 2048K,  87% used [0x00000000c1b00000, 0x00000000c1d00000)
AC   0 HC    TS     0 PTAMS 0x00000000c1c00000 NTAMS 0x00000000c1c00000 space 1024K,  74% used [0x00000000c1c00000, 0x00000000c1d00000)
AC   0 HS    TS     0 PTAMS 0x00000000c1d80010 NTAMS 0x00000000c1d80010 space 1024K,  50% used [0x00000000c1d00000, 0x00000000c1e00000)
AC   0  O    TS     0 PTAMS 0x00000000c1f00000 NTAMS 0x00000000c1f00000 space 1024K, 100% used [0x00000000c1e00000, 0x00000000c1f00000)
AC   0 HS    TS     0 PTAMS 0x00000000c1f00000 NTAMS 0x00000000c1f00000 space 2048K,  64% used [0x00000000c1f00000, 0x00000000c2100000)
AC   0 HC    TS     0 PTAMS 0x00000000c2000000 NTAMS 0x00000000c2000000 space 1024K,  29% used [0x00000000c2000000, 0x00000000c2100000)
AC   0 HS    TS     0 PTAMS 0x00000000c224a7a0 NTAMS 0x00000000c224a7a0 space 2048K,  64% used [0x00000000c2100000, 0x00000000c2300000)
AC   0 HC    TS     0 PTAMS 0x00000000c2200000 NTAMS 0x00000000c2200000 space 1024K,  29% used [0x00000000c2200000, 0x00000000c2300000)
AC   0  O    TS     0 PTAMS 0x00000000c2400000 NTAMS 0x00000000c2400000 space 1024K, 100% used [0x00000000c2300000, 0x00000000c2400000)
AC   0  O    TS     0 PTAMS 0x00000000c2500000 NTAMS 0x00000000c2500000 space 1024K, 100% used [0x00000000c2400000, 0x00000000c2500000)
AC   0  O    TS     0 PTAMS 0x00000000c2600000 NTAMS 0x00000000c2600000 space 1024K, 100% used [0x00000000c2500000, 0x00000000c2600000)
AC   0  O    TS     0 PTAMS 0x00000000c2700000 NTAMS 0x00000000c2700000 space 1024K, 100% used [0x00000000c2600000, 0x00000000c2700000)
AC   0  O    TS     0 PTAMS 0x00000000c2800000 NTAMS 0x00000000c2800000 space 1024K, 100% used [0x00000000c2700000, 0x00000000c2800000)
AC   0  O    TS     0 PTAMS 0x00000000c2900000 NTAMS 0x00000000c2900000 space 1024K, 100% used [0x00000000c2800000, 0x00000000c2900000)
AC   0  O    TS     0 PTAMS 0x00000000c2a00000 NTAMS 0x00000000c2a00000 space 1024K, 100% used [0x00000000c2900000, 0x00000000c2a00000)
AC   0 HS    TS     0 PTAMS 0x00000000c2a00000 NTAMS 0x00000000c2a00000 space 2048K,  64% used [0x00000000c2a00000, 0x00000000c2c00000)
AC   0 HC    TS     0 PTAMS 0x00000000c2b00000 NTAMS 0x00000000c2b00000 space 1024K,  29% used [0x00000000c2b00000, 0x00000000c2c00000)
AC   0  F    TS     0 PTAMS 0x00000000c2c00000 NTAMS 0x00000000c2c00000 space 1024K,   0% used [0x00000000c2c00000, 0x00000000c2d00000)
AC   0  O    TS     0 PTAMS 0x00000000c2e00000 NTAMS 0x00000000c2e00000 space 1024K, 100% used [0x00000000c2d00000, 0x00000000c2e00000)
AC   0 HS    TS     0 PTAMS 0x00000000c2e00000 NTAMS 0x00000000c2e00000 space 4096K,  87% used [0x00000000c2e00000, 0x00000000c3200000)
AC   0 HC    TS     0 PTAMS 0x00000000c2f00000 NTAMS 0x00000000c2f00000 space 1024K, 100% used [0x00000000c2f00000, 0x00000000c3000000)
AC   0 HC    TS     0 PTAMS 0x00000000c3000000 NTAMS 0x00000000c3000000 space 1024K, 100% used [0x00000000c3000000, 0x00000000c3100000)
AC   0 HC    TS     0 PTAMS 0x00000000c3100000 NTAMS 0x00000000c3100000 space 1024K,  48% used [0x00000000c3100000, 0x00000000c3200000)
AC   0  F    TS     0 PTAMS 0x00000000c3200000 NTAMS 0x00000000c3200000 space 1024K,   0% used [0x00000000c3200000, 0x00000000c3300000)
AC   0  F    TS     0 PTAMS 0x00000000c3300000 NTAMS 0x00000000c3300000 space 1024K,   0% used [0x00000000c3300000, 0x00000000c3400000)
AC   0  F    TS     0 PTAMS 0x00000000c3400000 NTAMS 0x00000000c3400000 space 1024K,   0% used [0x00000000c3400000, 0x00000000c3500000)
AC   0  F    TS     0 PTAMS 0x00000000c3500000 NTAMS 0x00000000c3500000 space 1024K,   0% used [0x00000000c3500000, 0x00000000c3600000)
AC   0  S CS TS     0 PTAMS 0x00000000c3600000 NTAMS 0x00000000c3600000 space 1024K,  37% used [0x00000000c3600000, 0x00000000c3700000)
AC   0  S CS TS     0 PTAMS 0x00000000c3700000 NTAMS 0x00000000c3700000 space 1024K, 100% used [0x00000000c3700000, 0x00000000c3800000)
AC   0  F    TS     0 PTAMS 0x00000000c3800000 NTAMS 0x00000000c3800000 space 1024K,   0% used [0x00000000c3800000, 0x00000000c3900000)
AC   0  F    TS     0 PTAMS 0x00000000c3900000 NTAMS 0x00000000c3900000 space 1024K,   0% used [0x00000000c3900000, 0x00000000c3a00000)
AC   0  F    TS     0 PTAMS 0x00000000c3a00000 NTAMS 0x00000000c3a00000 space 1024K,   0% used [0x00000000c3a00000, 0x00000000c3b00000)
AC   0  F    TS     0 PTAMS 0x00000000c3b00000 NTAMS 0x00000000c3b00000 space 1024K,   0% used [0x00000000c3b00000, 0x00000000c3c00000)
AC   0  E    TS     0 PTAMS 0x00000000c3c00000 NTAMS 0x00000000c3c00000 space 1024K,  20% used [0x00000000c3c00000, 0x00000000c3d00000)
AC   0  E CS TS     0 PTAMS 0x00000000c3d00000 NTAMS 0x00000000c3d00000 space 1024K, 100% used [0x00000000c3d00000, 0x00000000c3e00000)
AC   0  E CS TS     0 PTAMS 0x00000000c3e00000 NTAMS 0x00000000c3e00000 space 1024K, 100% used [0x00000000c3e00000, 0x00000000c3f00000)
AC   0 HS    TS     0 PTAMS 0x00000000c3f00000 NTAMS 0x00000000c3f00000 space 7168K,  99% used [0x00000000c3f00000, 0x00000000c4600000)
AC   0 HC    TS     0 PTAMS 0x00000000c4000000 NTAMS 0x00000000c4000000 space 1024K, 100% used [0x00000000c4000000, 0x00000000c4100000)
AC   0 HC    TS     0 PTAMS 0x00000000c4100000 NTAMS 0x00000000c4100000 space 1024K, 100% used [0x00000000c4100000, 0x00000000c4200000)
AC   0 HC    TS     0 PTAMS 0x00000000c4200000 NTAMS 0x00000000c4200000 space 1024K, 100% used [0x00000000c4200000, 0x00000000c4300000)
AC   0 HC    TS     0 PTAMS 0x00000000c4300000 NTAMS 0x00000000c4300000 space 1024K, 100% used [0x00000000c4300000, 0x00000000c4400000)
AC   0 HC    TS     0 PTAMS 0x00000000c4400000 NTAMS 0x00000000c4400000 space 1024K, 100% used [0x00000000c4400000, 0x00000000c4500000)
AC   0 HC    TS     0 PTAMS 0x00000000c4500000 NTAMS 0x00000000c4500000 space 1024K,  97% used [0x00000000c4500000, 0x00000000c4600000)
AC   0 HS    TS     0 PTAMS 0x00000000c4600000 NTAMS 0x00000000c4600000 space 14336K,  99% used [0x00000000c4600000, 0x00000000c5400000)
AC   0 HC    TS     0 PTAMS 0x00000000c4700000 NTAMS 0x00000000c4700000 space 1024K, 100% used [0x00000000c4700000, 0x00000000c4800000)
AC   0 HC    TS     0 PTAMS 0x00000000c4800000 NTAMS 0x00000000c4800000 space 1024K, 100% used [0x00000000c4800000, 0x00000000c4900000)
AC   0 HC    TS     0 PTAMS 0x00000000c4900000 NTAMS 0x00000000c4900000 space 1024K, 100% used [0x00000000c4900000, 0x00000000c4a00000)
AC   0 HC    TS     0 PTAMS 0x00000000c4a00000 NTAMS 0x00000000c4a00000 space 1024K, 100% used [0x00000000c4a00000, 0x00000000c4b00000)
AC   0 HC    TS     0 PTAMS 0x00000000c4b00000 NTAMS 0x00000000c4b00000 space 1024K, 100% used [0x00000000c4b00000, 0x00000000c4c00000)
AC   0 HC    TS     0 PTAMS 0x00000000c4c00000 NTAMS 0x00000000c4c00000 space 1024K, 100% used [0x00000000c4c00000, 0x00000000c4d00000)
AC   0 HC    TS     0 PTAMS 0x00000000c4d00000 NTAMS 0x00000000c4d00000 space 1024K, 100% used [0x00000000c4d00000, 0x00000000c4e00000)
AC   0 HC    TS     0 PTAMS 0x00000000c4e00000 NTAMS 0x00000000c4e00000 space 1024K, 100% used [0x00000000c4e00000, 0x00000000c4f00000)
AC   0 HC    TS     0 PTAMS 0x00000000c4f00000 NTAMS 0x00000000c4f00000 space 1024K, 100% used [0x00000000c4f00000, 0x00000000c5000000)
AC   0 HC    TS     0 PTAMS 0x00000000c5000000 NTAMS 0x00000000c5000000 space 1024K, 100% used [0x00000000c5000000, 0x00000000c5100000)
AC   0 HC    TS     0 PTAMS 0x00000000c5100000 NTAMS 0x00000000c5100000 space 1024K, 100% used [0x00000000c5100000, 0x00000000c5200000)
AC   0 HC    TS     0 PTAMS 0x00000000c5200000 NTAMS 0x00000000c5200000 space 1024K, 100% used [0x00000000c5200000, 0x00000000c5300000)
AC   0 HC    TS     0 PTAMS 0x00000000c5300000 NTAMS 0x00000000c5300000 space 1024K,  94% used [0x00000000c5300000, 0x00000000c5400000)
AC   0 HS    TS     0 PTAMS 0x00000000c5400000 NTAMS 0x00000000c5400000 space 11264K,  97% used [0x00000000c5400000, 0x00000000c5f00000)
AC   0 HC    TS     0 PTAMS 0x00000000c5500000 NTAMS 0x00000000c5500000 space 1024K, 100% used [0x00000000c5500000, 0x00000000c5600000)
AC   0 HC    TS     0 PTAMS 0x00000000c5600000 NTAMS 0x00000000c5600000 space 1024K, 100% used [0x00000000c5600000, 0x00000000c5700000)
AC   0 HC    TS     0 PTAMS 0x00000000c5700000 NTAMS 0x00000000c5700000 space 1024K, 100% used [0x00000000c5700000, 0x00000000c5800000)
AC   0 HC    TS     0 PTAMS 0x00000000c5800000 NTAMS 0x00000000c5800000 space 1024K, 100% used [0x00000000c5800000, 0x00000000c5900000)
AC   0 HC    TS     0 PTAMS 0x00000000c5900000 NTAMS 0x00000000c5900000 space 1024K, 100% used [0x00000000c5900000, 0x00000000c5a00000)
AC   0 HC    TS     0 PTAMS 0x00000000c5a00000 NTAMS 0x00000000c5a00000 space 1024K, 100% used [0x00000000c5a00000, 0x00000000c5b00000)
AC   0 HC    TS     0 PTAMS 0x00000000c5b00000 NTAMS 0x00000000c5b00000 space 1024K, 100% used [0x00000000c5b00000, 0x00000000c5c00000)
AC   0 HC    TS     0 PTAMS 0x00000000c5c00000 NTAMS 0x00000000c5c00000 space 1024K, 100% used [0x00000000c5c00000, 0x00000000c5d00000)
AC   0 HC    TS     0 PTAMS 0x00000000c5d00000 NTAMS 0x00000000c5d00000 space 1024K, 100% used [0x00000000c5d00000, 0x00000000c5e00000)
AC   0 HC    TS     0 PTAMS 0x00000000c5e00000 NTAMS 0x00000000c5e00000 space 1024K,  75% used [0x00000000c5e00000, 0x00000000c5f00000)

Card table byte_map: [0x0000000012e50000,0x0000000013050000] byte_map_base: 0x0000000012850000

Marking Bits (Prev, Next): (CMBitMap*) 0x0000000002877508, (CMBitMap*) 0x0000000002877560
 Prev Bits: [0x0000000013250000, 0x0000000014250000)
 Next Bits: [0x0000000014250000, 0x0000000015250000)

Polling page: 0x00000000003f0000

CodeCache: size=245760Kb used=13838Kb max_used=13853Kb free=231921Kb
 bounds [0x0000000002940000, 0x00000000036e0000, 0x0000000011940000]
 total_blobs=4651 nmethods=4103 adapters=459
 compilation: enabled

Compilation events (10 events):
Event: 14.693 Thread 0x00000000186a2000 nmethod 4712 0x00000000036be790 code [0x00000000036be900, 0x00000000036beb18]
Event: 14.693 Thread 0x00000000186a2000 4713  s    3       org.eclipse.core.internal.jobs.OrderedLock::doRelease (37 bytes)
Event: 14.694 Thread 0x00000000186a2000 nmethod 4713 0x00000000036ca7d0 code [0x00000000036ca9c0, 0x00000000036cb368]
Event: 14.695 Thread 0x000000001869f000 4714  s    4       java.io.ByteArrayOutputStream::write (66 bytes)
Event: 14.707 Thread 0x000000001869f000 nmethod 4714 0x00000000036cebd0 code [0x00000000036ced20, 0x00000000036cf538]
Event: 14.722 Thread 0x000000001869e000 nmethod 4703 0x00000000036d2fd0 code [0x00000000036d31c0, 0x00000000036d5150]
Event: 14.725 Thread 0x000000001869f000 4715   !   4       java.util.zip.Inflater::setInput (74 bytes)
Event: 14.725 Thread 0x000000001869e000 4716       4       java.io.FilterInputStream::read (9 bytes)
Event: 14.728 Thread 0x000000001869e000 nmethod 4716 0x00000000036cb7d0 code [0x00000000036cb920, 0x00000000036cbae8]
Event: 14.730 Thread 0x000000001869f000 nmethod 4715 0x00000000036ca150 code [0x00000000036ca2a0, 0x00000000036ca638]

GC Heap History (10 events):
Event: 14.151 GC heap before
{Heap before GC invocations=17 (full 0):
 garbage-first heap   total 64512K, used 55799K [0x00000000c0000000, 0x00000000c01001f8, 0x0000000100000000)
  region size 1024K, 21 young (21504K), 3 survivors (3072K)
 Metaspace       used 40452K, capacity 42996K, committed 43136K, reserved 1087488K
  class space    used 4381K, capacity 5156K, committed 5248K, reserved 1048576K
Event: 14.159 GC heap after
Heap after GC invocations=18 (full 0):
 garbage-first heap   total 64512K, used 40745K [0x00000000c0000000, 0x00000000c01001f8, 0x0000000100000000)
  region size 1024K, 3 young (3072K), 3 survivors (3072K)
 Metaspace       used 40452K, capacity 42996K, committed 43136K, reserved 1087488K
  class space    used 4381K, capacity 5156K, committed 5248K, reserved 1048576K
}
Event: 14.276 GC heap before
{Heap before GC invocations=18 (full 0):
 garbage-first heap   total 64512K, used 41769K [0x00000000c0000000, 0x00000000c01001f8, 0x0000000100000000)
  region size 1024K, 4 young (4096K), 3 survivors (3072K)
 Metaspace       used 40504K, capacity 42996K, committed 43136K, reserved 1087488K
  class space    used 4391K, capacity 5156K, committed 5248K, reserved 1048576K
Event: 14.285 GC heap after
Heap after GC invocations=19 (full 0):
 garbage-first heap   total 64512K, used 36221K [0x00000000c0000000, 0x00000000c01001f8, 0x0000000100000000)
  region size 1024K, 1 young (1024K), 1 survivors (1024K)
 Metaspace       used 40504K, capacity 42996K, committed 43136K, reserved 1087488K
  class space    used 4391K, capacity 5156K, committed 5248K, reserved 1048576K
}
Event: 14.333 GC heap before
{Heap before GC invocations=19 (full 0):
 garbage-first heap   total 64512K, used 38269K [0x00000000c0000000, 0x00000000c01001f8, 0x0000000100000000)
  region size 1024K, 3 young (3072K), 1 survivors (1024K)
 Metaspace       used 40518K, capacity 42996K, committed 43136K, reserved 1087488K
  class space    used 4391K, capacity 5156K, committed 5248K, reserved 1048576K
Event: 14.348 GC heap after
Heap after GC invocations=20 (full 0):
 garbage-first heap   total 64512K, used 34071K [0x00000000c0000000, 0x00000000c01001f8, 0x0000000100000000)
  region size 1024K, 1 young (1024K), 1 survivors (1024K)
 Metaspace       used 40518K, capacity 42996K, committed 43136K, reserved 1087488K
  class space    used 4391K, capacity 5156K, committed 5248K, reserved 1048576K
}
Event: 14.409 GC heap before
{Heap before GC invocations=20 (full 0):
 garbage-first heap   total 64512K, used 36119K [0x00000000c0000000, 0x00000000c01001f8, 0x0000000100000000)
  region size 1024K, 3 young (3072K), 1 survivors (1024K)
 Metaspace       used 40676K, capacity 43226K, committed 43392K, reserved 1087488K
  class space    used 4407K, capacity 5189K, committed 5248K, reserved 1048576K
Event: 14.418 GC heap after
Heap after GC invocations=21 (full 0):
 garbage-first heap   total 64512K, used 34927K [0x00000000c0000000, 0x00000000c01001f8, 0x0000000100000000)
  region size 1024K, 1 young (1024K), 1 survivors (1024K)
 Metaspace       used 40676K, capacity 43226K, committed 43392K, reserved 1087488K
  class space    used 4407K, capacity 5189K, committed 5248K, reserved 1048576K
}
Event: 14.538 GC heap before
{Heap before GC invocations=21 (full 0):
 garbage-first heap   total 64512K, used 40047K [0x00000000c0000000, 0x00000000c01001f8, 0x0000000100000000)
  region size 1024K, 7 young (7168K), 1 survivors (1024K)
 Metaspace       used 40852K, capacity 43396K, committed 43648K, reserved 1087488K
  class space    used 4421K, capacity 5196K, committed 5248K, reserved 1048576K
Event: 14.543 GC heap after
Heap after GC invocations=22 (full 0):
 garbage-first heap   total 64512K, used 35502K [0x00000000c0000000, 0x00000000c01001f8, 0x0000000100000000)
  region size 1024K, 2 young (2048K), 2 survivors (2048K)
 Metaspace       used 40852K, capacity 43396K, committed 43648K, reserved 1087488K
  class space    used 4421K, capacity 5196K, committed 5248K, reserved 1048576K
}

Deoptimization events (10 events):
Event: 12.336 Thread 0x000000001cd93800 Uncommon trap: reason=unstable_if action=reinterpret pc=0x0000000002a6f680 method=java.lang.CharacterData.of(I)Ljava/lang/CharacterData; @ 4
Event: 12.616 Thread 0x000000001a286000 Uncommon trap: reason=class_check action=maybe_recompile pc=0x00000000032116a0 method=org.eclipse.core.internal.dtree.DeltaDataTree.lookup(Lorg/eclipse/core/runtime/IPath;)Lorg/eclipse/core/internal/dtree/DataTreeLookup; @ 125
Event: 13.331 Thread 0x000000001a3ed800 Uncommon trap: reason=null_check action=make_not_entrant pc=0x0000000002f2baf8 method=java.lang.ThreadLocal$ThreadLocalMap.getEntryAfterMiss(Ljava/lang/ThreadLocal;ILjava/lang/ThreadLocal$ThreadLocalMap$Entry;)Ljava/lang/ThreadLocal$ThreadLocalMap$Entry; 
Event: 13.331 Thread 0x000000001a3ed800 Uncommon trap: reason=unstable_if action=reinterpret pc=0x000000000345f2e8 method=java.lang.ThreadLocal$ThreadLocalMap.set(Ljava/lang/ThreadLocal;Ljava/lang/Object;)V @ 119
Event: 14.648 Thread 0x000000001cd91000 Uncommon trap: reason=unstable_if action=reinterpret pc=0x00000000036bc210 method=com.sun.crypto.provider.CipherBlockChaining.decrypt([BII[BI)I @ 33
Event: 14.651 Thread 0x000000001cd91000 Uncommon trap: reason=class_check action=maybe_recompile pc=0x0000000003661930 method=java.util.zip.InflaterInputStream.read([BII)I @ 100
Event: 14.651 Thread 0x000000001cd91000 Uncommon trap: reason=class_check action=maybe_recompile pc=0x0000000003661930 method=java.util.zip.InflaterInputStream.read([BII)I @ 100
Event: 14.651 Thread 0x000000001cd91000 Uncommon trap: reason=class_check action=maybe_recompile pc=0x0000000003661930 method=java.util.zip.InflaterInputStream.read([BII)I @ 100
Event: 14.651 Thread 0x000000001cd91000 Uncommon trap: reason=class_check action=maybe_recompile pc=0x0000000003661930 method=java.util.zip.InflaterInputStream.read([BII)I @ 100
Event: 14.792 Thread 0x000000001cd91000 Uncommon trap: reason=unstable_if action=reinterpret pc=0x00000000036cba64 method=java.util.zip.GZIPInputStream.read([BII)I @ 25

Classes redefined (0 events):
No events

Internal exceptions (10 events):
Event: 14.707 Thread 0x000000001a286000 Exception <a 'sun/nio/fs/WindowsException'> (0x00000000c3d90580) thrown at [C:\re\workspace\8-2-build-windows-amd64-cygwin\jdk8u171\10807\hotspot\src\share\vm\prims\jni.cpp, line 709]
Event: 14.715 Thread 0x000000001a286000 Exception <a 'sun/nio/fs/WindowsException'> (0x00000000c3d99e90) thrown at [C:\re\workspace\8-2-build-windows-amd64-cygwin\jdk8u171\10807\hotspot\src\share\vm\prims\jni.cpp, line 709]
Event: 14.732 Thread 0x000000001a286000 Exception <a 'sun/nio/fs/WindowsException'> (0x00000000c3db18f8) thrown at [C:\re\workspace\8-2-build-windows-amd64-cygwin\jdk8u171\10807\hotspot\src\share\vm\prims\jni.cpp, line 709]
Event: 14.739 Thread 0x000000001a286000 Exception <a 'sun/nio/fs/WindowsException'> (0x00000000c3dc54a0) thrown at [C:\re\workspace\8-2-build-windows-amd64-cygwin\jdk8u171\10807\hotspot\src\share\vm\prims\jni.cpp, line 709]
Event: 14.742 Thread 0x000000001a286000 Exception <a 'sun/nio/fs/WindowsException'> (0x00000000c3dcc850) thrown at [C:\re\workspace\8-2-build-windows-amd64-cygwin\jdk8u171\10807\hotspot\src\share\vm\prims\jni.cpp, line 709]
Event: 14.752 Thread 0x000000001a286000 Exception <a 'sun/nio/fs/WindowsException'> (0x00000000c3dd5c18) thrown at [C:\re\workspace\8-2-build-windows-amd64-cygwin\jdk8u171\10807\hotspot\src\share\vm\prims\jni.cpp, line 709]
Event: 14.767 Thread 0x000000001a286000 Exception <a 'sun/nio/fs/WindowsException'> (0x00000000c3ded738) thrown at [C:\re\workspace\8-2-build-windows-amd64-cygwin\jdk8u171\10807\hotspot\src\share\vm\prims\jni.cpp, line 709]
Event: 14.773 Thread 0x000000001a286000 Exception <a 'sun/nio/fs/WindowsException'> (0x00000000c3c013b8) thrown at [C:\re\workspace\8-2-build-windows-amd64-cygwin\jdk8u171\10807\hotspot\src\share\vm\prims\jni.cpp, line 709]
Event: 14.777 Thread 0x000000001a286000 Exception <a 'sun/nio/fs/WindowsException'> (0x00000000c3c086f8) thrown at [C:\re\workspace\8-2-build-windows-amd64-cygwin\jdk8u171\10807\hotspot\src\share\vm\prims\jni.cpp, line 709]
Event: 14.787 Thread 0x000000001a286000 Exception <a 'sun/nio/fs/WindowsException'> (0x00000000c3c11ac0) thrown at [C:\re\workspace\8-2-build-windows-amd64-cygwin\jdk8u171\10807\hotspot\src\share\vm\prims\jni.cpp, line 709]

Events (10 events):
Event: 14.677 Executing VM operation: RevokeBias done
Event: 14.677 Executing VM operation: RevokeBias
Event: 14.677 Executing VM operation: RevokeBias done
Event: 14.792 Thread 0x000000001cd91000 Uncommon trap: trap_request=0xffffff65 fr.pc=0x00000000036cba64
Event: 14.792 Thread 0x000000001cd91000 DEOPT PACKING pc=0x00000000036cba64 sp=0x0000000020aaf020
Event: 14.792 Thread 0x000000001cd91000 DEOPT UNPACKING pc=0x000000000298583b sp=0x0000000020aaef78 mode 2
Event: 14.793 loading class java/io/SequenceInputStream
Event: 14.793 loading class java/io/SequenceInputStream done
Event: 14.793 loading class java/util/zip/GZIPInputStream$1
Event: 14.793 loading class java/util/zip/GZIPInputStream$1 done


Dynamic libraries:
0x00007ff725010000 - 0x00007ff725047000 	C:\Program Files\Java\jdk1.8.0_171\bin\java.exe
0x00007ff933b60000 - 0x00007ff933d4d000 	C:\WINDOWS\SYSTEM32\ntdll.dll
0x00007ff932220000 - 0x00007ff9322d3000 	C:\WINDOWS\System32\KERNEL32.DLL
0x00007ff930100000 - 0x00007ff930393000 	C:\WINDOWS\System32\KERNELBASE.dll
0x00007ff930d90000 - 0x00007ff930e33000 	C:\WINDOWS\System32\ADVAPI32.dll
0x00007ff9319d0000 - 0x00007ff931a6e000 	C:\WINDOWS\System32\msvcrt.dll
0x00007ff931f10000 - 0x00007ff931fae000 	C:\WINDOWS\System32\sechost.dll
0x00007ff931fc0000 - 0x00007ff9320e2000 	C:\WINDOWS\System32\RPCRT4.dll
0x00007ff931d70000 - 0x00007ff931f07000 	C:\WINDOWS\System32\USER32.dll
0x00007ff92fc50000 - 0x00007ff92fc70000 	C:\WINDOWS\System32\win32u.dll
0x00007ff9322f0000 - 0x00007ff932319000 	C:\WINDOWS\System32\GDI32.dll
0x00007ff9303a0000 - 0x00007ff93053a000 	C:\WINDOWS\System32\gdi32full.dll
0x00007ff92fe80000 - 0x00007ff92ff20000 	C:\WINDOWS\System32\msvcp_win.dll
0x00007ff930540000 - 0x00007ff93063a000 	C:\WINDOWS\System32\ucrtbase.dll
0x00007ff924040000 - 0x00007ff9242b9000 	C:\WINDOWS\WinSxS\amd64_microsoft.windows.common-controls_6595b64144ccf1df_6.0.17763.379_none_05b83be8071c94a1\COMCTL32.dll
0x00007ff931620000 - 0x00007ff93194d000 	C:\WINDOWS\System32\combase.dll
0x00007ff92fcf0000 - 0x00007ff92fd6e000 	C:\WINDOWS\System32\bcryptPrimitives.dll
0x00007ff931060000 - 0x00007ff93108e000 	C:\WINDOWS\System32\IMM32.DLL
0x000000005a180000 - 0x000000005a252000 	C:\Program Files\Java\jdk1.8.0_171\jre\bin\msvcr100.dll
0x00000000587b0000 - 0x0000000059050000 	C:\Program Files\Java\jdk1.8.0_171\jre\bin\server\jvm.dll
0x00007ff931fb0000 - 0x00007ff931fb8000 	C:\WINDOWS\System32\PSAPI.DLL
0x00007ff91dea0000 - 0x00007ff91dea9000 	C:\WINDOWS\SYSTEM32\WSOCK32.dll
0x00007ff932340000 - 0x00007ff9323ad000 	C:\WINDOWS\System32\WS2_32.dll
0x00007ff92db40000 - 0x00007ff92db64000 	C:\WINDOWS\SYSTEM32\WINMM.dll
0x00007ff91ee60000 - 0x00007ff91ee6a000 	C:\WINDOWS\SYSTEM32\VERSION.dll
0x00007ff92db10000 - 0x00007ff92db3d000 	C:\WINDOWS\SYSTEM32\WINMMBASE.dll
0x00007ff92fc70000 - 0x00007ff92fcba000 	C:\WINDOWS\System32\cfgmgr32.dll
0x000000005a170000 - 0x000000005a17f000 	C:\Program Files\Java\jdk1.8.0_171\jre\bin\verify.dll
0x000000005a140000 - 0x000000005a169000 	C:\Program Files\Java\jdk1.8.0_171\jre\bin\java.dll
0x000000005a120000 - 0x000000005a136000 	C:\Program Files\Java\jdk1.8.0_171\jre\bin\zip.dll
0x00007ff932640000 - 0x00007ff933b30000 	C:\WINDOWS\System32\SHELL32.dll
0x00007ff931090000 - 0x00007ff931138000 	C:\WINDOWS\System32\shcore.dll
0x00007ff930640000 - 0x00007ff930d8a000 	C:\WINDOWS\System32\windows.storage.dll
0x00007ff92fba0000 - 0x00007ff92fbc4000 	C:\WINDOWS\System32\profapi.dll
0x00007ff92fbd0000 - 0x00007ff92fc2d000 	C:\WINDOWS\System32\powrprof.dll
0x00007ff931d10000 - 0x00007ff931d62000 	C:\WINDOWS\System32\shlwapi.dll
0x00007ff92fb80000 - 0x00007ff92fb91000 	C:\WINDOWS\System32\kernel.appcore.dll
0x00007ff92fc30000 - 0x00007ff92fc47000 	C:\WINDOWS\System32\cryptsp.dll
0x00007ff92ef40000 - 0x00007ff92ef73000 	C:\WINDOWS\system32\rsaenh.dll
0x00007ff92fcc0000 - 0x00007ff92fce6000 	C:\WINDOWS\System32\bcrypt.dll
0x00007ff92fa60000 - 0x00007ff92fa88000 	C:\WINDOWS\SYSTEM32\USERENV.dll
0x00007ff92f550000 - 0x00007ff92f55c000 	C:\WINDOWS\SYSTEM32\CRYPTBASE.dll
0x000000005a100000 - 0x000000005a11a000 	C:\Program Files\Java\jdk1.8.0_171\jre\bin\net.dll
0x00007ff92f380000 - 0x00007ff92f3e7000 	C:\WINDOWS\system32\mswsock.dll
0x00007ff92f0e0000 - 0x00007ff92f11d000 	C:\WINDOWS\SYSTEM32\IPHLPAPI.DLL
0x00007ff9322e0000 - 0x00007ff9322e8000 	C:\WINDOWS\System32\NSI.dll
0x00007ff923940000 - 0x00007ff923956000 	C:\WINDOWS\SYSTEM32\dhcpcsvc6.DLL
0x00007ff923cf0000 - 0x00007ff923d0c000 	C:\WINDOWS\SYSTEM32\dhcpcsvc.DLL
0x00007ff92f120000 - 0x00007ff92f1e6000 	C:\WINDOWS\SYSTEM32\DNSAPI.dll
0x000000005a0e0000 - 0x000000005a0f1000 	C:\Program Files\Java\jdk1.8.0_171\jre\bin\nio.dll
0x00007ff9201b0000 - 0x00007ff9201d9000 	C:\Users\XNOTE\.vscode\extensions\redhat.java-0.43.0\server\config_win\org.eclipse.equinox.launcher\org.eclipse.equinox.launcher.win32.win32.x86_64_1.1.1000.v20190125-2016\eclipse_1801.dll
0x00007ff927550000 - 0x00007ff927561000 	C:\Users\XNOTE\.vscode\extensions\redhat.java-0.43.0\server\config_win\org.eclipse.osgi\20\0\.cp\jWinHttp-1.0.0.dll
0x00007ff9324e0000 - 0x00007ff932635000 	C:\WINDOWS\System32\ole32.dll
0x00007ff924560000 - 0x00007ff924651000 	C:\WINDOWS\SYSTEM32\WINHTTP.dll
0x000000005a0b0000 - 0x000000005a0d4000 	C:\Program Files\Java\jdk1.8.0_171\jre\bin\sunec.dll

VM Arguments:
jvm_args: -Declipse.application=org.eclipse.jdt.ls.core.id1 -Dosgi.bundles.defaultStartLevel=4 -Declipse.product=org.eclipse.jdt.ls.core.product -Dfile.encoding=utf8 -DwatchParentProcess=false -Xverify:none -Xmx1G -XX:+UseG1GC -XX:+UseStringDeduplication 
java_command: C:\Users\XNOTE\.vscode\extensions\redhat.java-0.43.0\server\plugins\org.eclipse.equinox.launcher_1.5.300.v20190213-1655.jar -configuration C:\Users\XNOTE\.vscode\extensions\redhat.java-0.43.0\server\config_win -data c:\Users\XNOTE\AppData\Roaming\Code\User\workspaceStorage\0bdfaac4224be0d618bdcf963b857abf\redhat.java\jdt_ws
java_class_path (initial): C:\Users\XNOTE\.vscode\extensions\redhat.java-0.43.0\server\plugins\org.eclipse.equinox.launcher_1.5.300.v20190213-1655.jar
Launcher Type: SUN_STANDARD

Environment Variables:
PATH=C:\Program Files (x86)\Common Files\Oracle\Java\javapath;C:\ProgramData\Oracle\Java\javapath;C:\python27;C:\WINDOWS\system32;C:\WINDOWS;C:\WINDOWS\System32\Wbem;C:\WINDOWS\System32\WindowsPowerShell\v1.0\;C:\Program Files (x86)\Windows Live\Shared;C:\WINDOWS\System32\OpenSSH\;C:\Program Files\PuTTY\;C:\Program Files\Microsoft VS Code\bin;C:\Program Files\Git\cmd;C:\Program Files\Java\jdk1.8.0_171\bin;%USERPROFILE%\AppData\Local\Microsoft\WindowsApps;
USERNAME=¹Î¿ì
OS=Windows_NT
PROCESSOR_IDENTIFIER=Intel64 Family 6 Model 58 Stepping 9, GenuineIntel



---------------  S Y S T E M  ---------------

OS: Windows 10.0 , 64 bit Build 17763 (10.0.17763.379)

CPU:total 4 (initial active 4) (2 cores per cpu, 2 threads per core) family 6 model 58 stepping 9, cmov, cx8, fxsr, mmx, sse, sse2, sse3, ssse3, sse4.1, sse4.2, popcnt, avx, clmul, erms, ht, tsc, tscinvbit, tscinv

Memory: 4k page, physical 4024712k(845408k free), swap 5445000k(8024k free)

vm_info: Java HotSpot(TM) 64-Bit Server VM (25.171-b11) for windows-amd64 JRE (1.8.0_171-b11), built on Mar 28 2018 16:06:12 by "java_re" with MS VC++ 10.0 (VS2010)

time: Thu May 02 03:54:05 2019
elapsed time: 14 seconds (0d 0h 0m 14s)

