#
# There is insufficient memory for the Java Runtime Environment to continue.
# Native memory allocation (mmap) failed to map 1048576 bytes for Failed to commit area from 0x00000000c7000000 to 0x00000000c7100000 of length 1048576.
# Possible reasons:
#   The system is out of physical RAM or swap space
#   In 32 bit mode, the process size limit was hit
# Possible solutions:
#   Reduce memory load on the system
#   Increase physical memory or swap space
#   Check if swap backing store is full
#   Use 64 bit Java on a 64 bit OS
#   Decrease Java heap size (-Xmx/-Xms)
#   Decrease number of Java threads
#   Decrease Java thread stack sizes (-Xss)
#   Set larger code cache with -XX:ReservedCodeCacheSize=
# This output file may be truncated or incomplete.
#
#  Out of Memory Error (os_windows.cpp:3331), pid=12752, tid=0x0000000000003c28
#
# JRE version: Java(TM) SE Runtime Environment (8.0_171-b11) (build 1.8.0_171-b11)
# Java VM: Java HotSpot(TM) 64-Bit Server VM (25.171-b11 mixed mode windows-amd64 compressed oops)
# Failed to write core dump. Minidumps are not enabled by default on client versions of Windows
#

---------------  T H R E A D  ---------------

Current thread (0x00000000034ce800):  GCTaskThread [stack: 0x0000000012c80000,0x0000000012d80000] [id=15400]

Stack: [0x0000000012c80000,0x0000000012d80000]
[error occurred during error reporting (printing stack bounds), id 0xc0000005]

Native frames: (J=compiled Java code, j=interpreted, Vv=VM code, C=native code)


---------------  P R O C E S S  ---------------

Java Threads: ( => current thread )
  0x000000001d60b800 JavaThread "ForkJoinPool.commonPool-worker-3" daemon [_thread_blocked, id=16460, stack(0x0000000021ac0000,0x0000000021bc0000)]
  0x000000001d60d000 JavaThread "ForkJoinPool.commonPool-worker-2" daemon [_thread_blocked, id=13176, stack(0x00000000217d0000,0x00000000218d0000)]
  0x000000001d60b000 JavaThread "Thread-2" daemon [_thread_blocked, id=15352, stack(0x00000000216d0000,0x00000000217d0000)]
  0x000000001d60a000 JavaThread "ForkJoinPool.commonPool-worker-1" daemon [_thread_blocked, id=1092, stack(0x00000000215d0000,0x00000000216d0000)]
  0x000000001d60e000 JavaThread "Worker-4: Initialize workspace" [_thread_blocked, id=9056, stack(0x0000000021350000,0x0000000021450000)]
  0x000000001dae0000 JavaThread "Worker-3" [_thread_blocked, id=18192, stack(0x000000001fe80000,0x000000001ff80000)]
  0x000000001a729000 JavaThread "pool-1-thread-1" [_thread_in_native, id=1196, stack(0x000000001e8e0000,0x000000001e9e0000)]
  0x000000001b214800 JavaThread "Bundle File Closer" daemon [_thread_blocked, id=15512, stack(0x000000001cc10000,0x000000001cd10000)]
  0x000000001b0c4800 JavaThread "Worker-2: Compacting resource model" [_thread_blocked, id=14388, stack(0x000000001cb10000,0x000000001cc10000)]
  0x000000001b0c3800 JavaThread "Java indexing" daemon [_thread_blocked, id=2036, stack(0x000000001ca10000,0x000000001cb10000)]
  0x000000001af11800 JavaThread "Worker-1" [_thread_blocked, id=5660, stack(0x000000001c510000,0x000000001c610000)]
  0x000000001b01d800 JavaThread "Worker-0: Building workspace" [_thread_blocked, id=10724, stack(0x000000001c410000,0x000000001c510000)]
  0x000000001ae1f000 JavaThread "Worker-JM" [_thread_blocked, id=4980, stack(0x000000001c010000,0x000000001c110000)]
  0x000000001ace6800 JavaThread "Start Level: Equinox Container: 6d74cb6e-b6aa-4247-993a-020453b4696c" daemon [_thread_blocked, id=11692, stack(0x000000001ba90000,0x000000001bb90000)]
  0x000000001aa6d000 JavaThread "Framework Event Dispatcher: Equinox Container: 6d74cb6e-b6aa-4247-993a-020453b4696c" daemon [_thread_blocked, id=17352, stack(0x000000001b990000,0x000000001ba90000)]
  0x000000001a556800 JavaThread "Active Thread: Equinox Container: 6d74cb6e-b6aa-4247-993a-020453b4696c" [_thread_blocked, id=10648, stack(0x000000001b890000,0x000000001b990000)]
  0x0000000019375800 JavaThread "Service Thread" daemon [_thread_blocked, id=1232, stack(0x0000000019de0000,0x0000000019ee0000)]
  0x0000000019314000 JavaThread "C1 CompilerThread2" daemon [_thread_blocked, id=1604, stack(0x0000000019ce0000,0x0000000019de0000)]
  0x0000000019311000 JavaThread "C2 CompilerThread1" daemon [_thread_in_native, id=18312, stack(0x0000000019be0000,0x0000000019ce0000)]
  0x0000000019310000 JavaThread "C2 CompilerThread0" daemon [_thread_in_native, id=17712, stack(0x0000000019ae0000,0x0000000019be0000)]
  0x000000001930e000 JavaThread "Attach Listener" daemon [_thread_blocked, id=10888, stack(0x00000000199e0000,0x0000000019ae0000)]
  0x00000000192f7800 JavaThread "Signal Dispatcher" daemon [_thread_blocked, id=7304, stack(0x00000000198e0000,0x00000000199e0000)]
  0x00000000192f6800 JavaThread "Surrogate Locker Thread (Concurrent GC)" daemon [_thread_blocked, id=6604, stack(0x00000000197e0000,0x00000000198e0000)]
  0x000000001926e800 JavaThread "Finalizer" daemon [_thread_blocked, id=3728, stack(0x00000000196e0000,0x00000000197e0000)]
  0x0000000019262800 JavaThread "Reference Handler" daemon [_thread_blocked, id=13640, stack(0x00000000195e0000,0x00000000196e0000)]
  0x000000000348e000 JavaThread "main" [_thread_blocked, id=6984, stack(0x0000000003380000,0x0000000003480000)]

Other Threads:
  0x000000001925f000 VMThread [stack: 0x0000000019000000,0x0000000019100000] [id=8564]
  0x00000000193b0800 WatcherThread [stack: 0x0000000019ee0000,0x0000000019fe0000] [id=4008]

=>0x00000000034ce800 (exited) GCTaskThread [stack: 0x0000000012c80000,0x0000000012d80000] [id=15400]

VM state:at safepoint (normal execution)

VM Mutex/Monitor currently owned by a thread:  ([mutex/lock_event])
[0x000000000348d140] FreeList_lock - owner thread: 0x00000000034ce800
[0x00000000034b1d50] Threads_lock - owner thread: 0x000000001925f000
[0x00000000034b0e50] Heap_lock - owner thread: 0x000000001d60b000

Heap:
 garbage-first heap   total 115712K, used 105500K [0x00000000c0000000, 0x00000000c0100388, 0x0000000100000000)
  region size 1024K, 9 young (9216K), 2 survivors (2048K)
 Metaspace       used 41443K, capacity 43908K, committed 44160K, reserved 1087488K
  class space    used 4454K, capacity 5224K, committed 5248K, reserved 1048576K

Heap Regions: (Y=young(eden), SU=young(survivor), HS=humongous(starts), HC=humongous(continues), CS=collection set, F=free, TS=gc time stamp, PTAMS=previous top-at-mark-start, NTAMS=next top-at-mark-start)
AC   0 HS    TS     0 PTAMS 0x00000000c0080010 NTAMS 0x00000000c0080010 space 1024K,  50% used [0x00000000c0000000, 0x00000000c0100000)
AC   0  O    TS     0 PTAMS 0x00000000c0200000 NTAMS 0x00000000c0200000 space 1024K, 100% used [0x00000000c0100000, 0x00000000c0200000)
AC   0  O    TS     0 PTAMS 0x00000000c0300000 NTAMS 0x00000000c0300000 space 1024K, 100% used [0x00000000c0200000, 0x00000000c0300000)
AC   0  E CS TS     0 PTAMS 0x00000000c0300000 NTAMS 0x00000000c0300000 space 1024K, 100% used [0x00000000c0300000, 0x00000000c0400000)
AC   0  O    TS     0 PTAMS 0x00000000c0500000 NTAMS 0x00000000c0500000 space 1024K, 100% used [0x00000000c0400000, 0x00000000c0500000)
AC   0  O    TS     0 PTAMS 0x00000000c0600000 NTAMS 0x00000000c0600000 space 1024K, 100% used [0x00000000c0500000, 0x00000000c0600000)
AC   0  O    TS     0 PTAMS 0x00000000c0700000 NTAMS 0x00000000c0700000 space 1024K, 100% used [0x00000000c0600000, 0x00000000c0700000)
AC   0  O    TS     0 PTAMS 0x00000000c0800000 NTAMS 0x00000000c0800000 space 1024K, 100% used [0x00000000c0700000, 0x00000000c0800000)
AC   0 HS    TS     0 PTAMS 0x00000000c0800000 NTAMS 0x00000000c0800000 space 1024K,  87% used [0x00000000c0800000, 0x00000000c0900000)
AC   0  O    TS     0 PTAMS 0x00000000c0a00000 NTAMS 0x00000000c0a00000 space 1024K, 100% used [0x00000000c0900000, 0x00000000c0a00000)
AC   0  O    TS     0 PTAMS 0x00000000c0b00000 NTAMS 0x00000000c0b00000 space 1024K, 100% used [0x00000000c0a00000, 0x00000000c0b00000)
AC   0  O    TS     0 PTAMS 0x00000000c0c00000 NTAMS 0x00000000c0c00000 space 1024K, 100% used [0x00000000c0b00000, 0x00000000c0c00000)
AC   0  O    TS     0 PTAMS 0x00000000c0d00000 NTAMS 0x00000000c0d00000 space 1024K, 100% used [0x00000000c0c00000, 0x00000000c0d00000)
AC   0  O    TS     0 PTAMS 0x00000000c0e00000 NTAMS 0x00000000c0e00000 space 1024K, 100% used [0x00000000c0d00000, 0x00000000c0e00000)
AC   0  O    TS     0 PTAMS 0x00000000c0f00000 NTAMS 0x00000000c0f00000 space 1024K, 100% used [0x00000000c0e00000, 0x00000000c0f00000)
AC   0  O    TS     0 PTAMS 0x00000000c1000000 NTAMS 0x00000000c1000000 space 1024K, 100% used [0x00000000c0f00000, 0x00000000c1000000)
AC   0  O    TS     0 PTAMS 0x00000000c1100000 NTAMS 0x00000000c1100000 space 1024K, 100% used [0x00000000c1000000, 0x00000000c1100000)
AC   0  O    TS     1 PTAMS 0x00000000c1180200 NTAMS 0x00000000c1180200 space 1024K, 100% used [0x00000000c1100000, 0x00000000c1200000)
AC   0  E CS TS     0 PTAMS 0x00000000c1200000 NTAMS 0x00000000c1200000 space 1024K, 100% used [0x00000000c1200000, 0x00000000c1300000)
AC   0  O    TS     0 PTAMS 0x00000000c1400000 NTAMS 0x00000000c1400000 space 1024K, 100% used [0x00000000c1300000, 0x00000000c1400000)
AC   0  O    TS     0 PTAMS 0x00000000c1500000 NTAMS 0x00000000c1500000 space 1024K, 100% used [0x00000000c1400000, 0x00000000c1500000)
AC   0  O    TS     0 PTAMS 0x00000000c1600000 NTAMS 0x00000000c1600000 space 1024K, 100% used [0x00000000c1500000, 0x00000000c1600000)
AC   0  O    TS     0 PTAMS 0x00000000c1700000 NTAMS 0x00000000c1700000 space 1024K, 100% used [0x00000000c1600000, 0x00000000c1700000)
AC   0  O    TS     0 PTAMS 0x00000000c1800000 NTAMS 0x00000000c1800000 space 1024K, 100% used [0x00000000c1700000, 0x00000000c1800000)
AC   0  O    TS     0 PTAMS 0x00000000c1900000 NTAMS 0x00000000c1900000 space 1024K, 100% used [0x00000000c1800000, 0x00000000c1900000)
AC   0 HS    TS     0 PTAMS 0x00000000c1a4a7a0 NTAMS 0x00000000c1a4a7a0 space 2048K,  64% used [0x00000000c1900000, 0x00000000c1b00000)
AC   0 HC    TS     0 PTAMS 0x00000000c1a00000 NTAMS 0x00000000c1a00000 space 1024K,  29% used [0x00000000c1a00000, 0x00000000c1b00000)
AC   0  O    TS     0 PTAMS 0x00000000c1c00000 NTAMS 0x00000000c1c00000 space 1024K, 100% used [0x00000000c1b00000, 0x00000000c1c00000)
AC   0 HS    TS     0 PTAMS 0x00000000c1c00000 NTAMS 0x00000000c1c00000 space 2048K,  64% used [0x00000000c1c00000, 0x00000000c1e00000)
AC   0 HC    TS     0 PTAMS 0x00000000c1d00000 NTAMS 0x00000000c1d00000 space 1024K,  29% used [0x00000000c1d00000, 0x00000000c1e00000)
AC   0  E CS TS     0 PTAMS 0x00000000c1e00000 NTAMS 0x00000000c1e00000 space 1024K, 100% used [0x00000000c1e00000, 0x00000000c1f00000)
AC   0  O    TS     0 PTAMS 0x00000000c2000000 NTAMS 0x00000000c2000000 space 1024K, 100% used [0x00000000c1f00000, 0x00000000c2000000)
AC   0  E CS TS     0 PTAMS 0x00000000c2000000 NTAMS 0x00000000c2000000 space 1024K, 100% used [0x00000000c2000000, 0x00000000c2100000)
AC   0  O    TS     0 PTAMS 0x00000000c2200000 NTAMS 0x00000000c2200000 space 1024K, 100% used [0x00000000c2100000, 0x00000000c2200000)
AC   0  O    TS     0 PTAMS 0x00000000c2300000 NTAMS 0x00000000c2300000 space 1024K, 100% used [0x00000000c2200000, 0x00000000c2300000)
AC   0  O    TS     0 PTAMS 0x00000000c2400000 NTAMS 0x00000000c2400000 space 1024K, 100% used [0x00000000c2300000, 0x00000000c2400000)
AC   0  O    TS     0 PTAMS 0x00000000c2500000 NTAMS 0x00000000c2500000 space 1024K, 100% used [0x00000000c2400000, 0x00000000c2500000)
AC   0  O    TS     0 PTAMS 0x00000000c2600000 NTAMS 0x00000000c2600000 space 1024K, 100% used [0x00000000c2500000, 0x00000000c2600000)
AC   0  O    TS     0 PTAMS 0x00000000c2700000 NTAMS 0x00000000c2700000 space 1024K, 100% used [0x00000000c2600000, 0x00000000c2700000)
AC   0  O    TS     0 PTAMS 0x00000000c2800000 NTAMS 0x00000000c2800000 space 1024K, 100% used [0x00000000c2700000, 0x00000000c2800000)
AC   0 HS    TS     0 PTAMS 0x00000000c2800000 NTAMS 0x00000000c2800000 space 2048K,  64% used [0x00000000c2800000, 0x00000000c2a00000)
AC   0 HC    TS     0 PTAMS 0x00000000c2900000 NTAMS 0x00000000c2900000 space 1024K,  29% used [0x00000000c2900000, 0x00000000c2a00000)
AC   0 HS    TS     0 PTAMS 0x00000000c2a00000 NTAMS 0x00000000c2a00000 space 2048K,  64% used [0x00000000c2a00000, 0x00000000c2c00000)
AC   0 HC    TS     0 PTAMS 0x00000000c2b00000 NTAMS 0x00000000c2b00000 space 1024K,  29% used [0x00000000c2b00000, 0x00000000c2c00000)
AC   0 HS    TS     0 PTAMS 0x00000000c2c00000 NTAMS 0x00000000c2c00000 space 2048K,  87% used [0x00000000c2c00000, 0x00000000c2e00000)
AC   0 HC    TS     0 PTAMS 0x00000000c2d00000 NTAMS 0x00000000c2d00000 space 1024K,  74% used [0x00000000c2d00000, 0x00000000c2e00000)
AC   0 HS    TS     0 PTAMS 0x00000000c2e00000 NTAMS 0x00000000c2e00000 space 4096K,  87% used [0x00000000c2e00000, 0x00000000c3200000)
AC   0 HC    TS     0 PTAMS 0x00000000c2f00000 NTAMS 0x00000000c2f00000 space 1024K, 100% used [0x00000000c2f00000, 0x00000000c3000000)
AC   0 HC    TS     0 PTAMS 0x00000000c3000000 NTAMS 0x00000000c3000000 space 1024K, 100% used [0x00000000c3000000, 0x00000000c3100000)
AC   0 HC    TS     0 PTAMS 0x00000000c3100000 NTAMS 0x00000000c3100000 space 1024K,  48% used [0x00000000c3100000, 0x00000000c3200000)
AC   0  E CS TS     0 PTAMS 0x00000000c3200000 NTAMS 0x00000000c3200000 space 1024K, 100% used [0x00000000c3200000, 0x00000000c3300000)
AC   0  E CS TS     0 PTAMS 0x00000000c3300000 NTAMS 0x00000000c3300000 space 1024K,  59% used [0x00000000c3300000, 0x00000000c3400000)
AC   0  E CS TS     0 PTAMS 0x00000000c3400000 NTAMS 0x00000000c3400000 space 1024K, 100% used [0x00000000c3400000, 0x00000000c3500000)
AC   0 HS    TS     0 PTAMS 0x00000000c3500000 NTAMS 0x00000000c3500000 space 7168K,  99% used [0x00000000c3500000, 0x00000000c3c00000)
AC   0 HC    TS     0 PTAMS 0x00000000c3600000 NTAMS 0x00000000c3600000 space 1024K, 100% used [0x00000000c3600000, 0x00000000c3700000)
AC   0 HC    TS     0 PTAMS 0x00000000c3700000 NTAMS 0x00000000c3700000 space 1024K, 100% used [0x00000000c3700000, 0x00000000c3800000)
AC   0 HC    TS     0 PTAMS 0x00000000c3800000 NTAMS 0x00000000c3800000 space 1024K, 100% used [0x00000000c3800000, 0x00000000c3900000)
AC   0 HC    TS     0 PTAMS 0x00000000c3900000 NTAMS 0x00000000c3900000 space 1024K, 100% used [0x00000000c3900000, 0x00000000c3a00000)
AC   0 HC    TS     0 PTAMS 0x00000000c3a00000 NTAMS 0x00000000c3a00000 space 1024K, 100% used [0x00000000c3a00000, 0x00000000c3b00000)
AC   0 HC    TS     0 PTAMS 0x00000000c3b00000 NTAMS 0x00000000c3b00000 space 1024K,  97% used [0x00000000c3b00000, 0x00000000c3c00000)
AC   0  E CS TS     0 PTAMS 0x00000000c3c00000 NTAMS 0x00000000c3c00000 space 1024K, 100% used [0x00000000c3c00000, 0x00000000c3d00000)
AC   0  E CS TS     0 PTAMS 0x00000000c3d00000 NTAMS 0x00000000c3d00000 space 1024K, 100% used [0x00000000c3d00000, 0x00000000c3e00000)
AC   0 HS    TS     0 PTAMS 0x00000000c3e00000 NTAMS 0x00000000c3e00000 space 14336K,  99% used [0x00000000c3e00000, 0x00000000c4c00000)
AC   0 HC    TS     0 PTAMS 0x00000000c3f00000 NTAMS 0x00000000c3f00000 space 1024K, 100% used [0x00000000c3f00000, 0x00000000c4000000)
AC   0 HC    TS     0 PTAMS 0x00000000c4000000 NTAMS 0x00000000c4000000 space 1024K, 100% used [0x00000000c4000000, 0x00000000c4100000)
AC   0 HC    TS     0 PTAMS 0x00000000c4100000 NTAMS 0x00000000c4100000 space 1024K, 100% used [0x00000000c4100000, 0x00000000c4200000)
AC   0 HC    TS     0 PTAMS 0x00000000c4200000 NTAMS 0x00000000c4200000 space 1024K, 100% used [0x00000000c4200000, 0x00000000c4300000)
AC   0 HC    TS     0 PTAMS 0x00000000c4300000 NTAMS 0x00000000c4300000 space 1024K, 100% used [0x00000000c4300000, 0x00000000c4400000)
AC   0 HC    TS     0 PTAMS 0x00000000c4400000 NTAMS 0x00000000c4400000 space 1024K, 100% used [0x00000000c4400000, 0x00000000c4500000)
AC   0 HC    TS     0 PTAMS 0x00000000c4500000 NTAMS 0x00000000c4500000 space 1024K, 100% used [0x00000000c4500000, 0x00000000c4600000)
AC   0 HC    TS     0 PTAMS 0x00000000c4600000 NTAMS 0x00000000c4600000 space 1024K, 100% used [0x00000000c4600000, 0x00000000c4700000)
AC   0 HC    TS     0 PTAMS 0x00000000c4700000 NTAMS 0x00000000c4700000 space 1024K, 100% used [0x00000000c4700000, 0x00000000c4800000)
AC   0 HC    TS     0 PTAMS 0x00000000c4800000 NTAMS 0x00000000c4800000 space 1024K, 100% used [0x00000000c4800000, 0x00000000c4900000)
AC   0 HC    TS     0 PTAMS 0x00000000c4900000 NTAMS 0x00000000c4900000 space 1024K, 100% used [0x00000000c4900000, 0x00000000c4a00000)
AC   0 HC    TS     0 PTAMS 0x00000000c4a00000 NTAMS 0x00000000c4a00000 space 1024K, 100% used [0x00000000c4a00000, 0x00000000c4b00000)
AC   0 HC    TS     0 PTAMS 0x00000000c4b00000 NTAMS 0x00000000c4b00000 space 1024K,  94% used [0x00000000c4b00000, 0x00000000c4c00000)
AC   0 HS    TS     0 PTAMS 0x00000000c4c00000 NTAMS 0x00000000c4c00000 space 11264K,  97% used [0x00000000c4c00000, 0x00000000c5700000)
AC   0 HC    TS     0 PTAMS 0x00000000c4d00000 NTAMS 0x00000000c4d00000 space 1024K, 100% used [0x00000000c4d00000, 0x00000000c4e00000)
AC   0 HC    TS     0 PTAMS 0x00000000c4e00000 NTAMS 0x00000000c4e00000 space 1024K, 100% used [0x00000000c4e00000, 0x00000000c4f00000)
AC   0 HC    TS     0 PTAMS 0x00000000c4f00000 NTAMS 0x00000000c4f00000 space 1024K, 100% used [0x00000000c4f00000, 0x00000000c5000000)
AC   0 HC    TS     0 PTAMS 0x00000000c5000000 NTAMS 0x00000000c5000000 space 1024K, 100% used [0x00000000c5000000, 0x00000000c5100000)
AC   0 HC    TS     0 PTAMS 0x00000000c5100000 NTAMS 0x00000000c5100000 space 1024K, 100% used [0x00000000c5100000, 0x00000000c5200000)
AC   0 HC    TS     0 PTAMS 0x00000000c5200000 NTAMS 0x00000000c5200000 space 1024K, 100% used [0x00000000c5200000, 0x00000000c5300000)
AC   0 HC    TS     0 PTAMS 0x00000000c5300000 NTAMS 0x00000000c5300000 space 1024K, 100% used [0x00000000c5300000, 0x00000000c5400000)
AC   0 HC    TS     0 PTAMS 0x00000000c5400000 NTAMS 0x00000000c5400000 space 1024K, 100% used [0x00000000c5400000, 0x00000000c5500000)
AC   0 HC    TS     0 PTAMS 0x00000000c5500000 NTAMS 0x00000000c5500000 space 1024K, 100% used [0x00000000c5500000, 0x00000000c5600000)
AC   0 HC    TS     0 PTAMS 0x00000000c5600000 NTAMS 0x00000000c5600000 space 1024K,  75% used [0x00000000c5600000, 0x00000000c5700000)
AC   0 HS    TS     0 PTAMS 0x00000000c5700000 NTAMS 0x00000000c5700000 space 22528K,  97% used [0x00000000c5700000, 0x00000000c6d00000)
AC   0 HC    TS     0 PTAMS 0x00000000c5800000 NTAMS 0x00000000c5800000 space 1024K, 100% used [0x00000000c5800000, 0x00000000c5900000)
AC   0 HC    TS     0 PTAMS 0x00000000c5900000 NTAMS 0x00000000c5900000 space 1024K, 100% used [0x00000000c5900000, 0x00000000c5a00000)
AC   0 HC    TS     0 PTAMS 0x00000000c5a00000 NTAMS 0x00000000c5a00000 space 1024K, 100% used [0x00000000c5a00000, 0x00000000c5b00000)
AC   0 HC    TS     0 PTAMS 0x00000000c5b00000 NTAMS 0x00000000c5b00000 space 1024K, 100% used [0x00000000c5b00000, 0x00000000c5c00000)
AC   0 HC    TS     0 PTAMS 0x00000000c5c00000 NTAMS 0x00000000c5c00000 space 1024K, 100% used [0x00000000c5c00000, 0x00000000c5d00000)
AC   0 HC    TS     0 PTAMS 0x00000000c5d00000 NTAMS 0x00000000c5d00000 space 1024K, 100% used [0x00000000c5d00000, 0x00000000c5e00000)
AC   0 HC    TS     0 PTAMS 0x00000000c5e00000 NTAMS 0x00000000c5e00000 space 1024K, 100% used [0x00000000c5e00000, 0x00000000c5f00000)
AC   0 HC    TS     0 PTAMS 0x00000000c5f00000 NTAMS 0x00000000c5f00000 space 1024K, 100% used [0x00000000c5f00000, 0x00000000c6000000)
AC   0 HC    TS     0 PTAMS 0x00000000c6000000 NTAMS 0x00000000c6000000 space 1024K, 100% used [0x00000000c6000000, 0x00000000c6100000)
AC   0 HC    TS     0 PTAMS 0x00000000c6100000 NTAMS 0x00000000c6100000 space 1024K, 100% used [0x00000000c6100000, 0x00000000c6200000)
AC   0 HC    TS     0 PTAMS 0x00000000c6200000 NTAMS 0x00000000c6200000 space 1024K, 100% used [0x00000000c6200000, 0x00000000c6300000)
AC   0 HC    TS     0 PTAMS 0x00000000c6300000 NTAMS 0x00000000c6300000 space 1024K, 100% used [0x00000000c6300000, 0x00000000c6400000)
AC   0 HC    TS     0 PTAMS 0x00000000c6400000 NTAMS 0x00000000c6400000 space 1024K, 100% used [0x00000000c6400000, 0x00000000c6500000)
AC   0 HC    TS     0 PTAMS 0x00000000c6500000 NTAMS 0x00000000c6500000 space 1024K, 100% used [0x00000000c6500000, 0x00000000c6600000)
AC   0 HC    TS     0 PTAMS 0x00000000c6600000 NTAMS 0x00000000c6600000 space 1024K, 100% used [0x00000000c6600000, 0x00000000c6700000)
AC   0 HC    TS     0 PTAMS 0x00000000c6700000 NTAMS 0x00000000c6700000 space 1024K, 100% used [0x00000000c6700000, 0x00000000c6800000)
AC   0 HC    TS     0 PTAMS 0x00000000c6800000 NTAMS 0x00000000c6800000 space 1024K, 100% used [0x00000000c6800000, 0x00000000c6900000)
AC   0 HC    TS     0 PTAMS 0x00000000c6900000 NTAMS 0x00000000c6900000 space 1024K, 100% used [0x00000000c6900000, 0x00000000c6a00000)
AC   0 HC    TS     0 PTAMS 0x00000000c6a00000 NTAMS 0x00000000c6a00000 space 1024K, 100% used [0x00000000c6a00000, 0x00000000c6b00000)
AC   0 HC    TS     0 PTAMS 0x00000000c6b00000 NTAMS 0x00000000c6b00000 space 1024K, 100% used [0x00000000c6b00000, 0x00000000c6c00000)
AC   0 HC    TS     0 PTAMS 0x00000000c6c00000 NTAMS 0x00000000c6c00000 space 1024K,  50% used [0x00000000c6c00000, 0x00000000c6d00000)
AC   0  S    TS     1 PTAMS 0x00000000c6d00000 NTAMS 0x00000000c6d00000 space 1024K, 100% used [0x00000000c6d00000, 0x00000000c6e00000)
AC   0  S    TS     1 PTAMS 0x00000000c6e00000 NTAMS 0x00000000c6e00000 space 1024K, 100% used [0x00000000c6e00000, 0x00000000c6f00000)
AC   0  S    TS     1 PTAMS 0x00000000c6f00000 NTAMS 0x00000000c6f00000 space 1024K, 100% used [0x00000000c6f00000, 0x00000000c7000000)

Card table byte_map: [0x0000000013ac0000,0x0000000013cc0000] byte_map_base: 0x00000000134c0000

Marking Bits (Prev, Next): (CMBitMap*) 0x00000000034e7508, (CMBitMap*) 0x00000000034e7560
 Prev Bits: [0x0000000013ec0000, 0x0000000014ec0000)
 Next Bits: [0x0000000014ec0000, 0x0000000015ec0000)

Polling page: 0x0000000003490000

CodeCache: size=245760Kb used=14192Kb max_used=14297Kb free=231567Kb
 bounds [0x00000000035c0000, 0x00000000043d0000, 0x00000000125c0000]
 total_blobs=4725 nmethods=4175 adapters=460
 compilation: enabled

Compilation events (10 events):
Event: 16.047 Thread 0x0000000019314000 4837       3       com.google.gson.internal.LinkedTreeMap::<init> (8 bytes)
Event: 16.048 Thread 0x0000000019314000 nmethod 4837 0x0000000003842350 code [0x00000000038424c0, 0x0000000003842648]
Event: 16.048 Thread 0x0000000019314000 4838       3       com.google.gson.internal.LinkedTreeMap::<init> (41 bytes)
Event: 16.049 Thread 0x0000000019314000 nmethod 4838 0x0000000003b18290 code [0x0000000003b18420, 0x0000000003b18930]
Event: 16.051 Thread 0x0000000019314000 4839       3       com.google.gson.internal.bind.MapTypeAdapterFactory$Adapter::read (6 bytes)
Event: 16.052 Thread 0x0000000019314000 nmethod 4839 0x0000000003a08190 code [0x0000000003a08300, 0x0000000003a08508]
Event: 16.052 Thread 0x0000000019314000 4840       3       com.google.gson.internal.ConstructorConstructor$13::construct (8 bytes)
Event: 16.052 Thread 0x0000000019314000 nmethod 4840 0x00000000039d9450 code [0x00000000039d95c0, 0x00000000039d9828]
Event: 16.064 Thread 0x0000000019314000 4842       3       org.eclipse.core.internal.localstore.UnifiedTree::setLevel (30 bytes)
Event: 16.064 Thread 0x0000000019314000 nmethod 4842 0x0000000003a4c5d0 code [0x0000000003a4c740, 0x0000000003a4c958]

GC Heap History (10 events):
Event: 12.631 GC heap after
Heap after GC invocations=16 (full 0):
 garbage-first heap   total 63488K, used 34816K [0x00000000c0000000, 0x00000000c01001f0, 0x0000000100000000)
  region size 1024K, 4 young (4096K), 4 survivors (4096K)
 Metaspace       used 40006K, capacity 42252K, committed 42496K, reserved 1087488K
  class space    used 4315K, capacity 5050K, committed 5120K, reserved 1048576K
}
Event: 15.379 GC heap before
{Heap before GC invocations=17 (full 0):
 garbage-first heap   total 63488K, used 51497K [0x00000000c0000000, 0x00000000c01001f0, 0x0000000100000000)
  region size 1024K, 20 young (20480K), 4 survivors (4096K)
 Metaspace       used 41028K, capacity 43508K, committed 43648K, reserved 1087488K
  class space    used 4414K, capacity 5184K, committed 5248K, reserved 1048576K
Event: 15.389 GC heap after
Heap after GC invocations=18 (full 0):
 garbage-first heap   total 63488K, used 38185K [0x00000000c0000000, 0x00000000c01001f0, 0x0000000100000000)
  region size 1024K, 3 young (3072K), 3 survivors (3072K)
 Metaspace       used 41028K, capacity 43508K, committed 43648K, reserved 1087488K
  class space    used 4414K, capacity 5184K, committed 5248K, reserved 1048576K
}
Event: 15.535 GC heap before
{Heap before GC invocations=18 (full 0):
 garbage-first heap   total 63488K, used 39209K [0x00000000c0000000, 0x00000000c01001f0, 0x0000000100000000)
  region size 1024K, 4 young (4096K), 3 survivors (3072K)
 Metaspace       used 41071K, capacity 43508K, committed 43648K, reserved 1087488K
  class space    used 4421K, capacity 5184K, committed 5248K, reserved 1048576K
Event: 15.547 GC heap after
Heap after GC invocations=19 (full 0):
 garbage-first heap   total 63488K, used 33577K [0x00000000c0000000, 0x00000000c01001f0, 0x0000000100000000)
  region size 1024K, 1 young (1024K), 1 survivors (1024K)
 Metaspace       used 41071K, capacity 43508K, committed 43648K, reserved 1087488K
  class space    used 4421K, capacity 5184K, committed 5248K, reserved 1048576K
}
Event: 15.587 GC heap before
{Heap before GC invocations=19 (full 0):
 garbage-first heap   total 63488K, used 35625K [0x00000000c0000000, 0x00000000c01001f0, 0x0000000100000000)
  region size 1024K, 3 young (3072K), 1 survivors (1024K)
 Metaspace       used 41074K, capacity 43508K, committed 43648K, reserved 1087488K
  class space    used 4421K, capacity 5184K, committed 5248K, reserved 1048576K
Event: 15.597 GC heap after
Heap after GC invocations=20 (full 0):
 garbage-first heap   total 63488K, used 33786K [0x00000000c0000000, 0x00000000c01001f0, 0x0000000100000000)
  region size 1024K, 1 young (1024K), 1 survivors (1024K)
 Metaspace       used 41074K, capacity 43508K, committed 43648K, reserved 1087488K
  class space    used 4421K, capacity 5184K, committed 5248K, reserved 1048576K
}
Event: 15.748 GC heap before
{Heap before GC invocations=20 (full 0):
 garbage-first heap   total 63488K, used 40954K [0x00000000c0000000, 0x00000000c01001f0, 0x0000000100000000)
  region size 1024K, 9 young (9216K), 1 survivors (1024K)
 Metaspace       used 41410K, capacity 43908K, committed 44160K, reserved 1087488K
  class space    used 4451K, capacity 5224K, committed 5248K, reserved 1048576K
Event: 15.754 GC heap after
Heap after GC invocations=21 (full 0):
 garbage-first heap   total 63488K, used 34694K [0x00000000c0000000, 0x00000000c01001f0, 0x0000000100000000)
  region size 1024K, 2 young (2048K), 2 survivors (2048K)
 Metaspace       used 41410K, capacity 43908K, committed 44160K, reserved 1087488K
  class space    used 4451K, capacity 5224K, committed 5248K, reserved 1048576K
}
Event: 16.086 GC heap before
{Heap before GC invocations=22 (full 0):
 garbage-first heap   total 111616K, used 105500K [0x00000000c0000000, 0x00000000c0100368, 0x0000000100000000)
  region size 1024K, 9 young (9216K), 2 survivors (2048K)
 Metaspace       used 41443K, capacity 43908K, committed 44160K, reserved 1087488K
  class space    used 4454K, capacity 5224K, committed 5248K, reserved 1048576K

Deoptimization events (10 events):
Event: 15.616 Thread 0x000000001d60b000 Uncommon trap: reason=unstable_if action=reinterpret pc=0x0000000003c13f20 method=java.util.Properties.load0(Ljava/util/Properties$LineReader;)V @ 33
Event: 15.862 Thread 0x000000001d60b000 Uncommon trap: reason=unstable_if action=reinterpret pc=0x00000000043b2a50 method=com.sun.crypto.provider.CipherBlockChaining.decrypt([BII[BI)I @ 33
Event: 15.866 Thread 0x000000001d60b000 Uncommon trap: reason=class_check action=maybe_recompile pc=0x0000000003c625f0 method=java.util.zip.InflaterInputStream.read([BII)I @ 100
Event: 15.866 Thread 0x000000001d60b000 Uncommon trap: reason=class_check action=maybe_recompile pc=0x0000000003c625f0 method=java.util.zip.InflaterInputStream.read([BII)I @ 100
Event: 15.867 Thread 0x000000001d60b000 Uncommon trap: reason=class_check action=maybe_recompile pc=0x0000000003c625f0 method=java.util.zip.InflaterInputStream.read([BII)I @ 100
Event: 15.867 Thread 0x000000001d60b000 Uncommon trap: reason=class_check action=maybe_recompile pc=0x0000000003c625f0 method=java.util.zip.InflaterInputStream.read([BII)I @ 100
Event: 15.986 Thread 0x000000001d60b000 Uncommon trap: reason=unstable_if action=reinterpret pc=0x00000000043c676c method=java.util.zip.GZIPInputStream.read([BII)I @ 25
Event: 16.025 Thread 0x000000001d60b000 Uncommon trap: reason=class_check action=maybe_recompile pc=0x0000000003f82af8 method=java.util.concurrent.ConcurrentHashMap.putVal(Ljava/lang/Object;Ljava/lang/Object;Z)Ljava/lang/Object; @ 192
Event: 16.025 Thread 0x000000001d60b000 Uncommon trap: reason=bimorphic action=maybe_recompile pc=0x0000000003af1128 method=java.util.HashMap.removeNode(ILjava/lang/Object;Ljava/lang/Object;ZZ)Ljava/util/HashMap$Node; @ 68
Event: 16.025 Thread 0x000000001d60b000 Uncommon trap: reason=class_check action=maybe_recompile pc=0x0000000003f82af8 method=java.util.concurrent.ConcurrentHashMap.putVal(Ljava/lang/Object;Ljava/lang/Object;Z)Ljava/lang/Object; @ 192

Classes redefined (0 events):
No events

Internal exceptions (10 events):
Event: 15.979 Thread 0x000000001b01d800 Exception <a 'sun/nio/fs/WindowsException'> (0x00000000c3cbbf38) thrown at [C:\re\workspace\8-2-build-windows-amd64-cygwin\jdk8u171\10807\hotspot\src\share\vm\prims\jni.cpp, line 709]
Event: 15.987 Thread 0x000000001b01d800 Exception <a 'sun/nio/fs/WindowsException'> (0x00000000c3ccfa60) thrown at [C:\re\workspace\8-2-build-windows-amd64-cygwin\jdk8u171\10807\hotspot\src\share\vm\prims\jni.cpp, line 709]
Event: 15.990 Thread 0x000000001b01d800 Exception <a 'sun/nio/fs/WindowsException'> (0x00000000c3cd6dd0) thrown at [C:\re\workspace\8-2-build-windows-amd64-cygwin\jdk8u171\10807\hotspot\src\share\vm\prims\jni.cpp, line 709]
Event: 16.001 Thread 0x000000001b01d800 Exception <a 'sun/nio/fs/WindowsException'> (0x00000000c3ce0198) thrown at [C:\re\workspace\8-2-build-windows-amd64-cygwin\jdk8u171\10807\hotspot\src\share\vm\prims\jni.cpp, line 709]
Event: 16.017 Thread 0x000000001b01d800 Exception <a 'sun/nio/fs/WindowsException'> (0x00000000c3cf7bf8) thrown at [C:\re\workspace\8-2-build-windows-amd64-cygwin\jdk8u171\10807\hotspot\src\share\vm\prims\jni.cpp, line 709]
Event: 16.024 Thread 0x000000001b01d800 Exception <a 'sun/nio/fs/WindowsException'> (0x00000000c320b800) thrown at [C:\re\workspace\8-2-build-windows-amd64-cygwin\jdk8u171\10807\hotspot\src\share\vm\prims\jni.cpp, line 709]
Event: 16.042 Thread 0x000000001b01d800 Exception <a 'sun/nio/fs/WindowsException'> (0x00000000c3212b40) thrown at [C:\re\workspace\8-2-build-windows-amd64-cygwin\jdk8u171\10807\hotspot\src\share\vm\prims\jni.cpp, line 709]
Event: 16.054 Thread 0x000000001b01d800 Exception <a 'sun/nio/fs/WindowsException'> (0x00000000c208e6e0) thrown at [C:\re\workspace\8-2-build-windows-amd64-cygwin\jdk8u171\10807\hotspot\src\share\vm\prims\jni.cpp, line 709]
Event: 16.072 Thread 0x000000001b01d800 Exception <a 'sun/nio/fs/WindowsException'> (0x00000000c1292f88) thrown at [C:\re\workspace\8-2-build-windows-amd64-cygwin\jdk8u171\10807\hotspot\src\share\vm\prims\jni.cpp, line 709]
Event: 16.076 Thread 0x000000001b01d800 Exception <a 'sun/nio/fs/WindowsException'> (0x00000000c1299ef0) thrown at [C:\re\workspace\8-2-build-windows-amd64-cygwin\jdk8u171\10807\hotspot\src\share\vm\prims\jni.cpp, line 709]

Events (10 events):
Event: 16.048 Thread 0x0000000019314000 flushing nmethod 0x0000000003d02f50
Event: 16.048 Thread 0x0000000019314000 flushing nmethod 0x0000000003d14a90
Event: 16.048 Thread 0x0000000019314000 flushing nmethod 0x0000000003d25f50
Event: 16.049 Thread 0x0000000019314000 flushing nmethod 0x0000000003d83650
Event: 16.052 Thread 0x0000000019314000 flushing nmethod 0x0000000003e5ac10
Event: 16.053 Thread 0x0000000019314000 flushing nmethod 0x0000000003ef0090
Event: 16.053 Thread 0x0000000019314000 flushing nmethod 0x0000000003ef0890
Event: 16.053 Thread 0x0000000019314000 flushing nmethod 0x0000000003f599d0
Event: 16.065 Thread 0x0000000019314000 flushing nmethod 0x0000000003fac210
Event: 16.086 Executing VM operation: G1IncCollectionPause


Dynamic libraries:
0x00007ff725010000 - 0x00007ff725047000 	C:\Program Files\Java\jdk1.8.0_171\bin\java.exe
0x00007ff933b60000 - 0x00007ff933d4d000 	C:\WINDOWS\SYSTEM32\ntdll.dll
0x00007ff932220000 - 0x00007ff9322d3000 	C:\WINDOWS\System32\KERNEL32.DLL
0x00007ff930100000 - 0x00007ff930393000 	C:\WINDOWS\System32\KERNELBASE.dll
0x00007ff930d90000 - 0x00007ff930e33000 	C:\WINDOWS\System32\ADVAPI32.dll
0x00007ff9319d0000 - 0x00007ff931a6e000 	C:\WINDOWS\System32\msvcrt.dll
0x00007ff931f10000 - 0x00007ff931fae000 	C:\WINDOWS\System32\sechost.dll
0x00007ff931fc0000 - 0x00007ff9320e2000 	C:\WINDOWS\System32\RPCRT4.dll
0x00007ff931d70000 - 0x00007ff931f07000 	C:\WINDOWS\System32\USER32.dll
0x00007ff92fc50000 - 0x00007ff92fc70000 	C:\WINDOWS\System32\win32u.dll
0x00007ff9322f0000 - 0x00007ff932319000 	C:\WINDOWS\System32\GDI32.dll
0x00007ff9303a0000 - 0x00007ff93053a000 	C:\WINDOWS\System32\gdi32full.dll
0x00007ff92fe80000 - 0x00007ff92ff20000 	C:\WINDOWS\System32\msvcp_win.dll
0x00007ff930540000 - 0x00007ff93063a000 	C:\WINDOWS\System32\ucrtbase.dll
0x00007ff924040000 - 0x00007ff9242b9000 	C:\WINDOWS\WinSxS\amd64_microsoft.windows.common-controls_6595b64144ccf1df_6.0.17763.379_none_05b83be8071c94a1\COMCTL32.dll
0x00007ff931620000 - 0x00007ff93194d000 	C:\WINDOWS\System32\combase.dll
0x00007ff92fcf0000 - 0x00007ff92fd6e000 	C:\WINDOWS\System32\bcryptPrimitives.dll
0x00007ff931060000 - 0x00007ff93108e000 	C:\WINDOWS\System32\IMM32.DLL
0x000000005a180000 - 0x000000005a252000 	C:\Program Files\Java\jdk1.8.0_171\jre\bin\msvcr100.dll
0x00000000587b0000 - 0x0000000059050000 	C:\Program Files\Java\jdk1.8.0_171\jre\bin\server\jvm.dll
0x00007ff931fb0000 - 0x00007ff931fb8000 	C:\WINDOWS\System32\PSAPI.DLL
0x00007ff91dea0000 - 0x00007ff91dea9000 	C:\WINDOWS\SYSTEM32\WSOCK32.dll
0x00007ff932340000 - 0x00007ff9323ad000 	C:\WINDOWS\System32\WS2_32.dll
0x00007ff92db40000 - 0x00007ff92db64000 	C:\WINDOWS\SYSTEM32\WINMM.dll
0x00007ff92db10000 - 0x00007ff92db3d000 	C:\WINDOWS\SYSTEM32\WINMMBASE.dll
0x00007ff92fc70000 - 0x00007ff92fcba000 	C:\WINDOWS\System32\cfgmgr32.dll
0x00007ff91ee60000 - 0x00007ff91ee6a000 	C:\WINDOWS\SYSTEM32\VERSION.dll
0x000000005a170000 - 0x000000005a17f000 	C:\Program Files\Java\jdk1.8.0_171\jre\bin\verify.dll
0x000000005a140000 - 0x000000005a169000 	C:\Program Files\Java\jdk1.8.0_171\jre\bin\java.dll
0x000000005a120000 - 0x000000005a136000 	C:\Program Files\Java\jdk1.8.0_171\jre\bin\zip.dll
0x00007ff932640000 - 0x00007ff933b30000 	C:\WINDOWS\System32\SHELL32.dll
0x00007ff931090000 - 0x00007ff931138000 	C:\WINDOWS\System32\shcore.dll
0x00007ff930640000 - 0x00007ff930d8a000 	C:\WINDOWS\System32\windows.storage.dll
0x00007ff92fba0000 - 0x00007ff92fbc4000 	C:\WINDOWS\System32\profapi.dll
0x00007ff92fbd0000 - 0x00007ff92fc2d000 	C:\WINDOWS\System32\powrprof.dll
0x00007ff931d10000 - 0x00007ff931d62000 	C:\WINDOWS\System32\shlwapi.dll
0x00007ff92fb80000 - 0x00007ff92fb91000 	C:\WINDOWS\System32\kernel.appcore.dll
0x00007ff92fc30000 - 0x00007ff92fc47000 	C:\WINDOWS\System32\cryptsp.dll
0x00007ff92ef40000 - 0x00007ff92ef73000 	C:\WINDOWS\system32\rsaenh.dll
0x00007ff92fcc0000 - 0x00007ff92fce6000 	C:\WINDOWS\System32\bcrypt.dll
0x00007ff92fa60000 - 0x00007ff92fa88000 	C:\WINDOWS\SYSTEM32\USERENV.dll
0x00007ff92f550000 - 0x00007ff92f55c000 	C:\WINDOWS\SYSTEM32\CRYPTBASE.dll
0x000000005a100000 - 0x000000005a11a000 	C:\Program Files\Java\jdk1.8.0_171\jre\bin\net.dll
0x00007ff92f380000 - 0x00007ff92f3e7000 	C:\WINDOWS\system32\mswsock.dll
0x00007ff92f0e0000 - 0x00007ff92f11d000 	C:\WINDOWS\SYSTEM32\IPHLPAPI.DLL
0x00007ff9322e0000 - 0x00007ff9322e8000 	C:\WINDOWS\System32\NSI.dll
0x00007ff923940000 - 0x00007ff923956000 	C:\WINDOWS\SYSTEM32\dhcpcsvc6.DLL
0x00007ff923cf0000 - 0x00007ff923d0c000 	C:\WINDOWS\SYSTEM32\dhcpcsvc.DLL
0x00007ff92f120000 - 0x00007ff92f1e6000 	C:\WINDOWS\SYSTEM32\DNSAPI.dll
0x000000005a0e0000 - 0x000000005a0f1000 	C:\Program Files\Java\jdk1.8.0_171\jre\bin\nio.dll
0x00007ff9201b0000 - 0x00007ff9201d9000 	C:\Users\XNOTE\.vscode\extensions\redhat.java-0.43.0\server\config_win\org.eclipse.equinox.launcher\org.eclipse.equinox.launcher.win32.win32.x86_64_1.1.1000.v20190125-2016\eclipse_1801.dll
0x00007ff927550000 - 0x00007ff927561000 	C:\Users\XNOTE\.vscode\extensions\redhat.java-0.43.0\server\config_win\org.eclipse.osgi\20\0\.cp\jWinHttp-1.0.0.dll
0x00007ff9324e0000 - 0x00007ff932635000 	C:\WINDOWS\System32\ole32.dll
0x00007ff924560000 - 0x00007ff924651000 	C:\WINDOWS\SYSTEM32\WINHTTP.dll
0x000000005a0b0000 - 0x000000005a0d4000 	C:\Program Files\Java\jdk1.8.0_171\jre\bin\sunec.dll

VM Arguments:
jvm_args: -Declipse.application=org.eclipse.jdt.ls.core.id1 -Dosgi.bundles.defaultStartLevel=4 -Declipse.product=org.eclipse.jdt.ls.core.product -Dfile.encoding=utf8 -DwatchParentProcess=false -Xverify:none -Xmx1G -XX:+UseG1GC -XX:+UseStringDeduplication 
java_command: C:\Users\XNOTE\.vscode\extensions\redhat.java-0.43.0\server\plugins\org.eclipse.equinox.launcher_1.5.300.v20190213-1655.jar -configuration C:\Users\XNOTE\.vscode\extensions\redhat.java-0.43.0\server\config_win -data c:\Users\XNOTE\AppData\Roaming\Code\User\workspaceStorage\0bdfaac4224be0d618bdcf963b857abf\redhat.java\jdt_ws
java_class_path (initial): C:\Users\XNOTE\.vscode\extensions\redhat.java-0.43.0\server\plugins\org.eclipse.equinox.launcher_1.5.300.v20190213-1655.jar
Launcher Type: SUN_STANDARD

Environment Variables:
PATH=C:\Program Files (x86)\Common Files\Oracle\Java\javapath;C:\ProgramData\Oracle\Java\javapath;C:\python27;C:\WINDOWS\system32;C:\WINDOWS;C:\WINDOWS\System32\Wbem;C:\WINDOWS\System32\WindowsPowerShell\v1.0\;C:\Program Files (x86)\Windows Live\Shared;C:\WINDOWS\System32\OpenSSH\;C:\Program Files\PuTTY\;C:\Program Files\Microsoft VS Code\bin;C:\Program Files\Git\cmd;C:\Program Files\Java\jdk1.8.0_171\bin;%USERPROFILE%\AppData\Local\Microsoft\WindowsApps;
USERNAME=¹Î¿ì
OS=Windows_NT
PROCESSOR_IDENTIFIER=Intel64 Family 6 Model 58 Stepping 9, GenuineIntel



---------------  S Y S T E M  ---------------

OS: Windows 10.0 , 64 bit Build 17763 (10.0.17763.379)

CPU:total 4 (initial active 4) (2 cores per cpu, 2 threads per core) family 6 model 58 stepping 9, cmov, cx8, fxsr, mmx, sse, sse2, sse3, ssse3, sse4.1, sse4.2, popcnt, avx, clmul, erms, ht, tsc, tscinvbit, tscinv

Memory: 4k page, physical 4024712k(853152k free), swap 5445000k(5268k free)

vm_info: Java HotSpot(TM) 64-Bit Server VM (25.171-b11) for windows-amd64 JRE (1.8.0_171-b11), built on Mar 28 2018 16:06:12 by "java_re" with MS VC++ 10.0 (VS2010)

time: Thu May 02 03:54:47 2019
elapsed time: 16 seconds (0d 0h 0m 16s)

