#
# There is insufficient memory for the Java Runtime Environment to continue.
# Native memory allocation (malloc) failed to allocate 849296 bytes for Chunk::new
# Possible reasons:
#   The system is out of physical RAM or swap space
#   In 32 bit mode, the process size limit was hit
# Possible solutions:
#   Reduce memory load on the system
#   Increase physical memory or swap space
#   Check if swap backing store is full
#   Use 64 bit Java on a 64 bit OS
#   Decrease Java heap size (-Xmx/-Xms)
#   Decrease number of Java threads
#   Decrease Java thread stack sizes (-Xss)
#   Set larger code cache with -XX:ReservedCodeCacheSize=
# This output file may be truncated or incomplete.
#
#  Out of Memory Error (allocation.cpp:390), pid=12672, tid=0x00000000000047c4
#
# JRE version: Java(TM) SE Runtime Environment (8.0_171-b11) (build 1.8.0_171-b11)
# Java VM: Java HotSpot(TM) 64-Bit Server VM (25.171-b11 mixed mode windows-amd64 compressed oops)
# Failed to write core dump. Minidumps are not enabled by default on client versions of Windows
#

---------------  T H R E A D  ---------------

Current thread (0x0000000018b83000):  JavaThread "C2 CompilerThread0" daemon [_thread_in_native, id=18372, stack(0x0000000019350000,0x0000000019450000)]

Stack: [0x0000000019350000,0x0000000019450000]
[error occurred during error reporting (printing stack bounds), id 0xc0000005]

Native frames: (J=compiled Java code, j=interpreted, Vv=VM code, C=native code)


Current CompileTask:
C2: 727634 14766       4       org.eclipse.jdt.internal.codeassist.CompletionEngine::findLocalMethods (2517 bytes)


---------------  P R O C E S S  ---------------

Java Threads: ( => current thread )
  0x0000000022bfc000 JavaThread "Worker-9" [_thread_blocked, id=15244, stack(0x00000000291e0000,0x00000000292e0000)]
  0x000000001a3a6000 JavaThread "ForkJoinPool.commonPool-worker-1" daemon [_thread_blocked, id=7712, stack(0x00000000290e0000,0x00000000291e0000)]
  0x000000001a3a3800 JavaThread "Worker-8" [_thread_blocked, id=2228, stack(0x0000000028fe0000,0x00000000290e0000)]
  0x000000001a3a8000 JavaThread "pool-13-thread-1" [_thread_blocked, id=432, stack(0x0000000028ee0000,0x0000000028fe0000)]
  0x000000001a3a7800 JavaThread "ForkJoinPool.commonPool-worker-2" daemon [_thread_blocked, id=8632, stack(0x0000000028de0000,0x0000000028ee0000)]
  0x000000001a3a9000 JavaThread "ForkJoinPool.commonPool-worker-0" daemon [_thread_in_Java, id=15440, stack(0x00000000289e0000,0x0000000028ae0000)]
  0x000000001a3a4800 JavaThread "Worker-4" [_thread_blocked, id=18180, stack(0x0000000020600000,0x0000000020700000)]
  0x000000001a3a9800 JavaThread "pool-1-thread-1" [_thread_blocked, id=13084, stack(0x000000001ede0000,0x000000001eee0000)]
  0x000000001abd9800 JavaThread "Bundle File Closer" daemon [_thread_blocked, id=11620, stack(0x000000001c340000,0x000000001c440000)]
  0x000000001aaa7000 JavaThread "Java indexing" daemon [_thread_blocked, id=13956, stack(0x000000001c140000,0x000000001c240000)]
  0x000000001a961800 JavaThread "Worker-1" [_thread_blocked, id=16668, stack(0x000000001bc40000,0x000000001bd40000)]
  0x000000001a7ce800 JavaThread "Worker-JM" [_thread_blocked, id=9336, stack(0x000000001b320000,0x000000001b420000)]
  0x000000001a60d000 JavaThread "Start Level: Equinox Container: 81ece856-fa1b-420c-8f02-9c24ec128c7e" daemon [_thread_blocked, id=5672, stack(0x000000001b220000,0x000000001b320000)]
  0x0000000019dbf800 JavaThread "Framework Event Dispatcher: Equinox Container: 81ece856-fa1b-420c-8f02-9c24ec128c7e" daemon [_thread_blocked, id=14268, stack(0x000000001b120000,0x000000001b220000)]
  0x00000000199dd800 JavaThread "Active Thread: Equinox Container: 81ece856-fa1b-420c-8f02-9c24ec128c7e" [_thread_blocked, id=3232, stack(0x000000001b020000,0x000000001b120000)]
  0x0000000018c1a800 JavaThread "Service Thread" daemon [_thread_blocked, id=14588, stack(0x0000000019650000,0x0000000019750000)]
  0x0000000018b90000 JavaThread "C1 CompilerThread2" daemon [_thread_blocked, id=11384, stack(0x0000000019550000,0x0000000019650000)]
  0x0000000018b84000 JavaThread "C2 CompilerThread1" daemon [_thread_in_native, id=2240, stack(0x0000000019450000,0x0000000019550000)]
=>0x0000000018b83000 JavaThread "C2 CompilerThread0" daemon [_thread_in_native, id=18372, stack(0x0000000019350000,0x0000000019450000)]
  0x0000000018b81000 JavaThread "Attach Listener" daemon [_thread_blocked, id=6256, stack(0x0000000019250000,0x0000000019350000)]
  0x0000000018b6a800 JavaThread "Signal Dispatcher" daemon [_thread_blocked, id=13420, stack(0x0000000019150000,0x0000000019250000)]
  0x0000000018b69800 JavaThread "Surrogate Locker Thread (Concurrent GC)" daemon [_thread_blocked, id=7344, stack(0x0000000019050000,0x0000000019150000)]
  0x0000000018ae0800 JavaThread "Finalizer" daemon [_thread_blocked, id=9780, stack(0x0000000018f50000,0x0000000019050000)]
  0x0000000018ad7800 JavaThread "Reference Handler" daemon [_thread_blocked, id=18220, stack(0x0000000018e50000,0x0000000018f50000)]
  0x0000000000efe000 JavaThread "main" [_thread_blocked, id=17912, stack(0x0000000002c20000,0x0000000002d20000)]

Other Threads:
  0x0000000018ad0000 VMThread [stack: 0x0000000018870000,0x0000000018970000] [id=2844]
  0x0000000018bc4000 WatcherThread [stack: 0x0000000019750000,0x0000000019850000] [id=12756]

VM state:not at safepoint (normal execution)

VM Mutex/Monitor currently owned by a thread: None

Heap:
 garbage-first heap   total 79872K, used 51629K [0x00000000c0000000, 0x00000000c0100270, 0x0000000100000000)
  region size 1024K, 11 young (11264K), 1 survivors (1024K)
 Metaspace       used 57636K, capacity 60518K, committed 60928K, reserved 1103872K
  class space    used 5644K, capacity 6529K, committed 6656K, reserved 1048576K

Heap Regions: (Y=young(eden), SU=young(survivor), HS=humongous(starts), HC=humongous(continues), CS=collection set, F=free, TS=gc time stamp, PTAMS=previous top-at-mark-start, NTAMS=next top-at-mark-start)
AC   0  O    TS     0 PTAMS 0x00000000c0100000 NTAMS 0x00000000c0100000 space 1024K, 100% used [0x00000000c0000000, 0x00000000c0100000)
AC   0  O    TS     0 PTAMS 0x00000000c0200000 NTAMS 0x00000000c0200000 space 1024K, 100% used [0x00000000c0100000, 0x00000000c0200000)
AC   0  O    TS     0 PTAMS 0x00000000c0300000 NTAMS 0x00000000c0300000 space 1024K, 100% used [0x00000000c0200000, 0x00000000c0300000)
AC   0  O    TS     0 PTAMS 0x00000000c0400000 NTAMS 0x00000000c0400000 space 1024K, 100% used [0x00000000c0300000, 0x00000000c0400000)
AC   0  O    TS     0 PTAMS 0x00000000c0500000 NTAMS 0x00000000c0500000 space 1024K, 100% used [0x00000000c0400000, 0x00000000c0500000)
AC   0  O    TS     0 PTAMS 0x00000000c0600000 NTAMS 0x00000000c0600000 space 1024K, 100% used [0x00000000c0500000, 0x00000000c0600000)
AC   0  O    TS     0 PTAMS 0x00000000c0700000 NTAMS 0x00000000c0700000 space 1024K, 100% used [0x00000000c0600000, 0x00000000c0700000)
AC   0  O    TS     0 PTAMS 0x00000000c0800000 NTAMS 0x00000000c0800000 space 1024K, 100% used [0x00000000c0700000, 0x00000000c0800000)
AC   0  O    TS     0 PTAMS 0x00000000c0900000 NTAMS 0x00000000c0900000 space 1024K, 100% used [0x00000000c0800000, 0x00000000c0900000)
AC   0  O    TS     0 PTAMS 0x00000000c0a00000 NTAMS 0x00000000c0a00000 space 1024K, 100% used [0x00000000c0900000, 0x00000000c0a00000)
AC   0  O    TS     0 PTAMS 0x00000000c0b00000 NTAMS 0x00000000c0b00000 space 1024K, 100% used [0x00000000c0a00000, 0x00000000c0b00000)
AC   0  O    TS     0 PTAMS 0x00000000c0c00000 NTAMS 0x00000000c0c00000 space 1024K, 100% used [0x00000000c0b00000, 0x00000000c0c00000)
AC   0  O    TS     0 PTAMS 0x00000000c0d00000 NTAMS 0x00000000c0d00000 space 1024K, 100% used [0x00000000c0c00000, 0x00000000c0d00000)
AC   0  O    TS     0 PTAMS 0x00000000c0e00000 NTAMS 0x00000000c0e00000 space 1024K, 100% used [0x00000000c0d00000, 0x00000000c0e00000)
AC   0  O    TS     0 PTAMS 0x00000000c0f00000 NTAMS 0x00000000c0f00000 space 1024K, 100% used [0x00000000c0e00000, 0x00000000c0f00000)
AC   0  O    TS     0 PTAMS 0x00000000c1000000 NTAMS 0x00000000c1000000 space 1024K, 100% used [0x00000000c0f00000, 0x00000000c1000000)
AC   0  O    TS     0 PTAMS 0x00000000c1100000 NTAMS 0x00000000c1100000 space 1024K, 100% used [0x00000000c1000000, 0x00000000c1100000)
AC   0  O    TS     0 PTAMS 0x00000000c1200000 NTAMS 0x00000000c1200000 space 1024K, 100% used [0x00000000c1100000, 0x00000000c1200000)
AC   0  O    TS     0 PTAMS 0x00000000c1300000 NTAMS 0x00000000c1300000 space 1024K, 100% used [0x00000000c1200000, 0x00000000c1300000)
AC   0  O    TS     0 PTAMS 0x00000000c1400000 NTAMS 0x00000000c1400000 space 1024K, 100% used [0x00000000c1300000, 0x00000000c1400000)
AC   0  O    TS     0 PTAMS 0x00000000c1500000 NTAMS 0x00000000c1500000 space 1024K, 100% used [0x00000000c1400000, 0x00000000c1500000)
AC   0  O    TS     0 PTAMS 0x00000000c1600000 NTAMS 0x00000000c1600000 space 1024K, 100% used [0x00000000c1500000, 0x00000000c1600000)
AC   0  O    TS     0 PTAMS 0x00000000c1700000 NTAMS 0x00000000c1700000 space 1024K, 100% used [0x00000000c1600000, 0x00000000c1700000)
AC   0  O    TS     0 PTAMS 0x00000000c1800000 NTAMS 0x00000000c1800000 space 1024K, 100% used [0x00000000c1700000, 0x00000000c1800000)
AC   0  O    TS     0 PTAMS 0x00000000c1900000 NTAMS 0x00000000c1900000 space 1024K, 100% used [0x00000000c1800000, 0x00000000c1900000)
AC   0  O    TS     0 PTAMS 0x00000000c1a00000 NTAMS 0x00000000c1a00000 space 1024K, 100% used [0x00000000c1900000, 0x00000000c1a00000)
AC   0  F    TS     0 PTAMS 0x00000000c1a00000 NTAMS 0x00000000c1a00000 space 1024K,   0% used [0x00000000c1a00000, 0x00000000c1b00000)
AC   0 HS    TS     0 PTAMS 0x00000000c1b80010 NTAMS 0x00000000c1b80010 space 1024K,  50% used [0x00000000c1b00000, 0x00000000c1c00000)
AC   0  O    TS     3 PTAMS 0x00000000c1c00000 NTAMS 0x00000000c1c00000 space 1024K, 100% used [0x00000000c1c00000, 0x00000000c1d00000)
AC   0  O    TS     0 PTAMS 0x00000000c1e00000 NTAMS 0x00000000c1e00000 space 1024K, 100% used [0x00000000c1d00000, 0x00000000c1e00000)
AC   0  O    TS     0 PTAMS 0x00000000c1f00000 NTAMS 0x00000000c1f00000 space 1024K, 100% used [0x00000000c1e00000, 0x00000000c1f00000)
AC   0  O    TS     0 PTAMS 0x00000000c2000000 NTAMS 0x00000000c2000000 space 1024K, 100% used [0x00000000c1f00000, 0x00000000c2000000)
AC   0  O    TS     3 PTAMS 0x00000000c2000000 NTAMS 0x00000000c2000000 space 1024K,  91% used [0x00000000c2000000, 0x00000000c2100000)
AC   0  O    TS     0 PTAMS 0x00000000c2200000 NTAMS 0x00000000c2200000 space 1024K, 100% used [0x00000000c2100000, 0x00000000c2200000)
AC   0  O    TS     0 PTAMS 0x00000000c2300000 NTAMS 0x00000000c2300000 space 1024K, 100% used [0x00000000c2200000, 0x00000000c2300000)
AC   0  O    TS     0 PTAMS 0x00000000c2400000 NTAMS 0x00000000c2400000 space 1024K, 100% used [0x00000000c2300000, 0x00000000c2400000)
AC   0  F    TS     0 PTAMS 0x00000000c2400000 NTAMS 0x00000000c2400000 space 1024K,   0% used [0x00000000c2400000, 0x00000000c2500000)
AC   0  O    TS     0 PTAMS 0x00000000c2600000 NTAMS 0x00000000c2600000 space 1024K, 100% used [0x00000000c2500000, 0x00000000c2600000)
AC   0  O    TS     0 PTAMS 0x00000000c2700000 NTAMS 0x00000000c2700000 space 1024K, 100% used [0x00000000c2600000, 0x00000000c2700000)
AC   0  F    TS     0 PTAMS 0x00000000c2700000 NTAMS 0x00000000c2700000 space 1024K,   0% used [0x00000000c2700000, 0x00000000c2800000)
AC   0  F    TS     0 PTAMS 0x00000000c2800000 NTAMS 0x00000000c2800000 space 1024K,   0% used [0x00000000c2800000, 0x00000000c2900000)
AC   0  O    TS     3 PTAMS 0x00000000c29ece00 NTAMS 0x00000000c29ece00 space 1024K, 100% used [0x00000000c2900000, 0x00000000c2a00000)
AC   0  F    TS     0 PTAMS 0x00000000c2a00000 NTAMS 0x00000000c2a00000 space 1024K,   0% used [0x00000000c2a00000, 0x00000000c2b00000)
AC   0  O    TS     0 PTAMS 0x00000000c2c00000 NTAMS 0x00000000c2c00000 space 1024K, 100% used [0x00000000c2b00000, 0x00000000c2c00000)
AC   0  O    TS     0 PTAMS 0x00000000c2d00000 NTAMS 0x00000000c2d00000 space 1024K, 100% used [0x00000000c2c00000, 0x00000000c2d00000)
AC   0  F    TS     0 PTAMS 0x00000000c2d00000 NTAMS 0x00000000c2d00000 space 1024K,   0% used [0x00000000c2d00000, 0x00000000c2e00000)
AC   0  F    TS     0 PTAMS 0x00000000c2e00000 NTAMS 0x00000000c2e00000 space 1024K,   0% used [0x00000000c2e00000, 0x00000000c2f00000)
AC   0  F    TS     0 PTAMS 0x00000000c2f00000 NTAMS 0x00000000c2f00000 space 1024K,   0% used [0x00000000c2f00000, 0x00000000c3000000)
AC   0  F    TS     0 PTAMS 0x00000000c3000000 NTAMS 0x00000000c3000000 space 1024K,   0% used [0x00000000c3000000, 0x00000000c3100000)
AC   0  F    TS     0 PTAMS 0x00000000c3100000 NTAMS 0x00000000c3100000 space 1024K,   0% used [0x00000000c3100000, 0x00000000c3200000)
AC   0  F    TS     0 PTAMS 0x00000000c3200000 NTAMS 0x00000000c3200000 space 1024K,   0% used [0x00000000c3200000, 0x00000000c3300000)
AC   0  F    TS     0 PTAMS 0x00000000c3300000 NTAMS 0x00000000c3300000 space 1024K,   0% used [0x00000000c3300000, 0x00000000c3400000)
AC   0  F    TS     0 PTAMS 0x00000000c3400000 NTAMS 0x00000000c3400000 space 1024K,   0% used [0x00000000c3400000, 0x00000000c3500000)
AC   0  O    TS     0 PTAMS 0x00000000c3600000 NTAMS 0x00000000c3600000 space 1024K, 100% used [0x00000000c3500000, 0x00000000c3600000)
AC   0  F    TS     0 PTAMS 0x00000000c3600000 NTAMS 0x00000000c3600000 space 1024K,   0% used [0x00000000c3600000, 0x00000000c3700000)
AC   0  F    TS     0 PTAMS 0x00000000c3700000 NTAMS 0x00000000c3700000 space 1024K,   0% used [0x00000000c3700000, 0x00000000c3800000)
AC   0  F    TS     1 PTAMS 0x00000000c3800000 NTAMS 0x00000000c3800000 space 1024K,   0% used [0x00000000c3800000, 0x00000000c3900000)
AC   0  F    TS     0 PTAMS 0x00000000c3900000 NTAMS 0x00000000c3900000 space 1024K,   0% used [0x00000000c3900000, 0x00000000c3a00000)
AC   0  F    TS     0 PTAMS 0x00000000c3a00000 NTAMS 0x00000000c3a00000 space 1024K,   0% used [0x00000000c3a00000, 0x00000000c3b00000)
AC   0  F    TS     0 PTAMS 0x00000000c3b00000 NTAMS 0x00000000c3b00000 space 1024K,   0% used [0x00000000c3b00000, 0x00000000c3c00000)
AC   0  F    TS     0 PTAMS 0x00000000c3c00000 NTAMS 0x00000000c3c00000 space 1024K,   0% used [0x00000000c3c00000, 0x00000000c3d00000)
AC   0  F    TS     0 PTAMS 0x00000000c3d00000 NTAMS 0x00000000c3d00000 space 1024K,   0% used [0x00000000c3d00000, 0x00000000c3e00000)
AC   0  F    TS     0 PTAMS 0x00000000c3e00000 NTAMS 0x00000000c3e00000 space 1024K,   0% used [0x00000000c3e00000, 0x00000000c3f00000)
AC   0  F    TS     0 PTAMS 0x00000000c3f00000 NTAMS 0x00000000c3f00000 space 1024K,   0% used [0x00000000c3f00000, 0x00000000c4000000)
AC   0  F    TS     0 PTAMS 0x00000000c4000000 NTAMS 0x00000000c4000000 space 1024K,   0% used [0x00000000c4000000, 0x00000000c4100000)
AC   0  E    TS     0 PTAMS 0x00000000c4100000 NTAMS 0x00000000c4100000 space 1024K,  62% used [0x00000000c4100000, 0x00000000c4200000)
AC   0  E CS TS     0 PTAMS 0x00000000c4200000 NTAMS 0x00000000c4200000 space 1024K, 100% used [0x00000000c4200000, 0x00000000c4300000)
AC   0  E CS TS     0 PTAMS 0x00000000c4300000 NTAMS 0x00000000c4300000 space 1024K, 100% used [0x00000000c4300000, 0x00000000c4400000)
AC   0  E CS TS     0 PTAMS 0x00000000c4400000 NTAMS 0x00000000c4400000 space 1024K, 100% used [0x00000000c4400000, 0x00000000c4500000)
AC   0  E CS TS     0 PTAMS 0x00000000c4500000 NTAMS 0x00000000c4500000 space 1024K, 100% used [0x00000000c4500000, 0x00000000c4600000)
AC   0  E CS TS     0 PTAMS 0x00000000c4600000 NTAMS 0x00000000c4600000 space 1024K, 100% used [0x00000000c4600000, 0x00000000c4700000)
AC   0  E CS TS     0 PTAMS 0x00000000c4700000 NTAMS 0x00000000c4700000 space 1024K, 100% used [0x00000000c4700000, 0x00000000c4800000)
AC   0  E CS TS     0 PTAMS 0x00000000c4800000 NTAMS 0x00000000c4800000 space 1024K, 100% used [0x00000000c4800000, 0x00000000c4900000)
AC   0  E CS TS     0 PTAMS 0x00000000c4900000 NTAMS 0x00000000c4900000 space 1024K, 100% used [0x00000000c4900000, 0x00000000c4a00000)
AC   0  E CS TS     0 PTAMS 0x00000000c4a00000 NTAMS 0x00000000c4a00000 space 1024K, 100% used [0x00000000c4a00000, 0x00000000c4b00000)
AC   0  S CS TS     3 PTAMS 0x00000000c4b00000 NTAMS 0x00000000c4b00000 space 1024K, 100% used [0x00000000c4b00000, 0x00000000c4c00000)
AC   0  E CS TS     0 PTAMS 0x00000000c4c00000 NTAMS 0x00000000c4c00000 space 1024K, 100% used [0x00000000c4c00000, 0x00000000c4d00000)
AC   0  E CS TS     0 PTAMS 0x00000000c4d00000 NTAMS 0x00000000c4d00000 space 1024K, 100% used [0x00000000c4d00000, 0x00000000c4e00000)

Card table byte_map: [0x0000000013330000,0x0000000013530000] byte_map_base: 0x0000000012d30000

Marking Bits (Prev, Next): (CMBitMap*) 0x0000000002d59558, (CMBitMap*) 0x0000000002d595b0
 Prev Bits: [0x0000000013730000, 0x0000000014730000)
 Next Bits: [0x0000000014730000, 0x0000000015730000)

Polling page: 0x0000000000ec0000

CodeCache: size=245760Kb used=43708Kb max_used=43720Kb free=202051Kb
 bounds [0x0000000002e20000, 0x0000000005920000, 0x0000000011e20000]
 total_blobs=11124 nmethods=10524 adapters=505
 compilation: enabled

Compilation events (10 events):
Event: 727.560 Thread 0x0000000018b90000 14767       3       org.eclipse.jdt.internal.compiler.lookup.Scope::isBoxingCompatibleWith (62 bytes)
Event: 727.561 Thread 0x0000000018b83000 nmethod 14762 0x0000000004c50410 code [0x0000000004c506a0, 0x0000000004c515a8]
Event: 727.561 Thread 0x0000000018b83000 14766       4       org.eclipse.jdt.internal.codeassist.CompletionEngine::findLocalMethods (2517 bytes)
Event: 727.561 Thread 0x0000000018b90000 nmethod 14767 0x0000000005781110 code [0x00000000057812c0, 0x00000000057819d8]
Event: 727.623 Thread 0x0000000018b84000 nmethod 14763 0x0000000004c4aa50 code [0x0000000004c4ad80, 0x0000000004c4c748]
Event: 727.624 Thread 0x0000000018b84000 14770       4       org.eclipse.jdt.internal.compiler.lookup.TypeBinding::isAnonymousType (17 bytes)
Event: 727.624 Thread 0x0000000018b84000 nmethod 14770 0x0000000003b2c810 code [0x0000000003b2c940, 0x0000000003b2c9b8]
Event: 727.624 Thread 0x0000000018b84000 14764 %     4       org.eclipse.jdt.internal.compiler.lookup.Scope::enclosingSourceType @ 2 (31 bytes)
Event: 727.627 Thread 0x0000000018b84000 nmethod 14764% 0x0000000004c4e890 code [0x0000000004c4e9e0, 0x0000000004c4ead8]
Event: 727.627 Thread 0x0000000018b84000 14768       4       org.eclipse.jdt.internal.compiler.lookup.ReferenceBinding::isSuperclassOf (24 bytes)

GC Heap History (10 events):
Event: 717.562 GC heap before
{Heap before GC invocations=847 (full 0):
 garbage-first heap   total 79872K, used 48585K [0x00000000c0000000, 0x00000000c0100270, 0x0000000100000000)
  region size 1024K, 4 young (4096K), 3 survivors (3072K)
 Metaspace       used 57531K, capacity 60390K, committed 60672K, reserved 1103872K
  class space    used 5639K, capacity 6529K, committed 6656K, reserved 1048576K
Event: 717.571 GC heap after
Heap after GC invocations=848 (full 0):
 garbage-first heap   total 79872K, used 44282K [0x00000000c0000000, 0x00000000c0100270, 0x0000000100000000)
  region size 1024K, 1 young (1024K), 1 survivors (1024K)
 Metaspace       used 57531K, capacity 60390K, committed 60672K, reserved 1103872K
  class space    used 5639K, capacity 6529K, committed 6656K, reserved 1048576K
}
Event: 721.343 GC heap before
{Heap before GC invocations=848 (full 0):
 garbage-first heap   total 79872K, used 67834K [0x00000000c0000000, 0x00000000c0100270, 0x0000000100000000)
  region size 1024K, 24 young (24576K), 1 survivors (1024K)
 Metaspace       used 57554K, capacity 60454K, committed 60672K, reserved 1103872K
  class space    used 5639K, capacity 6529K, committed 6656K, reserved 1048576K
Event: 721.353 GC heap after
Heap after GC invocations=849 (full 0):
 garbage-first heap   total 79872K, used 45077K [0x00000000c0000000, 0x00000000c0100270, 0x0000000100000000)
  region size 1024K, 2 young (2048K), 2 survivors (2048K)
 Metaspace       used 57554K, capacity 60454K, committed 60672K, reserved 1103872K
  class space    used 5639K, capacity 6529K, committed 6656K, reserved 1048576K
}
Event: 725.992 GC heap before
{Heap before GC invocations=849 (full 0):
 garbage-first heap   total 79872K, used 68629K [0x00000000c0000000, 0x00000000c0100270, 0x0000000100000000)
  region size 1024K, 25 young (25600K), 2 survivors (2048K)
 Metaspace       used 57616K, capacity 60518K, committed 60928K, reserved 1103872K
  class space    used 5643K, capacity 6529K, committed 6656K, reserved 1048576K
Event: 725.997 GC heap after
Heap after GC invocations=850 (full 0):
 garbage-first heap   total 79872K, used 46282K [0x00000000c0000000, 0x00000000c0100270, 0x0000000100000000)
  region size 1024K, 3 young (3072K), 3 survivors (3072K)
 Metaspace       used 57616K, capacity 60518K, committed 60928K, reserved 1103872K
  class space    used 5643K, capacity 6529K, committed 6656K, reserved 1048576K
}
Event: 727.512 GC heap before
{Heap before GC invocations=851 (full 0):
 garbage-first heap   total 79872K, used 67786K [0x00000000c0000000, 0x00000000c0100270, 0x0000000100000000)
  region size 1024K, 24 young (24576K), 3 survivors (3072K)
 Metaspace       used 57636K, capacity 60518K, committed 60928K, reserved 1103872K
  class space    used 5644K, capacity 6529K, committed 6656K, reserved 1048576K
Event: 727.518 GC heap after
Heap after GC invocations=852 (full 0):
 garbage-first heap   total 79872K, used 44397K [0x00000000c0000000, 0x00000000c0100270, 0x0000000100000000)
  region size 1024K, 1 young (1024K), 1 survivors (1024K)
 Metaspace       used 57636K, capacity 60518K, committed 60928K, reserved 1103872K
  class space    used 5644K, capacity 6529K, committed 6656K, reserved 1048576K
}
Event: 727.545 GC heap before
{Heap before GC invocations=852 (full 0):
 garbage-first heap   total 79872K, used 46445K [0x00000000c0000000, 0x00000000c0100270, 0x0000000100000000)
  region size 1024K, 3 young (3072K), 1 survivors (1024K)
 Metaspace       used 57636K, capacity 60518K, committed 60928K, reserved 1103872K
  class space    used 5644K, capacity 6529K, committed 6656K, reserved 1048576K
Event: 727.559 GC heap after
Heap after GC invocations=853 (full 0):
 garbage-first heap   total 79872K, used 42413K [0x00000000c0000000, 0x00000000c0100270, 0x0000000100000000)
  region size 1024K, 1 young (1024K), 1 survivors (1024K)
 Metaspace       used 57636K, capacity 60518K, committed 60928K, reserved 1103872K
  class space    used 5644K, capacity 6529K, committed 6656K, reserved 1048576K
}

Deoptimization events (10 events):
Event: 725.972 Thread 0x000000001a3a9000 Uncommon trap: reason=class_check action=maybe_recompile pc=0x0000000004652bac method=org.eclipse.jdt.internal.core.JavaProject.equals(Ljava/lang/Object;)Z @ 8
Event: 725.973 Thread 0x000000001a3a9000 Uncommon trap: reason=unstable_if action=reinterpret pc=0x0000000004b09920 method=org.eclipse.jdt.internal.core.Openable.exists()Z @ 7
Event: 726.008 Thread 0x000000001a3a9000 Uncommon trap: reason=class_check action=maybe_recompile pc=0x0000000005328ba8 method=org.eclipse.jdt.internal.compiler.parser.Parser.consumeToken(I)V @ 804
Event: 726.021 Thread 0x000000001a3a9000 Uncommon trap: reason=class_check action=maybe_recompile pc=0x0000000005328ba8 method=org.eclipse.jdt.internal.compiler.parser.Parser.consumeToken(I)V @ 804
Event: 726.743 Thread 0x000000001a961800 Uncommon trap: reason=unstable_if action=reinterpret pc=0x00000000051b279c method=org.eclipse.jdt.internal.compiler.lookup.BinaryTypeBinding.getMethods([CI)[Lorg/eclipse/jdt/internal/compiler/lookup/MethodBinding; @ 155
Event: 726.743 Thread 0x000000001a961800 Uncommon trap: reason=speculate_class_check action=maybe_recompile pc=0x00000000058af360 method=org.eclipse.jdt.internal.compiler.ast.ASTNode.resolvePolyExpressionArguments(Lorg/eclipse/jdt/internal/compiler/ast/Invocation;Lorg/eclipse/jdt/internal/compil
Event: 726.784 Thread 0x000000001a3a6000 Uncommon trap: reason=speculate_class_check action=maybe_recompile pc=0x00000000058af360 method=org.eclipse.jdt.internal.compiler.ast.ASTNode.resolvePolyExpressionArguments(Lorg/eclipse/jdt/internal/compiler/ast/Invocation;Lorg/eclipse/jdt/internal/compil
Event: 727.521 Thread 0x000000001a3a9000 Uncommon trap: reason=unstable_if action=reinterpret pc=0x000000000475c3c8 method=org.eclipse.jdt.internal.compiler.lookup.TypeSystem.getWildcard(Lorg/eclipse/jdt/internal/compiler/lookup/ReferenceBinding;ILorg/eclipse/jdt/internal/compiler/lookup/TypeBin
Event: 727.560 Thread 0x000000001a3a9000 Uncommon trap: reason=unstable_if action=reinterpret pc=0x000000000586bf4c method=org.eclipse.jdt.internal.codeassist.CompletionEngine.computeRelevanceForExpectingType(Lorg/eclipse/jdt/internal/compiler/lookup/TypeBinding;)I @ 24
Event: 727.571 Thread 0x000000001a3a9000 Uncommon trap: reason=speculate_class_check action=maybe_recompile pc=0x00000000056be7d8 method=org.eclipse.jdt.internal.compiler.lookup.TypeBinding.isCompatibleWith(Lorg/eclipse/jdt/internal/compiler/lookup/TypeBinding;)Z @ 3

Classes redefined (0 events):
No events

Internal exceptions (10 events):
Event: 707.324 Thread 0x000000001a3a9000 Exception <a 'java/lang/ArrayIndexOutOfBoundsException'> (0x00000000c483f620) thrown at [C:\re\workspace\8-2-build-windows-amd64-cygwin\jdk8u171\10807\hotspot\src\share\vm\runtime\sharedRuntime.cpp, line 605]
Event: 707.324 Thread 0x000000001a3a9000 Exception <a 'java/lang/ArrayIndexOutOfBoundsException'> (0x00000000c483f858) thrown at [C:\re\workspace\8-2-build-windows-amd64-cygwin\jdk8u171\10807\hotspot\src\share\vm\runtime\sharedRuntime.cpp, line 605]
Event: 707.368 Thread 0x000000001a3a6000 Exception <a 'java/lang/ArrayIndexOutOfBoundsException'> (0x00000000c3abb000) thrown at [C:\re\workspace\8-2-build-windows-amd64-cygwin\jdk8u171\10807\hotspot\src\share\vm\runtime\sharedRuntime.cpp, line 605]
Event: 707.369 Thread 0x000000001a3a6000 Exception <a 'java/lang/ArrayIndexOutOfBoundsException'> (0x00000000c3abb238) thrown at [C:\re\workspace\8-2-build-windows-amd64-cygwin\jdk8u171\10807\hotspot\src\share\vm\runtime\sharedRuntime.cpp, line 605]
Event: 725.951 Thread 0x000000001a3a9000 Implicit null exception at 0x0000000003626113 to 0x000000000362625d
Event: 725.969 Thread 0x000000001a3a9000 Exception <a 'java/lang/ArrayIndexOutOfBoundsException'> (0x00000000c39c0818) thrown at [C:\re\workspace\8-2-build-windows-amd64-cygwin\jdk8u171\10807\hotspot\src\share\vm\runtime\sharedRuntime.cpp, line 605]
Event: 725.970 Thread 0x000000001a3a9000 Implicit null exception at 0x0000000005717be7 to 0x000000000571c57d
Event: 725.970 Thread 0x000000001a3a9000 Implicit null exception at 0x0000000004af728c to 0x0000000004afbd71
Event: 727.506 Thread 0x000000001a3a9000 Exception <a 'java/lang/ArrayIndexOutOfBoundsException'> (0x00000000c398a750) thrown at [C:\re\workspace\8-2-build-windows-amd64-cygwin\jdk8u171\10807\hotspot\src\share\vm\runtime\sharedRuntime.cpp, line 605]
Event: 727.540 Thread 0x000000001a3a9000 Exception <a 'java/lang/ArrayIndexOutOfBoundsException'> (0x00000000c4ceaf00) thrown at [C:\re\workspace\8-2-build-windows-amd64-cygwin\jdk8u171\10807\hotspot\src\share\vm\runtime\sharedRuntime.cpp, line 605]

Events (10 events):
Event: 727.545 Executing VM operation: G1IncCollectionPause
Event: 727.559 Executing VM operation: G1IncCollectionPause done
Event: 727.560 Thread 0x000000001a3a9000 Uncommon trap: trap_request=0xffffff65 fr.pc=0x000000000586bf4c
Event: 727.560 Thread 0x000000001a3a9000 DEOPT PACKING pc=0x000000000586bf4c sp=0x0000000028ade480
Event: 727.560 Thread 0x000000001a3a9000 DEOPT UNPACKING pc=0x0000000002e6583b sp=0x0000000028ade4b0 mode 2
Event: 727.571 Thread 0x000000001a3a9000 Uncommon trap: trap_request=0xffffff76 fr.pc=0x00000000056be7d8
Event: 727.571 Thread 0x000000001a3a9000 DEOPT PACKING pc=0x00000000056be7d8 sp=0x0000000028ade420
Event: 727.571 Thread 0x000000001a3a9000 DEOPT UNPACKING pc=0x0000000002e6583b sp=0x0000000028ade440 mode 2
Event: 727.590 Thread 0x000000001a3a9000 DEOPT PACKING pc=0x0000000003e6eb03 sp=0x0000000028addf10
Event: 727.590 Thread 0x000000001a3a9000 DEOPT UNPACKING pc=0x0000000002e67890 sp=0x0000000028addc38 mode 0


Dynamic libraries:
0x00007ff725010000 - 0x00007ff725047000 	C:\Program Files\Java\jdk1.8.0_171\bin\java.exe
0x00007ff933b60000 - 0x00007ff933d4d000 	C:\WINDOWS\SYSTEM32\ntdll.dll
0x00007ff932220000 - 0x00007ff9322d3000 	C:\WINDOWS\System32\KERNEL32.DLL
0x00007ff930100000 - 0x00007ff930393000 	C:\WINDOWS\System32\KERNELBASE.dll
0x00007ff930d90000 - 0x00007ff930e33000 	C:\WINDOWS\System32\ADVAPI32.dll
0x00007ff9319d0000 - 0x00007ff931a6e000 	C:\WINDOWS\System32\msvcrt.dll
0x00007ff931f10000 - 0x00007ff931fae000 	C:\WINDOWS\System32\sechost.dll
0x00007ff931fc0000 - 0x00007ff9320e2000 	C:\WINDOWS\System32\RPCRT4.dll
0x00007ff931d70000 - 0x00007ff931f07000 	C:\WINDOWS\System32\USER32.dll
0x00007ff92fc50000 - 0x00007ff92fc70000 	C:\WINDOWS\System32\win32u.dll
0x00007ff9322f0000 - 0x00007ff932319000 	C:\WINDOWS\System32\GDI32.dll
0x00007ff9303a0000 - 0x00007ff93053a000 	C:\WINDOWS\System32\gdi32full.dll
0x00007ff92fe80000 - 0x00007ff92ff20000 	C:\WINDOWS\System32\msvcp_win.dll
0x00007ff930540000 - 0x00007ff93063a000 	C:\WINDOWS\System32\ucrtbase.dll
0x00007ff924040000 - 0x00007ff9242b9000 	C:\WINDOWS\WinSxS\amd64_microsoft.windows.common-controls_6595b64144ccf1df_6.0.17763.379_none_05b83be8071c94a1\COMCTL32.dll
0x00007ff931620000 - 0x00007ff93194d000 	C:\WINDOWS\System32\combase.dll
0x00007ff92fcf0000 - 0x00007ff92fd6e000 	C:\WINDOWS\System32\bcryptPrimitives.dll
0x00007ff931060000 - 0x00007ff93108e000 	C:\WINDOWS\System32\IMM32.DLL
0x000000005a180000 - 0x000000005a252000 	C:\Program Files\Java\jdk1.8.0_171\jre\bin\msvcr100.dll
0x00000000587b0000 - 0x0000000059050000 	C:\Program Files\Java\jdk1.8.0_171\jre\bin\server\jvm.dll
0x00007ff931fb0000 - 0x00007ff931fb8000 	C:\WINDOWS\System32\PSAPI.DLL
0x00007ff91dea0000 - 0x00007ff91dea9000 	C:\WINDOWS\SYSTEM32\WSOCK32.dll
0x00007ff92db40000 - 0x00007ff92db64000 	C:\WINDOWS\SYSTEM32\WINMM.dll
0x00007ff91ee60000 - 0x00007ff91ee6a000 	C:\WINDOWS\SYSTEM32\VERSION.dll
0x00007ff932340000 - 0x00007ff9323ad000 	C:\WINDOWS\System32\WS2_32.dll
0x00007ff92db10000 - 0x00007ff92db3d000 	C:\WINDOWS\SYSTEM32\WINMMBASE.dll
0x00007ff92fc70000 - 0x00007ff92fcba000 	C:\WINDOWS\System32\cfgmgr32.dll
0x000000005a170000 - 0x000000005a17f000 	C:\Program Files\Java\jdk1.8.0_171\jre\bin\verify.dll
0x000000005a140000 - 0x000000005a169000 	C:\Program Files\Java\jdk1.8.0_171\jre\bin\java.dll
0x000000005a120000 - 0x000000005a136000 	C:\Program Files\Java\jdk1.8.0_171\jre\bin\zip.dll
0x00007ff932640000 - 0x00007ff933b30000 	C:\WINDOWS\System32\SHELL32.dll
0x00007ff931090000 - 0x00007ff931138000 	C:\WINDOWS\System32\shcore.dll
0x00007ff930640000 - 0x00007ff930d8a000 	C:\WINDOWS\System32\windows.storage.dll
0x00007ff92fba0000 - 0x00007ff92fbc4000 	C:\WINDOWS\System32\profapi.dll
0x00007ff92fbd0000 - 0x00007ff92fc2d000 	C:\WINDOWS\System32\powrprof.dll
0x00007ff931d10000 - 0x00007ff931d62000 	C:\WINDOWS\System32\shlwapi.dll
0x00007ff92fb80000 - 0x00007ff92fb91000 	C:\WINDOWS\System32\kernel.appcore.dll
0x00007ff92fc30000 - 0x00007ff92fc47000 	C:\WINDOWS\System32\cryptsp.dll
0x00007ff92ef40000 - 0x00007ff92ef73000 	C:\WINDOWS\system32\rsaenh.dll
0x00007ff92fcc0000 - 0x00007ff92fce6000 	C:\WINDOWS\System32\bcrypt.dll
0x00007ff92fa60000 - 0x00007ff92fa88000 	C:\WINDOWS\SYSTEM32\USERENV.dll
0x00007ff92f550000 - 0x00007ff92f55c000 	C:\WINDOWS\SYSTEM32\CRYPTBASE.dll
0x000000005a100000 - 0x000000005a11a000 	C:\Program Files\Java\jdk1.8.0_171\jre\bin\net.dll
0x00007ff92f380000 - 0x00007ff92f3e7000 	C:\WINDOWS\system32\mswsock.dll
0x00007ff92f0e0000 - 0x00007ff92f11d000 	C:\WINDOWS\SYSTEM32\IPHLPAPI.DLL
0x00007ff9322e0000 - 0x00007ff9322e8000 	C:\WINDOWS\System32\NSI.dll
0x00007ff923940000 - 0x00007ff923956000 	C:\WINDOWS\SYSTEM32\dhcpcsvc6.DLL
0x00007ff923cf0000 - 0x00007ff923d0c000 	C:\WINDOWS\SYSTEM32\dhcpcsvc.DLL
0x00007ff92f120000 - 0x00007ff92f1e6000 	C:\WINDOWS\SYSTEM32\DNSAPI.dll
0x000000005a0e0000 - 0x000000005a0f1000 	C:\Program Files\Java\jdk1.8.0_171\jre\bin\nio.dll
0x00007ff9201b0000 - 0x00007ff9201d9000 	C:\Users\XNOTE\.vscode\extensions\redhat.java-0.43.0\server\config_win\org.eclipse.equinox.launcher\org.eclipse.equinox.launcher.win32.win32.x86_64_1.1.1000.v20190125-2016\eclipse_1801.dll
0x00007ff927550000 - 0x00007ff927561000 	C:\Users\XNOTE\.vscode\extensions\redhat.java-0.43.0\server\config_win\org.eclipse.osgi\20\0\.cp\jWinHttp-1.0.0.dll
0x00007ff9324e0000 - 0x00007ff932635000 	C:\WINDOWS\System32\ole32.dll
0x00007ff924560000 - 0x00007ff924651000 	C:\WINDOWS\SYSTEM32\WINHTTP.dll

VM Arguments:
jvm_args: -Declipse.application=org.eclipse.jdt.ls.core.id1 -Dosgi.bundles.defaultStartLevel=4 -Declipse.product=org.eclipse.jdt.ls.core.product -Dfile.encoding=utf8 -DwatchParentProcess=false -Xverify:none -Xmx1G -XX:+UseG1GC -XX:+UseStringDeduplication 
java_command: C:\Users\XNOTE\.vscode\extensions\redhat.java-0.43.0\server\plugins\org.eclipse.equinox.launcher_1.5.300.v20190213-1655.jar -configuration C:\Users\XNOTE\.vscode\extensions\redhat.java-0.43.0\server\config_win -data c:\Users\XNOTE\AppData\Roaming\Code\User\workspaceStorage\0bdfaac4224be0d618bdcf963b857abf\redhat.java\jdt_ws
java_class_path (initial): C:\Users\XNOTE\.vscode\extensions\redhat.java-0.43.0\server\plugins\org.eclipse.equinox.launcher_1.5.300.v20190213-1655.jar
Launcher Type: SUN_STANDARD

Environment Variables:
PATH=C:\Program Files (x86)\Common Files\Oracle\Java\javapath;C:\ProgramData\Oracle\Java\javapath;C:\python27;C:\WINDOWS\system32;C:\WINDOWS;C:\WINDOWS\System32\Wbem;C:\WINDOWS\System32\WindowsPowerShell\v1.0\;C:\Program Files (x86)\Windows Live\Shared;C:\WINDOWS\System32\OpenSSH\;C:\Program Files\PuTTY\;C:\Program Files\Microsoft VS Code\bin;C:\Program Files\Git\cmd;C:\Program Files\Java\jdk1.8.0_171\bin;%USERPROFILE%\AppData\Local\Microsoft\WindowsApps;
USERNAME=¹Î¿ì
OS=Windows_NT
PROCESSOR_IDENTIFIER=Intel64 Family 6 Model 58 Stepping 9, GenuineIntel



---------------  S Y S T E M  ---------------

OS: Windows 10.0 , 64 bit Build 17763 (10.0.17763.379)

CPU:total 4 (initial active 4) (2 cores per cpu, 2 threads per core) family 6 model 58 stepping 9, cmov, cx8, fxsr, mmx, sse, sse2, sse3, ssse3, sse4.1, sse4.2, popcnt, avx, clmul, erms, ht, tsc, tscinvbit, tscinv

Memory: 4k page, physical 4024712k(725708k free), swap 5445000k(4156k free)

vm_info: Java HotSpot(TM) 64-Bit Server VM (25.171-b11) for windows-amd64 JRE (1.8.0_171-b11), built on Mar 28 2018 16:06:12 by "java_re" with MS VC++ 10.0 (VS2010)

time: Thu May 02 02:45:38 2019
elapsed time: 727 seconds (0d 0h 12m 7s)

