#
# There is insufficient memory for the Java Runtime Environment to continue.
# Native memory allocation (mmap) failed to map 65011712 bytes for Failed to commit area from 0x00000000c3e00000 to 0x00000000c7c00000 of length 65011712.
# Possible reasons:
#   The system is out of physical RAM or swap space
#   In 32 bit mode, the process size limit was hit
# Possible solutions:
#   Reduce memory load on the system
#   Increase physical memory or swap space
#   Check if swap backing store is full
#   Use 64 bit Java on a 64 bit OS
#   Decrease Java heap size (-Xmx/-Xms)
#   Decrease number of Java threads
#   Decrease Java thread stack sizes (-Xss)
#   Set larger code cache with -XX:ReservedCodeCacheSize=
# This output file may be truncated or incomplete.
#
#  Out of Memory Error (os_windows.cpp:3331), pid=7420, tid=0x0000000000000fbc
#
# JRE version: Java(TM) SE Runtime Environment (8.0_171-b11) (build 1.8.0_171-b11)
# Java VM: Java HotSpot(TM) 64-Bit Server VM (25.171-b11 mixed mode windows-amd64 compressed oops)
# Failed to write core dump. Minidumps are not enabled by default on client versions of Windows
#

---------------  T H R E A D  ---------------

Current thread (0x0000000018fa5000):  VMThread [stack: 0x0000000018d40000,0x0000000018e40000] [id=4028]

Stack: [0x0000000018d40000,0x0000000018e40000]
[error occurred during error reporting (printing stack bounds), id 0xc0000005]

Native frames: (J=compiled Java code, j=interpreted, Vv=VM code, C=native code)

VM_Operation (0x00000000218ce030): G1IncCollectionPause, mode: safepoint, requested by thread 0x000000001fb95000


---------------  P R O C E S S  ---------------

Java Threads: ( => current thread )
  0x000000001fb95000 JavaThread "ForkJoinPool.commonPool-worker-3" daemon [_thread_blocked, id=11868, stack(0x00000000217d0000,0x00000000218d0000)]
  0x000000001fb97000 JavaThread "ForkJoinPool.commonPool-worker-2" daemon [_thread_blocked, id=13636, stack(0x00000000216d0000,0x00000000217d0000)]
  0x000000001fb98000 JavaThread "ForkJoinPool.commonPool-worker-1" daemon [_thread_blocked, id=6248, stack(0x00000000215d0000,0x00000000216d0000)]
  0x000000001fb92800 JavaThread "Worker-4" [_thread_blocked, id=12652, stack(0x00000000212d0000,0x00000000213d0000)]
  0x000000001ad19800 JavaThread "Worker-3" [_thread_blocked, id=11416, stack(0x000000001f220000,0x000000001f320000)]
  0x000000001e93e800 JavaThread "pool-1-thread-1" [_thread_blocked, id=5880, stack(0x000000001f120000,0x000000001f220000)]
  0x000000001ae5e800 JavaThread "Bundle File Closer" daemon [_thread_blocked, id=13420, stack(0x000000001c880000,0x000000001c980000)]
  0x000000001af60800 JavaThread "Worker-2" [_thread_blocked, id=14400, stack(0x000000001c780000,0x000000001c880000)]
  0x000000001af5f800 JavaThread "Java indexing" daemon [_thread_blocked, id=4400, stack(0x000000001c680000,0x000000001c780000)]
  0x000000001ad2d000 JavaThread "Worker-1" [_thread_blocked, id=17912, stack(0x000000001c180000,0x000000001c280000)]
  0x000000001ac86000 JavaThread "Worker-0" [_thread_blocked, id=7208, stack(0x000000001c080000,0x000000001c180000)]
  0x000000001abb0000 JavaThread "Worker-JM" [_thread_blocked, id=14268, stack(0x000000001bc80000,0x000000001bd80000)]
  0x000000001a04f000 JavaThread "Start Level: Equinox Container: a5c4c41d-115c-4395-bd70-89a27bc5208a" daemon [_thread_blocked, id=15648, stack(0x000000001b6f0000,0x000000001b7f0000)]
  0x000000001a1c2800 JavaThread "Framework Event Dispatcher: Equinox Container: a5c4c41d-115c-4395-bd70-89a27bc5208a" daemon [_thread_blocked, id=6256, stack(0x000000001b5f0000,0x000000001b6f0000)]
  0x000000001a011000 JavaThread "Active Thread: Equinox Container: a5c4c41d-115c-4395-bd70-89a27bc5208a" [_thread_blocked, id=17600, stack(0x000000001b4f0000,0x000000001b5f0000)]
  0x00000000190e3000 JavaThread "Service Thread" daemon [_thread_blocked, id=10956, stack(0x0000000019b20000,0x0000000019c20000)]
  0x0000000019059800 JavaThread "C1 CompilerThread2" daemon [_thread_blocked, id=5972, stack(0x0000000019a20000,0x0000000019b20000)]
  0x0000000019057000 JavaThread "C2 CompilerThread1" daemon [_thread_blocked, id=9108, stack(0x0000000019920000,0x0000000019a20000)]
  0x0000000019052000 JavaThread "C2 CompilerThread0" daemon [_thread_blocked, id=14684, stack(0x0000000019820000,0x0000000019920000)]
  0x000000001903b000 JavaThread "Attach Listener" daemon [_thread_blocked, id=15436, stack(0x0000000019720000,0x0000000019820000)]
  0x000000001903a800 JavaThread "Signal Dispatcher" daemon [_thread_blocked, id=9620, stack(0x0000000019620000,0x0000000019720000)]
  0x0000000019038800 JavaThread "Surrogate Locker Thread (Concurrent GC)" daemon [_thread_blocked, id=11628, stack(0x0000000019520000,0x0000000019620000)]
  0x0000000018fb1800 JavaThread "Finalizer" daemon [_thread_blocked, id=2732, stack(0x0000000019420000,0x0000000019520000)]
  0x0000000018fa8800 JavaThread "Reference Handler" daemon [_thread_blocked, id=4160, stack(0x0000000019320000,0x0000000019420000)]
  0x00000000031de000 JavaThread "main" [_thread_blocked, id=3700, stack(0x0000000003010000,0x0000000003110000)]

Other Threads:
=>0x0000000018fa5000 VMThread [stack: 0x0000000018d40000,0x0000000018e40000] [id=4028]
  0x00000000190f4000 WatcherThread [stack: 0x0000000019c20000,0x0000000019d20000] [id=12916]

VM state:at safepoint (normal execution)

VM Mutex/Monitor currently owned by a thread:  ([mutex/lock_event])
[0x00000000031e1ed0] Threads_lock - owner thread: 0x0000000018fa5000
[0x00000000031e0850] Heap_lock - owner thread: 0x000000001fb95000

Heap:
 garbage-first heap   total 126976K, used 48640K [0x00000000c0000000, 0x00000000c01003e0, 0x0000000100000000)
  region size 1024K, 1 young (1024K), 1 survivors (1024K)
 Metaspace       used 48208K, capacity 51116K, committed 51456K, reserved 1095680K
  class space    used 4994K, capacity 5792K, committed 5888K, reserved 1048576K

Heap Regions: (Y=young(eden), SU=young(survivor), HS=humongous(starts), HC=humongous(continues), CS=collection set, F=free, TS=gc time stamp, PTAMS=previous top-at-mark-start, NTAMS=next top-at-mark-start)
AC   0  O    TS     0 PTAMS 0x00000000c0100000 NTAMS 0x00000000c0100000 space 1024K, 100% used [0x00000000c0000000, 0x00000000c0100000)
AC   0  O    TS     0 PTAMS 0x00000000c0200000 NTAMS 0x00000000c0200000 space 1024K, 100% used [0x00000000c0100000, 0x00000000c0200000)
AC   0  O    TS     0 PTAMS 0x00000000c0300000 NTAMS 0x00000000c0300000 space 1024K, 100% used [0x00000000c0200000, 0x00000000c0300000)
AC   0  O    TS     5 PTAMS 0x00000000c0300000 NTAMS 0x00000000c0400000 space 1024K, 100% used [0x00000000c0300000, 0x00000000c0400000)
AC   0  O    TS     0 PTAMS 0x00000000c0500000 NTAMS 0x00000000c0500000 space 1024K, 100% used [0x00000000c0400000, 0x00000000c0500000)
AC   0  O    TS     0 PTAMS 0x00000000c0600000 NTAMS 0x00000000c0600000 space 1024K, 100% used [0x00000000c0500000, 0x00000000c0600000)
AC   0  O    TS     0 PTAMS 0x00000000c0700000 NTAMS 0x00000000c0700000 space 1024K, 100% used [0x00000000c0600000, 0x00000000c0700000)
AC   0  O    TS     0 PTAMS 0x00000000c0800000 NTAMS 0x00000000c0800000 space 1024K, 100% used [0x00000000c0700000, 0x00000000c0800000)
AC   0  O    TS     5 PTAMS 0x00000000c0800000 NTAMS 0x00000000c0900000 space 1024K, 100% used [0x00000000c0800000, 0x00000000c0900000)
AC   0  O    TS     0 PTAMS 0x00000000c0a00000 NTAMS 0x00000000c0a00000 space 1024K, 100% used [0x00000000c0900000, 0x00000000c0a00000)
AC   0  O    TS     0 PTAMS 0x00000000c0b00000 NTAMS 0x00000000c0b00000 space 1024K, 100% used [0x00000000c0a00000, 0x00000000c0b00000)
AC   0  O    TS     0 PTAMS 0x00000000c0c00000 NTAMS 0x00000000c0c00000 space 1024K, 100% used [0x00000000c0b00000, 0x00000000c0c00000)
AC   0  O    TS     0 PTAMS 0x00000000c0d00000 NTAMS 0x00000000c0d00000 space 1024K, 100% used [0x00000000c0c00000, 0x00000000c0d00000)
AC   0  O    TS     0 PTAMS 0x00000000c0e00000 NTAMS 0x00000000c0e00000 space 1024K, 100% used [0x00000000c0d00000, 0x00000000c0e00000)
AC   0  O    TS     0 PTAMS 0x00000000c0f00000 NTAMS 0x00000000c0f00000 space 1024K, 100% used [0x00000000c0e00000, 0x00000000c0f00000)
AC   0  O    TS     0 PTAMS 0x00000000c1000000 NTAMS 0x00000000c1000000 space 1024K, 100% used [0x00000000c0f00000, 0x00000000c1000000)
AC   0  O    TS     7 PTAMS 0x00000000c1000000 NTAMS 0x00000000c1100000 space 1024K, 100% used [0x00000000c1000000, 0x00000000c1100000)
AC   0  O    TS     0 PTAMS 0x00000000c1200000 NTAMS 0x00000000c1200000 space 1024K, 100% used [0x00000000c1100000, 0x00000000c1200000)
AC   0  O    TS     0 PTAMS 0x00000000c1300000 NTAMS 0x00000000c1300000 space 1024K, 100% used [0x00000000c1200000, 0x00000000c1300000)
AC   0  O    TS     0 PTAMS 0x00000000c1400000 NTAMS 0x00000000c1400000 space 1024K, 100% used [0x00000000c1300000, 0x00000000c1400000)
AC   0  O    TS     0 PTAMS 0x00000000c1500000 NTAMS 0x00000000c1500000 space 1024K, 100% used [0x00000000c1400000, 0x00000000c1500000)
AC   0  O    TS     0 PTAMS 0x00000000c1600000 NTAMS 0x00000000c1600000 space 1024K, 100% used [0x00000000c1500000, 0x00000000c1600000)
AC   0  O    TS     0 PTAMS 0x00000000c1700000 NTAMS 0x00000000c1700000 space 1024K, 100% used [0x00000000c1600000, 0x00000000c1700000)
AC   0  O    TS     5 PTAMS 0x00000000c1700000 NTAMS 0x00000000c1800000 space 1024K, 100% used [0x00000000c1700000, 0x00000000c1800000)
AC   0  O    TS     0 PTAMS 0x00000000c1900000 NTAMS 0x00000000c1900000 space 1024K, 100% used [0x00000000c1800000, 0x00000000c1900000)
AC   0  O    TS     0 PTAMS 0x00000000c1a00000 NTAMS 0x00000000c1a00000 space 1024K, 100% used [0x00000000c1900000, 0x00000000c1a00000)
AC   0  O    TS     5 PTAMS 0x00000000c1a00000 NTAMS 0x00000000c1b00000 space 1024K, 100% used [0x00000000c1a00000, 0x00000000c1b00000)
AC   0  O    TS     7 PTAMS 0x00000000c1b00000 NTAMS 0x00000000c1c00000 space 1024K, 100% used [0x00000000c1b00000, 0x00000000c1c00000)
AC   0  O    TS     9 PTAMS 0x00000000c1c00000 NTAMS 0x00000000c1d00000 space 1024K, 100% used [0x00000000c1c00000, 0x00000000c1d00000)
AC   0  O    TS     5 PTAMS 0x00000000c1d00000 NTAMS 0x00000000c1e00000 space 1024K, 100% used [0x00000000c1d00000, 0x00000000c1e00000)
AC   0  O    TS     0 PTAMS 0x00000000c1f00000 NTAMS 0x00000000c1f00000 space 1024K, 100% used [0x00000000c1e00000, 0x00000000c1f00000)
AC   0  O    TS     0 PTAMS 0x00000000c2000000 NTAMS 0x00000000c2000000 space 1024K, 100% used [0x00000000c1f00000, 0x00000000c2000000)
AC   0 HS    TS     0 PTAMS 0x00000000c2080010 NTAMS 0x00000000c2080010 space 1024K,  50% used [0x00000000c2000000, 0x00000000c2100000)
AC   0  O    TS     0 PTAMS 0x00000000c2200000 NTAMS 0x00000000c2200000 space 1024K, 100% used [0x00000000c2100000, 0x00000000c2200000)
AC   0  O    TS     0 PTAMS 0x00000000c2300000 NTAMS 0x00000000c2300000 space 1024K, 100% used [0x00000000c2200000, 0x00000000c2300000)
AC   0  O    TS     0 PTAMS 0x00000000c2400000 NTAMS 0x00000000c2400000 space 1024K, 100% used [0x00000000c2300000, 0x00000000c2400000)
AC   0  O    TS     0 PTAMS 0x00000000c2500000 NTAMS 0x00000000c2500000 space 1024K, 100% used [0x00000000c2400000, 0x00000000c2500000)
AC   0  O    TS     7 PTAMS 0x00000000c2500000 NTAMS 0x00000000c2600000 space 1024K, 100% used [0x00000000c2500000, 0x00000000c2600000)
AC   0  O    TS     0 PTAMS 0x00000000c2700000 NTAMS 0x00000000c2700000 space 1024K, 100% used [0x00000000c2600000, 0x00000000c2700000)
AC   0  O    TS     0 PTAMS 0x00000000c2700000 NTAMS 0x00000000c2800000 space 1024K, 100% used [0x00000000c2700000, 0x00000000c2800000)
AC   0  O    TS     0 PTAMS 0x00000000c2800000 NTAMS 0x00000000c2900000 space 1024K, 100% used [0x00000000c2800000, 0x00000000c2900000)
AC   0  O    TS     3 PTAMS 0x00000000c2900000 NTAMS 0x00000000c2a00000 space 1024K, 100% used [0x00000000c2900000, 0x00000000c2a00000)
AC   0  O    TS     9 PTAMS 0x00000000c2a00000 NTAMS 0x00000000c2b00000 space 1024K, 100% used [0x00000000c2a00000, 0x00000000c2b00000)
AC   0  O    TS     0 PTAMS 0x00000000c2c00000 NTAMS 0x00000000c2c00000 space 1024K, 100% used [0x00000000c2b00000, 0x00000000c2c00000)
AC   0  F    TS     0 PTAMS 0x00000000c2c00000 NTAMS 0x00000000c2c00000 space 1024K,   0% used [0x00000000c2c00000, 0x00000000c2d00000)
AC   0  F    TS     0 PTAMS 0x00000000c2d00000 NTAMS 0x00000000c2d00000 space 1024K,   0% used [0x00000000c2d00000, 0x00000000c2e00000)
AC   0  F    TS     0 PTAMS 0x00000000c2e00000 NTAMS 0x00000000c2e00000 space 1024K,   0% used [0x00000000c2e00000, 0x00000000c2f00000)
AC   0  F    TS     0 PTAMS 0x00000000c2f00000 NTAMS 0x00000000c2f00000 space 1024K,   0% used [0x00000000c2f00000, 0x00000000c3000000)
AC   0  F    TS     0 PTAMS 0x00000000c3000000 NTAMS 0x00000000c3000000 space 1024K,   0% used [0x00000000c3000000, 0x00000000c3100000)
AC   0  F    TS     0 PTAMS 0x00000000c3100000 NTAMS 0x00000000c3100000 space 1024K,   0% used [0x00000000c3100000, 0x00000000c3200000)
AC   0  O    TS     0 PTAMS 0x00000000c3200000 NTAMS 0x00000000c3300000 space 1024K, 100% used [0x00000000c3200000, 0x00000000c3300000)
AC   0  O    TS     3 PTAMS 0x00000000c3300000 NTAMS 0x00000000c3400000 space 1024K, 100% used [0x00000000c3300000, 0x00000000c3400000)
AC   0  O    TS     5 PTAMS 0x00000000c3400000 NTAMS 0x00000000c3500000 space 1024K, 100% used [0x00000000c3400000, 0x00000000c3500000)
AC   0  F    TS     0 PTAMS 0x00000000c3500000 NTAMS 0x00000000c3500000 space 1024K,   0% used [0x00000000c3500000, 0x00000000c3600000)
AC   0  F    TS     0 PTAMS 0x00000000c3600000 NTAMS 0x00000000c3600000 space 1024K,   0% used [0x00000000c3600000, 0x00000000c3700000)
AC   0  F    TS     0 PTAMS 0x00000000c3700000 NTAMS 0x00000000c3700000 space 1024K,   0% used [0x00000000c3700000, 0x00000000c3800000)
AC   0  S CS TS     9 PTAMS 0x00000000c3800000 NTAMS 0x00000000c3800000 space 1024K, 100% used [0x00000000c3800000, 0x00000000c3900000)
AC   0  F    TS     0 PTAMS 0x00000000c3900000 NTAMS 0x00000000c3900000 space 1024K,   0% used [0x00000000c3900000, 0x00000000c3a00000)
AC   0  F    TS     5 PTAMS 0x00000000c3a00000 NTAMS 0x00000000c3a00000 space 1024K,   0% used [0x00000000c3a00000, 0x00000000c3b00000)
AC   0  F    TS     7 PTAMS 0x00000000c3b00000 NTAMS 0x00000000c3b00000 space 1024K,   0% used [0x00000000c3b00000, 0x00000000c3c00000)
AC   0  F    TS     0 PTAMS 0x00000000c3c00000 NTAMS 0x00000000c3c00000 space 1024K,   0% used [0x00000000c3c00000, 0x00000000c3d00000)
AC   0  F    TS     0 PTAMS 0x00000000c3d00000 NTAMS 0x00000000c3d00000 space 1024K,   0% used [0x00000000c3d00000, 0x00000000c3e00000)

Card table byte_map: [0x00000000137e0000,0x00000000139e0000] byte_map_base: 0x00000000131e0000

Marking Bits (Prev, Next): (CMBitMap*) 0x0000000003219330, (CMBitMap*) 0x00000000032192d8
 Prev Bits: [0x0000000014be0000, 0x0000000015be0000)
 Next Bits: [0x0000000013be0000, 0x0000000014be0000)

Polling page: 0x0000000001370000

CodeCache: size=245760Kb used=18350Kb max_used=18363Kb free=227409Kb
 bounds [0x00000000032e0000, 0x00000000044f0000, 0x00000000122e0000]
 total_blobs=5902 nmethods=5329 adapters=481
 compilation: enabled

Compilation events (10 events):
Event: 20.342 Thread 0x0000000019059800 nmethod 6262 0x0000000004494790 code [0x00000000044948e0, 0x0000000004494a70]
Event: 20.342 Thread 0x0000000019059800 6263       2       java.net.URI::toString (9 bytes)
Event: 20.342 Thread 0x0000000019059800 nmethod 6263 0x0000000004494410 code [0x0000000004494580, 0x0000000004494708]
Event: 20.342 Thread 0x0000000019059800 6264       2       java.net.URI::defineString (289 bytes)
Event: 20.347 Thread 0x0000000019059800 nmethod 6264 0x000000000448ea50 code [0x000000000448ee40, 0x0000000004492528]
Event: 20.347 Thread 0x0000000019059800 6270       3       java.lang.String::replace (127 bytes)
Event: 20.348 Thread 0x0000000019059800 nmethod 6270 0x00000000044e2190 code [0x00000000044e2340, 0x00000000044e2a30]
Event: 20.348 Thread 0x0000000019059800 6267       2       java.util.regex.Pattern::group0 (994 bytes)
Event: 20.348 Thread 0x0000000019052000 nmethod 6140 0x00000000044e2dd0 code [0x00000000044e2f20, 0x00000000044e3378]
Event: 20.348 Thread 0x0000000019052000 5818       4       org.eclipse.jdt.internal.core.index.DiskIndex::readStreamChars (485 bytes)

GC Heap History (10 events):
Event: 19.970 GC heap after
Heap after GC invocations=32 (full 0):
 garbage-first heap   total 63488K, used 53006K [0x00000000c0000000, 0x00000000c01001f0, 0x0000000100000000)
  region size 1024K, 1 young (1024K), 1 survivors (1024K)
 Metaspace       used 48054K, capacity 50988K, committed 51200K, reserved 1095680K
  class space    used 4985K, capacity 5792K, committed 5888K, reserved 1048576K
}
Event: 20.024 GC heap before
{Heap before GC invocations=33 (full 0):
 garbage-first heap   total 63488K, used 54030K [0x00000000c0000000, 0x00000000c01001f0, 0x0000000100000000)
  region size 1024K, 3 young (3072K), 1 survivors (1024K)
 Metaspace       used 48057K, capacity 50988K, committed 51200K, reserved 1095680K
  class space    used 4985K, capacity 5792K, committed 5888K, reserved 1048576K
Event: 20.028 GC heap after
Heap after GC invocations=34 (full 0):
 garbage-first heap   total 63488K, used 52156K [0x00000000c0000000, 0x00000000c01001f0, 0x0000000100000000)
  region size 1024K, 1 young (1024K), 1 survivors (1024K)
 Metaspace       used 48057K, capacity 50988K, committed 51200K, reserved 1095680K
  class space    used 4985K, capacity 5792K, committed 5888K, reserved 1048576K
}
Event: 20.077 GC heap before
{Heap before GC invocations=34 (full 0):
 garbage-first heap   total 63488K, used 54204K [0x00000000c0000000, 0x00000000c01001f0, 0x0000000100000000)
  region size 1024K, 3 young (3072K), 1 survivors (1024K)
 Metaspace       used 48076K, capacity 50988K, committed 51200K, reserved 1095680K
  class space    used 4985K, capacity 5792K, committed 5888K, reserved 1048576K
Event: 20.084 GC heap after
Heap after GC invocations=35 (full 0):
 garbage-first heap   total 63488K, used 46647K [0x00000000c0000000, 0x00000000c01001f0, 0x0000000100000000)
  region size 1024K, 1 young (1024K), 1 survivors (1024K)
 Metaspace       used 48076K, capacity 50988K, committed 51200K, reserved 1095680K
  class space    used 4985K, capacity 5792K, committed 5888K, reserved 1048576K
}
Event: 20.191 GC heap before
{Heap before GC invocations=35 (full 0):
 garbage-first heap   total 63488K, used 48695K [0x00000000c0000000, 0x00000000c01001f0, 0x0000000100000000)
  region size 1024K, 3 young (3072K), 1 survivors (1024K)
 Metaspace       used 48155K, capacity 51052K, committed 51200K, reserved 1095680K
  class space    used 4993K, capacity 5792K, committed 5888K, reserved 1048576K
Event: 20.203 GC heap after
Heap after GC invocations=36 (full 0):
 garbage-first heap   total 63488K, used 46126K [0x00000000c0000000, 0x00000000c01001f0, 0x0000000100000000)
  region size 1024K, 1 young (1024K), 1 survivors (1024K)
 Metaspace       used 48155K, capacity 51052K, committed 51200K, reserved 1095680K
  class space    used 4993K, capacity 5792K, committed 5888K, reserved 1048576K
}
Event: 20.254 GC heap before
{Heap before GC invocations=36 (full 0):
 garbage-first heap   total 63488K, used 48174K [0x00000000c0000000, 0x00000000c01001f0, 0x0000000100000000)
  region size 1024K, 3 young (3072K), 1 survivors (1024K)
 Metaspace       used 48163K, capacity 51052K, committed 51200K, reserved 1095680K
  class space    used 4994K, capacity 5792K, committed 5888K, reserved 1048576K
Event: 20.266 GC heap after
Heap after GC invocations=37 (full 0):
 garbage-first heap   total 63488K, used 47067K [0x00000000c0000000, 0x00000000c01001f0, 0x0000000100000000)
  region size 1024K, 1 young (1024K), 1 survivors (1024K)
 Metaspace       used 48163K, capacity 51052K, committed 51200K, reserved 1095680K
  class space    used 4994K, capacity 5792K, committed 5888K, reserved 1048576K
}
Event: 20.353 GC heap before
{Heap before GC invocations=37 (full 0):
 garbage-first heap   total 63488K, used 50139K [0x00000000c0000000, 0x00000000c01001f0, 0x0000000100000000)
  region size 1024K, 5 young (5120K), 1 survivors (1024K)
 Metaspace       used 48208K, capacity 51116K, committed 51456K, reserved 1095680K
  class space    used 4994K, capacity 5792K, committed 5888K, reserved 1048576K

Deoptimization events (10 events):
Event: 18.802 Thread 0x000000001fb98000 Uncommon trap: reason=class_check action=maybe_recompile pc=0x0000000003a1cf80 method=java.util.concurrent.ConcurrentHashMap.putVal(Ljava/lang/Object;Ljava/lang/Object;Z)Ljava/lang/Object; @ 192
Event: 18.803 Thread 0x000000001fb98000 Uncommon trap: reason=class_check action=maybe_recompile pc=0x000000000387fd10 method=java.util.AbstractList$Itr.hasNext()Z @ 8
Event: 18.803 Thread 0x000000001fb98000 Uncommon trap: reason=class_check action=maybe_recompile pc=0x000000000387fd10 method=java.util.AbstractList$Itr.hasNext()Z @ 8
Event: 18.945 Thread 0x000000001fb97000 Uncommon trap: reason=class_check action=maybe_recompile pc=0x0000000004330940 method=org.eclipse.jdt.internal.compiler.parser.Parser.consumeRule(I)V @ 5061
Event: 18.996 Thread 0x000000001fb95000 Uncommon trap: reason=class_check action=maybe_recompile pc=0x0000000004330940 method=org.eclipse.jdt.internal.compiler.parser.Parser.consumeRule(I)V @ 5061
Event: 19.447 Thread 0x000000001fb98000 Uncommon trap: reason=unstable_if action=reinterpret pc=0x00000000041555c8 method=java.util.regex.Pattern.closure(Ljava/util/regex/Pattern$Node;)Ljava/util/regex/Pattern$Node; @ 113
Event: 20.088 Thread 0x000000001fb95000 Uncommon trap: reason=unstable_if action=reinterpret pc=0x00000000042894e4 method=org.eclipse.jdt.internal.compiler.util.Util.scanIdentifier([CI)I @ 47
Event: 20.094 Thread 0x000000001fb95000 Uncommon trap: reason=unloaded action=reinterpret pc=0x0000000003a39584 method=java.util.zip.ZipEntry.setExtra0([BZ)V @ 37
Event: 20.129 Thread 0x000000001fb95000 Uncommon trap: reason=unstable_if action=reinterpret pc=0x0000000004326b30 method=org.eclipse.jdt.internal.compiler.parser.Scanner.getNextToken0()I @ 2532
Event: 20.213 Thread 0x000000001fb95000 Uncommon trap: reason=unstable_if action=reinterpret pc=0x00000000035a4dcc method=java.lang.String.replace(CC)Ljava/lang/String; @ 2

Classes redefined (0 events):
No events

Internal exceptions (10 events):
Event: 19.171 Thread 0x000000001fb95000 Exception <a 'java/lang/ClassCastException'> (0x00000000c3d832e0) thrown at [C:\re\workspace\8-2-build-windows-amd64-cygwin\jdk8u171\10807\hotspot\src\share\vm\runtime\sharedRuntime.cpp, line 605]
Event: 19.171 Thread 0x000000001fb95000 Exception <a 'java/lang/ClassCastException'> (0x00000000c3d83620) thrown at [C:\re\workspace\8-2-build-windows-amd64-cygwin\jdk8u171\10807\hotspot\src\share\vm\runtime\sharedRuntime.cpp, line 605]
Event: 19.171 Thread 0x000000001fb95000 Exception <a 'java/lang/ClassCastException'> (0x00000000c3d83960) thrown at [C:\re\workspace\8-2-build-windows-amd64-cygwin\jdk8u171\10807\hotspot\src\share\vm\runtime\sharedRuntime.cpp, line 605]
Event: 19.171 Thread 0x000000001fb95000 Exception <a 'java/lang/ClassCastException'> (0x00000000c3d83ca0) thrown at [C:\re\workspace\8-2-build-windows-amd64-cygwin\jdk8u171\10807\hotspot\src\share\vm\runtime\sharedRuntime.cpp, line 605]
Event: 19.172 Thread 0x000000001fb95000 Exception <a 'java/lang/ClassCastException'> (0x00000000c3d83fe0) thrown at [C:\re\workspace\8-2-build-windows-amd64-cygwin\jdk8u171\10807\hotspot\src\share\vm\runtime\sharedRuntime.cpp, line 605]
Event: 19.872 Thread 0x000000001fb98000 Exception <a 'java/lang/NoSuchMethodError': java.lang.Object.lambda$and$0(Ljava/util/function/Predicate;Ljava/lang/Object;)Z> (0x00000000c3c39868) thrown at [C:\re\workspace\8-2-build-windows-amd64-cygwin\jdk8u171\10807\hotspot\src\share\vm\interpreter\li
Event: 19.884 Thread 0x000000001fb98000 Exception <a 'java/lang/NoSuchMethodError': java.lang.Object.lambda$or$2(Ljava/util/function/Predicate;Ljava/lang/Object;)Z> (0x00000000c3c70800) thrown at [C:\re\workspace\8-2-build-windows-amd64-cygwin\jdk8u171\10807\hotspot\src\share\vm\interpreter\lin
Event: 20.130 Thread 0x000000001fb95000 Exception <a 'java/lang/ArrayIndexOutOfBoundsException': 7016> (0x00000000c3dcc008) thrown at [C:\re\workspace\8-2-build-windows-amd64-cygwin\jdk8u171\10807\hotspot\src\share\vm\interpreter\interpreterRuntime.cpp, line 366]
Event: 20.191 Thread 0x000000001fb95000 Exception <a 'java/lang/ArrayIndexOutOfBoundsException'> (0x00000000c3cef3a0) thrown at [C:\re\workspace\8-2-build-windows-amd64-cygwin\jdk8u171\10807\hotspot\src\share\vm\runtime\sharedRuntime.cpp, line 605]
Event: 20.318 Thread 0x000000001fb95000 Exception <a 'java/lang/ArrayIndexOutOfBoundsException'> (0x00000000c3c88648) thrown at [C:\re\workspace\8-2-build-windows-amd64-cygwin\jdk8u171\10807\hotspot\src\share\vm\runtime\sharedRuntime.cpp, line 605]

Events (10 events):
Event: 20.213 Thread 0x000000001fb95000 DEOPT UNPACKING pc=0x000000000332583b sp=0x00000000218cde28 mode 2
Event: 20.254 Executing VM operation: G1IncCollectionPause
Event: 20.266 Executing VM operation: G1IncCollectionPause done
Event: 20.297 Thread 0x000000001fb95000 DEOPT PACKING pc=0x0000000004261e9b sp=0x00000000218ce0c0
Event: 20.297 Thread 0x000000001fb95000 DEOPT UNPACKING pc=0x0000000003327890 sp=0x00000000218cde40 mode 0
Event: 20.326 Thread 0x000000001fb95000 DEOPT PACKING pc=0x000000000410e068 sp=0x00000000218cd9c0
Event: 20.326 Thread 0x000000001fb95000 DEOPT UNPACKING pc=0x0000000003327890 sp=0x00000000218cd7c0 mode 0
Event: 20.346 Thread 0x000000001fb95000 DEOPT PACKING pc=0x0000000003dee571 sp=0x00000000218ce8b0
Event: 20.346 Thread 0x000000001fb95000 DEOPT UNPACKING pc=0x0000000003327890 sp=0x00000000218ce5c0 mode 0
Event: 20.353 Executing VM operation: G1IncCollectionPause


Dynamic libraries:
0x00007ff725010000 - 0x00007ff725047000 	C:\Program Files\Java\jdk1.8.0_171\bin\java.exe
0x00007ff933b60000 - 0x00007ff933d4d000 	C:\WINDOWS\SYSTEM32\ntdll.dll
0x00007ff932220000 - 0x00007ff9322d3000 	C:\WINDOWS\System32\KERNEL32.DLL
0x00007ff930100000 - 0x00007ff930393000 	C:\WINDOWS\System32\KERNELBASE.dll
0x00007ff930d90000 - 0x00007ff930e33000 	C:\WINDOWS\System32\ADVAPI32.dll
0x00007ff9319d0000 - 0x00007ff931a6e000 	C:\WINDOWS\System32\msvcrt.dll
0x00007ff931f10000 - 0x00007ff931fae000 	C:\WINDOWS\System32\sechost.dll
0x00007ff931fc0000 - 0x00007ff9320e2000 	C:\WINDOWS\System32\RPCRT4.dll
0x00007ff931d70000 - 0x00007ff931f07000 	C:\WINDOWS\System32\USER32.dll
0x00007ff92fc50000 - 0x00007ff92fc70000 	C:\WINDOWS\System32\win32u.dll
0x00007ff9322f0000 - 0x00007ff932319000 	C:\WINDOWS\System32\GDI32.dll
0x00007ff9303a0000 - 0x00007ff93053a000 	C:\WINDOWS\System32\gdi32full.dll
0x00007ff92fe80000 - 0x00007ff92ff20000 	C:\WINDOWS\System32\msvcp_win.dll
0x00007ff930540000 - 0x00007ff93063a000 	C:\WINDOWS\System32\ucrtbase.dll
0x00007ff924040000 - 0x00007ff9242b9000 	C:\WINDOWS\WinSxS\amd64_microsoft.windows.common-controls_6595b64144ccf1df_6.0.17763.379_none_05b83be8071c94a1\COMCTL32.dll
0x00007ff931620000 - 0x00007ff93194d000 	C:\WINDOWS\System32\combase.dll
0x00007ff92fcf0000 - 0x00007ff92fd6e000 	C:\WINDOWS\System32\bcryptPrimitives.dll
0x00007ff931060000 - 0x00007ff93108e000 	C:\WINDOWS\System32\IMM32.DLL
0x000000005a180000 - 0x000000005a252000 	C:\Program Files\Java\jdk1.8.0_171\jre\bin\msvcr100.dll
0x00000000587b0000 - 0x0000000059050000 	C:\Program Files\Java\jdk1.8.0_171\jre\bin\server\jvm.dll
0x00007ff931fb0000 - 0x00007ff931fb8000 	C:\WINDOWS\System32\PSAPI.DLL
0x00007ff91ee60000 - 0x00007ff91ee6a000 	C:\WINDOWS\SYSTEM32\VERSION.dll
0x00007ff92db40000 - 0x00007ff92db64000 	C:\WINDOWS\SYSTEM32\WINMM.dll
0x00007ff91dea0000 - 0x00007ff91dea9000 	C:\WINDOWS\SYSTEM32\WSOCK32.dll
0x00007ff932340000 - 0x00007ff9323ad000 	C:\WINDOWS\System32\WS2_32.dll
0x00007ff92db10000 - 0x00007ff92db3d000 	C:\WINDOWS\SYSTEM32\winmmbase.dll
0x00007ff92fc70000 - 0x00007ff92fcba000 	C:\WINDOWS\System32\cfgmgr32.dll
0x000000005a170000 - 0x000000005a17f000 	C:\Program Files\Java\jdk1.8.0_171\jre\bin\verify.dll
0x000000005a140000 - 0x000000005a169000 	C:\Program Files\Java\jdk1.8.0_171\jre\bin\java.dll
0x000000005a120000 - 0x000000005a136000 	C:\Program Files\Java\jdk1.8.0_171\jre\bin\zip.dll
0x00007ff932640000 - 0x00007ff933b30000 	C:\WINDOWS\System32\SHELL32.dll
0x00007ff931090000 - 0x00007ff931138000 	C:\WINDOWS\System32\shcore.dll
0x00007ff930640000 - 0x00007ff930d8a000 	C:\WINDOWS\System32\windows.storage.dll
0x00007ff92fba0000 - 0x00007ff92fbc4000 	C:\WINDOWS\System32\profapi.dll
0x00007ff92fbd0000 - 0x00007ff92fc2d000 	C:\WINDOWS\System32\powrprof.dll
0x00007ff931d10000 - 0x00007ff931d62000 	C:\WINDOWS\System32\shlwapi.dll
0x00007ff92fb80000 - 0x00007ff92fb91000 	C:\WINDOWS\System32\kernel.appcore.dll
0x00007ff92fc30000 - 0x00007ff92fc47000 	C:\WINDOWS\System32\cryptsp.dll
0x00007ff92ef40000 - 0x00007ff92ef73000 	C:\WINDOWS\system32\rsaenh.dll
0x00007ff92fcc0000 - 0x00007ff92fce6000 	C:\WINDOWS\System32\bcrypt.dll
0x00007ff92fa60000 - 0x00007ff92fa88000 	C:\WINDOWS\SYSTEM32\USERENV.dll
0x00007ff92f550000 - 0x00007ff92f55c000 	C:\WINDOWS\SYSTEM32\CRYPTBASE.dll
0x000000005a100000 - 0x000000005a11a000 	C:\Program Files\Java\jdk1.8.0_171\jre\bin\net.dll
0x00007ff92f380000 - 0x00007ff92f3e7000 	C:\WINDOWS\system32\mswsock.dll
0x00007ff92f0e0000 - 0x00007ff92f11d000 	C:\WINDOWS\SYSTEM32\IPHLPAPI.DLL
0x00007ff9322e0000 - 0x00007ff9322e8000 	C:\WINDOWS\System32\NSI.dll
0x00007ff923940000 - 0x00007ff923956000 	C:\WINDOWS\SYSTEM32\dhcpcsvc6.DLL
0x00007ff923cf0000 - 0x00007ff923d0c000 	C:\WINDOWS\SYSTEM32\dhcpcsvc.DLL
0x00007ff92f120000 - 0x00007ff92f1e6000 	C:\WINDOWS\SYSTEM32\DNSAPI.dll
0x000000005a0e0000 - 0x000000005a0f1000 	C:\Program Files\Java\jdk1.8.0_171\jre\bin\nio.dll
0x00007ff9201b0000 - 0x00007ff9201d9000 	C:\Users\XNOTE\.vscode\extensions\redhat.java-0.43.0\server\config_win\org.eclipse.equinox.launcher\org.eclipse.equinox.launcher.win32.win32.x86_64_1.1.1000.v20190125-2016\eclipse_1801.dll
0x00007ff927550000 - 0x00007ff927561000 	C:\Users\XNOTE\.vscode\extensions\redhat.java-0.43.0\server\config_win\org.eclipse.osgi\20\0\.cp\jWinHttp-1.0.0.dll
0x00007ff9324e0000 - 0x00007ff932635000 	C:\WINDOWS\System32\ole32.dll
0x00007ff924560000 - 0x00007ff924651000 	C:\WINDOWS\SYSTEM32\WINHTTP.dll

VM Arguments:
jvm_args: -Declipse.application=org.eclipse.jdt.ls.core.id1 -Dosgi.bundles.defaultStartLevel=4 -Declipse.product=org.eclipse.jdt.ls.core.product -Dfile.encoding=utf8 -DwatchParentProcess=false -Xverify:none -Xmx1G -XX:+UseG1GC -XX:+UseStringDeduplication 
java_command: C:\Users\XNOTE\.vscode\extensions\redhat.java-0.43.0\server\plugins\org.eclipse.equinox.launcher_1.5.300.v20190213-1655.jar -configuration C:\Users\XNOTE\.vscode\extensions\redhat.java-0.43.0\server\config_win -data c:\Users\XNOTE\AppData\Roaming\Code\User\workspaceStorage\0bdfaac4224be0d618bdcf963b857abf\redhat.java\jdt_ws
java_class_path (initial): C:\Users\XNOTE\.vscode\extensions\redhat.java-0.43.0\server\plugins\org.eclipse.equinox.launcher_1.5.300.v20190213-1655.jar
Launcher Type: SUN_STANDARD

Environment Variables:
PATH=C:\Program Files (x86)\Common Files\Oracle\Java\javapath;C:\ProgramData\Oracle\Java\javapath;C:\python27;C:\WINDOWS\system32;C:\WINDOWS;C:\WINDOWS\System32\Wbem;C:\WINDOWS\System32\WindowsPowerShell\v1.0\;C:\Program Files (x86)\Windows Live\Shared;C:\WINDOWS\System32\OpenSSH\;C:\Program Files\PuTTY\;C:\Program Files\Microsoft VS Code\bin;C:\Program Files\Git\cmd;C:\Program Files\Java\jdk1.8.0_171\bin;%USERPROFILE%\AppData\Local\Microsoft\WindowsApps;
USERNAME=¹Î¿ì
OS=Windows_NT
PROCESSOR_IDENTIFIER=Intel64 Family 6 Model 58 Stepping 9, GenuineIntel



---------------  S Y S T E M  ---------------

OS: Windows 10.0 , 64 bit Build 17763 (10.0.17763.379)

CPU:total 4 (initial active 4) (2 cores per cpu, 2 threads per core) family 6 model 58 stepping 9, cmov, cx8, fxsr, mmx, sse, sse2, sse3, ssse3, sse4.1, sse4.2, popcnt, avx, clmul, erms, ht, tsc, tscinvbit, tscinv

Memory: 4k page, physical 4024712k(801944k free), swap 5445000k(62316k free)

vm_info: Java HotSpot(TM) 64-Bit Server VM (25.171-b11) for windows-amd64 JRE (1.8.0_171-b11), built on Mar 28 2018 16:06:12 by "java_re" with MS VC++ 10.0 (VS2010)

time: Thu May 02 03:13:41 2019
elapsed time: 20 seconds (0d 0h 0m 20s)

