#
# There is insufficient memory for the Java Runtime Environment to continue.
# Native memory allocation (mmap) failed to map 131072000 bytes for Failed to commit area from 0x00000000c7d00000 to 0x00000000cfa00000 of length 131072000.
# Possible reasons:
#   The system is out of physical RAM or swap space
#   In 32 bit mode, the process size limit was hit
# Possible solutions:
#   Reduce memory load on the system
#   Increase physical memory or swap space
#   Check if swap backing store is full
#   Use 64 bit Java on a 64 bit OS
#   Decrease Java heap size (-Xmx/-Xms)
#   Decrease number of Java threads
#   Decrease Java thread stack sizes (-Xss)
#   Set larger code cache with -XX:ReservedCodeCacheSize=
# This output file may be truncated or incomplete.
#
#  Out of Memory Error (os_windows.cpp:3331), pid=13660, tid=0x0000000000001614
#
# JRE version: Java(TM) SE Runtime Environment (8.0_171-b11) (build 1.8.0_171-b11)
# Java VM: Java HotSpot(TM) 64-Bit Server VM (25.171-b11 mixed mode windows-amd64 compressed oops)
# Failed to write core dump. Minidumps are not enabled by default on client versions of Windows
#

---------------  T H R E A D  ---------------

Current thread (0x0000000018c1f000):  VMThread [stack: 0x00000000189c0000,0x0000000018ac0000] [id=5652]

Stack: [0x00000000189c0000,0x0000000018ac0000]
[error occurred during error reporting (printing stack bounds), id 0xc0000005]

Native frames: (J=compiled Java code, j=interpreted, Vv=VM code, C=native code)

VM_Operation (0x0000000021d3ec80): G1IncCollectionPause, mode: safepoint, requested by thread 0x000000001e325000


---------------  P R O C E S S  ---------------

Java Threads: ( => current thread )
  0x000000001e322800 JavaThread "ForkJoinPool.commonPool-worker-3" daemon [_thread_blocked, id=16152, stack(0x0000000022e10000,0x0000000022f10000)]
  0x000000001e31f800 JavaThread "ForkJoinPool.commonPool-worker-2" daemon [_thread_blocked, id=5908, stack(0x0000000022d10000,0x0000000022e10000)]
  0x000000001e325000 JavaThread "Thread-2" daemon [_thread_blocked, id=13376, stack(0x0000000021c40000,0x0000000021d40000)]
  0x000000001e321000 JavaThread "ForkJoinPool.commonPool-worker-1" daemon [_thread_blocked, id=8988, stack(0x0000000021b40000,0x0000000021c40000)]
  0x000000001e325800 JavaThread "Worker-6" [_thread_blocked, id=13200, stack(0x0000000020c40000,0x0000000020d40000)]
  0x000000001e320800 JavaThread "Worker-5" [_thread_blocked, id=17664, stack(0x0000000020b40000,0x0000000020c40000)]
  0x000000001e326800 JavaThread "Worker-4" [_thread_blocked, id=18092, stack(0x000000001f740000,0x000000001f840000)]
  0x0000000019e9a000 JavaThread "Worker-3" [_thread_blocked, id=7104, stack(0x000000001f640000,0x000000001f740000)]
  0x000000001be01800 JavaThread "pool-1-thread-1" [_thread_blocked, id=19028, stack(0x000000001eca0000,0x000000001eda0000)]
  0x000000001a830000 JavaThread "Bundle File Closer" daemon [_thread_blocked, id=19092, stack(0x000000001d5d0000,0x000000001d6d0000)]
  0x0000000019c40800 JavaThread "Worker-2" [_thread_blocked, id=13772, stack(0x000000001d4d0000,0x000000001d5d0000)]
  0x000000001ae5e000 JavaThread "Java indexing" daemon [_thread_blocked, id=9072, stack(0x000000001d3d0000,0x000000001d4d0000)]
  0x000000001c2e9800 JavaThread "Worker-1" [_thread_blocked, id=17880, stack(0x000000001d0d0000,0x000000001d1d0000)]
  0x000000001c2e8800 JavaThread "Worker-0" [_thread_blocked, id=10492, stack(0x000000001cfd0000,0x000000001d0d0000)]
  0x0000000019f15000 JavaThread "Worker-JM" [_thread_blocked, id=1504, stack(0x000000001b470000,0x000000001b570000)]
  0x0000000019d6b800 JavaThread "Start Level: Equinox Container: b4a66df7-3a34-448b-ba80-4326a79de604" daemon [_thread_blocked, id=15076, stack(0x000000001b370000,0x000000001b470000)]
  0x0000000019ba0000 JavaThread "Framework Event Dispatcher: Equinox Container: b4a66df7-3a34-448b-ba80-4326a79de604" daemon [_thread_blocked, id=9344, stack(0x000000001b270000,0x000000001b370000)]
  0x0000000019cbf000 JavaThread "Active Thread: Equinox Container: b4a66df7-3a34-448b-ba80-4326a79de604" [_thread_blocked, id=20256, stack(0x000000001b170000,0x000000001b270000)]
  0x0000000018d3e800 JavaThread "Service Thread" daemon [_thread_blocked, id=19636, stack(0x00000000197a0000,0x00000000198a0000)]
  0x0000000018cd3800 JavaThread "C1 CompilerThread2" daemon [_thread_blocked, id=12648, stack(0x00000000196a0000,0x00000000197a0000)]
  0x0000000018cd1000 JavaThread "C2 CompilerThread1" daemon [_thread_blocked, id=11864, stack(0x00000000195a0000,0x00000000196a0000)]
  0x0000000018ccf800 JavaThread "C2 CompilerThread0" daemon [_thread_blocked, id=20240, stack(0x00000000194a0000,0x00000000195a0000)]
  0x0000000018cce000 JavaThread "Attach Listener" daemon [_thread_blocked, id=12748, stack(0x00000000193a0000,0x00000000194a0000)]
  0x0000000018cb7000 JavaThread "Signal Dispatcher" daemon [_thread_blocked, id=19692, stack(0x00000000192a0000,0x00000000193a0000)]
  0x0000000018cb6000 JavaThread "Surrogate Locker Thread (Concurrent GC)" daemon [_thread_blocked, id=16020, stack(0x00000000191a0000,0x00000000192a0000)]
  0x0000000018c24000 JavaThread "Finalizer" daemon [_thread_blocked, id=20420, stack(0x00000000190a0000,0x00000000191a0000)]
  0x0000000018c22800 JavaThread "Reference Handler" daemon [_thread_blocked, id=12196, stack(0x0000000018fa0000,0x00000000190a0000)]
  0x0000000002e7e000 JavaThread "main" [_thread_blocked, id=19664, stack(0x0000000002c80000,0x0000000002d80000)]

Other Threads:
=>0x0000000018c1f000 VMThread [stack: 0x00000000189c0000,0x0000000018ac0000] [id=5652]
  0x0000000018d44800 WatcherThread [stack: 0x00000000198a0000,0x00000000199a0000] [id=20336]

VM state:at safepoint (normal execution)

VM Mutex/Monitor currently owned by a thread:  ([mutex/lock_event])
[0x0000000002e819d0] Threads_lock - owner thread: 0x0000000018c1f000
[0x0000000002e81b50] Heap_lock - owner thread: 0x000000001e325000

Heap:
 garbage-first heap   total 256000K, used 106284K [0x00000000c0000000, 0x00000000c01007d0, 0x0000000100000000)
  region size 1024K, 2 young (2048K), 2 survivors (2048K)
 Metaspace       used 49856K, capacity 52706K, committed 52864K, reserved 1095680K
  class space    used 5155K, capacity 6012K, committed 6016K, reserved 1048576K

Heap Regions: (Y=young(eden), SU=young(survivor), HS=humongous(starts), HC=humongous(continues), CS=collection set, F=free, TS=gc time stamp, PTAMS=previous top-at-mark-start, NTAMS=next top-at-mark-start)
AC   0  O    TS     0 PTAMS 0x00000000c0100000 NTAMS 0x00000000c0100000 space 1024K, 100% used [0x00000000c0000000, 0x00000000c0100000)
AC   0  O    TS     0 PTAMS 0x00000000c0200000 NTAMS 0x00000000c0200000 space 1024K, 100% used [0x00000000c0100000, 0x00000000c0200000)
AC   0  O    TS     0 PTAMS 0x00000000c0300000 NTAMS 0x00000000c0300000 space 1024K, 100% used [0x00000000c0200000, 0x00000000c0300000)
AC   0  O    TS     0 PTAMS 0x00000000c0400000 NTAMS 0x00000000c0400000 space 1024K, 100% used [0x00000000c0300000, 0x00000000c0400000)
AC   0  O    TS     0 PTAMS 0x00000000c0500000 NTAMS 0x00000000c0500000 space 1024K, 100% used [0x00000000c0400000, 0x00000000c0500000)
AC   0  O    TS     0 PTAMS 0x00000000c0600000 NTAMS 0x00000000c0600000 space 1024K, 100% used [0x00000000c0500000, 0x00000000c0600000)
AC   0  O    TS     5 PTAMS 0x00000000c0600000 NTAMS 0x00000000c0700000 space 1024K, 100% used [0x00000000c0600000, 0x00000000c0700000)
AC   0  O    TS     0 PTAMS 0x00000000c0800000 NTAMS 0x00000000c0800000 space 1024K, 100% used [0x00000000c0700000, 0x00000000c0800000)
AC   0  O    TS     0 PTAMS 0x00000000c0900000 NTAMS 0x00000000c0900000 space 1024K, 100% used [0x00000000c0800000, 0x00000000c0900000)
AC   0  O    TS     0 PTAMS 0x00000000c0a00000 NTAMS 0x00000000c0a00000 space 1024K, 100% used [0x00000000c0900000, 0x00000000c0a00000)
AC   0  O    TS     5 PTAMS 0x00000000c0a00000 NTAMS 0x00000000c0b00000 space 1024K, 100% used [0x00000000c0a00000, 0x00000000c0b00000)
AC   0  O    TS     0 PTAMS 0x00000000c0c00000 NTAMS 0x00000000c0c00000 space 1024K, 100% used [0x00000000c0b00000, 0x00000000c0c00000)
AC   0  O    TS     0 PTAMS 0x00000000c0d00000 NTAMS 0x00000000c0d00000 space 1024K, 100% used [0x00000000c0c00000, 0x00000000c0d00000)
AC   0  O    TS     0 PTAMS 0x00000000c0e00000 NTAMS 0x00000000c0e00000 space 1024K, 100% used [0x00000000c0d00000, 0x00000000c0e00000)
AC   0  O    TS     0 PTAMS 0x00000000c0f00000 NTAMS 0x00000000c0f00000 space 1024K, 100% used [0x00000000c0e00000, 0x00000000c0f00000)
AC   0  O    TS     0 PTAMS 0x00000000c1000000 NTAMS 0x00000000c1000000 space 1024K, 100% used [0x00000000c0f00000, 0x00000000c1000000)
AC   0  O    TS     0 PTAMS 0x00000000c1100000 NTAMS 0x00000000c1100000 space 1024K, 100% used [0x00000000c1000000, 0x00000000c1100000)
AC   0  O    TS     0 PTAMS 0x00000000c1200000 NTAMS 0x00000000c1200000 space 1024K, 100% used [0x00000000c1100000, 0x00000000c1200000)
AC   0  O    TS     0 PTAMS 0x00000000c1300000 NTAMS 0x00000000c1300000 space 1024K, 100% used [0x00000000c1200000, 0x00000000c1300000)
AC   0  O    TS     0 PTAMS 0x00000000c1400000 NTAMS 0x00000000c1400000 space 1024K, 100% used [0x00000000c1300000, 0x00000000c1400000)
AC   0  O    TS     0 PTAMS 0x00000000c1500000 NTAMS 0x00000000c1500000 space 1024K, 100% used [0x00000000c1400000, 0x00000000c1500000)
AC   0  O    TS     3 PTAMS 0x00000000c1500000 NTAMS 0x00000000c1600000 space 1024K, 100% used [0x00000000c1500000, 0x00000000c1600000)
AC   0  O    TS     0 PTAMS 0x00000000c1700000 NTAMS 0x00000000c1700000 space 1024K, 100% used [0x00000000c1600000, 0x00000000c1700000)
AC   0  O    TS     0 PTAMS 0x00000000c1800000 NTAMS 0x00000000c1800000 space 1024K, 100% used [0x00000000c1700000, 0x00000000c1800000)
AC   0  O    TS     0 PTAMS 0x00000000c1900000 NTAMS 0x00000000c1900000 space 1024K, 100% used [0x00000000c1800000, 0x00000000c1900000)
AC   0  O    TS     0 PTAMS 0x00000000c1a00000 NTAMS 0x00000000c1a00000 space 1024K, 100% used [0x00000000c1900000, 0x00000000c1a00000)
AC   0 HS    TS     0 PTAMS 0x00000000c1b4a780 NTAMS 0x00000000c1b4a780 space 2048K,  64% used [0x00000000c1a00000, 0x00000000c1c00000)
AC   0 HC    TS     0 PTAMS 0x00000000c1b00000 NTAMS 0x00000000c1b00000 space 1024K,  29% used [0x00000000c1b00000, 0x00000000c1c00000)
AC   0  O    TS     0 PTAMS 0x00000000c1d00000 NTAMS 0x00000000c1d00000 space 1024K, 100% used [0x00000000c1c00000, 0x00000000c1d00000)
AC   0  O    TS     0 PTAMS 0x00000000c1e00000 NTAMS 0x00000000c1e00000 space 1024K, 100% used [0x00000000c1d00000, 0x00000000c1e00000)
AC   0  O    TS     0 PTAMS 0x00000000c1f00000 NTAMS 0x00000000c1f00000 space 1024K, 100% used [0x00000000c1e00000, 0x00000000c1f00000)
AC   0 HS    TS     0 PTAMS 0x00000000c1f80010 NTAMS 0x00000000c1f80010 space 1024K,  50% used [0x00000000c1f00000, 0x00000000c2000000)
AC   0  O    TS     0 PTAMS 0x00000000c2100000 NTAMS 0x00000000c2100000 space 1024K, 100% used [0x00000000c2000000, 0x00000000c2100000)
AC   0  O    TS     3 PTAMS 0x00000000c2100000 NTAMS 0x00000000c2200000 space 1024K, 100% used [0x00000000c2100000, 0x00000000c2200000)
AC   0  O    TS     3 PTAMS 0x00000000c2200000 NTAMS 0x00000000c2300000 space 1024K, 100% used [0x00000000c2200000, 0x00000000c2300000)
AC   0  O    TS     0 PTAMS 0x00000000c2400000 NTAMS 0x00000000c2400000 space 1024K, 100% used [0x00000000c2300000, 0x00000000c2400000)
AC   0  O    TS     0 PTAMS 0x00000000c2500000 NTAMS 0x00000000c2500000 space 1024K, 100% used [0x00000000c2400000, 0x00000000c2500000)
AC   0  O    TS     3 PTAMS 0x00000000c2500000 NTAMS 0x00000000c2600000 space 1024K, 100% used [0x00000000c2500000, 0x00000000c2600000)
AC   0  O    TS     3 PTAMS 0x00000000c2600000 NTAMS 0x00000000c2700000 space 1024K, 100% used [0x00000000c2600000, 0x00000000c2700000)
AC   0  O    TS     0 PTAMS 0x00000000c2800000 NTAMS 0x00000000c2800000 space 1024K, 100% used [0x00000000c2700000, 0x00000000c2800000)
AC   0  O    TS     0 PTAMS 0x00000000c2900000 NTAMS 0x00000000c2900000 space 1024K, 100% used [0x00000000c2800000, 0x00000000c2900000)
AC   0  O    TS     0 PTAMS 0x00000000c2a00000 NTAMS 0x00000000c2a00000 space 1024K, 100% used [0x00000000c2900000, 0x00000000c2a00000)
AC   0  O    TS     0 PTAMS 0x00000000c2b00000 NTAMS 0x00000000c2b00000 space 1024K, 100% used [0x00000000c2a00000, 0x00000000c2b00000)
AC   0  O    TS     0 PTAMS 0x00000000c2c00000 NTAMS 0x00000000c2c00000 space 1024K, 100% used [0x00000000c2b00000, 0x00000000c2c00000)
AC   0  O    TS     1 PTAMS 0x00000000c2c50e00 NTAMS 0x00000000c2d00000 space 1024K, 100% used [0x00000000c2c00000, 0x00000000c2d00000)
AC   0  O    TS     3 PTAMS 0x00000000c2d00000 NTAMS 0x00000000c2e00000 space 1024K, 100% used [0x00000000c2d00000, 0x00000000c2e00000)
AC   0  O    TS     3 PTAMS 0x00000000c2e00000 NTAMS 0x00000000c2f00000 space 1024K, 100% used [0x00000000c2e00000, 0x00000000c2f00000)
AC   0  O    TS     3 PTAMS 0x00000000c2f00000 NTAMS 0x00000000c3000000 space 1024K, 100% used [0x00000000c2f00000, 0x00000000c3000000)
AC   0  O    TS     3 PTAMS 0x00000000c3000000 NTAMS 0x00000000c3100000 space 1024K, 100% used [0x00000000c3000000, 0x00000000c3100000)
AC   0  O    TS     3 PTAMS 0x00000000c3100000 NTAMS 0x00000000c3200000 space 1024K, 100% used [0x00000000c3100000, 0x00000000c3200000)
AC   0  O    TS     5 PTAMS 0x00000000c3200000 NTAMS 0x00000000c3300000 space 1024K, 100% used [0x00000000c3200000, 0x00000000c3300000)
AC   0  O    TS     5 PTAMS 0x00000000c3300000 NTAMS 0x00000000c3400000 space 1024K, 100% used [0x00000000c3300000, 0x00000000c3400000)
AC   0  O    TS     5 PTAMS 0x00000000c3400000 NTAMS 0x00000000c3500000 space 1024K, 100% used [0x00000000c3400000, 0x00000000c3500000)
AC   0  O    TS     9 PTAMS 0x00000000c3500000 NTAMS 0x00000000c3500000 space 1024K, 100% used [0x00000000c3500000, 0x00000000c3600000)
AC   0  O    TS     9 PTAMS 0x00000000c3600000 NTAMS 0x00000000c3600000 space 1024K, 100% used [0x00000000c3600000, 0x00000000c3700000)
AC   0  O    TS     9 PTAMS 0x00000000c3700000 NTAMS 0x00000000c3700000 space 1024K, 100% used [0x00000000c3700000, 0x00000000c3800000)
AC   0  O    TS     9 PTAMS 0x00000000c3800000 NTAMS 0x00000000c3800000 space 1024K, 100% used [0x00000000c3800000, 0x00000000c3900000)
AC   0  O    TS     9 PTAMS 0x00000000c3900000 NTAMS 0x00000000c3900000 space 1024K, 100% used [0x00000000c3900000, 0x00000000c3a00000)
AC   0  O    TS     5 PTAMS 0x00000000c3a00000 NTAMS 0x00000000c3b00000 space 1024K, 100% used [0x00000000c3a00000, 0x00000000c3b00000)
AC   0  O    TS     5 PTAMS 0x00000000c3b00000 NTAMS 0x00000000c3c00000 space 1024K, 100% used [0x00000000c3b00000, 0x00000000c3c00000)
AC   0  O    TS     5 PTAMS 0x00000000c3c00000 NTAMS 0x00000000c3d00000 space 1024K, 100% used [0x00000000c3c00000, 0x00000000c3d00000)
AC   0  O    TS     9 PTAMS 0x00000000c3d00000 NTAMS 0x00000000c3d00000 space 1024K, 100% used [0x00000000c3d00000, 0x00000000c3e00000)
AC   0  O    TS     9 PTAMS 0x00000000c3e00000 NTAMS 0x00000000c3e00000 space 1024K, 100% used [0x00000000c3e00000, 0x00000000c3f00000)
AC   0  O    TS    11 PTAMS 0x00000000c3f00000 NTAMS 0x00000000c3f00000 space 1024K, 100% used [0x00000000c3f00000, 0x00000000c4000000)
AC   0  O    TS    11 PTAMS 0x00000000c4000000 NTAMS 0x00000000c4000000 space 1024K, 100% used [0x00000000c4000000, 0x00000000c4100000)
AC   0  O    TS    11 PTAMS 0x00000000c4100000 NTAMS 0x00000000c4100000 space 1024K, 100% used [0x00000000c4100000, 0x00000000c4200000)
AC   0  O    TS    11 PTAMS 0x00000000c4200000 NTAMS 0x00000000c4200000 space 1024K, 100% used [0x00000000c4200000, 0x00000000c4300000)
AC   0  O    TS    11 PTAMS 0x00000000c4300000 NTAMS 0x00000000c4300000 space 1024K, 100% used [0x00000000c4300000, 0x00000000c4400000)
AC   0  O    TS     7 PTAMS 0x00000000c4400000 NTAMS 0x00000000c4400000 space 1024K, 100% used [0x00000000c4400000, 0x00000000c4500000)
AC   0  O    TS     7 PTAMS 0x00000000c4500000 NTAMS 0x00000000c4500000 space 1024K, 100% used [0x00000000c4500000, 0x00000000c4600000)
AC   0  O    TS    11 PTAMS 0x00000000c4600000 NTAMS 0x00000000c4600000 space 1024K,  50% used [0x00000000c4600000, 0x00000000c4700000)
AC   0  F    TS     7 PTAMS 0x00000000c4700000 NTAMS 0x00000000c4700000 space 1024K,   0% used [0x00000000c4700000, 0x00000000c4800000)
AC   0  F    TS     7 PTAMS 0x00000000c4800000 NTAMS 0x00000000c4800000 space 1024K,   0% used [0x00000000c4800000, 0x00000000c4900000)
AC   0  F    TS     5 PTAMS 0x00000000c4900000 NTAMS 0x00000000c4900000 space 1024K,   0% used [0x00000000c4900000, 0x00000000c4a00000)
AC   0  F    TS     5 PTAMS 0x00000000c4a00000 NTAMS 0x00000000c4a00000 space 1024K,   0% used [0x00000000c4a00000, 0x00000000c4b00000)
AC   0  F    TS     5 PTAMS 0x00000000c4b00000 NTAMS 0x00000000c4b00000 space 1024K,   0% used [0x00000000c4b00000, 0x00000000c4c00000)
AC   0  F    TS     5 PTAMS 0x00000000c4c00000 NTAMS 0x00000000c4c00000 space 1024K,   0% used [0x00000000c4c00000, 0x00000000c4d00000)
AC   0  F    TS     9 PTAMS 0x00000000c4d00000 NTAMS 0x00000000c4d00000 space 1024K,   0% used [0x00000000c4d00000, 0x00000000c4e00000)
AC   0  F    TS     9 PTAMS 0x00000000c4e00000 NTAMS 0x00000000c4e00000 space 1024K,   0% used [0x00000000c4e00000, 0x00000000c4f00000)
AC   0  F    TS     0 PTAMS 0x00000000c4f00000 NTAMS 0x00000000c4f00000 space 1024K,   0% used [0x00000000c4f00000, 0x00000000c5000000)
AC   0  F    TS     0 PTAMS 0x00000000c5000000 NTAMS 0x00000000c5000000 space 1024K,   0% used [0x00000000c5000000, 0x00000000c5100000)
AC   0  F    TS     0 PTAMS 0x00000000c5100000 NTAMS 0x00000000c5100000 space 1024K,   0% used [0x00000000c5100000, 0x00000000c5200000)
AC   0  F    TS     0 PTAMS 0x00000000c5200000 NTAMS 0x00000000c5200000 space 1024K,   0% used [0x00000000c5200000, 0x00000000c5300000)
AC   0  S CS TS    11 PTAMS 0x00000000c5300000 NTAMS 0x00000000c5300000 space 1024K, 100% used [0x00000000c5300000, 0x00000000c5400000)
AC   0  S CS TS    11 PTAMS 0x00000000c5400000 NTAMS 0x00000000c5400000 space 1024K, 100% used [0x00000000c5400000, 0x00000000c5500000)
AC   0  F    TS     0 PTAMS 0x00000000c5500000 NTAMS 0x00000000c5500000 space 1024K,   0% used [0x00000000c5500000, 0x00000000c5600000)
AC   0  F    TS     0 PTAMS 0x00000000c5600000 NTAMS 0x00000000c5600000 space 1024K,   0% used [0x00000000c5600000, 0x00000000c5700000)
AC   0  F    TS     0 PTAMS 0x00000000c5700000 NTAMS 0x00000000c5700000 space 1024K,   0% used [0x00000000c5700000, 0x00000000c5800000)
AC   0  F    TS     0 PTAMS 0x00000000c5800000 NTAMS 0x00000000c5800000 space 1024K,   0% used [0x00000000c5800000, 0x00000000c5900000)
AC   0  F    TS     0 PTAMS 0x00000000c5900000 NTAMS 0x00000000c5900000 space 1024K,   0% used [0x00000000c5900000, 0x00000000c5a00000)
AC   0  F    TS     0 PTAMS 0x00000000c5a00000 NTAMS 0x00000000c5a00000 space 1024K,   0% used [0x00000000c5a00000, 0x00000000c5b00000)
AC   0 HS    TS     0 PTAMS 0x00000000c5b00000 NTAMS 0x00000000c7080b28 space 22528K,  97% used [0x00000000c5b00000, 0x00000000c7100000)
AC   0 HC    TS     0 PTAMS 0x00000000c5c00000 NTAMS 0x00000000c5c00000 space 1024K, 100% used [0x00000000c5c00000, 0x00000000c5d00000)
AC   0 HC    TS     0 PTAMS 0x00000000c5d00000 NTAMS 0x00000000c5d00000 space 1024K, 100% used [0x00000000c5d00000, 0x00000000c5e00000)
AC   0 HC    TS     0 PTAMS 0x00000000c5e00000 NTAMS 0x00000000c5e00000 space 1024K, 100% used [0x00000000c5e00000, 0x00000000c5f00000)
AC   0 HC    TS     0 PTAMS 0x00000000c5f00000 NTAMS 0x00000000c5f00000 space 1024K, 100% used [0x00000000c5f00000, 0x00000000c6000000)
AC   0 HC    TS     0 PTAMS 0x00000000c6000000 NTAMS 0x00000000c6000000 space 1024K, 100% used [0x00000000c6000000, 0x00000000c6100000)
AC   0 HC    TS     0 PTAMS 0x00000000c6100000 NTAMS 0x00000000c6100000 space 1024K, 100% used [0x00000000c6100000, 0x00000000c6200000)
AC   0 HC    TS     0 PTAMS 0x00000000c6200000 NTAMS 0x00000000c6200000 space 1024K, 100% used [0x00000000c6200000, 0x00000000c6300000)
AC   0 HC    TS     0 PTAMS 0x00000000c6300000 NTAMS 0x00000000c6300000 space 1024K, 100% used [0x00000000c6300000, 0x00000000c6400000)
AC   0 HC    TS     0 PTAMS 0x00000000c6400000 NTAMS 0x00000000c6400000 space 1024K, 100% used [0x00000000c6400000, 0x00000000c6500000)
AC   0 HC    TS     0 PTAMS 0x00000000c6500000 NTAMS 0x00000000c6500000 space 1024K, 100% used [0x00000000c6500000, 0x00000000c6600000)
AC   0 HC    TS     0 PTAMS 0x00000000c6600000 NTAMS 0x00000000c6600000 space 1024K, 100% used [0x00000000c6600000, 0x00000000c6700000)
AC   0 HC    TS     0 PTAMS 0x00000000c6700000 NTAMS 0x00000000c6700000 space 1024K, 100% used [0x00000000c6700000, 0x00000000c6800000)
AC   0 HC    TS     0 PTAMS 0x00000000c6800000 NTAMS 0x00000000c6800000 space 1024K, 100% used [0x00000000c6800000, 0x00000000c6900000)
AC   0 HC    TS     0 PTAMS 0x00000000c6900000 NTAMS 0x00000000c6900000 space 1024K, 100% used [0x00000000c6900000, 0x00000000c6a00000)
AC   0 HC    TS     0 PTAMS 0x00000000c6a00000 NTAMS 0x00000000c6a00000 space 1024K, 100% used [0x00000000c6a00000, 0x00000000c6b00000)
AC   0 HC    TS     0 PTAMS 0x00000000c6b00000 NTAMS 0x00000000c6b00000 space 1024K, 100% used [0x00000000c6b00000, 0x00000000c6c00000)
AC   0 HC    TS     0 PTAMS 0x00000000c6c00000 NTAMS 0x00000000c6c00000 space 1024K, 100% used [0x00000000c6c00000, 0x00000000c6d00000)
AC   0 HC    TS     0 PTAMS 0x00000000c6d00000 NTAMS 0x00000000c6d00000 space 1024K, 100% used [0x00000000c6d00000, 0x00000000c6e00000)
AC   0 HC    TS     0 PTAMS 0x00000000c6e00000 NTAMS 0x00000000c6e00000 space 1024K, 100% used [0x00000000c6e00000, 0x00000000c6f00000)
AC   0 HC    TS     0 PTAMS 0x00000000c6f00000 NTAMS 0x00000000c6f00000 space 1024K, 100% used [0x00000000c6f00000, 0x00000000c7000000)
AC   0 HC    TS     0 PTAMS 0x00000000c7000000 NTAMS 0x00000000c7000000 space 1024K,  50% used [0x00000000c7000000, 0x00000000c7100000)
AC   0  F    TS     1 PTAMS 0x00000000c7100000 NTAMS 0x00000000c7100000 space 1024K,   0% used [0x00000000c7100000, 0x00000000c7200000)
AC   0  O    TS     1 PTAMS 0x00000000c7200000 NTAMS 0x00000000c7300000 space 1024K, 100% used [0x00000000c7200000, 0x00000000c7300000)
AC   0  O    TS     1 PTAMS 0x00000000c7300000 NTAMS 0x00000000c7400000 space 1024K, 100% used [0x00000000c7300000, 0x00000000c7400000)
AC   0  O    TS     1 PTAMS 0x00000000c7400000 NTAMS 0x00000000c7500000 space 1024K, 100% used [0x00000000c7400000, 0x00000000c7500000)
AC   0  O    TS     1 PTAMS 0x00000000c7500000 NTAMS 0x00000000c7600000 space 1024K, 100% used [0x00000000c7500000, 0x00000000c7600000)
AC   0  O    TS     3 PTAMS 0x00000000c7600000 NTAMS 0x00000000c7700000 space 1024K, 100% used [0x00000000c7600000, 0x00000000c7700000)
AC   0  O    TS     7 PTAMS 0x00000000c7700000 NTAMS 0x00000000c7700000 space 1024K, 100% used [0x00000000c7700000, 0x00000000c7800000)
AC   0  O    TS     7 PTAMS 0x00000000c7800000 NTAMS 0x00000000c7800000 space 1024K, 100% used [0x00000000c7800000, 0x00000000c7900000)
AC   0  O    TS     7 PTAMS 0x00000000c7900000 NTAMS 0x00000000c7900000 space 1024K, 100% used [0x00000000c7900000, 0x00000000c7a00000)
AC   0  O    TS     7 PTAMS 0x00000000c7a00000 NTAMS 0x00000000c7a00000 space 1024K, 100% used [0x00000000c7a00000, 0x00000000c7b00000)
AC   0  O    TS     7 PTAMS 0x00000000c7b00000 NTAMS 0x00000000c7b00000 space 1024K, 100% used [0x00000000c7b00000, 0x00000000c7c00000)
AC   0  O    TS     9 PTAMS 0x00000000c7c00000 NTAMS 0x00000000c7c00000 space 1024K, 100% used [0x00000000c7c00000, 0x00000000c7d00000)

Card table byte_map: [0x0000000013480000,0x0000000013680000] byte_map_base: 0x0000000012e80000

Marking Bits (Prev, Next): (CMBitMap*) 0x0000000002eb7560, (CMBitMap*) 0x0000000002eb7508
 Prev Bits: [0x0000000014880000, 0x0000000015880000)
 Next Bits: [0x0000000013880000, 0x0000000014880000)

Polling page: 0x0000000000c60000

CodeCache: size=245760Kb used=20745Kb max_used=20756Kb free=225014Kb
 bounds [0x0000000002f80000, 0x00000000043f0000, 0x0000000011f80000]
 total_blobs=6377 nmethods=5785 adapters=502
 compilation: enabled

Compilation events (10 events):
Event: 48.519 Thread 0x0000000018cd3800 6898       3       org.eclipse.osgi.framework.util.ArrayMap::getKey (11 bytes)
Event: 48.519 Thread 0x0000000018cd3800 nmethod 6898 0x00000000037b4a50 code [0x00000000037b4bc0, 0x00000000037b4de8]
Event: 48.519 Thread 0x0000000018cd3800 6899   !   3       org.eclipse.osgi.internal.log.ExtendedLogReaderServiceFactory::safeLogged (46 bytes)
Event: 48.521 Thread 0x0000000018cd3800 nmethod 6899 0x00000000043df310 code [0x00000000043df580, 0x00000000043e0848]
Event: 48.522 Thread 0x0000000018cd3800 6900       3       org.eclipse.core.internal.jobs.InternalJob::remove (48 bytes)
Event: 48.551 Thread 0x0000000018cd3800 nmethod 6900 0x00000000032a5250 code [0x00000000032a53c0, 0x00000000032a5870]
Event: 48.551 Thread 0x0000000018cd3800 6901       3       java.lang.reflect.Method::invoke (62 bytes)
Event: 48.552 Thread 0x0000000018cd3800 nmethod 6901 0x00000000043bb290 code [0x00000000043bb440, 0x00000000043bb9a8]
Event: 48.552 Thread 0x0000000018cd3800 6902       3       sun.reflect.DelegatingMethodAccessorImpl::invoke (10 bytes)
Event: 48.552 Thread 0x0000000018cd3800 nmethod 6902 0x0000000003cabd90 code [0x0000000003cabf00, 0x0000000003cac128]

GC Heap History (10 events):
Event: 48.033 GC heap after
Heap after GC invocations=51 (full 0):
 garbage-first heap   total 121856K, used 67580K [0x00000000c0000000, 0x00000000c01003b8, 0x0000000100000000)
  region size 1024K, 3 young (3072K), 3 survivors (3072K)
 Metaspace       used 49851K, capacity 52706K, committed 52864K, reserved 1095680K
  class space    used 5155K, capacity 6012K, committed 6016K, reserved 1048576K
}
Event: 48.208 GC heap before
{Heap before GC invocations=51 (full 0):
 garbage-first heap   total 121856K, used 101372K [0x00000000c0000000, 0x00000000c01003b8, 0x0000000100000000)
  region size 1024K, 36 young (36864K), 3 survivors (3072K)
 Metaspace       used 49851K, capacity 52706K, committed 52864K, reserved 1095680K
  class space    used 5155K, capacity 6012K, committed 6016K, reserved 1048576K
Event: 48.243 GC heap after
Heap after GC invocations=52 (full 0):
 garbage-first heap   total 121856K, used 80172K [0x00000000c0000000, 0x00000000c01003b8, 0x0000000100000000)
  region size 1024K, 5 young (5120K), 5 survivors (5120K)
 Metaspace       used 49851K, capacity 52706K, committed 52864K, reserved 1095680K
  class space    used 5155K, capacity 6012K, committed 6016K, reserved 1048576K
}
Event: 48.294 GC heap before
{Heap before GC invocations=52 (full 0):
 garbage-first heap   total 121856K, used 94508K [0x00000000c0000000, 0x00000000c01003b8, 0x0000000100000000)
  region size 1024K, 20 young (20480K), 5 survivors (5120K)
 Metaspace       used 49851K, capacity 52706K, committed 52864K, reserved 1095680K
  class space    used 5155K, capacity 6012K, committed 6016K, reserved 1048576K
Event: 48.319 GC heap after
Heap after GC invocations=53 (full 0):
 garbage-first heap   total 121856K, used 87340K [0x00000000c0000000, 0x00000000c01003b8, 0x0000000100000000)
  region size 1024K, 4 young (4096K), 4 survivors (4096K)
 Metaspace       used 49851K, capacity 52706K, committed 52864K, reserved 1095680K
  class space    used 5155K, capacity 6012K, committed 6016K, reserved 1048576K
}
Event: 48.462 GC heap before
{Heap before GC invocations=53 (full 0):
 garbage-first heap   total 121856K, used 111082K [0x00000000c0000000, 0x00000000c01003b8, 0x0000000100000000)
  region size 1024K, 19 young (19456K), 4 survivors (4096K)
 Metaspace       used 49852K, capacity 52706K, committed 52864K, reserved 1095680K
  class space    used 5155K, capacity 6012K, committed 6016K, reserved 1048576K
Event: 48.485 GC heap after
Heap after GC invocations=54 (full 0):
 garbage-first heap   total 128000K, used 93996K [0x00000000c0000000, 0x00000000c01003e8, 0x0000000100000000)
  region size 1024K, 3 young (3072K), 3 survivors (3072K)
 Metaspace       used 49852K, capacity 52706K, committed 52864K, reserved 1095680K
  class space    used 5155K, capacity 6012K, committed 6016K, reserved 1048576K
}
Event: 48.522 GC heap before
{Heap before GC invocations=54 (full 0):
 garbage-first heap   total 128000K, used 107308K [0x00000000c0000000, 0x00000000c01003e8, 0x0000000100000000)
  region size 1024K, 16 young (16384K), 3 survivors (3072K)
 Metaspace       used 49855K, capacity 52706K, committed 52864K, reserved 1095680K
  class space    used 5155K, capacity 6012K, committed 6016K, reserved 1048576K
Event: 48.551 GC heap after
Heap after GC invocations=55 (full 0):
 garbage-first heap   total 128000K, used 101164K [0x00000000c0000000, 0x00000000c01003e8, 0x0000000100000000)
  region size 1024K, 2 young (2048K), 2 survivors (2048K)
 Metaspace       used 49855K, capacity 52706K, committed 52864K, reserved 1095680K
  class space    used 5155K, capacity 6012K, committed 6016K, reserved 1048576K
}
Event: 48.571 GC heap before
{Heap before GC invocations=55 (full 0):
 garbage-first heap   total 128000K, used 108332K [0x00000000c0000000, 0x00000000c01003e8, 0x0000000100000000)
  region size 1024K, 9 young (9216K), 2 survivors (2048K)
 Metaspace       used 49856K, capacity 52706K, committed 52864K, reserved 1095680K
  class space    used 5155K, capacity 6012K, committed 6016K, reserved 1048576K

Deoptimization events (10 events):
Event: 46.733 Thread 0x000000001e321000 Uncommon trap: reason=unstable_if action=reinterpret pc=0x0000000003a35370 method=org.eclipse.core.runtime.Path.toOSString()Ljava/lang/String; @ 65
Event: 47.490 Thread 0x000000001e325000 Uncommon trap: reason=unstable_if action=reinterpret pc=0x00000000043ba290 method=com.sun.crypto.provider.CipherBlockChaining.decrypt([BII[BI)I @ 33
Event: 47.509 Thread 0x000000001e325000 Uncommon trap: reason=class_check action=maybe_recompile pc=0x000000000312f170 method=java.util.zip.InflaterInputStream.read([BII)I @ 100
Event: 47.509 Thread 0x000000001e325000 Uncommon trap: reason=class_check action=maybe_recompile pc=0x000000000312f170 method=java.util.zip.InflaterInputStream.read([BII)I @ 100
Event: 47.509 Thread 0x000000001e325000 Uncommon trap: reason=class_check action=maybe_recompile pc=0x000000000312f170 method=java.util.zip.InflaterInputStream.read([BII)I @ 100
Event: 47.509 Thread 0x000000001e325000 Uncommon trap: reason=class_check action=maybe_recompile pc=0x000000000312f170 method=java.util.zip.InflaterInputStream.read([BII)I @ 100
Event: 47.634 Thread 0x000000001e325000 Uncommon trap: reason=unstable_if action=reinterpret pc=0x0000000003c4a3d8 method=java.util.zip.GZIPInputStream.read([BII)I @ 25
Event: 47.710 Thread 0x000000001e325000 Uncommon trap: reason=unstable_if action=reinterpret pc=0x0000000003515e44 method=java.util.concurrent.ConcurrentHashMap.get(Ljava/lang/Object;)Ljava/lang/Object; @ 76
Event: 47.711 Thread 0x000000001e325000 Uncommon trap: reason=class_check action=maybe_recompile pc=0x0000000003947a6c method=java.util.concurrent.ConcurrentHashMap.putVal(Ljava/lang/Object;Ljava/lang/Object;Z)Ljava/lang/Object; @ 192
Event: 47.711 Thread 0x000000001e325000 Uncommon trap: reason=class_check action=maybe_recompile pc=0x0000000003947a6c method=java.util.concurrent.ConcurrentHashMap.putVal(Ljava/lang/Object;Ljava/lang/Object;Z)Ljava/lang/Object; @ 192

Classes redefined (0 events):
No events

Internal exceptions (10 events):
Event: 46.392 Thread 0x000000001e322800 Exception <a 'java/lang/ArrayIndexOutOfBoundsException': 278> (0x00000000c33f6c98) thrown at [C:\re\workspace\8-2-build-windows-amd64-cygwin\jdk8u171\10807\hotspot\src\share\vm\interpreter\interpreterRuntime.cpp, line 366]
Event: 46.466 Thread 0x000000001e31f800 Exception <a 'java/lang/ArrayIndexOutOfBoundsException': 277> (0x00000000c3b6e4a0) thrown at [C:\re\workspace\8-2-build-windows-amd64-cygwin\jdk8u171\10807\hotspot\src\share\vm\interpreter\interpreterRuntime.cpp, line 366]
Event: 46.466 Thread 0x000000001e31f800 Exception <a 'java/lang/ArrayIndexOutOfBoundsException': 278> (0x00000000c3b6e6f8) thrown at [C:\re\workspace\8-2-build-windows-amd64-cygwin\jdk8u171\10807\hotspot\src\share\vm\interpreter\interpreterRuntime.cpp, line 366]
Event: 46.521 Thread 0x000000001e321000 Exception <a 'java/lang/ArrayIndexOutOfBoundsException'> (0x00000000c3d1aea8) thrown at [C:\re\workspace\8-2-build-windows-amd64-cygwin\jdk8u171\10807\hotspot\src\share\vm\runtime\sharedRuntime.cpp, line 605]
Event: 46.522 Thread 0x000000001e321000 Exception <a 'java/lang/ArrayIndexOutOfBoundsException'> (0x00000000c3d26b50) thrown at [C:\re\workspace\8-2-build-windows-amd64-cygwin\jdk8u171\10807\hotspot\src\share\vm\runtime\sharedRuntime.cpp, line 605]
Event: 46.617 Thread 0x000000001e321000 Exception <a 'java/lang/ArrayIndexOutOfBoundsException'> (0x00000000c388f9b0) thrown at [C:\re\workspace\8-2-build-windows-amd64-cygwin\jdk8u171\10807\hotspot\src\share\vm\runtime\sharedRuntime.cpp, line 605]
Event: 46.617 Thread 0x000000001e321000 Exception <a 'java/lang/ArrayIndexOutOfBoundsException'> (0x00000000c38b1348) thrown at [C:\re\workspace\8-2-build-windows-amd64-cygwin\jdk8u171\10807\hotspot\src\share\vm\runtime\sharedRuntime.cpp, line 605]
Event: 46.771 Thread 0x000000001e321000 Exception <a 'java/lang/ArrayIndexOutOfBoundsException'> (0x00000000c32da8f8) thrown at [C:\re\workspace\8-2-build-windows-amd64-cygwin\jdk8u171\10807\hotspot\src\share\vm\runtime\sharedRuntime.cpp, line 605]
Event: 46.772 Thread 0x000000001e321000 Exception <a 'java/lang/ArrayIndexOutOfBoundsException'> (0x00000000c30cd1c0) thrown at [C:\re\workspace\8-2-build-windows-amd64-cygwin\jdk8u171\10807\hotspot\src\share\vm\runtime\sharedRuntime.cpp, line 605]
Event: 46.776 Thread 0x000000001e321000 Exception <a 'java/lang/ArrayIndexOutOfBoundsException'> (0x00000000c2f19b60) thrown at [C:\re\workspace\8-2-build-windows-amd64-cygwin\jdk8u171\10807\hotspot\src\share\vm\runtime\sharedRuntime.cpp, line 605]

Events (10 events):
Event: 48.033 Executing VM operation: G1IncCollectionPause done
Event: 48.208 Executing VM operation: G1IncCollectionPause
Event: 48.243 Executing VM operation: G1IncCollectionPause done
Event: 48.292 Executing VM operation: G1IncCollectionPause
Event: 48.319 Executing VM operation: G1IncCollectionPause done
Event: 48.461 Executing VM operation: G1IncCollectionPause
Event: 48.485 Executing VM operation: G1IncCollectionPause done
Event: 48.522 Executing VM operation: G1IncCollectionPause
Event: 48.551 Executing VM operation: G1IncCollectionPause done
Event: 48.570 Executing VM operation: G1IncCollectionPause


Dynamic libraries:
0x00007ff7e7b70000 - 0x00007ff7e7ba7000 	C:\Program Files\Java\jdk1.8.0_171\bin\java.exe
0x00007ffa50c60000 - 0x00007ffa50e4d000 	C:\WINDOWS\SYSTEM32\ntdll.dll
0x00007ffa4f500000 - 0x00007ffa4f5b3000 	C:\WINDOWS\System32\KERNEL32.DLL
0x00007ffa4daa0000 - 0x00007ffa4dd33000 	C:\WINDOWS\System32\KERNELBASE.dll
0x00007ffa501b0000 - 0x00007ffa50253000 	C:\WINDOWS\System32\ADVAPI32.dll
0x00007ffa4f400000 - 0x00007ffa4f49e000 	C:\WINDOWS\System32\msvcrt.dll
0x00007ffa4ffe0000 - 0x00007ffa5007e000 	C:\WINDOWS\System32\sechost.dll
0x00007ffa50260000 - 0x00007ffa50382000 	C:\WINDOWS\System32\RPCRT4.dll
0x00007ffa50920000 - 0x00007ffa50ab7000 	C:\WINDOWS\System32\USER32.dll
0x00007ffa4d180000 - 0x00007ffa4d1a0000 	C:\WINDOWS\System32\win32u.dll
0x00007ffa4f860000 - 0x00007ffa4f889000 	C:\WINDOWS\System32\GDI32.dll
0x00007ffa4ce00000 - 0x00007ffa4cf9a000 	C:\WINDOWS\System32\gdi32full.dll
0x00007ffa4dd40000 - 0x00007ffa4dde0000 	C:\WINDOWS\System32\msvcp_win.dll
0x00007ffa4d1a0000 - 0x00007ffa4d29a000 	C:\WINDOWS\System32\ucrtbase.dll
0x00007ffa42e00000 - 0x00007ffa43079000 	C:\WINDOWS\WinSxS\amd64_microsoft.windows.common-controls_6595b64144ccf1df_6.0.17763.503_none_05b23ef40721f4ae\COMCTL32.dll
0x00007ffa50440000 - 0x00007ffa5076c000 	C:\WINDOWS\System32\combase.dll
0x00007ffa4cd30000 - 0x00007ffa4cdae000 	C:\WINDOWS\System32\bcryptPrimitives.dll
0x00007ffa4ff90000 - 0x00007ffa4ffbe000 	C:\WINDOWS\System32\IMM32.DLL
0x0000000071910000 - 0x00000000719e2000 	C:\Program Files\Java\jdk1.8.0_171\jre\bin\msvcr100.dll
0x000000006f8c0000 - 0x0000000070160000 	C:\Program Files\Java\jdk1.8.0_171\jre\bin\server\jvm.dll
0x00007ffa4f890000 - 0x00007ffa4f898000 	C:\WINDOWS\System32\PSAPI.DLL
0x00007ffa3b810000 - 0x00007ffa3b819000 	C:\WINDOWS\SYSTEM32\WSOCK32.dll
0x00007ffa4f8a0000 - 0x00007ffa4f90d000 	C:\WINDOWS\System32\WS2_32.dll
0x00007ffa430b0000 - 0x00007ffa430d4000 	C:\WINDOWS\SYSTEM32\WINMM.dll
0x00007ffa3be50000 - 0x00007ffa3be5a000 	C:\WINDOWS\SYSTEM32\VERSION.dll
0x00007ffa43080000 - 0x00007ffa430ad000 	C:\WINDOWS\SYSTEM32\WINMMBASE.dll
0x00007ffa4d9f0000 - 0x00007ffa4da3a000 	C:\WINDOWS\System32\cfgmgr32.dll
0x0000000071900000 - 0x000000007190f000 	C:\Program Files\Java\jdk1.8.0_171\jre\bin\verify.dll
0x00000000718d0000 - 0x00000000718f9000 	C:\Program Files\Java\jdk1.8.0_171\jre\bin\java.dll
0x00000000718b0000 - 0x00000000718c6000 	C:\Program Files\Java\jdk1.8.0_171\jre\bin\zip.dll
0x00007ffa4df10000 - 0x00007ffa4f400000 	C:\WINDOWS\System32\SHELL32.dll
0x00007ffa4f990000 - 0x00007ffa4fa38000 	C:\WINDOWS\System32\shcore.dll
0x00007ffa4d2a0000 - 0x00007ffa4d9ea000 	C:\WINDOWS\System32\windows.storage.dll
0x00007ffa4cd00000 - 0x00007ffa4cd24000 	C:\WINDOWS\System32\profapi.dll
0x00007ffa4cc60000 - 0x00007ffa4ccbd000 	C:\WINDOWS\System32\powrprof.dll
0x00007ffa4fec0000 - 0x00007ffa4ff12000 	C:\WINDOWS\System32\shlwapi.dll
0x00007ffa4ccc0000 - 0x00007ffa4ccd1000 	C:\WINDOWS\System32\kernel.appcore.dll
0x00007ffa4cde0000 - 0x00007ffa4cdf7000 	C:\WINDOWS\System32\cryptsp.dll
0x00007ffa4c040000 - 0x00007ffa4c073000 	C:\WINDOWS\system32\rsaenh.dll
0x00007ffa4cdb0000 - 0x00007ffa4cdd6000 	C:\WINDOWS\System32\bcrypt.dll
0x00007ffa4cb90000 - 0x00007ffa4cbb8000 	C:\WINDOWS\SYSTEM32\USERENV.dll
0x00007ffa4c650000 - 0x00007ffa4c65c000 	C:\WINDOWS\SYSTEM32\CRYPTBASE.dll
0x0000000071890000 - 0x00000000718aa000 	C:\Program Files\Java\jdk1.8.0_171\jre\bin\net.dll
0x00007ffa4c480000 - 0x00007ffa4c4e7000 	C:\WINDOWS\system32\mswsock.dll
0x00007ffa4c1e0000 - 0x00007ffa4c21d000 	C:\WINDOWS\SYSTEM32\IPHLPAPI.DLL
0x00007ffa50c20000 - 0x00007ffa50c28000 	C:\WINDOWS\System32\NSI.dll
0x00007ffa43b40000 - 0x00007ffa43b56000 	C:\WINDOWS\SYSTEM32\dhcpcsvc6.DLL
0x00007ffa444e0000 - 0x00007ffa444fc000 	C:\WINDOWS\SYSTEM32\dhcpcsvc.DLL
0x00007ffa4c220000 - 0x00007ffa4c2e6000 	C:\WINDOWS\SYSTEM32\DNSAPI.dll
0x0000000071870000 - 0x0000000071881000 	C:\Program Files\Java\jdk1.8.0_171\jre\bin\nio.dll
0x00007ffa35d10000 - 0x00007ffa35d39000 	C:\Users\XNOTE\.vscode\extensions\redhat.java-0.45.0\server\config_win\org.eclipse.equinox.launcher\org.eclipse.equinox.launcher.win32.win32.x86_64_1.1.1000.v20190125-2016\eclipse_1801.dll
0x00007ffa32110000 - 0x00007ffa32121000 	C:\Users\XNOTE\.vscode\extensions\redhat.java-0.45.0\server\config_win\org.eclipse.osgi\20\0\.cp\jWinHttp-1.0.0.dll
0x00007ffa50ac0000 - 0x00007ffa50c15000 	C:\WINDOWS\System32\ole32.dll
0x00007ffa44910000 - 0x00007ffa44a01000 	C:\WINDOWS\SYSTEM32\WINHTTP.dll
0x0000000071840000 - 0x0000000071864000 	C:\Program Files\Java\jdk1.8.0_171\jre\bin\sunec.dll

VM Arguments:
jvm_args: -Declipse.application=org.eclipse.jdt.ls.core.id1 -Dosgi.bundles.defaultStartLevel=4 -Declipse.product=org.eclipse.jdt.ls.core.product -Dfile.encoding=utf8 -DwatchParentProcess=false -Xverify:none -Xmx1G -XX:+UseG1GC -XX:+UseStringDeduplication 
java_command: C:\Users\XNOTE\.vscode\extensions\redhat.java-0.45.0\server\plugins\org.eclipse.equinox.launcher_1.5.400.v20190514-1658.jar -configuration C:\Users\XNOTE\.vscode\extensions\redhat.java-0.45.0\server\config_win -data c:\Users\XNOTE\AppData\Roaming\Code\User\workspaceStorage\93e8932c494c5971e4fa6186b51a1aec\redhat.java\jdt_ws
java_class_path (initial): C:\Users\XNOTE\.vscode\extensions\redhat.java-0.45.0\server\plugins\org.eclipse.equinox.launcher_1.5.400.v20190514-1658.jar
Launcher Type: SUN_STANDARD

Environment Variables:
PATH=C:\Program Files (x86)\Common Files\Oracle\Java\javapath;C:\ProgramData\Oracle\Java\javapath;C:\python27;C:\WINDOWS\system32;C:\WINDOWS;C:\WINDOWS\System32\Wbem;C:\WINDOWS\System32\WindowsPowerShell\v1.0\;C:\Program Files (x86)\Windows Live\Shared;C:\WINDOWS\System32\OpenSSH\;C:\Program Files\PuTTY\;C:\Program Files\Microsoft VS Code\bin;C:\Program Files\Git\cmd;C:\Program Files\Java\jdk1.8.0_171\bin;%USERPROFILE%\AppData\Local\Microsoft\WindowsApps;
USERNAME=¹Î¿ì
OS=Windows_NT
PROCESSOR_IDENTIFIER=Intel64 Family 6 Model 58 Stepping 9, GenuineIntel



---------------  S Y S T E M  ---------------

OS: Windows 10.0 , 64 bit Build 17763 (10.0.17763.475)

CPU:total 4 (initial active 4) (2 cores per cpu, 2 threads per core) family 6 model 58 stepping 9, cmov, cx8, fxsr, mmx, sse, sse2, sse3, ssse3, sse4.1, sse4.2, popcnt, avx, clmul, erms, ht, tsc, tscinvbit, tscinv

Memory: 4k page, physical 4024712k(368468k free), swap 5445000k(7092k free)

vm_info: Java HotSpot(TM) 64-Bit Server VM (25.171-b11) for windows-amd64 JRE (1.8.0_171-b11), built on Mar 28 2018 16:06:12 by "java_re" with MS VC++ 10.0 (VS2010)

time: Thu May 30 19:59:21 2019
elapsed time: 48 seconds (0d 0h 0m 48s)

