#
# There is insufficient memory for the Java Runtime Environment to continue.
# Native memory allocation (mmap) failed to map 1048576 bytes for Failed to commit area from 0x00000000c6d00000 to 0x00000000c6e00000 of length 1048576.
# Possible reasons:
#   The system is out of physical RAM or swap space
#   In 32 bit mode, the process size limit was hit
# Possible solutions:
#   Reduce memory load on the system
#   Increase physical memory or swap space
#   Check if swap backing store is full
#   Use 64 bit Java on a 64 bit OS
#   Decrease Java heap size (-Xmx/-Xms)
#   Decrease number of Java threads
#   Decrease Java thread stack sizes (-Xss)
#   Set larger code cache with -XX:ReservedCodeCacheSize=
# This output file may be truncated or incomplete.
#
#  Out of Memory Error (os_windows.cpp:3331), pid=15124, tid=0x000000000000177c
#
# JRE version: Java(TM) SE Runtime Environment (8.0_171-b11) (build 1.8.0_171-b11)
# Java VM: Java HotSpot(TM) 64-Bit Server VM (25.171-b11 mixed mode windows-amd64 compressed oops)
# Failed to write core dump. Minidumps are not enabled by default on client versions of Windows
#

---------------  T H R E A D  ---------------

Current thread (0x0000000002d3d000):  GCTaskThread [stack: 0x00000000123e0000,0x00000000124e0000] [id=6012]

Stack: [0x00000000123e0000,0x00000000124e0000]
[error occurred during error reporting (printing stack bounds), id 0xc0000005]

Native frames: (J=compiled Java code, j=interpreted, Vv=VM code, C=native code)


---------------  P R O C E S S  ---------------

Java Threads: ( => current thread )
  0x000000001e7fe000 JavaThread "Thread-2" daemon [_thread_blocked, id=1944, stack(0x00000000218a0000,0x00000000219a0000)]
  0x000000001e804000 JavaThread "ForkJoinPool.commonPool-worker-3" daemon [_thread_blocked, id=13372, stack(0x00000000217a0000,0x00000000218a0000)]
  0x000000001e802800 JavaThread "ForkJoinPool.commonPool-worker-2" daemon [_thread_blocked, id=17308, stack(0x00000000216a0000,0x00000000217a0000)]
  0x000000001e7ff800 JavaThread "ForkJoinPool.commonPool-worker-1" daemon [_thread_blocked, id=16256, stack(0x000000001ff50000,0x0000000020050000)]
  0x000000001a9ee800 JavaThread "Worker-5" [_thread_blocked, id=1224, stack(0x000000001fa50000,0x000000001fb50000)]
  0x000000001a9ee000 JavaThread "Worker-4" [_thread_blocked, id=17716, stack(0x000000001f890000,0x000000001f990000)]
  0x000000001a9f0000 JavaThread "pool-1-thread-1" [_thread_in_native, id=15848, stack(0x000000001f2c0000,0x000000001f3c0000)]
  0x000000001a9ed000 JavaThread "pool-2-thread-1" [_thread_blocked, id=12928, stack(0x000000001e150000,0x000000001e250000)]
  0x000000001c310000 JavaThread "Worker-3" [_thread_blocked, id=6804, stack(0x000000001dc50000,0x000000001dd50000)]
  0x000000001ac42800 JavaThread "Bundle File Closer" daemon [_thread_blocked, id=12104, stack(0x000000001d550000,0x000000001d650000)]
  0x000000001a6ba000 JavaThread "Java indexing" daemon [_thread_blocked, id=15572, stack(0x000000001d450000,0x000000001d550000)]
  0x000000001a8f8800 JavaThread "Worker-2" [_thread_blocked, id=13316, stack(0x000000001d150000,0x000000001d250000)]
  0x000000001b056000 JavaThread "Worker-1: Building workspace" [_thread_blocked, id=9664, stack(0x000000001d050000,0x000000001d150000)]
  0x000000001bd27000 JavaThread "Worker-0" [_thread_blocked, id=13052, stack(0x000000001cf50000,0x000000001d050000)]
  0x0000000019ff0000 JavaThread "Worker-JM" [_thread_blocked, id=5620, stack(0x000000001b400000,0x000000001b500000)]
  0x0000000018bdd000 JavaThread "Start Level: Equinox Container: 16e7dc79-1072-491d-8c71-c9b0829362a8" daemon [_thread_blocked, id=7360, stack(0x000000001b300000,0x000000001b400000)]
  0x0000000018bdc800 JavaThread "Framework Event Dispatcher: Equinox Container: 16e7dc79-1072-491d-8c71-c9b0829362a8" daemon [_thread_blocked, id=10168, stack(0x000000001b200000,0x000000001b300000)]
  0x0000000019ef4000 JavaThread "Active Thread: Equinox Container: 16e7dc79-1072-491d-8c71-c9b0829362a8" [_thread_blocked, id=15548, stack(0x000000001b100000,0x000000001b200000)]
  0x0000000018bf3000 JavaThread "Service Thread" daemon [_thread_blocked, id=6656, stack(0x0000000019650000,0x0000000019750000)]
  0x0000000018bcd800 JavaThread "C1 CompilerThread2" daemon [_thread_blocked, id=15552, stack(0x0000000019550000,0x0000000019650000)]
  0x0000000018b8c000 JavaThread "C2 CompilerThread1" daemon [_thread_in_native, id=7248, stack(0x0000000019450000,0x0000000019550000)]
  0x0000000018b80000 JavaThread "C2 CompilerThread0" daemon [_thread_in_native, id=16728, stack(0x0000000019350000,0x0000000019450000)]
  0x0000000018b7f000 JavaThread "Attach Listener" daemon [_thread_blocked, id=16708, stack(0x0000000019250000,0x0000000019350000)]
  0x0000000018b68800 JavaThread "Signal Dispatcher" daemon [_thread_blocked, id=13432, stack(0x0000000019150000,0x0000000019250000)]
  0x0000000018b7b000 JavaThread "Surrogate Locker Thread (Concurrent GC)" daemon [_thread_blocked, id=5940, stack(0x0000000019050000,0x0000000019150000)]
  0x0000000018adc800 JavaThread "Finalizer" daemon [_thread_blocked, id=3296, stack(0x0000000018f50000,0x0000000019050000)]
  0x0000000018ad6000 JavaThread "Reference Handler" daemon [_thread_blocked, id=14384, stack(0x0000000018e50000,0x0000000018f50000)]
  0x000000000285e000 JavaThread "main" [_thread_blocked, id=2628, stack(0x0000000002c20000,0x0000000002d20000)]

Other Threads:
  0x0000000018ad2800 VMThread [stack: 0x0000000018870000,0x0000000018970000] [id=10864]
  0x0000000018bf6800 WatcherThread [stack: 0x0000000019750000,0x0000000019850000] [id=12220]

=>0x0000000002d3d000 (exited) GCTaskThread [stack: 0x00000000123e0000,0x00000000124e0000] [id=6012]

VM state:at safepoint (normal execution)

VM Mutex/Monitor currently owned by a thread:  ([mutex/lock_event])
[0x000000000285d590] FreeList_lock - owner thread: 0x0000000002d3d000
[0x0000000002d201d0] Threads_lock - owner thread: 0x0000000018ad2800
[0x0000000002d210d0] Heap_lock - owner thread: 0x000000001e7fe000

Heap:
 garbage-first heap   total 112640K, used 105456K [0x00000000c0000000, 0x00000000c0100370, 0x0000000100000000)
  region size 1024K, 10 young (10240K), 3 survivors (3072K)
 Metaspace       used 42257K, capacity 44756K, committed 45056K, reserved 1089536K
  class space    used 4517K, capacity 5328K, committed 5376K, reserved 1048576K

Heap Regions: (Y=young(eden), SU=young(survivor), HS=humongous(starts), HC=humongous(continues), CS=collection set, F=free, TS=gc time stamp, PTAMS=previous top-at-mark-start, NTAMS=next top-at-mark-start)
AC   0 HS    TS     0 PTAMS 0x00000000c0000000 NTAMS 0x00000000c0000000 space 1024K,  87% used [0x00000000c0000000, 0x00000000c0100000)
AC   0  O    TS     0 PTAMS 0x00000000c0200000 NTAMS 0x00000000c0200000 space 1024K, 100% used [0x00000000c0100000, 0x00000000c0200000)
AC   0  O    TS     0 PTAMS 0x00000000c0300000 NTAMS 0x00000000c0300000 space 1024K, 100% used [0x00000000c0200000, 0x00000000c0300000)
AC   0 HS    TS     0 PTAMS 0x00000000c044a7a0 NTAMS 0x00000000c044a7a0 space 2048K,  64% used [0x00000000c0300000, 0x00000000c0500000)
AC   0 HC    TS     0 PTAMS 0x00000000c0400000 NTAMS 0x00000000c0400000 space 1024K,  29% used [0x00000000c0400000, 0x00000000c0500000)
AC   0  O    TS     0 PTAMS 0x00000000c0600000 NTAMS 0x00000000c0600000 space 1024K, 100% used [0x00000000c0500000, 0x00000000c0600000)
AC   0  O    TS     0 PTAMS 0x00000000c0700000 NTAMS 0x00000000c0700000 space 1024K, 100% used [0x00000000c0600000, 0x00000000c0700000)
AC   0  O    TS     0 PTAMS 0x00000000c0800000 NTAMS 0x00000000c0800000 space 1024K, 100% used [0x00000000c0700000, 0x00000000c0800000)
AC   0  O    TS     0 PTAMS 0x00000000c0900000 NTAMS 0x00000000c0900000 space 1024K, 100% used [0x00000000c0800000, 0x00000000c0900000)
AC   0  O    TS     0 PTAMS 0x00000000c0a00000 NTAMS 0x00000000c0a00000 space 1024K, 100% used [0x00000000c0900000, 0x00000000c0a00000)
AC   0  O    TS     0 PTAMS 0x00000000c0b00000 NTAMS 0x00000000c0b00000 space 1024K, 100% used [0x00000000c0a00000, 0x00000000c0b00000)
AC   0  O    TS     0 PTAMS 0x00000000c0c00000 NTAMS 0x00000000c0c00000 space 1024K, 100% used [0x00000000c0b00000, 0x00000000c0c00000)
AC   0  O    TS     0 PTAMS 0x00000000c0d00000 NTAMS 0x00000000c0d00000 space 1024K, 100% used [0x00000000c0c00000, 0x00000000c0d00000)
AC   0  O    TS     0 PTAMS 0x00000000c0e00000 NTAMS 0x00000000c0e00000 space 1024K, 100% used [0x00000000c0d00000, 0x00000000c0e00000)
AC   0  E CS TS     0 PTAMS 0x00000000c0e00000 NTAMS 0x00000000c0e00000 space 1024K, 100% used [0x00000000c0e00000, 0x00000000c0f00000)
AC   0  O    TS     0 PTAMS 0x00000000c1000000 NTAMS 0x00000000c1000000 space 1024K, 100% used [0x00000000c0f00000, 0x00000000c1000000)
AC   0  O    TS     0 PTAMS 0x00000000c1100000 NTAMS 0x00000000c1100000 space 1024K, 100% used [0x00000000c1000000, 0x00000000c1100000)
AC   0  O    TS     0 PTAMS 0x00000000c1200000 NTAMS 0x00000000c1200000 space 1024K, 100% used [0x00000000c1100000, 0x00000000c1200000)
AC   0  O    TS     0 PTAMS 0x00000000c1300000 NTAMS 0x00000000c1300000 space 1024K, 100% used [0x00000000c1200000, 0x00000000c1300000)
AC   0  O    TS     0 PTAMS 0x00000000c1400000 NTAMS 0x00000000c1400000 space 1024K, 100% used [0x00000000c1300000, 0x00000000c1400000)
AC   0 HS    TS     0 PTAMS 0x00000000c1400000 NTAMS 0x00000000c1400000 space 2048K,  64% used [0x00000000c1400000, 0x00000000c1600000)
AC   0 HC    TS     0 PTAMS 0x00000000c1500000 NTAMS 0x00000000c1500000 space 1024K,  29% used [0x00000000c1500000, 0x00000000c1600000)
AC   0  O    TS     0 PTAMS 0x00000000c1700000 NTAMS 0x00000000c1700000 space 1024K, 100% used [0x00000000c1600000, 0x00000000c1700000)
AC   0  O    TS     0 PTAMS 0x00000000c1800000 NTAMS 0x00000000c1800000 space 1024K, 100% used [0x00000000c1700000, 0x00000000c1800000)
AC   0  O    TS     0 PTAMS 0x00000000c1900000 NTAMS 0x00000000c1900000 space 1024K, 100% used [0x00000000c1800000, 0x00000000c1900000)
AC   0  O    TS     0 PTAMS 0x00000000c1a00000 NTAMS 0x00000000c1a00000 space 1024K, 100% used [0x00000000c1900000, 0x00000000c1a00000)
AC   0  O    TS     0 PTAMS 0x00000000c1b00000 NTAMS 0x00000000c1b00000 space 1024K, 100% used [0x00000000c1a00000, 0x00000000c1b00000)
AC   0 HS    TS     0 PTAMS 0x00000000c1b00000 NTAMS 0x00000000c1b00000 space 2048K,  64% used [0x00000000c1b00000, 0x00000000c1d00000)
AC   0 HC    TS     0 PTAMS 0x00000000c1c00000 NTAMS 0x00000000c1c00000 space 1024K,  29% used [0x00000000c1c00000, 0x00000000c1d00000)
AC   0  O    TS     0 PTAMS 0x00000000c1e00000 NTAMS 0x00000000c1e00000 space 1024K, 100% used [0x00000000c1d00000, 0x00000000c1e00000)
AC   0  O    TS     0 PTAMS 0x00000000c1f00000 NTAMS 0x00000000c1f00000 space 1024K, 100% used [0x00000000c1e00000, 0x00000000c1f00000)
AC   0  E CS TS     0 PTAMS 0x00000000c1f00000 NTAMS 0x00000000c1f00000 space 1024K, 100% used [0x00000000c1f00000, 0x00000000c2000000)
AC   0  O    TS     0 PTAMS 0x00000000c2100000 NTAMS 0x00000000c2100000 space 1024K, 100% used [0x00000000c2000000, 0x00000000c2100000)
AC   0 HS    TS     0 PTAMS 0x00000000c2100000 NTAMS 0x00000000c2100000 space 2048K,  64% used [0x00000000c2100000, 0x00000000c2300000)
AC   0 HC    TS     0 PTAMS 0x00000000c2200000 NTAMS 0x00000000c2200000 space 1024K,  29% used [0x00000000c2200000, 0x00000000c2300000)
AC   0  E CS TS     0 PTAMS 0x00000000c2300000 NTAMS 0x00000000c2300000 space 1024K, 100% used [0x00000000c2300000, 0x00000000c2400000)
AC   0  O    TS     0 PTAMS 0x00000000c2500000 NTAMS 0x00000000c2500000 space 1024K, 100% used [0x00000000c2400000, 0x00000000c2500000)
AC   0  E CS TS     0 PTAMS 0x00000000c2500000 NTAMS 0x00000000c2500000 space 1024K,   4% used [0x00000000c2500000, 0x00000000c2600000)
AC   0 HS    TS     0 PTAMS 0x00000000c2680010 NTAMS 0x00000000c2680010 space 1024K,  50% used [0x00000000c2600000, 0x00000000c2700000)
AC   0  O    TS     0 PTAMS 0x00000000c2800000 NTAMS 0x00000000c2800000 space 1024K, 100% used [0x00000000c2700000, 0x00000000c2800000)
AC   0  O    TS     0 PTAMS 0x00000000c2900000 NTAMS 0x00000000c2900000 space 1024K, 100% used [0x00000000c2800000, 0x00000000c2900000)
AC   0  O    TS     0 PTAMS 0x00000000c2a00000 NTAMS 0x00000000c2a00000 space 1024K, 100% used [0x00000000c2900000, 0x00000000c2a00000)
AC   0  O    TS     0 PTAMS 0x00000000c2b00000 NTAMS 0x00000000c2b00000 space 1024K, 100% used [0x00000000c2a00000, 0x00000000c2b00000)
AC   0  E CS TS     0 PTAMS 0x00000000c2b00000 NTAMS 0x00000000c2b00000 space 1024K, 100% used [0x00000000c2b00000, 0x00000000c2c00000)
AC   0  E CS TS     0 PTAMS 0x00000000c2c00000 NTAMS 0x00000000c2c00000 space 1024K, 100% used [0x00000000c2c00000, 0x00000000c2d00000)
AC   0 HS    TS     0 PTAMS 0x00000000c2d00000 NTAMS 0x00000000c2d00000 space 2048K,  87% used [0x00000000c2d00000, 0x00000000c2f00000)
AC   0 HC    TS     0 PTAMS 0x00000000c2e00000 NTAMS 0x00000000c2e00000 space 1024K,  74% used [0x00000000c2e00000, 0x00000000c2f00000)
AC   0 HS    TS     0 PTAMS 0x00000000c2f00000 NTAMS 0x00000000c2f00000 space 4096K,  87% used [0x00000000c2f00000, 0x00000000c3300000)
AC   0 HC    TS     0 PTAMS 0x00000000c3000000 NTAMS 0x00000000c3000000 space 1024K, 100% used [0x00000000c3000000, 0x00000000c3100000)
AC   0 HC    TS     0 PTAMS 0x00000000c3100000 NTAMS 0x00000000c3100000 space 1024K, 100% used [0x00000000c3100000, 0x00000000c3200000)
AC   0 HC    TS     0 PTAMS 0x00000000c3200000 NTAMS 0x00000000c3200000 space 1024K,  48% used [0x00000000c3200000, 0x00000000c3300000)
AC   0 HS    TS     0 PTAMS 0x00000000c3300000 NTAMS 0x00000000c3300000 space 7168K,  99% used [0x00000000c3300000, 0x00000000c3a00000)
AC   0 HC    TS     0 PTAMS 0x00000000c3400000 NTAMS 0x00000000c3400000 space 1024K, 100% used [0x00000000c3400000, 0x00000000c3500000)
AC   0 HC    TS     0 PTAMS 0x00000000c3500000 NTAMS 0x00000000c3500000 space 1024K, 100% used [0x00000000c3500000, 0x00000000c3600000)
AC   0 HC    TS     0 PTAMS 0x00000000c3600000 NTAMS 0x00000000c3600000 space 1024K, 100% used [0x00000000c3600000, 0x00000000c3700000)
AC   0 HC    TS     0 PTAMS 0x00000000c3700000 NTAMS 0x00000000c3700000 space 1024K, 100% used [0x00000000c3700000, 0x00000000c3800000)
AC   0 HC    TS     0 PTAMS 0x00000000c3800000 NTAMS 0x00000000c3800000 space 1024K, 100% used [0x00000000c3800000, 0x00000000c3900000)
AC   0 HC    TS     0 PTAMS 0x00000000c3900000 NTAMS 0x00000000c3900000 space 1024K,  97% used [0x00000000c3900000, 0x00000000c3a00000)
AC   0  E CS TS     0 PTAMS 0x00000000c3a00000 NTAMS 0x00000000c3a00000 space 1024K, 100% used [0x00000000c3a00000, 0x00000000c3b00000)
AC   0  E CS TS     0 PTAMS 0x00000000c3b00000 NTAMS 0x00000000c3b00000 space 1024K, 100% used [0x00000000c3b00000, 0x00000000c3c00000)
AC   0  E CS TS     0 PTAMS 0x00000000c3c00000 NTAMS 0x00000000c3c00000 space 1024K, 100% used [0x00000000c3c00000, 0x00000000c3d00000)
AC   0  E CS TS     0 PTAMS 0x00000000c3d00000 NTAMS 0x00000000c3d00000 space 1024K, 100% used [0x00000000c3d00000, 0x00000000c3e00000)
AC   0 HS    TS     0 PTAMS 0x00000000c3e00000 NTAMS 0x00000000c3e00000 space 14336K,  99% used [0x00000000c3e00000, 0x00000000c4c00000)
AC   0 HC    TS     0 PTAMS 0x00000000c3f00000 NTAMS 0x00000000c3f00000 space 1024K, 100% used [0x00000000c3f00000, 0x00000000c4000000)
AC   0 HC    TS     0 PTAMS 0x00000000c4000000 NTAMS 0x00000000c4000000 space 1024K, 100% used [0x00000000c4000000, 0x00000000c4100000)
AC   0 HC    TS     0 PTAMS 0x00000000c4100000 NTAMS 0x00000000c4100000 space 1024K, 100% used [0x00000000c4100000, 0x00000000c4200000)
AC   0 HC    TS     0 PTAMS 0x00000000c4200000 NTAMS 0x00000000c4200000 space 1024K, 100% used [0x00000000c4200000, 0x00000000c4300000)
AC   0 HC    TS     0 PTAMS 0x00000000c4300000 NTAMS 0x00000000c4300000 space 1024K, 100% used [0x00000000c4300000, 0x00000000c4400000)
AC   0 HC    TS     0 PTAMS 0x00000000c4400000 NTAMS 0x00000000c4400000 space 1024K, 100% used [0x00000000c4400000, 0x00000000c4500000)
AC   0 HC    TS     0 PTAMS 0x00000000c4500000 NTAMS 0x00000000c4500000 space 1024K, 100% used [0x00000000c4500000, 0x00000000c4600000)
AC   0 HC    TS     0 PTAMS 0x00000000c4600000 NTAMS 0x00000000c4600000 space 1024K, 100% used [0x00000000c4600000, 0x00000000c4700000)
AC   0 HC    TS     0 PTAMS 0x00000000c4700000 NTAMS 0x00000000c4700000 space 1024K, 100% used [0x00000000c4700000, 0x00000000c4800000)
AC   0 HC    TS     0 PTAMS 0x00000000c4800000 NTAMS 0x00000000c4800000 space 1024K, 100% used [0x00000000c4800000, 0x00000000c4900000)
AC   0 HC    TS     0 PTAMS 0x00000000c4900000 NTAMS 0x00000000c4900000 space 1024K, 100% used [0x00000000c4900000, 0x00000000c4a00000)
AC   0 HC    TS     0 PTAMS 0x00000000c4a00000 NTAMS 0x00000000c4a00000 space 1024K, 100% used [0x00000000c4a00000, 0x00000000c4b00000)
AC   0 HC    TS     0 PTAMS 0x00000000c4b00000 NTAMS 0x00000000c4b00000 space 1024K,  94% used [0x00000000c4b00000, 0x00000000c4c00000)
AC   0 HS    TS     0 PTAMS 0x00000000c4c00000 NTAMS 0x00000000c4c00000 space 11264K,  97% used [0x00000000c4c00000, 0x00000000c5700000)
AC   0 HC    TS     0 PTAMS 0x00000000c4d00000 NTAMS 0x00000000c4d00000 space 1024K, 100% used [0x00000000c4d00000, 0x00000000c4e00000)
AC   0 HC    TS     0 PTAMS 0x00000000c4e00000 NTAMS 0x00000000c4e00000 space 1024K, 100% used [0x00000000c4e00000, 0x00000000c4f00000)
AC   0 HC    TS     0 PTAMS 0x00000000c4f00000 NTAMS 0x00000000c4f00000 space 1024K, 100% used [0x00000000c4f00000, 0x00000000c5000000)
AC   0 HC    TS     0 PTAMS 0x00000000c5000000 NTAMS 0x00000000c5000000 space 1024K, 100% used [0x00000000c5000000, 0x00000000c5100000)
AC   0 HC    TS     0 PTAMS 0x00000000c5100000 NTAMS 0x00000000c5100000 space 1024K, 100% used [0x00000000c5100000, 0x00000000c5200000)
AC   0 HC    TS     0 PTAMS 0x00000000c5200000 NTAMS 0x00000000c5200000 space 1024K, 100% used [0x00000000c5200000, 0x00000000c5300000)
AC   0 HC    TS     0 PTAMS 0x00000000c5300000 NTAMS 0x00000000c5300000 space 1024K, 100% used [0x00000000c5300000, 0x00000000c5400000)
AC   0 HC    TS     0 PTAMS 0x00000000c5400000 NTAMS 0x00000000c5400000 space 1024K, 100% used [0x00000000c5400000, 0x00000000c5500000)
AC   0 HC    TS     0 PTAMS 0x00000000c5500000 NTAMS 0x00000000c5500000 space 1024K, 100% used [0x00000000c5500000, 0x00000000c5600000)
AC   0 HC    TS     0 PTAMS 0x00000000c5600000 NTAMS 0x00000000c5600000 space 1024K,  75% used [0x00000000c5600000, 0x00000000c5700000)
AC   0 HS    TS     0 PTAMS 0x00000000c5700000 NTAMS 0x00000000c5700000 space 22528K,  97% used [0x00000000c5700000, 0x00000000c6d00000)
AC   0 HC    TS     0 PTAMS 0x00000000c5800000 NTAMS 0x00000000c5800000 space 1024K, 100% used [0x00000000c5800000, 0x00000000c5900000)
AC   0 HC    TS     0 PTAMS 0x00000000c5900000 NTAMS 0x00000000c5900000 space 1024K, 100% used [0x00000000c5900000, 0x00000000c5a00000)
AC   0 HC    TS     0 PTAMS 0x00000000c5a00000 NTAMS 0x00000000c5a00000 space 1024K, 100% used [0x00000000c5a00000, 0x00000000c5b00000)
AC   0 HC    TS     0 PTAMS 0x00000000c5b00000 NTAMS 0x00000000c5b00000 space 1024K, 100% used [0x00000000c5b00000, 0x00000000c5c00000)
AC   0 HC    TS     0 PTAMS 0x00000000c5c00000 NTAMS 0x00000000c5c00000 space 1024K, 100% used [0x00000000c5c00000, 0x00000000c5d00000)
AC   0 HC    TS     0 PTAMS 0x00000000c5d00000 NTAMS 0x00000000c5d00000 space 1024K, 100% used [0x00000000c5d00000, 0x00000000c5e00000)
AC   0 HC    TS     0 PTAMS 0x00000000c5e00000 NTAMS 0x00000000c5e00000 space 1024K, 100% used [0x00000000c5e00000, 0x00000000c5f00000)
AC   0 HC    TS     0 PTAMS 0x00000000c5f00000 NTAMS 0x00000000c5f00000 space 1024K, 100% used [0x00000000c5f00000, 0x00000000c6000000)
AC   0 HC    TS     0 PTAMS 0x00000000c6000000 NTAMS 0x00000000c6000000 space 1024K, 100% used [0x00000000c6000000, 0x00000000c6100000)
AC   0 HC    TS     0 PTAMS 0x00000000c6100000 NTAMS 0x00000000c6100000 space 1024K, 100% used [0x00000000c6100000, 0x00000000c6200000)
AC   0 HC    TS     0 PTAMS 0x00000000c6200000 NTAMS 0x00000000c6200000 space 1024K, 100% used [0x00000000c6200000, 0x00000000c6300000)
AC   0 HC    TS     0 PTAMS 0x00000000c6300000 NTAMS 0x00000000c6300000 space 1024K, 100% used [0x00000000c6300000, 0x00000000c6400000)
AC   0 HC    TS     0 PTAMS 0x00000000c6400000 NTAMS 0x00000000c6400000 space 1024K, 100% used [0x00000000c6400000, 0x00000000c6500000)
AC   0 HC    TS     0 PTAMS 0x00000000c6500000 NTAMS 0x00000000c6500000 space 1024K, 100% used [0x00000000c6500000, 0x00000000c6600000)
AC   0 HC    TS     0 PTAMS 0x00000000c6600000 NTAMS 0x00000000c6600000 space 1024K, 100% used [0x00000000c6600000, 0x00000000c6700000)
AC   0 HC    TS     0 PTAMS 0x00000000c6700000 NTAMS 0x00000000c6700000 space 1024K, 100% used [0x00000000c6700000, 0x00000000c6800000)
AC   0 HC    TS     0 PTAMS 0x00000000c6800000 NTAMS 0x00000000c6800000 space 1024K, 100% used [0x00000000c6800000, 0x00000000c6900000)
AC   0 HC    TS     0 PTAMS 0x00000000c6900000 NTAMS 0x00000000c6900000 space 1024K, 100% used [0x00000000c6900000, 0x00000000c6a00000)
AC   0 HC    TS     0 PTAMS 0x00000000c6a00000 NTAMS 0x00000000c6a00000 space 1024K, 100% used [0x00000000c6a00000, 0x00000000c6b00000)
AC   0 HC    TS     0 PTAMS 0x00000000c6b00000 NTAMS 0x00000000c6b00000 space 1024K, 100% used [0x00000000c6b00000, 0x00000000c6c00000)
AC   0 HC    TS     0 PTAMS 0x00000000c6c00000 NTAMS 0x00000000c6c00000 space 1024K,  50% used [0x00000000c6c00000, 0x00000000c6d00000)

Card table byte_map: [0x0000000013330000,0x0000000013530000] byte_map_base: 0x0000000012d30000

Marking Bits (Prev, Next): (CMBitMap*) 0x0000000002d58e78, (CMBitMap*) 0x0000000002d58ed0
 Prev Bits: [0x0000000013730000, 0x0000000014730000)
 Next Bits: [0x0000000014730000, 0x0000000015730000)

Polling page: 0x0000000000f20000

CodeCache: size=245760Kb used=14250Kb max_used=14261Kb free=231509Kb
 bounds [0x0000000002e20000, 0x0000000003c20000, 0x0000000011e20000]
 total_blobs=4799 nmethods=4238 adapters=471
 compilation: enabled

Compilation events (10 events):
Event: 29.659 Thread 0x0000000018b8c000 nmethod 4909 0x0000000003c16090 code [0x0000000003c16300, 0x0000000003c16750]
Event: 29.659 Thread 0x0000000018b8c000 4927       4       com.google.gson.stream.JsonReader::nextString (197 bytes)
Event: 29.661 Thread 0x0000000018b80000 nmethod 4923 0x0000000003c15490 code [0x0000000003c15700, 0x0000000003c15b50]
Event: 29.661 Thread 0x0000000018b80000 4928       4       java.lang.AbstractStringBuilder::newCapacity (39 bytes)
Event: 29.663 Thread 0x0000000018b80000 nmethod 4928 0x0000000003c12250 code [0x0000000003c12380, 0x0000000003c12458]
Event: 29.664 Thread 0x0000000018b8c000 nmethod 4927 0x0000000003c0de50 code [0x0000000003c0dfe0, 0x0000000003c0e270]
Event: 29.665 Thread 0x0000000018b80000 4930       4       com.google.gson.internal.LinkedTreeMap::put (35 bytes)
Event: 29.666 Thread 0x0000000018b8c000 4931       4       com.google.gson.stream.JsonReader$1::promoteNameToValue (112 bytes)
Event: 29.667 Thread 0x0000000018b8c000 nmethod 4931 0x0000000003c15150 code [0x0000000003c152a0, 0x0000000003c15388]
Event: 29.667 Thread 0x0000000018b8c000 4932       4       com.google.gson.internal.LinkedTreeMap::rebalance (379 bytes)

GC Heap History (10 events):
Event: 24.408 GC heap after
Heap after GC invocations=17 (full 0):
 garbage-first heap   total 63488K, used 40960K [0x00000000c0000000, 0x00000000c01001f0, 0x0000000100000000)
  region size 1024K, 3 young (3072K), 3 survivors (3072K)
 Metaspace       used 39462K, capacity 41754K, committed 41856K, reserved 1085440K
  class space    used 4240K, capacity 4947K, committed 4992K, reserved 1048576K
}
Event: 25.868 GC heap before
{Heap before GC invocations=18 (full 0):
 garbage-first heap   total 63488K, used 48937K [0x00000000c0000000, 0x00000000c01001f0, 0x0000000100000000)
  region size 1024K, 14 young (14336K), 3 survivors (3072K)
 Metaspace       used 41277K, capacity 43778K, committed 43904K, reserved 1087488K
  class space    used 4434K, capacity 5247K, committed 5248K, reserved 1048576K
Event: 25.878 GC heap after
Heap after GC invocations=19 (full 0):
 garbage-first heap   total 63488K, used 38697K [0x00000000c0000000, 0x00000000c01001f0, 0x0000000100000000)
  region size 1024K, 2 young (2048K), 2 survivors (2048K)
 Metaspace       used 41277K, capacity 43778K, committed 43904K, reserved 1087488K
  class space    used 4434K, capacity 5247K, committed 5248K, reserved 1048576K
}
Event: 25.950 GC heap before
{Heap before GC invocations=19 (full 0):
 garbage-first heap   total 63488K, used 39721K [0x00000000c0000000, 0x00000000c01001f0, 0x0000000100000000)
  region size 1024K, 3 young (3072K), 2 survivors (2048K)
 Metaspace       used 41615K, capacity 44098K, committed 44160K, reserved 1087488K
  class space    used 4450K, capacity 5247K, committed 5248K, reserved 1048576K
Event: 25.962 GC heap after
Heap after GC invocations=20 (full 0):
 garbage-first heap   total 63488K, used 36025K [0x00000000c0000000, 0x00000000c01001f0, 0x0000000100000000)
  region size 1024K, 1 young (1024K), 1 survivors (1024K)
 Metaspace       used 41615K, capacity 44098K, committed 44160K, reserved 1087488K
  class space    used 4450K, capacity 5247K, committed 5248K, reserved 1048576K
}
Event: 27.051 GC heap before
{Heap before GC invocations=20 (full 0):
 garbage-first heap   total 63488K, used 38073K [0x00000000c0000000, 0x00000000c01001f0, 0x0000000100000000)
  region size 1024K, 3 young (3072K), 1 survivors (1024K)
 Metaspace       used 41766K, capacity 44286K, committed 44544K, reserved 1089536K
  class space    used 4471K, capacity 5287K, committed 5376K, reserved 1048576K
Event: 27.066 GC heap after
Heap after GC invocations=21 (full 0):
 garbage-first heap   total 63488K, used 33040K [0x00000000c0000000, 0x00000000c01001f0, 0x0000000100000000)
  region size 1024K, 1 young (1024K), 1 survivors (1024K)
 Metaspace       used 41766K, capacity 44286K, committed 44544K, reserved 1089536K
  class space    used 4471K, capacity 5287K, committed 5376K, reserved 1048576K
}
Event: 28.978 GC heap before
{Heap before GC invocations=21 (full 0):
 garbage-first heap   total 63488K, used 48400K [0x00000000c0000000, 0x00000000c01001f0, 0x0000000100000000)
  region size 1024K, 17 young (17408K), 1 survivors (1024K)
 Metaspace       used 42223K, capacity 44750K, committed 45056K, reserved 1089536K
  class space    used 4512K, capacity 5327K, committed 5376K, reserved 1048576K
Event: 28.986 GC heap after
Heap after GC invocations=22 (full 0):
 garbage-first heap   total 63488K, used 34650K [0x00000000c0000000, 0x00000000c01001f0, 0x0000000100000000)
  region size 1024K, 3 young (3072K), 3 survivors (3072K)
 Metaspace       used 42223K, capacity 44750K, committed 45056K, reserved 1089536K
  class space    used 4512K, capacity 5327K, committed 5376K, reserved 1048576K
}
Event: 29.680 GC heap before
{Heap before GC invocations=23 (full 0):
 garbage-first heap   total 111616K, used 105456K [0x00000000c0000000, 0x00000000c0100368, 0x0000000100000000)
  region size 1024K, 10 young (10240K), 3 survivors (3072K)
 Metaspace       used 42257K, capacity 44756K, committed 45056K, reserved 1089536K
  class space    used 4517K, capacity 5328K, committed 5376K, reserved 1048576K

Deoptimization events (10 events):
Event: 29.118 Thread 0x000000001e7fe000 Uncommon trap: reason=unstable_if action=reinterpret pc=0x0000000003bfbb90 method=com.sun.crypto.provider.CipherBlockChaining.decrypt([BII[BI)I @ 33
Event: 29.138 Thread 0x000000001e7fe000 Uncommon trap: reason=class_check action=maybe_recompile pc=0x00000000032d0270 method=java.util.zip.InflaterInputStream.read([BII)I @ 100
Event: 29.138 Thread 0x000000001e7fe000 Uncommon trap: reason=class_check action=maybe_recompile pc=0x00000000032d0270 method=java.util.zip.InflaterInputStream.read([BII)I @ 100
Event: 29.138 Thread 0x000000001e7fe000 Uncommon trap: reason=class_check action=maybe_recompile pc=0x00000000032d0270 method=java.util.zip.InflaterInputStream.read([BII)I @ 100
Event: 29.138 Thread 0x000000001e7fe000 Uncommon trap: reason=class_check action=maybe_recompile pc=0x00000000032d0270 method=java.util.zip.InflaterInputStream.read([BII)I @ 100
Event: 29.417 Thread 0x000000001e7fe000 Uncommon trap: reason=unstable_if action=reinterpret pc=0x0000000003c039a4 method=java.util.zip.GZIPInputStream.read([BII)I @ 25
Event: 29.581 Thread 0x000000001e7fe000 Uncommon trap: reason=unstable_if action=reinterpret pc=0x000000000385ecd4 method=java.util.concurrent.ConcurrentHashMap.get(Ljava/lang/Object;)Ljava/lang/Object; @ 76
Event: 29.581 Thread 0x000000001e7fe000 Uncommon trap: reason=class_check action=maybe_recompile pc=0x000000000378d678 method=java.util.concurrent.ConcurrentHashMap.putVal(Ljava/lang/Object;Ljava/lang/Object;Z)Ljava/lang/Object; @ 192
Event: 29.581 Thread 0x000000001e7fe000 Uncommon trap: reason=bimorphic action=maybe_recompile pc=0x00000000037b605c method=java.util.HashMap.removeNode(ILjava/lang/Object;Ljava/lang/Object;ZZ)Ljava/util/HashMap$Node; @ 68
Event: 29.581 Thread 0x000000001e7fe000 Uncommon trap: reason=class_check action=maybe_recompile pc=0x000000000378d678 method=java.util.concurrent.ConcurrentHashMap.putVal(Ljava/lang/Object;Ljava/lang/Object;Z)Ljava/lang/Object; @ 192

Classes redefined (0 events):
No events

Internal exceptions (10 events):
Event: 29.304 Thread 0x000000001b056000 Exception <a 'sun/nio/fs/WindowsException'> (0x00000000c3cb3f68) thrown at [C:\re\workspace\8-2-build-windows-amd64-cygwin\jdk8u171\10807\hotspot\src\share\vm\prims\jni.cpp, line 709]
Event: 29.310 Thread 0x000000001b056000 Exception <a 'sun/nio/fs/WindowsException'> (0x00000000c3cbb2a8) thrown at [C:\re\workspace\8-2-build-windows-amd64-cygwin\jdk8u171\10807\hotspot\src\share\vm\prims\jni.cpp, line 709]
Event: 29.335 Thread 0x000000001b056000 Exception <a 'sun/nio/fs/WindowsException'> (0x00000000c3cc4670) thrown at [C:\re\workspace\8-2-build-windows-amd64-cygwin\jdk8u171\10807\hotspot\src\share\vm\prims\jni.cpp, line 709]
Event: 29.441 Thread 0x000000001b056000 Exception <a 'sun/nio/fs/WindowsException'> (0x00000000c3ce41c0) thrown at [C:\re\workspace\8-2-build-windows-amd64-cygwin\jdk8u171\10807\hotspot\src\share\vm\prims\jni.cpp, line 709]
Event: 29.450 Thread 0x000000001b056000 Exception <a 'sun/nio/fs/WindowsException'> (0x00000000c3cf7df0) thrown at [C:\re\workspace\8-2-build-windows-amd64-cygwin\jdk8u171\10807\hotspot\src\share\vm\prims\jni.cpp, line 709]
Event: 29.455 Thread 0x000000001b056000 Exception <a 'sun/nio/fs/WindowsException'> (0x00000000c3cff130) thrown at [C:\re\workspace\8-2-build-windows-amd64-cygwin\jdk8u171\10807\hotspot\src\share\vm\prims\jni.cpp, line 709]
Event: 29.474 Thread 0x000000001b056000 Exception <a 'sun/nio/fs/WindowsException'> (0x00000000c3b085a0) thrown at [C:\re\workspace\8-2-build-windows-amd64-cygwin\jdk8u171\10807\hotspot\src\share\vm\prims\jni.cpp, line 709]
Event: 29.597 Thread 0x000000001b056000 Exception <a 'sun/nio/fs/WindowsException'> (0x00000000c3b960a0) thrown at [C:\re\workspace\8-2-build-windows-amd64-cygwin\jdk8u171\10807\hotspot\src\share\vm\prims\jni.cpp, line 709]
Event: 29.608 Thread 0x000000001b056000 Exception <a 'sun/nio/fs/WindowsException'> (0x00000000c3ba9b68) thrown at [C:\re\workspace\8-2-build-windows-amd64-cygwin\jdk8u171\10807\hotspot\src\share\vm\prims\jni.cpp, line 709]
Event: 29.612 Thread 0x000000001b056000 Exception <a 'sun/nio/fs/WindowsException'> (0x00000000c3bb0ea8) thrown at [C:\re\workspace\8-2-build-windows-amd64-cygwin\jdk8u171\10807\hotspot\src\share\vm\prims\jni.cpp, line 709]

Events (10 events):
Event: 29.610 Thread 0x000000001e7fe000 DEOPT UNPACKING pc=0x0000000002e67890 sp=0x000000002199e810 mode 0
Event: 29.612 Thread 0x000000001e7fe000 DEOPT PACKING pc=0x00000000034b51ba sp=0x000000002199ec80
Event: 29.612 Thread 0x000000001e7fe000 DEOPT UNPACKING pc=0x0000000002e67890 sp=0x000000002199ea90 mode 0
Event: 29.613 Thread 0x000000001e7fe000 DEOPT PACKING pc=0x00000000034b51ba sp=0x000000002199ea00
Event: 29.613 Thread 0x000000001e7fe000 DEOPT UNPACKING pc=0x0000000002e67890 sp=0x000000002199e810 mode 0
Event: 29.615 Thread 0x000000001e7fe000 DEOPT PACKING pc=0x00000000034b51ba sp=0x000000002199ea80
Event: 29.615 Thread 0x000000001e7fe000 DEOPT UNPACKING pc=0x0000000002e67890 sp=0x000000002199e890 mode 0
Event: 29.616 Thread 0x000000001e7fe000 DEOPT PACKING pc=0x00000000034b51ba sp=0x000000002199ecc0
Event: 29.616 Thread 0x000000001e7fe000 DEOPT UNPACKING pc=0x0000000002e67890 sp=0x000000002199ead0 mode 0
Event: 29.680 Executing VM operation: G1IncCollectionPause


Dynamic libraries:
0x00007ff725010000 - 0x00007ff725047000 	C:\Program Files\Java\jdk1.8.0_171\bin\java.exe
0x00007ff933b60000 - 0x00007ff933d4d000 	C:\WINDOWS\SYSTEM32\ntdll.dll
0x00007ff932220000 - 0x00007ff9322d3000 	C:\WINDOWS\System32\KERNEL32.DLL
0x00007ff930100000 - 0x00007ff930393000 	C:\WINDOWS\System32\KERNELBASE.dll
0x00007ff930d90000 - 0x00007ff930e33000 	C:\WINDOWS\System32\ADVAPI32.dll
0x00007ff9319d0000 - 0x00007ff931a6e000 	C:\WINDOWS\System32\msvcrt.dll
0x00007ff931f10000 - 0x00007ff931fae000 	C:\WINDOWS\System32\sechost.dll
0x00007ff931fc0000 - 0x00007ff9320e2000 	C:\WINDOWS\System32\RPCRT4.dll
0x00007ff931d70000 - 0x00007ff931f07000 	C:\WINDOWS\System32\USER32.dll
0x00007ff92fc50000 - 0x00007ff92fc70000 	C:\WINDOWS\System32\win32u.dll
0x00007ff9322f0000 - 0x00007ff932319000 	C:\WINDOWS\System32\GDI32.dll
0x00007ff9303a0000 - 0x00007ff93053a000 	C:\WINDOWS\System32\gdi32full.dll
0x00007ff92fe80000 - 0x00007ff92ff20000 	C:\WINDOWS\System32\msvcp_win.dll
0x00007ff930540000 - 0x00007ff93063a000 	C:\WINDOWS\System32\ucrtbase.dll
0x00007ff924040000 - 0x00007ff9242b9000 	C:\WINDOWS\WinSxS\amd64_microsoft.windows.common-controls_6595b64144ccf1df_6.0.17763.379_none_05b83be8071c94a1\COMCTL32.dll
0x00007ff931620000 - 0x00007ff93194d000 	C:\WINDOWS\System32\combase.dll
0x00007ff92fcf0000 - 0x00007ff92fd6e000 	C:\WINDOWS\System32\bcryptPrimitives.dll
0x00007ff931060000 - 0x00007ff93108e000 	C:\WINDOWS\System32\IMM32.DLL
0x000000005a180000 - 0x000000005a252000 	C:\Program Files\Java\jdk1.8.0_171\jre\bin\msvcr100.dll
0x00000000587b0000 - 0x0000000059050000 	C:\Program Files\Java\jdk1.8.0_171\jre\bin\server\jvm.dll
0x00007ff931fb0000 - 0x00007ff931fb8000 	C:\WINDOWS\System32\PSAPI.DLL
0x00007ff91dea0000 - 0x00007ff91dea9000 	C:\WINDOWS\SYSTEM32\WSOCK32.dll
0x00007ff92db40000 - 0x00007ff92db64000 	C:\WINDOWS\SYSTEM32\WINMM.dll
0x00007ff932340000 - 0x00007ff9323ad000 	C:\WINDOWS\System32\WS2_32.dll
0x00007ff91ee60000 - 0x00007ff91ee6a000 	C:\WINDOWS\SYSTEM32\VERSION.dll
0x00007ff92db10000 - 0x00007ff92db3d000 	C:\WINDOWS\SYSTEM32\WINMMBASE.dll
0x00007ff92fc70000 - 0x00007ff92fcba000 	C:\WINDOWS\System32\cfgmgr32.dll
0x000000005a170000 - 0x000000005a17f000 	C:\Program Files\Java\jdk1.8.0_171\jre\bin\verify.dll
0x000000005a140000 - 0x000000005a169000 	C:\Program Files\Java\jdk1.8.0_171\jre\bin\java.dll
0x000000005a120000 - 0x000000005a136000 	C:\Program Files\Java\jdk1.8.0_171\jre\bin\zip.dll
0x00007ff932640000 - 0x00007ff933b30000 	C:\WINDOWS\System32\SHELL32.dll
0x00007ff931090000 - 0x00007ff931138000 	C:\WINDOWS\System32\shcore.dll
0x00007ff930640000 - 0x00007ff930d8a000 	C:\WINDOWS\System32\windows.storage.dll
0x00007ff92fba0000 - 0x00007ff92fbc4000 	C:\WINDOWS\System32\profapi.dll
0x00007ff92fbd0000 - 0x00007ff92fc2d000 	C:\WINDOWS\System32\powrprof.dll
0x00007ff931d10000 - 0x00007ff931d62000 	C:\WINDOWS\System32\shlwapi.dll
0x00007ff92fb80000 - 0x00007ff92fb91000 	C:\WINDOWS\System32\kernel.appcore.dll
0x00007ff92fc30000 - 0x00007ff92fc47000 	C:\WINDOWS\System32\cryptsp.dll
0x00007ff92ef40000 - 0x00007ff92ef73000 	C:\WINDOWS\system32\rsaenh.dll
0x00007ff92fcc0000 - 0x00007ff92fce6000 	C:\WINDOWS\System32\bcrypt.dll
0x00007ff92fa60000 - 0x00007ff92fa88000 	C:\WINDOWS\SYSTEM32\USERENV.dll
0x00007ff92f550000 - 0x00007ff92f55c000 	C:\WINDOWS\SYSTEM32\CRYPTBASE.dll
0x000000005a100000 - 0x000000005a11a000 	C:\Program Files\Java\jdk1.8.0_171\jre\bin\net.dll
0x00007ff92f380000 - 0x00007ff92f3e7000 	C:\WINDOWS\system32\mswsock.dll
0x00007ff92f0e0000 - 0x00007ff92f11d000 	C:\WINDOWS\SYSTEM32\IPHLPAPI.DLL
0x00007ff9322e0000 - 0x00007ff9322e8000 	C:\WINDOWS\System32\NSI.dll
0x00007ff923940000 - 0x00007ff923956000 	C:\WINDOWS\SYSTEM32\dhcpcsvc6.DLL
0x00007ff923cf0000 - 0x00007ff923d0c000 	C:\WINDOWS\SYSTEM32\dhcpcsvc.DLL
0x00007ff92f120000 - 0x00007ff92f1e6000 	C:\WINDOWS\SYSTEM32\DNSAPI.dll
0x000000005a0e0000 - 0x000000005a0f1000 	C:\Program Files\Java\jdk1.8.0_171\jre\bin\nio.dll
0x00007ff926160000 - 0x00007ff926189000 	C:\Users\XNOTE\.vscode\extensions\redhat.java-0.40.0\server\config_win\org.eclipse.equinox.launcher\org.eclipse.equinox.launcher.win32.win32.x86_64_1.1.1000.v20190125-2016\eclipse_1801.dll
0x00007ff926770000 - 0x00007ff926781000 	C:\Users\XNOTE\.vscode\extensions\redhat.java-0.40.0\server\config_win\org.eclipse.osgi\20\0\.cp\jWinHttp-1.0.0.dll
0x00007ff9324e0000 - 0x00007ff932635000 	C:\WINDOWS\System32\ole32.dll
0x00007ff924560000 - 0x00007ff924651000 	C:\WINDOWS\SYSTEM32\WINHTTP.dll
0x000000005a0b0000 - 0x000000005a0d4000 	C:\Program Files\Java\jdk1.8.0_171\jre\bin\sunec.dll

VM Arguments:
jvm_args: -Declipse.application=org.eclipse.jdt.ls.core.id1 -Dosgi.bundles.defaultStartLevel=4 -Declipse.product=org.eclipse.jdt.ls.core.product -Dfile.encoding=utf8 -Xverify:none -Xmx1G -XX:+UseG1GC -XX:+UseStringDeduplication 
java_command: C:\Users\XNOTE\.vscode\extensions\redhat.java-0.40.0\server\plugins\org.eclipse.equinox.launcher_1.5.200.v20180922-1751.jar -configuration C:\Users\XNOTE\.vscode\extensions\redhat.java-0.40.0\server\config_win -data c:\Users\XNOTE\AppData\Roaming\Code\User\workspaceStorage\0bdfaac4224be0d618bdcf963b857abf\redhat.java\jdt_ws
java_class_path (initial): C:\Users\XNOTE\.vscode\extensions\redhat.java-0.40.0\server\plugins\org.eclipse.equinox.launcher_1.5.200.v20180922-1751.jar
Launcher Type: SUN_STANDARD

Environment Variables:
PATH=C:\Program Files (x86)\Common Files\Oracle\Java\javapath;C:\ProgramData\Oracle\Java\javapath;C:\python27;C:\WINDOWS\system32;C:\WINDOWS;C:\WINDOWS\System32\Wbem;C:\WINDOWS\System32\WindowsPowerShell\v1.0\;C:\Program Files (x86)\Windows Live\Shared;C:\WINDOWS\System32\OpenSSH\;C:\Program Files\PuTTY\;C:\Program Files\Microsoft VS Code\bin;C:\Program Files\Git\cmd;C:\Program Files\Java\jdk1.8.0_171\bin;%USERPROFILE%\AppData\Local\Microsoft\WindowsApps;
USERNAME=¹Î¿ì
OS=Windows_NT
PROCESSOR_IDENTIFIER=Intel64 Family 6 Model 58 Stepping 9, GenuineIntel



---------------  S Y S T E M  ---------------

OS: Windows 10.0 , 64 bit Build 17763 (10.0.17763.379)

CPU:total 4 (initial active 4) (2 cores per cpu, 2 threads per core) family 6 model 58 stepping 9, cmov, cx8, fxsr, mmx, sse, sse2, sse3, ssse3, sse4.1, sse4.2, popcnt, avx, clmul, erms, ht, tsc, tscinvbit, tscinv

Memory: 4k page, physical 4024712k(374848k free), swap 5445000k(4280k free)

vm_info: Java HotSpot(TM) 64-Bit Server VM (25.171-b11) for windows-amd64 JRE (1.8.0_171-b11), built on Mar 28 2018 16:06:12 by "java_re" with MS VC++ 10.0 (VS2010)

time: Wed May 01 15:42:08 2019
elapsed time: 29 seconds (0d 0h 0m 29s)

