#
# There is insufficient memory for the Java Runtime Environment to continue.
# Native memory allocation (malloc) failed to allocate 1238576 bytes for Chunk::new
# Possible reasons:
#   The system is out of physical RAM or swap space
#   In 32 bit mode, the process size limit was hit
# Possible solutions:
#   Reduce memory load on the system
#   Increase physical memory or swap space
#   Check if swap backing store is full
#   Use 64 bit Java on a 64 bit OS
#   Decrease Java heap size (-Xmx/-Xms)
#   Decrease number of Java threads
#   Decrease Java thread stack sizes (-Xss)
#   Set larger code cache with -XX:ReservedCodeCacheSize=
# This output file may be truncated or incomplete.
#
#  Out of Memory Error (allocation.cpp:390), pid=36024, tid=0x0000000000008864
#
# JRE version: Java(TM) SE Runtime Environment (8.0_171-b11) (build 1.8.0_171-b11)
# Java VM: Java HotSpot(TM) 64-Bit Server VM (25.171-b11 mixed mode windows-amd64 compressed oops)
# Failed to write core dump. Minidumps are not enabled by default on client versions of Windows
#

---------------  T H R E A D  ---------------

Current thread (0x0000000019171000):  JavaThread "C2 CompilerThread0" daemon [_thread_in_native, id=34916, stack(0x0000000019940000,0x0000000019a40000)]

Stack: [0x0000000019940000,0x0000000019a40000]
[error occurred during error reporting (printing stack bounds), id 0xc0000005]

Native frames: (J=compiled Java code, j=interpreted, Vv=VM code, C=native code)


Current CompileTask:
C2:   7902 2561   !   4       com.google.inject.spi.InjectionPoint::getInjectionPoints (495 bytes)


---------------  P R O C E S S  ---------------

Java Threads: ( => current thread )
  0x000000001acc0800 JavaThread "Bundle File Closer" daemon [_thread_blocked, id=24280, stack(0x000000001da90000,0x000000001db90000)]
  0x000000001afd0000 JavaThread "Java indexing" daemon [_thread_blocked, id=27864, stack(0x000000001d990000,0x000000001da90000)]
  0x000000001b607800 JavaThread "Worker-2" [_thread_blocked, id=33000, stack(0x000000001d890000,0x000000001d990000)]
  0x000000001c684800 JavaThread "Worker-1" [_thread_blocked, id=11076, stack(0x000000001d590000,0x000000001d690000)]
  0x000000001b011800 JavaThread "Worker-0" [_thread_blocked, id=34692, stack(0x000000001d290000,0x000000001d390000)]
  0x000000001ac30000 JavaThread "Worker-JM" [_thread_blocked, id=20000, stack(0x000000001b910000,0x000000001ba10000)]
  0x000000001a3eb800 JavaThread "Start Level: Equinox Container: 003059c1-0add-44cb-9bd2-9954ad688d2e" daemon [_thread_in_vm, id=28472, stack(0x000000001b810000,0x000000001b910000)]
  0x000000001a61f800 JavaThread "Framework Event Dispatcher: Equinox Container: 003059c1-0add-44cb-9bd2-9954ad688d2e" daemon [_thread_blocked, id=20012, stack(0x000000001b710000,0x000000001b810000)]
  0x000000001a25f800 JavaThread "Active Thread: Equinox Container: 003059c1-0add-44cb-9bd2-9954ad688d2e" [_thread_blocked, id=8912, stack(0x000000001b610000,0x000000001b710000)]
  0x0000000019203800 JavaThread "Service Thread" daemon [_thread_blocked, id=16632, stack(0x0000000019c40000,0x0000000019d40000)]
  0x000000001917a800 JavaThread "C1 CompilerThread2" daemon [_thread_in_native, id=19952, stack(0x0000000019b40000,0x0000000019c40000)]
  0x0000000019175800 JavaThread "C2 CompilerThread1" daemon [_thread_in_native, id=28728, stack(0x0000000019a40000,0x0000000019b40000)]
=>0x0000000019171000 JavaThread "C2 CompilerThread0" daemon [_thread_in_native, id=34916, stack(0x0000000019940000,0x0000000019a40000)]
  0x000000001916f000 JavaThread "Attach Listener" daemon [_thread_blocked, id=30048, stack(0x0000000019840000,0x0000000019940000)]
  0x0000000019158800 JavaThread "Signal Dispatcher" daemon [_thread_blocked, id=18644, stack(0x0000000019740000,0x0000000019840000)]
  0x0000000019157800 JavaThread "Surrogate Locker Thread (Concurrent GC)" daemon [_thread_blocked, id=24884, stack(0x0000000019640000,0x0000000019740000)]
  0x00000000190cf000 JavaThread "Finalizer" daemon [_thread_blocked, id=12592, stack(0x0000000019540000,0x0000000019640000)]
  0x00000000190c6800 JavaThread "Reference Handler" daemon [_thread_blocked, id=13608, stack(0x0000000019440000,0x0000000019540000)]
  0x000000000331e000 JavaThread "main" [_thread_blocked, id=15536, stack(0x0000000003190000,0x0000000003290000)]

Other Threads:
  0x00000000190c3000 VMThread [stack: 0x0000000018e60000,0x0000000018f60000] [id=22056]
  0x0000000019210000 WatcherThread [stack: 0x0000000019d40000,0x0000000019e40000] [id=6240]

VM state:not at safepoint (normal execution)

VM Mutex/Monitor currently owned by a thread: None

Heap:
 garbage-first heap   total 63488K, used 24576K [0x00000000c0000000, 0x00000000c01001f0, 0x0000000100000000)
  region size 1024K, 6 young (6144K), 4 survivors (4096K)
 Metaspace       used 25594K, capacity 26936K, committed 27136K, reserved 1073152K
  class space    used 2785K, capacity 3300K, committed 3328K, reserved 1048576K

Heap Regions: (Y=young(eden), SU=young(survivor), HS=humongous(starts), HC=humongous(continues), CS=collection set, F=free, TS=gc time stamp, PTAMS=previous top-at-mark-start, NTAMS=next top-at-mark-start)
AC   0  F    TS     0 PTAMS 0x00000000c0000000 NTAMS 0x00000000c0000000 space 1024K,   0% used [0x00000000c0000000, 0x00000000c0100000)
AC   0  O    TS     0 PTAMS 0x00000000c0200000 NTAMS 0x00000000c0200000 space 1024K, 100% used [0x00000000c0100000, 0x00000000c0200000)
AC   0  O    TS     0 PTAMS 0x00000000c0300000 NTAMS 0x00000000c0300000 space 1024K, 100% used [0x00000000c0200000, 0x00000000c0300000)
AC   0  O    TS     0 PTAMS 0x00000000c0400000 NTAMS 0x00000000c0400000 space 1024K, 100% used [0x00000000c0300000, 0x00000000c0400000)
AC   0  O    TS     1 PTAMS 0x00000000c0400000 NTAMS 0x00000000c0400000 space 1024K, 100% used [0x00000000c0400000, 0x00000000c0500000)
AC   0  F    TS     0 PTAMS 0x00000000c0500000 NTAMS 0x00000000c0500000 space 1024K,   0% used [0x00000000c0500000, 0x00000000c0600000)
AC   0  O    TS     0 PTAMS 0x00000000c0700000 NTAMS 0x00000000c0700000 space 1024K, 100% used [0x00000000c0600000, 0x00000000c0700000)
AC   0  O    TS     0 PTAMS 0x00000000c0800000 NTAMS 0x00000000c0800000 space 1024K, 100% used [0x00000000c0700000, 0x00000000c0800000)
AC   0  O    TS     0 PTAMS 0x00000000c0900000 NTAMS 0x00000000c0900000 space 1024K, 100% used [0x00000000c0800000, 0x00000000c0900000)
AC   0  F    TS     0 PTAMS 0x00000000c0900000 NTAMS 0x00000000c0900000 space 1024K,   0% used [0x00000000c0900000, 0x00000000c0a00000)
AC   0  O    TS     1 PTAMS 0x00000000c0a00000 NTAMS 0x00000000c0a00000 space 1024K, 100% used [0x00000000c0a00000, 0x00000000c0b00000)
AC   0  O    TS     1 PTAMS 0x00000000c0b00000 NTAMS 0x00000000c0b00000 space 1024K, 100% used [0x00000000c0b00000, 0x00000000c0c00000)
AC   0  O    TS     1 PTAMS 0x00000000c0c00000 NTAMS 0x00000000c0c00000 space 1024K, 100% used [0x00000000c0c00000, 0x00000000c0d00000)
AC   0  F    TS     0 PTAMS 0x00000000c0d00000 NTAMS 0x00000000c0d00000 space 1024K,   0% used [0x00000000c0d00000, 0x00000000c0e00000)
AC   0  O    TS     0 PTAMS 0x00000000c0f00000 NTAMS 0x00000000c0f00000 space 1024K, 100% used [0x00000000c0e00000, 0x00000000c0f00000)
AC   0  F    TS     0 PTAMS 0x00000000c0f00000 NTAMS 0x00000000c0f00000 space 1024K,   0% used [0x00000000c0f00000, 0x00000000c1000000)
AC   0  O    TS     1 PTAMS 0x00000000c1080008 NTAMS 0x00000000c1080008 space 1024K, 100% used [0x00000000c1000000, 0x00000000c1100000)
AC   0  O    TS     1 PTAMS 0x00000000c1100000 NTAMS 0x00000000c1100000 space 1024K, 100% used [0x00000000c1100000, 0x00000000c1200000)
AC   0  O    TS     1 PTAMS 0x00000000c1200000 NTAMS 0x00000000c1200000 space 1024K, 100% used [0x00000000c1200000, 0x00000000c1300000)
AC   0  O    TS     3 PTAMS 0x00000000c1300000 NTAMS 0x00000000c1300000 space 1024K, 100% used [0x00000000c1300000, 0x00000000c1400000)
AC   0  O    TS     3 PTAMS 0x00000000c1400000 NTAMS 0x00000000c1400000 space 1024K, 100% used [0x00000000c1400000, 0x00000000c1500000)
AC   0  O    TS     3 PTAMS 0x00000000c1500000 NTAMS 0x00000000c1500000 space 1024K, 100% used [0x00000000c1500000, 0x00000000c1600000)
AC   0  O    TS     3 PTAMS 0x00000000c1600000 NTAMS 0x00000000c1600000 space 1024K, 100% used [0x00000000c1600000, 0x00000000c1700000)
AC   0  O    TS     5 PTAMS 0x00000000c1700000 NTAMS 0x00000000c1700000 space 1024K, 100% used [0x00000000c1700000, 0x00000000c1800000)
AC   0  F    TS     1 PTAMS 0x00000000c1800000 NTAMS 0x00000000c1800000 space 1024K,   0% used [0x00000000c1800000, 0x00000000c1900000)
AC   0  F    TS     1 PTAMS 0x00000000c1900000 NTAMS 0x00000000c1900000 space 1024K,   0% used [0x00000000c1900000, 0x00000000c1a00000)
AC   0  S CS TS     5 PTAMS 0x00000000c1a00000 NTAMS 0x00000000c1a00000 space 1024K, 100% used [0x00000000c1a00000, 0x00000000c1b00000)
AC   0  S CS TS     5 PTAMS 0x00000000c1b00000 NTAMS 0x00000000c1b00000 space 1024K, 100% used [0x00000000c1b00000, 0x00000000c1c00000)
AC   0  S CS TS     5 PTAMS 0x00000000c1c00000 NTAMS 0x00000000c1c00000 space 1024K, 100% used [0x00000000c1c00000, 0x00000000c1d00000)
AC   0  S CS TS     5 PTAMS 0x00000000c1d00000 NTAMS 0x00000000c1d00000 space 1024K, 100% used [0x00000000c1d00000, 0x00000000c1e00000)
AC   0  F    TS     0 PTAMS 0x00000000c1e00000 NTAMS 0x00000000c1e00000 space 1024K,   0% used [0x00000000c1e00000, 0x00000000c1f00000)
AC   0  F    TS     0 PTAMS 0x00000000c1f00000 NTAMS 0x00000000c1f00000 space 1024K,   0% used [0x00000000c1f00000, 0x00000000c2000000)
AC   0  F    TS     1 PTAMS 0x00000000c2000000 NTAMS 0x00000000c2000000 space 1024K,   0% used [0x00000000c2000000, 0x00000000c2100000)
AC   0  F    TS     0 PTAMS 0x00000000c2100000 NTAMS 0x00000000c2100000 space 1024K,   0% used [0x00000000c2100000, 0x00000000c2200000)
AC   0  F    TS     0 PTAMS 0x00000000c2200000 NTAMS 0x00000000c2200000 space 1024K,   0% used [0x00000000c2200000, 0x00000000c2300000)
AC   0  F    TS     0 PTAMS 0x00000000c2300000 NTAMS 0x00000000c2300000 space 1024K,   0% used [0x00000000c2300000, 0x00000000c2400000)
AC   0  F    TS     0 PTAMS 0x00000000c2400000 NTAMS 0x00000000c2400000 space 1024K,   0% used [0x00000000c2400000, 0x00000000c2500000)
AC   0  F    TS     0 PTAMS 0x00000000c2500000 NTAMS 0x00000000c2500000 space 1024K,   0% used [0x00000000c2500000, 0x00000000c2600000)
AC   0  F    TS     0 PTAMS 0x00000000c2600000 NTAMS 0x00000000c2600000 space 1024K,   0% used [0x00000000c2600000, 0x00000000c2700000)
AC   0  F    TS     0 PTAMS 0x00000000c2700000 NTAMS 0x00000000c2700000 space 1024K,   0% used [0x00000000c2700000, 0x00000000c2800000)
AC   0  F    TS     0 PTAMS 0x00000000c2800000 NTAMS 0x00000000c2800000 space 1024K,   0% used [0x00000000c2800000, 0x00000000c2900000)
AC   0  F    TS     0 PTAMS 0x00000000c2900000 NTAMS 0x00000000c2900000 space 1024K,   0% used [0x00000000c2900000, 0x00000000c2a00000)
AC   0  F    TS     0 PTAMS 0x00000000c2a00000 NTAMS 0x00000000c2a00000 space 1024K,   0% used [0x00000000c2a00000, 0x00000000c2b00000)
AC   0  F    TS     0 PTAMS 0x00000000c2b00000 NTAMS 0x00000000c2b00000 space 1024K,   0% used [0x00000000c2b00000, 0x00000000c2c00000)
AC   0  F    TS     0 PTAMS 0x00000000c2c00000 NTAMS 0x00000000c2c00000 space 1024K,   0% used [0x00000000c2c00000, 0x00000000c2d00000)
AC   0  F    TS     0 PTAMS 0x00000000c2d00000 NTAMS 0x00000000c2d00000 space 1024K,   0% used [0x00000000c2d00000, 0x00000000c2e00000)
AC   0  F    TS     0 PTAMS 0x00000000c2e00000 NTAMS 0x00000000c2e00000 space 1024K,   0% used [0x00000000c2e00000, 0x00000000c2f00000)
AC   0  F    TS     0 PTAMS 0x00000000c2f00000 NTAMS 0x00000000c2f00000 space 1024K,   0% used [0x00000000c2f00000, 0x00000000c3000000)
AC   0  F    TS     0 PTAMS 0x00000000c3000000 NTAMS 0x00000000c3000000 space 1024K,   0% used [0x00000000c3000000, 0x00000000c3100000)
AC   0  F    TS     0 PTAMS 0x00000000c3100000 NTAMS 0x00000000c3100000 space 1024K,   0% used [0x00000000c3100000, 0x00000000c3200000)
AC   0  F    TS     0 PTAMS 0x00000000c3200000 NTAMS 0x00000000c3200000 space 1024K,   0% used [0x00000000c3200000, 0x00000000c3300000)
AC   0  F    TS     0 PTAMS 0x00000000c3300000 NTAMS 0x00000000c3300000 space 1024K,   0% used [0x00000000c3300000, 0x00000000c3400000)
AC   0  F    TS     0 PTAMS 0x00000000c3400000 NTAMS 0x00000000c3400000 space 1024K,   0% used [0x00000000c3400000, 0x00000000c3500000)
AC   0  F    TS     0 PTAMS 0x00000000c3500000 NTAMS 0x00000000c3500000 space 1024K,   0% used [0x00000000c3500000, 0x00000000c3600000)
AC   0  F    TS     0 PTAMS 0x00000000c3600000 NTAMS 0x00000000c3600000 space 1024K,   0% used [0x00000000c3600000, 0x00000000c3700000)
AC   0  F    TS     0 PTAMS 0x00000000c3700000 NTAMS 0x00000000c3700000 space 1024K,   0% used [0x00000000c3700000, 0x00000000c3800000)
AC   0  F    TS     0 PTAMS 0x00000000c3800000 NTAMS 0x00000000c3800000 space 1024K,   0% used [0x00000000c3800000, 0x00000000c3900000)
AC   0  F    TS     0 PTAMS 0x00000000c3900000 NTAMS 0x00000000c3900000 space 1024K,   0% used [0x00000000c3900000, 0x00000000c3a00000)
AC   0  F    TS     0 PTAMS 0x00000000c3a00000 NTAMS 0x00000000c3a00000 space 1024K,   0% used [0x00000000c3a00000, 0x00000000c3b00000)
AC   0  F    TS     0 PTAMS 0x00000000c3b00000 NTAMS 0x00000000c3b00000 space 1024K,   0% used [0x00000000c3b00000, 0x00000000c3c00000)
AC   0  E    TS     3 PTAMS 0x00000000c3c00000 NTAMS 0x00000000c3c00000 space 1024K, 100% used [0x00000000c3c00000, 0x00000000c3d00000)
AC   0  E CS TS     0 PTAMS 0x00000000c3d00000 NTAMS 0x00000000c3d00000 space 1024K, 100% used [0x00000000c3d00000, 0x00000000c3e00000)

Card table byte_map: [0x0000000013920000,0x0000000013b20000] byte_map_base: 0x0000000013320000

Marking Bits (Prev, Next): (CMBitMap*) 0x000000000335a3b0, (CMBitMap*) 0x000000000335a358
 Prev Bits: [0x0000000014d20000, 0x0000000015d20000)
 Next Bits: [0x0000000013d20000, 0x0000000014d20000)

Polling page: 0x0000000001470000

CodeCache: size=245760Kb used=9287Kb max_used=9287Kb free=236472Kb
 bounds [0x0000000003420000, 0x0000000003d40000, 0x0000000012420000]
 total_blobs=3098 nmethods=2625 adapters=384
 compilation: enabled

Compilation events (10 events):
Event: 7.894 Thread 0x000000001917a800 nmethod 2782 0x0000000003d27c50 code [0x0000000003d27dc0, 0x0000000003d27fe8]
Event: 7.894 Thread 0x000000001917a800 2783       1       com.google.inject.Key$AnnotationInstanceStrategy::getAnnotation (5 bytes)
Event: 7.894 Thread 0x000000001917a800 nmethod 2783 0x0000000003d280d0 code [0x0000000003d28220, 0x0000000003d28330]
Event: 7.894 Thread 0x000000001917a800 2784       3       com.google.inject.internal.BindingImpl::acceptScopingVisitor (9 bytes)
Event: 7.894 Thread 0x000000001917a800 nmethod 2784 0x0000000003d28390 code [0x0000000003d28500, 0x0000000003d28728]
Event: 7.894 Thread 0x000000001917a800 2785       3       java.lang.ref.ReferenceQueue::<init> (27 bytes)
Event: 7.894 Thread 0x000000001917a800 nmethod 2785 0x0000000003d28810 code [0x0000000003d289a0, 0x0000000003d28d90]
Event: 7.894 Thread 0x000000001917a800 2787   !   3       com.google.inject.internal.InjectorImpl$2::get (56 bytes)
Event: 7.897 Thread 0x000000001917a800 nmethod 2787 0x0000000003d28f10 code [0x0000000003d29260, 0x0000000003d2ae58]
Event: 7.897 Thread 0x000000001917a800 2790       3       com.google.inject.internal.Errors::checkForNull (238 bytes)

GC Heap History (10 events):
Event: 5.325 GC heap before
{Heap before GC invocations=2 (full 0):
 garbage-first heap   total 63488K, used 25911K [0x00000000c0000000, 0x00000000c01001f0, 0x0000000100000000)
  region size 1024K, 19 young (19456K), 3 survivors (3072K)
 Metaspace       used 16461K, capacity 17338K, committed 17536K, reserved 1064960K
  class space    used 1630K, capacity 1909K, committed 1920K, reserved 1048576K
Event: 5.339 GC heap after
Heap after GC invocations=3 (full 0):
 garbage-first heap   total 63488K, used 16896K [0x00000000c0000000, 0x00000000c01001f0, 0x0000000100000000)
  region size 1024K, 3 young (3072K), 3 survivors (3072K)
 Metaspace       used 16461K, capacity 17338K, committed 17536K, reserved 1064960K
  class space    used 1630K, capacity 1909K, committed 1920K, reserved 1048576K
}
Event: 6.100 GC heap before
{Heap before GC invocations=3 (full 0):
 garbage-first heap   total 63488K, used 43520K [0x00000000c0000000, 0x00000000c01001f0, 0x0000000100000000)
  region size 1024K, 30 young (30720K), 3 survivors (3072K)
 Metaspace       used 20193K, capacity 21212K, committed 21296K, reserved 1069056K
  class space    used 2067K, capacity 2419K, committed 2432K, reserved 1048576K
Event: 6.111 GC heap after
Heap after GC invocations=4 (full 0):
 garbage-first heap   total 63488K, used 20992K [0x00000000c0000000, 0x00000000c01001f0, 0x0000000100000000)
  region size 1024K, 4 young (4096K), 4 survivors (4096K)
 Metaspace       used 20193K, capacity 21212K, committed 21296K, reserved 1069056K
  class space    used 2067K, capacity 2419K, committed 2432K, reserved 1048576K
}
Event: 7.082 GC heap before
{Heap before GC invocations=5 (full 0):
 garbage-first heap   total 63488K, used 46592K [0x00000000c0000000, 0x00000000c01001f0, 0x0000000100000000)
  region size 1024K, 33 young (33792K), 4 survivors (4096K)
 Metaspace       used 24224K, capacity 25396K, committed 25600K, reserved 1071104K
  class space    used 2600K, capacity 2978K, committed 3072K, reserved 1048576K
Event: 7.098 GC heap after
Heap after GC invocations=6 (full 0):
 garbage-first heap   total 63488K, used 24576K [0x00000000c0000000, 0x00000000c01001f0, 0x0000000100000000)
  region size 1024K, 5 young (5120K), 5 survivors (5120K)
 Metaspace       used 24224K, capacity 25396K, committed 25600K, reserved 1071104K
  class space    used 2600K, capacity 2978K, committed 3072K, reserved 1048576K
}
Event: 7.134 GC heap before
{Heap before GC invocations=6 (full 0):
 garbage-first heap   total 63488K, used 25600K [0x00000000c0000000, 0x00000000c01001f0, 0x0000000100000000)
  region size 1024K, 6 young (6144K), 5 survivors (5120K)
 Metaspace       used 24366K, capacity 25556K, committed 25856K, reserved 1073152K
  class space    used 2628K, capacity 3010K, committed 3072K, reserved 1048576K
Event: 7.146 GC heap after
Heap after GC invocations=7 (full 0):
 garbage-first heap   total 63488K, used 19968K [0x00000000c0000000, 0x00000000c01001f0, 0x0000000100000000)
  region size 1024K, 1 young (1024K), 1 survivors (1024K)
 Metaspace       used 24366K, capacity 25556K, committed 25856K, reserved 1073152K
  class space    used 2628K, capacity 3010K, committed 3072K, reserved 1048576K
}
Event: 7.835 GC heap before
{Heap before GC invocations=7 (full 0):
 garbage-first heap   total 63488K, used 51712K [0x00000000c0000000, 0x00000000c01001f0, 0x0000000100000000)
  region size 1024K, 32 young (32768K), 1 survivors (1024K)
 Metaspace       used 25413K, capacity 26770K, committed 26880K, reserved 1073152K
  class space    used 2760K, capacity 3267K, committed 3328K, reserved 1048576K
Event: 7.842 GC heap after
Heap after GC invocations=8 (full 0):
 garbage-first heap   total 63488K, used 23552K [0x00000000c0000000, 0x00000000c01001f0, 0x0000000100000000)
  region size 1024K, 4 young (4096K), 4 survivors (4096K)
 Metaspace       used 25413K, capacity 26770K, committed 26880K, reserved 1073152K
  class space    used 2760K, capacity 3267K, committed 3328K, reserved 1048576K
}

Deoptimization events (10 events):
Event: 6.267 Thread 0x000000001a3eb800 Uncommon trap: reason=class_check action=maybe_recompile pc=0x00000000039b1070 method=java.io.FilterInputStream.read()I @ 4
Event: 6.280 Thread 0x000000001a3eb800 Uncommon trap: reason=class_check action=maybe_recompile pc=0x00000000039b1070 method=java.io.FilterInputStream.read()I @ 4
Event: 6.283 Thread 0x000000001a3eb800 Uncommon trap: reason=class_check action=maybe_recompile pc=0x00000000039b1070 method=java.io.FilterInputStream.read()I @ 4
Event: 6.285 Thread 0x000000001a3eb800 Uncommon trap: reason=class_check action=maybe_recompile pc=0x00000000039b1070 method=java.io.FilterInputStream.read()I @ 4
Event: 6.307 Thread 0x000000001a3eb800 Uncommon trap: reason=unstable_if action=reinterpret pc=0x0000000003b51c88 method=java.util.HashMap.getNode(ILjava/lang/Object;)Ljava/util/HashMap$Node; @ 129
Event: 6.324 Thread 0x000000001a3eb800 Uncommon trap: reason=unstable_if action=reinterpret pc=0x0000000003b56068 method=java.util.HashMap.getNode(ILjava/lang/Object;)Ljava/util/HashMap$Node; @ 129
Event: 7.049 Thread 0x000000001a3eb800 Uncommon trap: reason=bimorphic action=maybe_recompile pc=0x00000000039f833c method=java.util.Collections$UnmodifiableCollection$1.<init>(Ljava/util/Collections$UnmodifiableCollection;)V @ 17
Event: 7.169 Thread 0x000000001a3eb800 Uncommon trap: reason=bimorphic action=maybe_recompile pc=0x00000000039f833c method=java.util.Collections$UnmodifiableCollection$1.<init>(Ljava/util/Collections$UnmodifiableCollection;)V @ 17
Event: 7.673 Thread 0x000000001a3eb800 Uncommon trap: reason=bimorphic action=maybe_recompile pc=0x00000000039f833c method=java.util.Collections$UnmodifiableCollection$1.<init>(Ljava/util/Collections$UnmodifiableCollection;)V @ 17
Event: 7.874 Thread 0x000000001a3eb800 Uncommon trap: reason=unstable_if action=reinterpret pc=0x00000000035dc558 method=java.lang.reflect.Modifier.isSynthetic(I)Z @ 5

Classes redefined (0 events):
No events

Internal exceptions (10 events):
Event: 5.895 Thread 0x000000001a3eb800 Exception <a 'java/lang/ArrayIndexOutOfBoundsException'> (0x00000000c2562f40) thrown at [C:\re\workspace\8-2-build-windows-amd64-cygwin\jdk8u171\10807\hotspot\src\share\vm\runtime\sharedRuntime.cpp, line 605]
Event: 5.895 Thread 0x000000001a3eb800 Exception <a 'java/lang/ArrayIndexOutOfBoundsException'> (0x00000000c2564568) thrown at [C:\re\workspace\8-2-build-windows-amd64-cygwin\jdk8u171\10807\hotspot\src\share\vm\runtime\sharedRuntime.cpp, line 605]
Event: 5.895 Thread 0x000000001a3eb800 Exception <a 'java/lang/ArrayIndexOutOfBoundsException'> (0x00000000c25663c8) thrown at [C:\re\workspace\8-2-build-windows-amd64-cygwin\jdk8u171\10807\hotspot\src\share\vm\runtime\sharedRuntime.cpp, line 605]
Event: 5.895 Thread 0x000000001a3eb800 Exception <a 'java/lang/ArrayIndexOutOfBoundsException'> (0x00000000c2567b08) thrown at [C:\re\workspace\8-2-build-windows-amd64-cygwin\jdk8u171\10807\hotspot\src\share\vm\runtime\sharedRuntime.cpp, line 605]
Event: 5.895 Thread 0x000000001a3eb800 Exception <a 'java/lang/ArrayIndexOutOfBoundsException'> (0x00000000c2569388) thrown at [C:\re\workspace\8-2-build-windows-amd64-cygwin\jdk8u171\10807\hotspot\src\share\vm\runtime\sharedRuntime.cpp, line 605]
Event: 5.896 Thread 0x000000001a3eb800 Exception <a 'java/lang/ArrayIndexOutOfBoundsException'> (0x00000000c256afc0) thrown at [C:\re\workspace\8-2-build-windows-amd64-cygwin\jdk8u171\10807\hotspot\src\share\vm\runtime\sharedRuntime.cpp, line 605]
Event: 6.213 Thread 0x000000001a3eb800 Exception <a 'java/lang/ArrayIndexOutOfBoundsException': 73> (0x00000000c381d450) thrown at [C:\re\workspace\8-2-build-windows-amd64-cygwin\jdk8u171\10807\hotspot\src\share\vm\interpreter\interpreterRuntime.cpp, line 366]
Event: 6.213 Thread 0x000000001a3eb800 Exception <a 'java/lang/ArrayIndexOutOfBoundsException': 131> (0x00000000c381efe0) thrown at [C:\re\workspace\8-2-build-windows-amd64-cygwin\jdk8u171\10807\hotspot\src\share\vm\interpreter\interpreterRuntime.cpp, line 366]
Event: 7.855 Thread 0x000000001a3eb800 Exception <a 'java/lang/NoClassDefFoundError': com/google/inject/servlet/ServletModuleTargetVisitor> (0x00000000c3d95d60) thrown at [C:\re\workspace\8-2-build-windows-amd64-cygwin\jdk8u171\10807\hotspot\src\share\vm\classfile\systemDictionary.cpp, line 19
Event: 7.855 Thread 0x000000001a3eb800 Exception <a 'java/lang/NoClassDefFoundError': javax/annotation/Priority> (0x00000000c3d9c650) thrown at [C:\re\workspace\8-2-build-windows-amd64-cygwin\jdk8u171\10807\hotspot\src\share\vm\classfile\systemDictionary.cpp, line 199]

Events (10 events):
Event: 7.842 Executing VM operation: G1IncCollectionPause done
Event: 7.855 loading class com/google/inject/servlet/ServletModuleTargetVisitor
Event: 7.855 loading class com/google/inject/servlet/ServletModuleTargetVisitor done
Event: 7.855 loading class javax/annotation/Priority
Event: 7.855 loading class javax/annotation/Priority done
Event: 7.859 Executing VM operation: Deoptimize
Event: 7.859 Executing VM operation: Deoptimize done
Event: 7.874 Thread 0x000000001a3eb800 Uncommon trap: trap_request=0xffffff65 fr.pc=0x00000000035dc558
Event: 7.874 Thread 0x000000001a3eb800 DEOPT PACKING pc=0x00000000035dc558 sp=0x000000001b905a10
Event: 7.874 Thread 0x000000001a3eb800 DEOPT UNPACKING pc=0x000000000346583b sp=0x000000001b9058f0 mode 2


Dynamic libraries:
0x00007ff7d1be0000 - 0x00007ff7d1c17000 	C:\Program Files\Java\jdk1.8.0_171\bin\java.exe
0x00007ffe81600000 - 0x00007ffe817ed000 	C:\WINDOWS\SYSTEM32\ntdll.dll
0x00007ffe81470000 - 0x00007ffe81523000 	C:\WINDOWS\System32\KERNEL32.DLL
0x00007ffe7d990000 - 0x00007ffe7dc23000 	C:\WINDOWS\System32\KERNELBASE.dll
0x00007ffe7ece0000 - 0x00007ffe7ed83000 	C:\WINDOWS\System32\ADVAPI32.dll
0x00007ffe7f090000 - 0x00007ffe7f12e000 	C:\WINDOWS\System32\msvcrt.dll
0x00007ffe81530000 - 0x00007ffe815ce000 	C:\WINDOWS\System32\sechost.dll
0x00007ffe7e830000 - 0x00007ffe7e952000 	C:\WINDOWS\System32\RPCRT4.dll
0x00007ffe7e960000 - 0x00007ffe7eaf7000 	C:\WINDOWS\System32\USER32.dll
0x00007ffe7d6d0000 - 0x00007ffe7d6f0000 	C:\WINDOWS\System32\win32u.dll
0x00007ffe7eb00000 - 0x00007ffe7eb29000 	C:\WINDOWS\System32\GDI32.dll
0x00007ffe7dc90000 - 0x00007ffe7de2a000 	C:\WINDOWS\System32\gdi32full.dll
0x00007ffe7d870000 - 0x00007ffe7d910000 	C:\WINDOWS\System32\msvcp_win.dll
0x00007ffe7d720000 - 0x00007ffe7d81a000 	C:\WINDOWS\System32\ucrtbase.dll
0x00007ffe6f500000 - 0x00007ffe6f779000 	C:\WINDOWS\WinSxS\amd64_microsoft.windows.common-controls_6595b64144ccf1df_6.0.17763.437_none_05b63dca071e5dd6\COMCTL32.dll
0x00007ffe80c40000 - 0x00007ffe80f6c000 	C:\WINDOWS\System32\combase.dll
0x00007ffe7d910000 - 0x00007ffe7d98e000 	C:\WINDOWS\System32\bcryptPrimitives.dll
0x00007ffe81040000 - 0x00007ffe8106e000 	C:\WINDOWS\System32\IMM32.DLL
0x0000000059180000 - 0x0000000059252000 	C:\Program Files\Java\jdk1.8.0_171\jre\bin\msvcr100.dll
0x00000000580b0000 - 0x0000000058950000 	C:\Program Files\Java\jdk1.8.0_171\jre\bin\server\jvm.dll
0x00007ffe7f6d0000 - 0x00007ffe7f6d8000 	C:\WINDOWS\System32\PSAPI.DLL
0x00007ffe6d230000 - 0x00007ffe6d23a000 	C:\WINDOWS\SYSTEM32\VERSION.dll
0x00007ffe7b010000 - 0x00007ffe7b034000 	C:\WINDOWS\SYSTEM32\WINMM.dll
0x00007ffe6c290000 - 0x00007ffe6c299000 	C:\WINDOWS\SYSTEM32\WSOCK32.dll
0x00007ffe7f6e0000 - 0x00007ffe7f74d000 	C:\WINDOWS\System32\WS2_32.dll
0x00007ffe7afe0000 - 0x00007ffe7b00d000 	C:\WINDOWS\SYSTEM32\WINMMBASE.dll
0x00007ffe7d820000 - 0x00007ffe7d86a000 	C:\WINDOWS\System32\cfgmgr32.dll
0x0000000059530000 - 0x000000005953f000 	C:\Program Files\Java\jdk1.8.0_171\jre\bin\verify.dll
0x0000000059500000 - 0x0000000059529000 	C:\Program Files\Java\jdk1.8.0_171\jre\bin\java.dll
0x0000000059160000 - 0x0000000059176000 	C:\Program Files\Java\jdk1.8.0_171\jre\bin\zip.dll
0x00007ffe7f750000 - 0x00007ffe80c40000 	C:\WINDOWS\System32\SHELL32.dll
0x00007ffe7f130000 - 0x00007ffe7f1d8000 	C:\WINDOWS\System32\shcore.dll
0x00007ffe7de30000 - 0x00007ffe7e57a000 	C:\WINDOWS\System32\windows.storage.dll
0x00007ffe7d6a0000 - 0x00007ffe7d6c4000 	C:\WINDOWS\System32\profapi.dll
0x00007ffe7d640000 - 0x00007ffe7d69d000 	C:\WINDOWS\System32\powrprof.dll
0x00007ffe810d0000 - 0x00007ffe81122000 	C:\WINDOWS\System32\shlwapi.dll
0x00007ffe7d600000 - 0x00007ffe7d611000 	C:\WINDOWS\System32\kernel.appcore.dll
0x00007ffe7e810000 - 0x00007ffe7e827000 	C:\WINDOWS\System32\cryptsp.dll
0x00007ffe7c600000 - 0x00007ffe7c633000 	C:\WINDOWS\system32\rsaenh.dll
0x00007ffe7d6f0000 - 0x00007ffe7d716000 	C:\WINDOWS\System32\bcrypt.dll
0x00007ffe7d500000 - 0x00007ffe7d528000 	C:\WINDOWS\SYSTEM32\USERENV.dll
0x00007ffe7cc10000 - 0x00007ffe7cc1c000 	C:\WINDOWS\SYSTEM32\CRYPTBASE.dll
0x0000000059140000 - 0x000000005915a000 	C:\Program Files\Java\jdk1.8.0_171\jre\bin\net.dll
0x00007ffe7ca40000 - 0x00007ffe7caa7000 	C:\WINDOWS\system32\mswsock.dll
0x00007ffe7c7a0000 - 0x00007ffe7c7dd000 	C:\WINDOWS\SYSTEM32\IPHLPAPI.DLL
0x00007ffe7efa0000 - 0x00007ffe7efa8000 	C:\WINDOWS\System32\NSI.dll
0x00007ffe72140000 - 0x00007ffe72156000 	C:\WINDOWS\SYSTEM32\dhcpcsvc6.DLL
0x00007ffe72900000 - 0x00007ffe7291c000 	C:\WINDOWS\SYSTEM32\dhcpcsvc.DLL
0x00007ffe7c7e0000 - 0x00007ffe7c8a6000 	C:\WINDOWS\SYSTEM32\DNSAPI.dll
0x0000000059120000 - 0x0000000059131000 	C:\Program Files\Java\jdk1.8.0_171\jre\bin\nio.dll
0x00007ffe67e60000 - 0x00007ffe67e89000 	C:\Users\XNOTE\.vscode\extensions\redhat.java-0.45.0\server\config_win\org.eclipse.equinox.launcher\org.eclipse.equinox.launcher.win32.win32.x86_64_1.1.1000.v20190125-2016\eclipse_1801.dll

VM Arguments:
jvm_args: -Declipse.application=org.eclipse.jdt.ls.core.id1 -Dosgi.bundles.defaultStartLevel=4 -Declipse.product=org.eclipse.jdt.ls.core.product -Dfile.encoding=utf8 -DwatchParentProcess=false -Xverify:none -Xmx1G -XX:+UseG1GC -XX:+UseStringDeduplication 
java_command: C:\Users\XNOTE\.vscode\extensions\redhat.java-0.45.0\server\plugins\org.eclipse.equinox.launcher_1.5.400.v20190514-1658.jar -configuration C:\Users\XNOTE\.vscode\extensions\redhat.java-0.45.0\server\config_win -data c:\Users\XNOTE\AppData\Roaming\Code\User\workspaceStorage\93e8932c494c5971e4fa6186b51a1aec\redhat.java\jdt_ws
java_class_path (initial): C:\Users\XNOTE\.vscode\extensions\redhat.java-0.45.0\server\plugins\org.eclipse.equinox.launcher_1.5.400.v20190514-1658.jar
Launcher Type: SUN_STANDARD

Environment Variables:
PATH=C:\Program Files (x86)\Common Files\Oracle\Java\javapath;C:\ProgramData\Oracle\Java\javapath;C:\python27;C:\WINDOWS\system32;C:\WINDOWS;C:\WINDOWS\System32\Wbem;C:\WINDOWS\System32\WindowsPowerShell\v1.0\;C:\Program Files (x86)\Windows Live\Shared;C:\WINDOWS\System32\OpenSSH\;C:\Program Files\PuTTY\;C:\Program Files\Microsoft VS Code\bin;C:\Program Files\Git\cmd;C:\Program Files\Java\jdk1.8.0_171\bin;%USERPROFILE%\AppData\Local\Microsoft\WindowsApps;
USERNAME=¹Î¿ì
OS=Windows_NT
PROCESSOR_IDENTIFIER=Intel64 Family 6 Model 58 Stepping 9, GenuineIntel



---------------  S Y S T E M  ---------------

OS: Windows 10.0 , 64 bit Build 17763 (10.0.17763.437)

CPU:total 4 (initial active 4) (2 cores per cpu, 2 threads per core) family 6 model 58 stepping 9, cmov, cx8, fxsr, mmx, sse, sse2, sse3, ssse3, sse4.1, sse4.2, popcnt, avx, clmul, erms, ht, tsc, tscinvbit, tscinv

Memory: 4k page, physical 4024712k(686052k free), swap 5445000k(6140k free)

vm_info: Java HotSpot(TM) 64-Bit Server VM (25.171-b11) for windows-amd64 JRE (1.8.0_171-b11), built on Mar 28 2018 16:06:12 by "java_re" with MS VC++ 10.0 (VS2010)

time: Thu May 23 20:31:41 2019
elapsed time: 7 seconds (0d 0h 0m 7s)

