#
# There is insufficient memory for the Java Runtime Environment to continue.
# Native memory allocation (malloc) failed to allocate 1396496 bytes for Chunk::new
# Possible reasons:
#   The system is out of physical RAM or swap space
#   In 32 bit mode, the process size limit was hit
# Possible solutions:
#   Reduce memory load on the system
#   Increase physical memory or swap space
#   Check if swap backing store is full
#   Use 64 bit Java on a 64 bit OS
#   Decrease Java heap size (-Xmx/-Xms)
#   Decrease number of Java threads
#   Decrease Java thread stack sizes (-Xss)
#   Set larger code cache with -XX:ReservedCodeCacheSize=
# This output file may be truncated or incomplete.
#
#  Out of Memory Error (allocation.cpp:390), pid=9052, tid=0x00000000000000d0
#
# JRE version: Java(TM) SE Runtime Environment (8.0_171-b11) (build 1.8.0_171-b11)
# Java VM: Java HotSpot(TM) 64-Bit Server VM (25.171-b11 mixed mode windows-amd64 compressed oops)
# Failed to write core dump. Minidumps are not enabled by default on client versions of Windows
#

---------------  T H R E A D  ---------------

Current thread (0x000000001922f000):  JavaThread "C2 CompilerThread1" daemon [_thread_in_native, id=208, stack(0x0000000019b00000,0x0000000019c00000)]

Stack: [0x0000000019b00000,0x0000000019c00000]
[error occurred during error reporting (printing stack bounds), id 0xc0000005]

Native frames: (J=compiled Java code, j=interpreted, Vv=VM code, C=native code)


Current CompileTask:
C2: 137307 12341       4       org.eclipse.jdt.internal.corext.dom.ScopeAnalyzer::addInherited (316 bytes)


---------------  P R O C E S S  ---------------

Java Threads: ( => current thread )
  0x000000001e7fb000 JavaThread "ForkJoinPool.commonPool-worker-3" daemon [_thread_blocked, id=17556, stack(0x0000000026040000,0x0000000026140000)]
  0x000000001e7fc800 JavaThread "Worker-6" [_thread_blocked, id=10328, stack(0x0000000025f40000,0x0000000026040000)]
  0x000000001dfc5800 JavaThread "ForkJoinPool.commonPool-worker-0" daemon [_thread_in_Java, id=18404, stack(0x0000000025e40000,0x0000000025f40000)]
  0x000000001dfc8000 JavaThread "Worker-5" [_thread_blocked, id=11232, stack(0x0000000025940000,0x0000000025a40000)]
  0x000000001dfc5000 JavaThread "ForkJoinPool.commonPool-worker-2" daemon [_thread_blocked, id=8012, stack(0x00000000217f0000,0x00000000218f0000)]
  0x000000001dfc4000 JavaThread "Worker-4" [_thread_blocked, id=7116, stack(0x0000000021190000,0x0000000021290000)]
  0x000000001dfc2000 JavaThread "Worker-3" [_thread_blocked, id=15796, stack(0x000000001f930000,0x000000001fa30000)]
  0x0000000019458000 JavaThread "pool-1-thread-1" [_thread_in_native, id=17848, stack(0x000000001f630000,0x000000001f730000)]
  0x000000001b398800 JavaThread "Bundle File Closer" daemon [_thread_blocked, id=15808, stack(0x000000001cb90000,0x000000001cc90000)]
  0x000000001b16c000 JavaThread "Worker-2" [_thread_blocked, id=15756, stack(0x000000001ca90000,0x000000001cb90000)]
  0x000000001b34f000 JavaThread "Java indexing" daemon [_thread_blocked, id=15576, stack(0x000000001c990000,0x000000001ca90000)]
  0x000000001b052800 JavaThread "Worker-1" [_thread_blocked, id=17044, stack(0x000000001c490000,0x000000001c590000)]
  0x000000001b049800 JavaThread "Worker-0" [_thread_blocked, id=14272, stack(0x000000001c390000,0x000000001c490000)]
  0x000000001ae4d000 JavaThread "Worker-JM" [_thread_blocked, id=15224, stack(0x000000001bf90000,0x000000001c090000)]
  0x000000001a17b800 JavaThread "Start Level: Equinox Container: 42a84c45-49e4-4b99-953e-7eeb3aa6bde9" daemon [_thread_blocked, id=10336, stack(0x000000001b9b0000,0x000000001bab0000)]
  0x000000001a3e6000 JavaThread "Framework Event Dispatcher: Equinox Container: 42a84c45-49e4-4b99-953e-7eeb3aa6bde9" daemon [_thread_blocked, id=17596, stack(0x000000001b8b0000,0x000000001b9b0000)]
  0x000000001a2b6000 JavaThread "Active Thread: Equinox Container: 42a84c45-49e4-4b99-953e-7eeb3aa6bde9" [_thread_blocked, id=3340, stack(0x000000001b7b0000,0x000000001b8b0000)]
  0x00000000192a7000 JavaThread "Service Thread" daemon [_thread_blocked, id=1976, stack(0x0000000019d00000,0x0000000019e00000)]
  0x0000000019232000 JavaThread "C1 CompilerThread2" daemon [_thread_blocked, id=14672, stack(0x0000000019c00000,0x0000000019d00000)]
=>0x000000001922f000 JavaThread "C2 CompilerThread1" daemon [_thread_in_native, id=208, stack(0x0000000019b00000,0x0000000019c00000)]
  0x000000001922e000 JavaThread "C2 CompilerThread0" daemon [_thread_in_native, id=6876, stack(0x0000000019a00000,0x0000000019b00000)]
  0x000000001922d000 JavaThread "Attach Listener" daemon [_thread_blocked, id=1640, stack(0x0000000019900000,0x0000000019a00000)]
  0x0000000019229000 JavaThread "Signal Dispatcher" daemon [_thread_blocked, id=15488, stack(0x0000000019800000,0x0000000019900000)]
  0x0000000019214800 JavaThread "Surrogate Locker Thread (Concurrent GC)" daemon [_thread_blocked, id=13904, stack(0x0000000019700000,0x0000000019800000)]
  0x0000000019184000 JavaThread "Finalizer" daemon [_thread_blocked, id=17324, stack(0x0000000019600000,0x0000000019700000)]
  0x0000000019182800 JavaThread "Reference Handler" daemon [_thread_blocked, id=16036, stack(0x0000000019500000,0x0000000019600000)]
  0x00000000032de000 JavaThread "main" [_thread_blocked, id=15780, stack(0x00000000032e0000,0x00000000033e0000)]

Other Threads:
  0x000000001917e800 VMThread [stack: 0x0000000018f20000,0x0000000019020000] [id=7108]
  0x00000000192b7800 WatcherThread [stack: 0x0000000019e00000,0x0000000019f00000] [id=852]

VM state:not at safepoint (normal execution)

VM Mutex/Monitor currently owned by a thread: None

Heap:
 garbage-first heap   total 411648K, used 156530K [0x00000000c0000000, 0x00000000c0100c90, 0x0000000100000000)
  region size 1024K, 52 young (53248K), 16 survivors (16384K)
 Metaspace       used 57221K, capacity 60100K, committed 60160K, reserved 1103872K
  class space    used 5669K, capacity 6617K, committed 6656K, reserved 1048576K

Heap Regions: (Y=young(eden), SU=young(survivor), HS=humongous(starts), HC=humongous(continues), CS=collection set, F=free, TS=gc time stamp, PTAMS=previous top-at-mark-start, NTAMS=next top-at-mark-start)
AC   0 HS    TS     0 PTAMS 0x00000000c0080010 NTAMS 0x00000000c0080010 space 1024K,  50% used [0x00000000c0000000, 0x00000000c0100000)
AC   0  O    TS     0 PTAMS 0x00000000c0200000 NTAMS 0x00000000c0200000 space 1024K, 100% used [0x00000000c0100000, 0x00000000c0200000)
AC   0  O    TS     0 PTAMS 0x00000000c0300000 NTAMS 0x00000000c0300000 space 1024K, 100% used [0x00000000c0200000, 0x00000000c0300000)
AC   0  O    TS     0 PTAMS 0x00000000c0400000 NTAMS 0x00000000c0400000 space 1024K, 100% used [0x00000000c0300000, 0x00000000c0400000)
AC   0  O    TS     0 PTAMS 0x00000000c0500000 NTAMS 0x00000000c0500000 space 1024K, 100% used [0x00000000c0400000, 0x00000000c0500000)
AC   0  O    TS     0 PTAMS 0x00000000c0600000 NTAMS 0x00000000c0600000 space 1024K, 100% used [0x00000000c0500000, 0x00000000c0600000)
AC   0  O    TS     0 PTAMS 0x00000000c0700000 NTAMS 0x00000000c0700000 space 1024K, 100% used [0x00000000c0600000, 0x00000000c0700000)
AC   0  O    TS     0 PTAMS 0x00000000c0800000 NTAMS 0x00000000c0800000 space 1024K, 100% used [0x00000000c0700000, 0x00000000c0800000)
AC   0  O    TS     0 PTAMS 0x00000000c0900000 NTAMS 0x00000000c0900000 space 1024K, 100% used [0x00000000c0800000, 0x00000000c0900000)
AC   0  O    TS     0 PTAMS 0x00000000c0a00000 NTAMS 0x00000000c0a00000 space 1024K, 100% used [0x00000000c0900000, 0x00000000c0a00000)
AC   0  O    TS     0 PTAMS 0x00000000c0b00000 NTAMS 0x00000000c0b00000 space 1024K, 100% used [0x00000000c0a00000, 0x00000000c0b00000)
AC   0  O    TS     0 PTAMS 0x00000000c0c00000 NTAMS 0x00000000c0c00000 space 1024K, 100% used [0x00000000c0b00000, 0x00000000c0c00000)
AC   0  O    TS     0 PTAMS 0x00000000c0d00000 NTAMS 0x00000000c0d00000 space 1024K, 100% used [0x00000000c0c00000, 0x00000000c0d00000)
AC   0  F    TS     0 PTAMS 0x00000000c0d00000 NTAMS 0x00000000c0d00000 space 1024K,   0% used [0x00000000c0d00000, 0x00000000c0e00000)
AC   0  O    TS     0 PTAMS 0x00000000c0f00000 NTAMS 0x00000000c0f00000 space 1024K, 100% used [0x00000000c0e00000, 0x00000000c0f00000)
AC   0  O    TS     0 PTAMS 0x00000000c1000000 NTAMS 0x00000000c1000000 space 1024K, 100% used [0x00000000c0f00000, 0x00000000c1000000)
AC   0  O    TS     0 PTAMS 0x00000000c1100000 NTAMS 0x00000000c1100000 space 1024K, 100% used [0x00000000c1000000, 0x00000000c1100000)
AC   0  O    TS     0 PTAMS 0x00000000c1200000 NTAMS 0x00000000c1200000 space 1024K, 100% used [0x00000000c1100000, 0x00000000c1200000)
AC   0  O    TS     0 PTAMS 0x00000000c1300000 NTAMS 0x00000000c1300000 space 1024K, 100% used [0x00000000c1200000, 0x00000000c1300000)
AC   0  O    TS     0 PTAMS 0x00000000c1400000 NTAMS 0x00000000c1400000 space 1024K, 100% used [0x00000000c1300000, 0x00000000c1400000)
AC   0  O    TS     0 PTAMS 0x00000000c1500000 NTAMS 0x00000000c1500000 space 1024K, 100% used [0x00000000c1400000, 0x00000000c1500000)
AC   0  O    TS     0 PTAMS 0x00000000c1600000 NTAMS 0x00000000c1600000 space 1024K, 100% used [0x00000000c1500000, 0x00000000c1600000)
AC   0  O    TS     0 PTAMS 0x00000000c1700000 NTAMS 0x00000000c1700000 space 1024K, 100% used [0x00000000c1600000, 0x00000000c1700000)
AC   0  O    TS     0 PTAMS 0x00000000c1800000 NTAMS 0x00000000c1800000 space 1024K, 100% used [0x00000000c1700000, 0x00000000c1800000)
AC   0  O    TS     0 PTAMS 0x00000000c1900000 NTAMS 0x00000000c1900000 space 1024K, 100% used [0x00000000c1800000, 0x00000000c1900000)
AC   0  O    TS     3 PTAMS 0x00000000c1900000 NTAMS 0x00000000c1900000 space 1024K, 100% used [0x00000000c1900000, 0x00000000c1a00000)
AC   0  O    TS     3 PTAMS 0x00000000c1a00000 NTAMS 0x00000000c1a00000 space 1024K, 100% used [0x00000000c1a00000, 0x00000000c1b00000)
AC   0  O    TS     0 PTAMS 0x00000000c1c00000 NTAMS 0x00000000c1c00000 space 1024K, 100% used [0x00000000c1b00000, 0x00000000c1c00000)
AC   0  O    TS     0 PTAMS 0x00000000c1d00000 NTAMS 0x00000000c1d00000 space 1024K, 100% used [0x00000000c1c00000, 0x00000000c1d00000)
AC   0  O    TS     0 PTAMS 0x00000000c1e00000 NTAMS 0x00000000c1e00000 space 1024K, 100% used [0x00000000c1d00000, 0x00000000c1e00000)
AC   0  O    TS     0 PTAMS 0x00000000c1f00000 NTAMS 0x00000000c1f00000 space 1024K, 100% used [0x00000000c1e00000, 0x00000000c1f00000)
AC   0  F    TS     0 PTAMS 0x00000000c1f00000 NTAMS 0x00000000c1f00000 space 1024K,   0% used [0x00000000c1f00000, 0x00000000c2000000)
AC   0  F    TS     0 PTAMS 0x00000000c2000000 NTAMS 0x00000000c2000000 space 1024K,   0% used [0x00000000c2000000, 0x00000000c2100000)
AC   0  F    TS     0 PTAMS 0x00000000c2100000 NTAMS 0x00000000c2100000 space 1024K,   0% used [0x00000000c2100000, 0x00000000c2200000)
AC   0  O    TS     0 PTAMS 0x00000000c2300000 NTAMS 0x00000000c2300000 space 1024K, 100% used [0x00000000c2200000, 0x00000000c2300000)
AC   0  O    TS     0 PTAMS 0x00000000c2400000 NTAMS 0x00000000c2400000 space 1024K, 100% used [0x00000000c2300000, 0x00000000c2400000)
AC   0  O    TS     0 PTAMS 0x00000000c2500000 NTAMS 0x00000000c2500000 space 1024K, 100% used [0x00000000c2400000, 0x00000000c2500000)
AC   0  O    TS     0 PTAMS 0x00000000c2600000 NTAMS 0x00000000c2600000 space 1024K, 100% used [0x00000000c2500000, 0x00000000c2600000)
AC   0  F    TS     0 PTAMS 0x00000000c2600000 NTAMS 0x00000000c2600000 space 1024K,   0% used [0x00000000c2600000, 0x00000000c2700000)
AC   0  O    TS     0 PTAMS 0x00000000c2800000 NTAMS 0x00000000c2800000 space 1024K, 100% used [0x00000000c2700000, 0x00000000c2800000)
AC   0  O    TS     0 PTAMS 0x00000000c2900000 NTAMS 0x00000000c2900000 space 1024K, 100% used [0x00000000c2800000, 0x00000000c2900000)
AC   0  O    TS     0 PTAMS 0x00000000c2a00000 NTAMS 0x00000000c2a00000 space 1024K, 100% used [0x00000000c2900000, 0x00000000c2a00000)
AC   0  O    TS     0 PTAMS 0x00000000c2b00000 NTAMS 0x00000000c2b00000 space 1024K, 100% used [0x00000000c2a00000, 0x00000000c2b00000)
AC   0  O    TS     0 PTAMS 0x00000000c2c00000 NTAMS 0x00000000c2c00000 space 1024K, 100% used [0x00000000c2b00000, 0x00000000c2c00000)
AC   0  O    TS     0 PTAMS 0x00000000c2d00000 NTAMS 0x00000000c2d00000 space 1024K, 100% used [0x00000000c2c00000, 0x00000000c2d00000)
AC   0  O    TS     0 PTAMS 0x00000000c2e00000 NTAMS 0x00000000c2e00000 space 1024K, 100% used [0x00000000c2d00000, 0x00000000c2e00000)
AC   0  O    TS     0 PTAMS 0x00000000c2f00000 NTAMS 0x00000000c2f00000 space 1024K, 100% used [0x00000000c2e00000, 0x00000000c2f00000)
AC   0  O    TS     0 PTAMS 0x00000000c3000000 NTAMS 0x00000000c3000000 space 1024K, 100% used [0x00000000c2f00000, 0x00000000c3000000)
AC   0  O    TS     0 PTAMS 0x00000000c3100000 NTAMS 0x00000000c3100000 space 1024K, 100% used [0x00000000c3000000, 0x00000000c3100000)
AC   0  O    TS     0 PTAMS 0x00000000c3200000 NTAMS 0x00000000c3200000 space 1024K, 100% used [0x00000000c3100000, 0x00000000c3200000)
AC   0  F    TS     0 PTAMS 0x00000000c3200000 NTAMS 0x00000000c3200000 space 1024K,   0% used [0x00000000c3200000, 0x00000000c3300000)
AC   0  F    TS     0 PTAMS 0x00000000c3300000 NTAMS 0x00000000c3300000 space 1024K,   0% used [0x00000000c3300000, 0x00000000c3400000)
AC   0  O    TS     0 PTAMS 0x00000000c3400000 NTAMS 0x00000000c3400000 space 1024K, 100% used [0x00000000c3400000, 0x00000000c3500000)
AC   0  O    TS     0 PTAMS 0x00000000c3500000 NTAMS 0x00000000c3500000 space 1024K, 100% used [0x00000000c3500000, 0x00000000c3600000)
AC   0  O    TS     0 PTAMS 0x00000000c3600000 NTAMS 0x00000000c3600000 space 1024K, 100% used [0x00000000c3600000, 0x00000000c3700000)
AC   0  O    TS     0 PTAMS 0x00000000c3700000 NTAMS 0x00000000c3700000 space 1024K, 100% used [0x00000000c3700000, 0x00000000c3800000)
AC   0  O    TS     0 PTAMS 0x00000000c3800000 NTAMS 0x00000000c3800000 space 1024K, 100% used [0x00000000c3800000, 0x00000000c3900000)
AC   0  O    TS     0 PTAMS 0x00000000c3a00000 NTAMS 0x00000000c3a00000 space 1024K, 100% used [0x00000000c3900000, 0x00000000c3a00000)
AC   0  O    TS     0 PTAMS 0x00000000c3b00000 NTAMS 0x00000000c3b00000 space 1024K, 100% used [0x00000000c3a00000, 0x00000000c3b00000)
AC   0  O    TS     0 PTAMS 0x00000000c3c00000 NTAMS 0x00000000c3c00000 space 1024K, 100% used [0x00000000c3b00000, 0x00000000c3c00000)
AC   0  O    TS     0 PTAMS 0x00000000c3d00000 NTAMS 0x00000000c3d00000 space 1024K, 100% used [0x00000000c3c00000, 0x00000000c3d00000)
AC   0  O    TS     0 PTAMS 0x00000000c3e00000 NTAMS 0x00000000c3e00000 space 1024K, 100% used [0x00000000c3d00000, 0x00000000c3e00000)
AC   0  O    TS     0 PTAMS 0x00000000c3f00000 NTAMS 0x00000000c3f00000 space 1024K, 100% used [0x00000000c3e00000, 0x00000000c3f00000)
AC   0  O    TS     0 PTAMS 0x00000000c4000000 NTAMS 0x00000000c4000000 space 1024K, 100% used [0x00000000c3f00000, 0x00000000c4000000)
AC   0  O    TS     0 PTAMS 0x00000000c4100000 NTAMS 0x00000000c4100000 space 1024K, 100% used [0x00000000c4000000, 0x00000000c4100000)
AC   0  O    TS     0 PTAMS 0x00000000c4200000 NTAMS 0x00000000c4200000 space 1024K, 100% used [0x00000000c4100000, 0x00000000c4200000)
AC   0  F    TS     0 PTAMS 0x00000000c4200000 NTAMS 0x00000000c4200000 space 1024K,   0% used [0x00000000c4200000, 0x00000000c4300000)
AC   0  F    TS     0 PTAMS 0x00000000c4300000 NTAMS 0x00000000c4300000 space 1024K,   0% used [0x00000000c4300000, 0x00000000c4400000)
AC   0  F    TS     0 PTAMS 0x00000000c4400000 NTAMS 0x00000000c4400000 space 1024K,   0% used [0x00000000c4400000, 0x00000000c4500000)
AC   0  O    TS     0 PTAMS 0x00000000c4500000 NTAMS 0x00000000c4500000 space 1024K, 100% used [0x00000000c4500000, 0x00000000c4600000)
AC   0  O    TS     0 PTAMS 0x00000000c4600000 NTAMS 0x00000000c4600000 space 1024K, 100% used [0x00000000c4600000, 0x00000000c4700000)
AC   0  O    TS     0 PTAMS 0x00000000c4700000 NTAMS 0x00000000c4700000 space 1024K, 100% used [0x00000000c4700000, 0x00000000c4800000)
AC   0  O    TS     0 PTAMS 0x00000000c4800000 NTAMS 0x00000000c4800000 space 1024K, 100% used [0x00000000c4800000, 0x00000000c4900000)
AC   0  O    TS     0 PTAMS 0x00000000c4900000 NTAMS 0x00000000c4900000 space 1024K, 100% used [0x00000000c4900000, 0x00000000c4a00000)
AC   0  O    TS     0 PTAMS 0x00000000c4a00000 NTAMS 0x00000000c4a00000 space 1024K, 100% used [0x00000000c4a00000, 0x00000000c4b00000)
AC   0  O    TS     0 PTAMS 0x00000000c4b00000 NTAMS 0x00000000c4b00000 space 1024K, 100% used [0x00000000c4b00000, 0x00000000c4c00000)
AC   0  O    TS     0 PTAMS 0x00000000c4c00000 NTAMS 0x00000000c4c00000 space 1024K, 100% used [0x00000000c4c00000, 0x00000000c4d00000)
AC   0  O    TS     0 PTAMS 0x00000000c4d00000 NTAMS 0x00000000c4d00000 space 1024K, 100% used [0x00000000c4d00000, 0x00000000c4e00000)
AC   0  O    TS     0 PTAMS 0x00000000c4e00000 NTAMS 0x00000000c4e00000 space 1024K, 100% used [0x00000000c4e00000, 0x00000000c4f00000)
AC   0  O    TS     0 PTAMS 0x00000000c4f00000 NTAMS 0x00000000c4f00000 space 1024K, 100% used [0x00000000c4f00000, 0x00000000c5000000)
AC   0  O    TS     0 PTAMS 0x00000000c5000000 NTAMS 0x00000000c5000000 space 1024K, 100% used [0x00000000c5000000, 0x00000000c5100000)
AC   0  O    TS     0 PTAMS 0x00000000c5100000 NTAMS 0x00000000c5100000 space 1024K, 100% used [0x00000000c5100000, 0x00000000c5200000)
AC   0  O    TS     0 PTAMS 0x00000000c5200000 NTAMS 0x00000000c5200000 space 1024K, 100% used [0x00000000c5200000, 0x00000000c5300000)
AC   0  O    TS     0 PTAMS 0x00000000c5300000 NTAMS 0x00000000c5300000 space 1024K, 100% used [0x00000000c5300000, 0x00000000c5400000)
AC   0  O    TS     0 PTAMS 0x00000000c5400000 NTAMS 0x00000000c5400000 space 1024K, 100% used [0x00000000c5400000, 0x00000000c5500000)
AC   0  O    TS     1 PTAMS 0x00000000c5500000 NTAMS 0x00000000c5500000 space 1024K, 100% used [0x00000000c5500000, 0x00000000c5600000)
AC   0  O    TS     1 PTAMS 0x00000000c5600000 NTAMS 0x00000000c5600000 space 1024K, 100% used [0x00000000c5600000, 0x00000000c5700000)
AC   0  O    TS     3 PTAMS 0x00000000c5700000 NTAMS 0x00000000c5700000 space 1024K, 100% used [0x00000000c5700000, 0x00000000c5800000)
AC   0  O    TS    29 PTAMS 0x00000000c5800000 NTAMS 0x00000000c5800000 space 1024K,  85% used [0x00000000c5800000, 0x00000000c5900000)
AC   0  F    TS     0 PTAMS 0x00000000c5900000 NTAMS 0x00000000c5900000 space 1024K,   0% used [0x00000000c5900000, 0x00000000c5a00000)
AC   0  F    TS     0 PTAMS 0x00000000c5a00000 NTAMS 0x00000000c5a00000 space 1024K,   0% used [0x00000000c5a00000, 0x00000000c5b00000)
AC   0  F    TS     1 PTAMS 0x00000000c5b00000 NTAMS 0x00000000c5b00000 space 1024K,   0% used [0x00000000c5b00000, 0x00000000c5c00000)
AC   0  F    TS     0 PTAMS 0x00000000c5c00000 NTAMS 0x00000000c5c00000 space 1024K,   0% used [0x00000000c5c00000, 0x00000000c5d00000)
AC   0  F    TS     0 PTAMS 0x00000000c5d00000 NTAMS 0x00000000c5d00000 space 1024K,   0% used [0x00000000c5d00000, 0x00000000c5e00000)
AC   0 HS    TS     0 PTAMS 0x00000000c7380b98 NTAMS 0x00000000c7380b98 space 22528K,  97% used [0x00000000c5e00000, 0x00000000c7400000)
AC   0 HC    TS     0 PTAMS 0x00000000c5f00000 NTAMS 0x00000000c5f00000 space 1024K, 100% used [0x00000000c5f00000, 0x00000000c6000000)
AC   0 HC    TS     0 PTAMS 0x00000000c6000000 NTAMS 0x00000000c6000000 space 1024K, 100% used [0x00000000c6000000, 0x00000000c6100000)
AC   0 HC    TS     0 PTAMS 0x00000000c6100000 NTAMS 0x00000000c6100000 space 1024K, 100% used [0x00000000c6100000, 0x00000000c6200000)
AC   0 HC    TS     0 PTAMS 0x00000000c6200000 NTAMS 0x00000000c6200000 space 1024K, 100% used [0x00000000c6200000, 0x00000000c6300000)
AC   0 HC    TS     0 PTAMS 0x00000000c6300000 NTAMS 0x00000000c6300000 space 1024K, 100% used [0x00000000c6300000, 0x00000000c6400000)
AC   0 HC    TS     0 PTAMS 0x00000000c6400000 NTAMS 0x00000000c6400000 space 1024K, 100% used [0x00000000c6400000, 0x00000000c6500000)
AC   0 HC    TS     0 PTAMS 0x00000000c6500000 NTAMS 0x00000000c6500000 space 1024K, 100% used [0x00000000c6500000, 0x00000000c6600000)
AC   0 HC    TS     0 PTAMS 0x00000000c6600000 NTAMS 0x00000000c6600000 space 1024K, 100% used [0x00000000c6600000, 0x00000000c6700000)
AC   0 HC    TS     0 PTAMS 0x00000000c6700000 NTAMS 0x00000000c6700000 space 1024K, 100% used [0x00000000c6700000, 0x00000000c6800000)
AC   0 HC    TS     0 PTAMS 0x00000000c6800000 NTAMS 0x00000000c6800000 space 1024K, 100% used [0x00000000c6800000, 0x00000000c6900000)
AC   0 HC    TS     0 PTAMS 0x00000000c6900000 NTAMS 0x00000000c6900000 space 1024K, 100% used [0x00000000c6900000, 0x00000000c6a00000)
AC   0 HC    TS     0 PTAMS 0x00000000c6a00000 NTAMS 0x00000000c6a00000 space 1024K, 100% used [0x00000000c6a00000, 0x00000000c6b00000)
AC   0 HC    TS     0 PTAMS 0x00000000c6b00000 NTAMS 0x00000000c6b00000 space 1024K, 100% used [0x00000000c6b00000, 0x00000000c6c00000)
AC   0 HC    TS     0 PTAMS 0x00000000c6c00000 NTAMS 0x00000000c6c00000 space 1024K, 100% used [0x00000000c6c00000, 0x00000000c6d00000)
AC   0 HC    TS     0 PTAMS 0x00000000c6d00000 NTAMS 0x00000000c6d00000 space 1024K, 100% used [0x00000000c6d00000, 0x00000000c6e00000)
AC   0 HC    TS     0 PTAMS 0x00000000c6e00000 NTAMS 0x00000000c6e00000 space 1024K, 100% used [0x00000000c6e00000, 0x00000000c6f00000)
AC   0 HC    TS     0 PTAMS 0x00000000c6f00000 NTAMS 0x00000000c6f00000 space 1024K, 100% used [0x00000000c6f00000, 0x00000000c7000000)
AC   0 HC    TS     0 PTAMS 0x00000000c7000000 NTAMS 0x00000000c7000000 space 1024K, 100% used [0x00000000c7000000, 0x00000000c7100000)
AC   0 HC    TS     0 PTAMS 0x00000000c7100000 NTAMS 0x00000000c7100000 space 1024K, 100% used [0x00000000c7100000, 0x00000000c7200000)
AC   0 HC    TS     0 PTAMS 0x00000000c7200000 NTAMS 0x00000000c7200000 space 1024K, 100% used [0x00000000c7200000, 0x00000000c7300000)
AC   0 HC    TS     0 PTAMS 0x00000000c7300000 NTAMS 0x00000000c7300000 space 1024K,  50% used [0x00000000c7300000, 0x00000000c7400000)
AC   0  F    TS     0 PTAMS 0x00000000c7400000 NTAMS 0x00000000c7400000 space 1024K,   0% used [0x00000000c7400000, 0x00000000c7500000)
AC   0  F    TS     0 PTAMS 0x00000000c7500000 NTAMS 0x00000000c7500000 space 1024K,   0% used [0x00000000c7500000, 0x00000000c7600000)
AC   0  F    TS     0 PTAMS 0x00000000c7600000 NTAMS 0x00000000c7600000 space 1024K,   0% used [0x00000000c7600000, 0x00000000c7700000)
AC   0  O    TS     0 PTAMS 0x00000000c7800000 NTAMS 0x00000000c7800000 space 1024K, 100% used [0x00000000c7700000, 0x00000000c7800000)
AC   0  O    TS     0 PTAMS 0x00000000c7900000 NTAMS 0x00000000c7900000 space 1024K, 100% used [0x00000000c7800000, 0x00000000c7900000)
AC   0  F    TS     0 PTAMS 0x00000000c7900000 NTAMS 0x00000000c7900000 space 1024K,   0% used [0x00000000c7900000, 0x00000000c7a00000)
AC   0  F    TS     0 PTAMS 0x00000000c7a00000 NTAMS 0x00000000c7a00000 space 1024K,   0% used [0x00000000c7a00000, 0x00000000c7b00000)
AC   0  F    TS     1 PTAMS 0x00000000c7b00000 NTAMS 0x00000000c7b00000 space 1024K,   0% used [0x00000000c7b00000, 0x00000000c7c00000)
AC   0  F    TS     1 PTAMS 0x00000000c7c00000 NTAMS 0x00000000c7c00000 space 1024K,   0% used [0x00000000c7c00000, 0x00000000c7d00000)
AC   0  F    TS     1 PTAMS 0x00000000c7d00000 NTAMS 0x00000000c7d00000 space 1024K,   0% used [0x00000000c7d00000, 0x00000000c7e00000)
AC   0  F    TS     1 PTAMS 0x00000000c7e00000 NTAMS 0x00000000c7e00000 space 1024K,   0% used [0x00000000c7e00000, 0x00000000c7f00000)
AC   0  F    TS     1 PTAMS 0x00000000c7f00000 NTAMS 0x00000000c7f00000 space 1024K,   0% used [0x00000000c7f00000, 0x00000000c8000000)
AC   0  F    TS     1 PTAMS 0x00000000c8000000 NTAMS 0x00000000c8000000 space 1024K,   0% used [0x00000000c8000000, 0x00000000c8100000)
AC   0  F    TS     1 PTAMS 0x00000000c8100000 NTAMS 0x00000000c8100000 space 1024K,   0% used [0x00000000c8100000, 0x00000000c8200000)
AC   0  F    TS     1 PTAMS 0x00000000c8200000 NTAMS 0x00000000c8200000 space 1024K,   0% used [0x00000000c8200000, 0x00000000c8300000)
AC   0  F    TS     1 PTAMS 0x00000000c8300000 NTAMS 0x00000000c8300000 space 1024K,   0% used [0x00000000c8300000, 0x00000000c8400000)
AC   0  F    TS     1 PTAMS 0x00000000c8400000 NTAMS 0x00000000c8400000 space 1024K,   0% used [0x00000000c8400000, 0x00000000c8500000)
AC   0  F    TS     1 PTAMS 0x00000000c8500000 NTAMS 0x00000000c8500000 space 1024K,   0% used [0x00000000c8500000, 0x00000000c8600000)
AC   0  F    TS     1 PTAMS 0x00000000c8600000 NTAMS 0x00000000c8600000 space 1024K,   0% used [0x00000000c8600000, 0x00000000c8700000)
AC   0  F    TS     1 PTAMS 0x00000000c8700000 NTAMS 0x00000000c8700000 space 1024K,   0% used [0x00000000c8700000, 0x00000000c8800000)
AC   0  F    TS     1 PTAMS 0x00000000c8800000 NTAMS 0x00000000c8800000 space 1024K,   0% used [0x00000000c8800000, 0x00000000c8900000)
AC   0  F    TS     1 PTAMS 0x00000000c8900000 NTAMS 0x00000000c8900000 space 1024K,   0% used [0x00000000c8900000, 0x00000000c8a00000)
AC   0  F    TS     1 PTAMS 0x00000000c8a00000 NTAMS 0x00000000c8a00000 space 1024K,   0% used [0x00000000c8a00000, 0x00000000c8b00000)
AC   0  F    TS     1 PTAMS 0x00000000c8b00000 NTAMS 0x00000000c8b00000 space 1024K,   0% used [0x00000000c8b00000, 0x00000000c8c00000)
AC   0  F    TS     1 PTAMS 0x00000000c8c00000 NTAMS 0x00000000c8c00000 space 1024K,   0% used [0x00000000c8c00000, 0x00000000c8d00000)
AC   0  F    TS     1 PTAMS 0x00000000c8d00000 NTAMS 0x00000000c8d00000 space 1024K,   0% used [0x00000000c8d00000, 0x00000000c8e00000)
AC   0  F    TS     1 PTAMS 0x00000000c8e00000 NTAMS 0x00000000c8e00000 space 1024K,   0% used [0x00000000c8e00000, 0x00000000c8f00000)
AC   0  F    TS     1 PTAMS 0x00000000c8f00000 NTAMS 0x00000000c8f00000 space 1024K,   0% used [0x00000000c8f00000, 0x00000000c9000000)
AC   0  F    TS    23 PTAMS 0x00000000c9000000 NTAMS 0x00000000c9000000 space 1024K,   0% used [0x00000000c9000000, 0x00000000c9100000)
AC   0  F    TS    27 PTAMS 0x00000000c9100000 NTAMS 0x00000000c9100000 space 1024K,   0% used [0x00000000c9100000, 0x00000000c9200000)
AC   0  F    TS    27 PTAMS 0x00000000c9200000 NTAMS 0x00000000c9200000 space 1024K,   0% used [0x00000000c9200000, 0x00000000c9300000)
AC   0  F    TS    27 PTAMS 0x00000000c9300000 NTAMS 0x00000000c9300000 space 1024K,   0% used [0x00000000c9300000, 0x00000000c9400000)
AC   0  F    TS    27 PTAMS 0x00000000c9400000 NTAMS 0x00000000c9400000 space 1024K,   0% used [0x00000000c9400000, 0x00000000c9500000)
AC   0  S CS TS    29 PTAMS 0x00000000c9500000 NTAMS 0x00000000c9500000 space 1024K,  99% used [0x00000000c9500000, 0x00000000c9600000)
AC   0  S CS TS    29 PTAMS 0x00000000c9600000 NTAMS 0x00000000c9600000 space 1024K, 100% used [0x00000000c9600000, 0x00000000c9700000)
AC   0  S CS TS    29 PTAMS 0x00000000c9700000 NTAMS 0x00000000c9700000 space 1024K, 100% used [0x00000000c9700000, 0x00000000c9800000)
AC   0  S CS TS    29 PTAMS 0x00000000c9800000 NTAMS 0x00000000c9800000 space 1024K, 100% used [0x00000000c9800000, 0x00000000c9900000)
AC   0  S CS TS    29 PTAMS 0x00000000c9900000 NTAMS 0x00000000c9900000 space 1024K, 100% used [0x00000000c9900000, 0x00000000c9a00000)
AC   0  S CS TS    29 PTAMS 0x00000000c9a00000 NTAMS 0x00000000c9a00000 space 1024K, 100% used [0x00000000c9a00000, 0x00000000c9b00000)
AC   0  S CS TS    29 PTAMS 0x00000000c9b00000 NTAMS 0x00000000c9b00000 space 1024K, 100% used [0x00000000c9b00000, 0x00000000c9c00000)
AC   0  S CS TS    29 PTAMS 0x00000000c9c00000 NTAMS 0x00000000c9c00000 space 1024K, 100% used [0x00000000c9c00000, 0x00000000c9d00000)
AC   0  S CS TS    29 PTAMS 0x00000000c9d00000 NTAMS 0x00000000c9d00000 space 1024K, 100% used [0x00000000c9d00000, 0x00000000c9e00000)
AC   0  S CS TS    29 PTAMS 0x00000000c9e00000 NTAMS 0x00000000c9e00000 space 1024K, 100% used [0x00000000c9e00000, 0x00000000c9f00000)
AC   0  S CS TS    29 PTAMS 0x00000000c9f00000 NTAMS 0x00000000c9f00000 space 1024K, 100% used [0x00000000c9f00000, 0x00000000ca000000)
AC   0  S CS TS    29 PTAMS 0x00000000ca000000 NTAMS 0x00000000ca000000 space 1024K, 100% used [0x00000000ca000000, 0x00000000ca100000)
AC   0  F    TS    27 PTAMS 0x00000000ca100000 NTAMS 0x00000000ca100000 space 1024K,   0% used [0x00000000ca100000, 0x00000000ca200000)
AC   0  F    TS    27 PTAMS 0x00000000ca200000 NTAMS 0x00000000ca200000 space 1024K,   0% used [0x00000000ca200000, 0x00000000ca300000)
AC   0  F    TS    27 PTAMS 0x00000000ca300000 NTAMS 0x00000000ca300000 space 1024K,   0% used [0x00000000ca300000, 0x00000000ca400000)
AC   0  F    TS    27 PTAMS 0x00000000ca400000 NTAMS 0x00000000ca400000 space 1024K,   0% used [0x00000000ca400000, 0x00000000ca500000)
AC   0  F    TS    27 PTAMS 0x00000000ca500000 NTAMS 0x00000000ca500000 space 1024K,   0% used [0x00000000ca500000, 0x00000000ca600000)
AC   0  F    TS    27 PTAMS 0x00000000ca600000 NTAMS 0x00000000ca600000 space 1024K,   0% used [0x00000000ca600000, 0x00000000ca700000)
AC   0  F    TS    27 PTAMS 0x00000000ca700000 NTAMS 0x00000000ca700000 space 1024K,   0% used [0x00000000ca700000, 0x00000000ca800000)
AC   0  F    TS    27 PTAMS 0x00000000ca800000 NTAMS 0x00000000ca800000 space 1024K,   0% used [0x00000000ca800000, 0x00000000ca900000)
AC   0  F    TS    27 PTAMS 0x00000000ca900000 NTAMS 0x00000000ca900000 space 1024K,   0% used [0x00000000ca900000, 0x00000000caa00000)
AC   0  F    TS    27 PTAMS 0x00000000caa00000 NTAMS 0x00000000caa00000 space 1024K,   0% used [0x00000000caa00000, 0x00000000cab00000)
AC   0  F    TS    27 PTAMS 0x00000000cab00000 NTAMS 0x00000000cab00000 space 1024K,   0% used [0x00000000cab00000, 0x00000000cac00000)
AC   0  F    TS    27 PTAMS 0x00000000cac00000 NTAMS 0x00000000cac00000 space 1024K,   0% used [0x00000000cac00000, 0x00000000cad00000)
AC   0  S CS TS    29 PTAMS 0x00000000cad00000 NTAMS 0x00000000cad00000 space 1024K, 100% used [0x00000000cad00000, 0x00000000cae00000)
AC   0  S CS TS    29 PTAMS 0x00000000cae00000 NTAMS 0x00000000cae00000 space 1024K, 100% used [0x00000000cae00000, 0x00000000caf00000)
AC   0  S CS TS    29 PTAMS 0x00000000caf00000 NTAMS 0x00000000caf00000 space 1024K, 100% used [0x00000000caf00000, 0x00000000cb000000)
AC   0  S CS TS    29 PTAMS 0x00000000cb000000 NTAMS 0x00000000cb000000 space 1024K, 100% used [0x00000000cb000000, 0x00000000cb100000)
AC   0  F    TS    25 PTAMS 0x00000000cb100000 NTAMS 0x00000000cb100000 space 1024K,   0% used [0x00000000cb100000, 0x00000000cb200000)
AC   0  F    TS     1 PTAMS 0x00000000cb200000 NTAMS 0x00000000cb200000 space 1024K,   0% used [0x00000000cb200000, 0x00000000cb300000)
AC   0  F    TS     1 PTAMS 0x00000000cb300000 NTAMS 0x00000000cb300000 space 1024K,   0% used [0x00000000cb300000, 0x00000000cb400000)
AC   0  F    TS     1 PTAMS 0x00000000cb400000 NTAMS 0x00000000cb400000 space 1024K,   0% used [0x00000000cb400000, 0x00000000cb500000)
AC   0  F    TS     1 PTAMS 0x00000000cb500000 NTAMS 0x00000000cb500000 space 1024K,   0% used [0x00000000cb500000, 0x00000000cb600000)
AC   0  F    TS     1 PTAMS 0x00000000cb600000 NTAMS 0x00000000cb600000 space 1024K,   0% used [0x00000000cb600000, 0x00000000cb700000)
AC   0  F    TS     1 PTAMS 0x00000000cb700000 NTAMS 0x00000000cb700000 space 1024K,   0% used [0x00000000cb700000, 0x00000000cb800000)
AC   0  F    TS     1 PTAMS 0x00000000cb800000 NTAMS 0x00000000cb800000 space 1024K,   0% used [0x00000000cb800000, 0x00000000cb900000)
AC   0  F    TS     1 PTAMS 0x00000000cb900000 NTAMS 0x00000000cb900000 space 1024K,   0% used [0x00000000cb900000, 0x00000000cba00000)
AC   0  F    TS     1 PTAMS 0x00000000cba00000 NTAMS 0x00000000cba00000 space 1024K,   0% used [0x00000000cba00000, 0x00000000cbb00000)
AC   0  F    TS     1 PTAMS 0x00000000cbb00000 NTAMS 0x00000000cbb00000 space 1024K,   0% used [0x00000000cbb00000, 0x00000000cbc00000)
AC   0  F    TS     1 PTAMS 0x00000000cbc00000 NTAMS 0x00000000cbc00000 space 1024K,   0% used [0x00000000cbc00000, 0x00000000cbd00000)
AC   0  F    TS     1 PTAMS 0x00000000cbd00000 NTAMS 0x00000000cbd00000 space 1024K,   0% used [0x00000000cbd00000, 0x00000000cbe00000)
AC   0  F    TS     1 PTAMS 0x00000000cbe00000 NTAMS 0x00000000cbe00000 space 1024K,   0% used [0x00000000cbe00000, 0x00000000cbf00000)
AC   0  F    TS     1 PTAMS 0x00000000cbf00000 NTAMS 0x00000000cbf00000 space 1024K,   0% used [0x00000000cbf00000, 0x00000000cc000000)
AC   0  F    TS     1 PTAMS 0x00000000cc000000 NTAMS 0x00000000cc000000 space 1024K,   0% used [0x00000000cc000000, 0x00000000cc100000)
AC   0  F    TS     1 PTAMS 0x00000000cc100000 NTAMS 0x00000000cc100000 space 1024K,   0% used [0x00000000cc100000, 0x00000000cc200000)
AC   0  F    TS     1 PTAMS 0x00000000cc200000 NTAMS 0x00000000cc200000 space 1024K,   0% used [0x00000000cc200000, 0x00000000cc300000)
AC   0  F    TS     1 PTAMS 0x00000000cc300000 NTAMS 0x00000000cc300000 space 1024K,   0% used [0x00000000cc300000, 0x00000000cc400000)
AC   0  F    TS     1 PTAMS 0x00000000cc400000 NTAMS 0x00000000cc400000 space 1024K,   0% used [0x00000000cc400000, 0x00000000cc500000)
AC   0  F    TS     1 PTAMS 0x00000000cc500000 NTAMS 0x00000000cc500000 space 1024K,   0% used [0x00000000cc500000, 0x00000000cc600000)
AC   0  F    TS     1 PTAMS 0x00000000cc600000 NTAMS 0x00000000cc600000 space 1024K,   0% used [0x00000000cc600000, 0x00000000cc700000)
AC   0  F    TS     1 PTAMS 0x00000000cc700000 NTAMS 0x00000000cc700000 space 1024K,   0% used [0x00000000cc700000, 0x00000000cc800000)
AC   0  F    TS     1 PTAMS 0x00000000cc800000 NTAMS 0x00000000cc800000 space 1024K,   0% used [0x00000000cc800000, 0x00000000cc900000)
AC   0  F    TS     1 PTAMS 0x00000000cc900000 NTAMS 0x00000000cc900000 space 1024K,   0% used [0x00000000cc900000, 0x00000000cca00000)
AC   0  F    TS     1 PTAMS 0x00000000cca00000 NTAMS 0x00000000cca00000 space 1024K,   0% used [0x00000000cca00000, 0x00000000ccb00000)
AC   0  F    TS     1 PTAMS 0x00000000ccb00000 NTAMS 0x00000000ccb00000 space 1024K,   0% used [0x00000000ccb00000, 0x00000000ccc00000)
AC   0  F    TS     1 PTAMS 0x00000000ccc00000 NTAMS 0x00000000ccc00000 space 1024K,   0% used [0x00000000ccc00000, 0x00000000ccd00000)
AC   0  F    TS     1 PTAMS 0x00000000ccd00000 NTAMS 0x00000000ccd00000 space 1024K,   0% used [0x00000000ccd00000, 0x00000000cce00000)
AC   0  F    TS     1 PTAMS 0x00000000cce00000 NTAMS 0x00000000cce00000 space 1024K,   0% used [0x00000000cce00000, 0x00000000ccf00000)
AC   0  F    TS     1 PTAMS 0x00000000ccf00000 NTAMS 0x00000000ccf00000 space 1024K,   0% used [0x00000000ccf00000, 0x00000000cd000000)
AC   0  F    TS     1 PTAMS 0x00000000cd000000 NTAMS 0x00000000cd000000 space 1024K,   0% used [0x00000000cd000000, 0x00000000cd100000)
AC   0  F    TS     1 PTAMS 0x00000000cd100000 NTAMS 0x00000000cd100000 space 1024K,   0% used [0x00000000cd100000, 0x00000000cd200000)
AC   0  F    TS     1 PTAMS 0x00000000cd200000 NTAMS 0x00000000cd200000 space 1024K,   0% used [0x00000000cd200000, 0x00000000cd300000)
AC   0  F    TS     1 PTAMS 0x00000000cd300000 NTAMS 0x00000000cd300000 space 1024K,   0% used [0x00000000cd300000, 0x00000000cd400000)
AC   0  F    TS     1 PTAMS 0x00000000cd400000 NTAMS 0x00000000cd400000 space 1024K,   0% used [0x00000000cd400000, 0x00000000cd500000)
AC   0  F    TS     1 PTAMS 0x00000000cd500000 NTAMS 0x00000000cd500000 space 1024K,   0% used [0x00000000cd500000, 0x00000000cd600000)
AC   0  F    TS     1 PTAMS 0x00000000cd600000 NTAMS 0x00000000cd600000 space 1024K,   0% used [0x00000000cd600000, 0x00000000cd700000)
AC   0  F    TS     1 PTAMS 0x00000000cd700000 NTAMS 0x00000000cd700000 space 1024K,   0% used [0x00000000cd700000, 0x00000000cd800000)
AC   0  F    TS     1 PTAMS 0x00000000cd800000 NTAMS 0x00000000cd800000 space 1024K,   0% used [0x00000000cd800000, 0x00000000cd900000)
AC   0  F    TS     1 PTAMS 0x00000000cd900000 NTAMS 0x00000000cd900000 space 1024K,   0% used [0x00000000cd900000, 0x00000000cda00000)
AC   0  F    TS     1 PTAMS 0x00000000cda00000 NTAMS 0x00000000cda00000 space 1024K,   0% used [0x00000000cda00000, 0x00000000cdb00000)
AC   0  F    TS     1 PTAMS 0x00000000cdb00000 NTAMS 0x00000000cdb00000 space 1024K,   0% used [0x00000000cdb00000, 0x00000000cdc00000)
AC   0  F    TS     1 PTAMS 0x00000000cdc00000 NTAMS 0x00000000cdc00000 space 1024K,   0% used [0x00000000cdc00000, 0x00000000cdd00000)
AC   0  F    TS     1 PTAMS 0x00000000cdd00000 NTAMS 0x00000000cdd00000 space 1024K,   0% used [0x00000000cdd00000, 0x00000000cde00000)
AC   0  F    TS     1 PTAMS 0x00000000cde00000 NTAMS 0x00000000cde00000 space 1024K,   0% used [0x00000000cde00000, 0x00000000cdf00000)
AC   0  F    TS     1 PTAMS 0x00000000cdf00000 NTAMS 0x00000000cdf00000 space 1024K,   0% used [0x00000000cdf00000, 0x00000000ce000000)
AC   0  F    TS     1 PTAMS 0x00000000ce000000 NTAMS 0x00000000ce000000 space 1024K,   0% used [0x00000000ce000000, 0x00000000ce100000)
AC   0  F    TS     5 PTAMS 0x00000000ce100000 NTAMS 0x00000000ce100000 space 1024K,   0% used [0x00000000ce100000, 0x00000000ce200000)
AC   0  F    TS     5 PTAMS 0x00000000ce200000 NTAMS 0x00000000ce200000 space 1024K,   0% used [0x00000000ce200000, 0x00000000ce300000)
AC   0  F    TS     5 PTAMS 0x00000000ce300000 NTAMS 0x00000000ce300000 space 1024K,   0% used [0x00000000ce300000, 0x00000000ce400000)
AC   0  F    TS     5 PTAMS 0x00000000ce400000 NTAMS 0x00000000ce400000 space 1024K,   0% used [0x00000000ce400000, 0x00000000ce500000)
AC   0  F    TS     5 PTAMS 0x00000000ce500000 NTAMS 0x00000000ce500000 space 1024K,   0% used [0x00000000ce500000, 0x00000000ce600000)
AC   0  F    TS     5 PTAMS 0x00000000ce600000 NTAMS 0x00000000ce600000 space 1024K,   0% used [0x00000000ce600000, 0x00000000ce700000)
AC   0  F    TS     5 PTAMS 0x00000000ce700000 NTAMS 0x00000000ce700000 space 1024K,   0% used [0x00000000ce700000, 0x00000000ce800000)
AC   0  F    TS     5 PTAMS 0x00000000ce800000 NTAMS 0x00000000ce800000 space 1024K,   0% used [0x00000000ce800000, 0x00000000ce900000)
AC   0  F    TS     3 PTAMS 0x00000000ce900000 NTAMS 0x00000000ce900000 space 1024K,   0% used [0x00000000ce900000, 0x00000000cea00000)
AC   0  F    TS     3 PTAMS 0x00000000cea00000 NTAMS 0x00000000cea00000 space 1024K,   0% used [0x00000000cea00000, 0x00000000ceb00000)
AC   0  F    TS     5 PTAMS 0x00000000ceb00000 NTAMS 0x00000000ceb00000 space 1024K,   0% used [0x00000000ceb00000, 0x00000000cec00000)
AC   0  F    TS     5 PTAMS 0x00000000cec00000 NTAMS 0x00000000cec00000 space 1024K,   0% used [0x00000000cec00000, 0x00000000ced00000)
AC   0  F    TS     5 PTAMS 0x00000000ced00000 NTAMS 0x00000000ced00000 space 1024K,   0% used [0x00000000ced00000, 0x00000000cee00000)
AC   0  F    TS     5 PTAMS 0x00000000cee00000 NTAMS 0x00000000cee00000 space 1024K,   0% used [0x00000000cee00000, 0x00000000cef00000)
AC   0  F    TS     1 PTAMS 0x00000000cef00000 NTAMS 0x00000000cef00000 space 1024K,   0% used [0x00000000cef00000, 0x00000000cf000000)
AC   0  F    TS     1 PTAMS 0x00000000cf000000 NTAMS 0x00000000cf000000 space 1024K,   0% used [0x00000000cf000000, 0x00000000cf100000)
AC   0  F    TS     1 PTAMS 0x00000000cf100000 NTAMS 0x00000000cf100000 space 1024K,   0% used [0x00000000cf100000, 0x00000000cf200000)
AC   0  F    TS     1 PTAMS 0x00000000cf200000 NTAMS 0x00000000cf200000 space 1024K,   0% used [0x00000000cf200000, 0x00000000cf300000)
AC   0  F    TS     1 PTAMS 0x00000000cf300000 NTAMS 0x00000000cf300000 space 1024K,   0% used [0x00000000cf300000, 0x00000000cf400000)
AC   0  F    TS     1 PTAMS 0x00000000cf400000 NTAMS 0x00000000cf400000 space 1024K,   0% used [0x00000000cf400000, 0x00000000cf500000)
AC   0  F    TS     1 PTAMS 0x00000000cf500000 NTAMS 0x00000000cf500000 space 1024K,   0% used [0x00000000cf500000, 0x00000000cf600000)
AC   0  F    TS     3 PTAMS 0x00000000cf600000 NTAMS 0x00000000cf600000 space 1024K,   0% used [0x00000000cf600000, 0x00000000cf700000)
AC   0  F    TS     3 PTAMS 0x00000000cf700000 NTAMS 0x00000000cf700000 space 1024K,   0% used [0x00000000cf700000, 0x00000000cf800000)
AC   0  F    TS     3 PTAMS 0x00000000cf800000 NTAMS 0x00000000cf800000 space 1024K,   0% used [0x00000000cf800000, 0x00000000cf900000)
AC   0  F    TS     3 PTAMS 0x00000000cf900000 NTAMS 0x00000000cf900000 space 1024K,   0% used [0x00000000cf900000, 0x00000000cfa00000)
AC   0  F    TS     3 PTAMS 0x00000000cfa00000 NTAMS 0x00000000cfa00000 space 1024K,   0% used [0x00000000cfa00000, 0x00000000cfb00000)
AC   0  F    TS     3 PTAMS 0x00000000cfb00000 NTAMS 0x00000000cfb00000 space 1024K,   0% used [0x00000000cfb00000, 0x00000000cfc00000)
AC   0  F    TS     3 PTAMS 0x00000000cfc00000 NTAMS 0x00000000cfc00000 space 1024K,   0% used [0x00000000cfc00000, 0x00000000cfd00000)
AC   0  F    TS     3 PTAMS 0x00000000cfd00000 NTAMS 0x00000000cfd00000 space 1024K,   0% used [0x00000000cfd00000, 0x00000000cfe00000)
AC   0  F    TS     3 PTAMS 0x00000000cfe00000 NTAMS 0x00000000cfe00000 space 1024K,   0% used [0x00000000cfe00000, 0x00000000cff00000)
AC   0  F    TS     3 PTAMS 0x00000000cff00000 NTAMS 0x00000000cff00000 space 1024K,   0% used [0x00000000cff00000, 0x00000000d0000000)
AC   0  F    TS     3 PTAMS 0x00000000d0000000 NTAMS 0x00000000d0000000 space 1024K,   0% used [0x00000000d0000000, 0x00000000d0100000)
AC   0  F    TS     3 PTAMS 0x00000000d0100000 NTAMS 0x00000000d0100000 space 1024K,   0% used [0x00000000d0100000, 0x00000000d0200000)
AC   0  F    TS     3 PTAMS 0x00000000d0200000 NTAMS 0x00000000d0200000 space 1024K,   0% used [0x00000000d0200000, 0x00000000d0300000)
AC   0  F    TS     3 PTAMS 0x00000000d0300000 NTAMS 0x00000000d0300000 space 1024K,   0% used [0x00000000d0300000, 0x00000000d0400000)
AC   0  F    TS     3 PTAMS 0x00000000d0400000 NTAMS 0x00000000d0400000 space 1024K,   0% used [0x00000000d0400000, 0x00000000d0500000)
AC   0  F    TS     3 PTAMS 0x00000000d0500000 NTAMS 0x00000000d0500000 space 1024K,   0% used [0x00000000d0500000, 0x00000000d0600000)
AC   0  F    TS     3 PTAMS 0x00000000d0600000 NTAMS 0x00000000d0600000 space 1024K,   0% used [0x00000000d0600000, 0x00000000d0700000)
AC   0  F    TS     3 PTAMS 0x00000000d0700000 NTAMS 0x00000000d0700000 space 1024K,   0% used [0x00000000d0700000, 0x00000000d0800000)
AC   0  F    TS     3 PTAMS 0x00000000d0800000 NTAMS 0x00000000d0800000 space 1024K,   0% used [0x00000000d0800000, 0x00000000d0900000)
AC   0  F    TS     3 PTAMS 0x00000000d0900000 NTAMS 0x00000000d0900000 space 1024K,   0% used [0x00000000d0900000, 0x00000000d0a00000)
AC   0  F    TS     3 PTAMS 0x00000000d0a00000 NTAMS 0x00000000d0a00000 space 1024K,   0% used [0x00000000d0a00000, 0x00000000d0b00000)
AC   0  F    TS     3 PTAMS 0x00000000d0b00000 NTAMS 0x00000000d0b00000 space 1024K,   0% used [0x00000000d0b00000, 0x00000000d0c00000)
AC   0  F    TS     3 PTAMS 0x00000000d0c00000 NTAMS 0x00000000d0c00000 space 1024K,   0% used [0x00000000d0c00000, 0x00000000d0d00000)
AC   0  F    TS     3 PTAMS 0x00000000d0d00000 NTAMS 0x00000000d0d00000 space 1024K,   0% used [0x00000000d0d00000, 0x00000000d0e00000)
AC   0  F    TS     3 PTAMS 0x00000000d0e00000 NTAMS 0x00000000d0e00000 space 1024K,   0% used [0x00000000d0e00000, 0x00000000d0f00000)
AC   0  F    TS     3 PTAMS 0x00000000d0f00000 NTAMS 0x00000000d0f00000 space 1024K,   0% used [0x00000000d0f00000, 0x00000000d1000000)
AC   0  F    TS     3 PTAMS 0x00000000d1000000 NTAMS 0x00000000d1000000 space 1024K,   0% used [0x00000000d1000000, 0x00000000d1100000)
AC   0  F    TS     3 PTAMS 0x00000000d1100000 NTAMS 0x00000000d1100000 space 1024K,   0% used [0x00000000d1100000, 0x00000000d1200000)
AC   0  F    TS     3 PTAMS 0x00000000d1200000 NTAMS 0x00000000d1200000 space 1024K,   0% used [0x00000000d1200000, 0x00000000d1300000)
AC   0  F    TS     3 PTAMS 0x00000000d1300000 NTAMS 0x00000000d1300000 space 1024K,   0% used [0x00000000d1300000, 0x00000000d1400000)
AC   0  F    TS     3 PTAMS 0x00000000d1400000 NTAMS 0x00000000d1400000 space 1024K,   0% used [0x00000000d1400000, 0x00000000d1500000)
AC   0  F    TS     3 PTAMS 0x00000000d1500000 NTAMS 0x00000000d1500000 space 1024K,   0% used [0x00000000d1500000, 0x00000000d1600000)
AC   0  F    TS     3 PTAMS 0x00000000d1600000 NTAMS 0x00000000d1600000 space 1024K,   0% used [0x00000000d1600000, 0x00000000d1700000)
AC   0  F    TS     3 PTAMS 0x00000000d1700000 NTAMS 0x00000000d1700000 space 1024K,   0% used [0x00000000d1700000, 0x00000000d1800000)
AC   0  F    TS     3 PTAMS 0x00000000d1800000 NTAMS 0x00000000d1800000 space 1024K,   0% used [0x00000000d1800000, 0x00000000d1900000)
AC   0  F    TS     3 PTAMS 0x00000000d1900000 NTAMS 0x00000000d1900000 space 1024K,   0% used [0x00000000d1900000, 0x00000000d1a00000)
AC   0  F    TS     3 PTAMS 0x00000000d1a00000 NTAMS 0x00000000d1a00000 space 1024K,   0% used [0x00000000d1a00000, 0x00000000d1b00000)
AC   0  F    TS     3 PTAMS 0x00000000d1b00000 NTAMS 0x00000000d1b00000 space 1024K,   0% used [0x00000000d1b00000, 0x00000000d1c00000)
AC   0  F    TS     3 PTAMS 0x00000000d1c00000 NTAMS 0x00000000d1c00000 space 1024K,   0% used [0x00000000d1c00000, 0x00000000d1d00000)
AC   0  F    TS     3 PTAMS 0x00000000d1d00000 NTAMS 0x00000000d1d00000 space 1024K,   0% used [0x00000000d1d00000, 0x00000000d1e00000)
AC   0  F    TS     3 PTAMS 0x00000000d1e00000 NTAMS 0x00000000d1e00000 space 1024K,   0% used [0x00000000d1e00000, 0x00000000d1f00000)
AC   0  F    TS     3 PTAMS 0x00000000d1f00000 NTAMS 0x00000000d1f00000 space 1024K,   0% used [0x00000000d1f00000, 0x00000000d2000000)
AC   0  F    TS     3 PTAMS 0x00000000d2000000 NTAMS 0x00000000d2000000 space 1024K,   0% used [0x00000000d2000000, 0x00000000d2100000)
AC   0  F    TS     3 PTAMS 0x00000000d2100000 NTAMS 0x00000000d2100000 space 1024K,   0% used [0x00000000d2100000, 0x00000000d2200000)
AC   0  F    TS     3 PTAMS 0x00000000d2200000 NTAMS 0x00000000d2200000 space 1024K,   0% used [0x00000000d2200000, 0x00000000d2300000)
AC   0  F    TS     3 PTAMS 0x00000000d2300000 NTAMS 0x00000000d2300000 space 1024K,   0% used [0x00000000d2300000, 0x00000000d2400000)
AC   0  F    TS     3 PTAMS 0x00000000d2400000 NTAMS 0x00000000d2400000 space 1024K,   0% used [0x00000000d2400000, 0x00000000d2500000)
AC   0  F    TS     3 PTAMS 0x00000000d2500000 NTAMS 0x00000000d2500000 space 1024K,   0% used [0x00000000d2500000, 0x00000000d2600000)
AC   0  F    TS     3 PTAMS 0x00000000d2600000 NTAMS 0x00000000d2600000 space 1024K,   0% used [0x00000000d2600000, 0x00000000d2700000)
AC   0  F    TS     3 PTAMS 0x00000000d2700000 NTAMS 0x00000000d2700000 space 1024K,   0% used [0x00000000d2700000, 0x00000000d2800000)
AC   0  F    TS     3 PTAMS 0x00000000d2800000 NTAMS 0x00000000d2800000 space 1024K,   0% used [0x00000000d2800000, 0x00000000d2900000)
AC   0  F    TS     3 PTAMS 0x00000000d2900000 NTAMS 0x00000000d2900000 space 1024K,   0% used [0x00000000d2900000, 0x00000000d2a00000)
AC   0  F    TS     3 PTAMS 0x00000000d2a00000 NTAMS 0x00000000d2a00000 space 1024K,   0% used [0x00000000d2a00000, 0x00000000d2b00000)
AC   0  F    TS     3 PTAMS 0x00000000d2b00000 NTAMS 0x00000000d2b00000 space 1024K,   0% used [0x00000000d2b00000, 0x00000000d2c00000)
AC   0  F    TS     3 PTAMS 0x00000000d2c00000 NTAMS 0x00000000d2c00000 space 1024K,   0% used [0x00000000d2c00000, 0x00000000d2d00000)
AC   0  F    TS     3 PTAMS 0x00000000d2d00000 NTAMS 0x00000000d2d00000 space 1024K,   0% used [0x00000000d2d00000, 0x00000000d2e00000)
AC   0  F    TS     3 PTAMS 0x00000000d2e00000 NTAMS 0x00000000d2e00000 space 1024K,   0% used [0x00000000d2e00000, 0x00000000d2f00000)
AC   0  F    TS     3 PTAMS 0x00000000d2f00000 NTAMS 0x00000000d2f00000 space 1024K,   0% used [0x00000000d2f00000, 0x00000000d3000000)
AC   0  F    TS     3 PTAMS 0x00000000d3000000 NTAMS 0x00000000d3000000 space 1024K,   0% used [0x00000000d3000000, 0x00000000d3100000)
AC   0  F    TS     3 PTAMS 0x00000000d3100000 NTAMS 0x00000000d3100000 space 1024K,   0% used [0x00000000d3100000, 0x00000000d3200000)
AC   0  F    TS     3 PTAMS 0x00000000d3200000 NTAMS 0x00000000d3200000 space 1024K,   0% used [0x00000000d3200000, 0x00000000d3300000)
AC   0  F    TS     3 PTAMS 0x00000000d3300000 NTAMS 0x00000000d3300000 space 1024K,   0% used [0x00000000d3300000, 0x00000000d3400000)
AC   0  F    TS     3 PTAMS 0x00000000d3400000 NTAMS 0x00000000d3400000 space 1024K,   0% used [0x00000000d3400000, 0x00000000d3500000)
AC   0  F    TS     3 PTAMS 0x00000000d3500000 NTAMS 0x00000000d3500000 space 1024K,   0% used [0x00000000d3500000, 0x00000000d3600000)
AC   0  F    TS     3 PTAMS 0x00000000d3600000 NTAMS 0x00000000d3600000 space 1024K,   0% used [0x00000000d3600000, 0x00000000d3700000)
AC   0  F    TS     3 PTAMS 0x00000000d3700000 NTAMS 0x00000000d3700000 space 1024K,   0% used [0x00000000d3700000, 0x00000000d3800000)
AC   0  F    TS     3 PTAMS 0x00000000d3800000 NTAMS 0x00000000d3800000 space 1024K,   0% used [0x00000000d3800000, 0x00000000d3900000)
AC   0  F    TS     3 PTAMS 0x00000000d3900000 NTAMS 0x00000000d3900000 space 1024K,   0% used [0x00000000d3900000, 0x00000000d3a00000)
AC   0  F    TS     3 PTAMS 0x00000000d3a00000 NTAMS 0x00000000d3a00000 space 1024K,   0% used [0x00000000d3a00000, 0x00000000d3b00000)
AC   0  F    TS     3 PTAMS 0x00000000d3b00000 NTAMS 0x00000000d3b00000 space 1024K,   0% used [0x00000000d3b00000, 0x00000000d3c00000)
AC   0  F    TS     3 PTAMS 0x00000000d3c00000 NTAMS 0x00000000d3c00000 space 1024K,   0% used [0x00000000d3c00000, 0x00000000d3d00000)
AC   0  F    TS     3 PTAMS 0x00000000d3d00000 NTAMS 0x00000000d3d00000 space 1024K,   0% used [0x00000000d3d00000, 0x00000000d3e00000)
AC   0  F    TS     3 PTAMS 0x00000000d3e00000 NTAMS 0x00000000d3e00000 space 1024K,   0% used [0x00000000d3e00000, 0x00000000d3f00000)
AC   0  F    TS     3 PTAMS 0x00000000d3f00000 NTAMS 0x00000000d3f00000 space 1024K,   0% used [0x00000000d3f00000, 0x00000000d4000000)
AC   0  F    TS     3 PTAMS 0x00000000d4000000 NTAMS 0x00000000d4000000 space 1024K,   0% used [0x00000000d4000000, 0x00000000d4100000)
AC   0  F    TS     3 PTAMS 0x00000000d4100000 NTAMS 0x00000000d4100000 space 1024K,   0% used [0x00000000d4100000, 0x00000000d4200000)
AC   0  F    TS     3 PTAMS 0x00000000d4200000 NTAMS 0x00000000d4200000 space 1024K,   0% used [0x00000000d4200000, 0x00000000d4300000)
AC   0  F    TS     3 PTAMS 0x00000000d4300000 NTAMS 0x00000000d4300000 space 1024K,   0% used [0x00000000d4300000, 0x00000000d4400000)
AC   0  F    TS     3 PTAMS 0x00000000d4400000 NTAMS 0x00000000d4400000 space 1024K,   0% used [0x00000000d4400000, 0x00000000d4500000)
AC   0  F    TS     3 PTAMS 0x00000000d4500000 NTAMS 0x00000000d4500000 space 1024K,   0% used [0x00000000d4500000, 0x00000000d4600000)
AC   0  F    TS     3 PTAMS 0x00000000d4600000 NTAMS 0x00000000d4600000 space 1024K,   0% used [0x00000000d4600000, 0x00000000d4700000)
AC   0  F    TS     3 PTAMS 0x00000000d4700000 NTAMS 0x00000000d4700000 space 1024K,   0% used [0x00000000d4700000, 0x00000000d4800000)
AC   0  F    TS     3 PTAMS 0x00000000d4800000 NTAMS 0x00000000d4800000 space 1024K,   0% used [0x00000000d4800000, 0x00000000d4900000)
AC   0  F    TS     3 PTAMS 0x00000000d4900000 NTAMS 0x00000000d4900000 space 1024K,   0% used [0x00000000d4900000, 0x00000000d4a00000)
AC   0  F    TS     3 PTAMS 0x00000000d4a00000 NTAMS 0x00000000d4a00000 space 1024K,   0% used [0x00000000d4a00000, 0x00000000d4b00000)
AC   0  F    TS     3 PTAMS 0x00000000d4b00000 NTAMS 0x00000000d4b00000 space 1024K,   0% used [0x00000000d4b00000, 0x00000000d4c00000)
AC   0  F    TS     3 PTAMS 0x00000000d4c00000 NTAMS 0x00000000d4c00000 space 1024K,   0% used [0x00000000d4c00000, 0x00000000d4d00000)
AC   0  F    TS     3 PTAMS 0x00000000d4d00000 NTAMS 0x00000000d4d00000 space 1024K,   0% used [0x00000000d4d00000, 0x00000000d4e00000)
AC   0  F    TS     3 PTAMS 0x00000000d4e00000 NTAMS 0x00000000d4e00000 space 1024K,   0% used [0x00000000d4e00000, 0x00000000d4f00000)
AC   0  F    TS     3 PTAMS 0x00000000d4f00000 NTAMS 0x00000000d4f00000 space 1024K,   0% used [0x00000000d4f00000, 0x00000000d5000000)
AC   0  F    TS     3 PTAMS 0x00000000d5000000 NTAMS 0x00000000d5000000 space 1024K,   0% used [0x00000000d5000000, 0x00000000d5100000)
AC   0  F    TS     3 PTAMS 0x00000000d5100000 NTAMS 0x00000000d5100000 space 1024K,   0% used [0x00000000d5100000, 0x00000000d5200000)
AC   0  F    TS     3 PTAMS 0x00000000d5200000 NTAMS 0x00000000d5200000 space 1024K,   0% used [0x00000000d5200000, 0x00000000d5300000)
AC   0  F    TS     3 PTAMS 0x00000000d5300000 NTAMS 0x00000000d5300000 space 1024K,   0% used [0x00000000d5300000, 0x00000000d5400000)
AC   0  F    TS     3 PTAMS 0x00000000d5400000 NTAMS 0x00000000d5400000 space 1024K,   0% used [0x00000000d5400000, 0x00000000d5500000)
AC   0  F    TS     3 PTAMS 0x00000000d5500000 NTAMS 0x00000000d5500000 space 1024K,   0% used [0x00000000d5500000, 0x00000000d5600000)
AC   0  F    TS     3 PTAMS 0x00000000d5600000 NTAMS 0x00000000d5600000 space 1024K,   0% used [0x00000000d5600000, 0x00000000d5700000)
AC   0  F    TS     3 PTAMS 0x00000000d5700000 NTAMS 0x00000000d5700000 space 1024K,   0% used [0x00000000d5700000, 0x00000000d5800000)
AC   0  F    TS     3 PTAMS 0x00000000d5800000 NTAMS 0x00000000d5800000 space 1024K,   0% used [0x00000000d5800000, 0x00000000d5900000)
AC   0  F    TS     3 PTAMS 0x00000000d5900000 NTAMS 0x00000000d5900000 space 1024K,   0% used [0x00000000d5900000, 0x00000000d5a00000)
AC   0  F    TS     3 PTAMS 0x00000000d5a00000 NTAMS 0x00000000d5a00000 space 1024K,   0% used [0x00000000d5a00000, 0x00000000d5b00000)
AC   0  F    TS     3 PTAMS 0x00000000d5b00000 NTAMS 0x00000000d5b00000 space 1024K,   0% used [0x00000000d5b00000, 0x00000000d5c00000)
AC   0  F    TS     3 PTAMS 0x00000000d5c00000 NTAMS 0x00000000d5c00000 space 1024K,   0% used [0x00000000d5c00000, 0x00000000d5d00000)
AC   0  F    TS     3 PTAMS 0x00000000d5d00000 NTAMS 0x00000000d5d00000 space 1024K,   0% used [0x00000000d5d00000, 0x00000000d5e00000)
AC   0  F    TS     3 PTAMS 0x00000000d5e00000 NTAMS 0x00000000d5e00000 space 1024K,   0% used [0x00000000d5e00000, 0x00000000d5f00000)
AC   0  F    TS     3 PTAMS 0x00000000d5f00000 NTAMS 0x00000000d5f00000 space 1024K,   0% used [0x00000000d5f00000, 0x00000000d6000000)
AC   0  F    TS     3 PTAMS 0x00000000d6000000 NTAMS 0x00000000d6000000 space 1024K,   0% used [0x00000000d6000000, 0x00000000d6100000)
AC   0  F    TS     3 PTAMS 0x00000000d6100000 NTAMS 0x00000000d6100000 space 1024K,   0% used [0x00000000d6100000, 0x00000000d6200000)
AC   0  F    TS     3 PTAMS 0x00000000d6200000 NTAMS 0x00000000d6200000 space 1024K,   0% used [0x00000000d6200000, 0x00000000d6300000)
AC   0  F    TS     3 PTAMS 0x00000000d6300000 NTAMS 0x00000000d6300000 space 1024K,   0% used [0x00000000d6300000, 0x00000000d6400000)
AC   0  F    TS     3 PTAMS 0x00000000d6400000 NTAMS 0x00000000d6400000 space 1024K,   0% used [0x00000000d6400000, 0x00000000d6500000)
AC   0  F    TS     3 PTAMS 0x00000000d6500000 NTAMS 0x00000000d6500000 space 1024K,   0% used [0x00000000d6500000, 0x00000000d6600000)
AC   0  F    TS     3 PTAMS 0x00000000d6600000 NTAMS 0x00000000d6600000 space 1024K,   0% used [0x00000000d6600000, 0x00000000d6700000)
AC   0  F    TS     3 PTAMS 0x00000000d6700000 NTAMS 0x00000000d6700000 space 1024K,   0% used [0x00000000d6700000, 0x00000000d6800000)
AC   0  F    TS     3 PTAMS 0x00000000d6800000 NTAMS 0x00000000d6800000 space 1024K,   0% used [0x00000000d6800000, 0x00000000d6900000)
AC   0  F    TS     3 PTAMS 0x00000000d6900000 NTAMS 0x00000000d6900000 space 1024K,   0% used [0x00000000d6900000, 0x00000000d6a00000)
AC   0  E    TS     3 PTAMS 0x00000000d6a00000 NTAMS 0x00000000d6a00000 space 1024K, 100% used [0x00000000d6a00000, 0x00000000d6b00000)
AC   0  E CS TS     3 PTAMS 0x00000000d6b00000 NTAMS 0x00000000d6b00000 space 1024K, 100% used [0x00000000d6b00000, 0x00000000d6c00000)
AC   0  E CS TS     3 PTAMS 0x00000000d6c00000 NTAMS 0x00000000d6c00000 space 1024K, 100% used [0x00000000d6c00000, 0x00000000d6d00000)
AC   0  E CS TS     3 PTAMS 0x00000000d6d00000 NTAMS 0x00000000d6d00000 space 1024K, 100% used [0x00000000d6d00000, 0x00000000d6e00000)
AC   0  E CS TS     3 PTAMS 0x00000000d6e00000 NTAMS 0x00000000d6e00000 space 1024K, 100% used [0x00000000d6e00000, 0x00000000d6f00000)
AC   0  E CS TS     3 PTAMS 0x00000000d6f00000 NTAMS 0x00000000d6f00000 space 1024K, 100% used [0x00000000d6f00000, 0x00000000d7000000)
AC   0  E CS TS     3 PTAMS 0x00000000d7000000 NTAMS 0x00000000d7000000 space 1024K, 100% used [0x00000000d7000000, 0x00000000d7100000)
AC   0  E CS TS     3 PTAMS 0x00000000d7100000 NTAMS 0x00000000d7100000 space 1024K, 100% used [0x00000000d7100000, 0x00000000d7200000)
AC   0  E CS TS     3 PTAMS 0x00000000d7200000 NTAMS 0x00000000d7200000 space 1024K, 100% used [0x00000000d7200000, 0x00000000d7300000)
AC   0  E CS TS     3 PTAMS 0x00000000d7300000 NTAMS 0x00000000d7300000 space 1024K, 100% used [0x00000000d7300000, 0x00000000d7400000)
AC   0  E CS TS     3 PTAMS 0x00000000d7400000 NTAMS 0x00000000d7400000 space 1024K, 100% used [0x00000000d7400000, 0x00000000d7500000)
AC   0  E CS TS     3 PTAMS 0x00000000d7500000 NTAMS 0x00000000d7500000 space 1024K, 100% used [0x00000000d7500000, 0x00000000d7600000)
AC   0  E CS TS     3 PTAMS 0x00000000d7600000 NTAMS 0x00000000d7600000 space 1024K, 100% used [0x00000000d7600000, 0x00000000d7700000)
AC   0  E CS TS     3 PTAMS 0x00000000d7700000 NTAMS 0x00000000d7700000 space 1024K, 100% used [0x00000000d7700000, 0x00000000d7800000)
AC   0  E CS TS     3 PTAMS 0x00000000d7800000 NTAMS 0x00000000d7800000 space 1024K, 100% used [0x00000000d7800000, 0x00000000d7900000)
AC   0  E CS TS     3 PTAMS 0x00000000d7900000 NTAMS 0x00000000d7900000 space 1024K, 100% used [0x00000000d7900000, 0x00000000d7a00000)
AC   0  E CS TS     3 PTAMS 0x00000000d7a00000 NTAMS 0x00000000d7a00000 space 1024K, 100% used [0x00000000d7a00000, 0x00000000d7b00000)
AC   0  E CS TS     3 PTAMS 0x00000000d7b00000 NTAMS 0x00000000d7b00000 space 1024K, 100% used [0x00000000d7b00000, 0x00000000d7c00000)
AC   0  E CS TS     3 PTAMS 0x00000000d7c00000 NTAMS 0x00000000d7c00000 space 1024K, 100% used [0x00000000d7c00000, 0x00000000d7d00000)
AC   0  E CS TS     3 PTAMS 0x00000000d7d00000 NTAMS 0x00000000d7d00000 space 1024K, 100% used [0x00000000d7d00000, 0x00000000d7e00000)
AC   0  E CS TS     3 PTAMS 0x00000000d7e00000 NTAMS 0x00000000d7e00000 space 1024K, 100% used [0x00000000d7e00000, 0x00000000d7f00000)
AC   0  E CS TS     3 PTAMS 0x00000000d7f00000 NTAMS 0x00000000d7f00000 space 1024K, 100% used [0x00000000d7f00000, 0x00000000d8000000)
AC   0  E CS TS     3 PTAMS 0x00000000d8000000 NTAMS 0x00000000d8000000 space 1024K, 100% used [0x00000000d8000000, 0x00000000d8100000)
AC   0  E CS TS     3 PTAMS 0x00000000d8100000 NTAMS 0x00000000d8100000 space 1024K, 100% used [0x00000000d8100000, 0x00000000d8200000)
AC   0  E CS TS     3 PTAMS 0x00000000d8200000 NTAMS 0x00000000d8200000 space 1024K, 100% used [0x00000000d8200000, 0x00000000d8300000)
AC   0  E CS TS     3 PTAMS 0x00000000d8300000 NTAMS 0x00000000d8300000 space 1024K, 100% used [0x00000000d8300000, 0x00000000d8400000)
AC   0  E CS TS     3 PTAMS 0x00000000d8400000 NTAMS 0x00000000d8400000 space 1024K, 100% used [0x00000000d8400000, 0x00000000d8500000)
AC   0  E CS TS     3 PTAMS 0x00000000d8500000 NTAMS 0x00000000d8500000 space 1024K, 100% used [0x00000000d8500000, 0x00000000d8600000)
AC   0  E CS TS     3 PTAMS 0x00000000d8600000 NTAMS 0x00000000d8600000 space 1024K, 100% used [0x00000000d8600000, 0x00000000d8700000)
AC   0  E CS TS     3 PTAMS 0x00000000d8700000 NTAMS 0x00000000d8700000 space 1024K, 100% used [0x00000000d8700000, 0x00000000d8800000)
AC   0  E CS TS     3 PTAMS 0x00000000d8800000 NTAMS 0x00000000d8800000 space 1024K, 100% used [0x00000000d8800000, 0x00000000d8900000)
AC   0  E CS TS     3 PTAMS 0x00000000d8900000 NTAMS 0x00000000d8900000 space 1024K, 100% used [0x00000000d8900000, 0x00000000d8a00000)
AC   0  E CS TS     3 PTAMS 0x00000000d8a00000 NTAMS 0x00000000d8a00000 space 1024K, 100% used [0x00000000d8a00000, 0x00000000d8b00000)
AC   0  E CS TS     3 PTAMS 0x00000000d8b00000 NTAMS 0x00000000d8b00000 space 1024K, 100% used [0x00000000d8b00000, 0x00000000d8c00000)
AC   0  E CS TS     3 PTAMS 0x00000000d8c00000 NTAMS 0x00000000d8c00000 space 1024K, 100% used [0x00000000d8c00000, 0x00000000d8d00000)
AC   0  E CS TS     3 PTAMS 0x00000000d8d00000 NTAMS 0x00000000d8d00000 space 1024K, 100% used [0x00000000d8d00000, 0x00000000d8e00000)
AC   0  E CS TS     3 PTAMS 0x00000000d8e00000 NTAMS 0x00000000d8e00000 space 1024K, 100% used [0x00000000d8e00000, 0x00000000d8f00000)
AC   0  E CS TS     3 PTAMS 0x00000000d8f00000 NTAMS 0x00000000d8f00000 space 1024K, 100% used [0x00000000d8f00000, 0x00000000d9000000)
AC   0  E CS TS     3 PTAMS 0x00000000d9000000 NTAMS 0x00000000d9000000 space 1024K, 100% used [0x00000000d9000000, 0x00000000d9100000)
AC   0  E CS TS     3 PTAMS 0x00000000d9100000 NTAMS 0x00000000d9100000 space 1024K, 100% used [0x00000000d9100000, 0x00000000d9200000)

Card table byte_map: [0x00000000139e0000,0x0000000013be0000] byte_map_base: 0x00000000133e0000

Marking Bits (Prev, Next): (CMBitMap*) 0x0000000003417560, (CMBitMap*) 0x0000000003417508
 Prev Bits: [0x0000000014de0000, 0x0000000015de0000)
 Next Bits: [0x0000000013de0000, 0x0000000014de0000)

Polling page: 0x0000000000fe0000

CodeCache: size=245760Kb used=39191Kb max_used=39699Kb free=206568Kb
 bounds [0x00000000034e0000, 0x0000000005be0000, 0x00000000124e0000]
 total_blobs=10261 nmethods=9660 adapters=507
 compilation: enabled

Compilation events (10 events):
Event: 137.286 Thread 0x0000000019232000 12366       3       org.eclipse.jdt.internal.compiler.lookup.ArrayBinding::computeUniqueKey (42 bytes)
Event: 137.287 Thread 0x0000000019232000 nmethod 12366 0x0000000004378f10 code [0x00000000043790a0, 0x0000000004379438]
Event: 137.287 Thread 0x0000000019232000 12367       1       org.eclipse.jdt.core.dom.VariableDeclarationExpression::getNodeType0 (3 bytes)
Event: 137.287 Thread 0x0000000019232000 nmethod 12367 0x00000000057fac90 code [0x00000000057fade0, 0x00000000057faef0]
Event: 137.288 Thread 0x0000000019232000 12368       3       java.util.AbstractCollection::contains (55 bytes)
Event: 137.288 Thread 0x0000000019232000 nmethod 12368 0x00000000052d3c90 code [0x00000000052d3e60, 0x00000000052d4638]
Event: 137.293 Thread 0x0000000019232000 12369       3       org.eclipse.jdt.ls.core.internal.corext.dom.fragments.ASTFragmentFactory$FragmentForFullSubtreeFactory::visit (14 bytes)
Event: 137.294 Thread 0x0000000019232000 nmethod 12369 0x000000000437f790 code [0x000000000437f960, 0x00000000043801b8]
Event: 137.294 Thread 0x0000000019232000 12370       3       org.eclipse.jdt.ls.core.internal.corext.dom.fragments.SimpleExpressionFragment::<init> (6 bytes)
Event: 137.294 Thread 0x0000000019232000 nmethod 12370 0x00000000046545d0 code [0x0000000004654760, 0x0000000004654ae8]

GC Heap History (10 events):
Event: 66.687 GC heap before
{Heap before GC invocations=40 (full 0):
 garbage-first heap   total 411648K, used 351090K [0x00000000c0000000, 0x00000000c0100c90, 0x0000000100000000)
  region size 1024K, 241 young (246784K), 13 survivors (13312K)
 Metaspace       used 53052K, capacity 55820K, committed 56064K, reserved 1099776K
  class space    used 5237K, capacity 6083K, committed 6144K, reserved 1048576K
Event: 66.712 GC heap after
Heap after GC invocations=41 (full 0):
 garbage-first heap   total 411648K, used 116594K [0x00000000c0000000, 0x00000000c0100c90, 0x0000000100000000)
  region size 1024K, 12 young (12288K), 12 survivors (12288K)
 Metaspace       used 53052K, capacity 55820K, committed 56064K, reserved 1099776K
  class space    used 5237K, capacity 6083K, committed 6144K, reserved 1048576K
}
Event: 80.821 GC heap before
{Heap before GC invocations=41 (full 0):
 garbage-first heap   total 411648K, used 351090K [0x00000000c0000000, 0x00000000c0100c90, 0x0000000100000000)
  region size 1024K, 241 young (246784K), 12 survivors (12288K)
 Metaspace       used 54785K, capacity 57592K, committed 57856K, reserved 1101824K
  class space    used 5443K, capacity 6312K, committed 6400K, reserved 1048576K
Event: 80.850 GC heap after
Heap after GC invocations=42 (full 0):
 garbage-first heap   total 411648K, used 121714K [0x00000000c0000000, 0x00000000c0100c90, 0x0000000100000000)
  region size 1024K, 17 young (17408K), 17 survivors (17408K)
 Metaspace       used 54785K, capacity 57592K, committed 57856K, reserved 1101824K
  class space    used 5443K, capacity 6312K, committed 6400K, reserved 1048576K
}
Event: 93.169 GC heap before
{Heap before GC invocations=42 (full 0):
 garbage-first heap   total 411648K, used 351090K [0x00000000c0000000, 0x00000000c0100c90, 0x0000000100000000)
  region size 1024K, 241 young (246784K), 17 survivors (17408K)
 Metaspace       used 56478K, capacity 59346K, committed 59648K, reserved 1101824K
  class space    used 5646K, capacity 6582K, committed 6656K, reserved 1048576K
Event: 93.199 GC heap after
Heap after GC invocations=43 (full 0):
 garbage-first heap   total 411648K, used 121714K [0x00000000c0000000, 0x00000000c0100c90, 0x0000000100000000)
  region size 1024K, 17 young (17408K), 17 survivors (17408K)
 Metaspace       used 56478K, capacity 59346K, committed 59648K, reserved 1101824K
  class space    used 5646K, capacity 6582K, committed 6656K, reserved 1048576K
}
Event: 121.810 GC heap before
{Heap before GC invocations=43 (full 0):
 garbage-first heap   total 411648K, used 351090K [0x00000000c0000000, 0x00000000c0100c90, 0x0000000100000000)
  region size 1024K, 241 young (246784K), 17 survivors (17408K)
 Metaspace       used 56899K, capacity 59774K, committed 59904K, reserved 1101824K
  class space    used 5663K, capacity 6616K, committed 6656K, reserved 1048576K
Event: 121.838 GC heap after
Heap after GC invocations=44 (full 0):
 garbage-first heap   total 411648K, used 120178K [0x00000000c0000000, 0x00000000c0100c90, 0x0000000100000000)
  region size 1024K, 16 young (16384K), 16 survivors (16384K)
 Metaspace       used 56899K, capacity 59774K, committed 59904K, reserved 1101824K
  class space    used 5663K, capacity 6616K, committed 6656K, reserved 1048576K
}
Event: 137.071 GC heap before
{Heap before GC invocations=44 (full 0):
 garbage-first heap   total 411648K, used 350578K [0x00000000c0000000, 0x00000000c0100c90, 0x0000000100000000)
  region size 1024K, 241 young (246784K), 16 survivors (16384K)
 Metaspace       used 57216K, capacity 60100K, committed 60160K, reserved 1103872K
  class space    used 5669K, capacity 6617K, committed 6656K, reserved 1048576K
Event: 137.098 GC heap after
Heap after GC invocations=45 (full 0):
 garbage-first heap   total 411648K, used 120690K [0x00000000c0000000, 0x00000000c0100c90, 0x0000000100000000)
  region size 1024K, 16 young (16384K), 16 survivors (16384K)
 Metaspace       used 57216K, capacity 60100K, committed 60160K, reserved 1103872K
  class space    used 5669K, capacity 6617K, committed 6656K, reserved 1048576K
}

Deoptimization events (10 events):
Event: 119.786 Thread 0x000000001dfc2800 Uncommon trap: reason=unstable_if action=reinterpret pc=0x00000000057463cc method=org.eclipse.jdt.internal.compiler.lookup.SourceTypeBinding.initializeForStaticImports()V @ 19
Event: 119.797 Thread 0x000000001dfc2800 Uncommon trap: reason=unstable_if action=reinterpret pc=0x000000000569e768 method=org.eclipse.jdt.internal.compiler.lookup.ReferenceBinding.isAbstract()Z @ 8
Event: 119.797 Thread 0x000000001dfc2800 Uncommon trap: reason=bimorphic action=maybe_recompile pc=0x000000000552ac84 method=org.eclipse.jdt.internal.compiler.ast.TypeReference.resolveType(Lorg/eclipse/jdt/internal/compiler/lookup/BlockScope;Z)Lorg/eclipse/jdt/internal/compiler/lookup/TypeBindin
Event: 121.377 Thread 0x000000001b049800 Uncommon trap: reason=unstable_if action=reinterpret pc=0x000000000445201c method=org.eclipse.jdt.core.compiler.CharOperation.equals([[C[[C)Z @ 12
Event: 121.880 Thread 0x000000001dfc8000 Uncommon trap: reason=array_check action=maybe_recompile pc=0x0000000005a91738 method=java.util.AbstractCollection.toArray([Ljava/lang/Object;)[Ljava/lang/Object; @ 119
Event: 121.881 Thread 0x000000001dfc8000 Uncommon trap: reason=array_check action=maybe_recompile pc=0x0000000005a91738 method=java.util.AbstractCollection.toArray([Ljava/lang/Object;)[Ljava/lang/Object; @ 119
Event: 121.881 Thread 0x000000001dfc8000 Uncommon trap: reason=array_check action=maybe_recompile pc=0x0000000005a91738 method=java.util.AbstractCollection.toArray([Ljava/lang/Object;)[Ljava/lang/Object; @ 119
Event: 121.893 Thread 0x000000001dfc8000 Uncommon trap: reason=array_check action=maybe_recompile pc=0x0000000005a91738 method=java.util.AbstractCollection.toArray([Ljava/lang/Object;)[Ljava/lang/Object; @ 119
Event: 127.592 Thread 0x000000001dfc5000 Uncommon trap: reason=bimorphic action=maybe_recompile pc=0x0000000004accf08 method=org.eclipse.jdt.internal.compiler.lookup.TypeBinding.findSuperTypeOriginatingFrom(Lorg/eclipse/jdt/internal/compiler/lookup/TypeBinding;)Lorg/eclipse/jdt/internal/compiler
Event: 127.593 Thread 0x000000001dfc5000 Uncommon trap: reason=bimorphic action=maybe_recompile pc=0x000000000552ac84 method=org.eclipse.jdt.internal.compiler.ast.TypeReference.resolveType(Lorg/eclipse/jdt/internal/compiler/lookup/BlockScope;Z)Lorg/eclipse/jdt/internal/compiler/lookup/TypeBindin

Classes redefined (0 events):
No events

Internal exceptions (10 events):
Event: 113.783 Thread 0x000000001dfc5800 Exception <a 'java/lang/ArrayIndexOutOfBoundsException'> (0x00000000cffb2e40) thrown at [C:\re\workspace\8-2-build-windows-amd64-cygwin\jdk8u171\10807\hotspot\src\share\vm\runtime\sharedRuntime.cpp, line 605]
Event: 113.783 Thread 0x000000001dfc5800 Exception <a 'java/lang/ArrayIndexOutOfBoundsException'> (0x00000000cffb3078) thrown at [C:\re\workspace\8-2-build-windows-amd64-cygwin\jdk8u171\10807\hotspot\src\share\vm\runtime\sharedRuntime.cpp, line 605]
Event: 114.323 Thread 0x000000001dfc5800 Exception <a 'java/lang/ArrayIndexOutOfBoundsException'> (0x00000000cffc7f88) thrown at [C:\re\workspace\8-2-build-windows-amd64-cygwin\jdk8u171\10807\hotspot\src\share\vm\runtime\sharedRuntime.cpp, line 605]
Event: 114.323 Thread 0x000000001dfc5800 Exception <a 'java/lang/ArrayIndexOutOfBoundsException'> (0x00000000cffc81c0) thrown at [C:\re\workspace\8-2-build-windows-amd64-cygwin\jdk8u171\10807\hotspot\src\share\vm\runtime\sharedRuntime.cpp, line 605]
Event: 118.084 Thread 0x000000001dfc5000 Exception <a 'java/lang/ArrayIndexOutOfBoundsException'> (0x00000000ce810298) thrown at [C:\re\workspace\8-2-build-windows-amd64-cygwin\jdk8u171\10807\hotspot\src\share\vm\runtime\sharedRuntime.cpp, line 605]
Event: 118.356 Thread 0x000000001dfc5000 Exception <a 'java/lang/ArrayIndexOutOfBoundsException'> (0x00000000ccb290e8) thrown at [C:\re\workspace\8-2-build-windows-amd64-cygwin\jdk8u171\10807\hotspot\src\share\vm\runtime\sharedRuntime.cpp, line 605]
Event: 119.814 Thread 0x000000001dfc2800 Exception <a 'java/lang/ClassNotFoundException': sun/net/www/protocol/jdt/Handler> (0x00000000cbcae150) thrown at [C:\re\workspace\8-2-build-windows-amd64-cygwin\jdk8u171\10807\hotspot\src\share\vm\classfile\systemDictionary.cpp, line 210]
Event: 121.377 Thread 0x000000001b049800 Implicit null exception at 0x0000000004451e3c to 0x0000000004452009
Event: 127.598 Thread 0x000000001dfc5000 Exception <a 'java/lang/ClassNotFoundException': sun/net/www/protocol/jdt/Handler> (0x00000000d650f2a0) thrown at [C:\re\workspace\8-2-build-windows-amd64-cygwin\jdk8u171\10807\hotspot\src\share\vm\classfile\systemDictionary.cpp, line 210]
Event: 127.598 Thread 0x000000001dfc5000 Exception <a 'java/lang/ClassNotFoundException': sun/net/www/protocol/jdt/Handler> (0x00000000d6513030) thrown at [C:\re\workspace\8-2-build-windows-amd64-cygwin\jdk8u171\10807\hotspot\src\share\vm\classfile\systemDictionary.cpp, line 210]

Events (10 events):
Event: 134.828 Executing VM operation: RevokeBias
Event: 134.828 Executing VM operation: RevokeBias done
Event: 137.023 Thread 0x000000001e7fb000 DEOPT PACKING pc=0x0000000005ad9311 sp=0x000000002613dc90
Event: 137.023 Thread 0x000000001e7fb000 DEOPT UNPACKING pc=0x0000000003527890 sp=0x000000002613d9d8 mode 0
Event: 137.042 Thread 0x000000001e7fb000 DEOPT PACKING pc=0x0000000005ad9311 sp=0x000000002613dc90
Event: 137.042 Thread 0x000000001e7fb000 DEOPT UNPACKING pc=0x0000000003527890 sp=0x000000002613d9d8 mode 0
Event: 137.043 Thread 0x000000001e7fb000 DEOPT PACKING pc=0x0000000005ad9311 sp=0x000000002613dc40
Event: 137.043 Thread 0x000000001e7fb000 DEOPT UNPACKING pc=0x0000000003527890 sp=0x000000002613d988 mode 0
Event: 137.071 Executing VM operation: G1IncCollectionPause
Event: 137.098 Executing VM operation: G1IncCollectionPause done


Dynamic libraries:
0x00007ff725010000 - 0x00007ff725047000 	C:\Program Files\Java\jdk1.8.0_171\bin\java.exe
0x00007ff933b60000 - 0x00007ff933d4d000 	C:\WINDOWS\SYSTEM32\ntdll.dll
0x00007ff932220000 - 0x00007ff9322d3000 	C:\WINDOWS\System32\KERNEL32.DLL
0x00007ff930100000 - 0x00007ff930393000 	C:\WINDOWS\System32\KERNELBASE.dll
0x00007ff930d90000 - 0x00007ff930e33000 	C:\WINDOWS\System32\ADVAPI32.dll
0x00007ff9319d0000 - 0x00007ff931a6e000 	C:\WINDOWS\System32\msvcrt.dll
0x00007ff931f10000 - 0x00007ff931fae000 	C:\WINDOWS\System32\sechost.dll
0x00007ff931fc0000 - 0x00007ff9320e2000 	C:\WINDOWS\System32\RPCRT4.dll
0x00007ff931d70000 - 0x00007ff931f07000 	C:\WINDOWS\System32\USER32.dll
0x00007ff92fc50000 - 0x00007ff92fc70000 	C:\WINDOWS\System32\win32u.dll
0x00007ff9322f0000 - 0x00007ff932319000 	C:\WINDOWS\System32\GDI32.dll
0x00007ff9303a0000 - 0x00007ff93053a000 	C:\WINDOWS\System32\gdi32full.dll
0x00007ff92fe80000 - 0x00007ff92ff20000 	C:\WINDOWS\System32\msvcp_win.dll
0x00007ff930540000 - 0x00007ff93063a000 	C:\WINDOWS\System32\ucrtbase.dll
0x00007ff924040000 - 0x00007ff9242b9000 	C:\WINDOWS\WinSxS\amd64_microsoft.windows.common-controls_6595b64144ccf1df_6.0.17763.379_none_05b83be8071c94a1\COMCTL32.dll
0x00007ff931620000 - 0x00007ff93194d000 	C:\WINDOWS\System32\combase.dll
0x00007ff92fcf0000 - 0x00007ff92fd6e000 	C:\WINDOWS\System32\bcryptPrimitives.dll
0x00007ff931060000 - 0x00007ff93108e000 	C:\WINDOWS\System32\IMM32.DLL
0x000000005a180000 - 0x000000005a252000 	C:\Program Files\Java\jdk1.8.0_171\jre\bin\msvcr100.dll
0x00000000587b0000 - 0x0000000059050000 	C:\Program Files\Java\jdk1.8.0_171\jre\bin\server\jvm.dll
0x00007ff931fb0000 - 0x00007ff931fb8000 	C:\WINDOWS\System32\PSAPI.DLL
0x00007ff91dea0000 - 0x00007ff91dea9000 	C:\WINDOWS\SYSTEM32\WSOCK32.dll
0x00007ff932340000 - 0x00007ff9323ad000 	C:\WINDOWS\System32\WS2_32.dll
0x00007ff92db40000 - 0x00007ff92db64000 	C:\WINDOWS\SYSTEM32\WINMM.dll
0x00007ff91ee60000 - 0x00007ff91ee6a000 	C:\WINDOWS\SYSTEM32\VERSION.dll
0x00007ff92db10000 - 0x00007ff92db3d000 	C:\WINDOWS\SYSTEM32\WINMMBASE.dll
0x00007ff92fc70000 - 0x00007ff92fcba000 	C:\WINDOWS\System32\cfgmgr32.dll
0x000000005a170000 - 0x000000005a17f000 	C:\Program Files\Java\jdk1.8.0_171\jre\bin\verify.dll
0x000000005a140000 - 0x000000005a169000 	C:\Program Files\Java\jdk1.8.0_171\jre\bin\java.dll
0x000000005a120000 - 0x000000005a136000 	C:\Program Files\Java\jdk1.8.0_171\jre\bin\zip.dll
0x00007ff932640000 - 0x00007ff933b30000 	C:\WINDOWS\System32\SHELL32.dll
0x00007ff931090000 - 0x00007ff931138000 	C:\WINDOWS\System32\shcore.dll
0x00007ff930640000 - 0x00007ff930d8a000 	C:\WINDOWS\System32\windows.storage.dll
0x00007ff92fba0000 - 0x00007ff92fbc4000 	C:\WINDOWS\System32\profapi.dll
0x00007ff92fbd0000 - 0x00007ff92fc2d000 	C:\WINDOWS\System32\powrprof.dll
0x00007ff931d10000 - 0x00007ff931d62000 	C:\WINDOWS\System32\shlwapi.dll
0x00007ff92fb80000 - 0x00007ff92fb91000 	C:\WINDOWS\System32\kernel.appcore.dll
0x00007ff92fc30000 - 0x00007ff92fc47000 	C:\WINDOWS\System32\cryptsp.dll
0x00007ff92ef40000 - 0x00007ff92ef73000 	C:\WINDOWS\system32\rsaenh.dll
0x00007ff92fcc0000 - 0x00007ff92fce6000 	C:\WINDOWS\System32\bcrypt.dll
0x00007ff92fa60000 - 0x00007ff92fa88000 	C:\WINDOWS\SYSTEM32\USERENV.dll
0x00007ff92f550000 - 0x00007ff92f55c000 	C:\WINDOWS\SYSTEM32\CRYPTBASE.dll
0x000000005a100000 - 0x000000005a11a000 	C:\Program Files\Java\jdk1.8.0_171\jre\bin\net.dll
0x00007ff92f380000 - 0x00007ff92f3e7000 	C:\WINDOWS\system32\mswsock.dll
0x00007ff92f0e0000 - 0x00007ff92f11d000 	C:\WINDOWS\SYSTEM32\IPHLPAPI.DLL
0x00007ff9322e0000 - 0x00007ff9322e8000 	C:\WINDOWS\System32\NSI.dll
0x00007ff923940000 - 0x00007ff923956000 	C:\WINDOWS\SYSTEM32\dhcpcsvc6.DLL
0x00007ff923cf0000 - 0x00007ff923d0c000 	C:\WINDOWS\SYSTEM32\dhcpcsvc.DLL
0x00007ff92f120000 - 0x00007ff92f1e6000 	C:\WINDOWS\SYSTEM32\DNSAPI.dll
0x000000005a0e0000 - 0x000000005a0f1000 	C:\Program Files\Java\jdk1.8.0_171\jre\bin\nio.dll
0x00007ff9201b0000 - 0x00007ff9201d9000 	C:\Users\XNOTE\.vscode\extensions\redhat.java-0.43.0\server\config_win\org.eclipse.equinox.launcher\org.eclipse.equinox.launcher.win32.win32.x86_64_1.1.1000.v20190125-2016\eclipse_1801.dll
0x00007ff927550000 - 0x00007ff927561000 	C:\Users\XNOTE\.vscode\extensions\redhat.java-0.43.0\server\config_win\org.eclipse.osgi\20\0\.cp\jWinHttp-1.0.0.dll
0x00007ff9324e0000 - 0x00007ff932635000 	C:\WINDOWS\System32\ole32.dll
0x00007ff924560000 - 0x00007ff924651000 	C:\WINDOWS\SYSTEM32\WINHTTP.dll
0x000000005a0b0000 - 0x000000005a0d4000 	C:\Program Files\Java\jdk1.8.0_171\jre\bin\sunec.dll

VM Arguments:
jvm_args: -Declipse.application=org.eclipse.jdt.ls.core.id1 -Dosgi.bundles.defaultStartLevel=4 -Declipse.product=org.eclipse.jdt.ls.core.product -Dfile.encoding=utf8 -DwatchParentProcess=false -Xverify:none -Xmx1G -XX:+UseG1GC -XX:+UseStringDeduplication 
java_command: C:\Users\XNOTE\.vscode\extensions\redhat.java-0.43.0\server\plugins\org.eclipse.equinox.launcher_1.5.300.v20190213-1655.jar -configuration C:\Users\XNOTE\.vscode\extensions\redhat.java-0.43.0\server\config_win -data c:\Users\XNOTE\AppData\Roaming\Code\User\workspaceStorage\0bdfaac4224be0d618bdcf963b857abf\redhat.java\jdt_ws
java_class_path (initial): C:\Users\XNOTE\.vscode\extensions\redhat.java-0.43.0\server\plugins\org.eclipse.equinox.launcher_1.5.300.v20190213-1655.jar
Launcher Type: SUN_STANDARD

Environment Variables:
PATH=C:\Program Files (x86)\Common Files\Oracle\Java\javapath;C:\ProgramData\Oracle\Java\javapath;C:\python27;C:\WINDOWS\system32;C:\WINDOWS;C:\WINDOWS\System32\Wbem;C:\WINDOWS\System32\WindowsPowerShell\v1.0\;C:\Program Files (x86)\Windows Live\Shared;C:\WINDOWS\System32\OpenSSH\;C:\Program Files\PuTTY\;C:\Program Files\Microsoft VS Code\bin;C:\Program Files\Git\cmd;C:\Program Files\Java\jdk1.8.0_171\bin;%USERPROFILE%\AppData\Local\Microsoft\WindowsApps;
USERNAME=
OS=Windows_NT
PROCESSOR_IDENTIFIER=Intel64 Family 6 Model 58 Stepping 9, GenuineIntel



---------------  S Y S T E M  ---------------

OS: Windows 10.0 , 64 bit Build 17763 (10.0.17763.379)

CPU:total 4 (initial active 4) (2 cores per cpu, 2 threads per core) family 6 model 58 stepping 9, cmov, cx8, fxsr, mmx, sse, sse2, sse3, ssse3, sse4.1, sse4.2, popcnt, avx, clmul, erms, ht, tsc, tscinvbit, tscinv

Memory: 4k page, physical 4024712k(580280k free), swap 5445000k(5304k free)

vm_info: Java HotSpot(TM) 64-Bit Server VM (25.171-b11) for windows-amd64 JRE (1.8.0_171-b11), built on Mar 28 2018 16:06:12 by "java_re" with MS VC++ 10.0 (VS2010)

time: Thu May 02 01:52:13 2019
elapsed time: 137 seconds (0d 0h 2m 17s)

