#
# There is insufficient memory for the Java Runtime Environment to continue.
# Native memory allocation (malloc) failed to allocate 1149856 bytes for Chunk::new
# Possible reasons:
#   The system is out of physical RAM or swap space
#   In 32 bit mode, the process size limit was hit
# Possible solutions:
#   Reduce memory load on the system
#   Increase physical memory or swap space
#   Check if swap backing store is full
#   Use 64 bit Java on a 64 bit OS
#   Decrease Java heap size (-Xmx/-Xms)
#   Decrease number of Java threads
#   Decrease Java thread stack sizes (-Xss)
#   Set larger code cache with -XX:ReservedCodeCacheSize=
# This output file may be truncated or incomplete.
#
#  Out of Memory Error (allocation.cpp:390), pid=15016, tid=0x0000000000003904
#
# JRE version: Java(TM) SE Runtime Environment (8.0_171-b11) (build 1.8.0_171-b11)
# Java VM: Java HotSpot(TM) 64-Bit Server VM (25.171-b11 mixed mode windows-amd64 compressed oops)
# Failed to write core dump. Minidumps are not enabled by default on client versions of Windows
#

---------------  T H R E A D  ---------------

Current thread (0x0000000018963000):  JavaThread "C2 CompilerThread1" daemon [_thread_in_native, id=14596, stack(0x0000000019230000,0x0000000019330000)]

Stack: [0x0000000019230000,0x0000000019330000]
[error occurred during error reporting (printing stack bounds), id 0xc0000005]

Native frames: (J=compiled Java code, j=interpreted, Vv=VM code, C=native code)


Current CompileTask:
C2:   7179 2832   !   4       com.google.inject.spi.InjectionPoint::getInjectionPoints (495 bytes)


---------------  P R O C E S S  ---------------

Java Threads: ( => current thread )
  0x000000001a90e000 JavaThread "Bundle File Closer" daemon [_thread_blocked, id=7092, stack(0x000000001c1a0000,0x000000001c2a0000)]
  0x000000001a7ee000 JavaThread "Java indexing" daemon [_thread_blocked, id=14400, stack(0x000000001c0a0000,0x000000001c1a0000)]
  0x000000001a7be800 JavaThread "Worker-2" [_thread_blocked, id=18152, stack(0x000000001bda0000,0x000000001bea0000)]
  0x000000001a669800 JavaThread "Worker-1: Updating workspace" [_thread_blocked, id=10908, stack(0x000000001baa0000,0x000000001bba0000)]
  0x000000001a631000 JavaThread "Worker-0: Refreshing workspace" [_thread_in_Java, id=2912, stack(0x000000001b9a0000,0x000000001baa0000)]
  0x000000001a515800 JavaThread "Worker-JM" [_thread_blocked, id=12100, stack(0x000000001b100000,0x000000001b200000)]
  0x0000000019b9d800 JavaThread "Start Level: Equinox Container: 53a05aca-aa60-4017-a6fe-eaac16e77730" daemon [_thread_in_vm, id=9692, stack(0x000000001b000000,0x000000001b100000)]
  0x0000000019b9c800 JavaThread "Framework Event Dispatcher: Equinox Container: 53a05aca-aa60-4017-a6fe-eaac16e77730" daemon [_thread_blocked, id=13516, stack(0x000000001af00000,0x000000001b000000)]
  0x00000000198cf000 JavaThread "Active Thread: Equinox Container: 53a05aca-aa60-4017-a6fe-eaac16e77730" [_thread_blocked, id=9892, stack(0x000000001ae00000,0x000000001af00000)]
  0x00000000189f3000 JavaThread "Service Thread" daemon [_thread_blocked, id=14384, stack(0x0000000019430000,0x0000000019530000)]
  0x0000000018969800 JavaThread "C1 CompilerThread2" daemon [_thread_blocked, id=3040, stack(0x0000000019330000,0x0000000019430000)]
=>0x0000000018963000 JavaThread "C2 CompilerThread1" daemon [_thread_in_native, id=14596, stack(0x0000000019230000,0x0000000019330000)]
  0x0000000018962000 JavaThread "C2 CompilerThread0" daemon [_thread_blocked, id=17880, stack(0x0000000019130000,0x0000000019230000)]
  0x0000000018961000 JavaThread "Attach Listener" daemon [_thread_blocked, id=6516, stack(0x0000000019030000,0x0000000019130000)]
  0x0000000018948000 JavaThread "Signal Dispatcher" daemon [_thread_blocked, id=13728, stack(0x0000000018f30000,0x0000000019030000)]
  0x0000000018947000 JavaThread "Surrogate Locker Thread (Concurrent GC)" daemon [_thread_blocked, id=16752, stack(0x0000000018e30000,0x0000000018f30000)]
  0x00000000188bd800 JavaThread "Finalizer" daemon [_thread_blocked, id=13036, stack(0x0000000018d30000,0x0000000018e30000)]
  0x00000000188b6800 JavaThread "Reference Handler" daemon [_thread_blocked, id=15992, stack(0x0000000018c30000,0x0000000018d30000)]
  0x0000000002bfe000 JavaThread "main" [_thread_blocked, id=9600, stack(0x0000000002540000,0x0000000002640000)]

Other Threads:
  0x00000000188b3800 VMThread [stack: 0x0000000018650000,0x0000000018750000] [id=15588]
  0x00000000189f7800 WatcherThread [stack: 0x0000000019530000,0x0000000019630000] [id=10380]

VM state:not at safepoint (normal execution)

VM Mutex/Monitor currently owned by a thread:  ([mutex/lock_event])
[0x0000000002a01850] Compile_lock - owner thread: 0x0000000000000000

Heap:
 garbage-first heap   total 63488K, used 50688K [0x00000000c0000000, 0x00000000c01001f0, 0x0000000100000000)
  region size 1024K, 35 young (35840K), 1 survivors (1024K)
 Metaspace       used 26918K, capacity 28322K, committed 28540K, reserved 1075200K
  class space    used 2902K, capacity 3382K, committed 3504K, reserved 1048576K

Heap Regions: (Y=young(eden), SU=young(survivor), HS=humongous(starts), HC=humongous(continues), CS=collection set, F=free, TS=gc time stamp, PTAMS=previous top-at-mark-start, NTAMS=next top-at-mark-start)
AC   0  O    TS     0 PTAMS 0x00000000c00ffff8 NTAMS 0x00000000c00ffff8 space 1024K,  99% used [0x00000000c0000000, 0x00000000c0100000)
AC   0  O    TS     0 PTAMS 0x00000000c0200000 NTAMS 0x00000000c0200000 space 1024K, 100% used [0x00000000c0100000, 0x00000000c0200000)
AC   0  O    TS     0 PTAMS 0x00000000c0300000 NTAMS 0x00000000c0300000 space 1024K, 100% used [0x00000000c0200000, 0x00000000c0300000)
AC   0  F    TS     0 PTAMS 0x00000000c0300000 NTAMS 0x00000000c0300000 space 1024K,   0% used [0x00000000c0300000, 0x00000000c0400000)
AC   0  F    TS     0 PTAMS 0x00000000c0400000 NTAMS 0x00000000c0400000 space 1024K,   0% used [0x00000000c0400000, 0x00000000c0500000)
AC   0  F    TS     0 PTAMS 0x00000000c0500000 NTAMS 0x00000000c0500000 space 1024K,   0% used [0x00000000c0500000, 0x00000000c0600000)
AC   0  O    TS     0 PTAMS 0x00000000c0700000 NTAMS 0x00000000c0700000 space 1024K, 100% used [0x00000000c0600000, 0x00000000c0700000)
AC   0  O    TS     0 PTAMS 0x00000000c0800000 NTAMS 0x00000000c0800000 space 1024K, 100% used [0x00000000c0700000, 0x00000000c0800000)
AC   0  O    TS     0 PTAMS 0x00000000c0900000 NTAMS 0x00000000c0900000 space 1024K, 100% used [0x00000000c0800000, 0x00000000c0900000)
AC   0  F    TS     0 PTAMS 0x00000000c0900000 NTAMS 0x00000000c0900000 space 1024K,   0% used [0x00000000c0900000, 0x00000000c0a00000)
AC   0  O    TS     1 PTAMS 0x00000000c0a00000 NTAMS 0x00000000c0a00000 space 1024K, 100% used [0x00000000c0a00000, 0x00000000c0b00000)
AC   0  O    TS     1 PTAMS 0x00000000c0b00000 NTAMS 0x00000000c0b00000 space 1024K, 100% used [0x00000000c0b00000, 0x00000000c0c00000)
AC   0  O    TS     1 PTAMS 0x00000000c0c00000 NTAMS 0x00000000c0c00000 space 1024K, 100% used [0x00000000c0c00000, 0x00000000c0d00000)
AC   0  O    TS     3 PTAMS 0x00000000c0d00000 NTAMS 0x00000000c0d00000 space 1024K, 100% used [0x00000000c0d00000, 0x00000000c0e00000)
AC   0  F    TS     0 PTAMS 0x00000000c0e00000 NTAMS 0x00000000c0e00000 space 1024K,   0% used [0x00000000c0e00000, 0x00000000c0f00000)
AC   0  O    TS     1 PTAMS 0x00000000c0f80008 NTAMS 0x00000000c0f80008 space 1024K, 100% used [0x00000000c0f00000, 0x00000000c1000000)
AC   0  O    TS     3 PTAMS 0x00000000c1000000 NTAMS 0x00000000c1000000 space 1024K, 100% used [0x00000000c1000000, 0x00000000c1100000)
AC   0  O    TS     3 PTAMS 0x00000000c1100000 NTAMS 0x00000000c1100000 space 1024K, 100% used [0x00000000c1100000, 0x00000000c1200000)
AC   0  O    TS     3 PTAMS 0x00000000c1200000 NTAMS 0x00000000c1200000 space 1024K, 100% used [0x00000000c1200000, 0x00000000c1300000)
AC   0  O    TS     3 PTAMS 0x00000000c1300000 NTAMS 0x00000000c1300000 space 1024K, 100% used [0x00000000c1300000, 0x00000000c1400000)
AC   0  O    TS     3 PTAMS 0x00000000c1400000 NTAMS 0x00000000c1400000 space 1024K,  50% used [0x00000000c1400000, 0x00000000c1500000)
AC   0  F    TS     0 PTAMS 0x00000000c1500000 NTAMS 0x00000000c1500000 space 1024K,   0% used [0x00000000c1500000, 0x00000000c1600000)
AC   0  F    TS     0 PTAMS 0x00000000c1600000 NTAMS 0x00000000c1600000 space 1024K,   0% used [0x00000000c1600000, 0x00000000c1700000)
AC   0  F    TS     1 PTAMS 0x00000000c1700000 NTAMS 0x00000000c1700000 space 1024K,   0% used [0x00000000c1700000, 0x00000000c1800000)
AC   0  F    TS     1 PTAMS 0x00000000c1800000 NTAMS 0x00000000c1800000 space 1024K,   0% used [0x00000000c1800000, 0x00000000c1900000)
AC   0  F    TS     1 PTAMS 0x00000000c1900000 NTAMS 0x00000000c1900000 space 1024K,   0% used [0x00000000c1900000, 0x00000000c1a00000)
AC   0  F    TS     1 PTAMS 0x00000000c1a00000 NTAMS 0x00000000c1a00000 space 1024K,   0% used [0x00000000c1a00000, 0x00000000c1b00000)
AC   0  E    TS     1 PTAMS 0x00000000c1b00000 NTAMS 0x00000000c1b00000 space 1024K,  77% used [0x00000000c1b00000, 0x00000000c1c00000)
AC   0  E CS TS     0 PTAMS 0x00000000c1c00000 NTAMS 0x00000000c1c00000 space 1024K, 100% used [0x00000000c1c00000, 0x00000000c1d00000)
AC   0  E CS TS     0 PTAMS 0x00000000c1d00000 NTAMS 0x00000000c1d00000 space 1024K, 100% used [0x00000000c1d00000, 0x00000000c1e00000)
AC   0  E CS TS     0 PTAMS 0x00000000c1e00000 NTAMS 0x00000000c1e00000 space 1024K, 100% used [0x00000000c1e00000, 0x00000000c1f00000)
AC   0  E CS TS     0 PTAMS 0x00000000c1f00000 NTAMS 0x00000000c1f00000 space 1024K, 100% used [0x00000000c1f00000, 0x00000000c2000000)
AC   0  E CS TS     0 PTAMS 0x00000000c2000000 NTAMS 0x00000000c2000000 space 1024K, 100% used [0x00000000c2000000, 0x00000000c2100000)
AC   0  E CS TS     0 PTAMS 0x00000000c2100000 NTAMS 0x00000000c2100000 space 1024K, 100% used [0x00000000c2100000, 0x00000000c2200000)
AC   0  E CS TS     0 PTAMS 0x00000000c2200000 NTAMS 0x00000000c2200000 space 1024K, 100% used [0x00000000c2200000, 0x00000000c2300000)
AC   0  E CS TS     0 PTAMS 0x00000000c2300000 NTAMS 0x00000000c2300000 space 1024K, 100% used [0x00000000c2300000, 0x00000000c2400000)
AC   0  E CS TS     0 PTAMS 0x00000000c2400000 NTAMS 0x00000000c2400000 space 1024K, 100% used [0x00000000c2400000, 0x00000000c2500000)
AC   0  E CS TS     0 PTAMS 0x00000000c2500000 NTAMS 0x00000000c2500000 space 1024K, 100% used [0x00000000c2500000, 0x00000000c2600000)
AC   0  E CS TS     0 PTAMS 0x00000000c2600000 NTAMS 0x00000000c2600000 space 1024K, 100% used [0x00000000c2600000, 0x00000000c2700000)
AC   0  E CS TS     0 PTAMS 0x00000000c2700000 NTAMS 0x00000000c2700000 space 1024K, 100% used [0x00000000c2700000, 0x00000000c2800000)
AC   0  E CS TS     0 PTAMS 0x00000000c2800000 NTAMS 0x00000000c2800000 space 1024K, 100% used [0x00000000c2800000, 0x00000000c2900000)
AC   0  E CS TS     0 PTAMS 0x00000000c2900000 NTAMS 0x00000000c2900000 space 1024K, 100% used [0x00000000c2900000, 0x00000000c2a00000)
AC   0  E CS TS     0 PTAMS 0x00000000c2a00000 NTAMS 0x00000000c2a00000 space 1024K, 100% used [0x00000000c2a00000, 0x00000000c2b00000)
AC   0  E CS TS     0 PTAMS 0x00000000c2b00000 NTAMS 0x00000000c2b00000 space 1024K, 100% used [0x00000000c2b00000, 0x00000000c2c00000)
AC   0  E CS TS     0 PTAMS 0x00000000c2c00000 NTAMS 0x00000000c2c00000 space 1024K, 100% used [0x00000000c2c00000, 0x00000000c2d00000)
AC   0  E CS TS     0 PTAMS 0x00000000c2d00000 NTAMS 0x00000000c2d00000 space 1024K, 100% used [0x00000000c2d00000, 0x00000000c2e00000)
AC   0  E CS TS     0 PTAMS 0x00000000c2e00000 NTAMS 0x00000000c2e00000 space 1024K, 100% used [0x00000000c2e00000, 0x00000000c2f00000)
AC   0  E CS TS     0 PTAMS 0x00000000c2f00000 NTAMS 0x00000000c2f00000 space 1024K, 100% used [0x00000000c2f00000, 0x00000000c3000000)
AC   0  E CS TS     0 PTAMS 0x00000000c3000000 NTAMS 0x00000000c3000000 space 1024K, 100% used [0x00000000c3000000, 0x00000000c3100000)
AC   0  E CS TS     0 PTAMS 0x00000000c3100000 NTAMS 0x00000000c3100000 space 1024K, 100% used [0x00000000c3100000, 0x00000000c3200000)
AC   0  E CS TS     0 PTAMS 0x00000000c3200000 NTAMS 0x00000000c3200000 space 1024K, 100% used [0x00000000c3200000, 0x00000000c3300000)
AC   0  E CS TS     0 PTAMS 0x00000000c3300000 NTAMS 0x00000000c3300000 space 1024K, 100% used [0x00000000c3300000, 0x00000000c3400000)
AC   0  E CS TS     0 PTAMS 0x00000000c3400000 NTAMS 0x00000000c3400000 space 1024K, 100% used [0x00000000c3400000, 0x00000000c3500000)
AC   0  E CS TS     0 PTAMS 0x00000000c3500000 NTAMS 0x00000000c3500000 space 1024K, 100% used [0x00000000c3500000, 0x00000000c3600000)
AC   0  E CS TS     0 PTAMS 0x00000000c3600000 NTAMS 0x00000000c3600000 space 1024K, 100% used [0x00000000c3600000, 0x00000000c3700000)
AC   0  E CS TS     0 PTAMS 0x00000000c3700000 NTAMS 0x00000000c3700000 space 1024K, 100% used [0x00000000c3700000, 0x00000000c3800000)
AC   0  E CS TS     0 PTAMS 0x00000000c3800000 NTAMS 0x00000000c3800000 space 1024K, 100% used [0x00000000c3800000, 0x00000000c3900000)
AC   0  E CS TS     0 PTAMS 0x00000000c3900000 NTAMS 0x00000000c3900000 space 1024K, 100% used [0x00000000c3900000, 0x00000000c3a00000)
AC   0  E CS TS     0 PTAMS 0x00000000c3a00000 NTAMS 0x00000000c3a00000 space 1024K, 100% used [0x00000000c3a00000, 0x00000000c3b00000)
AC   0  E CS TS     0 PTAMS 0x00000000c3b00000 NTAMS 0x00000000c3b00000 space 1024K, 100% used [0x00000000c3b00000, 0x00000000c3c00000)
AC   0  S CS TS     3 PTAMS 0x00000000c3c00000 NTAMS 0x00000000c3c00000 space 1024K, 100% used [0x00000000c3c00000, 0x00000000c3d00000)
AC   0  E CS TS     0 PTAMS 0x00000000c3d00000 NTAMS 0x00000000c3d00000 space 1024K, 100% used [0x00000000c3d00000, 0x00000000c3e00000)

Card table byte_map: [0x0000000013100000,0x0000000013300000] byte_map_base: 0x0000000012b00000

Marking Bits (Prev, Next): (CMBitMap*) 0x0000000002a38b30, (CMBitMap*) 0x0000000002a38ad8
 Prev Bits: [0x0000000014500000, 0x0000000015500000)
 Next Bits: [0x0000000013500000, 0x0000000014500000)

Polling page: 0x00000000003f0000

CodeCache: size=245760Kb used=10275Kb max_used=10275Kb free=235484Kb
 bounds [0x0000000002c00000, 0x0000000003610000, 0x0000000011c00000]
 total_blobs=3398 nmethods=2921 adapters=388
 compilation: enabled

Compilation events (10 events):
Event: 7.161 Thread 0x0000000018969800 nmethod 2964 0x0000000003601890 code [0x00000000036019e0, 0x0000000003601af0]
Event: 7.162 Thread 0x0000000018969800 2965       1       org.eclipse.jdt.internal.core.ClasspathEntry::getOutputLocation (5 bytes)
Event: 7.162 Thread 0x0000000018969800 nmethod 2965 0x0000000003601b50 code [0x0000000003601ca0, 0x0000000003601db0]
Event: 7.162 Thread 0x0000000018969800 2966       1       org.eclipse.jdt.internal.core.ClasspathEntry::getExtraAttributes (5 bytes)
Event: 7.163 Thread 0x0000000018969800 nmethod 2966 0x0000000003601e10 code [0x0000000003601f60, 0x0000000003602070]
Event: 7.163 Thread 0x0000000018969800 2967       1       org.eclipse.jdt.internal.core.ClasspathEntry::isExported (5 bytes)
Event: 7.163 Thread 0x0000000018969800 nmethod 2967 0x00000000036020d0 code [0x0000000003602220, 0x0000000003602330]
Event: 7.172 Thread 0x0000000018969800 2968       3       com.google.common.cache.CacheBuilder$1::recordLoadSuccess (1 bytes)
Event: 7.172 Thread 0x0000000018969800 nmethod 2968 0x0000000003602390 code [0x00000000036024e0, 0x0000000003602630]
Event: 7.173 Thread 0x0000000018969800 2969   !   3       com.google.common.cache.LocalCache$Segment::storeLoadedValue (371 bytes)

GC Heap History (10 events):
Event: 3.846 GC heap before
{Heap before GC invocations=1 (full 0):
 garbage-first heap   total 63488K, used 19870K [0x00000000c0000000, 0x00000000c01001f0, 0x0000000100000000)
  region size 1024K, 18 young (18432K), 2 survivors (2048K)
 Metaspace       used 9860K, capacity 10138K, committed 10368K, reserved 1058816K
  class space    used 1023K, capacity 1099K, committed 1152K, reserved 1048576K
Event: 3.863 GC heap after
Heap after GC invocations=2 (full 0):
 garbage-first heap   total 63488K, used 9370K [0x00000000c0000000, 0x00000000c01001f0, 0x0000000100000000)
  region size 1024K, 3 young (3072K), 3 survivors (3072K)
 Metaspace       used 9860K, capacity 10138K, committed 10368K, reserved 1058816K
  class space    used 1023K, capacity 1099K, committed 1152K, reserved 1048576K
}
Event: 4.675 GC heap before
{Heap before GC invocations=2 (full 0):
 garbage-first heap   total 63488K, used 29850K [0x00000000c0000000, 0x00000000c01001f0, 0x0000000100000000)
  region size 1024K, 23 young (23552K), 3 survivors (3072K)
 Metaspace       used 17047K, capacity 18030K, committed 18432K, reserved 1064960K
  class space    used 1691K, capacity 1945K, committed 2048K, reserved 1048576K
Event: 4.691 GC heap after
Heap after GC invocations=3 (full 0):
 garbage-first heap   total 63488K, used 17920K [0x00000000c0000000, 0x00000000c01001f0, 0x0000000100000000)
  region size 1024K, 3 young (3072K), 3 survivors (3072K)
 Metaspace       used 17047K, capacity 18030K, committed 18432K, reserved 1064960K
  class space    used 1691K, capacity 1945K, committed 2048K, reserved 1048576K
}
Event: 5.361 GC heap before
{Heap before GC invocations=3 (full 0):
 garbage-first heap   total 63488K, used 39424K [0x00000000c0000000, 0x00000000c01001f0, 0x0000000100000000)
  region size 1024K, 25 young (25600K), 3 survivors (3072K)
 Metaspace       used 19899K, capacity 21012K, committed 21296K, reserved 1069056K
  class space    used 2012K, capacity 2330K, committed 2352K, reserved 1048576K
Event: 5.372 GC heap after
Heap after GC invocations=4 (full 0):
 garbage-first heap   total 63488K, used 20992K [0x00000000c0000000, 0x00000000c01001f0, 0x0000000100000000)
  region size 1024K, 5 young (5120K), 5 survivors (5120K)
 Metaspace       used 19899K, capacity 21012K, committed 21296K, reserved 1069056K
  class space    used 2012K, capacity 2330K, committed 2352K, reserved 1048576K
}
Event: 6.040 GC heap before
{Heap before GC invocations=5 (full 0):
 garbage-first heap   total 63488K, used 46592K [0x00000000c0000000, 0x00000000c01001f0, 0x0000000100000000)
  region size 1024K, 34 young (34816K), 5 survivors (5120K)
 Metaspace       used 23218K, capacity 24352K, committed 24828K, reserved 1071104K
  class space    used 2443K, capacity 2759K, committed 2864K, reserved 1048576K
Event: 6.054 GC heap after
Heap after GC invocations=6 (full 0):
 garbage-first heap   total 63488K, used 21479K [0x00000000c0000000, 0x00000000c01001f0, 0x0000000100000000)
  region size 1024K, 5 young (5120K), 5 survivors (5120K)
 Metaspace       used 23218K, capacity 24352K, committed 24828K, reserved 1071104K
  class space    used 2443K, capacity 2759K, committed 2864K, reserved 1048576K
}
Event: 6.099 GC heap before
{Heap before GC invocations=6 (full 0):
 garbage-first heap   total 63488K, used 22503K [0x00000000c0000000, 0x00000000c01001f0, 0x0000000100000000)
  region size 1024K, 6 young (6144K), 5 survivors (5120K)
 Metaspace       used 23398K, capacity 24612K, committed 24828K, reserved 1071104K
  class space    used 2467K, capacity 2823K, committed 2864K, reserved 1048576K
Event: 6.107 GC heap after
Heap after GC invocations=7 (full 0):
 garbage-first heap   total 63488K, used 16896K [0x00000000c0000000, 0x00000000c01001f0, 0x0000000100000000)
  region size 1024K, 1 young (1024K), 1 survivors (1024K)
 Metaspace       used 23398K, capacity 24612K, committed 24828K, reserved 1071104K
  class space    used 2467K, capacity 2823K, committed 2864K, reserved 1048576K
}

Deoptimization events (10 events):
Event: 5.758 Thread 0x0000000019b9d800 Uncommon trap: reason=class_check action=maybe_recompile pc=0x00000000032c5dcc method=java.util.HashMap.putVal(ILjava/lang/Object;Ljava/lang/Object;ZZ)Ljava/lang/Object; @ 203
Event: 5.773 Thread 0x0000000019b9d800 Uncommon trap: reason=unstable_if action=reinterpret pc=0x000000000338c234 method=java.util.HashMap.getNode(ILjava/lang/Object;)Ljava/util/HashMap$Node; @ 129
Event: 5.774 Thread 0x0000000019b9d800 Uncommon trap: reason=class_check action=maybe_recompile pc=0x00000000032c5dcc method=java.util.HashMap.putVal(ILjava/lang/Object;Ljava/lang/Object;ZZ)Ljava/lang/Object; @ 203
Event: 6.334 Thread 0x0000000019b9d800 Uncommon trap: reason=class_check action=maybe_recompile pc=0x00000000032c5dcc method=java.util.HashMap.putVal(ILjava/lang/Object;Ljava/lang/Object;ZZ)Ljava/lang/Object; @ 203
Event: 6.334 Thread 0x0000000019b9d800 Uncommon trap: reason=class_check action=maybe_recompile pc=0x00000000032c5dcc method=java.util.HashMap.putVal(ILjava/lang/Object;Ljava/lang/Object;ZZ)Ljava/lang/Object; @ 203
Event: 6.691 Thread 0x0000000019b9d800 Uncommon trap: reason=unstable_if action=reinterpret pc=0x000000000337d7ac method=java.io.Reader.read()I @ 12
Event: 6.693 Thread 0x0000000019b9d800 Uncommon trap: reason=unstable_if action=reinterpret pc=0x000000000337ad00 method=java.io.Reader.read()I @ 12
Event: 6.870 Thread 0x000000001a631000 Uncommon trap: reason=unstable_if action=reinterpret pc=0x000000000322ea18 method=java.util.Properties$LineReader.readLine()I @ 328
Event: 6.870 Thread 0x000000001a631000 Uncommon trap: reason=unstable_if action=reinterpret pc=0x000000000322d7e4 method=java.util.Properties.loadConvert([CII[C)Ljava/lang/String; @ 431
Event: 6.878 Thread 0x000000001a631000 Uncommon trap: reason=unstable_if action=reinterpret pc=0x00000000031c813c method=org.eclipse.core.runtime.Path.segment(I)Ljava/lang/String; @ 6

Classes redefined (0 events):
No events

Internal exceptions (10 events):
Event: 5.457 Thread 0x0000000019b9d800 Exception <a 'java/lang/ArrayIndexOutOfBoundsException'> (0x00000000c3b90b90) thrown at [C:\re\workspace\8-2-build-windows-amd64-cygwin\jdk8u171\10807\hotspot\src\share\vm\runtime\sharedRuntime.cpp, line 605]
Event: 5.457 Thread 0x0000000019b9d800 Exception <a 'java/lang/ArrayIndexOutOfBoundsException'> (0x00000000c3b91be0) thrown at [C:\re\workspace\8-2-build-windows-amd64-cygwin\jdk8u171\10807\hotspot\src\share\vm\runtime\sharedRuntime.cpp, line 605]
Event: 5.457 Thread 0x0000000019b9d800 Exception <a 'java/lang/ArrayIndexOutOfBoundsException'> (0x00000000c3b937c0) thrown at [C:\re\workspace\8-2-build-windows-amd64-cygwin\jdk8u171\10807\hotspot\src\share\vm\runtime\sharedRuntime.cpp, line 605]
Event: 5.457 Thread 0x0000000019b9d800 Exception <a 'java/lang/ArrayIndexOutOfBoundsException'> (0x00000000c3b94748) thrown at [C:\re\workspace\8-2-build-windows-amd64-cygwin\jdk8u171\10807\hotspot\src\share\vm\runtime\sharedRuntime.cpp, line 605]
Event: 5.458 Thread 0x0000000019b9d800 Exception <a 'java/lang/ArrayIndexOutOfBoundsException'> (0x00000000c3b96d18) thrown at [C:\re\workspace\8-2-build-windows-amd64-cygwin\jdk8u171\10807\hotspot\src\share\vm\runtime\sharedRuntime.cpp, line 605]
Event: 5.459 Thread 0x0000000019b9d800 Exception <a 'java/lang/ArrayIndexOutOfBoundsException': 113> (0x00000000c3b98cb8) thrown at [C:\re\workspace\8-2-build-windows-amd64-cygwin\jdk8u171\10807\hotspot\src\share\vm\interpreter\interpreterRuntime.cpp, line 366]
Event: 5.459 Thread 0x0000000019b9d800 Exception <a 'java/lang/ArrayIndexOutOfBoundsException': 71> (0x00000000c3b9a3f8) thrown at [C:\re\workspace\8-2-build-windows-amd64-cygwin\jdk8u171\10807\hotspot\src\share\vm\interpreter\interpreterRuntime.cpp, line 366]
Event: 5.460 Thread 0x0000000019b9d800 Exception <a 'java/lang/ArrayIndexOutOfBoundsException': 24> (0x00000000c3b9bb70) thrown at [C:\re\workspace\8-2-build-windows-amd64-cygwin\jdk8u171\10807\hotspot\src\share\vm\interpreter\interpreterRuntime.cpp, line 366]
Event: 5.460 Thread 0x0000000019b9d800 Exception <a 'java/lang/ArrayIndexOutOfBoundsException': 100> (0x00000000c3b9d5c8) thrown at [C:\re\workspace\8-2-build-windows-amd64-cygwin\jdk8u171\10807\hotspot\src\share\vm\interpreter\interpreterRuntime.cpp, line 366]
Event: 5.460 Thread 0x0000000019b9d800 Exception <a 'java/lang/ArrayIndexOutOfBoundsException': 86> (0x00000000c3b9ee00) thrown at [C:\re\workspace\8-2-build-windows-amd64-cygwin\jdk8u171\10807\hotspot\src\share\vm\interpreter\interpreterRuntime.cpp, line 366]

Events (10 events):
Event: 7.025 loading class java/util/regex/Pattern$GroupCurly
Event: 7.025 loading class java/util/regex/Pattern$GroupCurly done
Event: 7.025 loading class java/util/regex/Pattern$Dollar
Event: 7.025 loading class java/util/regex/Pattern$Dollar done
Event: 7.026 Executing VM operation: RevokeBias
Event: 7.026 Executing VM operation: RevokeBias done
Event: 7.074 Executing VM operation: RevokeBias
Event: 7.075 Executing VM operation: RevokeBias done
Event: 7.161 Executing VM operation: RevokeBias
Event: 7.161 Executing VM operation: RevokeBias done


Dynamic libraries:
0x00007ff74b370000 - 0x00007ff74b3a7000 	C:\Program Files\Java\jdk1.8.0_171\bin\java.exe
0x00007ff933b60000 - 0x00007ff933d4d000 	C:\WINDOWS\SYSTEM32\ntdll.dll
0x00007ff932220000 - 0x00007ff9322d3000 	C:\WINDOWS\System32\KERNEL32.DLL
0x00007ff930100000 - 0x00007ff930393000 	C:\WINDOWS\System32\KERNELBASE.dll
0x00007ff930d90000 - 0x00007ff930e33000 	C:\WINDOWS\System32\ADVAPI32.dll
0x00007ff9319d0000 - 0x00007ff931a6e000 	C:\WINDOWS\System32\msvcrt.dll
0x00007ff931f10000 - 0x00007ff931fae000 	C:\WINDOWS\System32\sechost.dll
0x00007ff931fc0000 - 0x00007ff9320e2000 	C:\WINDOWS\System32\RPCRT4.dll
0x00007ff931d70000 - 0x00007ff931f07000 	C:\WINDOWS\System32\USER32.dll
0x00007ff92fc50000 - 0x00007ff92fc70000 	C:\WINDOWS\System32\win32u.dll
0x00007ff9322f0000 - 0x00007ff932319000 	C:\WINDOWS\System32\GDI32.dll
0x00007ff9303a0000 - 0x00007ff93053a000 	C:\WINDOWS\System32\gdi32full.dll
0x00007ff92fe80000 - 0x00007ff92ff20000 	C:\WINDOWS\System32\msvcp_win.dll
0x00007ff930540000 - 0x00007ff93063a000 	C:\WINDOWS\System32\ucrtbase.dll
0x00007ff924040000 - 0x00007ff9242b9000 	C:\WINDOWS\WinSxS\amd64_microsoft.windows.common-controls_6595b64144ccf1df_6.0.17763.379_none_05b83be8071c94a1\COMCTL32.dll
0x00007ff931620000 - 0x00007ff93194d000 	C:\WINDOWS\System32\combase.dll
0x00007ff92fcf0000 - 0x00007ff92fd6e000 	C:\WINDOWS\System32\bcryptPrimitives.dll
0x00007ff931060000 - 0x00007ff93108e000 	C:\WINDOWS\System32\IMM32.DLL
0x000000005a180000 - 0x000000005a252000 	C:\Program Files\Java\jdk1.8.0_171\jre\bin\msvcr100.dll
0x00000000587b0000 - 0x0000000059050000 	C:\Program Files\Java\jdk1.8.0_171\jre\bin\server\jvm.dll
0x00007ff931fb0000 - 0x00007ff931fb8000 	C:\WINDOWS\System32\PSAPI.DLL
0x00007ff92db40000 - 0x00007ff92db64000 	C:\WINDOWS\SYSTEM32\WINMM.dll
0x00007ff91ee60000 - 0x00007ff91ee6a000 	C:\WINDOWS\SYSTEM32\VERSION.dll
0x00007ff91dea0000 - 0x00007ff91dea9000 	C:\WINDOWS\SYSTEM32\WSOCK32.dll
0x00007ff92db10000 - 0x00007ff92db3d000 	C:\WINDOWS\SYSTEM32\winmmbase.dll
0x00007ff932340000 - 0x00007ff9323ad000 	C:\WINDOWS\System32\WS2_32.dll
0x00007ff92fc70000 - 0x00007ff92fcba000 	C:\WINDOWS\System32\cfgmgr32.dll
0x000000005a170000 - 0x000000005a17f000 	C:\Program Files\Java\jdk1.8.0_171\jre\bin\verify.dll
0x000000005a140000 - 0x000000005a169000 	C:\Program Files\Java\jdk1.8.0_171\jre\bin\java.dll
0x000000005a120000 - 0x000000005a136000 	C:\Program Files\Java\jdk1.8.0_171\jre\bin\zip.dll
0x00007ff932640000 - 0x00007ff933b30000 	C:\WINDOWS\System32\SHELL32.dll
0x00007ff931090000 - 0x00007ff931138000 	C:\WINDOWS\System32\shcore.dll
0x00007ff930640000 - 0x00007ff930d8a000 	C:\WINDOWS\System32\windows.storage.dll
0x00007ff92fba0000 - 0x00007ff92fbc4000 	C:\WINDOWS\System32\profapi.dll
0x00007ff92fbd0000 - 0x00007ff92fc2d000 	C:\WINDOWS\System32\powrprof.dll
0x00007ff931d10000 - 0x00007ff931d62000 	C:\WINDOWS\System32\shlwapi.dll
0x00007ff92fb80000 - 0x00007ff92fb91000 	C:\WINDOWS\System32\kernel.appcore.dll
0x00007ff92fc30000 - 0x00007ff92fc47000 	C:\WINDOWS\System32\cryptsp.dll
0x00007ff92ef40000 - 0x00007ff92ef73000 	C:\WINDOWS\system32\rsaenh.dll
0x00007ff92fcc0000 - 0x00007ff92fce6000 	C:\WINDOWS\System32\bcrypt.dll
0x00007ff92fa60000 - 0x00007ff92fa88000 	C:\WINDOWS\SYSTEM32\USERENV.dll
0x00007ff92f550000 - 0x00007ff92f55c000 	C:\WINDOWS\SYSTEM32\CRYPTBASE.dll
0x000000005a100000 - 0x000000005a11a000 	C:\Program Files\Java\jdk1.8.0_171\jre\bin\net.dll
0x00007ff92f380000 - 0x00007ff92f3e7000 	C:\WINDOWS\system32\mswsock.dll
0x00007ff92f0e0000 - 0x00007ff92f11d000 	C:\WINDOWS\SYSTEM32\IPHLPAPI.DLL
0x00007ff9322e0000 - 0x00007ff9322e8000 	C:\WINDOWS\System32\NSI.dll
0x00007ff923940000 - 0x00007ff923956000 	C:\WINDOWS\SYSTEM32\dhcpcsvc6.DLL
0x00007ff923cf0000 - 0x00007ff923d0c000 	C:\WINDOWS\SYSTEM32\dhcpcsvc.DLL
0x00007ff92f120000 - 0x00007ff92f1e6000 	C:\WINDOWS\SYSTEM32\DNSAPI.dll
0x000000005a0e0000 - 0x000000005a0f1000 	C:\Program Files\Java\jdk1.8.0_171\jre\bin\nio.dll
0x00007ff91aa70000 - 0x00007ff91aa99000 	C:\Users\XNOTE\.vscode\extensions\redhat.java-0.43.0\server\config_win\org.eclipse.equinox.launcher\org.eclipse.equinox.launcher.win32.win32.x86_64_1.1.1000.v20190125-2016\eclipse_1801.dll

VM Arguments:
jvm_args: -Declipse.application=org.eclipse.jdt.ls.core.id1 -Dosgi.bundles.defaultStartLevel=4 -Declipse.product=org.eclipse.jdt.ls.core.product -Dfile.encoding=utf8 -DwatchParentProcess=false -Xverify:none -Xmx1G -XX:+UseG1GC -XX:+UseStringDeduplication 
java_command: C:\Users\XNOTE\.vscode\extensions\redhat.java-0.43.0\server\plugins\org.eclipse.equinox.launcher_1.5.300.v20190213-1655.jar -configuration C:\Users\XNOTE\.vscode\extensions\redhat.java-0.43.0\server\config_win -data c:\Users\XNOTE\AppData\Roaming\Code\User\workspaceStorage\0bdfaac4224be0d618bdcf963b857abf\redhat.java\jdt_ws
java_class_path (initial): C:\Users\XNOTE\.vscode\extensions\redhat.java-0.43.0\server\plugins\org.eclipse.equinox.launcher_1.5.300.v20190213-1655.jar
Launcher Type: SUN_STANDARD

Environment Variables:
PATH=C:\Program Files (x86)\Common Files\Oracle\Java\javapath;C:\ProgramData\Oracle\Java\javapath;C:\python27;C:\WINDOWS\system32;C:\WINDOWS;C:\WINDOWS\System32\Wbem;C:\WINDOWS\System32\WindowsPowerShell\v1.0\;C:\Program Files (x86)\Windows Live\Shared;C:\WINDOWS\System32\OpenSSH\;C:\Program Files\PuTTY\;C:\Program Files\Microsoft VS Code\bin;C:\Program Files\Git\cmd;C:\Program Files\Java\jdk1.8.0_171\bin;%USERPROFILE%\AppData\Local\Microsoft\WindowsApps;
USERNAME=¹Î¿ì
OS=Windows_NT
PROCESSOR_IDENTIFIER=Intel64 Family 6 Model 58 Stepping 9, GenuineIntel



---------------  S Y S T E M  ---------------

OS: Windows 10.0 , 64 bit Build 17763 (10.0.17763.379)

CPU:total 4 (initial active 4) (2 cores per cpu, 2 threads per core) family 6 model 58 stepping 9, cmov, cx8, fxsr, mmx, sse, sse2, sse3, ssse3, sse4.1, sse4.2, popcnt, avx, clmul, erms, ht, tsc, tscinvbit, tscinv

Memory: 4k page, physical 4024712k(835068k free), swap 5445000k(5204k free)

vm_info: Java HotSpot(TM) 64-Bit Server VM (25.171-b11) for windows-amd64 JRE (1.8.0_171-b11), built on Mar 28 2018 16:06:12 by "java_re" with MS VC++ 10.0 (VS2010)

time: Thu May 02 04:02:33 2019
elapsed time: 7 seconds (0d 0h 0m 7s)

