#
# There is insufficient memory for the Java Runtime Environment to continue.
# Native memory allocation (mmap) failed to map 1048576 bytes for Failed to commit area from 0x00000000c4e00000 to 0x00000000c4f00000 of length 1048576.
# Possible reasons:
#   The system is out of physical RAM or swap space
#   In 32 bit mode, the process size limit was hit
# Possible solutions:
#   Reduce memory load on the system
#   Increase physical memory or swap space
#   Check if swap backing store is full
#   Use 64 bit Java on a 64 bit OS
#   Decrease Java heap size (-Xmx/-Xms)
#   Decrease number of Java threads
#   Decrease Java thread stack sizes (-Xss)
#   Set larger code cache with -XX:ReservedCodeCacheSize=
# This output file may be truncated or incomplete.
#
#  Out of Memory Error (os_windows.cpp:3331), pid=9660, tid=0x00000000000043e8
#
# JRE version: Java(TM) SE Runtime Environment (8.0_171-b11) (build 1.8.0_171-b11)
# Java VM: Java HotSpot(TM) 64-Bit Server VM (25.171-b11 mixed mode windows-amd64 compressed oops)
# Failed to write core dump. Minidumps are not enabled by default on client versions of Windows
#

---------------  T H R E A D  ---------------

Current thread (0x0000000003459000):  GCTaskThread [stack: 0x00000000129b0000,0x0000000012ab0000] [id=17384]

Stack: [0x00000000129b0000,0x0000000012ab0000]
[error occurred during error reporting (printing stack bounds), id 0xc0000005]

Native frames: (J=compiled Java code, j=interpreted, Vv=VM code, C=native code)


---------------  P R O C E S S  ---------------

Java Threads: ( => current thread )
  0x000000001d7f7000 JavaThread "pool-4-thread-1" [_thread_blocked, id=3536, stack(0x0000000025dd0000,0x0000000025ed0000)]
  0x000000001d7f6800 JavaThread "pool-3-thread-1" [_thread_blocked, id=17704, stack(0x0000000025cd0000,0x0000000025dd0000)]
  0x000000001d7f4000 JavaThread "ForkJoinPool.commonPool-worker-0" daemon [_thread_blocked, id=13176, stack(0x0000000025950000,0x0000000025a50000)]
  0x000000001d7f1000 JavaThread "pool-2-thread-1" [_thread_blocked, id=12516, stack(0x0000000025650000,0x0000000025750000)]
  0x000000001d7f5800 JavaThread "ForkJoinPool.commonPool-worker-3" daemon [_thread_blocked, id=15092, stack(0x0000000021a90000,0x0000000021b90000)]
  0x000000001d7f2000 JavaThread "ForkJoinPool.commonPool-worker-2" daemon [_thread_blocked, id=16672, stack(0x0000000021990000,0x0000000021a90000)]
  0x000000001d7f5000 JavaThread "Worker-4" [_thread_blocked, id=11352, stack(0x00000000204c0000,0x00000000205c0000)]
  0x000000001a5c8800 JavaThread "Worker-3" [_thread_blocked, id=7008, stack(0x000000001fcc0000,0x000000001fdc0000)]
  0x00000000193eb800 JavaThread "pool-1-thread-1" [_thread_in_native, id=17744, stack(0x000000001ce70000,0x000000001cf70000)]
  0x000000001b20b800 JavaThread "Bundle File Closer" daemon [_thread_blocked, id=6628, stack(0x000000001cb70000,0x000000001cc70000)]
  0x000000001b17c800 JavaThread "Worker-2" [_thread_blocked, id=9312, stack(0x000000001ca70000,0x000000001cb70000)]
  0x000000001b189000 JavaThread "Java indexing" daemon [_thread_blocked, id=15564, stack(0x000000001c970000,0x000000001ca70000)]
  0x000000001b103000 JavaThread "Worker-1" [_thread_blocked, id=17720, stack(0x000000001c470000,0x000000001c570000)]
  0x000000001af36000 JavaThread "Worker-0" [_thread_blocked, id=228, stack(0x000000001c370000,0x000000001c470000)]
  0x000000001ae59000 JavaThread "Worker-JM" [_thread_blocked, id=16324, stack(0x000000001baf0000,0x000000001bbf0000)]
  0x000000001a260000 JavaThread "Start Level: Equinox Container: fedeafa6-7dd6-419e-979f-943a2e6fc9d7" daemon [_thread_blocked, id=11272, stack(0x000000001b9f0000,0x000000001baf0000)]
  0x000000001a6ec800 JavaThread "Framework Event Dispatcher: Equinox Container: fedeafa6-7dd6-419e-979f-943a2e6fc9d7" daemon [_thread_blocked, id=18240, stack(0x000000001b8f0000,0x000000001b9f0000)]
  0x000000001a353800 JavaThread "Active Thread: Equinox Container: fedeafa6-7dd6-419e-979f-943a2e6fc9d7" [_thread_blocked, id=15272, stack(0x000000001b7f0000,0x000000001b8f0000)]
  0x00000000193db000 JavaThread "Service Thread" daemon [_thread_blocked, id=960, stack(0x0000000019e20000,0x0000000019f20000)]
  0x0000000019357800 JavaThread "C1 CompilerThread2" daemon [_thread_blocked, id=15376, stack(0x0000000019d20000,0x0000000019e20000)]
  0x0000000019351000 JavaThread "C2 CompilerThread1" daemon [_thread_in_native, id=17420, stack(0x0000000019c20000,0x0000000019d20000)]
  0x0000000019350000 JavaThread "C2 CompilerThread0" daemon [_thread_blocked, id=14796, stack(0x0000000019b20000,0x0000000019c20000)]
  0x000000001934f000 JavaThread "Attach Listener" daemon [_thread_blocked, id=13852, stack(0x0000000019a20000,0x0000000019b20000)]
  0x0000000019337800 JavaThread "Signal Dispatcher" daemon [_thread_blocked, id=6204, stack(0x0000000019920000,0x0000000019a20000)]
  0x0000000019336800 JavaThread "Surrogate Locker Thread (Concurrent GC)" daemon [_thread_blocked, id=3988, stack(0x0000000019820000,0x0000000019920000)]
  0x00000000192ae800 JavaThread "Finalizer" daemon [_thread_blocked, id=2984, stack(0x0000000019720000,0x0000000019820000)]
  0x00000000192a2800 JavaThread "Reference Handler" daemon [_thread_blocked, id=16512, stack(0x0000000019620000,0x0000000019720000)]
  0x00000000035ee000 JavaThread "main" [_thread_blocked, id=14520, stack(0x0000000002f60000,0x0000000003060000)]

Other Threads:
  0x000000001929f000 VMThread [stack: 0x0000000019040000,0x0000000019140000] [id=8672]
  0x00000000193e9800 WatcherThread [stack: 0x0000000019f20000,0x000000001a020000] [id=13456]

=>0x0000000003459000 (exited) GCTaskThread [stack: 0x00000000129b0000,0x0000000012ab0000] [id=17384]

VM state:at safepoint (normal execution)

VM Mutex/Monitor currently owned by a thread:  ([mutex/lock_event])
[0x00000000035ecdc0] FreeList_lock - owner thread: 0x0000000003459000
[0x00000000034413d0] Threads_lock - owner thread: 0x000000001929f000
[0x00000000034410d0] Heap_lock - owner thread: 0x000000001d7f4000

Heap:
 garbage-first heap   total 80896K, used 73886K [0x00000000c0000000, 0x00000000c0100278, 0x0000000100000000)
  region size 1024K, 24 young (24576K), 3 survivors (3072K)
 Metaspace       used 52613K, capacity 55272K, committed 55552K, reserved 1099776K
  class space    used 5211K, capacity 6064K, committed 6144K, reserved 1048576K

Heap Regions: (Y=young(eden), SU=young(survivor), HS=humongous(starts), HC=humongous(continues), CS=collection set, F=free, TS=gc time stamp, PTAMS=previous top-at-mark-start, NTAMS=next top-at-mark-start)
AC   0  O    TS     0 PTAMS 0x00000000c0100000 NTAMS 0x00000000c0100000 space 1024K, 100% used [0x00000000c0000000, 0x00000000c0100000)
AC   0  O    TS     0 PTAMS 0x00000000c0200000 NTAMS 0x00000000c0200000 space 1024K, 100% used [0x00000000c0100000, 0x00000000c0200000)
AC   0  O    TS     0 PTAMS 0x00000000c0300000 NTAMS 0x00000000c0300000 space 1024K, 100% used [0x00000000c0200000, 0x00000000c0300000)
AC   0  O    TS     0 PTAMS 0x00000000c0400000 NTAMS 0x00000000c0400000 space 1024K, 100% used [0x00000000c0300000, 0x00000000c0400000)
AC   0  O    TS     0 PTAMS 0x00000000c0500000 NTAMS 0x00000000c0500000 space 1024K, 100% used [0x00000000c0400000, 0x00000000c0500000)
AC   0  O    TS     0 PTAMS 0x00000000c0600000 NTAMS 0x00000000c0600000 space 1024K, 100% used [0x00000000c0500000, 0x00000000c0600000)
AC   0  O    TS     0 PTAMS 0x00000000c0700000 NTAMS 0x00000000c0700000 space 1024K, 100% used [0x00000000c0600000, 0x00000000c0700000)
AC   0  O    TS     0 PTAMS 0x00000000c0800000 NTAMS 0x00000000c0800000 space 1024K, 100% used [0x00000000c0700000, 0x00000000c0800000)
AC   0  O    TS     0 PTAMS 0x00000000c0900000 NTAMS 0x00000000c0900000 space 1024K, 100% used [0x00000000c0800000, 0x00000000c0900000)
AC   0  O    TS     0 PTAMS 0x00000000c0a00000 NTAMS 0x00000000c0a00000 space 1024K, 100% used [0x00000000c0900000, 0x00000000c0a00000)
AC   0  O    TS     0 PTAMS 0x00000000c0b00000 NTAMS 0x00000000c0b00000 space 1024K, 100% used [0x00000000c0a00000, 0x00000000c0b00000)
AC   0  O    TS     0 PTAMS 0x00000000c0c00000 NTAMS 0x00000000c0c00000 space 1024K, 100% used [0x00000000c0b00000, 0x00000000c0c00000)
AC   0  O    TS     0 PTAMS 0x00000000c0d00000 NTAMS 0x00000000c0d00000 space 1024K, 100% used [0x00000000c0c00000, 0x00000000c0d00000)
AC   0  O    TS     0 PTAMS 0x00000000c0e00000 NTAMS 0x00000000c0e00000 space 1024K, 100% used [0x00000000c0d00000, 0x00000000c0e00000)
AC   0  O    TS     0 PTAMS 0x00000000c0f00000 NTAMS 0x00000000c0f00000 space 1024K, 100% used [0x00000000c0e00000, 0x00000000c0f00000)
AC   0  O    TS     0 PTAMS 0x00000000c1000000 NTAMS 0x00000000c1000000 space 1024K, 100% used [0x00000000c0f00000, 0x00000000c1000000)
AC   0  O    TS     0 PTAMS 0x00000000c1100000 NTAMS 0x00000000c1100000 space 1024K, 100% used [0x00000000c1000000, 0x00000000c1100000)
AC   0  O    TS     0 PTAMS 0x00000000c1200000 NTAMS 0x00000000c1200000 space 1024K, 100% used [0x00000000c1100000, 0x00000000c1200000)
AC   0  O    TS     0 PTAMS 0x00000000c1300000 NTAMS 0x00000000c1300000 space 1024K, 100% used [0x00000000c1200000, 0x00000000c1300000)
AC   0  O    TS     0 PTAMS 0x00000000c1400000 NTAMS 0x00000000c1400000 space 1024K, 100% used [0x00000000c1300000, 0x00000000c1400000)
AC   0  O    TS     0 PTAMS 0x00000000c1500000 NTAMS 0x00000000c1500000 space 1024K, 100% used [0x00000000c1400000, 0x00000000c1500000)
AC   0  O    TS     0 PTAMS 0x00000000c1600000 NTAMS 0x00000000c1600000 space 1024K, 100% used [0x00000000c1500000, 0x00000000c1600000)
AC   0  O    TS     0 PTAMS 0x00000000c1700000 NTAMS 0x00000000c1700000 space 1024K, 100% used [0x00000000c1600000, 0x00000000c1700000)
AC   0  O    TS     0 PTAMS 0x00000000c1800000 NTAMS 0x00000000c1800000 space 1024K, 100% used [0x00000000c1700000, 0x00000000c1800000)
AC   0  O    TS     0 PTAMS 0x00000000c1900000 NTAMS 0x00000000c1900000 space 1024K, 100% used [0x00000000c1800000, 0x00000000c1900000)
AC   0  O    TS     0 PTAMS 0x00000000c1a00000 NTAMS 0x00000000c1a00000 space 1024K, 100% used [0x00000000c1900000, 0x00000000c1a00000)
AC   0  O    TS     0 PTAMS 0x00000000c1b00000 NTAMS 0x00000000c1b00000 space 1024K, 100% used [0x00000000c1a00000, 0x00000000c1b00000)
AC   0  O    TS     0 PTAMS 0x00000000c1c00000 NTAMS 0x00000000c1c00000 space 1024K, 100% used [0x00000000c1b00000, 0x00000000c1c00000)
AC   0  O    TS     0 PTAMS 0x00000000c1d00000 NTAMS 0x00000000c1d00000 space 1024K, 100% used [0x00000000c1c00000, 0x00000000c1d00000)
AC   0 HS    TS     0 PTAMS 0x00000000c1d00000 NTAMS 0x00000000c1d00000 space 1024K,  56% used [0x00000000c1d00000, 0x00000000c1e00000)
AC   0 HS    TS     0 PTAMS 0x00000000c1e00000 NTAMS 0x00000000c1e00000 space 1024K,  90% used [0x00000000c1e00000, 0x00000000c1f00000)
AC   0  O    TS     0 PTAMS 0x00000000c2000000 NTAMS 0x00000000c2000000 space 1024K, 100% used [0x00000000c1f00000, 0x00000000c2000000)
AC   0  O    TS     1 PTAMS 0x00000000c20e0200 NTAMS 0x00000000c20e0200 space 1024K, 100% used [0x00000000c2000000, 0x00000000c2100000)
AC   0  O    TS     0 PTAMS 0x00000000c2200000 NTAMS 0x00000000c2200000 space 1024K, 100% used [0x00000000c2100000, 0x00000000c2200000)
AC   0  O    TS     0 PTAMS 0x00000000c2300000 NTAMS 0x00000000c2300000 space 1024K, 100% used [0x00000000c2200000, 0x00000000c2300000)
AC   0 HS    TS     0 PTAMS 0x00000000c2380010 NTAMS 0x00000000c2380010 space 1024K,  50% used [0x00000000c2300000, 0x00000000c2400000)
AC   0  E CS TS     0 PTAMS 0x00000000c2400000 NTAMS 0x00000000c2400000 space 1024K, 100% used [0x00000000c2400000, 0x00000000c2500000)
AC   0  O    TS     0 PTAMS 0x00000000c2600000 NTAMS 0x00000000c2600000 space 1024K, 100% used [0x00000000c2500000, 0x00000000c2600000)
AC   0  O    TS     0 PTAMS 0x00000000c2700000 NTAMS 0x00000000c2700000 space 1024K, 100% used [0x00000000c2600000, 0x00000000c2700000)
AC   0  O    TS     0 PTAMS 0x00000000c2800000 NTAMS 0x00000000c2800000 space 1024K, 100% used [0x00000000c2700000, 0x00000000c2800000)
AC   0 HS    TS     0 PTAMS 0x00000000c2800000 NTAMS 0x00000000c2800000 space 2048K,  56% used [0x00000000c2800000, 0x00000000c2a00000)
AC   0 HC    TS     0 PTAMS 0x00000000c2900000 NTAMS 0x00000000c2900000 space 1024K,  12% used [0x00000000c2900000, 0x00000000c2a00000)
AC   0  O    TS     0 PTAMS 0x00000000c2b00000 NTAMS 0x00000000c2b00000 space 1024K, 100% used [0x00000000c2a00000, 0x00000000c2b00000)
AC   0 HS    TS     0 PTAMS 0x00000000c2b00000 NTAMS 0x00000000c2b00000 space 2048K,  90% used [0x00000000c2b00000, 0x00000000c2d00000)
AC   0 HC    TS     0 PTAMS 0x00000000c2c00000 NTAMS 0x00000000c2c00000 space 1024K,  81% used [0x00000000c2c00000, 0x00000000c2d00000)
AC   0  O    TS     0 PTAMS 0x00000000c2e00000 NTAMS 0x00000000c2e00000 space 1024K, 100% used [0x00000000c2d00000, 0x00000000c2e00000)
AC   0 HS    TS     0 PTAMS 0x00000000c2e00000 NTAMS 0x00000000c2e00000 space 3072K,  75% used [0x00000000c2e00000, 0x00000000c3100000)
AC   0 HC    TS     0 PTAMS 0x00000000c2f00000 NTAMS 0x00000000c2f00000 space 1024K, 100% used [0x00000000c2f00000, 0x00000000c3000000)
AC   0 HC    TS     0 PTAMS 0x00000000c3000000 NTAMS 0x00000000c3000000 space 1024K,  25% used [0x00000000c3000000, 0x00000000c3100000)
AC   0 HS    TS     0 PTAMS 0x00000000c3100000 NTAMS 0x00000000c3100000 space 3072K,  90% used [0x00000000c3100000, 0x00000000c3400000)
AC   0 HC    TS     0 PTAMS 0x00000000c3200000 NTAMS 0x00000000c3200000 space 1024K, 100% used [0x00000000c3200000, 0x00000000c3300000)
AC   0 HC    TS     0 PTAMS 0x00000000c3300000 NTAMS 0x00000000c3300000 space 1024K,  71% used [0x00000000c3300000, 0x00000000c3400000)
AC   0  E CS TS     0 PTAMS 0x00000000c3400000 NTAMS 0x00000000c3400000 space 1024K, 100% used [0x00000000c3400000, 0x00000000c3500000)
AC   0  O    TS     0 PTAMS 0x00000000c3600000 NTAMS 0x00000000c3600000 space 1024K, 100% used [0x00000000c3500000, 0x00000000c3600000)
AC   0  E CS TS     0 PTAMS 0x00000000c3600000 NTAMS 0x00000000c3600000 space 1024K, 100% used [0x00000000c3600000, 0x00000000c3700000)
AC   0  E CS TS     0 PTAMS 0x00000000c3700000 NTAMS 0x00000000c3700000 space 1024K, 100% used [0x00000000c3700000, 0x00000000c3800000)
AC   0  E CS TS     0 PTAMS 0x00000000c3800000 NTAMS 0x00000000c3800000 space 1024K, 100% used [0x00000000c3800000, 0x00000000c3900000)
AC   0  E CS TS     0 PTAMS 0x00000000c3900000 NTAMS 0x00000000c3900000 space 1024K,  40% used [0x00000000c3900000, 0x00000000c3a00000)
AC   0  E CS TS     0 PTAMS 0x00000000c3a00000 NTAMS 0x00000000c3a00000 space 1024K, 100% used [0x00000000c3a00000, 0x00000000c3b00000)
AC   0  E CS TS     0 PTAMS 0x00000000c3b00000 NTAMS 0x00000000c3b00000 space 1024K, 100% used [0x00000000c3b00000, 0x00000000c3c00000)
AC   0  E CS TS     0 PTAMS 0x00000000c3c00000 NTAMS 0x00000000c3c00000 space 1024K, 100% used [0x00000000c3c00000, 0x00000000c3d00000)
AC   0  E CS TS     0 PTAMS 0x00000000c3d00000 NTAMS 0x00000000c3d00000 space 1024K, 100% used [0x00000000c3d00000, 0x00000000c3e00000)
AC   0  E CS TS     0 PTAMS 0x00000000c3e00000 NTAMS 0x00000000c3e00000 space 1024K, 100% used [0x00000000c3e00000, 0x00000000c3f00000)
AC   0  E CS TS     0 PTAMS 0x00000000c3f00000 NTAMS 0x00000000c3f00000 space 1024K, 100% used [0x00000000c3f00000, 0x00000000c4000000)
AC   0  E CS TS     0 PTAMS 0x00000000c4000000 NTAMS 0x00000000c4000000 space 1024K, 100% used [0x00000000c4000000, 0x00000000c4100000)
AC   0  E CS TS     0 PTAMS 0x00000000c4100000 NTAMS 0x00000000c4100000 space 1024K, 100% used [0x00000000c4100000, 0x00000000c4200000)
AC   0  E CS TS     0 PTAMS 0x00000000c4200000 NTAMS 0x00000000c4200000 space 1024K, 100% used [0x00000000c4200000, 0x00000000c4300000)
AC   0  E CS TS     0 PTAMS 0x00000000c4300000 NTAMS 0x00000000c4300000 space 1024K, 100% used [0x00000000c4300000, 0x00000000c4400000)
AC   0  E CS TS     0 PTAMS 0x00000000c4400000 NTAMS 0x00000000c4400000 space 1024K, 100% used [0x00000000c4400000, 0x00000000c4500000)
AC   0  E CS TS     0 PTAMS 0x00000000c4500000 NTAMS 0x00000000c4500000 space 1024K, 100% used [0x00000000c4500000, 0x00000000c4600000)
AC   0  E CS TS     0 PTAMS 0x00000000c4600000 NTAMS 0x00000000c4600000 space 1024K, 100% used [0x00000000c4600000, 0x00000000c4700000)
AC   0  E CS TS     0 PTAMS 0x00000000c4700000 NTAMS 0x00000000c4700000 space 1024K, 100% used [0x00000000c4700000, 0x00000000c4800000)
AC   0  E CS TS     0 PTAMS 0x00000000c4800000 NTAMS 0x00000000c4800000 space 1024K, 100% used [0x00000000c4800000, 0x00000000c4900000)
AC   0  E CS TS     0 PTAMS 0x00000000c4900000 NTAMS 0x00000000c4900000 space 1024K, 100% used [0x00000000c4900000, 0x00000000c4a00000)
AC   0  E CS TS     0 PTAMS 0x00000000c4a00000 NTAMS 0x00000000c4a00000 space 1024K, 100% used [0x00000000c4a00000, 0x00000000c4b00000)
AC   0  E CS TS     0 PTAMS 0x00000000c4b00000 NTAMS 0x00000000c4b00000 space 1024K, 100% used [0x00000000c4b00000, 0x00000000c4c00000)
AC   0  S    TS     1 PTAMS 0x00000000c4c00000 NTAMS 0x00000000c4c00000 space 1024K, 100% used [0x00000000c4c00000, 0x00000000c4d00000)
AC   0  O    TS     1 PTAMS 0x00000000c4d00000 NTAMS 0x00000000c4d00000 space 1024K,  93% used [0x00000000c4d00000, 0x00000000c4e00000)

Card table byte_map: [0x0000000013b00000,0x0000000013d00000] byte_map_base: 0x0000000013500000

Marking Bits (Prev, Next): (CMBitMap*) 0x00000000034789f8, (CMBitMap*) 0x0000000003478a50
 Prev Bits: [0x0000000013f00000, 0x0000000014f00000)
 Next Bits: [0x0000000014f00000, 0x0000000015f00000)

Polling page: 0x0000000000df0000

CodeCache: size=245760Kb used=33486Kb max_used=33497Kb free=212273Kb
 bounds [0x00000000035f0000, 0x00000000056e0000, 0x00000000125f0000]
 total_blobs=9154 nmethods=8563 adapters=498
 compilation: enabled

Compilation events (10 events):
Event: 59.632 Thread 0x0000000019350000 11210       4       java.util.Collections$SynchronizedCollection::iterator (10 bytes)
Event: 59.636 Thread 0x0000000019357800 11211       3       org.eclipse.jdt.internal.codeassist.impl.AssistParser::indexOfAssistIdentifier (96 bytes)
Event: 59.637 Thread 0x0000000019357800 nmethod 11211 0x00000000056cb2d0 code [0x00000000056cb460, 0x00000000056cb948]
Event: 59.643 Thread 0x0000000019357800 11212       3       org.eclipse.jdt.internal.compiler.lookup.MethodBinding::canBeSeenBy (591 bytes)
Event: 59.648 Thread 0x0000000019357800 nmethod 11212 0x00000000056cbb90 code [0x00000000056cc0a0, 0x00000000056cfb38]
Event: 59.677 Thread 0x0000000019350000 nmethod 11210 0x00000000056d3610 code [0x00000000056d37c0, 0x00000000056d4698]
Event: 59.677 Thread 0x0000000019350000 11213       4       org.eclipse.text.edits.TextEdit::adjustLength (35 bytes)
Event: 59.679 Thread 0x0000000019350000 nmethod 11213 0x0000000004823910 code [0x0000000004823a40, 0x0000000004823ad8]
Event: 59.680 Thread 0x0000000019357800 11214       3       org.eclipse.jdt.internal.core.manipulation.CodeTemplateContext::<init> (22 bytes)
Event: 59.681 Thread 0x0000000019357800 nmethod 11214 0x00000000056ca590 code [0x00000000056ca760, 0x00000000056caf28]

GC Heap History (10 events):
Event: 58.966 GC heap after
Heap after GC invocations=228 (full 0):
 garbage-first heap   total 77824K, used 57239K [0x00000000c0000000, 0x00000000c0100260, 0x0000000100000000)
  region size 1024K, 2 young (2048K), 2 survivors (2048K)
 Metaspace       used 52596K, capacity 55264K, committed 55552K, reserved 1099776K
  class space    used 5211K, capacity 6064K, committed 6144K, reserved 1048576K
}
Event: 59.094 GC heap before
{Heap before GC invocations=229 (full 0):
 garbage-first heap   total 77824K, used 57218K [0x00000000c0000000, 0x00000000c0100260, 0x0000000100000000)
  region size 1024K, 10 young (10240K), 2 survivors (2048K)
 Metaspace       used 52599K, capacity 55264K, committed 55552K, reserved 1099776K
  class space    used 5211K, capacity 6064K, committed 6144K, reserved 1048576K
Event: 59.100 GC heap after
Heap after GC invocations=230 (full 0):
 garbage-first heap   total 77824K, used 50786K [0x00000000c0000000, 0x00000000c0100260, 0x0000000100000000)
  region size 1024K, 2 young (2048K), 2 survivors (2048K)
 Metaspace       used 52599K, capacity 55264K, committed 55552K, reserved 1099776K
  class space    used 5211K, capacity 6064K, committed 6144K, reserved 1048576K
}
Event: 59.113 GC heap before
{Heap before GC invocations=230 (full 0):
 garbage-first heap   total 77824K, used 51810K [0x00000000c0000000, 0x00000000c0100260, 0x0000000100000000)
  region size 1024K, 3 young (3072K), 2 survivors (2048K)
 Metaspace       used 52599K, capacity 55264K, committed 55552K, reserved 1099776K
  class space    used 5211K, capacity 6064K, committed 6144K, reserved 1048576K
Event: 59.119 GC heap after
Heap after GC invocations=231 (full 0):
 garbage-first heap   total 77824K, used 43227K [0x00000000c0000000, 0x00000000c0100260, 0x0000000100000000)
  region size 1024K, 1 young (1024K), 1 survivors (1024K)
 Metaspace       used 52599K, capacity 55264K, committed 55552K, reserved 1099776K
  class space    used 5211K, capacity 6064K, committed 6144K, reserved 1048576K
}
Event: 59.140 GC heap before
{Heap before GC invocations=231 (full 0):
 garbage-first heap   total 77824K, used 45275K [0x00000000c0000000, 0x00000000c0100260, 0x0000000100000000)
  region size 1024K, 3 young (3072K), 1 survivors (1024K)
 Metaspace       used 52599K, capacity 55264K, committed 55552K, reserved 1099776K
  class space    used 5211K, capacity 6064K, committed 6144K, reserved 1048576K
Event: 59.149 GC heap after
Heap after GC invocations=232 (full 0):
 garbage-first heap   total 77824K, used 40881K [0x00000000c0000000, 0x00000000c0100260, 0x0000000100000000)
  region size 1024K, 1 young (1024K), 1 survivors (1024K)
 Metaspace       used 52599K, capacity 55264K, committed 55552K, reserved 1099776K
  class space    used 5211K, capacity 6064K, committed 6144K, reserved 1048576K
}
Event: 59.293 GC heap before
{Heap before GC invocations=232 (full 0):
 garbage-first heap   total 77824K, used 55217K [0x00000000c0000000, 0x00000000c0100260, 0x0000000100000000)
  region size 1024K, 16 young (16384K), 1 survivors (1024K)
 Metaspace       used 52602K, capacity 55264K, committed 55552K, reserved 1099776K
  class space    used 5211K, capacity 6064K, committed 6144K, reserved 1048576K
Event: 59.305 GC heap after
Heap after GC invocations=233 (full 0):
 garbage-first heap   total 77824K, used 42781K [0x00000000c0000000, 0x00000000c0100260, 0x0000000100000000)
  region size 1024K, 3 young (3072K), 3 survivors (3072K)
 Metaspace       used 52602K, capacity 55264K, committed 55552K, reserved 1099776K
  class space    used 5211K, capacity 6064K, committed 6144K, reserved 1048576K
}
Event: 59.682 GC heap before
{Heap before GC invocations=234 (full 0):
 garbage-first heap   total 77824K, used 73886K [0x00000000c0000000, 0x00000000c0100260, 0x0000000100000000)
  region size 1024K, 24 young (24576K), 3 survivors (3072K)
 Metaspace       used 52613K, capacity 55272K, committed 55552K, reserved 1099776K
  class space    used 5211K, capacity 6064K, committed 6144K, reserved 1048576K

Deoptimization events (10 events):
Event: 57.441 Thread 0x000000001d7f5800 Uncommon trap: reason=class_check action=maybe_recompile pc=0x0000000004c34a80 method=org.eclipse.jdt.internal.compiler.lookup.BinaryTypeBinding.superclass()Lorg/eclipse/jdt/internal/compiler/lookup/ReferenceBinding; @ 51
Event: 57.622 Thread 0x000000001d7f5800 Uncommon trap: reason=class_check action=maybe_recompile pc=0x000000000514e098 method=org.eclipse.jdt.internal.core.NameLookup.seekPackageFragments(Ljava/lang/String;ZLorg/eclipse/jdt/internal/core/IJavaElementRequestor;)V @ 87
Event: 58.433 Thread 0x000000001d7f5800 Uncommon trap: reason=class_check action=maybe_recompile pc=0x0000000004c34a80 method=org.eclipse.jdt.internal.compiler.lookup.BinaryTypeBinding.superclass()Lorg/eclipse/jdt/internal/compiler/lookup/ReferenceBinding; @ 51
Event: 58.654 Thread 0x000000001d7f5800 Uncommon trap: reason=class_check action=maybe_recompile pc=0x000000000514e098 method=org.eclipse.jdt.internal.core.NameLookup.seekPackageFragments(Ljava/lang/String;ZLorg/eclipse/jdt/internal/core/IJavaElementRequestor;)V @ 87
Event: 59.494 Thread 0x000000001d7f2000 Uncommon trap: reason=unstable_if action=reinterpret pc=0x0000000004b1ab1c method=org.eclipse.jdt.internal.compiler.lookup.LookupEnvironment.getTypeFromTypeSignature(Lorg/eclipse/jdt/internal/compiler/lookup/SignatureWrapper;[Lorg/eclipse/jdt/internal/com
Event: 59.537 Thread 0x000000001d7f2000 Uncommon trap: reason=unstable_if action=reinterpret pc=0x0000000003d28f84 method=org.eclipse.jdt.internal.compiler.lookup.MethodBinding.canBeSeenBy(Lorg/eclipse/jdt/internal/compiler/lookup/TypeBinding;Lorg/eclipse/jdt/internal/compiler/lookup/Invocation
Event: 59.566 Thread 0x000000001d7f2000 Uncommon trap: reason=unstable_if action=reinterpret pc=0x0000000004b4b8f8 method=org.eclipse.jdt.internal.compiler.parser.Scanner.jumpOverMethodBody()V @ 1574
Event: 59.566 Thread 0x000000001d7f2000 Uncommon trap: reason=unstable_if action=reinterpret pc=0x0000000004aebd24 method=org.eclipse.jdt.internal.compiler.parser.Scanner.getNextChar(C)Z @ 46
Event: 59.566 Thread 0x000000001d7f2000 Uncommon trap: reason=unstable_if action=reinterpret pc=0x00000000053c00c4 method=org.eclipse.jdt.internal.compiler.parser.Scanner.getNextToken0()I @ 716
Event: 59.566 Thread 0x000000001d7f2000 Uncommon trap: reason=unstable_if action=reinterpret pc=0x0000000003a2c89c method=org.eclipse.jdt.internal.compiler.parser.Scanner.getNextToken()I @ 121

Classes redefined (0 events):
No events

Internal exceptions (10 events):
Event: 59.673 Thread 0x000000001d7f4000 Exception <a 'java/lang/ArrayIndexOutOfBoundsException'> (0x00000000c34e5918) thrown at [C:\re\workspace\8-2-build-windows-amd64-cygwin\jdk8u171\10807\hotspot\src\share\vm\runtime\sharedRuntime.cpp, line 605]
Event: 59.673 Thread 0x000000001d7f4000 Exception <a 'java/lang/ArrayIndexOutOfBoundsException'> (0x00000000c34e5c48) thrown at [C:\re\workspace\8-2-build-windows-amd64-cygwin\jdk8u171\10807\hotspot\src\share\vm\runtime\sharedRuntime.cpp, line 605]
Event: 59.674 Thread 0x000000001d7f4000 Exception <a 'java/lang/ArrayIndexOutOfBoundsException'> (0x00000000c2410508) thrown at [C:\re\workspace\8-2-build-windows-amd64-cygwin\jdk8u171\10807\hotspot\src\share\vm\runtime\sharedRuntime.cpp, line 605]
Event: 59.675 Thread 0x000000001d7f4000 Exception <a 'java/lang/ArrayIndexOutOfBoundsException'> (0x00000000c2438710) thrown at [C:\re\workspace\8-2-build-windows-amd64-cygwin\jdk8u171\10807\hotspot\src\share\vm\runtime\sharedRuntime.cpp, line 605]
Event: 59.676 Thread 0x000000001d7f4000 Exception <a 'java/lang/ArrayIndexOutOfBoundsException'> (0x00000000c245dae8) thrown at [C:\re\workspace\8-2-build-windows-amd64-cygwin\jdk8u171\10807\hotspot\src\share\vm\runtime\sharedRuntime.cpp, line 605]
Event: 59.676 Thread 0x000000001d7f4000 Exception <a 'java/lang/ArrayIndexOutOfBoundsException'> (0x00000000c245de70) thrown at [C:\re\workspace\8-2-build-windows-amd64-cygwin\jdk8u171\10807\hotspot\src\share\vm\runtime\sharedRuntime.cpp, line 605]
Event: 59.678 Thread 0x000000001d7f4000 Exception <a 'java/lang/ArrayIndexOutOfBoundsException'> (0x00000000c24a59f0) thrown at [C:\re\workspace\8-2-build-windows-amd64-cygwin\jdk8u171\10807\hotspot\src\share\vm\runtime\sharedRuntime.cpp, line 605]
Event: 59.679 Thread 0x000000001d7f4000 Exception <a 'java/lang/ArrayIndexOutOfBoundsException'> (0x00000000c24caca0) thrown at [C:\re\workspace\8-2-build-windows-amd64-cygwin\jdk8u171\10807\hotspot\src\share\vm\runtime\sharedRuntime.cpp, line 605]
Event: 59.679 Thread 0x000000001d7f4000 Exception <a 'java/lang/ArrayIndexOutOfBoundsException'> (0x00000000c24cafd0) thrown at [C:\re\workspace\8-2-build-windows-amd64-cygwin\jdk8u171\10807\hotspot\src\share\vm\runtime\sharedRuntime.cpp, line 605]
Event: 59.680 Thread 0x000000001d7f4000 Exception <a 'java/lang/ArrayIndexOutOfBoundsException'> (0x00000000c24fb650) thrown at [C:\re\workspace\8-2-build-windows-amd64-cygwin\jdk8u171\10807\hotspot\src\share\vm\runtime\sharedRuntime.cpp, line 605]

Events (10 events):
Event: 59.566 Thread 0x000000001d7f2000 Uncommon trap: trap_request=0xffffff65 fr.pc=0x0000000004aebd24
Event: 59.566 Thread 0x000000001d7f2000 DEOPT PACKING pc=0x0000000004aebd24 sp=0x0000000021a8db00
Event: 59.566 Thread 0x000000001d7f2000 DEOPT UNPACKING pc=0x000000000363583b sp=0x0000000021a8daa8 mode 2
Event: 59.566 Thread 0x000000001d7f2000 Uncommon trap: trap_request=0xffffff65 fr.pc=0x00000000053c00c4
Event: 59.566 Thread 0x000000001d7f2000 DEOPT PACKING pc=0x00000000053c00c4 sp=0x0000000021a8dbf0
Event: 59.566 Thread 0x000000001d7f2000 DEOPT UNPACKING pc=0x000000000363583b sp=0x0000000021a8db90 mode 2
Event: 59.566 Thread 0x000000001d7f2000 Uncommon trap: trap_request=0xffffff65 fr.pc=0x0000000003a2c89c
Event: 59.566 Thread 0x000000001d7f2000 DEOPT PACKING pc=0x0000000003a2c89c sp=0x0000000021a8dc90
Event: 59.566 Thread 0x000000001d7f2000 DEOPT UNPACKING pc=0x000000000363583b sp=0x0000000021a8dc80 mode 2
Event: 59.682 Executing VM operation: G1IncCollectionPause


Dynamic libraries:
0x00007ff725010000 - 0x00007ff725047000 	C:\Program Files\Java\jdk1.8.0_171\bin\java.exe
0x00007ff933b60000 - 0x00007ff933d4d000 	C:\WINDOWS\SYSTEM32\ntdll.dll
0x00007ff932220000 - 0x00007ff9322d3000 	C:\WINDOWS\System32\KERNEL32.DLL
0x00007ff930100000 - 0x00007ff930393000 	C:\WINDOWS\System32\KERNELBASE.dll
0x00007ff930d90000 - 0x00007ff930e33000 	C:\WINDOWS\System32\ADVAPI32.dll
0x00007ff9319d0000 - 0x00007ff931a6e000 	C:\WINDOWS\System32\msvcrt.dll
0x00007ff931f10000 - 0x00007ff931fae000 	C:\WINDOWS\System32\sechost.dll
0x00007ff931fc0000 - 0x00007ff9320e2000 	C:\WINDOWS\System32\RPCRT4.dll
0x00007ff931d70000 - 0x00007ff931f07000 	C:\WINDOWS\System32\USER32.dll
0x00007ff92fc50000 - 0x00007ff92fc70000 	C:\WINDOWS\System32\win32u.dll
0x00007ff9322f0000 - 0x00007ff932319000 	C:\WINDOWS\System32\GDI32.dll
0x00007ff9303a0000 - 0x00007ff93053a000 	C:\WINDOWS\System32\gdi32full.dll
0x00007ff92fe80000 - 0x00007ff92ff20000 	C:\WINDOWS\System32\msvcp_win.dll
0x00007ff930540000 - 0x00007ff93063a000 	C:\WINDOWS\System32\ucrtbase.dll
0x00007ff924040000 - 0x00007ff9242b9000 	C:\WINDOWS\WinSxS\amd64_microsoft.windows.common-controls_6595b64144ccf1df_6.0.17763.379_none_05b83be8071c94a1\COMCTL32.dll
0x00007ff931620000 - 0x00007ff93194d000 	C:\WINDOWS\System32\combase.dll
0x00007ff92fcf0000 - 0x00007ff92fd6e000 	C:\WINDOWS\System32\bcryptPrimitives.dll
0x00007ff931060000 - 0x00007ff93108e000 	C:\WINDOWS\System32\IMM32.DLL
0x000000005a180000 - 0x000000005a252000 	C:\Program Files\Java\jdk1.8.0_171\jre\bin\msvcr100.dll
0x00000000587b0000 - 0x0000000059050000 	C:\Program Files\Java\jdk1.8.0_171\jre\bin\server\jvm.dll
0x00007ff931fb0000 - 0x00007ff931fb8000 	C:\WINDOWS\System32\PSAPI.DLL
0x00007ff92db40000 - 0x00007ff92db64000 	C:\WINDOWS\SYSTEM32\WINMM.dll
0x00007ff91ee60000 - 0x00007ff91ee6a000 	C:\WINDOWS\SYSTEM32\VERSION.dll
0x00007ff91dea0000 - 0x00007ff91dea9000 	C:\WINDOWS\SYSTEM32\WSOCK32.dll
0x00007ff932340000 - 0x00007ff9323ad000 	C:\WINDOWS\System32\WS2_32.dll
0x00007ff92db10000 - 0x00007ff92db3d000 	C:\WINDOWS\SYSTEM32\WINMMBASE.dll
0x00007ff92fc70000 - 0x00007ff92fcba000 	C:\WINDOWS\System32\cfgmgr32.dll
0x000000005a170000 - 0x000000005a17f000 	C:\Program Files\Java\jdk1.8.0_171\jre\bin\verify.dll
0x000000005a140000 - 0x000000005a169000 	C:\Program Files\Java\jdk1.8.0_171\jre\bin\java.dll
0x000000005a120000 - 0x000000005a136000 	C:\Program Files\Java\jdk1.8.0_171\jre\bin\zip.dll
0x00007ff932640000 - 0x00007ff933b30000 	C:\WINDOWS\System32\SHELL32.dll
0x00007ff931090000 - 0x00007ff931138000 	C:\WINDOWS\System32\shcore.dll
0x00007ff930640000 - 0x00007ff930d8a000 	C:\WINDOWS\System32\windows.storage.dll
0x00007ff92fba0000 - 0x00007ff92fbc4000 	C:\WINDOWS\System32\profapi.dll
0x00007ff92fbd0000 - 0x00007ff92fc2d000 	C:\WINDOWS\System32\powrprof.dll
0x00007ff931d10000 - 0x00007ff931d62000 	C:\WINDOWS\System32\shlwapi.dll
0x00007ff92fb80000 - 0x00007ff92fb91000 	C:\WINDOWS\System32\kernel.appcore.dll
0x00007ff92fc30000 - 0x00007ff92fc47000 	C:\WINDOWS\System32\cryptsp.dll
0x00007ff92ef40000 - 0x00007ff92ef73000 	C:\WINDOWS\system32\rsaenh.dll
0x00007ff92fcc0000 - 0x00007ff92fce6000 	C:\WINDOWS\System32\bcrypt.dll
0x00007ff92fa60000 - 0x00007ff92fa88000 	C:\WINDOWS\SYSTEM32\USERENV.dll
0x00007ff92f550000 - 0x00007ff92f55c000 	C:\WINDOWS\SYSTEM32\CRYPTBASE.dll
0x000000005a100000 - 0x000000005a11a000 	C:\Program Files\Java\jdk1.8.0_171\jre\bin\net.dll
0x00007ff92f380000 - 0x00007ff92f3e7000 	C:\WINDOWS\system32\mswsock.dll
0x00007ff92f0e0000 - 0x00007ff92f11d000 	C:\WINDOWS\SYSTEM32\IPHLPAPI.DLL
0x00007ff9322e0000 - 0x00007ff9322e8000 	C:\WINDOWS\System32\NSI.dll
0x00007ff923940000 - 0x00007ff923956000 	C:\WINDOWS\SYSTEM32\dhcpcsvc6.DLL
0x00007ff923cf0000 - 0x00007ff923d0c000 	C:\WINDOWS\SYSTEM32\dhcpcsvc.DLL
0x00007ff92f120000 - 0x00007ff92f1e6000 	C:\WINDOWS\SYSTEM32\DNSAPI.dll
0x000000005a0e0000 - 0x000000005a0f1000 	C:\Program Files\Java\jdk1.8.0_171\jre\bin\nio.dll
0x00007ff9201b0000 - 0x00007ff9201d9000 	C:\Users\XNOTE\.vscode\extensions\redhat.java-0.43.0\server\config_win\org.eclipse.equinox.launcher\org.eclipse.equinox.launcher.win32.win32.x86_64_1.1.1000.v20190125-2016\eclipse_1801.dll
0x00007ff927550000 - 0x00007ff927561000 	C:\Users\XNOTE\.vscode\extensions\redhat.java-0.43.0\server\config_win\org.eclipse.osgi\20\0\.cp\jWinHttp-1.0.0.dll
0x00007ff9324e0000 - 0x00007ff932635000 	C:\WINDOWS\System32\ole32.dll
0x00007ff924560000 - 0x00007ff924651000 	C:\WINDOWS\SYSTEM32\WINHTTP.dll

VM Arguments:
jvm_args: -Declipse.application=org.eclipse.jdt.ls.core.id1 -Dosgi.bundles.defaultStartLevel=4 -Declipse.product=org.eclipse.jdt.ls.core.product -Dfile.encoding=utf8 -DwatchParentProcess=false -Xverify:none -Xmx1G -XX:+UseG1GC -XX:+UseStringDeduplication 
java_command: C:\Users\XNOTE\.vscode\extensions\redhat.java-0.43.0\server\plugins\org.eclipse.equinox.launcher_1.5.300.v20190213-1655.jar -configuration C:\Users\XNOTE\.vscode\extensions\redhat.java-0.43.0\server\config_win -data c:\Users\XNOTE\AppData\Roaming\Code\User\workspaceStorage\0bdfaac4224be0d618bdcf963b857abf\redhat.java\jdt_ws
java_class_path (initial): C:\Users\XNOTE\.vscode\extensions\redhat.java-0.43.0\server\plugins\org.eclipse.equinox.launcher_1.5.300.v20190213-1655.jar
Launcher Type: SUN_STANDARD

Environment Variables:
PATH=C:\Program Files (x86)\Common Files\Oracle\Java\javapath;C:\ProgramData\Oracle\Java\javapath;C:\python27;C:\WINDOWS\system32;C:\WINDOWS;C:\WINDOWS\System32\Wbem;C:\WINDOWS\System32\WindowsPowerShell\v1.0\;C:\Program Files (x86)\Windows Live\Shared;C:\WINDOWS\System32\OpenSSH\;C:\Program Files\PuTTY\;C:\Program Files\Microsoft VS Code\bin;C:\Program Files\Git\cmd;C:\Program Files\Java\jdk1.8.0_171\bin;%USERPROFILE%\AppData\Local\Microsoft\WindowsApps;
USERNAME=¹Î¿ì
OS=Windows_NT
PROCESSOR_IDENTIFIER=Intel64 Family 6 Model 58 Stepping 9, GenuineIntel



---------------  S Y S T E M  ---------------

OS: Windows 10.0 , 64 bit Build 17763 (10.0.17763.379)

CPU:total 4 (initial active 4) (2 cores per cpu, 2 threads per core) family 6 model 58 stepping 9, cmov, cx8, fxsr, mmx, sse, sse2, sse3, ssse3, sse4.1, sse4.2, popcnt, avx, clmul, erms, ht, tsc, tscinvbit, tscinv

Memory: 4k page, physical 4024712k(833660k free), swap 5445000k(6088k free)

vm_info: Java HotSpot(TM) 64-Bit Server VM (25.171-b11) for windows-amd64 JRE (1.8.0_171-b11), built on Mar 28 2018 16:06:12 by "java_re" with MS VC++ 10.0 (VS2010)

time: Thu May 02 03:30:31 2019
elapsed time: 59 seconds (0d 0h 0m 59s)

