#
# There is insufficient memory for the Java Runtime Environment to continue.
# Native memory allocation (malloc) failed to allocate 1106416 bytes for Chunk::new
# Possible reasons:
#   The system is out of physical RAM or swap space
#   In 32 bit mode, the process size limit was hit
# Possible solutions:
#   Reduce memory load on the system
#   Increase physical memory or swap space
#   Check if swap backing store is full
#   Use 64 bit Java on a 64 bit OS
#   Decrease Java heap size (-Xmx/-Xms)
#   Decrease number of Java threads
#   Decrease Java thread stack sizes (-Xss)
#   Set larger code cache with -XX:ReservedCodeCacheSize=
# This output file may be truncated or incomplete.
#
#  Out of Memory Error (allocation.cpp:390), pid=2276, tid=0x0000000000004130
#
# JRE version: Java(TM) SE Runtime Environment (8.0_171-b11) (build 1.8.0_171-b11)
# Java VM: Java HotSpot(TM) 64-Bit Server VM (25.171-b11 mixed mode windows-amd64 compressed oops)
# Failed to write core dump. Minidumps are not enabled by default on client versions of Windows
#

---------------  T H R E A D  ---------------

Current thread (0x0000000018ca2000):  JavaThread "C2 CompilerThread0" daemon [_thread_in_native, id=16688, stack(0x0000000019470000,0x0000000019570000)]

Stack: [0x0000000019470000,0x0000000019570000]
[error occurred during error reporting (printing stack bounds), id 0xc0000005]

Native frames: (J=compiled Java code, j=interpreted, Vv=VM code, C=native code)


Current CompileTask:
C2:  19681 4719       4       org.eclipse.jdt.internal.core.JarPackageFragmentRoot::initRawPackageInfo (349 bytes)


---------------  P R O C E S S  ---------------

Java Threads: ( => current thread )
  0x0000000018cb6800 JavaThread "Worker-5" [_thread_blocked, id=2392, stack(0x00000000213b0000,0x00000000214b0000)]
  0x000000001af05000 JavaThread "Worker-4: Compacting resource model" [_thread_blocked, id=1928, stack(0x0000000020cb0000,0x0000000020db0000)]
  0x000000001a066800 JavaThread "Worker-3" [_thread_blocked, id=1532, stack(0x00000000205d0000,0x00000000206d0000)]
  0x000000001f714000 JavaThread "pool-1-thread-1" [_thread_blocked, id=17740, stack(0x000000001eed0000,0x000000001efd0000)]
  0x000000001a990000 JavaThread "Bundle File Closer" daemon [_thread_blocked, id=18028, stack(0x000000001d600000,0x000000001d700000)]
  0x000000001b07a000 JavaThread "Worker-2: Initialize Workspace" [_thread_in_Java, id=16712, stack(0x000000001d500000,0x000000001d600000)]
  0x000000001ae87000 JavaThread "Java indexing" daemon [_thread_blocked, id=5948, stack(0x000000001d400000,0x000000001d500000)]
  0x000000001ae75000 JavaThread "Worker-1" [_thread_blocked, id=16592, stack(0x000000001cf00000,0x000000001d000000)]
  0x000000001a870000 JavaThread "Worker-0: Updating Maven Dependencies" [_thread_blocked, id=5252, stack(0x000000001cc80000,0x000000001cd80000)]
  0x000000001a7ba800 JavaThread "Worker-JM" [_thread_blocked, id=8164, stack(0x000000001b8b0000,0x000000001b9b0000)]
  0x0000000019b0d800 JavaThread "Start Level: Equinox Container: 926ec944-1317-4d69-acca-c8f612d7aa63" daemon [_thread_blocked, id=12048, stack(0x000000001b360000,0x000000001b460000)]
  0x0000000019e0c000 JavaThread "Framework Event Dispatcher: Equinox Container: 926ec944-1317-4d69-acca-c8f612d7aa63" daemon [_thread_blocked, id=8716, stack(0x000000001b260000,0x000000001b360000)]
  0x000000001a063800 JavaThread "Active Thread: Equinox Container: 926ec944-1317-4d69-acca-c8f612d7aa63" [_thread_blocked, id=2072, stack(0x000000001b160000,0x000000001b260000)]
  0x0000000018d44800 JavaThread "Service Thread" daemon [_thread_blocked, id=13388, stack(0x0000000019770000,0x0000000019870000)]
  0x0000000018cb3000 JavaThread "C1 CompilerThread2" daemon [_thread_blocked, id=13200, stack(0x0000000019670000,0x0000000019770000)]
  0x0000000018ca5000 JavaThread "C2 CompilerThread1" daemon [_thread_in_native, id=15264, stack(0x0000000019570000,0x0000000019670000)]
=>0x0000000018ca2000 JavaThread "C2 CompilerThread0" daemon [_thread_in_native, id=16688, stack(0x0000000019470000,0x0000000019570000)]
  0x0000000018ca1000 JavaThread "Attach Listener" daemon [_thread_blocked, id=12824, stack(0x0000000019370000,0x0000000019470000)]
  0x0000000018c89800 JavaThread "Signal Dispatcher" daemon [_thread_blocked, id=16724, stack(0x0000000019270000,0x0000000019370000)]
  0x0000000018c88800 JavaThread "Surrogate Locker Thread (Concurrent GC)" daemon [_thread_blocked, id=16420, stack(0x0000000019170000,0x0000000019270000)]
  0x0000000018bfa800 JavaThread "Finalizer" daemon [_thread_blocked, id=5988, stack(0x0000000019070000,0x0000000019170000)]
  0x0000000018bf3800 JavaThread "Reference Handler" daemon [_thread_blocked, id=17240, stack(0x0000000018f70000,0x0000000019070000)]
  0x000000000286e000 JavaThread "main" [_thread_blocked, id=2564, stack(0x0000000002d50000,0x0000000002e50000)]

Other Threads:
  0x0000000018bf0800 VMThread [stack: 0x0000000018990000,0x0000000018a90000] [id=10756]
  0x0000000018d50000 WatcherThread [stack: 0x0000000019870000,0x0000000019970000] [id=16528]

VM state:not at safepoint (normal execution)

VM Mutex/Monitor currently owned by a thread: None

Heap:
 garbage-first heap   total 64512K, used 46676K [0x00000000c0000000, 0x00000000c01001f8, 0x0000000100000000)
  region size 1024K, 20 young (20480K), 4 survivors (4096K)
 Metaspace       used 40526K, capacity 42634K, committed 42880K, reserved 1087488K
  class space    used 4225K, capacity 4936K, committed 4992K, reserved 1048576K

Heap Regions: (Y=young(eden), SU=young(survivor), HS=humongous(starts), HC=humongous(continues), CS=collection set, F=free, TS=gc time stamp, PTAMS=previous top-at-mark-start, NTAMS=next top-at-mark-start)
AC   0  O    TS     3 PTAMS 0x00000000c0000000 NTAMS 0x00000000c0000000 space 1024K, 100% used [0x00000000c0000000, 0x00000000c0100000)
AC   0  O    TS     0 PTAMS 0x00000000c0200000 NTAMS 0x00000000c0200000 space 1024K, 100% used [0x00000000c0100000, 0x00000000c0200000)
AC   0  O    TS     0 PTAMS 0x00000000c0300000 NTAMS 0x00000000c0300000 space 1024K, 100% used [0x00000000c0200000, 0x00000000c0300000)
AC   0  O    TS    11 PTAMS 0x00000000c0300000 NTAMS 0x00000000c0300000 space 1024K, 100% used [0x00000000c0300000, 0x00000000c0400000)
AC   0  O    TS     5 PTAMS 0x00000000c0400000 NTAMS 0x00000000c0400000 space 1024K, 100% used [0x00000000c0400000, 0x00000000c0500000)
AC   0  O    TS     0 PTAMS 0x00000000c0600000 NTAMS 0x00000000c0600000 space 1024K, 100% used [0x00000000c0500000, 0x00000000c0600000)
AC   0  O    TS     0 PTAMS 0x00000000c0700000 NTAMS 0x00000000c0700000 space 1024K, 100% used [0x00000000c0600000, 0x00000000c0700000)
AC   0  O    TS     0 PTAMS 0x00000000c0800000 NTAMS 0x00000000c0800000 space 1024K, 100% used [0x00000000c0700000, 0x00000000c0800000)
AC   0  O    TS     0 PTAMS 0x00000000c0900000 NTAMS 0x00000000c0900000 space 1024K, 100% used [0x00000000c0800000, 0x00000000c0900000)
AC   0  O    TS     5 PTAMS 0x00000000c0900000 NTAMS 0x00000000c0900000 space 1024K, 100% used [0x00000000c0900000, 0x00000000c0a00000)
AC   0  O    TS     0 PTAMS 0x00000000c0b00000 NTAMS 0x00000000c0b00000 space 1024K, 100% used [0x00000000c0a00000, 0x00000000c0b00000)
AC   0  O    TS     0 PTAMS 0x00000000c0c00000 NTAMS 0x00000000c0c00000 space 1024K, 100% used [0x00000000c0b00000, 0x00000000c0c00000)
AC   0  O    TS    11 PTAMS 0x00000000c0c00000 NTAMS 0x00000000c0c00000 space 1024K, 100% used [0x00000000c0c00000, 0x00000000c0d00000)
AC   0  O    TS     3 PTAMS 0x00000000c0d00000 NTAMS 0x00000000c0d00000 space 1024K, 100% used [0x00000000c0d00000, 0x00000000c0e00000)
AC   0  O    TS    11 PTAMS 0x00000000c0e00000 NTAMS 0x00000000c0e00000 space 1024K,  58% used [0x00000000c0e00000, 0x00000000c0f00000)
AC   0  O    TS     3 PTAMS 0x00000000c0f00000 NTAMS 0x00000000c0f00000 space 1024K, 100% used [0x00000000c0f00000, 0x00000000c1000000)
AC   0  O    TS     0 PTAMS 0x00000000c1100000 NTAMS 0x00000000c1100000 space 1024K, 100% used [0x00000000c1000000, 0x00000000c1100000)
AC   0  O    TS     0 PTAMS 0x00000000c1200000 NTAMS 0x00000000c1200000 space 1024K, 100% used [0x00000000c1100000, 0x00000000c1200000)
AC   0  F    TS     0 PTAMS 0x00000000c1200000 NTAMS 0x00000000c1200000 space 1024K,   0% used [0x00000000c1200000, 0x00000000c1300000)
AC   0  F    TS     0 PTAMS 0x00000000c1300000 NTAMS 0x00000000c1300000 space 1024K,   0% used [0x00000000c1300000, 0x00000000c1400000)
AC   0  O    TS     3 PTAMS 0x00000000c1400000 NTAMS 0x00000000c1400000 space 1024K, 100% used [0x00000000c1400000, 0x00000000c1500000)
AC   0  O    TS     0 PTAMS 0x00000000c1600000 NTAMS 0x00000000c1600000 space 1024K, 100% used [0x00000000c1500000, 0x00000000c1600000)
AC   0  O    TS     0 PTAMS 0x00000000c1700000 NTAMS 0x00000000c1700000 space 1024K, 100% used [0x00000000c1600000, 0x00000000c1700000)
AC   0  O    TS     0 PTAMS 0x00000000c1800000 NTAMS 0x00000000c1800000 space 1024K, 100% used [0x00000000c1700000, 0x00000000c1800000)
AC   0  F    TS     0 PTAMS 0x00000000c1800000 NTAMS 0x00000000c1800000 space 1024K,   0% used [0x00000000c1800000, 0x00000000c1900000)
AC   0  S CS TS    11 PTAMS 0x00000000c1900000 NTAMS 0x00000000c1900000 space 1024K, 100% used [0x00000000c1900000, 0x00000000c1a00000)
AC   0  O    TS     3 PTAMS 0x00000000c1a00000 NTAMS 0x00000000c1a00000 space 1024K, 100% used [0x00000000c1a00000, 0x00000000c1b00000)
AC   0  O    TS     3 PTAMS 0x00000000c1b00000 NTAMS 0x00000000c1b00000 space 1024K, 100% used [0x00000000c1b00000, 0x00000000c1c00000)
AC   0  O    TS     3 PTAMS 0x00000000c1c00000 NTAMS 0x00000000c1c00000 space 1024K, 100% used [0x00000000c1c00000, 0x00000000c1d00000)
AC   0  O    TS     5 PTAMS 0x00000000c1d00000 NTAMS 0x00000000c1d00000 space 1024K, 100% used [0x00000000c1d00000, 0x00000000c1e00000)
AC   0  F    TS     9 PTAMS 0x00000000c1e00000 NTAMS 0x00000000c1e00000 space 1024K,   0% used [0x00000000c1e00000, 0x00000000c1f00000)
AC   0  F    TS     9 PTAMS 0x00000000c1f00000 NTAMS 0x00000000c1f00000 space 1024K,   0% used [0x00000000c1f00000, 0x00000000c2000000)
AC   0  F    TS     9 PTAMS 0x00000000c2000000 NTAMS 0x00000000c2000000 space 1024K,   0% used [0x00000000c2000000, 0x00000000c2100000)
AC   0  O    TS     1 PTAMS 0x00000000c2180008 NTAMS 0x00000000c2180008 space 1024K, 100% used [0x00000000c2100000, 0x00000000c2200000)
AC   0  S CS TS    11 PTAMS 0x00000000c2200000 NTAMS 0x00000000c2200000 space 1024K, 100% used [0x00000000c2200000, 0x00000000c2300000)
AC   0  S CS TS    11 PTAMS 0x00000000c2300000 NTAMS 0x00000000c2300000 space 1024K, 100% used [0x00000000c2300000, 0x00000000c2400000)
AC   0  S CS TS    11 PTAMS 0x00000000c2400000 NTAMS 0x00000000c2400000 space 1024K, 100% used [0x00000000c2400000, 0x00000000c2500000)
AC   0  F    TS     1 PTAMS 0x00000000c2500000 NTAMS 0x00000000c2500000 space 1024K,   0% used [0x00000000c2500000, 0x00000000c2600000)
AC   0  F    TS     1 PTAMS 0x00000000c2600000 NTAMS 0x00000000c2600000 space 1024K,   0% used [0x00000000c2600000, 0x00000000c2700000)
AC   0  F    TS     1 PTAMS 0x00000000c2700000 NTAMS 0x00000000c2700000 space 1024K,   0% used [0x00000000c2700000, 0x00000000c2800000)
AC   0  F    TS     0 PTAMS 0x00000000c2800000 NTAMS 0x00000000c2800000 space 1024K,   0% used [0x00000000c2800000, 0x00000000c2900000)
AC   0  F    TS     0 PTAMS 0x00000000c2900000 NTAMS 0x00000000c2900000 space 1024K,   0% used [0x00000000c2900000, 0x00000000c2a00000)
AC   0  F    TS     0 PTAMS 0x00000000c2a00000 NTAMS 0x00000000c2a00000 space 1024K,   0% used [0x00000000c2a00000, 0x00000000c2b00000)
AC   0  F    TS     0 PTAMS 0x00000000c2b00000 NTAMS 0x00000000c2b00000 space 1024K,   0% used [0x00000000c2b00000, 0x00000000c2c00000)
AC   0  F    TS     0 PTAMS 0x00000000c2c00000 NTAMS 0x00000000c2c00000 space 1024K,   0% used [0x00000000c2c00000, 0x00000000c2d00000)
AC   0  F    TS     0 PTAMS 0x00000000c2d00000 NTAMS 0x00000000c2d00000 space 1024K,   0% used [0x00000000c2d00000, 0x00000000c2e00000)
AC   0  F    TS     0 PTAMS 0x00000000c2e00000 NTAMS 0x00000000c2e00000 space 1024K,   0% used [0x00000000c2e00000, 0x00000000c2f00000)
AC   0  E    TS     0 PTAMS 0x00000000c2f00000 NTAMS 0x00000000c2f00000 space 1024K,  37% used [0x00000000c2f00000, 0x00000000c3000000)
AC   0  E CS TS     0 PTAMS 0x00000000c3000000 NTAMS 0x00000000c3000000 space 1024K, 100% used [0x00000000c3000000, 0x00000000c3100000)
AC   0  E CS TS     0 PTAMS 0x00000000c3100000 NTAMS 0x00000000c3100000 space 1024K, 100% used [0x00000000c3100000, 0x00000000c3200000)
AC   0  E CS TS     0 PTAMS 0x00000000c3200000 NTAMS 0x00000000c3200000 space 1024K, 100% used [0x00000000c3200000, 0x00000000c3300000)
AC   0  E CS TS     0 PTAMS 0x00000000c3300000 NTAMS 0x00000000c3300000 space 1024K, 100% used [0x00000000c3300000, 0x00000000c3400000)
AC   0  E CS TS     0 PTAMS 0x00000000c3400000 NTAMS 0x00000000c3400000 space 1024K, 100% used [0x00000000c3400000, 0x00000000c3500000)
AC   0  E CS TS     0 PTAMS 0x00000000c3500000 NTAMS 0x00000000c3500000 space 1024K, 100% used [0x00000000c3500000, 0x00000000c3600000)
AC   0  E CS TS     0 PTAMS 0x00000000c3600000 NTAMS 0x00000000c3600000 space 1024K, 100% used [0x00000000c3600000, 0x00000000c3700000)
AC   0  E CS TS     0 PTAMS 0x00000000c3700000 NTAMS 0x00000000c3700000 space 1024K, 100% used [0x00000000c3700000, 0x00000000c3800000)
AC   0  E CS TS     0 PTAMS 0x00000000c3800000 NTAMS 0x00000000c3800000 space 1024K, 100% used [0x00000000c3800000, 0x00000000c3900000)
AC   0  E CS TS     0 PTAMS 0x00000000c3900000 NTAMS 0x00000000c3900000 space 1024K, 100% used [0x00000000c3900000, 0x00000000c3a00000)
AC   0  E CS TS     0 PTAMS 0x00000000c3a00000 NTAMS 0x00000000c3a00000 space 1024K, 100% used [0x00000000c3a00000, 0x00000000c3b00000)
AC   0  E CS TS     5 PTAMS 0x00000000c3b00000 NTAMS 0x00000000c3b00000 space 1024K, 100% used [0x00000000c3b00000, 0x00000000c3c00000)
AC   0  E CS TS     3 PTAMS 0x00000000c3c00000 NTAMS 0x00000000c3c00000 space 1024K, 100% used [0x00000000c3c00000, 0x00000000c3d00000)
AC   0  E CS TS     0 PTAMS 0x00000000c3d00000 NTAMS 0x00000000c3d00000 space 1024K, 100% used [0x00000000c3d00000, 0x00000000c3e00000)
AC   0  E CS TS     0 PTAMS 0x00000000c3e00000 NTAMS 0x00000000c3e00000 space 1024K, 100% used [0x00000000c3e00000, 0x00000000c3f00000)

Card table byte_map: [0x0000000013450000,0x0000000013650000] byte_map_base: 0x0000000012e50000

Marking Bits (Prev, Next): (CMBitMap*) 0x0000000002e89928, (CMBitMap*) 0x0000000002e89980
 Prev Bits: [0x0000000013850000, 0x0000000014850000)
 Next Bits: [0x0000000014850000, 0x0000000015850000)

Polling page: 0x00000000011c0000

CodeCache: size=245760Kb used=14425Kb max_used=14425Kb free=231335Kb
 bounds [0x0000000002f50000, 0x0000000003d80000, 0x0000000011f50000]
 total_blobs=4687 nmethods=4142 adapters=456
 compilation: enabled

Compilation events (10 events):
Event: 19.623 Thread 0x0000000018cb3000 nmethod 4730 0x0000000003d62090 code [0x0000000003d622c0, 0x0000000003d631d8]
Event: 19.630 Thread 0x0000000018cb3000 4731       3       org.eclipse.jdt.internal.core.util.HashtableOfArrayToObject::getKey (66 bytes)
Event: 19.631 Thread 0x0000000018cb3000 nmethod 4731 0x0000000003d66350 code [0x0000000003d664e0, 0x0000000003d668b8]
Event: 19.633 Thread 0x0000000018cb3000 4732       3       java.nio.charset.CharsetDecoder::<init> (108 bytes)
Event: 19.633 Thread 0x0000000018cb3000 nmethod 4732 0x0000000003d65710 code [0x0000000003d65900, 0x0000000003d66108]
Event: 19.636 Thread 0x0000000018cb3000 4733       1       java.util.zip.ZStreamRef::address (5 bytes)
Event: 19.637 Thread 0x0000000018cb3000 nmethod 4733 0x0000000003d5b8d0 code [0x0000000003d5ba20, 0x0000000003d5bb30]
Event: 19.640 Thread 0x0000000018ca5000 4734       4       org.eclipse.jdt.internal.core.util.Util::splitOn (134 bytes)
Event: 19.672 Thread 0x0000000018cb3000 4735       3       java.util.WeakHashMap::newTable (8 bytes)
Event: 19.673 Thread 0x0000000018cb3000 nmethod 4735 0x0000000003d6cf10 code [0x0000000003d6d060, 0x0000000003d6d230]

GC Heap History (10 events):
Event: 10.619 GC heap before
{Heap before GC invocations=12 (full 0):
 garbage-first heap   total 64512K, used 29184K [0x00000000c0000000, 0x00000000c01001f8, 0x0000000100000000)
  region size 1024K, 4 young (4096K), 3 survivors (3072K)
 Metaspace       used 35610K, capacity 37520K, committed 37760K, reserved 1083392K
  class space    used 3843K, capacity 4446K, committed 4480K, reserved 1048576K
Event: 10.629 GC heap after
Heap after GC invocations=13 (full 0):
 garbage-first heap   total 64512K, used 25942K [0x00000000c0000000, 0x00000000c01001f8, 0x0000000100000000)
  region size 1024K, 1 young (1024K), 1 survivors (1024K)
 Metaspace       used 35610K, capacity 37520K, committed 37760K, reserved 1083392K
  class space    used 3843K, capacity 4446K, committed 4480K, reserved 1048576K
}
Event: 10.803 GC heap before
{Heap before GC invocations=13 (full 0):
 garbage-first heap   total 64512K, used 27990K [0x00000000c0000000, 0x00000000c01001f8, 0x0000000100000000)
  region size 1024K, 3 young (3072K), 1 survivors (1024K)
 Metaspace       used 35837K, capacity 37744K, committed 38016K, reserved 1083392K
  class space    used 3864K, capacity 4478K, committed 4480K, reserved 1048576K
Event: 10.811 GC heap after
Heap after GC invocations=14 (full 0):
 garbage-first heap   total 64512K, used 25520K [0x00000000c0000000, 0x00000000c01001f8, 0x0000000100000000)
  region size 1024K, 1 young (1024K), 1 survivors (1024K)
 Metaspace       used 35837K, capacity 37744K, committed 38016K, reserved 1083392K
  class space    used 3864K, capacity 4478K, committed 4480K, reserved 1048576K
}
Event: 15.975 GC heap before
{Heap before GC invocations=14 (full 0):
 garbage-first heap   total 64512K, used 53168K [0x00000000c0000000, 0x00000000c01001f8, 0x0000000100000000)
  region size 1024K, 28 young (28672K), 1 survivors (1024K)
 Metaspace       used 36137K, capacity 37988K, committed 38400K, reserved 1083392K
  class space    used 3879K, capacity 4516K, committed 4608K, reserved 1048576K
Event: 15.980 GC heap after
Heap after GC invocations=15 (full 0):
 garbage-first heap   total 64512K, used 25554K [0x00000000c0000000, 0x00000000c01001f8, 0x0000000100000000)
  region size 1024K, 1 young (1024K), 1 survivors (1024K)
 Metaspace       used 36137K, capacity 37988K, committed 38400K, reserved 1083392K
  class space    used 3879K, capacity 4516K, committed 4608K, reserved 1048576K
}
Event: 18.019 GC heap before
{Heap before GC invocations=15 (full 0):
 garbage-first heap   total 64512K, used 54226K [0x00000000c0000000, 0x00000000c01001f8, 0x0000000100000000)
  region size 1024K, 29 young (29696K), 1 survivors (1024K)
 Metaspace       used 37523K, capacity 39434K, committed 39808K, reserved 1085440K
  class space    used 3967K, capacity 4615K, committed 4736K, reserved 1048576K
Event: 18.023 GC heap after
Heap after GC invocations=16 (full 0):
 garbage-first heap   total 64512K, used 27030K [0x00000000c0000000, 0x00000000c01001f8, 0x0000000100000000)
  region size 1024K, 3 young (3072K), 3 survivors (3072K)
 Metaspace       used 37523K, capacity 39434K, committed 39808K, reserved 1085440K
  class space    used 3967K, capacity 4615K, committed 4736K, reserved 1048576K
}
Event: 19.232 GC heap before
{Heap before GC invocations=16 (full 0):
 garbage-first heap   total 64512K, used 53654K [0x00000000c0000000, 0x00000000c01001f8, 0x0000000100000000)
  region size 1024K, 29 young (29696K), 3 survivors (3072K)
 Metaspace       used 40520K, capacity 42634K, committed 42880K, reserved 1087488K
  class space    used 4225K, capacity 4936K, committed 4992K, reserved 1048576K
Event: 19.241 GC heap after
Heap after GC invocations=17 (full 0):
 garbage-first heap   total 64512K, used 31316K [0x00000000c0000000, 0x00000000c01001f8, 0x0000000100000000)
  region size 1024K, 4 young (4096K), 4 survivors (4096K)
 Metaspace       used 40520K, capacity 42634K, committed 42880K, reserved 1087488K
  class space    used 4225K, capacity 4936K, committed 4992K, reserved 1048576K
}

Deoptimization events (10 events):
Event: 19.068 Thread 0x000000001b07a000 Uncommon trap: reason=class_check action=maybe_recompile pc=0x0000000003a76a90 method=org.eclipse.core.internal.resources.Workspace.getResourceInfo(Lorg/eclipse/core/runtime/IPath;ZZ)Lorg/eclipse/core/internal/resources/ResourceInfo; @ 60
Event: 19.068 Thread 0x000000001b07a000 Uncommon trap: reason=unstable_if action=reinterpret pc=0x00000000038e0210 method=org.eclipse.core.runtime.Path.toOSString()Ljava/lang/String; @ 104
Event: 19.086 Thread 0x000000001b07a000 Uncommon trap: reason=class_check action=maybe_recompile pc=0x0000000003a76a90 method=org.eclipse.core.internal.resources.Workspace.getResourceInfo(Lorg/eclipse/core/runtime/IPath;ZZ)Lorg/eclipse/core/internal/resources/ResourceInfo; @ 60
Event: 19.086 Thread 0x000000001b07a000 Uncommon trap: reason=class_check action=maybe_recompile pc=0x0000000003aa2694 method=org.eclipse.core.internal.resources.Workspace.getResourceInfo(Lorg/eclipse/core/runtime/IPath;ZZ)Lorg/eclipse/core/internal/resources/ResourceInfo; @ 60
Event: 19.163 Thread 0x000000001b07a000 Uncommon trap: reason=unstable_if action=reinterpret pc=0x0000000003af01a8 method=org.eclipse.osgi.util.NLS.internalBind(Ljava/lang/String;[Ljava/lang/Object;Ljava/lang/String;Ljava/lang/String;)Ljava/lang/String; @ 8
Event: 19.190 Thread 0x000000001b07a000 Uncommon trap: reason=class_check action=maybe_recompile pc=0x0000000003a5bc54 method=org.eclipse.jdt.internal.core.JavaElement.getAncestor(I)Lorg/eclipse/jdt/core/IJavaElement; @ 6
Event: 19.191 Thread 0x000000001b07a000 Uncommon trap: reason=class_check action=maybe_recompile pc=0x0000000003a5bc54 method=org.eclipse.jdt.internal.core.JavaElement.getAncestor(I)Lorg/eclipse/jdt/core/IJavaElement; @ 6
Event: 19.215 Thread 0x000000001b07a000 Uncommon trap: reason=unstable_if action=reinterpret pc=0x0000000003c3f7ac method=java.util.HashMap$HashIterator.<init>(Ljava/util/HashMap;)V @ 45
Event: 19.619 Thread 0x000000001b07a000 Uncommon trap: reason=unstable_if action=reinterpret pc=0x0000000003d6f290 method=org.eclipse.jdt.internal.core.util.Util.splitOn(CLjava/lang/String;II)[Ljava/lang/String; @ 21
Event: 19.619 Thread 0x000000001b07a000 Uncommon trap: reason=unstable_if action=reinterpret pc=0x0000000003d64740 method=org.eclipse.jdt.internal.core.util.Util.equalArrays([Ljava/lang/Object;[Ljava/lang/Object;I)Z @ 2

Classes redefined (0 events):
No events

Internal exceptions (10 events):
Event: 18.927 Thread 0x000000001ae75000 Exception <a 'sun/nio/fs/WindowsException'> (0x00000000c2def038) thrown at [C:\re\workspace\8-2-build-windows-amd64-cygwin\jdk8u171\10807\hotspot\src\share\vm\prims\jni.cpp, line 709]
Event: 18.935 Thread 0x000000001ae75000 Exception <a 'sun/nio/fs/WindowsException'> (0x00000000c2dff310) thrown at [C:\re\workspace\8-2-build-windows-amd64-cygwin\jdk8u171\10807\hotspot\src\share\vm\prims\jni.cpp, line 709]
Event: 18.935 Thread 0x000000001ae75000 Exception <a 'sun/nio/fs/WindowsException'> (0x00000000c2c00f38) thrown at [C:\re\workspace\8-2-build-windows-amd64-cygwin\jdk8u171\10807\hotspot\src\share\vm\prims\jni.cpp, line 709]
Event: 18.965 Thread 0x000000001b07a000 Exception <a 'sun/nio/fs/WindowsException'> (0x00000000c2cae958) thrown at [C:\re\workspace\8-2-build-windows-amd64-cygwin\jdk8u171\10807\hotspot\src\share\vm\prims\jni.cpp, line 709]
Event: 18.986 Thread 0x000000001b07a000 Exception <a 'sun/nio/fs/WindowsException'> (0x00000000c2b22f20) thrown at [C:\re\workspace\8-2-build-windows-amd64-cygwin\jdk8u171\10807\hotspot\src\share\vm\prims\jni.cpp, line 709]
Event: 18.998 Thread 0x000000001b07a000 Exception <a 'java/io/FileNotFoundException'> (0x00000000c2b54c28) thrown at [C:\re\workspace\8-2-build-windows-amd64-cygwin\jdk8u171\10807\hotspot\src\share\vm\prims\jni.cpp, line 709]
Event: 19.015 Thread 0x000000001b07a000 Exception <a 'java/io/FileNotFoundException'> (0x00000000c2b8b738) thrown at [C:\re\workspace\8-2-build-windows-amd64-cygwin\jdk8u171\10807\hotspot\src\share\vm\prims\jni.cpp, line 709]
Event: 19.022 Thread 0x000000001b07a000 Exception <a 'java/io/FileNotFoundException'> (0x00000000c2bc5e48) thrown at [C:\re\workspace\8-2-build-windows-amd64-cygwin\jdk8u171\10807\hotspot\src\share\vm\prims\jni.cpp, line 709]
Event: 19.064 Thread 0x000000001b07a000 Exception <a 'sun/nio/fs/WindowsException'> (0x00000000c2acc680) thrown at [C:\re\workspace\8-2-build-windows-amd64-cygwin\jdk8u171\10807\hotspot\src\share\vm\prims\jni.cpp, line 709]
Event: 19.087 Thread 0x000000001b07a000 Exception <a 'sun/nio/fs/WindowsException'> (0x00000000c297cce0) thrown at [C:\re\workspace\8-2-build-windows-amd64-cygwin\jdk8u171\10807\hotspot\src\share\vm\prims\jni.cpp, line 709]

Events (10 events):
Event: 19.650 Thread 0x000000001b07a000 DEOPT PACKING pc=0x0000000003d62f53 sp=0x000000001d5fe9e0
Event: 19.650 Thread 0x000000001b07a000 DEOPT UNPACKING pc=0x0000000002f97890 sp=0x000000001d5fe720 mode 0
Event: 19.652 Thread 0x000000001b07a000 DEOPT PACKING pc=0x0000000003d62f9e sp=0x000000001d5fe9e0
Event: 19.652 Thread 0x000000001b07a000 DEOPT UNPACKING pc=0x0000000002f97890 sp=0x000000001d5fe720 mode 0
Event: 19.662 Thread 0x000000001b07a000 DEOPT PACKING pc=0x0000000003d62f53 sp=0x000000001d5fe9e0
Event: 19.662 Thread 0x000000001b07a000 DEOPT UNPACKING pc=0x0000000002f97890 sp=0x000000001d5fe720 mode 0
Event: 19.664 Thread 0x000000001b07a000 DEOPT PACKING pc=0x0000000003d62f9e sp=0x000000001d5fe9e0
Event: 19.664 Thread 0x000000001b07a000 DEOPT UNPACKING pc=0x0000000002f97890 sp=0x000000001d5fe720 mode 0
Event: 19.668 Thread 0x000000001b07a000 DEOPT PACKING pc=0x0000000003d62f53 sp=0x000000001d5fe9e0
Event: 19.668 Thread 0x000000001b07a000 DEOPT UNPACKING pc=0x0000000002f97890 sp=0x000000001d5fe720 mode 0


Dynamic libraries:
0x00007ff725010000 - 0x00007ff725047000 	C:\Program Files\Java\jdk1.8.0_171\bin\java.exe
0x00007ff933b60000 - 0x00007ff933d4d000 	C:\WINDOWS\SYSTEM32\ntdll.dll
0x00007ff932220000 - 0x00007ff9322d3000 	C:\WINDOWS\System32\KERNEL32.DLL
0x00007ff930100000 - 0x00007ff930393000 	C:\WINDOWS\System32\KERNELBASE.dll
0x00007ff930d90000 - 0x00007ff930e33000 	C:\WINDOWS\System32\ADVAPI32.dll
0x00007ff9319d0000 - 0x00007ff931a6e000 	C:\WINDOWS\System32\msvcrt.dll
0x00007ff931f10000 - 0x00007ff931fae000 	C:\WINDOWS\System32\sechost.dll
0x00007ff931fc0000 - 0x00007ff9320e2000 	C:\WINDOWS\System32\RPCRT4.dll
0x00007ff931d70000 - 0x00007ff931f07000 	C:\WINDOWS\System32\USER32.dll
0x00007ff92fc50000 - 0x00007ff92fc70000 	C:\WINDOWS\System32\win32u.dll
0x00007ff9322f0000 - 0x00007ff932319000 	C:\WINDOWS\System32\GDI32.dll
0x00007ff9303a0000 - 0x00007ff93053a000 	C:\WINDOWS\System32\gdi32full.dll
0x00007ff92fe80000 - 0x00007ff92ff20000 	C:\WINDOWS\System32\msvcp_win.dll
0x00007ff930540000 - 0x00007ff93063a000 	C:\WINDOWS\System32\ucrtbase.dll
0x00007ff924040000 - 0x00007ff9242b9000 	C:\WINDOWS\WinSxS\amd64_microsoft.windows.common-controls_6595b64144ccf1df_6.0.17763.379_none_05b83be8071c94a1\COMCTL32.dll
0x00007ff931620000 - 0x00007ff93194d000 	C:\WINDOWS\System32\combase.dll
0x00007ff92fcf0000 - 0x00007ff92fd6e000 	C:\WINDOWS\System32\bcryptPrimitives.dll
0x00007ff931060000 - 0x00007ff93108e000 	C:\WINDOWS\System32\IMM32.DLL
0x000000005a180000 - 0x000000005a252000 	C:\Program Files\Java\jdk1.8.0_171\jre\bin\msvcr100.dll
0x00000000587b0000 - 0x0000000059050000 	C:\Program Files\Java\jdk1.8.0_171\jre\bin\server\jvm.dll
0x00007ff931fb0000 - 0x00007ff931fb8000 	C:\WINDOWS\System32\PSAPI.DLL
0x00007ff91dea0000 - 0x00007ff91dea9000 	C:\WINDOWS\SYSTEM32\WSOCK32.dll
0x00007ff92db40000 - 0x00007ff92db64000 	C:\WINDOWS\SYSTEM32\WINMM.dll
0x00007ff932340000 - 0x00007ff9323ad000 	C:\WINDOWS\System32\WS2_32.dll
0x00007ff91ee60000 - 0x00007ff91ee6a000 	C:\WINDOWS\SYSTEM32\VERSION.dll
0x00007ff92db10000 - 0x00007ff92db3d000 	C:\WINDOWS\SYSTEM32\WINMMBASE.dll
0x00007ff92fc70000 - 0x00007ff92fcba000 	C:\WINDOWS\System32\cfgmgr32.dll
0x000000005a170000 - 0x000000005a17f000 	C:\Program Files\Java\jdk1.8.0_171\jre\bin\verify.dll
0x000000005a140000 - 0x000000005a169000 	C:\Program Files\Java\jdk1.8.0_171\jre\bin\java.dll
0x000000005a120000 - 0x000000005a136000 	C:\Program Files\Java\jdk1.8.0_171\jre\bin\zip.dll
0x00007ff932640000 - 0x00007ff933b30000 	C:\WINDOWS\System32\SHELL32.dll
0x00007ff931090000 - 0x00007ff931138000 	C:\WINDOWS\System32\shcore.dll
0x00007ff930640000 - 0x00007ff930d8a000 	C:\WINDOWS\System32\windows.storage.dll
0x00007ff92fba0000 - 0x00007ff92fbc4000 	C:\WINDOWS\System32\profapi.dll
0x00007ff92fbd0000 - 0x00007ff92fc2d000 	C:\WINDOWS\System32\powrprof.dll
0x00007ff931d10000 - 0x00007ff931d62000 	C:\WINDOWS\System32\shlwapi.dll
0x00007ff92fb80000 - 0x00007ff92fb91000 	C:\WINDOWS\System32\kernel.appcore.dll
0x00007ff92fc30000 - 0x00007ff92fc47000 	C:\WINDOWS\System32\cryptsp.dll
0x00007ff92ef40000 - 0x00007ff92ef73000 	C:\WINDOWS\system32\rsaenh.dll
0x00007ff92fcc0000 - 0x00007ff92fce6000 	C:\WINDOWS\System32\bcrypt.dll
0x00007ff92fa60000 - 0x00007ff92fa88000 	C:\WINDOWS\SYSTEM32\USERENV.dll
0x00007ff92f550000 - 0x00007ff92f55c000 	C:\WINDOWS\SYSTEM32\CRYPTBASE.dll
0x000000005a100000 - 0x000000005a11a000 	C:\Program Files\Java\jdk1.8.0_171\jre\bin\net.dll
0x00007ff92f380000 - 0x00007ff92f3e7000 	C:\WINDOWS\system32\mswsock.dll
0x00007ff92f0e0000 - 0x00007ff92f11d000 	C:\WINDOWS\SYSTEM32\IPHLPAPI.DLL
0x00007ff9322e0000 - 0x00007ff9322e8000 	C:\WINDOWS\System32\NSI.dll
0x00007ff923940000 - 0x00007ff923956000 	C:\WINDOWS\SYSTEM32\dhcpcsvc6.DLL
0x00007ff923cf0000 - 0x00007ff923d0c000 	C:\WINDOWS\SYSTEM32\dhcpcsvc.DLL
0x00007ff92f120000 - 0x00007ff92f1e6000 	C:\WINDOWS\SYSTEM32\DNSAPI.dll
0x000000005a0e0000 - 0x000000005a0f1000 	C:\Program Files\Java\jdk1.8.0_171\jre\bin\nio.dll
0x00007ff9201b0000 - 0x00007ff9201d9000 	C:\Users\XNOTE\.vscode\extensions\redhat.java-0.43.0\server\config_win\org.eclipse.equinox.launcher\org.eclipse.equinox.launcher.win32.win32.x86_64_1.1.1000.v20190125-2016\eclipse_1801.dll
0x00007ff927550000 - 0x00007ff927561000 	C:\Users\XNOTE\.vscode\extensions\redhat.java-0.43.0\server\config_win\org.eclipse.osgi\20\0\.cp\jWinHttp-1.0.0.dll
0x00007ff9324e0000 - 0x00007ff932635000 	C:\WINDOWS\System32\ole32.dll
0x00007ff924560000 - 0x00007ff924651000 	C:\WINDOWS\SYSTEM32\WINHTTP.dll

VM Arguments:
jvm_args: -Declipse.application=org.eclipse.jdt.ls.core.id1 -Dosgi.bundles.defaultStartLevel=4 -Declipse.product=org.eclipse.jdt.ls.core.product -Dfile.encoding=utf8 -DwatchParentProcess=false -Xverify:none -Xmx1G -XX:+UseG1GC -XX:+UseStringDeduplication 
java_command: C:\Users\XNOTE\.vscode\extensions\redhat.java-0.43.0\server\plugins\org.eclipse.equinox.launcher_1.5.300.v20190213-1655.jar -configuration C:\Users\XNOTE\.vscode\extensions\redhat.java-0.43.0\server\config_win -data c:\Users\XNOTE\AppData\Roaming\Code\User\workspaceStorage\0bdfaac4224be0d618bdcf963b857abf\redhat.java\jdt_ws
java_class_path (initial): C:\Users\XNOTE\.vscode\extensions\redhat.java-0.43.0\server\plugins\org.eclipse.equinox.launcher_1.5.300.v20190213-1655.jar
Launcher Type: SUN_STANDARD

Environment Variables:
PATH=C:\Program Files (x86)\Common Files\Oracle\Java\javapath;C:\ProgramData\Oracle\Java\javapath;C:\python27;C:\WINDOWS\system32;C:\WINDOWS;C:\WINDOWS\System32\Wbem;C:\WINDOWS\System32\WindowsPowerShell\v1.0\;C:\Program Files (x86)\Windows Live\Shared;C:\WINDOWS\System32\OpenSSH\;C:\Program Files\PuTTY\;C:\Program Files\Microsoft VS Code\bin;C:\Program Files\Git\cmd;C:\Program Files\Java\jdk1.8.0_171\bin;%USERPROFILE%\AppData\Local\Microsoft\WindowsApps;
USERNAME=¹Î¿ì
OS=Windows_NT
PROCESSOR_IDENTIFIER=Intel64 Family 6 Model 58 Stepping 9, GenuineIntel



---------------  S Y S T E M  ---------------

OS: Windows 10.0 , 64 bit Build 17763 (10.0.17763.379)

CPU:total 4 (initial active 4) (2 cores per cpu, 2 threads per core) family 6 model 58 stepping 9, cmov, cx8, fxsr, mmx, sse, sse2, sse3, ssse3, sse4.1, sse4.2, popcnt, avx, clmul, erms, ht, tsc, tscinvbit, tscinv

Memory: 4k page, physical 4024712k(840296k free), swap 5445000k(5492k free)

vm_info: Java HotSpot(TM) 64-Bit Server VM (25.171-b11) for windows-amd64 JRE (1.8.0_171-b11), built on Mar 28 2018 16:06:12 by "java_re" with MS VC++ 10.0 (VS2010)

time: Thu May 02 03:53:32 2019
elapsed time: 19 seconds (0d 0h 0m 19s)

