#
# There is insufficient memory for the Java Runtime Environment to continue.
# Native memory allocation (malloc) failed to allocate 1181952 bytes for Chunk::new
# Possible reasons:
#   The system is out of physical RAM or swap space
#   In 32 bit mode, the process size limit was hit
# Possible solutions:
#   Reduce memory load on the system
#   Increase physical memory or swap space
#   Check if swap backing store is full
#   Use 64 bit Java on a 64 bit OS
#   Decrease Java heap size (-Xmx/-Xms)
#   Decrease number of Java threads
#   Decrease Java thread stack sizes (-Xss)
#   Set larger code cache with -XX:ReservedCodeCacheSize=
# This output file may be truncated or incomplete.
#
#  Out of Memory Error (allocation.cpp:390), pid=12172, tid=0x0000000000001a74
#
# JRE version: Java(TM) SE Runtime Environment (8.0_171-b11) (build 1.8.0_171-b11)
# Java VM: Java HotSpot(TM) 64-Bit Server VM (25.171-b11 mixed mode windows-amd64 compressed oops)
# Failed to write core dump. Minidumps are not enabled by default on client versions of Windows
#

---------------  T H R E A D  ---------------

Current thread (0x0000000018c2e000):  JavaThread "C2 CompilerThread0" daemon [_thread_in_native, id=6772, stack(0x0000000019400000,0x0000000019500000)]

Stack: [0x0000000019400000,0x0000000019500000]
[error occurred during error reporting (printing stack bounds), id 0xc0000005]

Native frames: (J=compiled Java code, j=interpreted, Vv=VM code, C=native code)


Current CompileTask:
C2: 116027 10502       4       org.eclipse.jdt.internal.compiler.lookup.BinaryTypeBinding::getExactMethod (269 bytes)


---------------  P R O C E S S  ---------------

Java Threads: ( => current thread )
  0x000000001a5af000 JavaThread "ForkJoinPool.commonPool-worker-0" daemon [_thread_blocked, id=9708, stack(0x0000000025190000,0x0000000025290000)]
  0x000000001a5ad800 JavaThread "Worker-6" [_thread_blocked, id=7248, stack(0x0000000023070000,0x0000000023170000)]
  0x000000001a5b0800 JavaThread "ForkJoinPool.commonPool-worker-2" daemon [_thread_blocked, id=18384, stack(0x0000000022d70000,0x0000000022e70000)]
  0x000000001a5b2000 JavaThread "ForkJoinPool.commonPool-worker-1" daemon [_thread_blocked, id=12316, stack(0x0000000022c70000,0x0000000022d70000)]
  0x000000001a5ac000 JavaThread "Worker-5" [_thread_blocked, id=6784, stack(0x0000000021040000,0x0000000021140000)]
  0x000000001a5ab000 JavaThread "Worker-4" [_thread_blocked, id=7628, stack(0x0000000020940000,0x0000000020a40000)]
  0x000000001a6b9800 JavaThread "Worker-3" [_thread_blocked, id=5376, stack(0x00000000201a0000,0x00000000202a0000)]
  0x000000001c32a800 JavaThread "pool-1-thread-1" [_thread_in_native, id=11560, stack(0x000000001edf0000,0x000000001eef0000)]
  0x000000001ac45000 JavaThread "Bundle File Closer" daemon [_thread_blocked, id=7620, stack(0x000000001d520000,0x000000001d620000)]
  0x000000001a836000 JavaThread "Worker-2" [_thread_blocked, id=12700, stack(0x000000001d420000,0x000000001d520000)]
  0x000000001a690800 JavaThread "Java indexing" daemon [_thread_blocked, id=17628, stack(0x000000001d320000,0x000000001d420000)]
  0x000000001be04800 JavaThread "Worker-1" [_thread_blocked, id=17192, stack(0x000000001d020000,0x000000001d120000)]
  0x000000001a5e3800 JavaThread "Worker-0" [_thread_blocked, id=18388, stack(0x000000001cf20000,0x000000001d020000)]
  0x0000000019a3b000 JavaThread "Worker-JM" [_thread_blocked, id=2648, stack(0x000000001b3d0000,0x000000001b4d0000)]
  0x000000001a08d000 JavaThread "Start Level: Equinox Container: 9a1fb602-8984-445a-81ee-80a51a6712c9" daemon [_thread_blocked, id=17692, stack(0x000000001b2d0000,0x000000001b3d0000)]
  0x000000001a118000 JavaThread "Framework Event Dispatcher: Equinox Container: 9a1fb602-8984-445a-81ee-80a51a6712c9" daemon [_thread_blocked, id=16144, stack(0x000000001b1d0000,0x000000001b2d0000)]
  0x0000000019e7c000 JavaThread "Active Thread: Equinox Container: 9a1fb602-8984-445a-81ee-80a51a6712c9" [_thread_blocked, id=12052, stack(0x000000001b0d0000,0x000000001b1d0000)]
  0x0000000018cc2800 JavaThread "Service Thread" daemon [_thread_blocked, id=7332, stack(0x0000000019700000,0x0000000019800000)]
  0x0000000018c32000 JavaThread "C1 CompilerThread2" daemon [_thread_blocked, id=17272, stack(0x0000000019600000,0x0000000019700000)]
  0x0000000018c2f000 JavaThread "C2 CompilerThread1" daemon [_thread_blocked, id=5128, stack(0x0000000019500000,0x0000000019600000)]
=>0x0000000018c2e000 JavaThread "C2 CompilerThread0" daemon [_thread_in_native, id=6772, stack(0x0000000019400000,0x0000000019500000)]
  0x0000000018c2c000 JavaThread "Attach Listener" daemon [_thread_blocked, id=1768, stack(0x0000000019300000,0x0000000019400000)]
  0x0000000018c15800 JavaThread "Signal Dispatcher" daemon [_thread_blocked, id=13412, stack(0x0000000019200000,0x0000000019300000)]
  0x0000000018c14800 JavaThread "Surrogate Locker Thread (Concurrent GC)" daemon [_thread_blocked, id=4588, stack(0x0000000019100000,0x0000000019200000)]
  0x0000000018b8c800 JavaThread "Finalizer" daemon [_thread_blocked, id=15708, stack(0x0000000019000000,0x0000000019100000)]
  0x0000000018b84800 JavaThread "Reference Handler" daemon [_thread_blocked, id=5016, stack(0x0000000018f00000,0x0000000019000000)]
  0x0000000002dce000 JavaThread "main" [_thread_blocked, id=9240, stack(0x0000000002c20000,0x0000000002d20000)]

Other Threads:
  0x0000000018b81000 VMThread [stack: 0x0000000018920000,0x0000000018a20000] [id=7224]
  0x0000000018cca800 WatcherThread [stack: 0x0000000019800000,0x0000000019900000] [id=13076]

VM state:not at safepoint (normal execution)

VM Mutex/Monitor currently owned by a thread: None

Heap:
 garbage-first heap   total 63488K, used 45758K [0x00000000c0000000, 0x00000000c01001f0, 0x0000000100000000)
  region size 1024K, 13 young (13312K), 1 survivors (1024K)
 Metaspace       used 52581K, capacity 55316K, committed 55552K, reserved 1099776K
  class space    used 5198K, capacity 6079K, committed 6144K, reserved 1048576K

Heap Regions: (Y=young(eden), SU=young(survivor), HS=humongous(starts), HC=humongous(continues), CS=collection set, F=free, TS=gc time stamp, PTAMS=previous top-at-mark-start, NTAMS=next top-at-mark-start)
AC   0  O    TS     0 PTAMS 0x00000000c0100000 NTAMS 0x00000000c0100000 space 1024K, 100% used [0x00000000c0000000, 0x00000000c0100000)
AC   0  O    TS     0 PTAMS 0x00000000c0200000 NTAMS 0x00000000c0200000 space 1024K, 100% used [0x00000000c0100000, 0x00000000c0200000)
AC   0  O    TS     0 PTAMS 0x00000000c0300000 NTAMS 0x00000000c0300000 space 1024K, 100% used [0x00000000c0200000, 0x00000000c0300000)
AC   0  O    TS     0 PTAMS 0x00000000c0400000 NTAMS 0x00000000c0400000 space 1024K, 100% used [0x00000000c0300000, 0x00000000c0400000)
AC   0  O    TS     0 PTAMS 0x00000000c0500000 NTAMS 0x00000000c0500000 space 1024K, 100% used [0x00000000c0400000, 0x00000000c0500000)
AC   0  O    TS     0 PTAMS 0x00000000c0600000 NTAMS 0x00000000c0600000 space 1024K, 100% used [0x00000000c0500000, 0x00000000c0600000)
AC   0  O    TS     0 PTAMS 0x00000000c0700000 NTAMS 0x00000000c0700000 space 1024K, 100% used [0x00000000c0600000, 0x00000000c0700000)
AC   0  O    TS     0 PTAMS 0x00000000c0800000 NTAMS 0x00000000c0800000 space 1024K, 100% used [0x00000000c0700000, 0x00000000c0800000)
AC   0  O    TS     0 PTAMS 0x00000000c0900000 NTAMS 0x00000000c0900000 space 1024K, 100% used [0x00000000c0800000, 0x00000000c0900000)
AC   0  O    TS     0 PTAMS 0x00000000c0a00000 NTAMS 0x00000000c0a00000 space 1024K, 100% used [0x00000000c0900000, 0x00000000c0a00000)
AC   0  O    TS     0 PTAMS 0x00000000c0b00000 NTAMS 0x00000000c0b00000 space 1024K, 100% used [0x00000000c0a00000, 0x00000000c0b00000)
AC   0  O    TS     0 PTAMS 0x00000000c0c00000 NTAMS 0x00000000c0c00000 space 1024K, 100% used [0x00000000c0b00000, 0x00000000c0c00000)
AC   0  O    TS     0 PTAMS 0x00000000c0d00000 NTAMS 0x00000000c0d00000 space 1024K, 100% used [0x00000000c0c00000, 0x00000000c0d00000)
AC   0  O    TS     3 PTAMS 0x00000000c0d00000 NTAMS 0x00000000c0d00000 space 1024K, 100% used [0x00000000c0d00000, 0x00000000c0e00000)
AC   0  O    TS     0 PTAMS 0x00000000c0f00000 NTAMS 0x00000000c0f00000 space 1024K, 100% used [0x00000000c0e00000, 0x00000000c0f00000)
AC   0  O    TS     0 PTAMS 0x00000000c1000000 NTAMS 0x00000000c1000000 space 1024K, 100% used [0x00000000c0f00000, 0x00000000c1000000)
AC   0  O    TS     0 PTAMS 0x00000000c1100000 NTAMS 0x00000000c1100000 space 1024K, 100% used [0x00000000c1000000, 0x00000000c1100000)
AC   0  O    TS     3 PTAMS 0x00000000c1100000 NTAMS 0x00000000c1100000 space 1024K, 100% used [0x00000000c1100000, 0x00000000c1200000)
AC   0  O    TS     0 PTAMS 0x00000000c1300000 NTAMS 0x00000000c1300000 space 1024K, 100% used [0x00000000c1200000, 0x00000000c1300000)
AC   0  O    TS     0 PTAMS 0x00000000c1400000 NTAMS 0x00000000c1400000 space 1024K, 100% used [0x00000000c1300000, 0x00000000c1400000)
AC   0  O    TS     0 PTAMS 0x00000000c1500000 NTAMS 0x00000000c1500000 space 1024K, 100% used [0x00000000c1400000, 0x00000000c1500000)
AC   0  O    TS     0 PTAMS 0x00000000c1600000 NTAMS 0x00000000c1600000 space 1024K, 100% used [0x00000000c1500000, 0x00000000c1600000)
AC   0  O    TS     0 PTAMS 0x00000000c1700000 NTAMS 0x00000000c1700000 space 1024K, 100% used [0x00000000c1600000, 0x00000000c1700000)
AC   0  F    TS     0 PTAMS 0x00000000c1700000 NTAMS 0x00000000c1700000 space 1024K,   0% used [0x00000000c1700000, 0x00000000c1800000)
AC   0  O    TS     0 PTAMS 0x00000000c1900000 NTAMS 0x00000000c1900000 space 1024K, 100% used [0x00000000c1800000, 0x00000000c1900000)
AC   0  F    TS     0 PTAMS 0x00000000c1900000 NTAMS 0x00000000c1900000 space 1024K,   0% used [0x00000000c1900000, 0x00000000c1a00000)
AC   0  O    TS     0 PTAMS 0x00000000c1b00000 NTAMS 0x00000000c1b00000 space 1024K, 100% used [0x00000000c1a00000, 0x00000000c1b00000)
AC   0  F    TS     0 PTAMS 0x00000000c1b00000 NTAMS 0x00000000c1b00000 space 1024K,   0% used [0x00000000c1b00000, 0x00000000c1c00000)
AC   0  O    TS     0 PTAMS 0x00000000c1d00000 NTAMS 0x00000000c1d00000 space 1024K, 100% used [0x00000000c1c00000, 0x00000000c1d00000)
AC   0  F    TS     0 PTAMS 0x00000000c1d00000 NTAMS 0x00000000c1d00000 space 1024K,   0% used [0x00000000c1d00000, 0x00000000c1e00000)
AC   0  O    TS     0 PTAMS 0x00000000c1f00000 NTAMS 0x00000000c1f00000 space 1024K, 100% used [0x00000000c1e00000, 0x00000000c1f00000)
AC   0  O    TS     0 PTAMS 0x00000000c2000000 NTAMS 0x00000000c2000000 space 1024K, 100% used [0x00000000c1f00000, 0x00000000c2000000)
AC   0  F    TS     0 PTAMS 0x00000000c2000000 NTAMS 0x00000000c2000000 space 1024K,   0% used [0x00000000c2000000, 0x00000000c2100000)
AC   0  F    TS     0 PTAMS 0x00000000c2100000 NTAMS 0x00000000c2100000 space 1024K,   0% used [0x00000000c2100000, 0x00000000c2200000)
AC   0  F    TS     0 PTAMS 0x00000000c2200000 NTAMS 0x00000000c2200000 space 1024K,   0% used [0x00000000c2200000, 0x00000000c2300000)
AC   0 HS    TS     0 PTAMS 0x00000000c2380010 NTAMS 0x00000000c2380010 space 1024K,  50% used [0x00000000c2300000, 0x00000000c2400000)
AC   0  O    TS     3 PTAMS 0x00000000c2400000 NTAMS 0x00000000c2400000 space 1024K, 100% used [0x00000000c2400000, 0x00000000c2500000)
AC   0  O    TS     0 PTAMS 0x00000000c2600000 NTAMS 0x00000000c2600000 space 1024K, 100% used [0x00000000c2500000, 0x00000000c2600000)
AC   0  O    TS     0 PTAMS 0x00000000c2700000 NTAMS 0x00000000c2700000 space 1024K, 100% used [0x00000000c2600000, 0x00000000c2700000)
AC   0  O    TS     3 PTAMS 0x00000000c2700000 NTAMS 0x00000000c2700000 space 1024K, 100% used [0x00000000c2700000, 0x00000000c2800000)
AC   0  O    TS     5 PTAMS 0x00000000c2800000 NTAMS 0x00000000c2800000 space 1024K,  34% used [0x00000000c2800000, 0x00000000c2900000)
AC   0  F    TS     0 PTAMS 0x00000000c2900000 NTAMS 0x00000000c2900000 space 1024K,   0% used [0x00000000c2900000, 0x00000000c2a00000)
AC   0  S CS TS     5 PTAMS 0x00000000c2a00000 NTAMS 0x00000000c2a00000 space 1024K,  83% used [0x00000000c2a00000, 0x00000000c2b00000)
AC   0  F    TS     1 PTAMS 0x00000000c2b00000 NTAMS 0x00000000c2b00000 space 1024K,   0% used [0x00000000c2b00000, 0x00000000c2c00000)
AC   0  F    TS     1 PTAMS 0x00000000c2c00000 NTAMS 0x00000000c2c00000 space 1024K,   0% used [0x00000000c2c00000, 0x00000000c2d00000)
AC   0  F    TS     0 PTAMS 0x00000000c2d00000 NTAMS 0x00000000c2d00000 space 1024K,   0% used [0x00000000c2d00000, 0x00000000c2e00000)
AC   0  F    TS     0 PTAMS 0x00000000c2e00000 NTAMS 0x00000000c2e00000 space 1024K,   0% used [0x00000000c2e00000, 0x00000000c2f00000)
AC   0  F    TS     0 PTAMS 0x00000000c2f00000 NTAMS 0x00000000c2f00000 space 1024K,   0% used [0x00000000c2f00000, 0x00000000c3000000)
AC   0  F    TS     0 PTAMS 0x00000000c3000000 NTAMS 0x00000000c3000000 space 1024K,   0% used [0x00000000c3000000, 0x00000000c3100000)
AC   0  F    TS     0 PTAMS 0x00000000c3100000 NTAMS 0x00000000c3100000 space 1024K,   0% used [0x00000000c3100000, 0x00000000c3200000)
AC   0  E    TS     0 PTAMS 0x00000000c3200000 NTAMS 0x00000000c3200000 space 1024K,   3% used [0x00000000c3200000, 0x00000000c3300000)
AC   0  E CS TS     0 PTAMS 0x00000000c3300000 NTAMS 0x00000000c3300000 space 1024K, 100% used [0x00000000c3300000, 0x00000000c3400000)
AC   0  E CS TS     0 PTAMS 0x00000000c3400000 NTAMS 0x00000000c3400000 space 1024K, 100% used [0x00000000c3400000, 0x00000000c3500000)
AC   0  E CS TS     0 PTAMS 0x00000000c3500000 NTAMS 0x00000000c3500000 space 1024K, 100% used [0x00000000c3500000, 0x00000000c3600000)
AC   0  E CS TS     0 PTAMS 0x00000000c3600000 NTAMS 0x00000000c3600000 space 1024K, 100% used [0x00000000c3600000, 0x00000000c3700000)
AC   0  E CS TS     0 PTAMS 0x00000000c3700000 NTAMS 0x00000000c3700000 space 1024K, 100% used [0x00000000c3700000, 0x00000000c3800000)
AC   0  E CS TS     0 PTAMS 0x00000000c3800000 NTAMS 0x00000000c3800000 space 1024K, 100% used [0x00000000c3800000, 0x00000000c3900000)
AC   0  E CS TS     0 PTAMS 0x00000000c3900000 NTAMS 0x00000000c3900000 space 1024K, 100% used [0x00000000c3900000, 0x00000000c3a00000)
AC   0  E CS TS     0 PTAMS 0x00000000c3a00000 NTAMS 0x00000000c3a00000 space 1024K, 100% used [0x00000000c3a00000, 0x00000000c3b00000)
AC   0  E CS TS     0 PTAMS 0x00000000c3b00000 NTAMS 0x00000000c3b00000 space 1024K, 100% used [0x00000000c3b00000, 0x00000000c3c00000)
AC   0  E CS TS     3 PTAMS 0x00000000c3c00000 NTAMS 0x00000000c3c00000 space 1024K, 100% used [0x00000000c3c00000, 0x00000000c3d00000)
AC   0  E CS TS     0 PTAMS 0x00000000c3d00000 NTAMS 0x00000000c3d00000 space 1024K, 100% used [0x00000000c3d00000, 0x00000000c3e00000)

Card table byte_map: [0x00000000133d0000,0x00000000135d0000] byte_map_base: 0x0000000012dd0000

Marking Bits (Prev, Next): (CMBitMap*) 0x0000000002e0aaf8, (CMBitMap*) 0x0000000002e0ab50
 Prev Bits: [0x00000000137d0000, 0x00000000147d0000)
 Next Bits: [0x00000000147d0000, 0x00000000157d0000)

Polling page: 0x0000000000ad0000

CodeCache: size=245760Kb used=32584Kb max_used=32584Kb free=213176Kb
 bounds [0x0000000002ed0000, 0x0000000004ee0000, 0x0000000011ed0000]
 total_blobs=8991 nmethods=8402 adapters=496
 compilation: enabled

Compilation events (10 events):
Event: 115.955 Thread 0x0000000018c32000 10511       3       org.eclipse.jdt.core.dom.ASTConverter::convertToVariableDeclarationFragment (286 bytes)
Event: 115.961 Thread 0x0000000018c32000 nmethod 10511 0x0000000004ecc590 code [0x0000000004ecc960, 0x0000000004ecf308]
Event: 115.961 Thread 0x0000000018c32000 10512       3       org.eclipse.jdt.internal.compiler.lookup.FieldBinding::computeUniqueKey (155 bytes)
Event: 115.961 Thread 0x0000000018c32000 nmethod 10512 0x0000000004eb9d50 code [0x0000000004eb9f20, 0x0000000004eba6e8]
Event: 115.961 Thread 0x0000000018c32000 10513       3       org.eclipse.jdt.core.dom.ASTConverter::checkAndAddMultipleFieldDeclaration (172 bytes)
Event: 115.963 Thread 0x0000000018c32000 nmethod 10513 0x0000000003c80690 code [0x0000000003c809e0, 0x0000000003c82438]
Event: 115.963 Thread 0x0000000018c32000 10514       3       org.eclipse.jdt.core.dom.MethodInvocation::setName (41 bytes)
Event: 115.963 Thread 0x0000000018c32000 nmethod 10514 0x0000000003c7ffd0 code [0x0000000003c80160, 0x0000000003c80568]
Event: 115.963 Thread 0x0000000018c32000 10515       3       org.eclipse.jdt.core.dom.DefaultASTVisitor::endVisit (6 bytes)
Event: 115.963 Thread 0x0000000018c32000 nmethod 10515 0x0000000004169a50 code [0x0000000004169bc0, 0x0000000004169dc8]

GC Heap History (10 events):
Event: 111.916 GC heap before
{Heap before GC invocations=91 (full 0):
 garbage-first heap   total 63488K, used 53171K [0x00000000c0000000, 0x00000000c01001f0, 0x0000000100000000)
  region size 1024K, 17 young (17408K), 1 survivors (1024K)
 Metaspace       used 52522K, capacity 55316K, committed 55552K, reserved 1099776K
  class space    used 5198K, capacity 6079K, committed 6144K, reserved 1048576K
Event: 111.921 GC heap after
Heap after GC invocations=92 (full 0):
 garbage-first heap   total 63488K, used 36516K [0x00000000c0000000, 0x00000000c01001f0, 0x0000000100000000)
  region size 1024K, 1 young (1024K), 1 survivors (1024K)
 Metaspace       used 52522K, capacity 55316K, committed 55552K, reserved 1099776K
  class space    used 5198K, capacity 6079K, committed 6144K, reserved 1048576K
}
Event: 112.763 GC heap before
{Heap before GC invocations=92 (full 0):
 garbage-first heap   total 63488K, used 52900K [0x00000000c0000000, 0x00000000c01001f0, 0x0000000100000000)
  region size 1024K, 17 young (17408K), 1 survivors (1024K)
 Metaspace       used 52539K, capacity 55316K, committed 55552K, reserved 1099776K
  class space    used 5198K, capacity 6079K, committed 6144K, reserved 1048576K
Event: 112.767 GC heap after
Heap after GC invocations=93 (full 0):
 garbage-first heap   total 63488K, used 37339K [0x00000000c0000000, 0x00000000c01001f0, 0x0000000100000000)
  region size 1024K, 1 young (1024K), 1 survivors (1024K)
 Metaspace       used 52539K, capacity 55316K, committed 55552K, reserved 1099776K
  class space    used 5198K, capacity 6079K, committed 6144K, reserved 1048576K
}
Event: 114.599 GC heap before
{Heap before GC invocations=94 (full 0):
 garbage-first heap   total 63488K, used 53723K [0x00000000c0000000, 0x00000000c01001f0, 0x0000000100000000)
  region size 1024K, 17 young (17408K), 1 survivors (1024K)
 Metaspace       used 52556K, capacity 55316K, committed 55552K, reserved 1099776K
  class space    used 5198K, capacity 6079K, committed 6144K, reserved 1048576K
Event: 114.604 GC heap after
Heap after GC invocations=95 (full 0):
 garbage-first heap   total 63488K, used 37828K [0x00000000c0000000, 0x00000000c01001f0, 0x0000000100000000)
  region size 1024K, 2 young (2048K), 2 survivors (2048K)
 Metaspace       used 52556K, capacity 55316K, committed 55552K, reserved 1099776K
  class space    used 5198K, capacity 6079K, committed 6144K, reserved 1048576K
}
Event: 114.611 GC heap before
{Heap before GC invocations=95 (full 0):
 garbage-first heap   total 63488K, used 38852K [0x00000000c0000000, 0x00000000c01001f0, 0x0000000100000000)
  region size 1024K, 3 young (3072K), 2 survivors (2048K)
 Metaspace       used 52561K, capacity 55316K, committed 55552K, reserved 1099776K
  class space    used 5198K, capacity 6079K, committed 6144K, reserved 1048576K
Event: 114.619 GC heap after
Heap after GC invocations=96 (full 0):
 garbage-first heap   total 63488K, used 34223K [0x00000000c0000000, 0x00000000c01001f0, 0x0000000100000000)
  region size 1024K, 1 young (1024K), 1 survivors (1024K)
 Metaspace       used 52561K, capacity 55316K, committed 55552K, reserved 1099776K
  class space    used 5198K, capacity 6079K, committed 6144K, reserved 1048576K
}
Event: 115.643 GC heap before
{Heap before GC invocations=96 (full 0):
 garbage-first heap   total 63488K, used 52655K [0x00000000c0000000, 0x00000000c01001f0, 0x0000000100000000)
  region size 1024K, 19 young (19456K), 1 survivors (1024K)
 Metaspace       used 52571K, capacity 55316K, committed 55552K, reserved 1099776K
  class space    used 5198K, capacity 6079K, committed 6144K, reserved 1048576K
Event: 115.648 GC heap after
Heap after GC invocations=97 (full 0):
 garbage-first heap   total 63488K, used 34494K [0x00000000c0000000, 0x00000000c01001f0, 0x0000000100000000)
  region size 1024K, 1 young (1024K), 1 survivors (1024K)
 Metaspace       used 52571K, capacity 55316K, committed 55552K, reserved 1099776K
  class space    used 5198K, capacity 6079K, committed 6144K, reserved 1048576K
}

Deoptimization events (10 events):
Event: 103.665 Thread 0x000000001a5b2000 Uncommon trap: reason=unstable_if action=reinterpret pc=0x0000000004727004 method=org.eclipse.jdt.core.compiler.CharOperation.concatWith([[CC)[C @ 12
Event: 103.796 Thread 0x000000001a5b2000 Uncommon trap: reason=unstable_if action=reinterpret pc=0x0000000004e491e0 method=org.eclipse.jdt.internal.compiler.util.HashtableOfObject.putUnsafely([CLjava/lang/Object;)V @ 70
Event: 103.818 Thread 0x000000001a5b2000 Uncommon trap: reason=unstable_if action=reinterpret pc=0x0000000004e5c7b0 method=org.eclipse.jdt.internal.core.index.DiskIndex.readStreamChars(Ljava/io/InputStream;)[C @ 102
Event: 103.830 Thread 0x000000001a5b2000 Uncommon trap: reason=unstable_if action=reinterpret pc=0x00000000031cc3f4 method=org.eclipse.jdt.internal.compiler.SourceElementParser.checkComment()V @ 142
Event: 103.830 Thread 0x000000001a5b2000 Uncommon trap: reason=unstable_if action=reinterpret pc=0x0000000004e398fc method=org.eclipse.jdt.internal.compiler.parser.Parser.consumeFieldDeclaration()V @ 74
Event: 103.836 Thread 0x000000001a5b2000 Uncommon trap: reason=unstable_if action=reinterpret pc=0x00000000047fe12c method=org.eclipse.jdt.internal.compiler.parser.Scanner.jumpOverMethodBody()V @ 1574
Event: 103.836 Thread 0x000000001a5b2000 Uncommon trap: reason=unstable_if action=reinterpret pc=0x000000000347b0b8 method=org.eclipse.jdt.internal.compiler.parser.Scanner.getNextChar(C)Z @ 46
Event: 103.837 Thread 0x000000001a5b2000 Uncommon trap: reason=unstable_if action=reinterpret pc=0x00000000048040b4 method=org.eclipse.jdt.internal.compiler.parser.Scanner.getNextToken0()I @ 716
Event: 103.837 Thread 0x000000001a5b2000 Uncommon trap: reason=unstable_if action=reinterpret pc=0x00000000044d43ec method=org.eclipse.jdt.internal.compiler.parser.Scanner.getNextToken()I @ 121
Event: 103.869 Thread 0x000000001a5b2000 Uncommon trap: reason=unstable_if action=reinterpret pc=0x0000000004938988 method=java.net.URI.decode(Ljava/lang/String;)Ljava/lang/String; @ 262

Classes redefined (0 events):
No events

Internal exceptions (10 events):
Event: 104.424 Thread 0x000000001a5b2000 Exception <a 'java/lang/ArrayIndexOutOfBoundsException'> (0x00000000c37373e8) thrown at [C:\re\workspace\8-2-build-windows-amd64-cygwin\jdk8u171\10807\hotspot\src\share\vm\runtime\sharedRuntime.cpp, line 605]
Event: 104.424 Thread 0x000000001a5b2000 Exception <a 'java/lang/ArrayIndexOutOfBoundsException'> (0x00000000c3737808) thrown at [C:\re\workspace\8-2-build-windows-amd64-cygwin\jdk8u171\10807\hotspot\src\share\vm\runtime\sharedRuntime.cpp, line 605]
Event: 104.427 Thread 0x000000001a5b2000 Exception <a 'java/lang/ArrayIndexOutOfBoundsException'> (0x00000000c3791b28) thrown at [C:\re\workspace\8-2-build-windows-amd64-cygwin\jdk8u171\10807\hotspot\src\share\vm\runtime\sharedRuntime.cpp, line 605]
Event: 104.427 Thread 0x000000001a5b2000 Exception <a 'java/lang/ArrayIndexOutOfBoundsException'> (0x00000000c37b6cc8) thrown at [C:\re\workspace\8-2-build-windows-amd64-cygwin\jdk8u171\10807\hotspot\src\share\vm\runtime\sharedRuntime.cpp, line 605]
Event: 104.427 Thread 0x000000001a5b2000 Exception <a 'java/lang/ArrayIndexOutOfBoundsException'> (0x00000000c37b7538) thrown at [C:\re\workspace\8-2-build-windows-amd64-cygwin\jdk8u171\10807\hotspot\src\share\vm\runtime\sharedRuntime.cpp, line 605]
Event: 104.427 Thread 0x000000001a5b2000 Exception <a 'java/lang/ArrayIndexOutOfBoundsException'> (0x00000000c37b7958) thrown at [C:\re\workspace\8-2-build-windows-amd64-cygwin\jdk8u171\10807\hotspot\src\share\vm\runtime\sharedRuntime.cpp, line 605]
Event: 104.431 Thread 0x000000001a5b2000 Exception <a 'java/lang/ArrayIndexOutOfBoundsException'> (0x00000000c3635220) thrown at [C:\re\workspace\8-2-build-windows-amd64-cygwin\jdk8u171\10807\hotspot\src\share\vm\runtime\sharedRuntime.cpp, line 605]
Event: 104.431 Thread 0x000000001a5b2000 Exception <a 'java/lang/ArrayIndexOutOfBoundsException'> (0x00000000c3635458) thrown at [C:\re\workspace\8-2-build-windows-amd64-cygwin\jdk8u171\10807\hotspot\src\share\vm\runtime\sharedRuntime.cpp, line 605]
Event: 104.431 Thread 0x000000001a5b2000 Exception <a 'java/lang/ArrayIndexOutOfBoundsException'> (0x00000000c3635690) thrown at [C:\re\workspace\8-2-build-windows-amd64-cygwin\jdk8u171\10807\hotspot\src\share\vm\runtime\sharedRuntime.cpp, line 605]
Event: 104.538 Thread 0x000000001a5b2000 Exception <a 'java/lang/ArrayIndexOutOfBoundsException'> (0x00000000c35a4780) thrown at [C:\re\workspace\8-2-build-windows-amd64-cygwin\jdk8u171\10807\hotspot\src\share\vm\runtime\sharedRuntime.cpp, line 605]

Events (10 events):
Event: 115.643 Executing VM operation: G1IncCollectionPause
Event: 115.649 Executing VM operation: G1IncCollectionPause done
Event: 115.682 Thread 0x0000000018c2e000 flushing nmethod 0x0000000003c7fe90
Event: 115.700 Thread 0x0000000018c2e000 flushing nmethod 0x0000000003fbe210
Event: 115.701 Thread 0x0000000018c2e000 flushing nmethod 0x00000000040aea50
Event: 115.714 Thread 0x0000000018c2f000 flushing nmethod 0x0000000004163ed0
Event: 115.714 Thread 0x0000000018c2f000 flushing nmethod 0x0000000004169550
Event: 115.714 Thread 0x0000000018c2f000 flushing nmethod 0x000000000416a710
Event: 115.921 Thread 0x0000000018c2f000 flushing nmethod 0x00000000046a1e50
Event: 115.938 Thread 0x0000000018c32000 flushing nmethod 0x0000000004a09d90


Dynamic libraries:
0x00007ff725010000 - 0x00007ff725047000 	C:\Program Files\Java\jdk1.8.0_171\bin\java.exe
0x00007ff933b60000 - 0x00007ff933d4d000 	C:\WINDOWS\SYSTEM32\ntdll.dll
0x00007ff932220000 - 0x00007ff9322d3000 	C:\WINDOWS\System32\KERNEL32.DLL
0x00007ff930100000 - 0x00007ff930393000 	C:\WINDOWS\System32\KERNELBASE.dll
0x00007ff930d90000 - 0x00007ff930e33000 	C:\WINDOWS\System32\ADVAPI32.dll
0x00007ff9319d0000 - 0x00007ff931a6e000 	C:\WINDOWS\System32\msvcrt.dll
0x00007ff931f10000 - 0x00007ff931fae000 	C:\WINDOWS\System32\sechost.dll
0x00007ff931fc0000 - 0x00007ff9320e2000 	C:\WINDOWS\System32\RPCRT4.dll
0x00007ff931d70000 - 0x00007ff931f07000 	C:\WINDOWS\System32\USER32.dll
0x00007ff92fc50000 - 0x00007ff92fc70000 	C:\WINDOWS\System32\win32u.dll
0x00007ff9322f0000 - 0x00007ff932319000 	C:\WINDOWS\System32\GDI32.dll
0x00007ff9303a0000 - 0x00007ff93053a000 	C:\WINDOWS\System32\gdi32full.dll
0x00007ff92fe80000 - 0x00007ff92ff20000 	C:\WINDOWS\System32\msvcp_win.dll
0x00007ff930540000 - 0x00007ff93063a000 	C:\WINDOWS\System32\ucrtbase.dll
0x00007ff924040000 - 0x00007ff9242b9000 	C:\WINDOWS\WinSxS\amd64_microsoft.windows.common-controls_6595b64144ccf1df_6.0.17763.379_none_05b83be8071c94a1\COMCTL32.dll
0x00007ff931620000 - 0x00007ff93194d000 	C:\WINDOWS\System32\combase.dll
0x00007ff92fcf0000 - 0x00007ff92fd6e000 	C:\WINDOWS\System32\bcryptPrimitives.dll
0x00007ff931060000 - 0x00007ff93108e000 	C:\WINDOWS\System32\IMM32.DLL
0x000000005a180000 - 0x000000005a252000 	C:\Program Files\Java\jdk1.8.0_171\jre\bin\msvcr100.dll
0x00000000587b0000 - 0x0000000059050000 	C:\Program Files\Java\jdk1.8.0_171\jre\bin\server\jvm.dll
0x00007ff931fb0000 - 0x00007ff931fb8000 	C:\WINDOWS\System32\PSAPI.DLL
0x00007ff91dea0000 - 0x00007ff91dea9000 	C:\WINDOWS\SYSTEM32\WSOCK32.dll
0x00007ff932340000 - 0x00007ff9323ad000 	C:\WINDOWS\System32\WS2_32.dll
0x00007ff92db40000 - 0x00007ff92db64000 	C:\WINDOWS\SYSTEM32\WINMM.dll
0x00007ff91ee60000 - 0x00007ff91ee6a000 	C:\WINDOWS\SYSTEM32\VERSION.dll
0x00007ff92db10000 - 0x00007ff92db3d000 	C:\WINDOWS\SYSTEM32\winmmbase.dll
0x00007ff92fc70000 - 0x00007ff92fcba000 	C:\WINDOWS\System32\cfgmgr32.dll
0x000000005a170000 - 0x000000005a17f000 	C:\Program Files\Java\jdk1.8.0_171\jre\bin\verify.dll
0x000000005a140000 - 0x000000005a169000 	C:\Program Files\Java\jdk1.8.0_171\jre\bin\java.dll
0x000000005a120000 - 0x000000005a136000 	C:\Program Files\Java\jdk1.8.0_171\jre\bin\zip.dll
0x00007ff932640000 - 0x00007ff933b30000 	C:\WINDOWS\System32\SHELL32.dll
0x00007ff931090000 - 0x00007ff931138000 	C:\WINDOWS\System32\shcore.dll
0x00007ff930640000 - 0x00007ff930d8a000 	C:\WINDOWS\System32\windows.storage.dll
0x00007ff92fba0000 - 0x00007ff92fbc4000 	C:\WINDOWS\System32\profapi.dll
0x00007ff92fbd0000 - 0x00007ff92fc2d000 	C:\WINDOWS\System32\powrprof.dll
0x00007ff931d10000 - 0x00007ff931d62000 	C:\WINDOWS\System32\shlwapi.dll
0x00007ff92fb80000 - 0x00007ff92fb91000 	C:\WINDOWS\System32\kernel.appcore.dll
0x00007ff92fc30000 - 0x00007ff92fc47000 	C:\WINDOWS\System32\cryptsp.dll
0x00007ff92ef40000 - 0x00007ff92ef73000 	C:\WINDOWS\system32\rsaenh.dll
0x00007ff92fcc0000 - 0x00007ff92fce6000 	C:\WINDOWS\System32\bcrypt.dll
0x00007ff92fa60000 - 0x00007ff92fa88000 	C:\WINDOWS\SYSTEM32\USERENV.dll
0x00007ff92f550000 - 0x00007ff92f55c000 	C:\WINDOWS\SYSTEM32\CRYPTBASE.dll
0x000000005a100000 - 0x000000005a11a000 	C:\Program Files\Java\jdk1.8.0_171\jre\bin\net.dll
0x00007ff92f380000 - 0x00007ff92f3e7000 	C:\WINDOWS\system32\mswsock.dll
0x00007ff92f0e0000 - 0x00007ff92f11d000 	C:\WINDOWS\SYSTEM32\IPHLPAPI.DLL
0x00007ff9322e0000 - 0x00007ff9322e8000 	C:\WINDOWS\System32\NSI.dll
0x00007ff923940000 - 0x00007ff923956000 	C:\WINDOWS\SYSTEM32\dhcpcsvc6.DLL
0x00007ff923cf0000 - 0x00007ff923d0c000 	C:\WINDOWS\SYSTEM32\dhcpcsvc.DLL
0x00007ff92f120000 - 0x00007ff92f1e6000 	C:\WINDOWS\SYSTEM32\DNSAPI.dll
0x000000005a0e0000 - 0x000000005a0f1000 	C:\Program Files\Java\jdk1.8.0_171\jre\bin\nio.dll
0x00007ff9201b0000 - 0x00007ff9201d9000 	C:\Users\XNOTE\.vscode\extensions\redhat.java-0.43.0\server\config_win\org.eclipse.equinox.launcher\org.eclipse.equinox.launcher.win32.win32.x86_64_1.1.1000.v20190125-2016\eclipse_1801.dll
0x00007ff927550000 - 0x00007ff927561000 	C:\Users\XNOTE\.vscode\extensions\redhat.java-0.43.0\server\config_win\org.eclipse.osgi\20\0\.cp\jWinHttp-1.0.0.dll
0x00007ff9324e0000 - 0x00007ff932635000 	C:\WINDOWS\System32\ole32.dll
0x00007ff924560000 - 0x00007ff924651000 	C:\WINDOWS\SYSTEM32\WINHTTP.dll

VM Arguments:
jvm_args: -Declipse.application=org.eclipse.jdt.ls.core.id1 -Dosgi.bundles.defaultStartLevel=4 -Declipse.product=org.eclipse.jdt.ls.core.product -Dfile.encoding=utf8 -DwatchParentProcess=false -Xverify:none -Xmx1G -XX:+UseG1GC -XX:+UseStringDeduplication 
java_command: C:\Users\XNOTE\.vscode\extensions\redhat.java-0.43.0\server\plugins\org.eclipse.equinox.launcher_1.5.300.v20190213-1655.jar -configuration C:\Users\XNOTE\.vscode\extensions\redhat.java-0.43.0\server\config_win -data c:\Users\XNOTE\AppData\Roaming\Code\User\workspaceStorage\0bdfaac4224be0d618bdcf963b857abf\redhat.java\jdt_ws
java_class_path (initial): C:\Users\XNOTE\.vscode\extensions\redhat.java-0.43.0\server\plugins\org.eclipse.equinox.launcher_1.5.300.v20190213-1655.jar
Launcher Type: SUN_STANDARD

Environment Variables:
PATH=C:\Program Files (x86)\Common Files\Oracle\Java\javapath;C:\ProgramData\Oracle\Java\javapath;C:\python27;C:\WINDOWS\system32;C:\WINDOWS;C:\WINDOWS\System32\Wbem;C:\WINDOWS\System32\WindowsPowerShell\v1.0\;C:\Program Files (x86)\Windows Live\Shared;C:\WINDOWS\System32\OpenSSH\;C:\Program Files\PuTTY\;C:\Program Files\Microsoft VS Code\bin;C:\Program Files\Git\cmd;C:\Program Files\Java\jdk1.8.0_171\bin;%USERPROFILE%\AppData\Local\Microsoft\WindowsApps;
USERNAME=¹Î¿ì
OS=Windows_NT
PROCESSOR_IDENTIFIER=Intel64 Family 6 Model 58 Stepping 9, GenuineIntel



---------------  S Y S T E M  ---------------

OS: Windows 10.0 , 64 bit Build 17763 (10.0.17763.379)

CPU:total 4 (initial active 4) (2 cores per cpu, 2 threads per core) family 6 model 58 stepping 9, cmov, cx8, fxsr, mmx, sse, sse2, sse3, ssse3, sse4.1, sse4.2, popcnt, avx, clmul, erms, ht, tsc, tscinvbit, tscinv

Memory: 4k page, physical 4024712k(784036k free), swap 5445000k(6324k free)

vm_info: Java HotSpot(TM) 64-Bit Server VM (25.171-b11) for windows-amd64 JRE (1.8.0_171-b11), built on Mar 28 2018 16:06:12 by "java_re" with MS VC++ 10.0 (VS2010)

time: Thu May 02 03:20:15 2019
elapsed time: 116 seconds (0d 0h 1m 56s)

