#
# There is insufficient memory for the Java Runtime Environment to continue.
# Native memory allocation (mmap) failed to map 68157440 bytes for Failed to commit area from 0x00000000c4100000 to 0x00000000c8200000 of length 68157440.
# Possible reasons:
#   The system is out of physical RAM or swap space
#   In 32 bit mode, the process size limit was hit
# Possible solutions:
#   Reduce memory load on the system
#   Increase physical memory or swap space
#   Check if swap backing store is full
#   Use 64 bit Java on a 64 bit OS
#   Decrease Java heap size (-Xmx/-Xms)
#   Decrease number of Java threads
#   Decrease Java thread stack sizes (-Xss)
#   Set larger code cache with -XX:ReservedCodeCacheSize=
# This output file may be truncated or incomplete.
#
#  Out of Memory Error (os_windows.cpp:3331), pid=7044, tid=0x0000000000002b78
#
# JRE version: Java(TM) SE Runtime Environment (8.0_171-b11) (build 1.8.0_171-b11)
# Java VM: Java HotSpot(TM) 64-Bit Server VM (25.171-b11 mixed mode windows-amd64 compressed oops)
# Failed to write core dump. Minidumps are not enabled by default on client versions of Windows
#

---------------  T H R E A D  ---------------

Current thread (0x0000000018e10800):  VMThread [stack: 0x0000000018bb0000,0x0000000018cb0000] [id=11128]

Stack: [0x0000000018bb0000,0x0000000018cb0000]
[error occurred during error reporting (printing stack bounds), id 0xc0000005]

Native frames: (J=compiled Java code, j=interpreted, Vv=VM code, C=native code)

VM_Operation (0x000000002448d910): G1IncCollectionPause, mode: safepoint, requested by thread 0x0000000022604800


---------------  P R O C E S S  ---------------

Java Threads: ( => current thread )
  0x0000000022603800 JavaThread "ForkJoinPool.commonPool-worker-3" daemon [_thread_blocked, id=9280, stack(0x0000000024590000,0x0000000024690000)]
  0x0000000022600800 JavaThread "ForkJoinPool.commonPool-worker-2" daemon [_thread_blocked, id=13228, stack(0x0000000024490000,0x0000000024590000)]
  0x0000000022604800 JavaThread "ForkJoinPool.commonPool-worker-1" daemon [_thread_blocked, id=2592, stack(0x0000000024390000,0x0000000024490000)]
  0x000000001a832800 JavaThread "Worker-5" [_thread_blocked, id=9168, stack(0x00000000214c0000,0x00000000215c0000)]
  0x000000001a833000 JavaThread "Worker-4" [_thread_blocked, id=4788, stack(0x000000001f900000,0x000000001fa00000)]
  0x000000001a835800 JavaThread "pool-1-thread-1" [_thread_blocked, id=15572, stack(0x000000001f200000,0x000000001f300000)]
  0x000000001b1ff800 JavaThread "Worker-3" [_thread_blocked, id=16436, stack(0x000000001df30000,0x000000001e030000)]
  0x000000001ac82000 JavaThread "Bundle File Closer" daemon [_thread_blocked, id=18364, stack(0x000000001c660000,0x000000001c760000)]
  0x000000001ad5d000 JavaThread "Worker-2" [_thread_blocked, id=7608, stack(0x000000001c560000,0x000000001c660000)]
  0x000000001ad5a000 JavaThread "Java indexing" daemon [_thread_blocked, id=12352, stack(0x000000001c460000,0x000000001c560000)]
  0x000000001abca000 JavaThread "Worker-1" [_thread_blocked, id=9148, stack(0x000000001bf60000,0x000000001c060000)]
  0x000000001acbd800 JavaThread "Worker-0" [_thread_blocked, id=4336, stack(0x000000001be60000,0x000000001bf60000)]
  0x000000001a976800 JavaThread "Worker-JM" [_thread_blocked, id=13744, stack(0x000000001ba60000,0x000000001bb60000)]
  0x000000001a518000 JavaThread "Start Level: Equinox Container: 6b58fdec-73c2-4151-93f1-05d53ec2a489" daemon [_thread_blocked, id=10340, stack(0x000000001b560000,0x000000001b660000)]
  0x000000001a07d000 JavaThread "Framework Event Dispatcher: Equinox Container: 6b58fdec-73c2-4151-93f1-05d53ec2a489" daemon [_thread_blocked, id=18336, stack(0x000000001b460000,0x000000001b560000)]
  0x0000000019e47000 JavaThread "Active Thread: Equinox Container: 6b58fdec-73c2-4151-93f1-05d53ec2a489" [_thread_blocked, id=13600, stack(0x000000001b360000,0x000000001b460000)]
  0x0000000018f4b000 JavaThread "Service Thread" daemon [_thread_blocked, id=17472, stack(0x0000000019990000,0x0000000019a90000)]
  0x0000000018ec6800 JavaThread "C1 CompilerThread2" daemon [_thread_blocked, id=17940, stack(0x0000000019890000,0x0000000019990000)]
  0x0000000018ec0800 JavaThread "C2 CompilerThread1" daemon [_thread_in_native, id=1528, stack(0x0000000019790000,0x0000000019890000)]
  0x0000000018ebf000 JavaThread "C2 CompilerThread0" daemon [_thread_blocked, id=10516, stack(0x0000000019690000,0x0000000019790000)]
  0x0000000018ebe000 JavaThread "Attach Listener" daemon [_thread_blocked, id=6004, stack(0x0000000019590000,0x0000000019690000)]
  0x0000000018ea8800 JavaThread "Signal Dispatcher" daemon [_thread_blocked, id=11988, stack(0x0000000019490000,0x0000000019590000)]
  0x0000000018eba000 JavaThread "Surrogate Locker Thread (Concurrent GC)" daemon [_thread_blocked, id=5740, stack(0x0000000019390000,0x0000000019490000)]
  0x0000000018e20000 JavaThread "Finalizer" daemon [_thread_blocked, id=16808, stack(0x0000000019290000,0x0000000019390000)]
  0x0000000018e14000 JavaThread "Reference Handler" daemon [_thread_blocked, id=632, stack(0x0000000019190000,0x0000000019290000)]
  0x00000000012ce000 JavaThread "main" [_thread_blocked, id=15456, stack(0x0000000002f50000,0x0000000003050000)]

Other Threads:
=>0x0000000018e10800 VMThread [stack: 0x0000000018bb0000,0x0000000018cb0000] [id=11128]
  0x0000000018f61800 WatcherThread [stack: 0x0000000019a90000,0x0000000019b90000] [id=10736]

VM state:at safepoint (normal execution)

VM Mutex/Monitor currently owned by a thread:  ([mutex/lock_event])
[0x0000000003051ad0] Threads_lock - owner thread: 0x0000000018e10800
[0x0000000003050950] Heap_lock - owner thread: 0x0000000022604800

Heap:
 garbage-first heap   total 133120K, used 48178K [0x00000000c0000000, 0x00000000c0100410, 0x0000000100000000)
  region size 1024K, 2 young (2048K), 2 survivors (2048K)
 Metaspace       used 54679K, capacity 57466K, committed 57728K, reserved 1101824K
  class space    used 5370K, capacity 6248K, committed 6272K, reserved 1048576K

Heap Regions: (Y=young(eden), SU=young(survivor), HS=humongous(starts), HC=humongous(continues), CS=collection set, F=free, TS=gc time stamp, PTAMS=previous top-at-mark-start, NTAMS=next top-at-mark-start)
AC   0  O    TS     0 PTAMS 0x00000000c0100000 NTAMS 0x00000000c0100000 space 1024K, 100% used [0x00000000c0000000, 0x00000000c0100000)
AC   0  O    TS     0 PTAMS 0x00000000c0200000 NTAMS 0x00000000c0200000 space 1024K, 100% used [0x00000000c0100000, 0x00000000c0200000)
AC   0  O    TS     0 PTAMS 0x00000000c0300000 NTAMS 0x00000000c0300000 space 1024K, 100% used [0x00000000c0200000, 0x00000000c0300000)
AC   0  O    TS     0 PTAMS 0x00000000c0400000 NTAMS 0x00000000c0400000 space 1024K, 100% used [0x00000000c0300000, 0x00000000c0400000)
AC   0  O    TS     0 PTAMS 0x00000000c0500000 NTAMS 0x00000000c0500000 space 1024K, 100% used [0x00000000c0400000, 0x00000000c0500000)
AC   0  O    TS     0 PTAMS 0x00000000c0600000 NTAMS 0x00000000c0600000 space 1024K, 100% used [0x00000000c0500000, 0x00000000c0600000)
AC   0  O    TS     0 PTAMS 0x00000000c0700000 NTAMS 0x00000000c0700000 space 1024K, 100% used [0x00000000c0600000, 0x00000000c0700000)
AC   0  O    TS     0 PTAMS 0x00000000c0800000 NTAMS 0x00000000c0800000 space 1024K, 100% used [0x00000000c0700000, 0x00000000c0800000)
AC   0  O    TS     0 PTAMS 0x00000000c0900000 NTAMS 0x00000000c0900000 space 1024K, 100% used [0x00000000c0800000, 0x00000000c0900000)
AC   0  O    TS     0 PTAMS 0x00000000c0a00000 NTAMS 0x00000000c0a00000 space 1024K, 100% used [0x00000000c0900000, 0x00000000c0a00000)
AC   0  O    TS     0 PTAMS 0x00000000c0b00000 NTAMS 0x00000000c0b00000 space 1024K, 100% used [0x00000000c0a00000, 0x00000000c0b00000)
AC   0  O    TS     0 PTAMS 0x00000000c0c00000 NTAMS 0x00000000c0c00000 space 1024K, 100% used [0x00000000c0b00000, 0x00000000c0c00000)
AC   0  O    TS     0 PTAMS 0x00000000c0d00000 NTAMS 0x00000000c0d00000 space 1024K, 100% used [0x00000000c0c00000, 0x00000000c0d00000)
AC   0  O    TS     0 PTAMS 0x00000000c0e00000 NTAMS 0x00000000c0e00000 space 1024K, 100% used [0x00000000c0d00000, 0x00000000c0e00000)
AC   0  O    TS     0 PTAMS 0x00000000c0f00000 NTAMS 0x00000000c0f00000 space 1024K, 100% used [0x00000000c0e00000, 0x00000000c0f00000)
AC   0  O    TS     0 PTAMS 0x00000000c1000000 NTAMS 0x00000000c1000000 space 1024K, 100% used [0x00000000c0f00000, 0x00000000c1000000)
AC   0  O    TS     1 PTAMS 0x00000000c1013200 NTAMS 0x00000000c1013200 space 1024K, 100% used [0x00000000c1000000, 0x00000000c1100000)
AC   0  O    TS     0 PTAMS 0x00000000c1200000 NTAMS 0x00000000c1200000 space 1024K, 100% used [0x00000000c1100000, 0x00000000c1200000)
AC   0  O    TS     0 PTAMS 0x00000000c1300000 NTAMS 0x00000000c1300000 space 1024K, 100% used [0x00000000c1200000, 0x00000000c1300000)
AC   0  O    TS     0 PTAMS 0x00000000c1400000 NTAMS 0x00000000c1400000 space 1024K, 100% used [0x00000000c1300000, 0x00000000c1400000)
AC   0  O    TS     0 PTAMS 0x00000000c1500000 NTAMS 0x00000000c1500000 space 1024K, 100% used [0x00000000c1400000, 0x00000000c1500000)
AC   0  O    TS     0 PTAMS 0x00000000c1600000 NTAMS 0x00000000c1600000 space 1024K, 100% used [0x00000000c1500000, 0x00000000c1600000)
AC   0  O    TS     0 PTAMS 0x00000000c1700000 NTAMS 0x00000000c1700000 space 1024K, 100% used [0x00000000c1600000, 0x00000000c1700000)
AC   0  O    TS     0 PTAMS 0x00000000c1800000 NTAMS 0x00000000c1800000 space 1024K, 100% used [0x00000000c1700000, 0x00000000c1800000)
AC   0  O    TS     0 PTAMS 0x00000000c1900000 NTAMS 0x00000000c1900000 space 1024K, 100% used [0x00000000c1800000, 0x00000000c1900000)
AC   0  O    TS     0 PTAMS 0x00000000c1a00000 NTAMS 0x00000000c1a00000 space 1024K, 100% used [0x00000000c1900000, 0x00000000c1a00000)
AC   0  O    TS     0 PTAMS 0x00000000c1b00000 NTAMS 0x00000000c1b00000 space 1024K, 100% used [0x00000000c1a00000, 0x00000000c1b00000)
AC   0  O    TS     0 PTAMS 0x00000000c1c00000 NTAMS 0x00000000c1c00000 space 1024K, 100% used [0x00000000c1b00000, 0x00000000c1c00000)
AC   0  O    TS     0 PTAMS 0x00000000c1d00000 NTAMS 0x00000000c1d00000 space 1024K, 100% used [0x00000000c1c00000, 0x00000000c1d00000)
AC   0  O    TS     1 PTAMS 0x00000000c1d00000 NTAMS 0x00000000c1d00000 space 1024K, 100% used [0x00000000c1d00000, 0x00000000c1e00000)
AC   0  O    TS     0 PTAMS 0x00000000c1f00000 NTAMS 0x00000000c1f00000 space 1024K, 100% used [0x00000000c1e00000, 0x00000000c1f00000)
AC   0  O    TS     0 PTAMS 0x00000000c2000000 NTAMS 0x00000000c2000000 space 1024K, 100% used [0x00000000c1f00000, 0x00000000c2000000)
AC   0  O    TS     1 PTAMS 0x00000000c2000000 NTAMS 0x00000000c2000000 space 1024K, 100% used [0x00000000c2000000, 0x00000000c2100000)
AC   0  O    TS     1 PTAMS 0x00000000c2100000 NTAMS 0x00000000c2100000 space 1024K,  54% used [0x00000000c2100000, 0x00000000c2200000)
AC   0 HS    TS     0 PTAMS 0x00000000c2280010 NTAMS 0x00000000c2280010 space 1024K,  50% used [0x00000000c2200000, 0x00000000c2300000)
AC   0  O    TS     0 PTAMS 0x00000000c2400000 NTAMS 0x00000000c2400000 space 1024K, 100% used [0x00000000c2300000, 0x00000000c2400000)
AC   0  O    TS     0 PTAMS 0x00000000c2500000 NTAMS 0x00000000c2500000 space 1024K, 100% used [0x00000000c2400000, 0x00000000c2500000)
AC   0  O    TS     0 PTAMS 0x00000000c2600000 NTAMS 0x00000000c2600000 space 1024K, 100% used [0x00000000c2500000, 0x00000000c2600000)
AC   0  F    TS     0 PTAMS 0x00000000c2600000 NTAMS 0x00000000c2600000 space 1024K,   0% used [0x00000000c2600000, 0x00000000c2700000)
AC   0  O    TS     0 PTAMS 0x00000000c2800000 NTAMS 0x00000000c2800000 space 1024K, 100% used [0x00000000c2700000, 0x00000000c2800000)
AC   0  F    TS     0 PTAMS 0x00000000c2800000 NTAMS 0x00000000c2800000 space 1024K,   0% used [0x00000000c2800000, 0x00000000c2900000)
AC   0  O    TS     0 PTAMS 0x00000000c2a00000 NTAMS 0x00000000c2a00000 space 1024K, 100% used [0x00000000c2900000, 0x00000000c2a00000)
AC   0  F    TS     0 PTAMS 0x00000000c2a00000 NTAMS 0x00000000c2a00000 space 1024K,   0% used [0x00000000c2a00000, 0x00000000c2b00000)
AC   0  O    TS     0 PTAMS 0x00000000c2c00000 NTAMS 0x00000000c2c00000 space 1024K, 100% used [0x00000000c2b00000, 0x00000000c2c00000)
AC   0  O    TS     0 PTAMS 0x00000000c2d00000 NTAMS 0x00000000c2d00000 space 1024K, 100% used [0x00000000c2c00000, 0x00000000c2d00000)
AC   0  O    TS     0 PTAMS 0x00000000c2e00000 NTAMS 0x00000000c2e00000 space 1024K, 100% used [0x00000000c2d00000, 0x00000000c2e00000)
AC   0  O    TS     0 PTAMS 0x00000000c2f00000 NTAMS 0x00000000c2f00000 space 1024K, 100% used [0x00000000c2e00000, 0x00000000c2f00000)
AC   0  O    TS     0 PTAMS 0x00000000c3000000 NTAMS 0x00000000c3000000 space 1024K, 100% used [0x00000000c2f00000, 0x00000000c3000000)
AC   0  O    TS     0 PTAMS 0x00000000c3100000 NTAMS 0x00000000c3100000 space 1024K, 100% used [0x00000000c3000000, 0x00000000c3100000)
AC   0  F    TS     0 PTAMS 0x00000000c3100000 NTAMS 0x00000000c3100000 space 1024K,   0% used [0x00000000c3100000, 0x00000000c3200000)
AC   0  F    TS     0 PTAMS 0x00000000c3200000 NTAMS 0x00000000c3200000 space 1024K,   0% used [0x00000000c3200000, 0x00000000c3300000)
AC   0  F    TS     0 PTAMS 0x00000000c3300000 NTAMS 0x00000000c3300000 space 1024K,   0% used [0x00000000c3300000, 0x00000000c3400000)
AC   0  F    TS     0 PTAMS 0x00000000c3400000 NTAMS 0x00000000c3400000 space 1024K,   0% used [0x00000000c3400000, 0x00000000c3500000)
AC   0  S CS TS     1 PTAMS 0x00000000c3500000 NTAMS 0x00000000c3500000 space 1024K, 100% used [0x00000000c3500000, 0x00000000c3600000)
AC   0  S CS TS     1 PTAMS 0x00000000c3600000 NTAMS 0x00000000c3600000 space 1024K, 100% used [0x00000000c3600000, 0x00000000c3700000)
AC   0  F    TS     0 PTAMS 0x00000000c3700000 NTAMS 0x00000000c3700000 space 1024K,   0% used [0x00000000c3700000, 0x00000000c3800000)
AC   0  F    TS     0 PTAMS 0x00000000c3800000 NTAMS 0x00000000c3800000 space 1024K,   0% used [0x00000000c3800000, 0x00000000c3900000)
AC   0  F    TS     0 PTAMS 0x00000000c3900000 NTAMS 0x00000000c3900000 space 1024K,   0% used [0x00000000c3900000, 0x00000000c3a00000)
AC   0  F    TS     0 PTAMS 0x00000000c3a00000 NTAMS 0x00000000c3a00000 space 1024K,   0% used [0x00000000c3a00000, 0x00000000c3b00000)
AC   0  F    TS     0 PTAMS 0x00000000c3b00000 NTAMS 0x00000000c3b00000 space 1024K,   0% used [0x00000000c3b00000, 0x00000000c3c00000)
AC   0  F    TS     0 PTAMS 0x00000000c3c00000 NTAMS 0x00000000c3c00000 space 1024K,   0% used [0x00000000c3c00000, 0x00000000c3d00000)
AC   0  F    TS     0 PTAMS 0x00000000c3d00000 NTAMS 0x00000000c3d00000 space 1024K,   0% used [0x00000000c3d00000, 0x00000000c3e00000)
AC   0  F    TS     0 PTAMS 0x00000000c3e00000 NTAMS 0x00000000c3e00000 space 1024K,   0% used [0x00000000c3e00000, 0x00000000c3f00000)
AC   0  F    TS     0 PTAMS 0x00000000c3f00000 NTAMS 0x00000000c3f00000 space 1024K,   0% used [0x00000000c3f00000, 0x00000000c4000000)
AC   0  F    TS     0 PTAMS 0x00000000c4000000 NTAMS 0x00000000c4000000 space 1024K,   0% used [0x00000000c4000000, 0x00000000c4100000)

Card table byte_map: [0x0000000013650000,0x0000000013850000] byte_map_base: 0x0000000013050000

Marking Bits (Prev, Next): (CMBitMap*) 0x000000000308a550, (CMBitMap*) 0x000000000308a4f8
 Prev Bits: [0x0000000014a50000, 0x0000000015a50000)
 Next Bits: [0x0000000013a50000, 0x0000000014a50000)

Polling page: 0x00000000009e0000

CodeCache: size=245760Kb used=36710Kb max_used=36963Kb free=209049Kb
 bounds [0x0000000003150000, 0x00000000055a0000, 0x0000000012150000]
 total_blobs=9769 nmethods=9170 adapters=507
 compilation: enabled

Compilation events (10 events):
Event: 127.207 Thread 0x0000000018ebf000 nmethod 11739 0x0000000003cb6990 code [0x0000000003cb6ae0, 0x0000000003cb6b78]
Event: 127.213 Thread 0x0000000018ec6800 11740       3       org.eclipse.jdt.internal.core.search.JavaSearchScope::normalize (47 bytes)
Event: 127.214 Thread 0x0000000018ec6800 nmethod 11740 0x000000000373de90 code [0x000000000373e040, 0x000000000373e698]
Event: 127.218 Thread 0x0000000018ec6800 11741       3       org.eclipse.jdt.ls.core.internal.corrections.InnovationContext::getASTRoot (24 bytes)
Event: 127.219 Thread 0x0000000018ec6800 nmethod 11741 0x00000000046ce510 code [0x00000000046ce6e0, 0x00000000046cee08]
Event: 127.287 Thread 0x0000000018ec0800 11742       4       org.eclipse.jdt.internal.formatter.CommentsPreparator::commentToLines (487 bytes)
Event: 127.287 Thread 0x0000000018ec6800 11743       1       java.util.stream.Sink::begin (1 bytes)
Event: 127.288 Thread 0x0000000018ec6800 nmethod 11743 0x0000000003d67d50 code [0x0000000003d67ea0, 0x0000000003d67fb0]
Event: 127.314 Thread 0x0000000018ebf000 11744       4       org.eclipse.jdt.internal.formatter.DefaultCodeFormatter::canFormatComment (56 bytes)
Event: 127.316 Thread 0x0000000018ebf000 nmethod 11744 0x000000000326f950 code [0x000000000326faa0, 0x000000000326fc98]

GC Heap History (10 events):
Event: 126.906 GC heap after
Heap after GC invocations=234 (full 0):
 garbage-first heap   total 66560K, used 42942K [0x00000000c0000000, 0x00000000c0100208, 0x0000000100000000)
  region size 1024K, 1 young (1024K), 1 survivors (1024K)
 Metaspace       used 54672K, capacity 57466K, committed 57728K, reserved 1101824K
  class space    used 5370K, capacity 6248K, committed 6272K, reserved 1048576K
}
Event: 126.922 GC heap before
{Heap before GC invocations=234 (full 0):
 garbage-first heap   total 66560K, used 44990K [0x00000000c0000000, 0x00000000c0100208, 0x0000000100000000)
  region size 1024K, 3 young (3072K), 1 survivors (1024K)
 Metaspace       used 54673K, capacity 57466K, committed 57728K, reserved 1101824K
  class space    used 5370K, capacity 6248K, committed 6272K, reserved 1048576K
Event: 126.934 GC heap after
Heap after GC invocations=235 (full 0):
 garbage-first heap   total 66560K, used 42765K [0x00000000c0000000, 0x00000000c0100208, 0x0000000100000000)
  region size 1024K, 1 young (1024K), 1 survivors (1024K)
 Metaspace       used 54673K, capacity 57466K, committed 57728K, reserved 1101824K
  class space    used 5370K, capacity 6248K, committed 6272K, reserved 1048576K
}
Event: 127.121 GC heap before
{Heap before GC invocations=235 (full 0):
 garbage-first heap   total 66560K, used 55053K [0x00000000c0000000, 0x00000000c0100208, 0x0000000100000000)
  region size 1024K, 13 young (13312K), 1 survivors (1024K)
 Metaspace       used 54675K, capacity 57466K, committed 57728K, reserved 1101824K
  class space    used 5370K, capacity 6248K, committed 6272K, reserved 1048576K
Event: 127.129 GC heap after
Heap after GC invocations=236 (full 0):
 garbage-first heap   total 66560K, used 43510K [0x00000000c0000000, 0x00000000c0100208, 0x0000000100000000)
  region size 1024K, 2 young (2048K), 2 survivors (2048K)
 Metaspace       used 54675K, capacity 57466K, committed 57728K, reserved 1101824K
  class space    used 5370K, capacity 6248K, committed 6272K, reserved 1048576K
}
Event: 127.134 GC heap before
{Heap before GC invocations=236 (full 0):
 garbage-first heap   total 66560K, used 43510K [0x00000000c0000000, 0x00000000c0100208, 0x0000000100000000)
  region size 1024K, 3 young (3072K), 2 survivors (2048K)
 Metaspace       used 54675K, capacity 57466K, committed 57728K, reserved 1101824K
  class space    used 5370K, capacity 6248K, committed 6272K, reserved 1048576K
Event: 127.139 GC heap after
Heap after GC invocations=237 (full 0):
 garbage-first heap   total 66560K, used 44341K [0x00000000c0000000, 0x00000000c0100208, 0x0000000100000000)
  region size 1024K, 2 young (2048K), 2 survivors (2048K)
 Metaspace       used 54675K, capacity 57466K, committed 57728K, reserved 1101824K
  class space    used 5370K, capacity 6248K, committed 6272K, reserved 1048576K
}
Event: 127.252 GC heap before
{Heap before GC invocations=237 (full 0):
 garbage-first heap   total 66560K, used 58124K [0x00000000c0000000, 0x00000000c0100208, 0x0000000100000000)
  region size 1024K, 12 young (12288K), 2 survivors (2048K)
 Metaspace       used 54679K, capacity 57466K, committed 57728K, reserved 1101824K
  class space    used 5370K, capacity 6248K, committed 6272K, reserved 1048576K
Event: 127.259 GC heap after
Heap after GC invocations=238 (full 0):
 garbage-first heap   total 66560K, used 45431K [0x00000000c0000000, 0x00000000c0100208, 0x0000000100000000)
  region size 1024K, 2 young (2048K), 2 survivors (2048K)
 Metaspace       used 54679K, capacity 57466K, committed 57728K, reserved 1101824K
  class space    used 5370K, capacity 6248K, committed 6272K, reserved 1048576K
}
Event: 127.340 GC heap before
{Heap before GC invocations=239 (full 0):
 garbage-first heap   total 66560K, used 55671K [0x00000000c0000000, 0x00000000c0100208, 0x0000000100000000)
  region size 1024K, 12 young (12288K), 2 survivors (2048K)
 Metaspace       used 54679K, capacity 57466K, committed 57728K, reserved 1101824K
  class space    used 5370K, capacity 6248K, committed 6272K, reserved 1048576K

Deoptimization events (10 events):
Event: 125.326 Thread 0x000000001ad5d000 Uncommon trap: reason=speculate_class_check action=maybe_recompile pc=0x0000000004cc3308 method=org.eclipse.jdt.internal.compiler.lookup.Binding.isValidBinding()Z @ 1
Event: 125.326 Thread 0x000000001ad5d000 Uncommon trap: reason=unstable_if action=reinterpret pc=0x00000000042f5444 method=org.eclipse.jdt.internal.core.NameLookup.seekTypes(Ljava/lang/String;Lorg/eclipse/jdt/core/IPackageFragment;ZILorg/eclipse/jdt/internal/core/IJavaElementRequestor;Z)V @ 206
Event: 125.326 Thread 0x000000001ad5d000 Uncommon trap: reason=speculate_class_check action=maybe_recompile pc=0x0000000004cc3308 method=org.eclipse.jdt.internal.compiler.lookup.Binding.isValidBinding()Z @ 1
Event: 126.483 Thread 0x0000000022604800 Uncommon trap: reason=speculate_class_check action=maybe_recompile pc=0x0000000004cc3308 method=org.eclipse.jdt.internal.compiler.lookup.Binding.isValidBinding()Z @ 1
Event: 126.494 Thread 0x0000000022603800 Uncommon trap: reason=class_check action=maybe_recompile pc=0x00000000041f9d24 method=org.eclipse.jdt.internal.compiler.lookup.FieldBinding.sourceField()Lorg/eclipse/jdt/internal/compiler/ast/FieldDeclaration; @ 4
Event: 126.494 Thread 0x0000000022603800 Uncommon trap: reason=class_check action=maybe_recompile pc=0x00000000041f9d24 method=org.eclipse.jdt.internal.compiler.lookup.FieldBinding.sourceField()Lorg/eclipse/jdt/internal/compiler/ast/FieldDeclaration; @ 4
Event: 126.494 Thread 0x0000000022603800 Uncommon trap: reason=class_check action=maybe_recompile pc=0x00000000041f9d24 method=org.eclipse.jdt.internal.compiler.lookup.FieldBinding.sourceField()Lorg/eclipse/jdt/internal/compiler/ast/FieldDeclaration; @ 4
Event: 126.586 Thread 0x0000000022603800 Uncommon trap: reason=unstable_if action=reinterpret pc=0x00000000054e1eb0 method=org.eclipse.jdt.internal.core.search.matching.TypeDeclarationPattern$PackageNameSet.add([C)[C @ 33
Event: 127.218 Thread 0x0000000022604800 Uncommon trap: reason=unstable_if action=reinterpret pc=0x000000000426d95c method=org.eclipse.jdt.core.dom.DefaultBindingResolver.internalGetTypeBinding(Lorg/eclipse/jdt/internal/compiler/lookup/TypeBinding;Lorg/eclipse/jdt/core/dom/IBinding;)Lorg/eclipse
Event: 127.339 Thread 0x0000000022604800 Uncommon trap: reason=null_check action=make_not_entrant pc=0x000000000326fc70 method=org.eclipse.jdt.internal.formatter.DefaultCodeFormatter.canFormatComment(II)Z @ 17

Classes redefined (0 events):
No events

Internal exceptions (10 events):
Event: 127.203 Thread 0x0000000022603800 Exception <a 'java/lang/ClassCastException'> (0x00000000c3ce7c88) thrown at [C:\re\workspace\8-2-build-windows-amd64-cygwin\jdk8u171\10807\hotspot\src\share\vm\runtime\sharedRuntime.cpp, line 605]
Event: 127.203 Thread 0x0000000022603800 Exception <a 'java/lang/ClassCastException'> (0x00000000c3ce7fc8) thrown at [C:\re\workspace\8-2-build-windows-amd64-cygwin\jdk8u171\10807\hotspot\src\share\vm\runtime\sharedRuntime.cpp, line 605]
Event: 127.203 Thread 0x0000000022603800 Exception <a 'java/lang/ClassCastException'> (0x00000000c3ce8308) thrown at [C:\re\workspace\8-2-build-windows-amd64-cygwin\jdk8u171\10807\hotspot\src\share\vm\runtime\sharedRuntime.cpp, line 605]
Event: 127.203 Thread 0x0000000022603800 Exception <a 'java/lang/ClassCastException'> (0x00000000c3ce8648) thrown at [C:\re\workspace\8-2-build-windows-amd64-cygwin\jdk8u171\10807\hotspot\src\share\vm\runtime\sharedRuntime.cpp, line 605]
Event: 127.203 Thread 0x0000000022603800 Exception <a 'java/lang/ClassCastException'> (0x00000000c3ce8988) thrown at [C:\re\workspace\8-2-build-windows-amd64-cygwin\jdk8u171\10807\hotspot\src\share\vm\runtime\sharedRuntime.cpp, line 605]
Event: 127.203 Thread 0x0000000022603800 Exception <a 'java/lang/ClassCastException'> (0x00000000c3ce8cc8) thrown at [C:\re\workspace\8-2-build-windows-amd64-cygwin\jdk8u171\10807\hotspot\src\share\vm\runtime\sharedRuntime.cpp, line 605]
Event: 127.203 Thread 0x0000000022603800 Exception <a 'java/lang/ClassCastException'> (0x00000000c3ce9008) thrown at [C:\re\workspace\8-2-build-windows-amd64-cygwin\jdk8u171\10807\hotspot\src\share\vm\runtime\sharedRuntime.cpp, line 605]
Event: 127.203 Thread 0x0000000022603800 Exception <a 'java/lang/ClassCastException'> (0x00000000c3ce9348) thrown at [C:\re\workspace\8-2-build-windows-amd64-cygwin\jdk8u171\10807\hotspot\src\share\vm\runtime\sharedRuntime.cpp, line 605]
Event: 127.218 Thread 0x0000000022604800 Implicit null exception at 0x000000000426c6e4 to 0x000000000426d94d
Event: 127.339 Thread 0x0000000022604800 Implicit null exception at 0x000000000326faf1 to 0x000000000326fc59

Events (10 events):
Event: 127.251 Executing VM operation: G1IncCollectionPause
Event: 127.259 Executing VM operation: G1IncCollectionPause done
Event: 127.316 Executing VM operation: CGC_Operation
Event: 127.335 Executing VM operation: CGC_Operation done
Event: 127.336 Executing VM operation: CGC_Operation
Event: 127.336 Executing VM operation: CGC_Operation done
Event: 127.339 Thread 0x0000000022604800 Uncommon trap: trap_request=0xfffffff4 fr.pc=0x000000000326fc70
Event: 127.339 Thread 0x0000000022604800 DEOPT PACKING pc=0x000000000326fc70 sp=0x000000002448e4a0
Event: 127.339 Thread 0x0000000022604800 DEOPT UNPACKING pc=0x000000000319583b sp=0x000000002448e428 mode 2
Event: 127.340 Executing VM operation: G1IncCollectionPause


Dynamic libraries:
0x00007ff725010000 - 0x00007ff725047000 	C:\Program Files\Java\jdk1.8.0_171\bin\java.exe
0x00007ff933b60000 - 0x00007ff933d4d000 	C:\WINDOWS\SYSTEM32\ntdll.dll
0x00007ff932220000 - 0x00007ff9322d3000 	C:\WINDOWS\System32\KERNEL32.DLL
0x00007ff930100000 - 0x00007ff930393000 	C:\WINDOWS\System32\KERNELBASE.dll
0x00007ff930d90000 - 0x00007ff930e33000 	C:\WINDOWS\System32\ADVAPI32.dll
0x00007ff9319d0000 - 0x00007ff931a6e000 	C:\WINDOWS\System32\msvcrt.dll
0x00007ff931f10000 - 0x00007ff931fae000 	C:\WINDOWS\System32\sechost.dll
0x00007ff931fc0000 - 0x00007ff9320e2000 	C:\WINDOWS\System32\RPCRT4.dll
0x00007ff931d70000 - 0x00007ff931f07000 	C:\WINDOWS\System32\USER32.dll
0x00007ff92fc50000 - 0x00007ff92fc70000 	C:\WINDOWS\System32\win32u.dll
0x00007ff9322f0000 - 0x00007ff932319000 	C:\WINDOWS\System32\GDI32.dll
0x00007ff9303a0000 - 0x00007ff93053a000 	C:\WINDOWS\System32\gdi32full.dll
0x00007ff92fe80000 - 0x00007ff92ff20000 	C:\WINDOWS\System32\msvcp_win.dll
0x00007ff930540000 - 0x00007ff93063a000 	C:\WINDOWS\System32\ucrtbase.dll
0x00007ff924040000 - 0x00007ff9242b9000 	C:\WINDOWS\WinSxS\amd64_microsoft.windows.common-controls_6595b64144ccf1df_6.0.17763.379_none_05b83be8071c94a1\COMCTL32.dll
0x00007ff931620000 - 0x00007ff93194d000 	C:\WINDOWS\System32\combase.dll
0x00007ff92fcf0000 - 0x00007ff92fd6e000 	C:\WINDOWS\System32\bcryptPrimitives.dll
0x00007ff931060000 - 0x00007ff93108e000 	C:\WINDOWS\System32\IMM32.DLL
0x000000005a180000 - 0x000000005a252000 	C:\Program Files\Java\jdk1.8.0_171\jre\bin\msvcr100.dll
0x00000000587b0000 - 0x0000000059050000 	C:\Program Files\Java\jdk1.8.0_171\jre\bin\server\jvm.dll
0x00007ff931fb0000 - 0x00007ff931fb8000 	C:\WINDOWS\System32\PSAPI.DLL
0x00007ff91ee60000 - 0x00007ff91ee6a000 	C:\WINDOWS\SYSTEM32\VERSION.dll
0x00007ff92db40000 - 0x00007ff92db64000 	C:\WINDOWS\SYSTEM32\WINMM.dll
0x00007ff91dea0000 - 0x00007ff91dea9000 	C:\WINDOWS\SYSTEM32\WSOCK32.dll
0x00007ff932340000 - 0x00007ff9323ad000 	C:\WINDOWS\System32\WS2_32.dll
0x00007ff92db10000 - 0x00007ff92db3d000 	C:\WINDOWS\SYSTEM32\WINMMBASE.dll
0x00007ff92fc70000 - 0x00007ff92fcba000 	C:\WINDOWS\System32\cfgmgr32.dll
0x000000005a170000 - 0x000000005a17f000 	C:\Program Files\Java\jdk1.8.0_171\jre\bin\verify.dll
0x000000005a140000 - 0x000000005a169000 	C:\Program Files\Java\jdk1.8.0_171\jre\bin\java.dll
0x000000005a120000 - 0x000000005a136000 	C:\Program Files\Java\jdk1.8.0_171\jre\bin\zip.dll
0x00007ff932640000 - 0x00007ff933b30000 	C:\WINDOWS\System32\SHELL32.dll
0x00007ff931090000 - 0x00007ff931138000 	C:\WINDOWS\System32\shcore.dll
0x00007ff930640000 - 0x00007ff930d8a000 	C:\WINDOWS\System32\windows.storage.dll
0x00007ff92fba0000 - 0x00007ff92fbc4000 	C:\WINDOWS\System32\profapi.dll
0x00007ff92fbd0000 - 0x00007ff92fc2d000 	C:\WINDOWS\System32\powrprof.dll
0x00007ff931d10000 - 0x00007ff931d62000 	C:\WINDOWS\System32\shlwapi.dll
0x00007ff92fb80000 - 0x00007ff92fb91000 	C:\WINDOWS\System32\kernel.appcore.dll
0x00007ff92fc30000 - 0x00007ff92fc47000 	C:\WINDOWS\System32\cryptsp.dll
0x00007ff92ef40000 - 0x00007ff92ef73000 	C:\WINDOWS\system32\rsaenh.dll
0x00007ff92fcc0000 - 0x00007ff92fce6000 	C:\WINDOWS\System32\bcrypt.dll
0x00007ff92fa60000 - 0x00007ff92fa88000 	C:\WINDOWS\SYSTEM32\USERENV.dll
0x00007ff92f550000 - 0x00007ff92f55c000 	C:\WINDOWS\SYSTEM32\CRYPTBASE.dll
0x000000005a100000 - 0x000000005a11a000 	C:\Program Files\Java\jdk1.8.0_171\jre\bin\net.dll
0x00007ff92f380000 - 0x00007ff92f3e7000 	C:\WINDOWS\system32\mswsock.dll
0x00007ff92f0e0000 - 0x00007ff92f11d000 	C:\WINDOWS\SYSTEM32\IPHLPAPI.DLL
0x00007ff9322e0000 - 0x00007ff9322e8000 	C:\WINDOWS\System32\NSI.dll
0x00007ff923940000 - 0x00007ff923956000 	C:\WINDOWS\SYSTEM32\dhcpcsvc6.DLL
0x00007ff923cf0000 - 0x00007ff923d0c000 	C:\WINDOWS\SYSTEM32\dhcpcsvc.DLL
0x00007ff92f120000 - 0x00007ff92f1e6000 	C:\WINDOWS\SYSTEM32\DNSAPI.dll
0x000000005a0e0000 - 0x000000005a0f1000 	C:\Program Files\Java\jdk1.8.0_171\jre\bin\nio.dll
0x00007ff9201b0000 - 0x00007ff9201d9000 	C:\Users\XNOTE\.vscode\extensions\redhat.java-0.43.0\server\config_win\org.eclipse.equinox.launcher\org.eclipse.equinox.launcher.win32.win32.x86_64_1.1.1000.v20190125-2016\eclipse_1801.dll
0x00007ff927550000 - 0x00007ff927561000 	C:\Users\XNOTE\.vscode\extensions\redhat.java-0.43.0\server\config_win\org.eclipse.osgi\20\0\.cp\jWinHttp-1.0.0.dll
0x00007ff9324e0000 - 0x00007ff932635000 	C:\WINDOWS\System32\ole32.dll
0x00007ff924560000 - 0x00007ff924651000 	C:\WINDOWS\SYSTEM32\WINHTTP.dll

VM Arguments:
jvm_args: -Declipse.application=org.eclipse.jdt.ls.core.id1 -Dosgi.bundles.defaultStartLevel=4 -Declipse.product=org.eclipse.jdt.ls.core.product -Dfile.encoding=utf8 -DwatchParentProcess=false -Xverify:none -Xmx1G -XX:+UseG1GC -XX:+UseStringDeduplication 
java_command: C:\Users\XNOTE\.vscode\extensions\redhat.java-0.43.0\server\plugins\org.eclipse.equinox.launcher_1.5.300.v20190213-1655.jar -configuration C:\Users\XNOTE\.vscode\extensions\redhat.java-0.43.0\server\config_win -data c:\Users\XNOTE\AppData\Roaming\Code\User\workspaceStorage\0bdfaac4224be0d618bdcf963b857abf\redhat.java\jdt_ws
java_class_path (initial): C:\Users\XNOTE\.vscode\extensions\redhat.java-0.43.0\server\plugins\org.eclipse.equinox.launcher_1.5.300.v20190213-1655.jar
Launcher Type: SUN_STANDARD

Environment Variables:
PATH=C:\Program Files (x86)\Common Files\Oracle\Java\javapath;C:\ProgramData\Oracle\Java\javapath;C:\python27;C:\WINDOWS\system32;C:\WINDOWS;C:\WINDOWS\System32\Wbem;C:\WINDOWS\System32\WindowsPowerShell\v1.0\;C:\Program Files (x86)\Windows Live\Shared;C:\WINDOWS\System32\OpenSSH\;C:\Program Files\PuTTY\;C:\Program Files\Microsoft VS Code\bin;C:\Program Files\Git\cmd;C:\Program Files\Java\jdk1.8.0_171\bin;%USERPROFILE%\AppData\Local\Microsoft\WindowsApps;
USERNAME=¹Î¿ì
OS=Windows_NT
PROCESSOR_IDENTIFIER=Intel64 Family 6 Model 58 Stepping 9, GenuineIntel



---------------  S Y S T E M  ---------------

OS: Windows 10.0 , 64 bit Build 17763 (10.0.17763.379)

CPU:total 4 (initial active 4) (2 cores per cpu, 2 threads per core) family 6 model 58 stepping 9, cmov, cx8, fxsr, mmx, sse, sse2, sse3, ssse3, sse4.1, sse4.2, popcnt, avx, clmul, erms, ht, tsc, tscinvbit, tscinv

Memory: 4k page, physical 4024712k(799280k free), swap 5445000k(54940k free)

vm_info: Java HotSpot(TM) 64-Bit Server VM (25.171-b11) for windows-amd64 JRE (1.8.0_171-b11), built on Mar 28 2018 16:06:12 by "java_re" with MS VC++ 10.0 (VS2010)

time: Thu May 02 03:18:19 2019
elapsed time: 127 seconds (0d 0h 2m 7s)

