#
# There is insufficient memory for the Java Runtime Environment to continue.
# Native memory allocation (malloc) failed to allocate 907056 bytes for Chunk::new
# Possible reasons:
#   The system is out of physical RAM or swap space
#   In 32 bit mode, the process size limit was hit
# Possible solutions:
#   Reduce memory load on the system
#   Increase physical memory or swap space
#   Check if swap backing store is full
#   Use 64 bit Java on a 64 bit OS
#   Decrease Java heap size (-Xmx/-Xms)
#   Decrease number of Java threads
#   Decrease Java thread stack sizes (-Xss)
#   Set larger code cache with -XX:ReservedCodeCacheSize=
# This output file may be truncated or incomplete.
#
#  Out of Memory Error (allocation.cpp:390), pid=24552, tid=0x00000000000065f8
#
# JRE version: Java(TM) SE Runtime Environment (8.0_171-b11) (build 1.8.0_171-b11)
# Java VM: Java HotSpot(TM) 64-Bit Server VM (25.171-b11 mixed mode windows-amd64 compressed oops)
# Failed to write core dump. Minidumps are not enabled by default on client versions of Windows
#

---------------  T H R E A D  ---------------

Current thread (0x0000000018590000):  JavaThread "C2 CompilerThread0" daemon [_thread_in_native, id=26104, stack(0x0000000018d60000,0x0000000018e60000)]

Stack: [0x0000000018d60000,0x0000000018e60000]
[error occurred during error reporting (printing stack bounds), id 0xc0000005]

Native frames: (J=compiled Java code, j=interpreted, Vv=VM code, C=native code)


Current CompileTask:
C2:   6842 1544  s    4       java.io.BufferedInputStream::read (113 bytes)


---------------  P R O C E S S  ---------------

Java Threads: ( => current thread )
  0x000000001a1ad800 JavaThread "Worker-JM" [_thread_blocked, id=10152, stack(0x000000001b300000,0x000000001b400000)]
  0x000000001943e000 JavaThread "Start Level: Equinox Container: 3edec9e3-fe7d-40c2-9a70-f39ff9682ca4" daemon [_thread_in_vm, id=27772, stack(0x000000001ad10000,0x000000001ae10000)]
  0x000000001885d000 JavaThread "Framework Event Dispatcher: Equinox Container: 3edec9e3-fe7d-40c2-9a70-f39ff9682ca4" daemon [_thread_blocked, id=18788, stack(0x000000001ac10000,0x000000001ad10000)]
  0x0000000019581800 JavaThread "Active Thread: Equinox Container: 3edec9e3-fe7d-40c2-9a70-f39ff9682ca4" [_thread_blocked, id=1816, stack(0x000000001ab10000,0x000000001ac10000)]
  0x0000000018602000 JavaThread "Service Thread" daemon [_thread_blocked, id=25296, stack(0x0000000019060000,0x0000000019160000)]
  0x0000000018594000 JavaThread "C1 CompilerThread2" daemon [_thread_blocked, id=12540, stack(0x0000000018f60000,0x0000000019060000)]
  0x0000000018591000 JavaThread "C2 CompilerThread1" daemon [_thread_in_native, id=9140, stack(0x0000000018e60000,0x0000000018f60000)]
=>0x0000000018590000 JavaThread "C2 CompilerThread0" daemon [_thread_in_native, id=26104, stack(0x0000000018d60000,0x0000000018e60000)]
  0x000000001858e000 JavaThread "Attach Listener" daemon [_thread_blocked, id=4576, stack(0x0000000018c60000,0x0000000018d60000)]
  0x0000000018577800 JavaThread "Signal Dispatcher" daemon [_thread_blocked, id=2232, stack(0x0000000018b60000,0x0000000018c60000)]
  0x0000000018576800 JavaThread "Surrogate Locker Thread (Concurrent GC)" daemon [_thread_blocked, id=28252, stack(0x0000000018a60000,0x0000000018b60000)]
  0x00000000184e5000 JavaThread "Finalizer" daemon [_thread_blocked, id=27716, stack(0x0000000018960000,0x0000000018a60000)]
  0x00000000184e3800 JavaThread "Reference Handler" daemon [_thread_blocked, id=25412, stack(0x0000000018860000,0x0000000018960000)]
  0x000000000273e000 JavaThread "main" [_thread_blocked, id=33992, stack(0x00000000025f0000,0x00000000026f0000)]

Other Threads:
  0x00000000184df800 VMThread [stack: 0x0000000018280000,0x0000000018380000] [id=24480]
  0x0000000018608800 WatcherThread [stack: 0x0000000019160000,0x0000000019260000] [id=22676]

VM state:not at safepoint (normal execution)

VM Mutex/Monitor currently owned by a thread: None

Heap:
 garbage-first heap   total 63488K, used 20638K [0x00000000c0000000, 0x00000000c01001f0, 0x0000000100000000)
  region size 1024K, 15 young (15360K), 3 survivors (3072K)
 Metaspace       used 13987K, capacity 14738K, committed 15104K, reserved 1062912K
  class space    used 1450K, capacity 1700K, committed 1792K, reserved 1048576K

Heap Regions: (Y=young(eden), SU=young(survivor), HS=humongous(starts), HC=humongous(continues), CS=collection set, F=free, TS=gc time stamp, PTAMS=previous top-at-mark-start, NTAMS=next top-at-mark-start)
AC   0  O    TS     1 PTAMS 0x00000000c0000000 NTAMS 0x00000000c0000000 space 1024K, 100% used [0x00000000c0000000, 0x00000000c0100000)
AC   0  O    TS     3 PTAMS 0x00000000c0100000 NTAMS 0x00000000c0100000 space 1024K, 100% used [0x00000000c0100000, 0x00000000c0200000)
AC   0  O    TS     3 PTAMS 0x00000000c0200000 NTAMS 0x00000000c0200000 space 1024K, 100% used [0x00000000c0200000, 0x00000000c0300000)
AC   0  O    TS     3 PTAMS 0x00000000c0300000 NTAMS 0x00000000c0300000 space 1024K, 100% used [0x00000000c0300000, 0x00000000c0400000)
AC   0  O    TS     3 PTAMS 0x00000000c0400000 NTAMS 0x00000000c0400000 space 1024K, 100% used [0x00000000c0400000, 0x00000000c0500000)
AC   0  O    TS     3 PTAMS 0x00000000c0500000 NTAMS 0x00000000c0500000 space 1024K, 100% used [0x00000000c0500000, 0x00000000c0600000)
AC   0  O    TS     3 PTAMS 0x00000000c0600000 NTAMS 0x00000000c0600000 space 1024K,  15% used [0x00000000c0600000, 0x00000000c0700000)
AC   0  F    TS     0 PTAMS 0x00000000c0700000 NTAMS 0x00000000c0700000 space 1024K,   0% used [0x00000000c0700000, 0x00000000c0800000)
AC   0  F    TS     0 PTAMS 0x00000000c0800000 NTAMS 0x00000000c0800000 space 1024K,   0% used [0x00000000c0800000, 0x00000000c0900000)
AC   0  F    TS     0 PTAMS 0x00000000c0900000 NTAMS 0x00000000c0900000 space 1024K,   0% used [0x00000000c0900000, 0x00000000c0a00000)
AC   0  F    TS     0 PTAMS 0x00000000c0a00000 NTAMS 0x00000000c0a00000 space 1024K,   0% used [0x00000000c0a00000, 0x00000000c0b00000)
AC   0  F    TS     0 PTAMS 0x00000000c0b00000 NTAMS 0x00000000c0b00000 space 1024K,   0% used [0x00000000c0b00000, 0x00000000c0c00000)
AC   0  F    TS     0 PTAMS 0x00000000c0c00000 NTAMS 0x00000000c0c00000 space 1024K,   0% used [0x00000000c0c00000, 0x00000000c0d00000)
AC   0  F    TS     0 PTAMS 0x00000000c0d00000 NTAMS 0x00000000c0d00000 space 1024K,   0% used [0x00000000c0d00000, 0x00000000c0e00000)
AC   0  F    TS     0 PTAMS 0x00000000c0e00000 NTAMS 0x00000000c0e00000 space 1024K,   0% used [0x00000000c0e00000, 0x00000000c0f00000)
AC   0  F    TS     0 PTAMS 0x00000000c0f00000 NTAMS 0x00000000c0f00000 space 1024K,   0% used [0x00000000c0f00000, 0x00000000c1000000)
AC   0  F    TS     0 PTAMS 0x00000000c1000000 NTAMS 0x00000000c1000000 space 1024K,   0% used [0x00000000c1000000, 0x00000000c1100000)
AC   0  F    TS     0 PTAMS 0x00000000c1100000 NTAMS 0x00000000c1100000 space 1024K,   0% used [0x00000000c1100000, 0x00000000c1200000)
AC   0  F    TS     0 PTAMS 0x00000000c1200000 NTAMS 0x00000000c1200000 space 1024K,   0% used [0x00000000c1200000, 0x00000000c1300000)
AC   0  F    TS     0 PTAMS 0x00000000c1300000 NTAMS 0x00000000c1300000 space 1024K,   0% used [0x00000000c1300000, 0x00000000c1400000)
AC   0  F    TS     0 PTAMS 0x00000000c1400000 NTAMS 0x00000000c1400000 space 1024K,   0% used [0x00000000c1400000, 0x00000000c1500000)
AC   0  F    TS     0 PTAMS 0x00000000c1500000 NTAMS 0x00000000c1500000 space 1024K,   0% used [0x00000000c1500000, 0x00000000c1600000)
AC   0  F    TS     0 PTAMS 0x00000000c1600000 NTAMS 0x00000000c1600000 space 1024K,   0% used [0x00000000c1600000, 0x00000000c1700000)
AC   0  F    TS     0 PTAMS 0x00000000c1700000 NTAMS 0x00000000c1700000 space 1024K,   0% used [0x00000000c1700000, 0x00000000c1800000)
AC   0  F    TS     0 PTAMS 0x00000000c1800000 NTAMS 0x00000000c1800000 space 1024K,   0% used [0x00000000c1800000, 0x00000000c1900000)
AC   0  F    TS     0 PTAMS 0x00000000c1900000 NTAMS 0x00000000c1900000 space 1024K,   0% used [0x00000000c1900000, 0x00000000c1a00000)
AC   0  F    TS     0 PTAMS 0x00000000c1a00000 NTAMS 0x00000000c1a00000 space 1024K,   0% used [0x00000000c1a00000, 0x00000000c1b00000)
AC   0  F    TS     0 PTAMS 0x00000000c1b00000 NTAMS 0x00000000c1b00000 space 1024K,   0% used [0x00000000c1b00000, 0x00000000c1c00000)
AC   0  F    TS     0 PTAMS 0x00000000c1c00000 NTAMS 0x00000000c1c00000 space 1024K,   0% used [0x00000000c1c00000, 0x00000000c1d00000)
AC   0  F    TS     0 PTAMS 0x00000000c1d00000 NTAMS 0x00000000c1d00000 space 1024K,   0% used [0x00000000c1d00000, 0x00000000c1e00000)
AC   0  F    TS     0 PTAMS 0x00000000c1e00000 NTAMS 0x00000000c1e00000 space 1024K,   0% used [0x00000000c1e00000, 0x00000000c1f00000)
AC   0  F    TS     0 PTAMS 0x00000000c1f00000 NTAMS 0x00000000c1f00000 space 1024K,   0% used [0x00000000c1f00000, 0x00000000c2000000)
AC   0  F    TS     0 PTAMS 0x00000000c2000000 NTAMS 0x00000000c2000000 space 1024K,   0% used [0x00000000c2000000, 0x00000000c2100000)
AC   0  F    TS     0 PTAMS 0x00000000c2100000 NTAMS 0x00000000c2100000 space 1024K,   0% used [0x00000000c2100000, 0x00000000c2200000)
AC   0  F    TS     0 PTAMS 0x00000000c2200000 NTAMS 0x00000000c2200000 space 1024K,   0% used [0x00000000c2200000, 0x00000000c2300000)
AC   0  F    TS     0 PTAMS 0x00000000c2300000 NTAMS 0x00000000c2300000 space 1024K,   0% used [0x00000000c2300000, 0x00000000c2400000)
AC   0  F    TS     0 PTAMS 0x00000000c2400000 NTAMS 0x00000000c2400000 space 1024K,   0% used [0x00000000c2400000, 0x00000000c2500000)
AC   0  F    TS     0 PTAMS 0x00000000c2500000 NTAMS 0x00000000c2500000 space 1024K,   0% used [0x00000000c2500000, 0x00000000c2600000)
AC   0  F    TS     0 PTAMS 0x00000000c2600000 NTAMS 0x00000000c2600000 space 1024K,   0% used [0x00000000c2600000, 0x00000000c2700000)
AC   0  F    TS     0 PTAMS 0x00000000c2700000 NTAMS 0x00000000c2700000 space 1024K,   0% used [0x00000000c2700000, 0x00000000c2800000)
AC   0  F    TS     0 PTAMS 0x00000000c2800000 NTAMS 0x00000000c2800000 space 1024K,   0% used [0x00000000c2800000, 0x00000000c2900000)
AC   0  S CS TS     3 PTAMS 0x00000000c2900000 NTAMS 0x00000000c2900000 space 1024K, 100% used [0x00000000c2900000, 0x00000000c2a00000)
AC   0  S CS TS     3 PTAMS 0x00000000c2a00000 NTAMS 0x00000000c2a00000 space 1024K, 100% used [0x00000000c2a00000, 0x00000000c2b00000)
AC   0  S CS TS     3 PTAMS 0x00000000c2b00000 NTAMS 0x00000000c2b00000 space 1024K, 100% used [0x00000000c2b00000, 0x00000000c2c00000)
AC   0  F    TS     0 PTAMS 0x00000000c2c00000 NTAMS 0x00000000c2c00000 space 1024K,   0% used [0x00000000c2c00000, 0x00000000c2d00000)
AC   0  F    TS     0 PTAMS 0x00000000c2d00000 NTAMS 0x00000000c2d00000 space 1024K,   0% used [0x00000000c2d00000, 0x00000000c2e00000)
AC   0  F    TS     1 PTAMS 0x00000000c2e00000 NTAMS 0x00000000c2e00000 space 1024K,   0% used [0x00000000c2e00000, 0x00000000c2f00000)
AC   0  F    TS     1 PTAMS 0x00000000c2f00000 NTAMS 0x00000000c2f00000 space 1024K,   0% used [0x00000000c2f00000, 0x00000000c3000000)
AC   0  F    TS     0 PTAMS 0x00000000c3000000 NTAMS 0x00000000c3000000 space 1024K,   0% used [0x00000000c3000000, 0x00000000c3100000)
AC   0  F    TS     0 PTAMS 0x00000000c3100000 NTAMS 0x00000000c3100000 space 1024K,   0% used [0x00000000c3100000, 0x00000000c3200000)
AC   0  E    TS     0 PTAMS 0x00000000c3200000 NTAMS 0x00000000c3200000 space 1024K,  20% used [0x00000000c3200000, 0x00000000c3300000)
AC   0  E CS TS     0 PTAMS 0x00000000c3300000 NTAMS 0x00000000c3300000 space 1024K, 100% used [0x00000000c3300000, 0x00000000c3400000)
AC   0  E CS TS     0 PTAMS 0x00000000c3400000 NTAMS 0x00000000c3400000 space 1024K, 100% used [0x00000000c3400000, 0x00000000c3500000)
AC   0  E CS TS     0 PTAMS 0x00000000c3500000 NTAMS 0x00000000c3500000 space 1024K, 100% used [0x00000000c3500000, 0x00000000c3600000)
AC   0  E CS TS     0 PTAMS 0x00000000c3600000 NTAMS 0x00000000c3600000 space 1024K, 100% used [0x00000000c3600000, 0x00000000c3700000)
AC   0  E CS TS     0 PTAMS 0x00000000c3700000 NTAMS 0x00000000c3700000 space 1024K, 100% used [0x00000000c3700000, 0x00000000c3800000)
AC   0  E CS TS     0 PTAMS 0x00000000c3800000 NTAMS 0x00000000c3800000 space 1024K, 100% used [0x00000000c3800000, 0x00000000c3900000)
AC   0  E CS TS     0 PTAMS 0x00000000c3900000 NTAMS 0x00000000c3900000 space 1024K, 100% used [0x00000000c3900000, 0x00000000c3a00000)
AC   0  E CS TS     0 PTAMS 0x00000000c3a00000 NTAMS 0x00000000c3a00000 space 1024K, 100% used [0x00000000c3a00000, 0x00000000c3b00000)
AC   0  E CS TS     0 PTAMS 0x00000000c3b00000 NTAMS 0x00000000c3b00000 space 1024K, 100% used [0x00000000c3b00000, 0x00000000c3c00000)
AC   0  E CS TS     0 PTAMS 0x00000000c3c00000 NTAMS 0x00000000c3c00000 space 1024K, 100% used [0x00000000c3c00000, 0x00000000c3d00000)
AC   0  E CS TS     0 PTAMS 0x00000000c3d00000 NTAMS 0x00000000c3d00000 space 1024K, 100% used [0x00000000c3d00000, 0x00000000c3e00000)

Card table byte_map: [0x0000000012d40000,0x0000000012f40000] byte_map_base: 0x0000000012740000

Marking Bits (Prev, Next): (CMBitMap*) 0x0000000002777508, (CMBitMap*) 0x0000000002777560
 Prev Bits: [0x0000000013140000, 0x0000000014140000)
 Next Bits: [0x0000000014140000, 0x0000000015140000)

Polling page: 0x0000000000670000

CodeCache: size=245760Kb used=5718Kb max_used=5718Kb free=240041Kb
 bounds [0x0000000002840000, 0x0000000002de0000, 0x0000000011840000]
 total_blobs=1934 nmethods=1550 adapters=294
 compilation: enabled

Compilation events (10 events):
Event: 6.763 Thread 0x0000000018594000 1567       1       sun.nio.fs.WindowsPath::getFileSystem (5 bytes)
Event: 6.763 Thread 0x0000000018594000 nmethod 1567 0x0000000002dcd510 code [0x0000000002dcd660, 0x0000000002dcd770]
Event: 6.772 Thread 0x0000000018594000 1568       3       sun.nio.fs.WindowsPathParser::isInvalidPathChar (22 bytes)
Event: 6.773 Thread 0x0000000018594000 nmethod 1568 0x0000000002dcd7d0 code [0x0000000002dcd940, 0x0000000002dcdca8]
Event: 6.774 Thread 0x0000000018594000 1569       3       sun.nio.fs.NativeBuffer::address (5 bytes)
Event: 6.774 Thread 0x0000000018594000 nmethod 1569 0x0000000002dcdd90 code [0x0000000002dcdee0, 0x0000000002dce030]
Event: 6.774 Thread 0x0000000018594000 1570       3       java.lang.ThreadLocal$ThreadLocalMap::getEntryAfterMiss (63 bytes)
Event: 6.775 Thread 0x0000000018594000 nmethod 1570 0x0000000002dce090 code [0x0000000002dce220, 0x0000000002dce7a8]
Event: 6.810 Thread 0x0000000018594000 1571       3       org.eclipse.osgi.internal.loader.classpath.ClasspathManager::findLocalClassImpl (55 bytes)
Event: 6.811 Thread 0x0000000018594000 nmethod 1571 0x0000000002dce9d0 code [0x0000000002dceb40, 0x0000000002dcee68]

GC Heap History (4 events):
Event: 5.194 GC heap before
{Heap before GC invocations=0 (full 0):
 garbage-first heap   total 63488K, used 14336K [0x00000000c0000000, 0x00000000c01001f0, 0x0000000100000000)
  region size 1024K, 14 young (14336K), 0 survivors (0K)
 Metaspace       used 6533K, capacity 6704K, committed 6912K, reserved 1056768K
  class space    used 685K, capacity 727K, committed 768K, reserved 1048576K
Event: 5.202 GC heap after
Heap after GC invocations=1 (full 0):
 garbage-first heap   total 63488K, used 3482K [0x00000000c0000000, 0x00000000c01001f0, 0x0000000100000000)
  region size 1024K, 2 young (2048K), 2 survivors (2048K)
 Metaspace       used 6533K, capacity 6704K, committed 6912K, reserved 1056768K
  class space    used 685K, capacity 727K, committed 768K, reserved 1048576K
}
Event: 6.221 GC heap before
{Heap before GC invocations=1 (full 0):
 garbage-first heap   total 63488K, used 19866K [0x00000000c0000000, 0x00000000c01001f0, 0x0000000100000000)
  region size 1024K, 18 young (18432K), 2 survivors (2048K)
 Metaspace       used 9905K, capacity 10206K, committed 10368K, reserved 1058816K
  class space    used 1027K, capacity 1099K, committed 1152K, reserved 1048576K
Event: 6.233 GC heap after
Heap after GC invocations=2 (full 0):
 garbage-first heap   total 63488K, used 9374K [0x00000000c0000000, 0x00000000c01001f0, 0x0000000100000000)
  region size 1024K, 3 young (3072K), 3 survivors (3072K)
 Metaspace       used 9905K, capacity 10206K, committed 10368K, reserved 1058816K
  class space    used 1027K, capacity 1099K, committed 1152K, reserved 1048576K
}

Deoptimization events (10 events):
Event: 6.515 Thread 0x000000001943e000 Uncommon trap: reason=class_check action=maybe_recompile pc=0x0000000002a6f468 method=java.io.DataInputStream.readInt()I @ 4
Event: 6.515 Thread 0x000000001943e000 Uncommon trap: reason=class_check action=maybe_recompile pc=0x0000000002a6f468 method=java.io.DataInputStream.readInt()I @ 4
Event: 6.515 Thread 0x000000001943e000 Uncommon trap: reason=class_check action=maybe_recompile pc=0x0000000002a6f468 method=java.io.DataInputStream.readInt()I @ 4
Event: 6.515 Thread 0x000000001943e000 Uncommon trap: reason=class_check action=maybe_recompile pc=0x0000000002a6f468 method=java.io.DataInputStream.readInt()I @ 4
Event: 6.543 Thread 0x000000001943e000 Uncommon trap: reason=unstable_if action=reinterpret pc=0x0000000002ba8c20 method=java.io.WinNTFileSystem.normalize(Ljava/lang/String;II)Ljava/lang/String; @ 103
Event: 6.675 Thread 0x000000001943e000 Uncommon trap: reason=bimorphic action=maybe_recompile pc=0x0000000002d458b0 method=java.io.DataInputStream.readInt()I @ 4
Event: 6.677 Thread 0x000000001943e000 Uncommon trap: reason=bimorphic action=maybe_recompile pc=0x0000000002d458b0 method=java.io.DataInputStream.readInt()I @ 4
Event: 6.677 Thread 0x000000001943e000 Uncommon trap: reason=bimorphic action=maybe_recompile pc=0x0000000002d458b0 method=java.io.DataInputStream.readInt()I @ 4
Event: 6.678 Thread 0x000000001943e000 Uncommon trap: reason=bimorphic action=maybe_recompile pc=0x0000000002d458b0 method=java.io.DataInputStream.readInt()I @ 4
Event: 6.722 Thread 0x000000001943e000 Uncommon trap: reason=unloaded action=reinterpret pc=0x0000000002a726dc method=java.io.DataInputStream.readUnsignedShort()I @ 22

Classes redefined (0 events):
No events

Internal exceptions (10 events):
Event: 4.897 Thread 0x000000000273e000 Exception <a 'java/lang/ClassNotFoundException': sun/net/www/protocol/c/Handler> (0x00000000c338ca68) thrown at [C:\re\workspace\8-2-build-windows-amd64-cygwin\jdk8u171\10807\hotspot\src\share\vm\classfile\systemDictionary.cpp, line 210]
Event: 4.897 Thread 0x000000000273e000 Exception <a 'java/lang/ClassNotFoundException': sun/net/www/protocol/c/Handler> (0x00000000c338e0a8) thrown at [C:\re\workspace\8-2-build-windows-amd64-cygwin\jdk8u171\10807\hotspot\src\share\vm\classfile\systemDictionary.cpp, line 210]
Event: 4.916 Thread 0x000000000273e000 Exception <a 'java/io/FileNotFoundException'> (0x00000000c33b6cb8) thrown at [C:\re\workspace\8-2-build-windows-amd64-cygwin\jdk8u171\10807\hotspot\src\share\vm\prims\jni.cpp, line 709]
Event: 4.990 Thread 0x000000000273e000 Implicit null exception at 0x00000000029fc518 to 0x00000000029fc5a6
Event: 5.868 Thread 0x000000001885d000 Implicit null exception at 0x00000000029e2fcc to 0x00000000029e30f5
Event: 5.873 Thread 0x000000000273e000 Exception <a 'java/lang/UnsatisfiedLinkError': org.eclipse.equinox.launcher.JNIBridge._update_splash()V> (0x00000000c3443028) thrown at [C:\re\workspace\8-2-build-windows-amd64-cygwin\jdk8u171\10807\hotspot\src\share\vm\prims\nativeLookup.cpp, line 378]
Event: 6.380 Thread 0x000000001943e000 Exception <a 'java/io/FileNotFoundException'> (0x00000000c3a61638) thrown at [C:\re\workspace\8-2-build-windows-amd64-cygwin\jdk8u171\10807\hotspot\src\share\vm\prims\jni.cpp, line 709]
Event: 6.464 Thread 0x000000001943e000 Exception <a 'java/lang/NoSuchFieldError': method resolution failed> (0x00000000c39bb470) thrown at [C:\re\workspace\8-2-build-windows-amd64-cygwin\jdk8u171\10807\hotspot\src\share\vm\prims\methodHandles.cpp, line 1167]
Event: 6.471 Thread 0x000000001943e000 Exception <a 'java/lang/NoSuchFieldError': method resolution failed> (0x00000000c39c8f80) thrown at [C:\re\workspace\8-2-build-windows-amd64-cygwin\jdk8u171\10807\hotspot\src\share\vm\prims\methodHandles.cpp, line 1167]
Event: 6.645 Thread 0x000000001943e000 Exception <a 'java/io/FileNotFoundException'> (0x00000000c354c930) thrown at [C:\re\workspace\8-2-build-windows-amd64-cygwin\jdk8u171\10807\hotspot\src\share\vm\prims\jni.cpp, line 709]

Events (10 events):
Event: 6.759 loading class sun/nio/fs/WindowsFileAttributeViews$Dos
Event: 6.760 loading class sun/nio/fs/WindowsFileAttributeViews$Basic
Event: 6.760 loading class sun/nio/fs/AbstractBasicFileAttributeView
Event: 6.760 loading class sun/nio/fs/DynamicFileAttributeView
Event: 6.760 loading class sun/nio/fs/DynamicFileAttributeView done
Event: 6.760 loading class sun/nio/fs/AbstractBasicFileAttributeView done
Event: 6.760 loading class sun/nio/fs/WindowsFileAttributeViews$Basic done
Event: 6.760 loading class sun/nio/fs/WindowsFileAttributeViews$Dos done
Event: 6.761 loading class java/nio/file/attribute/FileTime
Event: 6.761 loading class java/nio/file/attribute/FileTime done


Dynamic libraries:
0x00007ff7d1be0000 - 0x00007ff7d1c17000 	C:\Program Files\Java\jdk1.8.0_171\bin\java.exe
0x00007ffe81600000 - 0x00007ffe817ed000 	C:\WINDOWS\SYSTEM32\ntdll.dll
0x00007ffe81470000 - 0x00007ffe81523000 	C:\WINDOWS\System32\KERNEL32.DLL
0x00007ffe7d990000 - 0x00007ffe7dc23000 	C:\WINDOWS\System32\KERNELBASE.dll
0x00007ffe7ece0000 - 0x00007ffe7ed83000 	C:\WINDOWS\System32\ADVAPI32.dll
0x00007ffe7f090000 - 0x00007ffe7f12e000 	C:\WINDOWS\System32\msvcrt.dll
0x00007ffe81530000 - 0x00007ffe815ce000 	C:\WINDOWS\System32\sechost.dll
0x00007ffe7e830000 - 0x00007ffe7e952000 	C:\WINDOWS\System32\RPCRT4.dll
0x00007ffe7e960000 - 0x00007ffe7eaf7000 	C:\WINDOWS\System32\USER32.dll
0x00007ffe7d6d0000 - 0x00007ffe7d6f0000 	C:\WINDOWS\System32\win32u.dll
0x00007ffe7eb00000 - 0x00007ffe7eb29000 	C:\WINDOWS\System32\GDI32.dll
0x00007ffe7dc90000 - 0x00007ffe7de2a000 	C:\WINDOWS\System32\gdi32full.dll
0x00007ffe7d870000 - 0x00007ffe7d910000 	C:\WINDOWS\System32\msvcp_win.dll
0x00007ffe7d720000 - 0x00007ffe7d81a000 	C:\WINDOWS\System32\ucrtbase.dll
0x00007ffe6f500000 - 0x00007ffe6f779000 	C:\WINDOWS\WinSxS\amd64_microsoft.windows.common-controls_6595b64144ccf1df_6.0.17763.437_none_05b63dca071e5dd6\COMCTL32.dll
0x00007ffe80c40000 - 0x00007ffe80f6c000 	C:\WINDOWS\System32\combase.dll
0x00007ffe7d910000 - 0x00007ffe7d98e000 	C:\WINDOWS\System32\bcryptPrimitives.dll
0x00007ffe81040000 - 0x00007ffe8106e000 	C:\WINDOWS\System32\IMM32.DLL
0x0000000059180000 - 0x0000000059252000 	C:\Program Files\Java\jdk1.8.0_171\jre\bin\msvcr100.dll
0x00000000580b0000 - 0x0000000058950000 	C:\Program Files\Java\jdk1.8.0_171\jre\bin\server\jvm.dll
0x00007ffe7f6d0000 - 0x00007ffe7f6d8000 	C:\WINDOWS\System32\PSAPI.DLL
0x00007ffe6c290000 - 0x00007ffe6c299000 	C:\WINDOWS\SYSTEM32\WSOCK32.dll
0x00007ffe7f6e0000 - 0x00007ffe7f74d000 	C:\WINDOWS\System32\WS2_32.dll
0x00007ffe7b010000 - 0x00007ffe7b034000 	C:\WINDOWS\SYSTEM32\WINMM.dll
0x00007ffe6d230000 - 0x00007ffe6d23a000 	C:\WINDOWS\SYSTEM32\VERSION.dll
0x00007ffe7afe0000 - 0x00007ffe7b00d000 	C:\WINDOWS\SYSTEM32\WINMMBASE.dll
0x00007ffe7d820000 - 0x00007ffe7d86a000 	C:\WINDOWS\System32\cfgmgr32.dll
0x0000000059530000 - 0x000000005953f000 	C:\Program Files\Java\jdk1.8.0_171\jre\bin\verify.dll
0x0000000059500000 - 0x0000000059529000 	C:\Program Files\Java\jdk1.8.0_171\jre\bin\java.dll
0x0000000059160000 - 0x0000000059176000 	C:\Program Files\Java\jdk1.8.0_171\jre\bin\zip.dll
0x00007ffe7f750000 - 0x00007ffe80c40000 	C:\WINDOWS\System32\SHELL32.dll
0x00007ffe7f130000 - 0x00007ffe7f1d8000 	C:\WINDOWS\System32\shcore.dll
0x00007ffe7de30000 - 0x00007ffe7e57a000 	C:\WINDOWS\System32\windows.storage.dll
0x00007ffe7d6a0000 - 0x00007ffe7d6c4000 	C:\WINDOWS\System32\profapi.dll
0x00007ffe7d640000 - 0x00007ffe7d69d000 	C:\WINDOWS\System32\powrprof.dll
0x00007ffe810d0000 - 0x00007ffe81122000 	C:\WINDOWS\System32\shlwapi.dll
0x00007ffe7d600000 - 0x00007ffe7d611000 	C:\WINDOWS\System32\kernel.appcore.dll
0x00007ffe7e810000 - 0x00007ffe7e827000 	C:\WINDOWS\System32\cryptsp.dll
0x00007ffe7c600000 - 0x00007ffe7c633000 	C:\WINDOWS\system32\rsaenh.dll
0x00007ffe7d6f0000 - 0x00007ffe7d716000 	C:\WINDOWS\System32\bcrypt.dll
0x00007ffe7d500000 - 0x00007ffe7d528000 	C:\WINDOWS\SYSTEM32\USERENV.dll
0x00007ffe7cc10000 - 0x00007ffe7cc1c000 	C:\WINDOWS\SYSTEM32\CRYPTBASE.dll
0x0000000059140000 - 0x000000005915a000 	C:\Program Files\Java\jdk1.8.0_171\jre\bin\net.dll
0x00007ffe7ca40000 - 0x00007ffe7caa7000 	C:\WINDOWS\system32\mswsock.dll
0x00007ffe7c7a0000 - 0x00007ffe7c7dd000 	C:\WINDOWS\SYSTEM32\IPHLPAPI.DLL
0x00007ffe7efa0000 - 0x00007ffe7efa8000 	C:\WINDOWS\System32\NSI.dll
0x00007ffe72140000 - 0x00007ffe72156000 	C:\WINDOWS\SYSTEM32\dhcpcsvc6.DLL
0x00007ffe72900000 - 0x00007ffe7291c000 	C:\WINDOWS\SYSTEM32\dhcpcsvc.DLL
0x00007ffe7c7e0000 - 0x00007ffe7c8a6000 	C:\WINDOWS\SYSTEM32\DNSAPI.dll
0x0000000059120000 - 0x0000000059131000 	C:\Program Files\Java\jdk1.8.0_171\jre\bin\nio.dll
0x00007ffe67e60000 - 0x00007ffe67e89000 	C:\Users\XNOTE\.vscode\extensions\redhat.java-0.45.0\server\config_win\org.eclipse.equinox.launcher\org.eclipse.equinox.launcher.win32.win32.x86_64_1.1.1000.v20190125-2016\eclipse_1801.dll

VM Arguments:
jvm_args: -Declipse.application=org.eclipse.jdt.ls.core.id1 -Dosgi.bundles.defaultStartLevel=4 -Declipse.product=org.eclipse.jdt.ls.core.product -Dfile.encoding=utf8 -DwatchParentProcess=false -Xverify:none -Xmx1G -XX:+UseG1GC -XX:+UseStringDeduplication 
java_command: C:\Users\XNOTE\.vscode\extensions\redhat.java-0.45.0\server\plugins\org.eclipse.equinox.launcher_1.5.400.v20190514-1658.jar -configuration C:\Users\XNOTE\.vscode\extensions\redhat.java-0.45.0\server\config_win -data c:\Users\XNOTE\AppData\Roaming\Code\User\workspaceStorage\93e8932c494c5971e4fa6186b51a1aec\redhat.java\jdt_ws
java_class_path (initial): C:\Users\XNOTE\.vscode\extensions\redhat.java-0.45.0\server\plugins\org.eclipse.equinox.launcher_1.5.400.v20190514-1658.jar
Launcher Type: SUN_STANDARD

Environment Variables:
PATH=C:\Program Files (x86)\Common Files\Oracle\Java\javapath;C:\ProgramData\Oracle\Java\javapath;C:\python27;C:\WINDOWS\system32;C:\WINDOWS;C:\WINDOWS\System32\Wbem;C:\WINDOWS\System32\WindowsPowerShell\v1.0\;C:\Program Files (x86)\Windows Live\Shared;C:\WINDOWS\System32\OpenSSH\;C:\Program Files\PuTTY\;C:\Program Files\Microsoft VS Code\bin;C:\Program Files\Git\cmd;C:\Program Files\Java\jdk1.8.0_171\bin;%USERPROFILE%\AppData\Local\Microsoft\WindowsApps;
USERNAME=¹Î¿ì
OS=Windows_NT
PROCESSOR_IDENTIFIER=Intel64 Family 6 Model 58 Stepping 9, GenuineIntel



---------------  S Y S T E M  ---------------

OS: Windows 10.0 , 64 bit Build 17763 (10.0.17763.437)

CPU:total 4 (initial active 4) (2 cores per cpu, 2 threads per core) family 6 model 58 stepping 9, cmov, cx8, fxsr, mmx, sse, sse2, sse3, ssse3, sse4.1, sse4.2, popcnt, avx, clmul, erms, ht, tsc, tscinvbit, tscinv

Memory: 4k page, physical 4024712k(717676k free), swap 5445000k(7244k free)

vm_info: Java HotSpot(TM) 64-Bit Server VM (25.171-b11) for windows-amd64 JRE (1.8.0_171-b11), built on Mar 28 2018 16:06:12 by "java_re" with MS VC++ 10.0 (VS2010)

time: Thu May 23 20:31:33 2019
elapsed time: 6 seconds (0d 0h 0m 6s)

