#
# There is insufficient memory for the Java Runtime Environment to continue.
# Native memory allocation (malloc) failed to allocate 898896 bytes for Chunk::new
# Possible reasons:
#   The system is out of physical RAM or swap space
#   In 32 bit mode, the process size limit was hit
# Possible solutions:
#   Reduce memory load on the system
#   Increase physical memory or swap space
#   Check if swap backing store is full
#   Use 64 bit Java on a 64 bit OS
#   Decrease Java heap size (-Xmx/-Xms)
#   Decrease number of Java threads
#   Decrease Java thread stack sizes (-Xss)
#   Set larger code cache with -XX:ReservedCodeCacheSize=
# This output file may be truncated or incomplete.
#
#  Out of Memory Error (allocation.cpp:390), pid=2124, tid=0x0000000000003050
#
# JRE version: Java(TM) SE Runtime Environment (8.0_171-b11) (build 1.8.0_171-b11)
# Java VM: Java HotSpot(TM) 64-Bit Server VM (25.171-b11 mixed mode windows-amd64 compressed oops)
# Failed to write core dump. Minidumps are not enabled by default on client versions of Windows
#

---------------  T H R E A D  ---------------

Current thread (0x000000001910f000):  JavaThread "C2 CompilerThread1" daemon [_thread_in_native, id=12368, stack(0x00000000199e0000,0x0000000019ae0000)]

Stack: [0x00000000199e0000,0x0000000019ae0000]
[error occurred during error reporting (printing stack bounds), id 0xc0000005]

Native frames: (J=compiled Java code, j=interpreted, Vv=VM code, C=native code)


Current CompileTask:
C2:1573453 12451   !   4       org.eclipse.jdt.internal.core.util.PublicScanner::getNextToken (3685 bytes)


---------------  P R O C E S S  ---------------

Java Threads: ( => current thread )
  0x000000001d4a9800 JavaThread "ForkJoinPool.commonPool-worker-3" daemon [_thread_blocked, id=10904, stack(0x0000000027f80000,0x0000000028080000)]
  0x000000001d4b0800 JavaThread "ForkJoinPool.commonPool-worker-2" daemon [_thread_blocked, id=18636, stack(0x0000000027e80000,0x0000000027f80000)]
  0x000000001d4a8000 JavaThread "ForkJoinPool.commonPool-worker-1" daemon [_thread_in_Java, id=13300, stack(0x0000000027d80000,0x0000000027e80000)]
  0x000000001d4a6000 JavaThread "pool-4-thread-1" [_thread_blocked, id=10944, stack(0x0000000027c80000,0x0000000027d80000)]
  0x000000001d4aa800 JavaThread "pool-3-thread-1" [_thread_blocked, id=3400, stack(0x0000000027b80000,0x0000000027c80000)]
  0x000000001d4a6800 JavaThread "pool-2-thread-1" [_thread_blocked, id=2548, stack(0x0000000027a80000,0x0000000027b80000)]
  0x000000001d4ad800 JavaThread "Worker-11" [_thread_blocked, id=12600, stack(0x0000000026d80000,0x0000000026e80000)]
  0x000000001d4b0000 JavaThread "Worker-10" [_thread_blocked, id=7860, stack(0x0000000026a80000,0x0000000026b80000)]
  0x000000001d4a7800 JavaThread "Worker-9" [_thread_blocked, id=13376, stack(0x0000000025680000,0x0000000025780000)]
  0x000000001da56000 JavaThread "Bundle File Closer" daemon [_thread_blocked, id=17808, stack(0x0000000021940000,0x0000000021a40000)]
  0x000000001a5e8800 JavaThread "pool-1-thread-1" [_thread_in_Java, id=1484, stack(0x000000001f5d0000,0x000000001f6d0000)]
  0x000000001a52b800 JavaThread "Java indexing" daemon [_thread_blocked, id=10168, stack(0x000000001c630000,0x000000001c730000)]
  0x0000000019e3d800 JavaThread "Worker-JM" [_thread_blocked, id=5036, stack(0x000000001bb90000,0x000000001bc90000)]
  0x000000001a54d000 JavaThread "Start Level: Equinox Container: 6febb986-7d3d-4517-9c13-e8e0bb4a011a" daemon [_thread_blocked, id=18248, stack(0x000000001b7b0000,0x000000001b8b0000)]
  0x000000001a533000 JavaThread "Framework Event Dispatcher: Equinox Container: 6febb986-7d3d-4517-9c13-e8e0bb4a011a" daemon [_thread_blocked, id=11360, stack(0x000000001b6b0000,0x000000001b7b0000)]
  0x000000001a0e3000 JavaThread "Active Thread: Equinox Container: 6febb986-7d3d-4517-9c13-e8e0bb4a011a" [_thread_blocked, id=400, stack(0x000000001b5b0000,0x000000001b6b0000)]
  0x00000000191b1000 JavaThread "Service Thread" daemon [_thread_blocked, id=14600, stack(0x0000000019be0000,0x0000000019ce0000)]
  0x0000000019112000 JavaThread "C1 CompilerThread2" daemon [_thread_blocked, id=7748, stack(0x0000000019ae0000,0x0000000019be0000)]
=>0x000000001910f000 JavaThread "C2 CompilerThread1" daemon [_thread_in_native, id=12368, stack(0x00000000199e0000,0x0000000019ae0000)]
  0x000000001910e000 JavaThread "C2 CompilerThread0" daemon [_thread_in_native, id=7076, stack(0x00000000198e0000,0x00000000199e0000)]
  0x000000001910d000 JavaThread "Attach Listener" daemon [_thread_blocked, id=13864, stack(0x00000000197e0000,0x00000000198e0000)]
  0x00000000190f5800 JavaThread "Signal Dispatcher" daemon [_thread_blocked, id=15056, stack(0x00000000196e0000,0x00000000197e0000)]
  0x00000000190f4800 JavaThread "Surrogate Locker Thread (Concurrent GC)" daemon [_thread_blocked, id=15344, stack(0x00000000195e0000,0x00000000196e0000)]
  0x000000001906a800 JavaThread "Finalizer" daemon [_thread_blocked, id=8824, stack(0x00000000194e0000,0x00000000195e0000)]
  0x0000000019062800 JavaThread "Reference Handler" daemon [_thread_blocked, id=15676, stack(0x00000000193e0000,0x00000000194e0000)]
  0x00000000032be000 JavaThread "main" [_thread_blocked, id=9888, stack(0x00000000030f0000,0x00000000031f0000)]

Other Threads:
  0x000000001905e800 VMThread [stack: 0x0000000018e00000,0x0000000018f00000] [id=14264]
  0x00000000191b7800 WatcherThread [stack: 0x0000000019ce0000,0x0000000019de0000] [id=4492]

VM state:not at safepoint (normal execution)

VM Mutex/Monitor currently owned by a thread: None

Heap:
 garbage-first heap   total 409600K, used 223401K [0x00000000c0000000, 0x00000000c0100c80, 0x0000000100000000)
  region size 1024K, 111 young (113664K), 15 survivors (15360K)
 Metaspace       used 56853K, capacity 59594K, committed 59776K, reserved 1101824K
  class space    used 5608K, capacity 6498K, committed 6528K, reserved 1048576K

Heap Regions: (Y=young(eden), SU=young(survivor), HS=humongous(starts), HC=humongous(continues), CS=collection set, F=free, TS=gc time stamp, PTAMS=previous top-at-mark-start, NTAMS=next top-at-mark-start)
AC   0  O    TS     0 PTAMS 0x00000000c0100000 NTAMS 0x00000000c0100000 space 1024K, 100% used [0x00000000c0000000, 0x00000000c0100000)
AC   0  O    TS     0 PTAMS 0x00000000c0200000 NTAMS 0x00000000c0200000 space 1024K, 100% used [0x00000000c0100000, 0x00000000c0200000)
AC   0  O    TS     0 PTAMS 0x00000000c0300000 NTAMS 0x00000000c0300000 space 1024K, 100% used [0x00000000c0200000, 0x00000000c0300000)
AC   0  O    TS     0 PTAMS 0x00000000c0400000 NTAMS 0x00000000c0400000 space 1024K, 100% used [0x00000000c0300000, 0x00000000c0400000)
AC   0 HS    TS     0 PTAMS 0x00000000c0400000 NTAMS 0x00000000c0400000 space 1024K,  72% used [0x00000000c0400000, 0x00000000c0500000)
AC   0 HS    TS     0 PTAMS 0x00000000c0500000 NTAMS 0x00000000c0500000 space 1024K,  72% used [0x00000000c0500000, 0x00000000c0600000)
AC   0  O    TS     0 PTAMS 0x00000000c0700000 NTAMS 0x00000000c0700000 space 1024K, 100% used [0x00000000c0600000, 0x00000000c0700000)
AC   0  O    TS     0 PTAMS 0x00000000c0800000 NTAMS 0x00000000c0800000 space 1024K, 100% used [0x00000000c0700000, 0x00000000c0800000)
AC   0  O    TS     0 PTAMS 0x00000000c0900000 NTAMS 0x00000000c0900000 space 1024K, 100% used [0x00000000c0800000, 0x00000000c0900000)
AC   0  O    TS     0 PTAMS 0x00000000c0a00000 NTAMS 0x00000000c0a00000 space 1024K, 100% used [0x00000000c0900000, 0x00000000c0a00000)
AC   0  O    TS     0 PTAMS 0x00000000c0b00000 NTAMS 0x00000000c0b00000 space 1024K, 100% used [0x00000000c0a00000, 0x00000000c0b00000)
AC   0  O    TS     0 PTAMS 0x00000000c0c00000 NTAMS 0x00000000c0c00000 space 1024K, 100% used [0x00000000c0b00000, 0x00000000c0c00000)
AC   0  O    TS     0 PTAMS 0x00000000c0d00000 NTAMS 0x00000000c0d00000 space 1024K, 100% used [0x00000000c0c00000, 0x00000000c0d00000)
AC   0  O    TS     0 PTAMS 0x00000000c0e00000 NTAMS 0x00000000c0e00000 space 1024K, 100% used [0x00000000c0d00000, 0x00000000c0e00000)
AC   0  O    TS     0 PTAMS 0x00000000c0f00000 NTAMS 0x00000000c0f00000 space 1024K, 100% used [0x00000000c0e00000, 0x00000000c0f00000)
AC   0  O    TS     0 PTAMS 0x00000000c1000000 NTAMS 0x00000000c1000000 space 1024K, 100% used [0x00000000c0f00000, 0x00000000c1000000)
AC   0  O    TS     0 PTAMS 0x00000000c1100000 NTAMS 0x00000000c1100000 space 1024K, 100% used [0x00000000c1000000, 0x00000000c1100000)
AC   0  O    TS     0 PTAMS 0x00000000c1200000 NTAMS 0x00000000c1200000 space 1024K, 100% used [0x00000000c1100000, 0x00000000c1200000)
AC   0  O    TS     0 PTAMS 0x00000000c1300000 NTAMS 0x00000000c1300000 space 1024K, 100% used [0x00000000c1200000, 0x00000000c1300000)
AC   0  O    TS     0 PTAMS 0x00000000c1400000 NTAMS 0x00000000c1400000 space 1024K, 100% used [0x00000000c1300000, 0x00000000c1400000)
AC   0  O    TS     0 PTAMS 0x00000000c1500000 NTAMS 0x00000000c1500000 space 1024K, 100% used [0x00000000c1400000, 0x00000000c1500000)
AC   0  O    TS     0 PTAMS 0x00000000c1600000 NTAMS 0x00000000c1600000 space 1024K, 100% used [0x00000000c1500000, 0x00000000c1600000)
AC   0  O    TS     0 PTAMS 0x00000000c1700000 NTAMS 0x00000000c1700000 space 1024K, 100% used [0x00000000c1600000, 0x00000000c1700000)
AC   0  O    TS     0 PTAMS 0x00000000c1800000 NTAMS 0x00000000c1800000 space 1024K, 100% used [0x00000000c1700000, 0x00000000c1800000)
AC   0  O    TS     0 PTAMS 0x00000000c1900000 NTAMS 0x00000000c1900000 space 1024K, 100% used [0x00000000c1800000, 0x00000000c1900000)
AC   0 HS    TS     0 PTAMS 0x00000000c1980010 NTAMS 0x00000000c1980010 space 1024K,  50% used [0x00000000c1900000, 0x00000000c1a00000)
AC   0  O    TS     0 PTAMS 0x00000000c1b00000 NTAMS 0x00000000c1b00000 space 1024K, 100% used [0x00000000c1a00000, 0x00000000c1b00000)
AC   0  O    TS     0 PTAMS 0x00000000c1c00000 NTAMS 0x00000000c1c00000 space 1024K, 100% used [0x00000000c1b00000, 0x00000000c1c00000)
AC   0  O    TS     0 PTAMS 0x00000000c1d00000 NTAMS 0x00000000c1d00000 space 1024K, 100% used [0x00000000c1c00000, 0x00000000c1d00000)
AC   0  O    TS     0 PTAMS 0x00000000c1e00000 NTAMS 0x00000000c1e00000 space 1024K, 100% used [0x00000000c1d00000, 0x00000000c1e00000)
AC   0  O    TS     0 PTAMS 0x00000000c1f00000 NTAMS 0x00000000c1f00000 space 1024K, 100% used [0x00000000c1e00000, 0x00000000c1f00000)
AC   0  O    TS     0 PTAMS 0x00000000c2000000 NTAMS 0x00000000c2000000 space 1024K, 100% used [0x00000000c1f00000, 0x00000000c2000000)
AC   0  O    TS     0 PTAMS 0x00000000c2100000 NTAMS 0x00000000c2100000 space 1024K, 100% used [0x00000000c2000000, 0x00000000c2100000)
AC   0  O    TS     0 PTAMS 0x00000000c2200000 NTAMS 0x00000000c2200000 space 1024K, 100% used [0x00000000c2100000, 0x00000000c2200000)
AC   0  O    TS     0 PTAMS 0x00000000c2300000 NTAMS 0x00000000c2300000 space 1024K, 100% used [0x00000000c2200000, 0x00000000c2300000)
AC   0  O    TS     0 PTAMS 0x00000000c2400000 NTAMS 0x00000000c2400000 space 1024K, 100% used [0x00000000c2300000, 0x00000000c2400000)
AC   0  O    TS     0 PTAMS 0x00000000c2500000 NTAMS 0x00000000c2500000 space 1024K, 100% used [0x00000000c2400000, 0x00000000c2500000)
AC   0  O    TS     0 PTAMS 0x00000000c2600000 NTAMS 0x00000000c2600000 space 1024K, 100% used [0x00000000c2500000, 0x00000000c2600000)
AC   0  O    TS     0 PTAMS 0x00000000c2700000 NTAMS 0x00000000c2700000 space 1024K, 100% used [0x00000000c2600000, 0x00000000c2700000)
AC   0  O    TS     0 PTAMS 0x00000000c2800000 NTAMS 0x00000000c2800000 space 1024K, 100% used [0x00000000c2700000, 0x00000000c2800000)
AC   0  O    TS     0 PTAMS 0x00000000c2900000 NTAMS 0x00000000c2900000 space 1024K, 100% used [0x00000000c2800000, 0x00000000c2900000)
AC   0  O    TS     0 PTAMS 0x00000000c2a00000 NTAMS 0x00000000c2a00000 space 1024K, 100% used [0x00000000c2900000, 0x00000000c2a00000)
AC   0  O    TS     0 PTAMS 0x00000000c2b00000 NTAMS 0x00000000c2b00000 space 1024K, 100% used [0x00000000c2a00000, 0x00000000c2b00000)
AC   0  O    TS     0 PTAMS 0x00000000c2c00000 NTAMS 0x00000000c2c00000 space 1024K, 100% used [0x00000000c2b00000, 0x00000000c2c00000)
AC   0  O    TS     0 PTAMS 0x00000000c2d00000 NTAMS 0x00000000c2d00000 space 1024K, 100% used [0x00000000c2c00000, 0x00000000c2d00000)
AC   0  O    TS     0 PTAMS 0x00000000c2e00000 NTAMS 0x00000000c2e00000 space 1024K, 100% used [0x00000000c2d00000, 0x00000000c2e00000)
AC   0  O    TS     0 PTAMS 0x00000000c2f00000 NTAMS 0x00000000c2f00000 space 1024K, 100% used [0x00000000c2e00000, 0x00000000c2f00000)
AC   0  O    TS     0 PTAMS 0x00000000c3000000 NTAMS 0x00000000c3000000 space 1024K, 100% used [0x00000000c2f00000, 0x00000000c3000000)
AC   0  O    TS     0 PTAMS 0x00000000c3100000 NTAMS 0x00000000c3100000 space 1024K, 100% used [0x00000000c3000000, 0x00000000c3100000)
AC   0  O    TS     0 PTAMS 0x00000000c3200000 NTAMS 0x00000000c3200000 space 1024K, 100% used [0x00000000c3100000, 0x00000000c3200000)
AC   0  O    TS     0 PTAMS 0x00000000c3300000 NTAMS 0x00000000c3300000 space 1024K, 100% used [0x00000000c3200000, 0x00000000c3300000)
AC   0  O    TS     0 PTAMS 0x00000000c3400000 NTAMS 0x00000000c3400000 space 1024K, 100% used [0x00000000c3300000, 0x00000000c3400000)
AC   0  O    TS     0 PTAMS 0x00000000c3500000 NTAMS 0x00000000c3500000 space 1024K, 100% used [0x00000000c3400000, 0x00000000c3500000)
AC   0  O    TS     0 PTAMS 0x00000000c3600000 NTAMS 0x00000000c3600000 space 1024K, 100% used [0x00000000c3500000, 0x00000000c3600000)
AC   0  O    TS     0 PTAMS 0x00000000c3600000 NTAMS 0x00000000c3600000 space 1024K, 100% used [0x00000000c3600000, 0x00000000c3700000)
AC   0  O    TS     0 PTAMS 0x00000000c3700000 NTAMS 0x00000000c3700000 space 1024K, 100% used [0x00000000c3700000, 0x00000000c3800000)
AC   0  O    TS     0 PTAMS 0x00000000c3800000 NTAMS 0x00000000c3800000 space 1024K, 100% used [0x00000000c3800000, 0x00000000c3900000)
AC   0  O    TS     0 PTAMS 0x00000000c3900000 NTAMS 0x00000000c3900000 space 1024K, 100% used [0x00000000c3900000, 0x00000000c3a00000)
AC   0  O    TS     0 PTAMS 0x00000000c3a00000 NTAMS 0x00000000c3a00000 space 1024K, 100% used [0x00000000c3a00000, 0x00000000c3b00000)
AC   0  O    TS     0 PTAMS 0x00000000c3c00000 NTAMS 0x00000000c3c00000 space 1024K, 100% used [0x00000000c3b00000, 0x00000000c3c00000)
AC   0  O    TS     0 PTAMS 0x00000000c3d00000 NTAMS 0x00000000c3d00000 space 1024K, 100% used [0x00000000c3c00000, 0x00000000c3d00000)
AC   0  O    TS     0 PTAMS 0x00000000c3e00000 NTAMS 0x00000000c3e00000 space 1024K, 100% used [0x00000000c3d00000, 0x00000000c3e00000)
AC   0  O    TS     0 PTAMS 0x00000000c3f00000 NTAMS 0x00000000c3f00000 space 1024K, 100% used [0x00000000c3e00000, 0x00000000c3f00000)
AC   0  O    TS     0 PTAMS 0x00000000c4000000 NTAMS 0x00000000c4000000 space 1024K, 100% used [0x00000000c3f00000, 0x00000000c4000000)
AC   0  O    TS     0 PTAMS 0x00000000c4100000 NTAMS 0x00000000c4100000 space 1024K, 100% used [0x00000000c4000000, 0x00000000c4100000)
AC   0  O    TS     0 PTAMS 0x00000000c4200000 NTAMS 0x00000000c4200000 space 1024K, 100% used [0x00000000c4100000, 0x00000000c4200000)
AC   0  O    TS     0 PTAMS 0x00000000c4300000 NTAMS 0x00000000c4300000 space 1024K, 100% used [0x00000000c4200000, 0x00000000c4300000)
AC   0  O    TS     0 PTAMS 0x00000000c4400000 NTAMS 0x00000000c4400000 space 1024K, 100% used [0x00000000c4300000, 0x00000000c4400000)
AC   0  O    TS     0 PTAMS 0x00000000c4480008 NTAMS 0x00000000c4480008 space 1024K, 100% used [0x00000000c4400000, 0x00000000c4500000)
AC   0  O    TS     0 PTAMS 0x00000000c4500000 NTAMS 0x00000000c4500000 space 1024K, 100% used [0x00000000c4500000, 0x00000000c4600000)
AC   0  O    TS     0 PTAMS 0x00000000c4600000 NTAMS 0x00000000c4600000 space 1024K, 100% used [0x00000000c4600000, 0x00000000c4700000)
AC   0  O    TS     0 PTAMS 0x00000000c4700000 NTAMS 0x00000000c4700000 space 1024K, 100% used [0x00000000c4700000, 0x00000000c4800000)
AC   0  O    TS     0 PTAMS 0x00000000c4800000 NTAMS 0x00000000c4800000 space 1024K, 100% used [0x00000000c4800000, 0x00000000c4900000)
AC   0  O    TS     0 PTAMS 0x00000000c4900000 NTAMS 0x00000000c4900000 space 1024K, 100% used [0x00000000c4900000, 0x00000000c4a00000)
AC   0  O    TS     0 PTAMS 0x00000000c4a00000 NTAMS 0x00000000c4a00000 space 1024K, 100% used [0x00000000c4a00000, 0x00000000c4b00000)
AC   0  O    TS     0 PTAMS 0x00000000c4b00000 NTAMS 0x00000000c4b00000 space 1024K, 100% used [0x00000000c4b00000, 0x00000000c4c00000)
AC   0  O    TS     0 PTAMS 0x00000000c4c00000 NTAMS 0x00000000c4c00000 space 1024K, 100% used [0x00000000c4c00000, 0x00000000c4d00000)
AC   0  O    TS     0 PTAMS 0x00000000c4d00000 NTAMS 0x00000000c4d00000 space 1024K, 100% used [0x00000000c4d00000, 0x00000000c4e00000)
AC   0  O    TS     0 PTAMS 0x00000000c4e00000 NTAMS 0x00000000c4e00000 space 1024K, 100% used [0x00000000c4e00000, 0x00000000c4f00000)
AC   0  O    TS     0 PTAMS 0x00000000c4f00000 NTAMS 0x00000000c4f00000 space 1024K, 100% used [0x00000000c4f00000, 0x00000000c5000000)
AC   0  O    TS     0 PTAMS 0x00000000c5000000 NTAMS 0x00000000c5000000 space 1024K, 100% used [0x00000000c5000000, 0x00000000c5100000)
AC   0  O    TS     0 PTAMS 0x00000000c5100000 NTAMS 0x00000000c5100000 space 1024K, 100% used [0x00000000c5100000, 0x00000000c5200000)
AC   0  O    TS     0 PTAMS 0x00000000c5200000 NTAMS 0x00000000c5200000 space 1024K, 100% used [0x00000000c5200000, 0x00000000c5300000)
AC   0  O    TS     1 PTAMS 0x00000000c5300000 NTAMS 0x00000000c5300000 space 1024K, 100% used [0x00000000c5300000, 0x00000000c5400000)
AC   0  O    TS     1 PTAMS 0x00000000c5400000 NTAMS 0x00000000c5400000 space 1024K, 100% used [0x00000000c5400000, 0x00000000c5500000)
AC   0 HS    TS     0 PTAMS 0x00000000c5500000 NTAMS 0x00000000c5500000 space 1024K,  72% used [0x00000000c5500000, 0x00000000c5600000)
AC   0  F    TS     0 PTAMS 0x00000000c5600000 NTAMS 0x00000000c5600000 space 1024K,   0% used [0x00000000c5600000, 0x00000000c5700000)
AC   0  F    TS     0 PTAMS 0x00000000c5700000 NTAMS 0x00000000c5700000 space 1024K,   0% used [0x00000000c5700000, 0x00000000c5800000)
AC   0  F    TS     0 PTAMS 0x00000000c5800000 NTAMS 0x00000000c5800000 space 1024K,   0% used [0x00000000c5800000, 0x00000000c5900000)
AC   0  F    TS     0 PTAMS 0x00000000c5900000 NTAMS 0x00000000c5900000 space 1024K,   0% used [0x00000000c5900000, 0x00000000c5a00000)
AC   0  F    TS     0 PTAMS 0x00000000c5a00000 NTAMS 0x00000000c5a00000 space 1024K,   0% used [0x00000000c5a00000, 0x00000000c5b00000)
AC   0  F    TS     0 PTAMS 0x00000000c5b00000 NTAMS 0x00000000c5b00000 space 1024K,   0% used [0x00000000c5b00000, 0x00000000c5c00000)
AC   0  F    TS     0 PTAMS 0x00000000c5c00000 NTAMS 0x00000000c5c00000 space 1024K,   0% used [0x00000000c5c00000, 0x00000000c5d00000)
AC   0  F    TS     0 PTAMS 0x00000000c5d00000 NTAMS 0x00000000c5d00000 space 1024K,   0% used [0x00000000c5d00000, 0x00000000c5e00000)
AC   0  F    TS     0 PTAMS 0x00000000c5e00000 NTAMS 0x00000000c5e00000 space 1024K,   0% used [0x00000000c5e00000, 0x00000000c5f00000)
AC   0  F    TS     0 PTAMS 0x00000000c5f00000 NTAMS 0x00000000c5f00000 space 1024K,   0% used [0x00000000c5f00000, 0x00000000c6000000)
AC   0 HS    TS     0 PTAMS 0x00000000c7580b28 NTAMS 0x00000000c7580b28 space 22528K,  97% used [0x00000000c6000000, 0x00000000c7600000)
AC   0 HC    TS     0 PTAMS 0x00000000c6100000 NTAMS 0x00000000c6100000 space 1024K, 100% used [0x00000000c6100000, 0x00000000c6200000)
AC   0 HC    TS     0 PTAMS 0x00000000c6200000 NTAMS 0x00000000c6200000 space 1024K, 100% used [0x00000000c6200000, 0x00000000c6300000)
AC   0 HC    TS     0 PTAMS 0x00000000c6300000 NTAMS 0x00000000c6300000 space 1024K, 100% used [0x00000000c6300000, 0x00000000c6400000)
AC   0 HC    TS     0 PTAMS 0x00000000c6400000 NTAMS 0x00000000c6400000 space 1024K, 100% used [0x00000000c6400000, 0x00000000c6500000)
AC   0 HC    TS     0 PTAMS 0x00000000c6500000 NTAMS 0x00000000c6500000 space 1024K, 100% used [0x00000000c6500000, 0x00000000c6600000)
AC   0 HC    TS     0 PTAMS 0x00000000c6600000 NTAMS 0x00000000c6600000 space 1024K, 100% used [0x00000000c6600000, 0x00000000c6700000)
AC   0 HC    TS     0 PTAMS 0x00000000c6700000 NTAMS 0x00000000c6700000 space 1024K, 100% used [0x00000000c6700000, 0x00000000c6800000)
AC   0 HC    TS     0 PTAMS 0x00000000c6800000 NTAMS 0x00000000c6800000 space 1024K, 100% used [0x00000000c6800000, 0x00000000c6900000)
AC   0 HC    TS     0 PTAMS 0x00000000c6900000 NTAMS 0x00000000c6900000 space 1024K, 100% used [0x00000000c6900000, 0x00000000c6a00000)
AC   0 HC    TS     0 PTAMS 0x00000000c6a00000 NTAMS 0x00000000c6a00000 space 1024K, 100% used [0x00000000c6a00000, 0x00000000c6b00000)
AC   0 HC    TS     0 PTAMS 0x00000000c6b00000 NTAMS 0x00000000c6b00000 space 1024K, 100% used [0x00000000c6b00000, 0x00000000c6c00000)
AC   0 HC    TS     0 PTAMS 0x00000000c6c00000 NTAMS 0x00000000c6c00000 space 1024K, 100% used [0x00000000c6c00000, 0x00000000c6d00000)
AC   0 HC    TS     0 PTAMS 0x00000000c6d00000 NTAMS 0x00000000c6d00000 space 1024K, 100% used [0x00000000c6d00000, 0x00000000c6e00000)
AC   0 HC    TS     0 PTAMS 0x00000000c6e00000 NTAMS 0x00000000c6e00000 space 1024K, 100% used [0x00000000c6e00000, 0x00000000c6f00000)
AC   0 HC    TS     0 PTAMS 0x00000000c6f00000 NTAMS 0x00000000c6f00000 space 1024K, 100% used [0x00000000c6f00000, 0x00000000c7000000)
AC   0 HC    TS     0 PTAMS 0x00000000c7000000 NTAMS 0x00000000c7000000 space 1024K, 100% used [0x00000000c7000000, 0x00000000c7100000)
AC   0 HC    TS     0 PTAMS 0x00000000c7100000 NTAMS 0x00000000c7100000 space 1024K, 100% used [0x00000000c7100000, 0x00000000c7200000)
AC   0 HC    TS     0 PTAMS 0x00000000c7200000 NTAMS 0x00000000c7200000 space 1024K, 100% used [0x00000000c7200000, 0x00000000c7300000)
AC   0 HC    TS     0 PTAMS 0x00000000c7300000 NTAMS 0x00000000c7300000 space 1024K, 100% used [0x00000000c7300000, 0x00000000c7400000)
AC   0 HC    TS     0 PTAMS 0x00000000c7400000 NTAMS 0x00000000c7400000 space 1024K, 100% used [0x00000000c7400000, 0x00000000c7500000)
AC   0 HC    TS     0 PTAMS 0x00000000c7500000 NTAMS 0x00000000c7500000 space 1024K,  50% used [0x00000000c7500000, 0x00000000c7600000)
AC   0  F    TS     0 PTAMS 0x00000000c7600000 NTAMS 0x00000000c7600000 space 1024K,   0% used [0x00000000c7600000, 0x00000000c7700000)
AC   0  F    TS     0 PTAMS 0x00000000c7700000 NTAMS 0x00000000c7700000 space 1024K,   0% used [0x00000000c7700000, 0x00000000c7800000)
AC   0  O    TS     0 PTAMS 0x00000000c7900000 NTAMS 0x00000000c7900000 space 1024K, 100% used [0x00000000c7800000, 0x00000000c7900000)
AC   0  O    TS     0 PTAMS 0x00000000c7a00000 NTAMS 0x00000000c7a00000 space 1024K, 100% used [0x00000000c7900000, 0x00000000c7a00000)
AC   0  F    TS     0 PTAMS 0x00000000c7a00000 NTAMS 0x00000000c7a00000 space 1024K,   0% used [0x00000000c7a00000, 0x00000000c7b00000)
AC   0  F    TS     0 PTAMS 0x00000000c7b00000 NTAMS 0x00000000c7b00000 space 1024K,   0% used [0x00000000c7b00000, 0x00000000c7c00000)
AC   0  F    TS     0 PTAMS 0x00000000c7c00000 NTAMS 0x00000000c7c00000 space 1024K,   0% used [0x00000000c7c00000, 0x00000000c7d00000)
AC   0  F    TS     0 PTAMS 0x00000000c7d00000 NTAMS 0x00000000c7d00000 space 1024K,   0% used [0x00000000c7d00000, 0x00000000c7e00000)
AC   0  F    TS     0 PTAMS 0x00000000c7e00000 NTAMS 0x00000000c7e00000 space 1024K,   0% used [0x00000000c7e00000, 0x00000000c7f00000)
AC   0  F    TS     0 PTAMS 0x00000000c7f00000 NTAMS 0x00000000c7f00000 space 1024K,   0% used [0x00000000c7f00000, 0x00000000c8000000)
AC   0  F    TS     0 PTAMS 0x00000000c8000000 NTAMS 0x00000000c8000000 space 1024K,   0% used [0x00000000c8000000, 0x00000000c8100000)
AC   0  F    TS     0 PTAMS 0x00000000c8100000 NTAMS 0x00000000c8100000 space 1024K,   0% used [0x00000000c8100000, 0x00000000c8200000)
AC   0  F    TS     0 PTAMS 0x00000000c8200000 NTAMS 0x00000000c8200000 space 1024K,   0% used [0x00000000c8200000, 0x00000000c8300000)
AC   0  F    TS     0 PTAMS 0x00000000c8300000 NTAMS 0x00000000c8300000 space 1024K,   0% used [0x00000000c8300000, 0x00000000c8400000)
AC   0  F    TS     0 PTAMS 0x00000000c8400000 NTAMS 0x00000000c8400000 space 1024K,   0% used [0x00000000c8400000, 0x00000000c8500000)
AC   0  F    TS     0 PTAMS 0x00000000c8500000 NTAMS 0x00000000c8500000 space 1024K,   0% used [0x00000000c8500000, 0x00000000c8600000)
AC   0  F    TS     0 PTAMS 0x00000000c8600000 NTAMS 0x00000000c8600000 space 1024K,   0% used [0x00000000c8600000, 0x00000000c8700000)
AC   0  F    TS     0 PTAMS 0x00000000c8700000 NTAMS 0x00000000c8700000 space 1024K,   0% used [0x00000000c8700000, 0x00000000c8800000)
AC   0  F    TS     0 PTAMS 0x00000000c8800000 NTAMS 0x00000000c8800000 space 1024K,   0% used [0x00000000c8800000, 0x00000000c8900000)
AC   0  F    TS     0 PTAMS 0x00000000c8900000 NTAMS 0x00000000c8900000 space 1024K,   0% used [0x00000000c8900000, 0x00000000c8a00000)
AC   0  F    TS     0 PTAMS 0x00000000c8a00000 NTAMS 0x00000000c8a00000 space 1024K,   0% used [0x00000000c8a00000, 0x00000000c8b00000)
AC   0  F    TS     0 PTAMS 0x00000000c8b00000 NTAMS 0x00000000c8b00000 space 1024K,   0% used [0x00000000c8b00000, 0x00000000c8c00000)
AC   0  F    TS     0 PTAMS 0x00000000c8c00000 NTAMS 0x00000000c8c00000 space 1024K,   0% used [0x00000000c8c00000, 0x00000000c8d00000)
AC   0  F    TS     0 PTAMS 0x00000000c8d00000 NTAMS 0x00000000c8d00000 space 1024K,   0% used [0x00000000c8d00000, 0x00000000c8e00000)
AC   0  F    TS     0 PTAMS 0x00000000c8e00000 NTAMS 0x00000000c8e00000 space 1024K,   0% used [0x00000000c8e00000, 0x00000000c8f00000)
AC   0  F    TS     0 PTAMS 0x00000000c8f00000 NTAMS 0x00000000c8f00000 space 1024K,   0% used [0x00000000c8f00000, 0x00000000c9000000)
AC   0  F    TS     0 PTAMS 0x00000000c9000000 NTAMS 0x00000000c9000000 space 1024K,   0% used [0x00000000c9000000, 0x00000000c9100000)
AC   0  S CS TS    19 PTAMS 0x00000000c9100000 NTAMS 0x00000000c9100000 space 1024K,  99% used [0x00000000c9100000, 0x00000000c9200000)
AC   0  S CS TS    19 PTAMS 0x00000000c9200000 NTAMS 0x00000000c9200000 space 1024K, 100% used [0x00000000c9200000, 0x00000000c9300000)
AC   0  S CS TS    19 PTAMS 0x00000000c9300000 NTAMS 0x00000000c9300000 space 1024K, 100% used [0x00000000c9300000, 0x00000000c9400000)
AC   0  S CS TS    19 PTAMS 0x00000000c9400000 NTAMS 0x00000000c9400000 space 1024K, 100% used [0x00000000c9400000, 0x00000000c9500000)
AC   0  S CS TS    19 PTAMS 0x00000000c9500000 NTAMS 0x00000000c9500000 space 1024K, 100% used [0x00000000c9500000, 0x00000000c9600000)
AC   0  F    TS    17 PTAMS 0x00000000c9600000 NTAMS 0x00000000c9600000 space 1024K,   0% used [0x00000000c9600000, 0x00000000c9700000)
AC   0  F    TS    17 PTAMS 0x00000000c9700000 NTAMS 0x00000000c9700000 space 1024K,   0% used [0x00000000c9700000, 0x00000000c9800000)
AC   0  F    TS    17 PTAMS 0x00000000c9800000 NTAMS 0x00000000c9800000 space 1024K,   0% used [0x00000000c9800000, 0x00000000c9900000)
AC   0  F    TS    17 PTAMS 0x00000000c9900000 NTAMS 0x00000000c9900000 space 1024K,   0% used [0x00000000c9900000, 0x00000000c9a00000)
AC   0  S CS TS    19 PTAMS 0x00000000c9a00000 NTAMS 0x00000000c9a00000 space 1024K, 100% used [0x00000000c9a00000, 0x00000000c9b00000)
AC   0  S CS TS    19 PTAMS 0x00000000c9b00000 NTAMS 0x00000000c9b00000 space 1024K, 100% used [0x00000000c9b00000, 0x00000000c9c00000)
AC   0  S CS TS    19 PTAMS 0x00000000c9c00000 NTAMS 0x00000000c9c00000 space 1024K, 100% used [0x00000000c9c00000, 0x00000000c9d00000)
AC   0  F    TS    17 PTAMS 0x00000000c9d00000 NTAMS 0x00000000c9d00000 space 1024K,   0% used [0x00000000c9d00000, 0x00000000c9e00000)
AC   0  F    TS    17 PTAMS 0x00000000c9e00000 NTAMS 0x00000000c9e00000 space 1024K,   0% used [0x00000000c9e00000, 0x00000000c9f00000)
AC   0  F    TS    17 PTAMS 0x00000000c9f00000 NTAMS 0x00000000c9f00000 space 1024K,   0% used [0x00000000c9f00000, 0x00000000ca000000)
AC   0  F    TS    17 PTAMS 0x00000000ca000000 NTAMS 0x00000000ca000000 space 1024K,   0% used [0x00000000ca000000, 0x00000000ca100000)
AC   0  F    TS    17 PTAMS 0x00000000ca100000 NTAMS 0x00000000ca100000 space 1024K,   0% used [0x00000000ca100000, 0x00000000ca200000)
AC   0  F    TS    17 PTAMS 0x00000000ca200000 NTAMS 0x00000000ca200000 space 1024K,   0% used [0x00000000ca200000, 0x00000000ca300000)
AC   0  S CS TS    19 PTAMS 0x00000000ca300000 NTAMS 0x00000000ca300000 space 1024K, 100% used [0x00000000ca300000, 0x00000000ca400000)
AC   0  S CS TS    19 PTAMS 0x00000000ca400000 NTAMS 0x00000000ca400000 space 1024K, 100% used [0x00000000ca400000, 0x00000000ca500000)
AC   0  S CS TS    19 PTAMS 0x00000000ca500000 NTAMS 0x00000000ca500000 space 1024K, 100% used [0x00000000ca500000, 0x00000000ca600000)
AC   0  S CS TS    19 PTAMS 0x00000000ca600000 NTAMS 0x00000000ca600000 space 1024K, 100% used [0x00000000ca600000, 0x00000000ca700000)
AC   0  S CS TS    19 PTAMS 0x00000000ca700000 NTAMS 0x00000000ca700000 space 1024K, 100% used [0x00000000ca700000, 0x00000000ca800000)
AC   0  S CS TS    19 PTAMS 0x00000000ca800000 NTAMS 0x00000000ca800000 space 1024K, 100% used [0x00000000ca800000, 0x00000000ca900000)
AC   0  S CS TS    19 PTAMS 0x00000000ca900000 NTAMS 0x00000000ca900000 space 1024K, 100% used [0x00000000ca900000, 0x00000000caa00000)
AC   0  F    TS    15 PTAMS 0x00000000caa00000 NTAMS 0x00000000caa00000 space 1024K,   0% used [0x00000000caa00000, 0x00000000cab00000)
AC   0  F    TS    15 PTAMS 0x00000000cab00000 NTAMS 0x00000000cab00000 space 1024K,   0% used [0x00000000cab00000, 0x00000000cac00000)
AC   0  F    TS     1 PTAMS 0x00000000cac00000 NTAMS 0x00000000cac00000 space 1024K,   0% used [0x00000000cac00000, 0x00000000cad00000)
AC   0  F    TS     1 PTAMS 0x00000000cad00000 NTAMS 0x00000000cad00000 space 1024K,   0% used [0x00000000cad00000, 0x00000000cae00000)
AC   0  F    TS     1 PTAMS 0x00000000cae00000 NTAMS 0x00000000cae00000 space 1024K,   0% used [0x00000000cae00000, 0x00000000caf00000)
AC   0  F    TS     1 PTAMS 0x00000000caf00000 NTAMS 0x00000000caf00000 space 1024K,   0% used [0x00000000caf00000, 0x00000000cb000000)
AC   0  F    TS     0 PTAMS 0x00000000cb000000 NTAMS 0x00000000cb000000 space 1024K,   0% used [0x00000000cb000000, 0x00000000cb100000)
AC   0  F    TS     0 PTAMS 0x00000000cb100000 NTAMS 0x00000000cb100000 space 1024K,   0% used [0x00000000cb100000, 0x00000000cb200000)
AC   0  F    TS     0 PTAMS 0x00000000cb200000 NTAMS 0x00000000cb200000 space 1024K,   0% used [0x00000000cb200000, 0x00000000cb300000)
AC   0  F    TS     0 PTAMS 0x00000000cb300000 NTAMS 0x00000000cb300000 space 1024K,   0% used [0x00000000cb300000, 0x00000000cb400000)
AC   0  F    TS     0 PTAMS 0x00000000cb400000 NTAMS 0x00000000cb400000 space 1024K,   0% used [0x00000000cb400000, 0x00000000cb500000)
AC   0  F    TS     0 PTAMS 0x00000000cb500000 NTAMS 0x00000000cb500000 space 1024K,   0% used [0x00000000cb500000, 0x00000000cb600000)
AC   0  F    TS     0 PTAMS 0x00000000cb600000 NTAMS 0x00000000cb600000 space 1024K,   0% used [0x00000000cb600000, 0x00000000cb700000)
AC   0  F    TS     0 PTAMS 0x00000000cb700000 NTAMS 0x00000000cb700000 space 1024K,   0% used [0x00000000cb700000, 0x00000000cb800000)
AC   0  F    TS     0 PTAMS 0x00000000cb800000 NTAMS 0x00000000cb800000 space 1024K,   0% used [0x00000000cb800000, 0x00000000cb900000)
AC   0  F    TS     0 PTAMS 0x00000000cb900000 NTAMS 0x00000000cb900000 space 1024K,   0% used [0x00000000cb900000, 0x00000000cba00000)
AC   0  F    TS     0 PTAMS 0x00000000cba00000 NTAMS 0x00000000cba00000 space 1024K,   0% used [0x00000000cba00000, 0x00000000cbb00000)
AC   0  F    TS     0 PTAMS 0x00000000cbb00000 NTAMS 0x00000000cbb00000 space 1024K,   0% used [0x00000000cbb00000, 0x00000000cbc00000)
AC   0  F    TS     0 PTAMS 0x00000000cbc00000 NTAMS 0x00000000cbc00000 space 1024K,   0% used [0x00000000cbc00000, 0x00000000cbd00000)
AC   0  F    TS     0 PTAMS 0x00000000cbd00000 NTAMS 0x00000000cbd00000 space 1024K,   0% used [0x00000000cbd00000, 0x00000000cbe00000)
AC   0  F    TS     0 PTAMS 0x00000000cbe00000 NTAMS 0x00000000cbe00000 space 1024K,   0% used [0x00000000cbe00000, 0x00000000cbf00000)
AC   0  F    TS     0 PTAMS 0x00000000cbf00000 NTAMS 0x00000000cbf00000 space 1024K,   0% used [0x00000000cbf00000, 0x00000000cc000000)
AC   0  F    TS     0 PTAMS 0x00000000cc000000 NTAMS 0x00000000cc000000 space 1024K,   0% used [0x00000000cc000000, 0x00000000cc100000)
AC   0  F    TS     0 PTAMS 0x00000000cc100000 NTAMS 0x00000000cc100000 space 1024K,   0% used [0x00000000cc100000, 0x00000000cc200000)
AC   0  F    TS     0 PTAMS 0x00000000cc200000 NTAMS 0x00000000cc200000 space 1024K,   0% used [0x00000000cc200000, 0x00000000cc300000)
AC   0  F    TS     0 PTAMS 0x00000000cc300000 NTAMS 0x00000000cc300000 space 1024K,   0% used [0x00000000cc300000, 0x00000000cc400000)
AC   0  F    TS     0 PTAMS 0x00000000cc400000 NTAMS 0x00000000cc400000 space 1024K,   0% used [0x00000000cc400000, 0x00000000cc500000)
AC   0  F    TS     0 PTAMS 0x00000000cc500000 NTAMS 0x00000000cc500000 space 1024K,   0% used [0x00000000cc500000, 0x00000000cc600000)
AC   0  F    TS     0 PTAMS 0x00000000cc600000 NTAMS 0x00000000cc600000 space 1024K,   0% used [0x00000000cc600000, 0x00000000cc700000)
AC   0  F    TS     0 PTAMS 0x00000000cc700000 NTAMS 0x00000000cc700000 space 1024K,   0% used [0x00000000cc700000, 0x00000000cc800000)
AC   0  F    TS     0 PTAMS 0x00000000cc800000 NTAMS 0x00000000cc800000 space 1024K,   0% used [0x00000000cc800000, 0x00000000cc900000)
AC   0  F    TS     0 PTAMS 0x00000000cc900000 NTAMS 0x00000000cc900000 space 1024K,   0% used [0x00000000cc900000, 0x00000000cca00000)
AC   0  F    TS     0 PTAMS 0x00000000cca00000 NTAMS 0x00000000cca00000 space 1024K,   0% used [0x00000000cca00000, 0x00000000ccb00000)
AC   0  F    TS     0 PTAMS 0x00000000ccb00000 NTAMS 0x00000000ccb00000 space 1024K,   0% used [0x00000000ccb00000, 0x00000000ccc00000)
AC   0  F    TS     0 PTAMS 0x00000000ccc00000 NTAMS 0x00000000ccc00000 space 1024K,   0% used [0x00000000ccc00000, 0x00000000ccd00000)
AC   0  F    TS     0 PTAMS 0x00000000ccd00000 NTAMS 0x00000000ccd00000 space 1024K,   0% used [0x00000000ccd00000, 0x00000000cce00000)
AC   0  F    TS     0 PTAMS 0x00000000cce00000 NTAMS 0x00000000cce00000 space 1024K,   0% used [0x00000000cce00000, 0x00000000ccf00000)
AC   0  F    TS     0 PTAMS 0x00000000ccf00000 NTAMS 0x00000000ccf00000 space 1024K,   0% used [0x00000000ccf00000, 0x00000000cd000000)
AC   0  F    TS     0 PTAMS 0x00000000cd000000 NTAMS 0x00000000cd000000 space 1024K,   0% used [0x00000000cd000000, 0x00000000cd100000)
AC   0  F    TS     0 PTAMS 0x00000000cd100000 NTAMS 0x00000000cd100000 space 1024K,   0% used [0x00000000cd100000, 0x00000000cd200000)
AC   0  F    TS     0 PTAMS 0x00000000cd200000 NTAMS 0x00000000cd200000 space 1024K,   0% used [0x00000000cd200000, 0x00000000cd300000)
AC   0  F    TS     0 PTAMS 0x00000000cd300000 NTAMS 0x00000000cd300000 space 1024K,   0% used [0x00000000cd300000, 0x00000000cd400000)
AC   0  F    TS     0 PTAMS 0x00000000cd400000 NTAMS 0x00000000cd400000 space 1024K,   0% used [0x00000000cd400000, 0x00000000cd500000)
AC   0  F    TS     0 PTAMS 0x00000000cd500000 NTAMS 0x00000000cd500000 space 1024K,   0% used [0x00000000cd500000, 0x00000000cd600000)
AC   0  F    TS     0 PTAMS 0x00000000cd600000 NTAMS 0x00000000cd600000 space 1024K,   0% used [0x00000000cd600000, 0x00000000cd700000)
AC   0  F    TS     0 PTAMS 0x00000000cd700000 NTAMS 0x00000000cd700000 space 1024K,   0% used [0x00000000cd700000, 0x00000000cd800000)
AC   0  F    TS     0 PTAMS 0x00000000cd800000 NTAMS 0x00000000cd800000 space 1024K,   0% used [0x00000000cd800000, 0x00000000cd900000)
AC   0  F    TS     0 PTAMS 0x00000000cd900000 NTAMS 0x00000000cd900000 space 1024K,   0% used [0x00000000cd900000, 0x00000000cda00000)
AC   0  F    TS     0 PTAMS 0x00000000cda00000 NTAMS 0x00000000cda00000 space 1024K,   0% used [0x00000000cda00000, 0x00000000cdb00000)
AC   0  F    TS     0 PTAMS 0x00000000cdb00000 NTAMS 0x00000000cdb00000 space 1024K,   0% used [0x00000000cdb00000, 0x00000000cdc00000)
AC   0  F    TS     0 PTAMS 0x00000000cdc00000 NTAMS 0x00000000cdc00000 space 1024K,   0% used [0x00000000cdc00000, 0x00000000cdd00000)
AC   0  F    TS     0 PTAMS 0x00000000cdd00000 NTAMS 0x00000000cdd00000 space 1024K,   0% used [0x00000000cdd00000, 0x00000000cde00000)
AC   0  F    TS     0 PTAMS 0x00000000cde00000 NTAMS 0x00000000cde00000 space 1024K,   0% used [0x00000000cde00000, 0x00000000cdf00000)
AC   0  F    TS     0 PTAMS 0x00000000cdf00000 NTAMS 0x00000000cdf00000 space 1024K,   0% used [0x00000000cdf00000, 0x00000000ce000000)
AC   0  F    TS     0 PTAMS 0x00000000ce000000 NTAMS 0x00000000ce000000 space 1024K,   0% used [0x00000000ce000000, 0x00000000ce100000)
AC   0  F    TS     0 PTAMS 0x00000000ce100000 NTAMS 0x00000000ce100000 space 1024K,   0% used [0x00000000ce100000, 0x00000000ce200000)
AC   0  F    TS     0 PTAMS 0x00000000ce200000 NTAMS 0x00000000ce200000 space 1024K,   0% used [0x00000000ce200000, 0x00000000ce300000)
AC   0  F    TS     0 PTAMS 0x00000000ce300000 NTAMS 0x00000000ce300000 space 1024K,   0% used [0x00000000ce300000, 0x00000000ce400000)
AC   0  F    TS     0 PTAMS 0x00000000ce400000 NTAMS 0x00000000ce400000 space 1024K,   0% used [0x00000000ce400000, 0x00000000ce500000)
AC   0  F    TS     0 PTAMS 0x00000000ce500000 NTAMS 0x00000000ce500000 space 1024K,   0% used [0x00000000ce500000, 0x00000000ce600000)
AC   0  F    TS     0 PTAMS 0x00000000ce600000 NTAMS 0x00000000ce600000 space 1024K,   0% used [0x00000000ce600000, 0x00000000ce700000)
AC   0  F    TS     0 PTAMS 0x00000000ce700000 NTAMS 0x00000000ce700000 space 1024K,   0% used [0x00000000ce700000, 0x00000000ce800000)
AC   0  F    TS     0 PTAMS 0x00000000ce800000 NTAMS 0x00000000ce800000 space 1024K,   0% used [0x00000000ce800000, 0x00000000ce900000)
AC   0  F    TS     0 PTAMS 0x00000000ce900000 NTAMS 0x00000000ce900000 space 1024K,   0% used [0x00000000ce900000, 0x00000000cea00000)
AC   0  F    TS     0 PTAMS 0x00000000cea00000 NTAMS 0x00000000cea00000 space 1024K,   0% used [0x00000000cea00000, 0x00000000ceb00000)
AC   0  F    TS     0 PTAMS 0x00000000ceb00000 NTAMS 0x00000000ceb00000 space 1024K,   0% used [0x00000000ceb00000, 0x00000000cec00000)
AC   0  F    TS     0 PTAMS 0x00000000cec00000 NTAMS 0x00000000cec00000 space 1024K,   0% used [0x00000000cec00000, 0x00000000ced00000)
AC   0  F    TS     0 PTAMS 0x00000000ced00000 NTAMS 0x00000000ced00000 space 1024K,   0% used [0x00000000ced00000, 0x00000000cee00000)
AC   0  F    TS     0 PTAMS 0x00000000cee00000 NTAMS 0x00000000cee00000 space 1024K,   0% used [0x00000000cee00000, 0x00000000cef00000)
AC   0  F    TS     0 PTAMS 0x00000000cef00000 NTAMS 0x00000000cef00000 space 1024K,   0% used [0x00000000cef00000, 0x00000000cf000000)
AC   0  F    TS     0 PTAMS 0x00000000cf000000 NTAMS 0x00000000cf000000 space 1024K,   0% used [0x00000000cf000000, 0x00000000cf100000)
AC   0  F    TS     0 PTAMS 0x00000000cf100000 NTAMS 0x00000000cf100000 space 1024K,   0% used [0x00000000cf100000, 0x00000000cf200000)
AC   0  F    TS     0 PTAMS 0x00000000cf200000 NTAMS 0x00000000cf200000 space 1024K,   0% used [0x00000000cf200000, 0x00000000cf300000)
AC   0  F    TS     0 PTAMS 0x00000000cf300000 NTAMS 0x00000000cf300000 space 1024K,   0% used [0x00000000cf300000, 0x00000000cf400000)
AC   0  F    TS     1 PTAMS 0x00000000cf400000 NTAMS 0x00000000cf400000 space 1024K,   0% used [0x00000000cf400000, 0x00000000cf500000)
AC   0  F    TS     1 PTAMS 0x00000000cf500000 NTAMS 0x00000000cf500000 space 1024K,   0% used [0x00000000cf500000, 0x00000000cf600000)
AC   0  F    TS     1 PTAMS 0x00000000cf600000 NTAMS 0x00000000cf600000 space 1024K,   0% used [0x00000000cf600000, 0x00000000cf700000)
AC   0  F    TS     1 PTAMS 0x00000000cf700000 NTAMS 0x00000000cf700000 space 1024K,   0% used [0x00000000cf700000, 0x00000000cf800000)
AC   0  F    TS     1 PTAMS 0x00000000cf800000 NTAMS 0x00000000cf800000 space 1024K,   0% used [0x00000000cf800000, 0x00000000cf900000)
AC   0  F    TS     1 PTAMS 0x00000000cf900000 NTAMS 0x00000000cf900000 space 1024K,   0% used [0x00000000cf900000, 0x00000000cfa00000)
AC   0  F    TS     1 PTAMS 0x00000000cfa00000 NTAMS 0x00000000cfa00000 space 1024K,   0% used [0x00000000cfa00000, 0x00000000cfb00000)
AC   0  F    TS     1 PTAMS 0x00000000cfb00000 NTAMS 0x00000000cfb00000 space 1024K,   0% used [0x00000000cfb00000, 0x00000000cfc00000)
AC   0  F    TS     1 PTAMS 0x00000000cfc00000 NTAMS 0x00000000cfc00000 space 1024K,   0% used [0x00000000cfc00000, 0x00000000cfd00000)
AC   0  F    TS     1 PTAMS 0x00000000cfd00000 NTAMS 0x00000000cfd00000 space 1024K,   0% used [0x00000000cfd00000, 0x00000000cfe00000)
AC   0  F    TS     1 PTAMS 0x00000000cfe00000 NTAMS 0x00000000cfe00000 space 1024K,   0% used [0x00000000cfe00000, 0x00000000cff00000)
AC   0  F    TS     1 PTAMS 0x00000000cff00000 NTAMS 0x00000000cff00000 space 1024K,   0% used [0x00000000cff00000, 0x00000000d0000000)
AC   0  F    TS     1 PTAMS 0x00000000d0000000 NTAMS 0x00000000d0000000 space 1024K,   0% used [0x00000000d0000000, 0x00000000d0100000)
AC   0  F    TS     1 PTAMS 0x00000000d0100000 NTAMS 0x00000000d0100000 space 1024K,   0% used [0x00000000d0100000, 0x00000000d0200000)
AC   0  F    TS     1 PTAMS 0x00000000d0200000 NTAMS 0x00000000d0200000 space 1024K,   0% used [0x00000000d0200000, 0x00000000d0300000)
AC   0  F    TS     1 PTAMS 0x00000000d0300000 NTAMS 0x00000000d0300000 space 1024K,   0% used [0x00000000d0300000, 0x00000000d0400000)
AC   0  F    TS     1 PTAMS 0x00000000d0400000 NTAMS 0x00000000d0400000 space 1024K,   0% used [0x00000000d0400000, 0x00000000d0500000)
AC   0  F    TS     1 PTAMS 0x00000000d0500000 NTAMS 0x00000000d0500000 space 1024K,   0% used [0x00000000d0500000, 0x00000000d0600000)
AC   0  F    TS     1 PTAMS 0x00000000d0600000 NTAMS 0x00000000d0600000 space 1024K,   0% used [0x00000000d0600000, 0x00000000d0700000)
AC   0  F    TS     1 PTAMS 0x00000000d0700000 NTAMS 0x00000000d0700000 space 1024K,   0% used [0x00000000d0700000, 0x00000000d0800000)
AC   0  F    TS     1 PTAMS 0x00000000d0800000 NTAMS 0x00000000d0800000 space 1024K,   0% used [0x00000000d0800000, 0x00000000d0900000)
AC   0  F    TS     1 PTAMS 0x00000000d0900000 NTAMS 0x00000000d0900000 space 1024K,   0% used [0x00000000d0900000, 0x00000000d0a00000)
AC   0  F    TS     1 PTAMS 0x00000000d0a00000 NTAMS 0x00000000d0a00000 space 1024K,   0% used [0x00000000d0a00000, 0x00000000d0b00000)
AC   0  F    TS     1 PTAMS 0x00000000d0b00000 NTAMS 0x00000000d0b00000 space 1024K,   0% used [0x00000000d0b00000, 0x00000000d0c00000)
AC   0  F    TS     1 PTAMS 0x00000000d0c00000 NTAMS 0x00000000d0c00000 space 1024K,   0% used [0x00000000d0c00000, 0x00000000d0d00000)
AC   0  F    TS     3 PTAMS 0x00000000d0d00000 NTAMS 0x00000000d0d00000 space 1024K,   0% used [0x00000000d0d00000, 0x00000000d0e00000)
AC   0  F    TS     3 PTAMS 0x00000000d0e00000 NTAMS 0x00000000d0e00000 space 1024K,   0% used [0x00000000d0e00000, 0x00000000d0f00000)
AC   0  F    TS     3 PTAMS 0x00000000d0f00000 NTAMS 0x00000000d0f00000 space 1024K,   0% used [0x00000000d0f00000, 0x00000000d1000000)
AC   0  F    TS     3 PTAMS 0x00000000d1000000 NTAMS 0x00000000d1000000 space 1024K,   0% used [0x00000000d1000000, 0x00000000d1100000)
AC   0  F    TS     3 PTAMS 0x00000000d1100000 NTAMS 0x00000000d1100000 space 1024K,   0% used [0x00000000d1100000, 0x00000000d1200000)
AC   0  F    TS     3 PTAMS 0x00000000d1200000 NTAMS 0x00000000d1200000 space 1024K,   0% used [0x00000000d1200000, 0x00000000d1300000)
AC   0  F    TS     3 PTAMS 0x00000000d1300000 NTAMS 0x00000000d1300000 space 1024K,   0% used [0x00000000d1300000, 0x00000000d1400000)
AC   0  F    TS     3 PTAMS 0x00000000d1400000 NTAMS 0x00000000d1400000 space 1024K,   0% used [0x00000000d1400000, 0x00000000d1500000)
AC   0  F    TS     3 PTAMS 0x00000000d1500000 NTAMS 0x00000000d1500000 space 1024K,   0% used [0x00000000d1500000, 0x00000000d1600000)
AC   0  F    TS     3 PTAMS 0x00000000d1600000 NTAMS 0x00000000d1600000 space 1024K,   0% used [0x00000000d1600000, 0x00000000d1700000)
AC   0  F    TS     1 PTAMS 0x00000000d1700000 NTAMS 0x00000000d1700000 space 1024K,   0% used [0x00000000d1700000, 0x00000000d1800000)
AC   0  F    TS     1 PTAMS 0x00000000d1800000 NTAMS 0x00000000d1800000 space 1024K,   0% used [0x00000000d1800000, 0x00000000d1900000)
AC   0  F    TS     1 PTAMS 0x00000000d1900000 NTAMS 0x00000000d1900000 space 1024K,   0% used [0x00000000d1900000, 0x00000000d1a00000)
AC   0  F    TS     1 PTAMS 0x00000000d1a00000 NTAMS 0x00000000d1a00000 space 1024K,   0% used [0x00000000d1a00000, 0x00000000d1b00000)
AC   0  F    TS     1 PTAMS 0x00000000d1b00000 NTAMS 0x00000000d1b00000 space 1024K,   0% used [0x00000000d1b00000, 0x00000000d1c00000)
AC   0  F    TS     1 PTAMS 0x00000000d1c00000 NTAMS 0x00000000d1c00000 space 1024K,   0% used [0x00000000d1c00000, 0x00000000d1d00000)
AC   0  F    TS     1 PTAMS 0x00000000d1d00000 NTAMS 0x00000000d1d00000 space 1024K,   0% used [0x00000000d1d00000, 0x00000000d1e00000)
AC   0  F    TS     1 PTAMS 0x00000000d1e00000 NTAMS 0x00000000d1e00000 space 1024K,   0% used [0x00000000d1e00000, 0x00000000d1f00000)
AC   0  F    TS     1 PTAMS 0x00000000d1f00000 NTAMS 0x00000000d1f00000 space 1024K,   0% used [0x00000000d1f00000, 0x00000000d2000000)
AC   0  F    TS     1 PTAMS 0x00000000d2000000 NTAMS 0x00000000d2000000 space 1024K,   0% used [0x00000000d2000000, 0x00000000d2100000)
AC   0  F    TS     1 PTAMS 0x00000000d2100000 NTAMS 0x00000000d2100000 space 1024K,   0% used [0x00000000d2100000, 0x00000000d2200000)
AC   0  F    TS     1 PTAMS 0x00000000d2200000 NTAMS 0x00000000d2200000 space 1024K,   0% used [0x00000000d2200000, 0x00000000d2300000)
AC   0  F    TS     1 PTAMS 0x00000000d2300000 NTAMS 0x00000000d2300000 space 1024K,   0% used [0x00000000d2300000, 0x00000000d2400000)
AC   0  F    TS     1 PTAMS 0x00000000d2400000 NTAMS 0x00000000d2400000 space 1024K,   0% used [0x00000000d2400000, 0x00000000d2500000)
AC   0  F    TS     1 PTAMS 0x00000000d2500000 NTAMS 0x00000000d2500000 space 1024K,   0% used [0x00000000d2500000, 0x00000000d2600000)
AC   0  F    TS     1 PTAMS 0x00000000d2600000 NTAMS 0x00000000d2600000 space 1024K,   0% used [0x00000000d2600000, 0x00000000d2700000)
AC   0  F    TS     1 PTAMS 0x00000000d2700000 NTAMS 0x00000000d2700000 space 1024K,   0% used [0x00000000d2700000, 0x00000000d2800000)
AC   0  F    TS     1 PTAMS 0x00000000d2800000 NTAMS 0x00000000d2800000 space 1024K,   0% used [0x00000000d2800000, 0x00000000d2900000)
AC   0  F    TS     1 PTAMS 0x00000000d2900000 NTAMS 0x00000000d2900000 space 1024K,   0% used [0x00000000d2900000, 0x00000000d2a00000)
AC   0  F    TS     1 PTAMS 0x00000000d2a00000 NTAMS 0x00000000d2a00000 space 1024K,   0% used [0x00000000d2a00000, 0x00000000d2b00000)
AC   0  F    TS     1 PTAMS 0x00000000d2b00000 NTAMS 0x00000000d2b00000 space 1024K,   0% used [0x00000000d2b00000, 0x00000000d2c00000)
AC   0  F    TS     1 PTAMS 0x00000000d2c00000 NTAMS 0x00000000d2c00000 space 1024K,   0% used [0x00000000d2c00000, 0x00000000d2d00000)
AC   0  F    TS     1 PTAMS 0x00000000d2d00000 NTAMS 0x00000000d2d00000 space 1024K,   0% used [0x00000000d2d00000, 0x00000000d2e00000)
AC   0  F    TS     1 PTAMS 0x00000000d2e00000 NTAMS 0x00000000d2e00000 space 1024K,   0% used [0x00000000d2e00000, 0x00000000d2f00000)
AC   0  F    TS     1 PTAMS 0x00000000d2f00000 NTAMS 0x00000000d2f00000 space 1024K,   0% used [0x00000000d2f00000, 0x00000000d3000000)
AC   0  E    TS     1 PTAMS 0x00000000d3000000 NTAMS 0x00000000d3000000 space 1024K,  49% used [0x00000000d3000000, 0x00000000d3100000)
AC   0  E CS TS     1 PTAMS 0x00000000d3100000 NTAMS 0x00000000d3100000 space 1024K, 100% used [0x00000000d3100000, 0x00000000d3200000)
AC   0  E CS TS     1 PTAMS 0x00000000d3200000 NTAMS 0x00000000d3200000 space 1024K, 100% used [0x00000000d3200000, 0x00000000d3300000)
AC   0  E CS TS     1 PTAMS 0x00000000d3300000 NTAMS 0x00000000d3300000 space 1024K, 100% used [0x00000000d3300000, 0x00000000d3400000)
AC   0  E CS TS     1 PTAMS 0x00000000d3400000 NTAMS 0x00000000d3400000 space 1024K, 100% used [0x00000000d3400000, 0x00000000d3500000)
AC   0  E CS TS     1 PTAMS 0x00000000d3500000 NTAMS 0x00000000d3500000 space 1024K, 100% used [0x00000000d3500000, 0x00000000d3600000)
AC   0  E CS TS     1 PTAMS 0x00000000d3600000 NTAMS 0x00000000d3600000 space 1024K, 100% used [0x00000000d3600000, 0x00000000d3700000)
AC   0  E CS TS     1 PTAMS 0x00000000d3700000 NTAMS 0x00000000d3700000 space 1024K, 100% used [0x00000000d3700000, 0x00000000d3800000)
AC   0  E CS TS     1 PTAMS 0x00000000d3800000 NTAMS 0x00000000d3800000 space 1024K, 100% used [0x00000000d3800000, 0x00000000d3900000)
AC   0  E CS TS     1 PTAMS 0x00000000d3900000 NTAMS 0x00000000d3900000 space 1024K, 100% used [0x00000000d3900000, 0x00000000d3a00000)
AC   0  E CS TS     1 PTAMS 0x00000000d3a00000 NTAMS 0x00000000d3a00000 space 1024K, 100% used [0x00000000d3a00000, 0x00000000d3b00000)
AC   0  E CS TS     1 PTAMS 0x00000000d3b00000 NTAMS 0x00000000d3b00000 space 1024K, 100% used [0x00000000d3b00000, 0x00000000d3c00000)
AC   0  E CS TS     1 PTAMS 0x00000000d3c00000 NTAMS 0x00000000d3c00000 space 1024K, 100% used [0x00000000d3c00000, 0x00000000d3d00000)
AC   0  E CS TS     1 PTAMS 0x00000000d3d00000 NTAMS 0x00000000d3d00000 space 1024K, 100% used [0x00000000d3d00000, 0x00000000d3e00000)
AC   0  E CS TS     1 PTAMS 0x00000000d3e00000 NTAMS 0x00000000d3e00000 space 1024K, 100% used [0x00000000d3e00000, 0x00000000d3f00000)
AC   0  E CS TS     1 PTAMS 0x00000000d3f00000 NTAMS 0x00000000d3f00000 space 1024K, 100% used [0x00000000d3f00000, 0x00000000d4000000)
AC   0  E CS TS     1 PTAMS 0x00000000d4000000 NTAMS 0x00000000d4000000 space 1024K, 100% used [0x00000000d4000000, 0x00000000d4100000)
AC   0  E CS TS     1 PTAMS 0x00000000d4100000 NTAMS 0x00000000d4100000 space 1024K, 100% used [0x00000000d4100000, 0x00000000d4200000)
AC   0  E CS TS     1 PTAMS 0x00000000d4200000 NTAMS 0x00000000d4200000 space 1024K, 100% used [0x00000000d4200000, 0x00000000d4300000)
AC   0  E CS TS     1 PTAMS 0x00000000d4300000 NTAMS 0x00000000d4300000 space 1024K, 100% used [0x00000000d4300000, 0x00000000d4400000)
AC   0  E CS TS     1 PTAMS 0x00000000d4400000 NTAMS 0x00000000d4400000 space 1024K, 100% used [0x00000000d4400000, 0x00000000d4500000)
AC   0  E CS TS     1 PTAMS 0x00000000d4500000 NTAMS 0x00000000d4500000 space 1024K, 100% used [0x00000000d4500000, 0x00000000d4600000)
AC   0  E CS TS     1 PTAMS 0x00000000d4600000 NTAMS 0x00000000d4600000 space 1024K, 100% used [0x00000000d4600000, 0x00000000d4700000)
AC   0  E CS TS     1 PTAMS 0x00000000d4700000 NTAMS 0x00000000d4700000 space 1024K, 100% used [0x00000000d4700000, 0x00000000d4800000)
AC   0  E CS TS     1 PTAMS 0x00000000d4800000 NTAMS 0x00000000d4800000 space 1024K, 100% used [0x00000000d4800000, 0x00000000d4900000)
AC   0  E CS TS     1 PTAMS 0x00000000d4900000 NTAMS 0x00000000d4900000 space 1024K, 100% used [0x00000000d4900000, 0x00000000d4a00000)
AC   0  E CS TS     1 PTAMS 0x00000000d4a00000 NTAMS 0x00000000d4a00000 space 1024K, 100% used [0x00000000d4a00000, 0x00000000d4b00000)
AC   0  E CS TS     1 PTAMS 0x00000000d4b00000 NTAMS 0x00000000d4b00000 space 1024K, 100% used [0x00000000d4b00000, 0x00000000d4c00000)
AC   0  E CS TS     1 PTAMS 0x00000000d4c00000 NTAMS 0x00000000d4c00000 space 1024K, 100% used [0x00000000d4c00000, 0x00000000d4d00000)
AC   0  E CS TS     1 PTAMS 0x00000000d4d00000 NTAMS 0x00000000d4d00000 space 1024K, 100% used [0x00000000d4d00000, 0x00000000d4e00000)
AC   0  E CS TS     1 PTAMS 0x00000000d4e00000 NTAMS 0x00000000d4e00000 space 1024K, 100% used [0x00000000d4e00000, 0x00000000d4f00000)
AC   0  E CS TS     1 PTAMS 0x00000000d4f00000 NTAMS 0x00000000d4f00000 space 1024K, 100% used [0x00000000d4f00000, 0x00000000d5000000)
AC   0  E CS TS     1 PTAMS 0x00000000d5000000 NTAMS 0x00000000d5000000 space 1024K, 100% used [0x00000000d5000000, 0x00000000d5100000)
AC   0  E CS TS     1 PTAMS 0x00000000d5100000 NTAMS 0x00000000d5100000 space 1024K, 100% used [0x00000000d5100000, 0x00000000d5200000)
AC   0  E CS TS     1 PTAMS 0x00000000d5200000 NTAMS 0x00000000d5200000 space 1024K, 100% used [0x00000000d5200000, 0x00000000d5300000)
AC   0  E CS TS     1 PTAMS 0x00000000d5300000 NTAMS 0x00000000d5300000 space 1024K, 100% used [0x00000000d5300000, 0x00000000d5400000)
AC   0  E CS TS     1 PTAMS 0x00000000d5400000 NTAMS 0x00000000d5400000 space 1024K, 100% used [0x00000000d5400000, 0x00000000d5500000)
AC   0  E CS TS     1 PTAMS 0x00000000d5500000 NTAMS 0x00000000d5500000 space 1024K, 100% used [0x00000000d5500000, 0x00000000d5600000)
AC   0  E CS TS     1 PTAMS 0x00000000d5600000 NTAMS 0x00000000d5600000 space 1024K, 100% used [0x00000000d5600000, 0x00000000d5700000)
AC   0  E CS TS     1 PTAMS 0x00000000d5700000 NTAMS 0x00000000d5700000 space 1024K, 100% used [0x00000000d5700000, 0x00000000d5800000)
AC   0  E CS TS     1 PTAMS 0x00000000d5800000 NTAMS 0x00000000d5800000 space 1024K, 100% used [0x00000000d5800000, 0x00000000d5900000)
AC   0  E CS TS     1 PTAMS 0x00000000d5900000 NTAMS 0x00000000d5900000 space 1024K, 100% used [0x00000000d5900000, 0x00000000d5a00000)
AC   0  E CS TS     1 PTAMS 0x00000000d5a00000 NTAMS 0x00000000d5a00000 space 1024K, 100% used [0x00000000d5a00000, 0x00000000d5b00000)
AC   0  E CS TS     1 PTAMS 0x00000000d5b00000 NTAMS 0x00000000d5b00000 space 1024K, 100% used [0x00000000d5b00000, 0x00000000d5c00000)
AC   0  E CS TS     1 PTAMS 0x00000000d5c00000 NTAMS 0x00000000d5c00000 space 1024K, 100% used [0x00000000d5c00000, 0x00000000d5d00000)
AC   0  E CS TS     1 PTAMS 0x00000000d5d00000 NTAMS 0x00000000d5d00000 space 1024K, 100% used [0x00000000d5d00000, 0x00000000d5e00000)
AC   0  E CS TS     1 PTAMS 0x00000000d5e00000 NTAMS 0x00000000d5e00000 space 1024K, 100% used [0x00000000d5e00000, 0x00000000d5f00000)
AC   0  E CS TS     1 PTAMS 0x00000000d5f00000 NTAMS 0x00000000d5f00000 space 1024K, 100% used [0x00000000d5f00000, 0x00000000d6000000)
AC   0  E CS TS     1 PTAMS 0x00000000d6000000 NTAMS 0x00000000d6000000 space 1024K, 100% used [0x00000000d6000000, 0x00000000d6100000)
AC   0  E CS TS     1 PTAMS 0x00000000d6100000 NTAMS 0x00000000d6100000 space 1024K, 100% used [0x00000000d6100000, 0x00000000d6200000)
AC   0  E CS TS     1 PTAMS 0x00000000d6200000 NTAMS 0x00000000d6200000 space 1024K, 100% used [0x00000000d6200000, 0x00000000d6300000)
AC   0  E CS TS     1 PTAMS 0x00000000d6300000 NTAMS 0x00000000d6300000 space 1024K, 100% used [0x00000000d6300000, 0x00000000d6400000)
AC   0  E CS TS     1 PTAMS 0x00000000d6400000 NTAMS 0x00000000d6400000 space 1024K, 100% used [0x00000000d6400000, 0x00000000d6500000)
AC   0  E CS TS     1 PTAMS 0x00000000d6500000 NTAMS 0x00000000d6500000 space 1024K, 100% used [0x00000000d6500000, 0x00000000d6600000)
AC   0  E CS TS     1 PTAMS 0x00000000d6600000 NTAMS 0x00000000d6600000 space 1024K, 100% used [0x00000000d6600000, 0x00000000d6700000)
AC   0  E CS TS     1 PTAMS 0x00000000d6700000 NTAMS 0x00000000d6700000 space 1024K, 100% used [0x00000000d6700000, 0x00000000d6800000)
AC   0  E CS TS     1 PTAMS 0x00000000d6800000 NTAMS 0x00000000d6800000 space 1024K, 100% used [0x00000000d6800000, 0x00000000d6900000)
AC   0  E CS TS     1 PTAMS 0x00000000d6900000 NTAMS 0x00000000d6900000 space 1024K, 100% used [0x00000000d6900000, 0x00000000d6a00000)
AC   0  E CS TS     1 PTAMS 0x00000000d6a00000 NTAMS 0x00000000d6a00000 space 1024K, 100% used [0x00000000d6a00000, 0x00000000d6b00000)
AC   0  E CS TS     1 PTAMS 0x00000000d6b00000 NTAMS 0x00000000d6b00000 space 1024K, 100% used [0x00000000d6b00000, 0x00000000d6c00000)
AC   0  E CS TS     1 PTAMS 0x00000000d6c00000 NTAMS 0x00000000d6c00000 space 1024K, 100% used [0x00000000d6c00000, 0x00000000d6d00000)
AC   0  E CS TS     1 PTAMS 0x00000000d6d00000 NTAMS 0x00000000d6d00000 space 1024K, 100% used [0x00000000d6d00000, 0x00000000d6e00000)
AC   0  E CS TS     1 PTAMS 0x00000000d6e00000 NTAMS 0x00000000d6e00000 space 1024K, 100% used [0x00000000d6e00000, 0x00000000d6f00000)
AC   0  E CS TS     1 PTAMS 0x00000000d6f00000 NTAMS 0x00000000d6f00000 space 1024K, 100% used [0x00000000d6f00000, 0x00000000d7000000)
AC   0  E CS TS     1 PTAMS 0x00000000d7000000 NTAMS 0x00000000d7000000 space 1024K, 100% used [0x00000000d7000000, 0x00000000d7100000)
AC   0  E CS TS     1 PTAMS 0x00000000d7100000 NTAMS 0x00000000d7100000 space 1024K, 100% used [0x00000000d7100000, 0x00000000d7200000)
AC   0  E CS TS     1 PTAMS 0x00000000d7200000 NTAMS 0x00000000d7200000 space 1024K, 100% used [0x00000000d7200000, 0x00000000d7300000)
AC   0  E CS TS     1 PTAMS 0x00000000d7300000 NTAMS 0x00000000d7300000 space 1024K, 100% used [0x00000000d7300000, 0x00000000d7400000)
AC   0  E CS TS     1 PTAMS 0x00000000d7400000 NTAMS 0x00000000d7400000 space 1024K, 100% used [0x00000000d7400000, 0x00000000d7500000)
AC   0  E CS TS     1 PTAMS 0x00000000d7500000 NTAMS 0x00000000d7500000 space 1024K, 100% used [0x00000000d7500000, 0x00000000d7600000)
AC   0  E CS TS     1 PTAMS 0x00000000d7600000 NTAMS 0x00000000d7600000 space 1024K, 100% used [0x00000000d7600000, 0x00000000d7700000)
AC   0  E CS TS     1 PTAMS 0x00000000d7700000 NTAMS 0x00000000d7700000 space 1024K, 100% used [0x00000000d7700000, 0x00000000d7800000)
AC   0  E CS TS     1 PTAMS 0x00000000d7800000 NTAMS 0x00000000d7800000 space 1024K, 100% used [0x00000000d7800000, 0x00000000d7900000)
AC   0  E CS TS     1 PTAMS 0x00000000d7900000 NTAMS 0x00000000d7900000 space 1024K, 100% used [0x00000000d7900000, 0x00000000d7a00000)
AC   0  E CS TS     1 PTAMS 0x00000000d7a00000 NTAMS 0x00000000d7a00000 space 1024K, 100% used [0x00000000d7a00000, 0x00000000d7b00000)
AC   0  E CS TS     1 PTAMS 0x00000000d7b00000 NTAMS 0x00000000d7b00000 space 1024K, 100% used [0x00000000d7b00000, 0x00000000d7c00000)
AC   0  E CS TS     1 PTAMS 0x00000000d7c00000 NTAMS 0x00000000d7c00000 space 1024K, 100% used [0x00000000d7c00000, 0x00000000d7d00000)
AC   0  E CS TS     1 PTAMS 0x00000000d7d00000 NTAMS 0x00000000d7d00000 space 1024K, 100% used [0x00000000d7d00000, 0x00000000d7e00000)
AC   0  E CS TS     1 PTAMS 0x00000000d7e00000 NTAMS 0x00000000d7e00000 space 1024K, 100% used [0x00000000d7e00000, 0x00000000d7f00000)
AC   0  E CS TS     1 PTAMS 0x00000000d7f00000 NTAMS 0x00000000d7f00000 space 1024K, 100% used [0x00000000d7f00000, 0x00000000d8000000)
AC   0  E CS TS     1 PTAMS 0x00000000d8000000 NTAMS 0x00000000d8000000 space 1024K, 100% used [0x00000000d8000000, 0x00000000d8100000)
AC   0  E CS TS     1 PTAMS 0x00000000d8100000 NTAMS 0x00000000d8100000 space 1024K, 100% used [0x00000000d8100000, 0x00000000d8200000)
AC   0  E CS TS     1 PTAMS 0x00000000d8200000 NTAMS 0x00000000d8200000 space 1024K, 100% used [0x00000000d8200000, 0x00000000d8300000)
AC   0  E CS TS     1 PTAMS 0x00000000d8300000 NTAMS 0x00000000d8300000 space 1024K, 100% used [0x00000000d8300000, 0x00000000d8400000)
AC   0  E CS TS     1 PTAMS 0x00000000d8400000 NTAMS 0x00000000d8400000 space 1024K, 100% used [0x00000000d8400000, 0x00000000d8500000)
AC   0  E CS TS     1 PTAMS 0x00000000d8500000 NTAMS 0x00000000d8500000 space 1024K, 100% used [0x00000000d8500000, 0x00000000d8600000)
AC   0  E CS TS     1 PTAMS 0x00000000d8600000 NTAMS 0x00000000d8600000 space 1024K, 100% used [0x00000000d8600000, 0x00000000d8700000)
AC   0  E CS TS     1 PTAMS 0x00000000d8700000 NTAMS 0x00000000d8700000 space 1024K, 100% used [0x00000000d8700000, 0x00000000d8800000)
AC   0  E CS TS     1 PTAMS 0x00000000d8800000 NTAMS 0x00000000d8800000 space 1024K, 100% used [0x00000000d8800000, 0x00000000d8900000)
AC   0  E CS TS     1 PTAMS 0x00000000d8900000 NTAMS 0x00000000d8900000 space 1024K, 100% used [0x00000000d8900000, 0x00000000d8a00000)
AC   0  E CS TS     1 PTAMS 0x00000000d8a00000 NTAMS 0x00000000d8a00000 space 1024K, 100% used [0x00000000d8a00000, 0x00000000d8b00000)
AC   0  E CS TS     1 PTAMS 0x00000000d8b00000 NTAMS 0x00000000d8b00000 space 1024K, 100% used [0x00000000d8b00000, 0x00000000d8c00000)
AC   0  E CS TS     1 PTAMS 0x00000000d8c00000 NTAMS 0x00000000d8c00000 space 1024K, 100% used [0x00000000d8c00000, 0x00000000d8d00000)
AC   0  E CS TS     1 PTAMS 0x00000000d8d00000 NTAMS 0x00000000d8d00000 space 1024K, 100% used [0x00000000d8d00000, 0x00000000d8e00000)
AC   0  E CS TS     1 PTAMS 0x00000000d8e00000 NTAMS 0x00000000d8e00000 space 1024K, 100% used [0x00000000d8e00000, 0x00000000d8f00000)
AC   0  E CS TS     1 PTAMS 0x00000000d8f00000 NTAMS 0x00000000d8f00000 space 1024K, 100% used [0x00000000d8f00000, 0x00000000d9000000)

Card table byte_map: [0x00000000138c0000,0x0000000013ac0000] byte_map_base: 0x00000000132c0000

Marking Bits (Prev, Next): (CMBitMap*) 0x00000000032f7560, (CMBitMap*) 0x00000000032f7508
 Prev Bits: [0x0000000014cc0000, 0x0000000015cc0000)
 Next Bits: [0x0000000013cc0000, 0x0000000014cc0000)

Polling page: 0x0000000000df0000

CodeCache: size=245760Kb used=39543Kb max_used=40808Kb free=206216Kb
 bounds [0x00000000033c0000, 0x0000000005be0000, 0x00000000123c0000]
 total_blobs=10358 nmethods=9754 adapters=510
 compilation: enabled

Compilation events (10 events):
Event: 1573.164 Thread 0x0000000019112000 nmethod 12455 0x0000000003805e90 code [0x0000000003806040, 0x00000000038066d8]
Event: 1573.164 Thread 0x000000001910e000 12454       4       java.util.stream.AbstractPipeline::wrapAndCopyInto (18 bytes)
Event: 1573.189 Thread 0x000000001910e000 nmethod 12454 0x0000000005bb5d50 code [0x0000000005bb5f00, 0x0000000005bb6418]
Event: 1573.194 Thread 0x000000001910e000 12456       4       java.util.regex.Matcher::find (69 bytes)
Event: 1573.204 Thread 0x000000001910e000 nmethod 12456 0x0000000003e7dad0 code [0x0000000003e7dc20, 0x0000000003e7ddf8]
Event: 1573.249 Thread 0x000000001910e000 12457       4       org.eclipse.osgi.internal.framework.EquinoxConfiguration$ConfigValues::getProperty (31 bytes)
Event: 1573.331 Thread 0x000000001910e000 nmethod 12457 0x00000000042b3d90 code [0x00000000042b3f60, 0x00000000042b5198]
Event: 1573.336 Thread 0x000000001910e000 12459       4       java.util.regex.Pattern::atom (379 bytes)
Event: 1573.411 Thread 0x000000001910e000 nmethod 12459 0x000000000483a0d0 code [0x000000000483a680, 0x000000000483b5d0]
Event: 1573.411 Thread 0x000000001910e000 12460       4       java.util.regex.Pattern::expr (142 bytes)

GC Heap History (10 events):
Event: 1390.372 GC heap before
{Heap before GC invocations=46 (full 0):
 garbage-first heap   total 409600K, used 354306K [0x00000000c0000000, 0x00000000c0100c80, 0x0000000100000000)
  region size 1024K, 240 young (245760K), 12 survivors (12288K)
 Metaspace       used 53915K, capacity 56932K, committed 57216K, reserved 1099776K
  class space    used 5342K, capacity 6258K, committed 6272K, reserved 1048576K
Event: 1390.404 GC heap after
Heap after GC invocations=47 (full 0):
 garbage-first heap   total 409600K, used 118786K [0x00000000c0000000, 0x00000000c0100c80, 0x0000000100000000)
  region size 1024K, 10 young (10240K), 10 survivors (10240K)
 Metaspace       used 53915K, capacity 56932K, committed 57216K, reserved 1099776K
  class space    used 5342K, capacity 6258K, committed 6272K, reserved 1048576K
}
Event: 1435.295 GC heap before
{Heap before GC invocations=47 (full 0):
 garbage-first heap   total 409600K, used 354306K [0x00000000c0000000, 0x00000000c0100c80, 0x0000000100000000)
  region size 1024K, 240 young (245760K), 10 survivors (10240K)
 Metaspace       used 54701K, capacity 57652K, committed 57856K, reserved 1101824K
  class space    used 5427K, capacity 6328K, committed 6400K, reserved 1048576K
Event: 1435.337 GC heap after
Heap after GC invocations=48 (full 0):
 garbage-first heap   total 409600K, used 120834K [0x00000000c0000000, 0x00000000c0100c80, 0x0000000100000000)
  region size 1024K, 12 young (12288K), 12 survivors (12288K)
 Metaspace       used 54701K, capacity 57652K, committed 57856K, reserved 1101824K
  class space    used 5427K, capacity 6328K, committed 6400K, reserved 1048576K
}
Event: 1465.611 GC heap before
{Heap before GC invocations=48 (full 0):
 garbage-first heap   total 409600K, used 354306K [0x00000000c0000000, 0x00000000c0100c80, 0x0000000100000000)
  region size 1024K, 240 young (245760K), 12 survivors (12288K)
 Metaspace       used 54922K, capacity 57804K, committed 58112K, reserved 1101824K
  class space    used 5433K, capacity 6330K, committed 6400K, reserved 1048576K
Event: 1465.643 GC heap after
Heap after GC invocations=49 (full 0):
 garbage-first heap   total 409600K, used 118786K [0x00000000c0000000, 0x00000000c0100c80, 0x0000000100000000)
  region size 1024K, 10 young (10240K), 10 survivors (10240K)
 Metaspace       used 54922K, capacity 57804K, committed 58112K, reserved 1101824K
  class space    used 5433K, capacity 6330K, committed 6400K, reserved 1048576K
}
Event: 1483.703 GC heap before
{Heap before GC invocations=49 (full 0):
 garbage-first heap   total 409600K, used 354306K [0x00000000c0000000, 0x00000000c0100c80, 0x0000000100000000)
  region size 1024K, 240 young (245760K), 10 survivors (10240K)
 Metaspace       used 55035K, capacity 57932K, committed 58112K, reserved 1101824K
  class space    used 5433K, capacity 6330K, committed 6400K, reserved 1048576K
Event: 1483.735 GC heap after
Heap after GC invocations=50 (full 0):
 garbage-first heap   total 409600K, used 118786K [0x00000000c0000000, 0x00000000c0100c80, 0x0000000100000000)
  region size 1024K, 10 young (10240K), 10 survivors (10240K)
 Metaspace       used 55035K, capacity 57932K, committed 58112K, reserved 1101824K
  class space    used 5433K, capacity 6330K, committed 6400K, reserved 1048576K
}
Event: 1554.239 GC heap before
{Heap before GC invocations=50 (full 0):
 garbage-first heap   total 409600K, used 357729K [0x00000000c0000000, 0x00000000c0100c80, 0x0000000100000000)
  region size 1024K, 240 young (245760K), 10 survivors (10240K)
 Metaspace       used 55835K, capacity 58692K, committed 58880K, reserved 1101824K
  class space    used 5480K, capacity 6364K, committed 6400K, reserved 1048576K
Event: 1554.287 GC heap after
Heap after GC invocations=51 (full 0):
 garbage-first heap   total 409600K, used 124644K [0x00000000c0000000, 0x00000000c0100c80, 0x0000000100000000)
  region size 1024K, 15 young (15360K), 15 survivors (15360K)
 Metaspace       used 55835K, capacity 58692K, committed 58880K, reserved 1101824K
  class space    used 5480K, capacity 6364K, committed 6400K, reserved 1048576K
}

Deoptimization events (10 events):
Event: 1554.497 Thread 0x000000001d4a6800 Uncommon trap: reason=class_check action=maybe_recompile pc=0x0000000004f80aa8 method=org.eclipse.jdt.internal.compiler.lookup.LookupEnvironment.convertToRawType(Lorg/eclipse/jdt/internal/compiler/lookup/TypeBinding;Z)Lorg/eclipse/jdt/internal/compiler/lo
Event: 1554.498 Thread 0x000000001d4a6800 Uncommon trap: reason=speculate_class_check action=maybe_recompile pc=0x0000000004a092e0 method=org.eclipse.jdt.internal.compiler.lookup.Binding.isValidBinding()Z @ 1
Event: 1554.500 Thread 0x000000001d4a6800 Uncommon trap: reason=class_check action=maybe_recompile pc=0x0000000004becb7c method=org.eclipse.jdt.internal.core.JavaElement.openWhenClosed(Ljava/lang/Object;ZLorg/eclipse/core/runtime/IProgressMonitor;)Ljava/lang/Object; @ 43
Event: 1554.501 Thread 0x000000001d4a6800 Uncommon trap: reason=unstable_if action=reinterpret pc=0x0000000003d61778 method=java.net.URI.quote(Ljava/lang/String;JJ)Ljava/lang/String; @ 59
Event: 1554.534 Thread 0x000000001d4a6800 Uncommon trap: reason=unstable_if action=reinterpret pc=0x0000000003e83430 method=java.util.regex.Pattern.RemoveQEQuoting()V @ 41
Event: 1554.538 Thread 0x000000001d4a6800 Uncommon trap: reason=unstable_if action=reinterpret pc=0x0000000004953ad4 method=java.util.regex.Pattern.sequence(Ljava/util/regex/Pattern$Node;)Ljava/util/regex/Pattern$Node; @ 388
Event: 1554.580 Thread 0x000000001d4a6800 Uncommon trap: reason=unstable_if action=reinterpret pc=0x0000000003cf4e64 method=org.eclipse.osgi.internal.loader.ModuleClassLoader.lockClassName(Ljava/lang/String;)Z @ 57
Event: 1554.745 Thread 0x000000001d4a6800 Uncommon trap: reason=unstable_if action=reinterpret pc=0x0000000005a5aca8 method=java.util.regex.Pattern$GroupTail.match(Ljava/util/regex/Matcher;ILjava/lang/CharSequence;)Z @ 73
Event: 1555.128 Thread 0x000000001d4aa800 Uncommon trap: reason=unstable_if action=reinterpret pc=0x0000000005340a5c method=org.eclipse.jdt.internal.core.util.CommentRecorderParser.checkComment()V @ 206
Event: 1555.137 Thread 0x000000001d4aa800 Uncommon trap: reason=unstable_if action=reinterpret pc=0x0000000004561e18 method=java.util.regex.Pattern$Curly.match(Ljava/util/regex/Matcher;ILjava/lang/CharSequence;)Z @ 63

Classes redefined (0 events):
No events

Internal exceptions (10 events):
Event: 1571.627 Thread 0x000000001d4a8000 Exception <a 'java/lang/ClassCastException'> (0x00000000d6c1f1b0) thrown at [C:\re\workspace\8-2-build-windows-amd64-cygwin\jdk8u171\10807\hotspot\src\share\vm\runtime\sharedRuntime.cpp, line 605]
Event: 1571.627 Thread 0x000000001d4a8000 Exception <a 'java/lang/ClassCastException'> (0x00000000d6c1f4f0) thrown at [C:\re\workspace\8-2-build-windows-amd64-cygwin\jdk8u171\10807\hotspot\src\share\vm\runtime\sharedRuntime.cpp, line 605]
Event: 1571.627 Thread 0x000000001d4a8000 Exception <a 'java/lang/ClassCastException'> (0x00000000d6c1f830) thrown at [C:\re\workspace\8-2-build-windows-amd64-cygwin\jdk8u171\10807\hotspot\src\share\vm\runtime\sharedRuntime.cpp, line 605]
Event: 1571.627 Thread 0x000000001d4a8000 Exception <a 'java/lang/ClassCastException'> (0x00000000d6c1fb70) thrown at [C:\re\workspace\8-2-build-windows-amd64-cygwin\jdk8u171\10807\hotspot\src\share\vm\runtime\sharedRuntime.cpp, line 605]
Event: 1573.129 Thread 0x000000001d4b0800 Exception <a 'java/lang/ArrayIndexOutOfBoundsException'> (0x00000000d6b618e0) thrown at [C:\re\workspace\8-2-build-windows-amd64-cygwin\jdk8u171\10807\hotspot\src\share\vm\runtime\sharedRuntime.cpp, line 605]
Event: 1573.129 Thread 0x000000001d4b0800 Exception <a 'java/lang/ArrayIndexOutOfBoundsException'> (0x00000000d6b61b18) thrown at [C:\re\workspace\8-2-build-windows-amd64-cygwin\jdk8u171\10807\hotspot\src\share\vm\runtime\sharedRuntime.cpp, line 605]
Event: 1573.129 Thread 0x000000001d4b0800 Exception <a 'java/lang/ArrayIndexOutOfBoundsException'> (0x00000000d6b61d50) thrown at [C:\re\workspace\8-2-build-windows-amd64-cygwin\jdk8u171\10807\hotspot\src\share\vm\runtime\sharedRuntime.cpp, line 605]
Event: 1573.155 Thread 0x000000001d4a9800 Exception <a 'java/lang/ArrayIndexOutOfBoundsException'> (0x00000000d5a838e8) thrown at [C:\re\workspace\8-2-build-windows-amd64-cygwin\jdk8u171\10807\hotspot\src\share\vm\runtime\sharedRuntime.cpp, line 605]
Event: 1573.155 Thread 0x000000001d4a9800 Exception <a 'java/lang/ArrayIndexOutOfBoundsException'> (0x00000000d5a83b20) thrown at [C:\re\workspace\8-2-build-windows-amd64-cygwin\jdk8u171\10807\hotspot\src\share\vm\runtime\sharedRuntime.cpp, line 605]
Event: 1573.155 Thread 0x000000001d4a9800 Exception <a 'java/lang/ArrayIndexOutOfBoundsException'> (0x00000000d5a83d58) thrown at [C:\re\workspace\8-2-build-windows-amd64-cygwin\jdk8u171\10807\hotspot\src\share\vm\runtime\sharedRuntime.cpp, line 605]

Events (10 events):
Event: 1573.333 Thread 0x000000001910e000 flushing nmethod 0x0000000005789c90
Event: 1573.333 Thread 0x000000001910e000 flushing nmethod 0x000000000582f550
Event: 1573.333 Thread 0x000000001910e000 flushing nmethod 0x0000000005870710
Event: 1573.334 Thread 0x000000001910e000 flushing nmethod 0x0000000005878110
Event: 1573.334 Thread 0x000000001910e000 flushing nmethod 0x00000000058af050
Event: 1573.334 Thread 0x000000001910e000 flushing nmethod 0x00000000058d3210
Event: 1573.334 Thread 0x000000001910e000 flushing nmethod 0x0000000005911790
Event: 1573.334 Thread 0x000000001910e000 flushing nmethod 0x0000000005933810
Event: 1573.334 Thread 0x000000001910e000 flushing nmethod 0x0000000005940710
Event: 1573.334 Thread 0x000000001910e000 flushing nmethod 0x0000000005988ed0


Dynamic libraries:
0x00007ff76a460000 - 0x00007ff76a497000 	C:\Program Files\Java\jdk1.8.0_171\bin\java.exe
0x00007ff9a1fc0000 - 0x00007ff9a21ad000 	C:\WINDOWS\SYSTEM32\ntdll.dll
0x00007ff9a14f0000 - 0x00007ff9a15a3000 	C:\WINDOWS\System32\KERNEL32.DLL
0x00007ff99e090000 - 0x00007ff99e323000 	C:\WINDOWS\System32\KERNELBASE.dll
0x00007ff9a1820000 - 0x00007ff9a18c3000 	C:\WINDOWS\System32\ADVAPI32.dll
0x00007ff99fa70000 - 0x00007ff99fb0e000 	C:\WINDOWS\System32\msvcrt.dll
0x00007ff9a1a00000 - 0x00007ff9a1a9e000 	C:\WINDOWS\System32\sechost.dll
0x00007ff9a18d0000 - 0x00007ff9a19f2000 	C:\WINDOWS\System32\RPCRT4.dll
0x00007ff9a15b0000 - 0x00007ff9a1747000 	C:\WINDOWS\System32\USER32.dll
0x00007ff99e330000 - 0x00007ff99e350000 	C:\WINDOWS\System32\win32u.dll
0x00007ff99f850000 - 0x00007ff99f879000 	C:\WINDOWS\System32\GDI32.dll
0x00007ff99ead0000 - 0x00007ff99ec6a000 	C:\WINDOWS\System32\gdi32full.dll
0x00007ff99f050000 - 0x00007ff99f0f0000 	C:\WINDOWS\System32\msvcp_win.dll
0x00007ff99f0f0000 - 0x00007ff99f1ea000 	C:\WINDOWS\System32\ucrtbase.dll
0x00007ff991af0000 - 0x00007ff991d69000 	C:\WINDOWS\WinSxS\amd64_microsoft.windows.common-controls_6595b64144ccf1df_6.0.17763.503_none_05b23ef40721f4ae\COMCTL32.dll
0x00007ff99f520000 - 0x00007ff99f84c000 	C:\WINDOWS\System32\combase.dll
0x00007ff99ecc0000 - 0x00007ff99ed3e000 	C:\WINDOWS\System32\bcryptPrimitives.dll
0x00007ff99f970000 - 0x00007ff99f99e000 	C:\WINDOWS\System32\IMM32.DLL
0x000000006f890000 - 0x000000006f962000 	C:\Program Files\Java\jdk1.8.0_171\jre\bin\msvcr100.dll
0x000000006eff0000 - 0x000000006f890000 	C:\Program Files\Java\jdk1.8.0_171\jre\bin\server\jvm.dll
0x00007ff99f510000 - 0x00007ff99f518000 	C:\WINDOWS\System32\PSAPI.DLL
0x00007ff98e8a0000 - 0x00007ff98e8a9000 	C:\WINDOWS\SYSTEM32\WSOCK32.dll
0x00007ff9a1000000 - 0x00007ff9a106d000 	C:\WINDOWS\System32\WS2_32.dll
0x00007ff99bdf0000 - 0x00007ff99be14000 	C:\WINDOWS\SYSTEM32\WINMM.dll
0x00007ff99bdc0000 - 0x00007ff99bded000 	C:\WINDOWS\SYSTEM32\WINMMBASE.dll
0x00007ff99ec70000 - 0x00007ff99ecba000 	C:\WINDOWS\System32\cfgmgr32.dll
0x00007ff98f830000 - 0x00007ff98f83a000 	C:\WINDOWS\SYSTEM32\VERSION.dll
0x000000006fa90000 - 0x000000006fa9f000 	C:\Program Files\Java\jdk1.8.0_171\jre\bin\verify.dll
0x000000006efc0000 - 0x000000006efe9000 	C:\Program Files\Java\jdk1.8.0_171\jre\bin\java.dll
0x000000006efa0000 - 0x000000006efb6000 	C:\Program Files\Java\jdk1.8.0_171\jre\bin\zip.dll
0x00007ff99fb10000 - 0x00007ff9a1000000 	C:\WINDOWS\System32\SHELL32.dll
0x00007ff9a1e60000 - 0x00007ff9a1f08000 	C:\WINDOWS\System32\shcore.dll
0x00007ff99e380000 - 0x00007ff99eaca000 	C:\WINDOWS\System32\windows.storage.dll
0x00007ff99e060000 - 0x00007ff99e084000 	C:\WINDOWS\System32\profapi.dll
0x00007ff99dfc0000 - 0x00007ff99e01d000 	C:\WINDOWS\System32\powrprof.dll
0x00007ff99f900000 - 0x00007ff99f952000 	C:\WINDOWS\System32\shlwapi.dll
0x00007ff99e040000 - 0x00007ff99e051000 	C:\WINDOWS\System32\kernel.appcore.dll
0x00007ff99f030000 - 0x00007ff99f047000 	C:\WINDOWS\System32\cryptsp.dll
0x00007ff99d3a0000 - 0x00007ff99d3d3000 	C:\WINDOWS\system32\rsaenh.dll
0x00007ff99e350000 - 0x00007ff99e376000 	C:\WINDOWS\System32\bcrypt.dll
0x00007ff99def0000 - 0x00007ff99df18000 	C:\WINDOWS\SYSTEM32\USERENV.dll
0x00007ff99d9b0000 - 0x00007ff99d9bc000 	C:\WINDOWS\SYSTEM32\CRYPTBASE.dll
0x000000006ef80000 - 0x000000006ef9a000 	C:\Program Files\Java\jdk1.8.0_171\jre\bin\net.dll
0x00007ff99d7e0000 - 0x00007ff99d847000 	C:\WINDOWS\system32\mswsock.dll
0x00007ff99d540000 - 0x00007ff99d57d000 	C:\WINDOWS\SYSTEM32\IPHLPAPI.DLL
0x00007ff9a1810000 - 0x00007ff9a1818000 	C:\WINDOWS\System32\NSI.dll
0x00007ff991640000 - 0x00007ff991656000 	C:\WINDOWS\SYSTEM32\dhcpcsvc6.DLL
0x00007ff9917e0000 - 0x00007ff9917fc000 	C:\WINDOWS\SYSTEM32\dhcpcsvc.DLL
0x00007ff99d580000 - 0x00007ff99d646000 	C:\WINDOWS\SYSTEM32\DNSAPI.dll
0x000000006edd0000 - 0x000000006ede1000 	C:\Program Files\Java\jdk1.8.0_171\jre\bin\nio.dll
0x00007ff998b90000 - 0x00007ff998bb9000 	C:\Users\XNOTE\.vscode\extensions\redhat.java-0.46.0\server\config_win\org.eclipse.equinox.launcher\org.eclipse.equinox.launcher.win32.win32.x86_64_1.1.1000.v20190125-2016\eclipse_1801.dll
0x00007ff999840000 - 0x00007ff999851000 	C:\Users\XNOTE\.vscode\extensions\redhat.java-0.46.0\server\config_win\org.eclipse.osgi\20\0\.cp\jWinHttp-1.0.0.dll
0x00007ff9a1b50000 - 0x00007ff9a1ca5000 	C:\WINDOWS\System32\ole32.dll
0x00007ff9912f0000 - 0x00007ff9913e1000 	C:\WINDOWS\SYSTEM32\WINHTTP.dll
0x000000006eda0000 - 0x000000006edc4000 	C:\Program Files\Java\jdk1.8.0_171\jre\bin\sunec.dll

VM Arguments:
jvm_args: -Declipse.application=org.eclipse.jdt.ls.core.id1 -Dosgi.bundles.defaultStartLevel=4 -Declipse.product=org.eclipse.jdt.ls.core.product -Dfile.encoding=utf8 -DwatchParentProcess=false -Xverify:none -Xmx1G -XX:+UseG1GC -XX:+UseStringDeduplication 
java_command: C:\Users\XNOTE\.vscode\extensions\redhat.java-0.46.0\server\plugins\org.eclipse.equinox.launcher_1.5.400.v20190515-0925.jar -configuration C:\Users\XNOTE\.vscode\extensions\redhat.java-0.46.0\server\config_win -data c:\Users\XNOTE\AppData\Roaming\Code\User\workspaceStorage\93e8932c494c5971e4fa6186b51a1aec\redhat.java\jdt_ws
java_class_path (initial): C:\Users\XNOTE\.vscode\extensions\redhat.java-0.46.0\server\plugins\org.eclipse.equinox.launcher_1.5.400.v20190515-0925.jar
Launcher Type: SUN_STANDARD

Environment Variables:
PATH=C:\Program Files (x86)\Common Files\Oracle\Java\javapath;C:\ProgramData\Oracle\Java\javapath;C:\python27;C:\WINDOWS\system32;C:\WINDOWS;C:\WINDOWS\System32\Wbem;C:\WINDOWS\System32\WindowsPowerShell\v1.0\;C:\Program Files (x86)\Windows Live\Shared;C:\WINDOWS\System32\OpenSSH\;C:\Program Files\PuTTY\;C:\Program Files\Microsoft VS Code\bin;C:\Program Files\Git\cmd;C:\Program Files\Java\jdk1.8.0_171\bin;%USERPROFILE%\AppData\Local\Microsoft\WindowsApps;
USERNAME=
OS=Windows_NT
PROCESSOR_IDENTIFIER=Intel64 Family 6 Model 58 Stepping 9, GenuineIntel



---------------  S Y S T E M  ---------------

OS: Windows 10.0 , 64 bit Build 17763 (10.0.17763.475)

CPU:total 4 (initial active 4) (2 cores per cpu, 2 threads per core) family 6 model 58 stepping 9, cmov, cx8, fxsr, mmx, sse, sse2, sse3, ssse3, sse4.1, sse4.2, popcnt, avx, clmul, erms, ht, tsc, tscinvbit, tscinv

Memory: 4k page, physical 4024712k(483196k free), swap 5445000k(3788k free)

vm_info: Java HotSpot(TM) 64-Bit Server VM (25.171-b11) for windows-amd64 JRE (1.8.0_171-b11), built on Mar 28 2018 16:06:12 by "java_re" with MS VC++ 10.0 (VS2010)

time: Thu Jun 13 11:44:58 2019
elapsed time: 1573 seconds (0d 0h 26m 13s)

