#
# There is insufficient memory for the Java Runtime Environment to continue.
# Native memory allocation (malloc) failed to allocate 280176 bytes for Chunk::new
# Possible reasons:
#   The system is out of physical RAM or swap space
#   In 32 bit mode, the process size limit was hit
# Possible solutions:
#   Reduce memory load on the system
#   Increase physical memory or swap space
#   Check if swap backing store is full
#   Use 64 bit Java on a 64 bit OS
#   Decrease Java heap size (-Xmx/-Xms)
#   Decrease number of Java threads
#   Decrease Java thread stack sizes (-Xss)
#   Set larger code cache with -XX:ReservedCodeCacheSize=
# This output file may be truncated or incomplete.
#
#  Out of Memory Error (allocation.cpp:390), pid=17736, tid=0x00000000000030e4
#
# JRE version: Java(TM) SE Runtime Environment (8.0_171-b11) (build 1.8.0_171-b11)
# Java VM: Java HotSpot(TM) 64-Bit Server VM (25.171-b11 mixed mode windows-amd64 compressed oops)
# Failed to write core dump. Minidumps are not enabled by default on client versions of Windows
#

---------------  T H R E A D  ---------------

Current thread (0x00000000191b1000):  JavaThread "C2 CompilerThread0" daemon [_thread_in_native, id=12516, stack(0x0000000019980000,0x0000000019a80000)]

Stack: [0x0000000019980000,0x0000000019a80000]
[error occurred during error reporting (printing stack bounds), id 0xc0000005]

Native frames: (J=compiled Java code, j=interpreted, Vv=VM code, C=native code)


Current CompileTask:
C2:  20192 5768   !   4       org.eclipse.osgi.storage.bundlefile.ZipBundleFile::getInputStream (67 bytes)


---------------  P R O C E S S  ---------------

Java Threads: ( => current thread )
  0x0000000019f23000 JavaThread "RxNewThreadScheduler-2" daemon [_thread_in_native, id=3432, stack(0x0000000023a50000,0x0000000023b50000)]
  0x0000000019f20000 JavaThread "Debuggee Stderr Handler" daemon [_thread_in_native, id=16044, stack(0x0000000023950000,0x0000000023a50000)]
  0x0000000019f1f000 JavaThread "Debuggee Stdout Handler" daemon [_thread_in_native, id=8164, stack(0x0000000023850000,0x0000000023950000)]
  0x000000001d435000 JavaThread "Thread-3" daemon [_thread_in_native, id=15204, stack(0x0000000023750000,0x0000000023850000)]
  0x000000001d433800 JavaThread "RxNewThreadScheduler-1" daemon [_thread_blocked, id=8592, stack(0x0000000023650000,0x0000000023750000)]
  0x000000001d433000 JavaThread "RxCachedWorkerPoolEvictor-1" daemon [_thread_blocked, id=18132, stack(0x0000000023550000,0x0000000023650000)]
  0x000000001d432000 JavaThread "RxSchedulerPurge-1" daemon [_thread_blocked, id=11036, stack(0x0000000023450000,0x0000000023550000)]
  0x000000001d436000 JavaThread "pool-2-thread-1" [_thread_in_native, id=1928, stack(0x0000000023350000,0x0000000023450000)]
  0x000000001d438000 JavaThread "Java Debug Server" daemon [_thread_in_native, id=7808, stack(0x0000000022c50000,0x0000000022d50000)]
  0x000000001d436800 JavaThread "ForkJoinPool.commonPool-worker-2" daemon [_thread_blocked, id=17708, stack(0x0000000022750000,0x0000000022850000)]
  0x000000001d434800 JavaThread "ForkJoinPool.commonPool-worker-1" daemon [_thread_blocked, id=11096, stack(0x0000000021390000,0x0000000021490000)]
  0x000000001d437800 JavaThread "Worker-4" [_thread_blocked, id=11516, stack(0x0000000020e90000,0x0000000020f90000)]
  0x000000001aaf4800 JavaThread "Worker-3" [_thread_blocked, id=6760, stack(0x000000001fdc0000,0x000000001fec0000)]
  0x000000001aa08800 JavaThread "Worker-2" [_thread_blocked, id=17512, stack(0x000000001fcc0000,0x000000001fdc0000)]
  0x000000001eee5000 JavaThread "pool-1-thread-1" [_thread_in_native, id=17508, stack(0x000000001f2b0000,0x000000001f3b0000)]
  0x000000001af47000 JavaThread "Bundle File Closer" daemon [_thread_blocked, id=10432, stack(0x000000001ca10000,0x000000001cb10000)]
  0x000000001b203800 JavaThread "Java indexing" daemon [_thread_blocked, id=9056, stack(0x000000001c910000,0x000000001ca10000)]
  0x000000001af00800 JavaThread "Worker-1" [_thread_blocked, id=17740, stack(0x000000001c410000,0x000000001c510000)]
  0x000000001aefe000 JavaThread "Worker-0" [_thread_blocked, id=12300, stack(0x000000001c310000,0x000000001c410000)]
  0x000000001adb1800 JavaThread "Worker-JM" [_thread_blocked, id=3856, stack(0x000000001ba30000,0x000000001bb30000)]
  0x000000001a3ef800 JavaThread "Start Level: Equinox Container: a10e4a16-574a-4ddf-b273-469c619a09d4" daemon [_thread_blocked, id=7112, stack(0x000000001b930000,0x000000001ba30000)]
  0x000000001a0ba000 JavaThread "Framework Event Dispatcher: Equinox Container: a10e4a16-574a-4ddf-b273-469c619a09d4" daemon [_thread_blocked, id=7352, stack(0x000000001b830000,0x000000001b930000)]
  0x000000001a1c2000 JavaThread "Active Thread: Equinox Container: a10e4a16-574a-4ddf-b273-469c619a09d4" [_thread_blocked, id=10932, stack(0x000000001b730000,0x000000001b830000)]
  0x000000001921a000 JavaThread "Service Thread" daemon [_thread_blocked, id=6064, stack(0x0000000019c80000,0x0000000019d80000)]
  0x00000000191b5000 JavaThread "C1 CompilerThread2" daemon [_thread_blocked, id=11240, stack(0x0000000019b80000,0x0000000019c80000)]
  0x00000000191b2000 JavaThread "C2 CompilerThread1" daemon [_thread_in_native, id=13736, stack(0x0000000019a80000,0x0000000019b80000)]
=>0x00000000191b1000 JavaThread "C2 CompilerThread0" daemon [_thread_in_native, id=12516, stack(0x0000000019980000,0x0000000019a80000)]
  0x00000000191af000 JavaThread "Attach Listener" daemon [_thread_blocked, id=18192, stack(0x0000000019880000,0x0000000019980000)]
  0x0000000019198800 JavaThread "Signal Dispatcher" daemon [_thread_blocked, id=14356, stack(0x0000000019780000,0x0000000019880000)]
  0x0000000019197800 JavaThread "Surrogate Locker Thread (Concurrent GC)" daemon [_thread_blocked, id=7008, stack(0x0000000019680000,0x0000000019780000)]
  0x0000000019104000 JavaThread "Finalizer" daemon [_thread_blocked, id=13560, stack(0x0000000019580000,0x0000000019680000)]
  0x0000000019102800 JavaThread "Reference Handler" daemon [_thread_blocked, id=17556, stack(0x0000000019480000,0x0000000019580000)]
  0x000000000333e000 JavaThread "main" [_thread_blocked, id=5728, stack(0x0000000003230000,0x0000000003330000)]

Other Threads:
  0x00000000190ff800 VMThread [stack: 0x0000000018ea0000,0x0000000018fa0000] [id=10608]
  0x0000000019263000 WatcherThread [stack: 0x0000000019d80000,0x0000000019e80000] [id=16188]

VM state:not at safepoint (normal execution)

VM Mutex/Monitor currently owned by a thread: None

Heap:
 garbage-first heap   total 124928K, used 116738K [0x00000000c0000000, 0x00000000c01003d0, 0x0000000100000000)
  region size 1024K, 4 young (4096K), 1 survivors (1024K)
 Metaspace       used 50589K, capacity 53568K, committed 53840K, reserved 1097728K
  class space    used 5338K, capacity 6206K, committed 6224K, reserved 1048576K

Heap Regions: (Y=young(eden), SU=young(survivor), HS=humongous(starts), HC=humongous(continues), CS=collection set, F=free, TS=gc time stamp, PTAMS=previous top-at-mark-start, NTAMS=next top-at-mark-start)
AC   0 HS    TS     0 PTAMS 0x00000000c0080010 NTAMS 0x00000000c0080010 space 1024K,  50% used [0x00000000c0000000, 0x00000000c0100000)
AC   0  O    TS     0 PTAMS 0x00000000c0200000 NTAMS 0x00000000c0200000 space 1024K, 100% used [0x00000000c0100000, 0x00000000c0200000)
AC   0  O    TS     0 PTAMS 0x00000000c0300000 NTAMS 0x00000000c0300000 space 1024K, 100% used [0x00000000c0200000, 0x00000000c0300000)
AC   0  O    TS     0 PTAMS 0x00000000c0400000 NTAMS 0x00000000c0400000 space 1024K, 100% used [0x00000000c0300000, 0x00000000c0400000)
AC   0  O    TS     0 PTAMS 0x00000000c0500000 NTAMS 0x00000000c0500000 space 1024K, 100% used [0x00000000c0400000, 0x00000000c0500000)
AC   0  O    TS     0 PTAMS 0x00000000c0600000 NTAMS 0x00000000c0600000 space 1024K, 100% used [0x00000000c0500000, 0x00000000c0600000)
AC   0  O    TS     0 PTAMS 0x00000000c0700000 NTAMS 0x00000000c0700000 space 1024K, 100% used [0x00000000c0600000, 0x00000000c0700000)
AC   0  O    TS     0 PTAMS 0x00000000c0800000 NTAMS 0x00000000c0800000 space 1024K, 100% used [0x00000000c0700000, 0x00000000c0800000)
AC   0  O    TS     0 PTAMS 0x00000000c0900000 NTAMS 0x00000000c0900000 space 1024K, 100% used [0x00000000c0800000, 0x00000000c0900000)
AC   0  O    TS     0 PTAMS 0x00000000c0a00000 NTAMS 0x00000000c0a00000 space 1024K, 100% used [0x00000000c0900000, 0x00000000c0a00000)
AC   0  O    TS     0 PTAMS 0x00000000c0b00000 NTAMS 0x00000000c0b00000 space 1024K, 100% used [0x00000000c0a00000, 0x00000000c0b00000)
AC   0  O    TS     0 PTAMS 0x00000000c0c00000 NTAMS 0x00000000c0c00000 space 1024K, 100% used [0x00000000c0b00000, 0x00000000c0c00000)
AC   0  O    TS     0 PTAMS 0x00000000c0d00000 NTAMS 0x00000000c0d00000 space 1024K, 100% used [0x00000000c0c00000, 0x00000000c0d00000)
AC   0  O    TS     0 PTAMS 0x00000000c0e00000 NTAMS 0x00000000c0e00000 space 1024K, 100% used [0x00000000c0d00000, 0x00000000c0e00000)
AC   0  O    TS     0 PTAMS 0x00000000c0f00000 NTAMS 0x00000000c0f00000 space 1024K, 100% used [0x00000000c0e00000, 0x00000000c0f00000)
AC   0  O    TS     0 PTAMS 0x00000000c1000000 NTAMS 0x00000000c1000000 space 1024K, 100% used [0x00000000c0f00000, 0x00000000c1000000)
AC   0  O    TS     0 PTAMS 0x00000000c1100000 NTAMS 0x00000000c1100000 space 1024K, 100% used [0x00000000c1000000, 0x00000000c1100000)
AC   0  O    TS     0 PTAMS 0x00000000c1200000 NTAMS 0x00000000c1200000 space 1024K, 100% used [0x00000000c1100000, 0x00000000c1200000)
AC   0  O    TS     0 PTAMS 0x00000000c1300000 NTAMS 0x00000000c1300000 space 1024K, 100% used [0x00000000c1200000, 0x00000000c1300000)
AC   0  O    TS     0 PTAMS 0x00000000c1400000 NTAMS 0x00000000c1400000 space 1024K, 100% used [0x00000000c1300000, 0x00000000c1400000)
AC   0  O    TS     0 PTAMS 0x00000000c1500000 NTAMS 0x00000000c1500000 space 1024K, 100% used [0x00000000c1400000, 0x00000000c1500000)
AC   0  O    TS     0 PTAMS 0x00000000c1600000 NTAMS 0x00000000c1600000 space 1024K, 100% used [0x00000000c1500000, 0x00000000c1600000)
AC   0  O    TS     0 PTAMS 0x00000000c1700000 NTAMS 0x00000000c1700000 space 1024K, 100% used [0x00000000c1600000, 0x00000000c1700000)
AC   0  O    TS     0 PTAMS 0x00000000c1800000 NTAMS 0x00000000c1800000 space 1024K, 100% used [0x00000000c1700000, 0x00000000c1800000)
AC   0  O    TS     0 PTAMS 0x00000000c1900000 NTAMS 0x00000000c1900000 space 1024K, 100% used [0x00000000c1800000, 0x00000000c1900000)
AC   0  O    TS     0 PTAMS 0x00000000c1a00000 NTAMS 0x00000000c1a00000 space 1024K, 100% used [0x00000000c1900000, 0x00000000c1a00000)
AC   0  O    TS     0 PTAMS 0x00000000c1b00000 NTAMS 0x00000000c1b00000 space 1024K, 100% used [0x00000000c1a00000, 0x00000000c1b00000)
AC   0  O    TS     0 PTAMS 0x00000000c1c00000 NTAMS 0x00000000c1c00000 space 1024K, 100% used [0x00000000c1b00000, 0x00000000c1c00000)
AC   0  O    TS     0 PTAMS 0x00000000c1d00000 NTAMS 0x00000000c1d00000 space 1024K, 100% used [0x00000000c1c00000, 0x00000000c1d00000)
AC   0  O    TS     0 PTAMS 0x00000000c1e00000 NTAMS 0x00000000c1e00000 space 1024K, 100% used [0x00000000c1d00000, 0x00000000c1e00000)
AC   0  O    TS     0 PTAMS 0x00000000c1f00000 NTAMS 0x00000000c1f00000 space 1024K, 100% used [0x00000000c1e00000, 0x00000000c1f00000)
AC   0  O    TS     0 PTAMS 0x00000000c2000000 NTAMS 0x00000000c2000000 space 1024K, 100% used [0x00000000c1f00000, 0x00000000c2000000)
AC   0  O    TS     0 PTAMS 0x00000000c2100000 NTAMS 0x00000000c2100000 space 1024K, 100% used [0x00000000c2000000, 0x00000000c2100000)
AC   0  O    TS     0 PTAMS 0x00000000c2200000 NTAMS 0x00000000c2200000 space 1024K, 100% used [0x00000000c2100000, 0x00000000c2200000)
AC   0  O    TS     0 PTAMS 0x00000000c2300000 NTAMS 0x00000000c2300000 space 1024K, 100% used [0x00000000c2200000, 0x00000000c2300000)
AC   0  F    TS     0 PTAMS 0x00000000c2300000 NTAMS 0x00000000c2300000 space 1024K,   0% used [0x00000000c2300000, 0x00000000c2400000)
AC   0  F    TS     0 PTAMS 0x00000000c2400000 NTAMS 0x00000000c2400000 space 1024K,   0% used [0x00000000c2400000, 0x00000000c2500000)
AC   0  O    TS     0 PTAMS 0x00000000c2600000 NTAMS 0x00000000c2600000 space 1024K, 100% used [0x00000000c2500000, 0x00000000c2600000)
AC   0  O    TS     0 PTAMS 0x00000000c2700000 NTAMS 0x00000000c2700000 space 1024K, 100% used [0x00000000c2600000, 0x00000000c2700000)
AC   0  O    TS     0 PTAMS 0x00000000c2800000 NTAMS 0x00000000c2800000 space 1024K, 100% used [0x00000000c2700000, 0x00000000c2800000)
AC   0  O    TS     0 PTAMS 0x00000000c2900000 NTAMS 0x00000000c2900000 space 1024K, 100% used [0x00000000c2800000, 0x00000000c2900000)
AC   0  O    TS     0 PTAMS 0x00000000c2a00000 NTAMS 0x00000000c2a00000 space 1024K, 100% used [0x00000000c2900000, 0x00000000c2a00000)
AC   0  O    TS     0 PTAMS 0x00000000c2b00000 NTAMS 0x00000000c2b00000 space 1024K, 100% used [0x00000000c2a00000, 0x00000000c2b00000)
AC   0  O    TS     0 PTAMS 0x00000000c2c00000 NTAMS 0x00000000c2c00000 space 1024K, 100% used [0x00000000c2b00000, 0x00000000c2c00000)
AC   0  O    TS     0 PTAMS 0x00000000c2d00000 NTAMS 0x00000000c2d00000 space 1024K, 100% used [0x00000000c2c00000, 0x00000000c2d00000)
AC   0  O    TS     0 PTAMS 0x00000000c2e00000 NTAMS 0x00000000c2e00000 space 1024K, 100% used [0x00000000c2d00000, 0x00000000c2e00000)
AC   0  O    TS     0 PTAMS 0x00000000c2f00000 NTAMS 0x00000000c2f00000 space 1024K, 100% used [0x00000000c2e00000, 0x00000000c2f00000)
AC   0  O    TS     0 PTAMS 0x00000000c3000000 NTAMS 0x00000000c3000000 space 1024K, 100% used [0x00000000c2f00000, 0x00000000c3000000)
AC   0  O    TS     0 PTAMS 0x00000000c3100000 NTAMS 0x00000000c3100000 space 1024K, 100% used [0x00000000c3000000, 0x00000000c3100000)
AC   0  O    TS     0 PTAMS 0x00000000c3200000 NTAMS 0x00000000c3200000 space 1024K, 100% used [0x00000000c3100000, 0x00000000c3200000)
AC   0  O    TS     0 PTAMS 0x00000000c3300000 NTAMS 0x00000000c3300000 space 1024K, 100% used [0x00000000c3200000, 0x00000000c3300000)
AC   0  O    TS     0 PTAMS 0x00000000c3400000 NTAMS 0x00000000c3400000 space 1024K, 100% used [0x00000000c3300000, 0x00000000c3400000)
AC   0  O    TS     0 PTAMS 0x00000000c3500000 NTAMS 0x00000000c3500000 space 1024K, 100% used [0x00000000c3400000, 0x00000000c3500000)
AC   0  O    TS     0 PTAMS 0x00000000c3500000 NTAMS 0x00000000c3500000 space 1024K, 100% used [0x00000000c3500000, 0x00000000c3600000)
AC   0  O    TS     0 PTAMS 0x00000000c3600000 NTAMS 0x00000000c3600000 space 1024K, 100% used [0x00000000c3600000, 0x00000000c3700000)
AC   0  O    TS     0 PTAMS 0x00000000c3700000 NTAMS 0x00000000c3700000 space 1024K, 100% used [0x00000000c3700000, 0x00000000c3800000)
AC   0  O    TS     0 PTAMS 0x00000000c3800000 NTAMS 0x00000000c3800000 space 1024K, 100% used [0x00000000c3800000, 0x00000000c3900000)
AC   0  O    TS     0 PTAMS 0x00000000c3900000 NTAMS 0x00000000c3900000 space 1024K, 100% used [0x00000000c3900000, 0x00000000c3a00000)
AC   0  O    TS     0 PTAMS 0x00000000c3b00000 NTAMS 0x00000000c3b00000 space 1024K, 100% used [0x00000000c3a00000, 0x00000000c3b00000)
AC   0  O    TS     0 PTAMS 0x00000000c3c00000 NTAMS 0x00000000c3c00000 space 1024K, 100% used [0x00000000c3b00000, 0x00000000c3c00000)
AC   0  O    TS     0 PTAMS 0x00000000c3d00000 NTAMS 0x00000000c3d00000 space 1024K, 100% used [0x00000000c3c00000, 0x00000000c3d00000)
AC   0  O    TS     0 PTAMS 0x00000000c3e00000 NTAMS 0x00000000c3e00000 space 1024K, 100% used [0x00000000c3d00000, 0x00000000c3e00000)
AC   0  O    TS     0 PTAMS 0x00000000c3f00000 NTAMS 0x00000000c3f00000 space 1024K, 100% used [0x00000000c3e00000, 0x00000000c3f00000)
AC   0  O    TS     0 PTAMS 0x00000000c4000000 NTAMS 0x00000000c4000000 space 1024K, 100% used [0x00000000c3f00000, 0x00000000c4000000)
AC   0  O    TS     0 PTAMS 0x00000000c4100000 NTAMS 0x00000000c4100000 space 1024K, 100% used [0x00000000c4000000, 0x00000000c4100000)
AC   0  O    TS     0 PTAMS 0x00000000c4200000 NTAMS 0x00000000c4200000 space 1024K, 100% used [0x00000000c4100000, 0x00000000c4200000)
AC   0  O    TS     0 PTAMS 0x00000000c4300000 NTAMS 0x00000000c4300000 space 1024K, 100% used [0x00000000c4200000, 0x00000000c4300000)
AC   0  O    TS     0 PTAMS 0x00000000c4400000 NTAMS 0x00000000c4400000 space 1024K, 100% used [0x00000000c4300000, 0x00000000c4400000)
AC   0  O    TS     0 PTAMS 0x00000000c4480008 NTAMS 0x00000000c4480008 space 1024K, 100% used [0x00000000c4400000, 0x00000000c4500000)
AC   0  O    TS     0 PTAMS 0x00000000c4500000 NTAMS 0x00000000c4500000 space 1024K, 100% used [0x00000000c4500000, 0x00000000c4600000)
AC   0  O    TS     0 PTAMS 0x00000000c4600000 NTAMS 0x00000000c4600000 space 1024K, 100% used [0x00000000c4600000, 0x00000000c4700000)
AC   0  O    TS     0 PTAMS 0x00000000c4700000 NTAMS 0x00000000c4700000 space 1024K, 100% used [0x00000000c4700000, 0x00000000c4800000)
AC   0  O    TS     0 PTAMS 0x00000000c4800000 NTAMS 0x00000000c4800000 space 1024K, 100% used [0x00000000c4800000, 0x00000000c4900000)
AC   0  O    TS     0 PTAMS 0x00000000c4900000 NTAMS 0x00000000c4900000 space 1024K, 100% used [0x00000000c4900000, 0x00000000c4a00000)
AC   0  O    TS     0 PTAMS 0x00000000c4a00000 NTAMS 0x00000000c4a00000 space 1024K, 100% used [0x00000000c4a00000, 0x00000000c4b00000)
AC   0  O    TS     0 PTAMS 0x00000000c4b00000 NTAMS 0x00000000c4b00000 space 1024K, 100% used [0x00000000c4b00000, 0x00000000c4c00000)
AC   0  O    TS     0 PTAMS 0x00000000c4c00000 NTAMS 0x00000000c4c00000 space 1024K, 100% used [0x00000000c4c00000, 0x00000000c4d00000)
AC   0  O    TS     0 PTAMS 0x00000000c4d00000 NTAMS 0x00000000c4d00000 space 1024K, 100% used [0x00000000c4d00000, 0x00000000c4e00000)
AC   0  O    TS     0 PTAMS 0x00000000c4e00000 NTAMS 0x00000000c4e00000 space 1024K, 100% used [0x00000000c4e00000, 0x00000000c4f00000)
AC   0  O    TS     0 PTAMS 0x00000000c4f00000 NTAMS 0x00000000c4f00000 space 1024K, 100% used [0x00000000c4f00000, 0x00000000c5000000)
AC   0  O    TS     0 PTAMS 0x00000000c5000000 NTAMS 0x00000000c5000000 space 1024K, 100% used [0x00000000c5000000, 0x00000000c5100000)
AC   0  O    TS     0 PTAMS 0x00000000c5100000 NTAMS 0x00000000c5100000 space 1024K, 100% used [0x00000000c5100000, 0x00000000c5200000)
AC   0  O    TS     0 PTAMS 0x00000000c5200000 NTAMS 0x00000000c5200000 space 1024K, 100% used [0x00000000c5200000, 0x00000000c5300000)
AC   0  O    TS     0 PTAMS 0x00000000c5300000 NTAMS 0x00000000c5300000 space 1024K, 100% used [0x00000000c5300000, 0x00000000c5400000)
AC   0  O    TS     0 PTAMS 0x00000000c5400000 NTAMS 0x00000000c5400000 space 1024K, 100% used [0x00000000c5400000, 0x00000000c5500000)
AC   0  O    TS     1 PTAMS 0x00000000c5500000 NTAMS 0x00000000c5500000 space 1024K, 100% used [0x00000000c5500000, 0x00000000c5600000)
AC   0  O    TS     1 PTAMS 0x00000000c5600000 NTAMS 0x00000000c5600000 space 1024K, 100% used [0x00000000c5600000, 0x00000000c5700000)
AC   0  O    TS     1 PTAMS 0x00000000c5700000 NTAMS 0x00000000c5700000 space 1024K, 100% used [0x00000000c5700000, 0x00000000c5800000)
AC   0  F    TS     0 PTAMS 0x00000000c5800000 NTAMS 0x00000000c5800000 space 1024K,   0% used [0x00000000c5800000, 0x00000000c5900000)
AC   0  S CS TS     1 PTAMS 0x00000000c5900000 NTAMS 0x00000000c5900000 space 1024K, 100% used [0x00000000c5900000, 0x00000000c5a00000)
AC   0  F    TS     0 PTAMS 0x00000000c5a00000 NTAMS 0x00000000c5a00000 space 1024K,   0% used [0x00000000c5a00000, 0x00000000c5b00000)
AC   0  F    TS     0 PTAMS 0x00000000c5b00000 NTAMS 0x00000000c5b00000 space 1024K,   0% used [0x00000000c5b00000, 0x00000000c5c00000)
AC   0  F    TS     0 PTAMS 0x00000000c5c00000 NTAMS 0x00000000c5c00000 space 1024K,   0% used [0x00000000c5c00000, 0x00000000c5d00000)
AC   0  E    TS     0 PTAMS 0x00000000c5d00000 NTAMS 0x00000000c5d00000 space 1024K,  27% used [0x00000000c5d00000, 0x00000000c5e00000)
AC   0 HS    TS     0 PTAMS 0x00000000c7380b98 NTAMS 0x00000000c7380b98 space 22528K,  97% used [0x00000000c5e00000, 0x00000000c7400000)
AC   0 HC    TS     0 PTAMS 0x00000000c5f00000 NTAMS 0x00000000c5f00000 space 1024K, 100% used [0x00000000c5f00000, 0x00000000c6000000)
AC   0 HC    TS     0 PTAMS 0x00000000c6000000 NTAMS 0x00000000c6000000 space 1024K, 100% used [0x00000000c6000000, 0x00000000c6100000)
AC   0 HC    TS     0 PTAMS 0x00000000c6100000 NTAMS 0x00000000c6100000 space 1024K, 100% used [0x00000000c6100000, 0x00000000c6200000)
AC   0 HC    TS     0 PTAMS 0x00000000c6200000 NTAMS 0x00000000c6200000 space 1024K, 100% used [0x00000000c6200000, 0x00000000c6300000)
AC   0 HC    TS     0 PTAMS 0x00000000c6300000 NTAMS 0x00000000c6300000 space 1024K, 100% used [0x00000000c6300000, 0x00000000c6400000)
AC   0 HC    TS     0 PTAMS 0x00000000c6400000 NTAMS 0x00000000c6400000 space 1024K, 100% used [0x00000000c6400000, 0x00000000c6500000)
AC   0 HC    TS     0 PTAMS 0x00000000c6500000 NTAMS 0x00000000c6500000 space 1024K, 100% used [0x00000000c6500000, 0x00000000c6600000)
AC   0 HC    TS     0 PTAMS 0x00000000c6600000 NTAMS 0x00000000c6600000 space 1024K, 100% used [0x00000000c6600000, 0x00000000c6700000)
AC   0 HC    TS     0 PTAMS 0x00000000c6700000 NTAMS 0x00000000c6700000 space 1024K, 100% used [0x00000000c6700000, 0x00000000c6800000)
AC   0 HC    TS     0 PTAMS 0x00000000c6800000 NTAMS 0x00000000c6800000 space 1024K, 100% used [0x00000000c6800000, 0x00000000c6900000)
AC   0 HC    TS     0 PTAMS 0x00000000c6900000 NTAMS 0x00000000c6900000 space 1024K, 100% used [0x00000000c6900000, 0x00000000c6a00000)
AC   0 HC    TS     0 PTAMS 0x00000000c6a00000 NTAMS 0x00000000c6a00000 space 1024K, 100% used [0x00000000c6a00000, 0x00000000c6b00000)
AC   0 HC    TS     0 PTAMS 0x00000000c6b00000 NTAMS 0x00000000c6b00000 space 1024K, 100% used [0x00000000c6b00000, 0x00000000c6c00000)
AC   0 HC    TS     0 PTAMS 0x00000000c6c00000 NTAMS 0x00000000c6c00000 space 1024K, 100% used [0x00000000c6c00000, 0x00000000c6d00000)
AC   0 HC    TS     0 PTAMS 0x00000000c6d00000 NTAMS 0x00000000c6d00000 space 1024K, 100% used [0x00000000c6d00000, 0x00000000c6e00000)
AC   0 HC    TS     0 PTAMS 0x00000000c6e00000 NTAMS 0x00000000c6e00000 space 1024K, 100% used [0x00000000c6e00000, 0x00000000c6f00000)
AC   0 HC    TS     0 PTAMS 0x00000000c6f00000 NTAMS 0x00000000c6f00000 space 1024K, 100% used [0x00000000c6f00000, 0x00000000c7000000)
AC   0 HC    TS     0 PTAMS 0x00000000c7000000 NTAMS 0x00000000c7000000 space 1024K, 100% used [0x00000000c7000000, 0x00000000c7100000)
AC   0 HC    TS     0 PTAMS 0x00000000c7100000 NTAMS 0x00000000c7100000 space 1024K, 100% used [0x00000000c7100000, 0x00000000c7200000)
AC   0 HC    TS     0 PTAMS 0x00000000c7200000 NTAMS 0x00000000c7200000 space 1024K, 100% used [0x00000000c7200000, 0x00000000c7300000)
AC   0 HC    TS     0 PTAMS 0x00000000c7300000 NTAMS 0x00000000c7300000 space 1024K,  50% used [0x00000000c7300000, 0x00000000c7400000)
AC   0  E CS TS     0 PTAMS 0x00000000c7400000 NTAMS 0x00000000c7400000 space 1024K, 100% used [0x00000000c7400000, 0x00000000c7500000)
AC   0  O    TS     0 PTAMS 0x00000000c7600000 NTAMS 0x00000000c7600000 space 1024K, 100% used [0x00000000c7500000, 0x00000000c7600000)
AC   0  E CS TS     0 PTAMS 0x00000000c7600000 NTAMS 0x00000000c7600000 space 1024K, 100% used [0x00000000c7600000, 0x00000000c7700000)
AC   0  O    TS     0 PTAMS 0x00000000c7800000 NTAMS 0x00000000c7800000 space 1024K, 100% used [0x00000000c7700000, 0x00000000c7800000)
AC   0  O    TS     0 PTAMS 0x00000000c7900000 NTAMS 0x00000000c7900000 space 1024K, 100% used [0x00000000c7800000, 0x00000000c7900000)
AC   0  O    TS     0 PTAMS 0x00000000c7a00000 NTAMS 0x00000000c7a00000 space 1024K, 100% used [0x00000000c7900000, 0x00000000c7a00000)

Card table byte_map: [0x0000000013960000,0x0000000013b60000] byte_map_base: 0x0000000013360000

Marking Bits (Prev, Next): (CMBitMap*) 0x0000000003378728, (CMBitMap*) 0x0000000003378780
 Prev Bits: [0x0000000013d60000, 0x0000000014d60000)
 Next Bits: [0x0000000014d60000, 0x0000000015d60000)

Polling page: 0x0000000001620000

CodeCache: size=245760Kb used=17667Kb max_used=18633Kb free=228092Kb
 bounds [0x0000000003450000, 0x00000000046a0000, 0x0000000012450000]
 total_blobs=5524 nmethods=4918 adapters=515
 compilation: enabled

Compilation events (10 events):
Event: 20.032 Thread 0x00000000191b5000 nmethod 5766 0x0000000004684d10 code [0x0000000004684e60, 0x0000000004684fb0]
Event: 20.032 Thread 0x00000000191b5000 5767       3       com.google.gson.internal.bind.JsonTreeReader::push (119 bytes)
Event: 20.032 Thread 0x00000000191b1000 nmethod 5764 0x00000000040ab4d0 code [0x00000000040ab620, 0x00000000040ab6c8]
Event: 20.032 Thread 0x00000000191b1000 5768   !   4       org.eclipse.osgi.storage.bundlefile.ZipBundleFile::getInputStream (67 bytes)
Event: 20.032 Thread 0x00000000191b2000 5769   !   4       org.eclipse.osgi.storage.bundlefile.ZipBundleFile$ZipBundleEntryInputStream::close (86 bytes)
Event: 20.033 Thread 0x00000000191b5000 nmethod 5767 0x00000000037d5990 code [0x00000000037d5b40, 0x00000000037d63a8]
Event: 20.072 Thread 0x00000000191b5000 5771       3       java.util.Formatter$Conversion::isText (32 bytes)
Event: 20.072 Thread 0x00000000191b5000 nmethod 5771 0x00000000046813d0 code [0x0000000004681520, 0x0000000004681670]
Event: 20.187 Thread 0x00000000191b5000 5772       1       org.eclipse.core.runtime.Status::getMessage (5 bytes)
Event: 20.187 Thread 0x00000000191b5000 nmethod 5772 0x0000000003ddc150 code [0x0000000003ddc2a0, 0x0000000003ddc3b0]

GC Heap History (10 events):
Event: 18.273 GC heap before
{Heap before GC invocations=36 (full 0):
 garbage-first heap   total 124928K, used 105260K [0x00000000c0000000, 0x00000000c01003d0, 0x0000000100000000)
  region size 1024K, 8 young (8192K), 2 survivors (2048K)
 Metaspace       used 48921K, capacity 51764K, committed 51920K, reserved 1095680K
  class space    used 5138K, capacity 6005K, committed 6096K, reserved 1048576K
Event: 18.292 GC heap after
Heap after GC invocations=37 (full 0):
 garbage-first heap   total 124928K, used 102700K [0x00000000c0000000, 0x00000000c01003d0, 0x0000000100000000)
  region size 1024K, 1 young (1024K), 1 survivors (1024K)
 Metaspace       used 48921K, capacity 51764K, committed 51920K, reserved 1095680K
  class space    used 5138K, capacity 6005K, committed 6096K, reserved 1048576K
}
Event: 18.316 GC heap before
{Heap before GC invocations=37 (full 0):
 garbage-first heap   total 124928K, used 107820K [0x00000000c0000000, 0x00000000c01003d0, 0x0000000100000000)
  region size 1024K, 6 young (6144K), 1 survivors (1024K)
 Metaspace       used 48921K, capacity 51764K, committed 51920K, reserved 1095680K
  class space    used 5138K, capacity 6005K, committed 6096K, reserved 1048576K
Event: 18.340 GC heap after
Heap after GC invocations=38 (full 0):
 garbage-first heap   total 124928K, used 105772K [0x00000000c0000000, 0x00000000c01003d0, 0x0000000100000000)
  region size 1024K, 1 young (1024K), 1 survivors (1024K)
 Metaspace       used 48921K, capacity 51764K, committed 51920K, reserved 1095680K
  class space    used 5138K, capacity 6005K, committed 6096K, reserved 1048576K
}
Event: 18.364 GC heap before
{Heap before GC invocations=38 (full 0):
 garbage-first heap   total 124928K, used 110892K [0x00000000c0000000, 0x00000000c01003d0, 0x0000000100000000)
  region size 1024K, 6 young (6144K), 1 survivors (1024K)
 Metaspace       used 48921K, capacity 51764K, committed 51920K, reserved 1095680K
  class space    used 5138K, capacity 6005K, committed 6096K, reserved 1048576K
Event: 18.378 GC heap after
Heap after GC invocations=39 (full 0):
 garbage-first heap   total 124928K, used 109356K [0x00000000c0000000, 0x00000000c01003d0, 0x0000000100000000)
  region size 1024K, 1 young (1024K), 1 survivors (1024K)
 Metaspace       used 48921K, capacity 51764K, committed 51920K, reserved 1095680K
  class space    used 5138K, capacity 6005K, committed 6096K, reserved 1048576K
}
Event: 18.405 GC heap before
{Heap before GC invocations=39 (full 0):
 garbage-first heap   total 124928K, used 114476K [0x00000000c0000000, 0x00000000c01003d0, 0x0000000100000000)
  region size 1024K, 6 young (6144K), 1 survivors (1024K)
 Metaspace       used 48921K, capacity 51764K, committed 51920K, reserved 1095680K
  class space    used 5138K, capacity 6005K, committed 6096K, reserved 1048576K
Event: 18.417 GC heap after
Heap after GC invocations=40 (full 0):
 garbage-first heap   total 124928K, used 112940K [0x00000000c0000000, 0x00000000c01003d0, 0x0000000100000000)
  region size 1024K, 1 young (1024K), 1 survivors (1024K)
 Metaspace       used 48921K, capacity 51764K, committed 51920K, reserved 1095680K
  class space    used 5138K, capacity 6005K, committed 6096K, reserved 1048576K
}
Event: 19.984 GC heap before
{Heap before GC invocations=41 (full 0):
 garbage-first heap   total 124928K, used 118060K [0x00000000c0000000, 0x00000000c01003d0, 0x0000000100000000)
  region size 1024K, 6 young (6144K), 1 survivors (1024K)
 Metaspace       used 50104K, capacity 52994K, committed 53328K, reserved 1095680K
  class space    used 5259K, capacity 6109K, committed 6224K, reserved 1048576K
Event: 19.995 GC heap after
Heap after GC invocations=42 (full 0):
 garbage-first heap   total 124928K, used 114690K [0x00000000c0000000, 0x00000000c01003d0, 0x0000000100000000)
  region size 1024K, 1 young (1024K), 1 survivors (1024K)
 Metaspace       used 50104K, capacity 52994K, committed 53328K, reserved 1095680K
  class space    used 5259K, capacity 6109K, committed 6224K, reserved 1048576K
}

Deoptimization events (10 events):
Event: 17.539 Thread 0x000000001d432000 Uncommon trap: reason=class_check action=maybe_recompile pc=0x000000000366fb9c method=java.util.zip.InflaterInputStream.read([BII)I @ 100
Event: 17.539 Thread 0x000000001d432000 Uncommon trap: reason=class_check action=maybe_recompile pc=0x000000000366fb9c method=java.util.zip.InflaterInputStream.read([BII)I @ 100
Event: 17.682 Thread 0x000000001d432000 Uncommon trap: reason=unstable_if action=reinterpret pc=0x000000000467fba0 method=java.util.zip.GZIPInputStream.read([BII)I @ 25
Event: 20.021 Thread 0x000000001d433800 Uncommon trap: reason=class_check action=maybe_recompile pc=0x0000000003a1819c method=com.google.gson.internal.bind.TypeAdapters$16.read(Lcom/google/gson/stream/JsonReader;)Ljava/lang/String; @ 1
Event: 20.021 Thread 0x000000001d433800 Uncommon trap: reason=class_check action=maybe_recompile pc=0x0000000003a1819c method=com.google.gson.internal.bind.TypeAdapters$16.read(Lcom/google/gson/stream/JsonReader;)Ljava/lang/String; @ 1
Event: 20.021 Thread 0x000000001d433800 Uncommon trap: reason=class_check action=maybe_recompile pc=0x0000000003a1819c method=com.google.gson.internal.bind.TypeAdapters$16.read(Lcom/google/gson/stream/JsonReader;)Ljava/lang/String; @ 1
Event: 20.032 Thread 0x000000001d433800 Uncommon trap: reason=class_check action=maybe_recompile pc=0x0000000003a1819c method=com.google.gson.internal.bind.TypeAdapters$16.read(Lcom/google/gson/stream/JsonReader;)Ljava/lang/String; @ 1
Event: 20.032 Thread 0x000000001d433800 Uncommon trap: reason=class_check action=maybe_recompile pc=0x00000000040ed29c method=com.google.gson.internal.bind.TypeAdapters$16.read(Lcom/google/gson/stream/JsonReader;)Ljava/lang/String; @ 1
Event: 20.032 Thread 0x000000001d433800 Uncommon trap: reason=class_check action=maybe_recompile pc=0x0000000004133bcc method=com.google.gson.internal.bind.ArrayTypeAdapter.read(Lcom/google/gson/stream/JsonReader;)Ljava/lang/Object; @ 1
Event: 20.032 Thread 0x000000001d433800 Uncommon trap: reason=class_check action=maybe_recompile pc=0x0000000004133bcc method=com.google.gson.internal.bind.ArrayTypeAdapter.read(Lcom/google/gson/stream/JsonReader;)Ljava/lang/Object; @ 1

Classes redefined (0 events):
No events

Internal exceptions (10 events):
Event: 16.214 Thread 0x000000001d435000 Exception <a 'java/lang/ClassNotFoundException': sun/net/www/protocol/jdt/Handler> (0x00000000c3ce31c8) thrown at [C:\re\workspace\8-2-build-windows-amd64-cygwin\jdk8u171\10807\hotspot\src\share\vm\classfile\systemDictionary.cpp, line 210]
Event: 16.215 Thread 0x000000001d435000 Exception <a 'java/lang/ClassNotFoundException': sun/net/www/protocol/jdt/Handler> (0x00000000c3ce6478) thrown at [C:\re\workspace\8-2-build-windows-amd64-cygwin\jdk8u171\10807\hotspot\src\share\vm\classfile\systemDictionary.cpp, line 210]
Event: 16.215 Thread 0x000000001d435000 Exception <a 'java/lang/ClassNotFoundException': sun/net/www/protocol/jdt/Handler> (0x00000000c3ce9c08) thrown at [C:\re\workspace\8-2-build-windows-amd64-cygwin\jdk8u171\10807\hotspot\src\share\vm\classfile\systemDictionary.cpp, line 210]
Event: 16.215 Thread 0x000000001d435000 Exception <a 'java/lang/ClassNotFoundException': sun/net/www/protocol/jdt/Handler> (0x00000000c3cecd38) thrown at [C:\re\workspace\8-2-build-windows-amd64-cygwin\jdk8u171\10807\hotspot\src\share\vm\classfile\systemDictionary.cpp, line 210]
Event: 16.216 Thread 0x000000001d435000 Exception <a 'java/lang/ClassNotFoundException': sun/net/www/protocol/jdt/Handler> (0x00000000c3cefe28) thrown at [C:\re\workspace\8-2-build-windows-amd64-cygwin\jdk8u171\10807\hotspot\src\share\vm\classfile\systemDictionary.cpp, line 210]
Event: 16.216 Thread 0x000000001d435000 Exception <a 'java/lang/ClassNotFoundException': sun/net/www/protocol/jdt/Handler> (0x00000000c3cf3080) thrown at [C:\re\workspace\8-2-build-windows-amd64-cygwin\jdk8u171\10807\hotspot\src\share\vm\classfile\systemDictionary.cpp, line 210]
Event: 19.729 Thread 0x000000001d436800 Exception <a 'java/io/FileNotFoundException'> (0x00000000c7475018) thrown at [C:\re\workspace\8-2-build-windows-amd64-cygwin\jdk8u171\10807\hotspot\src\share\vm\prims\jni.cpp, line 709]
Event: 19.999 Thread 0x000000001d436000 Exception <a 'java/io/FileNotFoundException'> (0x00000000c761f4c8) thrown at [C:\re\workspace\8-2-build-windows-amd64-cygwin\jdk8u171\10807\hotspot\src\share\vm\prims\jni.cpp, line 709]
Event: 20.186 Thread 0x000000001d436000 Exception <a 'sun/net/ConnectionResetException': > (0x00000000c744b6b8) thrown at [C:\re\workspace\8-2-build-windows-amd64-cygwin\jdk8u171\10807\hotspot\src\share\vm\prims\jni.cpp, line 735]
Event: 20.186 Thread 0x000000001d436000 Exception <a 'sun/net/ConnectionResetException': > (0x00000000c744b8e8) thrown at [C:\re\workspace\8-2-build-windows-amd64-cygwin\jdk8u171\10807\hotspot\src\share\vm\prims\jni.cpp, line 735]

Events (10 events):
Event: 20.184 Executing VM operation: RevokeBias done
Event: 20.184 Executing VM operation: RevokeBias
Event: 20.184 Executing VM operation: RevokeBias done
Event: 20.185 loading class sun/net/ConnectionResetException
Event: 20.186 loading class java/net/SocketException
Event: 20.186 loading class java/net/SocketException done
Event: 20.186 loading class sun/net/ConnectionResetException done
Event: 20.186 Executing VM operation: RevokeBias
Event: 20.186 Executing VM operation: RevokeBias done
Event: 20.187 Thread 0x00000000191b5000 flushing nmethod 0x00000000035bfa90


Dynamic libraries:
0x00007ff725010000 - 0x00007ff725047000 	C:\Program Files\Java\jdk1.8.0_171\bin\java.exe
0x00007ff933b60000 - 0x00007ff933d4d000 	C:\WINDOWS\SYSTEM32\ntdll.dll
0x00007ff932220000 - 0x00007ff9322d3000 	C:\WINDOWS\System32\KERNEL32.DLL
0x00007ff930100000 - 0x00007ff930393000 	C:\WINDOWS\System32\KERNELBASE.dll
0x00007ff930d90000 - 0x00007ff930e33000 	C:\WINDOWS\System32\ADVAPI32.dll
0x00007ff9319d0000 - 0x00007ff931a6e000 	C:\WINDOWS\System32\msvcrt.dll
0x00007ff931f10000 - 0x00007ff931fae000 	C:\WINDOWS\System32\sechost.dll
0x00007ff931fc0000 - 0x00007ff9320e2000 	C:\WINDOWS\System32\RPCRT4.dll
0x00007ff931d70000 - 0x00007ff931f07000 	C:\WINDOWS\System32\USER32.dll
0x00007ff92fc50000 - 0x00007ff92fc70000 	C:\WINDOWS\System32\win32u.dll
0x00007ff9322f0000 - 0x00007ff932319000 	C:\WINDOWS\System32\GDI32.dll
0x00007ff9303a0000 - 0x00007ff93053a000 	C:\WINDOWS\System32\gdi32full.dll
0x00007ff92fe80000 - 0x00007ff92ff20000 	C:\WINDOWS\System32\msvcp_win.dll
0x00007ff930540000 - 0x00007ff93063a000 	C:\WINDOWS\System32\ucrtbase.dll
0x00007ff924040000 - 0x00007ff9242b9000 	C:\WINDOWS\WinSxS\amd64_microsoft.windows.common-controls_6595b64144ccf1df_6.0.17763.379_none_05b83be8071c94a1\COMCTL32.dll
0x00007ff931620000 - 0x00007ff93194d000 	C:\WINDOWS\System32\combase.dll
0x00007ff92fcf0000 - 0x00007ff92fd6e000 	C:\WINDOWS\System32\bcryptPrimitives.dll
0x00007ff931060000 - 0x00007ff93108e000 	C:\WINDOWS\System32\IMM32.DLL
0x000000005a180000 - 0x000000005a252000 	C:\Program Files\Java\jdk1.8.0_171\jre\bin\msvcr100.dll
0x00000000587b0000 - 0x0000000059050000 	C:\Program Files\Java\jdk1.8.0_171\jre\bin\server\jvm.dll
0x00007ff931fb0000 - 0x00007ff931fb8000 	C:\WINDOWS\System32\PSAPI.DLL
0x00007ff91dea0000 - 0x00007ff91dea9000 	C:\WINDOWS\SYSTEM32\WSOCK32.dll
0x00007ff932340000 - 0x00007ff9323ad000 	C:\WINDOWS\System32\WS2_32.dll
0x00007ff92db40000 - 0x00007ff92db64000 	C:\WINDOWS\SYSTEM32\WINMM.dll
0x00007ff91ee60000 - 0x00007ff91ee6a000 	C:\WINDOWS\SYSTEM32\VERSION.dll
0x00007ff92db10000 - 0x00007ff92db3d000 	C:\WINDOWS\SYSTEM32\WINMMBASE.dll
0x00007ff92fc70000 - 0x00007ff92fcba000 	C:\WINDOWS\System32\cfgmgr32.dll
0x000000005a170000 - 0x000000005a17f000 	C:\Program Files\Java\jdk1.8.0_171\jre\bin\verify.dll
0x000000005a140000 - 0x000000005a169000 	C:\Program Files\Java\jdk1.8.0_171\jre\bin\java.dll
0x000000005a120000 - 0x000000005a136000 	C:\Program Files\Java\jdk1.8.0_171\jre\bin\zip.dll
0x00007ff932640000 - 0x00007ff933b30000 	C:\WINDOWS\System32\SHELL32.dll
0x00007ff931090000 - 0x00007ff931138000 	C:\WINDOWS\System32\shcore.dll
0x00007ff930640000 - 0x00007ff930d8a000 	C:\WINDOWS\System32\windows.storage.dll
0x00007ff92fba0000 - 0x00007ff92fbc4000 	C:\WINDOWS\System32\profapi.dll
0x00007ff92fbd0000 - 0x00007ff92fc2d000 	C:\WINDOWS\System32\powrprof.dll
0x00007ff931d10000 - 0x00007ff931d62000 	C:\WINDOWS\System32\shlwapi.dll
0x00007ff92fb80000 - 0x00007ff92fb91000 	C:\WINDOWS\System32\kernel.appcore.dll
0x00007ff92fc30000 - 0x00007ff92fc47000 	C:\WINDOWS\System32\cryptsp.dll
0x00007ff92ef40000 - 0x00007ff92ef73000 	C:\WINDOWS\system32\rsaenh.dll
0x00007ff92fcc0000 - 0x00007ff92fce6000 	C:\WINDOWS\System32\bcrypt.dll
0x00007ff92fa60000 - 0x00007ff92fa88000 	C:\WINDOWS\SYSTEM32\USERENV.dll
0x00007ff92f550000 - 0x00007ff92f55c000 	C:\WINDOWS\SYSTEM32\CRYPTBASE.dll
0x000000005a100000 - 0x000000005a11a000 	C:\Program Files\Java\jdk1.8.0_171\jre\bin\net.dll
0x00007ff92f380000 - 0x00007ff92f3e7000 	C:\WINDOWS\system32\mswsock.dll
0x00007ff92f0e0000 - 0x00007ff92f11d000 	C:\WINDOWS\SYSTEM32\IPHLPAPI.DLL
0x00007ff9322e0000 - 0x00007ff9322e8000 	C:\WINDOWS\System32\NSI.dll
0x00007ff923940000 - 0x00007ff923956000 	C:\WINDOWS\SYSTEM32\dhcpcsvc6.DLL
0x00007ff923cf0000 - 0x00007ff923d0c000 	C:\WINDOWS\SYSTEM32\dhcpcsvc.DLL
0x00007ff92f120000 - 0x00007ff92f1e6000 	C:\WINDOWS\SYSTEM32\DNSAPI.dll
0x000000005a0e0000 - 0x000000005a0f1000 	C:\Program Files\Java\jdk1.8.0_171\jre\bin\nio.dll
0x00007ff9201b0000 - 0x00007ff9201d9000 	C:\Users\XNOTE\.vscode\extensions\redhat.java-0.43.0\server\config_win\org.eclipse.equinox.launcher\org.eclipse.equinox.launcher.win32.win32.x86_64_1.1.1000.v20190125-2016\eclipse_1801.dll
0x00007ff927550000 - 0x00007ff927561000 	C:\Users\XNOTE\.vscode\extensions\redhat.java-0.43.0\server\config_win\org.eclipse.osgi\20\0\.cp\jWinHttp-1.0.0.dll
0x00007ff9324e0000 - 0x00007ff932635000 	C:\WINDOWS\System32\ole32.dll
0x00007ff924560000 - 0x00007ff924651000 	C:\WINDOWS\SYSTEM32\WINHTTP.dll
0x000000005a0b0000 - 0x000000005a0d4000 	C:\Program Files\Java\jdk1.8.0_171\jre\bin\sunec.dll

VM Arguments:
jvm_args: -Declipse.application=org.eclipse.jdt.ls.core.id1 -Dosgi.bundles.defaultStartLevel=4 -Declipse.product=org.eclipse.jdt.ls.core.product -Dfile.encoding=utf8 -DwatchParentProcess=false -Xverify:none -Xmx1G -XX:+UseG1GC -XX:+UseStringDeduplication 
java_command: C:\Users\XNOTE\.vscode\extensions\redhat.java-0.43.0\server\plugins\org.eclipse.equinox.launcher_1.5.300.v20190213-1655.jar -configuration C:\Users\XNOTE\.vscode\extensions\redhat.java-0.43.0\server\config_win -data c:\Users\XNOTE\AppData\Roaming\Code\User\workspaceStorage\0bdfaac4224be0d618bdcf963b857abf\redhat.java\jdt_ws
java_class_path (initial): C:\Users\XNOTE\.vscode\extensions\redhat.java-0.43.0\server\plugins\org.eclipse.equinox.launcher_1.5.300.v20190213-1655.jar
Launcher Type: SUN_STANDARD

Environment Variables:
PATH=C:\Program Files (x86)\Common Files\Oracle\Java\javapath;C:\ProgramData\Oracle\Java\javapath;C:\python27;C:\WINDOWS\system32;C:\WINDOWS;C:\WINDOWS\System32\Wbem;C:\WINDOWS\System32\WindowsPowerShell\v1.0\;C:\Program Files (x86)\Windows Live\Shared;C:\WINDOWS\System32\OpenSSH\;C:\Program Files\PuTTY\;C:\Program Files\Microsoft VS Code\bin;C:\Program Files\Git\cmd;C:\Program Files\Java\jdk1.8.0_171\bin;%USERPROFILE%\AppData\Local\Microsoft\WindowsApps;
USERNAME=¹Î¿ì
OS=Windows_NT
PROCESSOR_IDENTIFIER=Intel64 Family 6 Model 58 Stepping 9, GenuineIntel



---------------  S Y S T E M  ---------------

OS: Windows 10.0 , 64 bit Build 17763 (10.0.17763.379)

CPU:total 4 (initial active 4) (2 cores per cpu, 2 threads per core) family 6 model 58 stepping 9, cmov, cx8, fxsr, mmx, sse, sse2, sse3, ssse3, sse4.1, sse4.2, popcnt, avx, clmul, erms, ht, tsc, tscinvbit, tscinv

Memory: 4k page, physical 4024712k(866220k free), swap 5445000k(3044k free)

vm_info: Java HotSpot(TM) 64-Bit Server VM (25.171-b11) for windows-amd64 JRE (1.8.0_171-b11), built on Mar 28 2018 16:06:12 by "java_re" with MS VC++ 10.0 (VS2010)

time: Thu May 02 03:51:55 2019
elapsed time: 20 seconds (0d 0h 0m 20s)

