#
# There is insufficient memory for the Java Runtime Environment to continue.
# Native memory allocation (malloc) failed to allocate 2104176 bytes for Chunk::new
# Possible reasons:
#   The system is out of physical RAM or swap space
#   In 32 bit mode, the process size limit was hit
# Possible solutions:
#   Reduce memory load on the system
#   Increase physical memory or swap space
#   Check if swap backing store is full
#   Use 64 bit Java on a 64 bit OS
#   Decrease Java heap size (-Xmx/-Xms)
#   Decrease number of Java threads
#   Decrease Java thread stack sizes (-Xss)
#   Set larger code cache with -XX:ReservedCodeCacheSize=
# This output file may be truncated or incomplete.
#
#  Out of Memory Error (allocation.cpp:390), pid=1648, tid=0x0000000000003460
#
# JRE version: Java(TM) SE Runtime Environment (8.0_171-b11) (build 1.8.0_171-b11)
# Java VM: Java HotSpot(TM) 64-Bit Server VM (25.171-b11 mixed mode windows-amd64 compressed oops)
# Failed to write core dump. Minidumps are not enabled by default on client versions of Windows
#

---------------  T H R E A D  ---------------

Current thread (0x00000000194d6000):  JavaThread "C2 CompilerThread1" daemon [_thread_in_native, id=13408, stack(0x0000000019da0000,0x0000000019ea0000)]

Stack: [0x0000000019da0000,0x0000000019ea0000]
[error occurred during error reporting (printing stack bounds), id 0xc0000005]

Native frames: (J=compiled Java code, j=interpreted, Vv=VM code, C=native code)


Current CompileTask:
C2: 524819 13745       4       org.eclipse.jdt.internal.corext.dom.ScopeAnalyzer::addInherited (316 bytes)


---------------  P R O C E S S  ---------------

Java Threads: ( => current thread )
  0x00000000196df800 JavaThread "ForkJoinPool.commonPool-worker-3" daemon [_thread_blocked, id=14608, stack(0x0000000028660000,0x0000000028760000)]
  0x00000000196e2800 JavaThread "Worker-14" [_thread_blocked, id=15380, stack(0x0000000028560000,0x0000000028660000)]
  0x00000000196d8800 JavaThread "pool-14-thread-1" [_thread_blocked, id=17548, stack(0x0000000028460000,0x0000000028560000)]
  0x00000000196db800 JavaThread "pool-13-thread-1" [_thread_blocked, id=16688, stack(0x0000000028360000,0x0000000028460000)]
  0x00000000196da800 JavaThread "ForkJoinPool.commonPool-worker-2" daemon [_thread_blocked, id=5148, stack(0x0000000028160000,0x0000000028260000)]
  0x00000000196dd000 JavaThread "ForkJoinPool.commonPool-worker-0" daemon [_thread_blocked, id=13804, stack(0x0000000027f60000,0x0000000028060000)]
  0x00000000196e1000 JavaThread "Worker-13" [_thread_blocked, id=14388, stack(0x0000000027160000,0x0000000027260000)]
  0x00000000196d9000 JavaThread "Worker-12" [_thread_blocked, id=10000, stack(0x0000000027060000,0x0000000027160000)]
  0x00000000196d7800 JavaThread "Worker-11" [_thread_blocked, id=12996, stack(0x0000000026a60000,0x0000000026b60000)]
  0x00000000196de800 JavaThread "Worker-10" [_thread_blocked, id=12152, stack(0x0000000026960000,0x0000000026a60000)]
  0x00000000196dc000 JavaThread "Worker-9" [_thread_blocked, id=14656, stack(0x0000000025190000,0x0000000025290000)]
  0x000000001b0e0000 JavaThread "Worker-7" [_thread_blocked, id=9400, stack(0x00000000235c0000,0x00000000236c0000)]
  0x0000000019617000 JavaThread "pool-1-thread-1" [_thread_in_Java, id=16992, stack(0x0000000020970000,0x0000000020a70000)]
  0x000000001b503000 JavaThread "Bundle File Closer" daemon [_thread_blocked, id=7456, stack(0x000000001cc70000,0x000000001cd70000)]
  0x000000001b368000 JavaThread "Java indexing" daemon [_thread_blocked, id=1084, stack(0x000000001ca70000,0x000000001cb70000)]
  0x000000001aef6800 JavaThread "Worker-JM" [_thread_blocked, id=13736, stack(0x000000001c070000,0x000000001c170000)]
  0x000000001a50d800 JavaThread "Start Level: Equinox Container: b8e4772f-1853-499e-9f2f-0130a85a6485" daemon [_thread_blocked, id=16452, stack(0x000000001bb70000,0x000000001bc70000)]
  0x000000001a51d800 JavaThread "Framework Event Dispatcher: Equinox Container: b8e4772f-1853-499e-9f2f-0130a85a6485" daemon [_thread_blocked, id=12208, stack(0x000000001ba70000,0x000000001bb70000)]
  0x000000001ad37800 JavaThread "Active Thread: Equinox Container: b8e4772f-1853-499e-9f2f-0130a85a6485" [_thread_blocked, id=1868, stack(0x000000001b970000,0x000000001ba70000)]
  0x0000000019565000 JavaThread "Service Thread" daemon [_thread_blocked, id=12692, stack(0x0000000019fa0000,0x000000001a0a0000)]
  0x00000000194e2000 JavaThread "C1 CompilerThread2" daemon [_thread_blocked, id=14440, stack(0x0000000019ea0000,0x0000000019fa0000)]
=>0x00000000194d6000 JavaThread "C2 CompilerThread1" daemon [_thread_in_native, id=13408, stack(0x0000000019da0000,0x0000000019ea0000)]
  0x00000000194d5000 JavaThread "C2 CompilerThread0" daemon [_thread_blocked, id=12008, stack(0x0000000019ca0000,0x0000000019da0000)]
  0x00000000194d4000 JavaThread "Attach Listener" daemon [_thread_blocked, id=15872, stack(0x0000000019ba0000,0x0000000019ca0000)]
  0x00000000194bc800 JavaThread "Signal Dispatcher" daemon [_thread_blocked, id=12548, stack(0x0000000019aa0000,0x0000000019ba0000)]
  0x00000000194bb800 JavaThread "Surrogate Locker Thread (Concurrent GC)" daemon [_thread_blocked, id=13512, stack(0x00000000199a0000,0x0000000019aa0000)]
  0x0000000019431800 JavaThread "Finalizer" daemon [_thread_blocked, id=1540, stack(0x00000000198a0000,0x00000000199a0000)]
  0x0000000019426800 JavaThread "Reference Handler" daemon [_thread_blocked, id=10252, stack(0x00000000197a0000,0x00000000198a0000)]
  0x000000000317e000 JavaThread "main" [_thread_blocked, id=17632, stack(0x0000000003570000,0x0000000003670000)]

Other Threads:
  0x0000000019423800 VMThread [stack: 0x00000000191c0000,0x00000000192c0000] [id=9896]
  0x000000001957d800 WatcherThread [stack: 0x000000001a0a0000,0x000000001a1a0000] [id=1280]

VM state:not at safepoint (normal execution)

VM Mutex/Monitor currently owned by a thread: None

Heap:
 garbage-first heap   total 74752K, used 52085K [0x00000000c0000000, 0x00000000c0100248, 0x0000000100000000)
  region size 1024K, 8 young (8192K), 1 survivors (1024K)
 Metaspace       used 57551K, capacity 60448K, committed 60544K, reserved 1103872K
  class space    used 5636K, capacity 6526K, committed 6528K, reserved 1048576K

Heap Regions: (Y=young(eden), SU=young(survivor), HS=humongous(starts), HC=humongous(continues), CS=collection set, F=free, TS=gc time stamp, PTAMS=previous top-at-mark-start, NTAMS=next top-at-mark-start)
AC   0  O    TS     0 PTAMS 0x00000000c0100000 NTAMS 0x00000000c0100000 space 1024K, 100% used [0x00000000c0000000, 0x00000000c0100000)
AC   0  O    TS     0 PTAMS 0x00000000c0200000 NTAMS 0x00000000c0200000 space 1024K, 100% used [0x00000000c0100000, 0x00000000c0200000)
AC   0  O    TS     0 PTAMS 0x00000000c0300000 NTAMS 0x00000000c0300000 space 1024K, 100% used [0x00000000c0200000, 0x00000000c0300000)
AC   0  O    TS     0 PTAMS 0x00000000c0400000 NTAMS 0x00000000c0400000 space 1024K, 100% used [0x00000000c0300000, 0x00000000c0400000)
AC   0  O    TS     0 PTAMS 0x00000000c0500000 NTAMS 0x00000000c0500000 space 1024K, 100% used [0x00000000c0400000, 0x00000000c0500000)
AC   0  O    TS     0 PTAMS 0x00000000c0600000 NTAMS 0x00000000c0600000 space 1024K, 100% used [0x00000000c0500000, 0x00000000c0600000)
AC   0  O    TS     0 PTAMS 0x00000000c0700000 NTAMS 0x00000000c0700000 space 1024K, 100% used [0x00000000c0600000, 0x00000000c0700000)
AC   0  O    TS     0 PTAMS 0x00000000c0800000 NTAMS 0x00000000c0800000 space 1024K, 100% used [0x00000000c0700000, 0x00000000c0800000)
AC   0 HS    TS     0 PTAMS 0x00000000c0880010 NTAMS 0x00000000c0880010 space 1024K,  50% used [0x00000000c0800000, 0x00000000c0900000)
AC   0  O    TS     0 PTAMS 0x00000000c0a00000 NTAMS 0x00000000c0a00000 space 1024K, 100% used [0x00000000c0900000, 0x00000000c0a00000)
AC   0  F    TS     0 PTAMS 0x00000000c0a00000 NTAMS 0x00000000c0a00000 space 1024K,   0% used [0x00000000c0a00000, 0x00000000c0b00000)
AC   0  O    TS     0 PTAMS 0x00000000c0c00000 NTAMS 0x00000000c0c00000 space 1024K, 100% used [0x00000000c0b00000, 0x00000000c0c00000)
AC   0  O    TS     0 PTAMS 0x00000000c0d00000 NTAMS 0x00000000c0d00000 space 1024K, 100% used [0x00000000c0c00000, 0x00000000c0d00000)
AC   0  O    TS     0 PTAMS 0x00000000c0e00000 NTAMS 0x00000000c0e00000 space 1024K, 100% used [0x00000000c0d00000, 0x00000000c0e00000)
AC   0  O    TS     0 PTAMS 0x00000000c0f00000 NTAMS 0x00000000c0f00000 space 1024K, 100% used [0x00000000c0e00000, 0x00000000c0f00000)
AC   0  O    TS     0 PTAMS 0x00000000c1000000 NTAMS 0x00000000c1000000 space 1024K, 100% used [0x00000000c0f00000, 0x00000000c1000000)
AC   0  O    TS     0 PTAMS 0x00000000c1100000 NTAMS 0x00000000c1100000 space 1024K, 100% used [0x00000000c1000000, 0x00000000c1100000)
AC   0  O    TS     0 PTAMS 0x00000000c1200000 NTAMS 0x00000000c1200000 space 1024K, 100% used [0x00000000c1100000, 0x00000000c1200000)
AC   0  O    TS     0 PTAMS 0x00000000c1300000 NTAMS 0x00000000c1300000 space 1024K, 100% used [0x00000000c1200000, 0x00000000c1300000)
AC   0  O    TS     0 PTAMS 0x00000000c1400000 NTAMS 0x00000000c1400000 space 1024K, 100% used [0x00000000c1300000, 0x00000000c1400000)
AC   0  O    TS     0 PTAMS 0x00000000c1500000 NTAMS 0x00000000c1500000 space 1024K, 100% used [0x00000000c1400000, 0x00000000c1500000)
AC   0  O    TS     0 PTAMS 0x00000000c1600000 NTAMS 0x00000000c1600000 space 1024K, 100% used [0x00000000c1500000, 0x00000000c1600000)
AC   0 HS    TS     0 PTAMS 0x00000000c1681b18 NTAMS 0x00000000c1681b18 space 1024K,  50% used [0x00000000c1600000, 0x00000000c1700000)
AC   0  O    TS     0 PTAMS 0x00000000c1800000 NTAMS 0x00000000c1800000 space 1024K, 100% used [0x00000000c1700000, 0x00000000c1800000)
AC   0  O    TS     0 PTAMS 0x00000000c1900000 NTAMS 0x00000000c1900000 space 1024K, 100% used [0x00000000c1800000, 0x00000000c1900000)
AC   0  O    TS     0 PTAMS 0x00000000c1a00000 NTAMS 0x00000000c1a00000 space 1024K, 100% used [0x00000000c1900000, 0x00000000c1a00000)
AC   0  O    TS     0 PTAMS 0x00000000c1b00000 NTAMS 0x00000000c1b00000 space 1024K, 100% used [0x00000000c1a00000, 0x00000000c1b00000)
AC   0  O    TS     0 PTAMS 0x00000000c1c00000 NTAMS 0x00000000c1c00000 space 1024K, 100% used [0x00000000c1b00000, 0x00000000c1c00000)
AC   0  O    TS     0 PTAMS 0x00000000c1d00000 NTAMS 0x00000000c1d00000 space 1024K, 100% used [0x00000000c1c00000, 0x00000000c1d00000)
AC   0  O    TS     0 PTAMS 0x00000000c1e00000 NTAMS 0x00000000c1e00000 space 1024K, 100% used [0x00000000c1d00000, 0x00000000c1e00000)
AC   0  O    TS     5 PTAMS 0x00000000c1e00000 NTAMS 0x00000000c1e00000 space 1024K, 100% used [0x00000000c1e00000, 0x00000000c1f00000)
AC   0  O    TS     0 PTAMS 0x00000000c2000000 NTAMS 0x00000000c2000000 space 1024K, 100% used [0x00000000c1f00000, 0x00000000c2000000)
AC   0  O    TS     0 PTAMS 0x00000000c2100000 NTAMS 0x00000000c2100000 space 1024K, 100% used [0x00000000c2000000, 0x00000000c2100000)
AC   0  O    TS     5 PTAMS 0x00000000c2100000 NTAMS 0x00000000c2100000 space 1024K,  47% used [0x00000000c2100000, 0x00000000c2200000)
AC   0  F    TS     0 PTAMS 0x00000000c2200000 NTAMS 0x00000000c2200000 space 1024K,   0% used [0x00000000c2200000, 0x00000000c2300000)
AC   0  O    TS     0 PTAMS 0x00000000c2400000 NTAMS 0x00000000c2400000 space 1024K, 100% used [0x00000000c2300000, 0x00000000c2400000)
AC   0  O    TS     0 PTAMS 0x00000000c2500000 NTAMS 0x00000000c2500000 space 1024K, 100% used [0x00000000c2400000, 0x00000000c2500000)
AC   0  O    TS     1 PTAMS 0x00000000c256e600 NTAMS 0x00000000c256e600 space 1024K, 100% used [0x00000000c2500000, 0x00000000c2600000)
AC   0  O    TS     0 PTAMS 0x00000000c2700000 NTAMS 0x00000000c2700000 space 1024K, 100% used [0x00000000c2600000, 0x00000000c2700000)
AC   0  O    TS     3 PTAMS 0x00000000c2700000 NTAMS 0x00000000c2700000 space 1024K, 100% used [0x00000000c2700000, 0x00000000c2800000)
AC   0  O    TS     0 PTAMS 0x00000000c2900000 NTAMS 0x00000000c2900000 space 1024K, 100% used [0x00000000c2800000, 0x00000000c2900000)
AC   0  O    TS     3 PTAMS 0x00000000c2900000 NTAMS 0x00000000c2900000 space 1024K, 100% used [0x00000000c2900000, 0x00000000c2a00000)
AC   0  O    TS     0 PTAMS 0x00000000c2b00000 NTAMS 0x00000000c2b00000 space 1024K, 100% used [0x00000000c2a00000, 0x00000000c2b00000)
AC   0  O    TS     5 PTAMS 0x00000000c2b00000 NTAMS 0x00000000c2b00000 space 1024K, 100% used [0x00000000c2b00000, 0x00000000c2c00000)
AC   0  F    TS     0 PTAMS 0x00000000c2c00000 NTAMS 0x00000000c2c00000 space 1024K,   0% used [0x00000000c2c00000, 0x00000000c2d00000)
AC   0  F    TS     0 PTAMS 0x00000000c2d00000 NTAMS 0x00000000c2d00000 space 1024K,   0% used [0x00000000c2d00000, 0x00000000c2e00000)
AC   0  O    TS     1 PTAMS 0x00000000c2e00000 NTAMS 0x00000000c2e00000 space 1024K, 100% used [0x00000000c2e00000, 0x00000000c2f00000)
AC   0  O    TS     0 PTAMS 0x00000000c3000000 NTAMS 0x00000000c3000000 space 1024K, 100% used [0x00000000c2f00000, 0x00000000c3000000)
AC   0  O    TS     3 PTAMS 0x00000000c3000000 NTAMS 0x00000000c3000000 space 1024K, 100% used [0x00000000c3000000, 0x00000000c3100000)
AC   0  F    TS     0 PTAMS 0x00000000c3100000 NTAMS 0x00000000c3100000 space 1024K,   0% used [0x00000000c3100000, 0x00000000c3200000)
AC   0  F    TS     0 PTAMS 0x00000000c3200000 NTAMS 0x00000000c3200000 space 1024K,   0% used [0x00000000c3200000, 0x00000000c3300000)
AC   0  F    TS     0 PTAMS 0x00000000c3300000 NTAMS 0x00000000c3300000 space 1024K,   0% used [0x00000000c3300000, 0x00000000c3400000)
AC   0  F    TS     0 PTAMS 0x00000000c3400000 NTAMS 0x00000000c3400000 space 1024K,   0% used [0x00000000c3400000, 0x00000000c3500000)
AC   0  O    TS     0 PTAMS 0x00000000c3600000 NTAMS 0x00000000c3600000 space 1024K, 100% used [0x00000000c3500000, 0x00000000c3600000)
AC   0  F    TS     0 PTAMS 0x00000000c3600000 NTAMS 0x00000000c3600000 space 1024K,   0% used [0x00000000c3600000, 0x00000000c3700000)
AC   0  F    TS     0 PTAMS 0x00000000c3700000 NTAMS 0x00000000c3700000 space 1024K,   0% used [0x00000000c3700000, 0x00000000c3800000)
AC   0  F    TS     1 PTAMS 0x00000000c3800000 NTAMS 0x00000000c3800000 space 1024K,   0% used [0x00000000c3800000, 0x00000000c3900000)
AC   0  F    TS     0 PTAMS 0x00000000c3900000 NTAMS 0x00000000c3900000 space 1024K,   0% used [0x00000000c3900000, 0x00000000c3a00000)
AC   0  F    TS     0 PTAMS 0x00000000c3a00000 NTAMS 0x00000000c3a00000 space 1024K,   0% used [0x00000000c3a00000, 0x00000000c3b00000)
AC   0  F    TS     1 PTAMS 0x00000000c3b00000 NTAMS 0x00000000c3b00000 space 1024K,   0% used [0x00000000c3b00000, 0x00000000c3c00000)
AC   0  F    TS     0 PTAMS 0x00000000c3c00000 NTAMS 0x00000000c3c00000 space 1024K,   0% used [0x00000000c3c00000, 0x00000000c3d00000)
AC   0  F    TS     0 PTAMS 0x00000000c3d00000 NTAMS 0x00000000c3d00000 space 1024K,   0% used [0x00000000c3d00000, 0x00000000c3e00000)
AC   0  F    TS     0 PTAMS 0x00000000c3e00000 NTAMS 0x00000000c3e00000 space 1024K,   0% used [0x00000000c3e00000, 0x00000000c3f00000)
AC   0  F    TS     0 PTAMS 0x00000000c3f00000 NTAMS 0x00000000c3f00000 space 1024K,   0% used [0x00000000c3f00000, 0x00000000c4000000)
AC   0  F    TS     0 PTAMS 0x00000000c4000000 NTAMS 0x00000000c4000000 space 1024K,   0% used [0x00000000c4000000, 0x00000000c4100000)
AC   0  E    TS     0 PTAMS 0x00000000c4100000 NTAMS 0x00000000c4100000 space 1024K,  86% used [0x00000000c4100000, 0x00000000c4200000)
AC   0  E CS TS     0 PTAMS 0x00000000c4200000 NTAMS 0x00000000c4200000 space 1024K, 100% used [0x00000000c4200000, 0x00000000c4300000)
AC   0  E CS TS     0 PTAMS 0x00000000c4300000 NTAMS 0x00000000c4300000 space 1024K, 100% used [0x00000000c4300000, 0x00000000c4400000)
AC   0  E CS TS     0 PTAMS 0x00000000c4400000 NTAMS 0x00000000c4400000 space 1024K, 100% used [0x00000000c4400000, 0x00000000c4500000)
AC   0  S CS TS     5 PTAMS 0x00000000c4500000 NTAMS 0x00000000c4500000 space 1024K,  38% used [0x00000000c4500000, 0x00000000c4600000)
AC   0  E CS TS     0 PTAMS 0x00000000c4600000 NTAMS 0x00000000c4600000 space 1024K, 100% used [0x00000000c4600000, 0x00000000c4700000)
AC   0  E CS TS     3 PTAMS 0x00000000c4700000 NTAMS 0x00000000c4700000 space 1024K, 100% used [0x00000000c4700000, 0x00000000c4800000)
AC   0  E CS TS     0 PTAMS 0x00000000c4800000 NTAMS 0x00000000c4800000 space 1024K, 100% used [0x00000000c4800000, 0x00000000c4900000)

Card table byte_map: [0x0000000013c80000,0x0000000013e80000] byte_map_base: 0x0000000013680000

Marking Bits (Prev, Next): (CMBitMap*) 0x00000000036ab268, (CMBitMap*) 0x00000000036ab2c0
 Prev Bits: [0x0000000014080000, 0x0000000015080000)
 Next Bits: [0x0000000015080000, 0x0000000016080000)

Polling page: 0x0000000000fe0000

CodeCache: size=245760Kb used=42401Kb max_used=42930Kb free=203358Kb
 bounds [0x0000000003770000, 0x00000000061d0000, 0x0000000012770000]
 total_blobs=11056 nmethods=10459 adapters=501
 compilation: enabled

Compilation events (10 events):
Event: 524.400 Thread 0x00000000194e2000 13740       1       org.eclipse.jdt.core.dom.ASTVisitor::visit (2 bytes)
Event: 524.400 Thread 0x00000000194e2000 nmethod 13740 0x0000000004694e50 code [0x0000000004694fa0, 0x00000000046950b0]
Event: 524.403 Thread 0x00000000194e2000 13750       1       org.eclipse.jdt.core.dom.ASTVisitor::visit (2 bytes)
Event: 524.404 Thread 0x00000000194e2000 nmethod 13750 0x000000000466b490 code [0x000000000466b5e0, 0x000000000466b6f0]
Event: 524.506 Thread 0x00000000194e2000 13751       3       org.eclipse.lsp4j.jsonrpc.services.GenericEndpoint::notify (144 bytes)
Event: 524.509 Thread 0x00000000194e2000 nmethod 13751 0x0000000005c09290 code [0x0000000005c095e0, 0x0000000005c0b538]
Event: 524.521 Thread 0x00000000194e2000 13752   !   3       org.eclipse.core.internal.jobs.JobManager::wakeUp (79 bytes)
Event: 524.522 Thread 0x00000000194e2000 nmethod 13752 0x00000000048fdd10 code [0x00000000048fdf20, 0x00000000048fe918]
Event: 524.594 Thread 0x00000000194e2000 13753       3       org.eclipse.core.internal.resources.Workspace::run (12 bytes)
Event: 524.595 Thread 0x00000000194e2000 nmethod 13753 0x00000000050b4890 code [0x00000000050b4a00, 0x00000000050b4ba8]

GC Heap History (10 events):
Event: 522.906 GC heap before
{Heap before GC invocations=613 (full 0):
 garbage-first heap   total 74752K, used 62285K [0x00000000c0000000, 0x00000000c0100248, 0x0000000100000000)
  region size 1024K, 14 young (14336K), 1 survivors (1024K)
 Metaspace       used 57530K, capacity 60444K, committed 60544K, reserved 1103872K
  class space    used 5636K, capacity 6526K, committed 6528K, reserved 1048576K
Event: 522.915 GC heap after
Heap after GC invocations=614 (full 0):
 garbage-first heap   total 74752K, used 49737K [0x00000000c0000000, 0x00000000c0100248, 0x0000000100000000)
  region size 1024K, 2 young (2048K), 2 survivors (2048K)
 Metaspace       used 57530K, capacity 60444K, committed 60544K, reserved 1103872K
  class space    used 5636K, capacity 6526K, committed 6528K, reserved 1048576K
}
Event: 522.986 GC heap before
{Heap before GC invocations=614 (full 0):
 garbage-first heap   total 74752K, used 55881K [0x00000000c0000000, 0x00000000c0100248, 0x0000000100000000)
  region size 1024K, 9 young (9216K), 2 survivors (2048K)
 Metaspace       used 57531K, capacity 60444K, committed 60544K, reserved 1103872K
  class space    used 5636K, capacity 6526K, committed 6528K, reserved 1048576K
Event: 522.994 GC heap after
Heap after GC invocations=615 (full 0):
 garbage-first heap   total 74752K, used 51648K [0x00000000c0000000, 0x00000000c0100248, 0x0000000100000000)
  region size 1024K, 2 young (2048K), 2 survivors (2048K)
 Metaspace       used 57531K, capacity 60444K, committed 60544K, reserved 1103872K
  class space    used 5636K, capacity 6526K, committed 6528K, reserved 1048576K
}
Event: 523.868 GC heap before
{Heap before GC invocations=616 (full 0):
 garbage-first heap   total 74752K, used 64367K [0x00000000c0000000, 0x00000000c0100248, 0x0000000100000000)
  region size 1024K, 13 young (13312K), 2 survivors (2048K)
 Metaspace       used 57541K, capacity 60444K, committed 60544K, reserved 1103872K
  class space    used 5636K, capacity 6526K, committed 6528K, reserved 1048576K
Event: 523.876 GC heap after
Heap after GC invocations=617 (full 0):
 garbage-first heap   total 74752K, used 51486K [0x00000000c0000000, 0x00000000c0100248, 0x0000000100000000)
  region size 1024K, 2 young (2048K), 2 survivors (2048K)
 Metaspace       used 57541K, capacity 60444K, committed 60544K, reserved 1103872K
  class space    used 5636K, capacity 6526K, committed 6528K, reserved 1048576K
}
Event: 523.881 GC heap before
{Heap before GC invocations=617 (full 0):
 garbage-first heap   total 74752K, used 52510K [0x00000000c0000000, 0x00000000c0100248, 0x0000000100000000)
  region size 1024K, 3 young (3072K), 2 survivors (2048K)
 Metaspace       used 57542K, capacity 60444K, committed 60544K, reserved 1103872K
  class space    used 5636K, capacity 6526K, committed 6528K, reserved 1048576K
Event: 523.890 GC heap after
Heap after GC invocations=618 (full 0):
 garbage-first heap   total 74752K, used 45570K [0x00000000c0000000, 0x00000000c0100248, 0x0000000100000000)
  region size 1024K, 1 young (1024K), 1 survivors (1024K)
 Metaspace       used 57542K, capacity 60444K, committed 60544K, reserved 1103872K
  class space    used 5636K, capacity 6526K, committed 6528K, reserved 1048576K
}
Event: 524.330 GC heap before
{Heap before GC invocations=618 (full 0):
 garbage-first heap   total 74752K, used 47618K [0x00000000c0000000, 0x00000000c0100248, 0x0000000100000000)
  region size 1024K, 3 young (3072K), 1 survivors (1024K)
 Metaspace       used 57542K, capacity 60444K, committed 60544K, reserved 1103872K
  class space    used 5636K, capacity 6526K, committed 6528K, reserved 1048576K
Event: 524.339 GC heap after
Heap after GC invocations=619 (full 0):
 garbage-first heap   total 74752K, used 45941K [0x00000000c0000000, 0x00000000c0100248, 0x0000000100000000)
  region size 1024K, 1 young (1024K), 1 survivors (1024K)
 Metaspace       used 57542K, capacity 60444K, committed 60544K, reserved 1103872K
  class space    used 5636K, capacity 6526K, committed 6528K, reserved 1048576K
}

Deoptimization events (10 events):
Event: 516.795 Thread 0x00000000196df800 Uncommon trap: reason=class_check action=maybe_recompile pc=0x0000000005de5528 method=org.eclipse.jdt.internal.codeassist.CompletionEngine.findMethodParameterNames(Lorg/eclipse/jdt/internal/compiler/lookup/MethodBinding;[[C)[[C @ 4
Event: 517.288 Thread 0x00000000196df800 Uncommon trap: reason=class_check action=maybe_recompile pc=0x00000000054b6e3c method=org.eclipse.jdt.internal.compiler.lookup.Scope.findField(Lorg/eclipse/jdt/internal/compiler/lookup/TypeBinding;[CLorg/eclipse/jdt/internal/compiler/lookup/InvocationSite
Event: 517.871 Thread 0x00000000196d9000 Uncommon trap: reason=class_check action=maybe_recompile pc=0x00000000054b6e3c method=org.eclipse.jdt.internal.compiler.lookup.Scope.findField(Lorg/eclipse/jdt/internal/compiler/lookup/TypeBinding;[CLorg/eclipse/jdt/internal/compiler/lookup/InvocationSite
Event: 524.374 Thread 0x00000000196dd000 Uncommon trap: reason=unstable_if action=reinterpret pc=0x00000000059b7020 method=org.eclipse.jdt.internal.corext.dom.ScopeAnalyzer.getSignature(Lorg/eclipse/jdt/core/dom/IBinding;I)Ljava/lang/String; @ 146
Event: 524.374 Thread 0x00000000196dd000 Uncommon trap: reason=unstable_if action=reinterpret pc=0x000000000570f4ec method=org.eclipse.jdt.internal.corext.dom.ScopeAnalyzer.getSignature(Lorg/eclipse/jdt/core/dom/IBinding;I)Ljava/lang/String; @ 146
Event: 524.383 Thread 0x00000000196dd000 Uncommon trap: reason=unstable_if action=reinterpret pc=0x000000000501219c method=org.eclipse.jdt.core.manipulation.ImportReferencesCollector.possibleStaticImportFound(Lorg/eclipse/jdt/core/dom/Name;)V @ 4
Event: 524.383 Thread 0x00000000196dd000 Uncommon trap: reason=unstable_if action=reinterpret pc=0x00000000044f6358 method=org.eclipse.jdt.core.manipulation.ImportReferencesCollector.possibleStaticImportFound(Lorg/eclipse/jdt/core/dom/Name;)V @ 4
Event: 524.383 Thread 0x00000000196dd000 Uncommon trap: reason=predicate action=maybe_recompile pc=0x0000000006084664 method=org.eclipse.jdt.internal.corext.dom.ScopeAnalyzer.addInherited(Lorg/eclipse/jdt/core/dom/ITypeBinding;ZILorg/eclipse/jdt/internal/corext/dom/ScopeAnalyzer$IBindingRequesto
Event: 524.384 Thread 0x00000000196dd000 Uncommon trap: reason=unstable_if action=reinterpret pc=0x0000000004aebff4 method=org.eclipse.jdt.core.dom.ASTNode$NodeList.newCursor()Lorg/eclipse/jdt/core/dom/ASTNode$NodeList$Cursor; @ 8
Event: 524.384 Thread 0x00000000196dd000 Uncommon trap: reason=unstable_if action=reinterpret pc=0x0000000004382430 method=org.eclipse.jdt.core.dom.ASTNode$NodeList.releaseCursor(Lorg/eclipse/jdt/core/dom/ASTNode$NodeList$Cursor;)V @ 24

Classes redefined (0 events):
No events

Internal exceptions (10 events):
Event: 474.359 Thread 0x00000000196dd000 Exception <a 'java/lang/ArrayIndexOutOfBoundsException'> (0x00000000c42db158) thrown at [C:\re\workspace\8-2-build-windows-amd64-cygwin\jdk8u171\10807\hotspot\src\share\vm\runtime\sharedRuntime.cpp, line 605]
Event: 474.362 Thread 0x00000000196dd000 Exception <a 'java/lang/ArrayIndexOutOfBoundsException'> (0x00000000c4135008) thrown at [C:\re\workspace\8-2-build-windows-amd64-cygwin\jdk8u171\10807\hotspot\src\share\vm\runtime\sharedRuntime.cpp, line 605]
Event: 474.363 Thread 0x00000000196dd000 Exception <a 'java/lang/ArrayIndexOutOfBoundsException'> (0x00000000c415a1b8) thrown at [C:\re\workspace\8-2-build-windows-amd64-cygwin\jdk8u171\10807\hotspot\src\share\vm\runtime\sharedRuntime.cpp, line 605]
Event: 474.363 Thread 0x00000000196dd000 Exception <a 'java/lang/ArrayIndexOutOfBoundsException'> (0x00000000c415aa28) thrown at [C:\re\workspace\8-2-build-windows-amd64-cygwin\jdk8u171\10807\hotspot\src\share\vm\runtime\sharedRuntime.cpp, line 605]
Event: 474.363 Thread 0x00000000196dd000 Exception <a 'java/lang/ArrayIndexOutOfBoundsException'> (0x00000000c415ae48) thrown at [C:\re\workspace\8-2-build-windows-amd64-cygwin\jdk8u171\10807\hotspot\src\share\vm\runtime\sharedRuntime.cpp, line 605]
Event: 474.365 Thread 0x00000000196dd000 Exception <a 'java/lang/ArrayIndexOutOfBoundsException'> (0x00000000c41eb098) thrown at [C:\re\workspace\8-2-build-windows-amd64-cygwin\jdk8u171\10807\hotspot\src\share\vm\runtime\sharedRuntime.cpp, line 605]
Event: 503.175 Thread 0x00000000196da000 Implicit null exception at 0x0000000005db0329 to 0x0000000005db31ed
Event: 517.483 Thread 0x0000000019617000 Exception <a 'java/lang/reflect/InvocationTargetException'> (0x00000000c456c150) thrown at [C:\re\workspace\8-2-build-windows-amd64-cygwin\jdk8u171\10807\hotspot\src\share\vm\runtime\reflection.cpp, line 1092]
Event: 523.413 Thread 0x0000000019617000 Exception <a 'java/lang/reflect/InvocationTargetException'> (0x00000000c48c4690) thrown at [C:\re\workspace\8-2-build-windows-amd64-cygwin\jdk8u171\10807\hotspot\src\share\vm\runtime\reflection.cpp, line 1092]
Event: 523.419 Thread 0x0000000019617000 Exception <a 'java/lang/reflect/InvocationTargetException'> (0x00000000c445db80) thrown at [C:\re\workspace\8-2-build-windows-amd64-cygwin\jdk8u171\10807\hotspot\src\share\vm\runtime\reflection.cpp, line 1092]

Events (10 events):
Event: 524.391 Thread 0x00000000194e2000 flushing nmethod 0x0000000004ecef50
Event: 524.393 Thread 0x00000000194e2000 flushing nmethod 0x0000000004ff6bd0
Event: 524.393 Thread 0x00000000194e2000 flushing nmethod 0x0000000005000f50
Event: 524.394 Thread 0x00000000194e2000 flushing nmethod 0x00000000051d72d0
Event: 524.395 Thread 0x00000000194e2000 flushing nmethod 0x00000000052d5250
Event: 524.396 Thread 0x00000000194e2000 flushing nmethod 0x00000000055b1110
Event: 524.398 Thread 0x00000000194e2000 flushing nmethod 0x00000000056841d0
Event: 524.398 Thread 0x00000000194e2000 flushing nmethod 0x0000000005774910
Event: 524.400 Thread 0x00000000194e2000 flushing nmethod 0x0000000005b78690
Event: 524.401 Thread 0x00000000194e2000 flushing nmethod 0x0000000005e0b790


Dynamic libraries:
0x00007ff725010000 - 0x00007ff725047000 	C:\Program Files\Java\jdk1.8.0_171\bin\java.exe
0x00007ff933b60000 - 0x00007ff933d4d000 	C:\WINDOWS\SYSTEM32\ntdll.dll
0x00007ff932220000 - 0x00007ff9322d3000 	C:\WINDOWS\System32\KERNEL32.DLL
0x00007ff930100000 - 0x00007ff930393000 	C:\WINDOWS\System32\KERNELBASE.dll
0x00007ff930d90000 - 0x00007ff930e33000 	C:\WINDOWS\System32\ADVAPI32.dll
0x00007ff9319d0000 - 0x00007ff931a6e000 	C:\WINDOWS\System32\msvcrt.dll
0x00007ff931f10000 - 0x00007ff931fae000 	C:\WINDOWS\System32\sechost.dll
0x00007ff931fc0000 - 0x00007ff9320e2000 	C:\WINDOWS\System32\RPCRT4.dll
0x00007ff931d70000 - 0x00007ff931f07000 	C:\WINDOWS\System32\USER32.dll
0x00007ff92fc50000 - 0x00007ff92fc70000 	C:\WINDOWS\System32\win32u.dll
0x00007ff9322f0000 - 0x00007ff932319000 	C:\WINDOWS\System32\GDI32.dll
0x00007ff9303a0000 - 0x00007ff93053a000 	C:\WINDOWS\System32\gdi32full.dll
0x00007ff92fe80000 - 0x00007ff92ff20000 	C:\WINDOWS\System32\msvcp_win.dll
0x00007ff930540000 - 0x00007ff93063a000 	C:\WINDOWS\System32\ucrtbase.dll
0x00007ff924040000 - 0x00007ff9242b9000 	C:\WINDOWS\WinSxS\amd64_microsoft.windows.common-controls_6595b64144ccf1df_6.0.17763.379_none_05b83be8071c94a1\COMCTL32.dll
0x00007ff931620000 - 0x00007ff93194d000 	C:\WINDOWS\System32\combase.dll
0x00007ff92fcf0000 - 0x00007ff92fd6e000 	C:\WINDOWS\System32\bcryptPrimitives.dll
0x00007ff931060000 - 0x00007ff93108e000 	C:\WINDOWS\System32\IMM32.DLL
0x000000005a180000 - 0x000000005a252000 	C:\Program Files\Java\jdk1.8.0_171\jre\bin\msvcr100.dll
0x00000000587b0000 - 0x0000000059050000 	C:\Program Files\Java\jdk1.8.0_171\jre\bin\server\jvm.dll
0x00007ff931fb0000 - 0x00007ff931fb8000 	C:\WINDOWS\System32\PSAPI.DLL
0x00007ff91dea0000 - 0x00007ff91dea9000 	C:\WINDOWS\SYSTEM32\WSOCK32.dll
0x00007ff932340000 - 0x00007ff9323ad000 	C:\WINDOWS\System32\WS2_32.dll
0x00007ff92db40000 - 0x00007ff92db64000 	C:\WINDOWS\SYSTEM32\WINMM.dll
0x00007ff91ee60000 - 0x00007ff91ee6a000 	C:\WINDOWS\SYSTEM32\VERSION.dll
0x00007ff92db10000 - 0x00007ff92db3d000 	C:\WINDOWS\SYSTEM32\WINMMBASE.dll
0x00007ff92fc70000 - 0x00007ff92fcba000 	C:\WINDOWS\System32\cfgmgr32.dll
0x000000005a170000 - 0x000000005a17f000 	C:\Program Files\Java\jdk1.8.0_171\jre\bin\verify.dll
0x000000005a140000 - 0x000000005a169000 	C:\Program Files\Java\jdk1.8.0_171\jre\bin\java.dll
0x000000005a120000 - 0x000000005a136000 	C:\Program Files\Java\jdk1.8.0_171\jre\bin\zip.dll
0x00007ff932640000 - 0x00007ff933b30000 	C:\WINDOWS\System32\SHELL32.dll
0x00007ff931090000 - 0x00007ff931138000 	C:\WINDOWS\System32\shcore.dll
0x00007ff930640000 - 0x00007ff930d8a000 	C:\WINDOWS\System32\windows.storage.dll
0x00007ff92fba0000 - 0x00007ff92fbc4000 	C:\WINDOWS\System32\profapi.dll
0x00007ff92fbd0000 - 0x00007ff92fc2d000 	C:\WINDOWS\System32\powrprof.dll
0x00007ff931d10000 - 0x00007ff931d62000 	C:\WINDOWS\System32\shlwapi.dll
0x00007ff92fb80000 - 0x00007ff92fb91000 	C:\WINDOWS\System32\kernel.appcore.dll
0x00007ff92fc30000 - 0x00007ff92fc47000 	C:\WINDOWS\System32\cryptsp.dll
0x00007ff92ef40000 - 0x00007ff92ef73000 	C:\WINDOWS\system32\rsaenh.dll
0x00007ff92fcc0000 - 0x00007ff92fce6000 	C:\WINDOWS\System32\bcrypt.dll
0x00007ff92fa60000 - 0x00007ff92fa88000 	C:\WINDOWS\SYSTEM32\USERENV.dll
0x00007ff92f550000 - 0x00007ff92f55c000 	C:\WINDOWS\SYSTEM32\CRYPTBASE.dll
0x000000005a100000 - 0x000000005a11a000 	C:\Program Files\Java\jdk1.8.0_171\jre\bin\net.dll
0x00007ff92f380000 - 0x00007ff92f3e7000 	C:\WINDOWS\system32\mswsock.dll
0x00007ff92f0e0000 - 0x00007ff92f11d000 	C:\WINDOWS\SYSTEM32\IPHLPAPI.DLL
0x00007ff9322e0000 - 0x00007ff9322e8000 	C:\WINDOWS\System32\NSI.dll
0x00007ff923940000 - 0x00007ff923956000 	C:\WINDOWS\SYSTEM32\dhcpcsvc6.DLL
0x00007ff923cf0000 - 0x00007ff923d0c000 	C:\WINDOWS\SYSTEM32\dhcpcsvc.DLL
0x00007ff92f120000 - 0x00007ff92f1e6000 	C:\WINDOWS\SYSTEM32\DNSAPI.dll
0x000000005a0e0000 - 0x000000005a0f1000 	C:\Program Files\Java\jdk1.8.0_171\jre\bin\nio.dll
0x00007ff9201b0000 - 0x00007ff9201d9000 	C:\Users\XNOTE\.vscode\extensions\redhat.java-0.43.0\server\config_win\org.eclipse.equinox.launcher\org.eclipse.equinox.launcher.win32.win32.x86_64_1.1.1000.v20190125-2016\eclipse_1801.dll
0x00007ff923210000 - 0x00007ff923221000 	C:\Users\XNOTE\.vscode\extensions\redhat.java-0.43.0\server\config_win\org.eclipse.osgi\20\0\.cp\jWinHttp-1.0.0.dll
0x00007ff9324e0000 - 0x00007ff932635000 	C:\WINDOWS\System32\ole32.dll
0x00007ff924560000 - 0x00007ff924651000 	C:\WINDOWS\SYSTEM32\WINHTTP.dll

VM Arguments:
jvm_args: -Declipse.application=org.eclipse.jdt.ls.core.id1 -Dosgi.bundles.defaultStartLevel=4 -Declipse.product=org.eclipse.jdt.ls.core.product -Dfile.encoding=utf8 -DwatchParentProcess=false -Xverify:none -Xmx1G -XX:+UseG1GC -XX:+UseStringDeduplication 
java_command: C:\Users\XNOTE\.vscode\extensions\redhat.java-0.43.0\server\plugins\org.eclipse.equinox.launcher_1.5.300.v20190213-1655.jar -configuration C:\Users\XNOTE\.vscode\extensions\redhat.java-0.43.0\server\config_win -data c:\Users\XNOTE\AppData\Roaming\Code\User\workspaceStorage\0bdfaac4224be0d618bdcf963b857abf\redhat.java\jdt_ws
java_class_path (initial): C:\Users\XNOTE\.vscode\extensions\redhat.java-0.43.0\server\plugins\org.eclipse.equinox.launcher_1.5.300.v20190213-1655.jar
Launcher Type: SUN_STANDARD

Environment Variables:
PATH=C:\Program Files (x86)\Common Files\Oracle\Java\javapath;C:\ProgramData\Oracle\Java\javapath;C:\python27;C:\WINDOWS\system32;C:\WINDOWS;C:\WINDOWS\System32\Wbem;C:\WINDOWS\System32\WindowsPowerShell\v1.0\;C:\Program Files (x86)\Windows Live\Shared;C:\WINDOWS\System32\OpenSSH\;C:\Program Files\PuTTY\;C:\Program Files\Microsoft VS Code\bin;C:\Program Files\Git\cmd;C:\Program Files\Java\jdk1.8.0_171\bin;%USERPROFILE%\AppData\Local\Microsoft\WindowsApps;
USERNAME=¹Î¿ì
OS=Windows_NT
PROCESSOR_IDENTIFIER=Intel64 Family 6 Model 58 Stepping 9, GenuineIntel



---------------  S Y S T E M  ---------------

OS: Windows 10.0 , 64 bit Build 17763 (10.0.17763.379)

CPU:total 4 (initial active 4) (2 cores per cpu, 2 threads per core) family 6 model 58 stepping 9, cmov, cx8, fxsr, mmx, sse, sse2, sse3, ssse3, sse4.1, sse4.2, popcnt, avx, clmul, erms, ht, tsc, tscinvbit, tscinv

Memory: 4k page, physical 4024712k(729984k free), swap 5445000k(7144k free)

vm_info: Java HotSpot(TM) 64-Bit Server VM (25.171-b11) for windows-amd64 JRE (1.8.0_171-b11), built on Mar 28 2018 16:06:12 by "java_re" with MS VC++ 10.0 (VS2010)

time: Thu May 02 03:00:39 2019
elapsed time: 524 seconds (0d 0h 8m 44s)

