JvmtiExport can_access_local_variables 0
JvmtiExport can_hotswap_or_post_breakpoint 0
JvmtiExport can_post_on_exceptions 0
# 302 ciObject found
ciMethod java/lang/Object <init> ()V 4097 1 743354 0 0
ciMethod java/lang/String <init> ([C)V 2209 1 16013 0 -1
ciMethod java/lang/String valueOf (I)Ljava/lang/String; 561 1 69 0 -1
ciMethod java/lang/System arraycopy (Ljava/lang/Object;ILjava/lang/Object;II)V 7169 1 896 0 -1
ciMethod java/util/ArrayList iterator ()Ljava/util/Iterator; 3489 1 6021 0 -1
ciMethod java/util/Set iterator ()Ljava/util/Iterator; 0 0 1 0 -1
ciMethod java/util/Arrays hashCode ([C)I 3105 23201 2992 0 320
ciMethodData java/lang/Object <init> ()V 2 743360 orig 264 152 98 217 88 0 0 0 0 128 4 6 24 0 0 0 0 32 1 0 0 0 0 0 0 0 0 0 0 0 0 0 0 0 0 0 0 0 0 0 0 0 0 0 0 0 0 0 0 0 0 0 0 0 0 0 0 0 0 0 0 0 0 0 0 0 0 0 0 0 0 0 0 0 0 0 0 0 0 0 0 77 68 79 32 101 120 116 114 97 32 100 97 116 97 32 108 111 99 107 0 0 0 0 0 0 0 0 0 0 0 0 0 0 0 0 0 0 0 0 0 0 0 0 0 0 0 0 0 0 0 0 0 0 0 0 0 0 0 0 0 0 0 0 0 0 0 0 0 0 0 0 0 0 0 0 0 0 0 0 0 0 0 0 0 0 0 0 0 0 0 0 0 0 0 0 0 0 0 0 0 0 0 0 0 1 0 0 0 0 0 0 0 1 0 0 0 0 0 0 0 1 0 0 0 0 0 0 0 0 0 0 0 0 0 0 0 0 2 0 0 1 174 90 0 1 0 0 0 0 0 0 0 0 0 0 0 2 0 0 0 0 0 3 0 1 0 0 0 0 0 0 0 255 255 255 255 0 0 0 0 0 0 0 0 data 0 oops 0
ciMethod java/util/Iterator hasNext ()Z 0 0 1 0 -1
ciMethod java/util/Iterator next ()Ljava/lang/Object; 0 0 1 0 -1
ciMethod org/eclipse/jdt/core/compiler/CharOperation splitOn (C[CII)[[C 969 35793 1172 0 2592
ciMethod org/eclipse/jdt/core/compiler/CharOperation equals ([[C[[C)Z 4025 2497 26014 0 -1
ciMethod org/eclipse/jdt/core/compiler/CharOperation equals ([C[C)Z 769 1417 4285 0 352
ciMethod org/eclipse/jdt/core/compiler/CharOperation hashCode ([C)I 3137 1 40284 0 320
ciMethod org/eclipse/jdt/core/compiler/CharOperation subarray ([[CII)[[C 425 1 196 0 -1
ciMethod org/eclipse/jdt/internal/compiler/lookup/TypeBinding <init> ()V 3537 1 2668 0 0
ciMethod org/eclipse/jdt/internal/compiler/lookup/TypeBinding dimensions ()I 97 1 12 0 0
ciMethod org/eclipse/jdt/internal/compiler/lookup/TypeBinding enclosingType ()Lorg/eclipse/jdt/internal/compiler/lookup/ReferenceBinding; 4097 1 834 0 0
ciMethod org/eclipse/jdt/internal/compiler/lookup/TypeBinding erasure ()Lorg/eclipse/jdt/internal/compiler/lookup/TypeBinding; 2521 1 1341 0 0
ciMethod org/eclipse/jdt/internal/compiler/lookup/TypeBinding isArrayType ()Z 2105 1 6593 0 -1
ciMethod org/eclipse/jdt/internal/compiler/lookup/TypeBinding isGenericType ()Z 0 0 1 0 -1
ciMethod org/eclipse/jdt/internal/compiler/lookup/TypeBinding hasNullTypeAnnotations ()Z 1497 1 685 0 -1
ciMethod org/eclipse/jdt/internal/compiler/lookup/TypeBinding isStatic ()Z 0 0 1 0 -1
ciMethod org/eclipse/jdt/internal/compiler/lookup/TypeBinding kind ()I 1129 1 141 0 0
ciMethod org/eclipse/jdt/internal/compiler/lookup/TypeBinding leafComponentType ()Lorg/eclipse/jdt/internal/compiler/lookup/TypeBinding; 2105 1 1287 0 0
ciMethod org/eclipse/jdt/internal/compiler/lookup/TypeBinding unannotated ()Lorg/eclipse/jdt/internal/compiler/lookup/TypeBinding; 0 0 1 0 -1
ciMethod org/eclipse/jdt/internal/compiler/lookup/TypeBinding hasTypeAnnotations ()Z 3201 1 5069 0 -1
ciMethod org/eclipse/jdt/internal/compiler/lookup/TypeBinding getTypeAnnotations ()[Lorg/eclipse/jdt/internal/compiler/lookup/AnnotationBinding; 1025 1 128 0 -1
ciMethod org/eclipse/jdt/internal/compiler/lookup/TypeBinding notEquals (Lorg/eclipse/jdt/internal/compiler/lookup/TypeBinding;Lorg/eclipse/jdt/internal/compiler/lookup/TypeBinding;)Z 4097 1 9278 0 96
ciMethod org/eclipse/jdt/internal/compiler/lookup/TypeBinding isUnresolvedType ()Z 1129 1 141 0 -1
ciMethod org/eclipse/jdt/internal/compiler/lookup/Binding <init> ()V 2561 1 15869 0 0
ciMethod org/eclipse/jdt/internal/compiler/lookup/Binding isValidBinding ()Z 633 1 3079 0 -1
ciMethod org/eclipse/jdt/internal/compiler/lookup/Binding readableName ()[C 0 0 1 0 -1
ciMethod org/eclipse/jdt/internal/compiler/lookup/Binding shortReadableName ()[C 0 0 1 0 -1
ciMethod org/eclipse/jdt/internal/compiler/lookup/ModuleBinding getAllRequiredModules ()[Lorg/eclipse/jdt/internal/compiler/lookup/ModuleBinding; 0 0 1 0 -1
ciMethod org/eclipse/jdt/internal/compiler/lookup/ModuleBinding getTopLevelPackage ([C)Lorg/eclipse/jdt/internal/compiler/lookup/PackageBinding; 425 1 118 0 -1
ciMethod org/eclipse/jdt/internal/compiler/lookup/ModuleBinding getVisiblePackage (Lorg/eclipse/jdt/internal/compiler/lookup/PackageBinding;[CZ)Lorg/eclipse/jdt/internal/compiler/lookup/PackageBinding; 361 1 101 0 -1
ciMethod org/eclipse/jdt/internal/compiler/lookup/ModuleBinding getPackage ([[C[C)Lorg/eclipse/jdt/internal/compiler/lookup/PackageBinding; 345 1 96 0 -1
ciMethod org/eclipse/jdt/internal/compiler/lookup/ModuleBinding isUnnamed ()Z 0 0 1 0 -1
ciMethod org/eclipse/jdt/internal/compiler/lookup/PackageBinding <init> ([CLorg/eclipse/jdt/internal/compiler/lookup/LookupEnvironment;Lorg/eclipse/jdt/internal/compiler/lookup/ModuleBinding;)V 73 1 27 0 -1
ciMethod org/eclipse/jdt/internal/compiler/lookup/PackageBinding <init> ([[CLorg/eclipse/jdt/internal/compiler/lookup/PackageBinding;Lorg/eclipse/jdt/internal/compiler/lookup/LookupEnvironment;Lorg/eclipse/jdt/internal/compiler/lookup/ModuleBinding;)V 561 1 255 0 -1
ciMethod org/eclipse/jdt/internal/compiler/lookup/PackageBinding addPackage (Lorg/eclipse/jdt/internal/compiler/lookup/PackageBinding;Lorg/eclipse/jdt/internal/compiler/lookup/ModuleBinding;)Lorg/eclipse/jdt/internal/compiler/lookup/PackageBinding; 2049 1 236 0 -1
ciMethod org/eclipse/jdt/internal/compiler/lookup/PackageBinding addType (Lorg/eclipse/jdt/internal/compiler/lookup/ReferenceBinding;)V 1729 1 1213 0 0
ciMethod org/eclipse/jdt/internal/compiler/lookup/PackageBinding clearMissingTagBit ()V 3305 3713 1494 0 0
ciMethod org/eclipse/jdt/internal/compiler/lookup/PackageBinding getPackage0 ([C)Lorg/eclipse/jdt/internal/compiler/lookup/PackageBinding; 4097 1 2828 0 -1
ciMethod org/eclipse/jdt/internal/compiler/lookup/PackageBinding getPackage0Any ([C)Lorg/eclipse/jdt/internal/compiler/lookup/PackageBinding; 4097 1 6648 0 0
ciMethod org/eclipse/jdt/internal/compiler/lookup/PackageBinding getType0 ([C)Lorg/eclipse/jdt/internal/compiler/lookup/ReferenceBinding; 4097 1 5674 0 992
ciMethod org/eclipse/jdt/internal/compiler/lookup/PackageBinding checkIfNullAnnotationType (Lorg/eclipse/jdt/internal/compiler/lookup/ReferenceBinding;)V 0 0 1 0 -1
ciMethod org/eclipse/jdt/internal/compiler/lookup/PackageBinding hasCompilationUnit (Z)Z 0 0 1 0 -1
ciMethod org/eclipse/jdt/internal/compiler/lookup/ReferenceBinding <init> ()V 3145 1 2397 0 0
ciMethod org/eclipse/jdt/internal/compiler/lookup/ReferenceBinding computeId ()V 2065 1 1795 0 -1
ciMethod org/eclipse/jdt/internal/compiler/lookup/ReferenceBinding isAnnotationType ()Z 89 1 2067 0 -1
ciMethod org/eclipse/jdt/internal/compiler/lookup/ReferenceBinding isStatic ()Z 81 1 993 0 0
ciMethod org/eclipse/jdt/internal/compiler/lookup/TypeVariableBinding resolve ()Lorg/eclipse/jdt/internal/compiler/lookup/ReferenceBinding; 73 25 30 0 -1
ciMethod org/eclipse/jdt/internal/compiler/util/Util effectivelyEqual ([Ljava/lang/Object;[Ljava/lang/Object;)Z 2233 1265 1241 0 -1
ciMethod org/eclipse/jdt/internal/compiler/env/IModuleAwareNameEnvironment getModulesDeclaringPackage ([[C[C[C)[[C 0 0 1 0 -1
ciMethod org/eclipse/jdt/internal/compiler/env/IModuleAwareNameEnvironment getUniqueModulesDeclaringPackage ([[C[C[C)[[C 0 0 1 0 -1
ciMethod org/eclipse/jdt/internal/compiler/problem/ProblemReporter corruptedSignature (Lorg/eclipse/jdt/internal/compiler/lookup/TypeBinding;[CI)V 0 0 1 0 0
ciMethod org/eclipse/jdt/internal/compiler/problem/ProblemReporter handle (I[Ljava/lang/String;[Ljava/lang/String;III)V 33 1 4 0 -1
ciMethod org/eclipse/jdt/internal/compiler/problem/ProblemReporter isClassPathCorrect ([[CLorg/eclipse/jdt/internal/compiler/ast/CompilationUnitDeclaration;Ljava/lang/Object;)V 0 0 1 0 -1
ciMethod org/eclipse/jdt/internal/compiler/lookup/LookupEnvironment getModule ([C)Lorg/eclipse/jdt/internal/compiler/lookup/ModuleBinding; 201 1 29 0 -1
ciMethod org/eclipse/jdt/internal/compiler/lookup/LookupEnvironment computePackageFrom ([[CZ)Lorg/eclipse/jdt/internal/compiler/lookup/PackageBinding; 1505 1913 1698 0 -1
ciMethod org/eclipse/jdt/internal/compiler/lookup/LookupEnvironment convertUnresolvedBinaryToRawType (Lorg/eclipse/jdt/internal/compiler/lookup/TypeBinding;)Lorg/eclipse/jdt/internal/compiler/lookup/TypeBinding; 4097 1 5830 0 0
ciMethod org/eclipse/jdt/internal/compiler/lookup/LookupEnvironment createArrayType (Lorg/eclipse/jdt/internal/compiler/lookup/TypeBinding;I)Lorg/eclipse/jdt/internal/compiler/lookup/ArrayBinding; 0 0 40 0 -1
ciMethod org/eclipse/jdt/internal/compiler/lookup/LookupEnvironment createMissingType (Lorg/eclipse/jdt/internal/compiler/lookup/PackageBinding;[[C)Lorg/eclipse/jdt/internal/compiler/lookup/MissingTypeBinding; 0 0 1 0 -1
ciMethod org/eclipse/jdt/internal/compiler/lookup/LookupEnvironment createRawType (Lorg/eclipse/jdt/internal/compiler/lookup/ReferenceBinding;Lorg/eclipse/jdt/internal/compiler/lookup/ReferenceBinding;)Lorg/eclipse/jdt/internal/compiler/lookup/RawTypeBinding; 0 0 7 0 0
ciMethod org/eclipse/jdt/internal/compiler/lookup/LookupEnvironment getCachedType ([[C)Lorg/eclipse/jdt/internal/compiler/lookup/ReferenceBinding; 4097 1 5796 0 0
ciMethod org/eclipse/jdt/internal/compiler/lookup/LookupEnvironment getCachedType0 ([[C)Lorg/eclipse/jdt/internal/compiler/lookup/ReferenceBinding; 4097 4577 5813 0 0
ciMethod org/eclipse/jdt/internal/compiler/lookup/LookupEnvironment usesNullTypeAnnotations ()Z 417 1 303 0 -1
ciMethod org/eclipse/jdt/internal/compiler/lookup/LookupEnvironment getPackage0 ([C)Lorg/eclipse/jdt/internal/compiler/lookup/PackageBinding; 4097 1 7913 0 0
ciMethod org/eclipse/jdt/internal/compiler/lookup/LookupEnvironment getTypeFromCompoundName ([[CZZ)Lorg/eclipse/jdt/internal/compiler/lookup/ReferenceBinding; 4097 1 5546 0 0
ciMethod org/eclipse/jdt/internal/compiler/lookup/LookupEnvironment getTypeFromConstantPoolName ([CIIZ[[[CLorg/eclipse/jdt/internal/compiler/env/ITypeAnnotationWalker;)Lorg/eclipse/jdt/internal/compiler/lookup/ReferenceBinding; 1305 1 5546 0 0
ciMethod org/eclipse/jdt/internal/compiler/lookup/LookupEnvironment getTypeFromConstantPoolName ([CIIZ[[[C)Lorg/eclipse/jdt/internal/compiler/lookup/ReferenceBinding; 1177 1 3438 0 0
ciMethod org/eclipse/jdt/internal/compiler/lookup/LookupEnvironment getTypeFromSignature ([CIIZLorg/eclipse/jdt/internal/compiler/lookup/TypeBinding;[[[CLorg/eclipse/jdt/internal/compiler/env/ITypeAnnotationWalker;)Lorg/eclipse/jdt/internal/compiler/lookup/TypeBinding; 36641 36041 9063 0 -1
ciMethod org/eclipse/jdt/internal/compiler/lookup/LookupEnvironment annotateType (Lorg/eclipse/jdt/internal/compiler/lookup/TypeBinding;Lorg/eclipse/jdt/internal/compiler/env/ITypeAnnotationWalker;[[[C)Lorg/eclipse/jdt/internal/compiler/lookup/TypeBinding; 57 1 510 0 -1
ciMethod org/eclipse/jdt/internal/compiler/util/HashtableOfPackage get ([C)Lorg/eclipse/jdt/internal/compiler/lookup/PackageBinding; 3137 2633 6293 0 896
ciMethod org/eclipse/jdt/internal/compiler/util/HashtableOfPackage put ([CLorg/eclipse/jdt/internal/compiler/lookup/PackageBinding;)Lorg/eclipse/jdt/internal/compiler/lookup/PackageBinding; 2073 1217 727 0 -1
ciMethod org/eclipse/jdt/internal/compiler/lookup/TypeSystem getUnannotatedType (Lorg/eclipse/jdt/internal/compiler/lookup/TypeBinding;)Lorg/eclipse/jdt/internal/compiler/lookup/TypeBinding; 3073 1 4020 0 -1
ciMethod org/eclipse/jdt/internal/compiler/lookup/TypeSystem getArrayType (Lorg/eclipse/jdt/internal/compiler/lookup/TypeBinding;I)Lorg/eclipse/jdt/internal/compiler/lookup/ArrayBinding; 3113 6241 768 0 0
ciMethod org/eclipse/jdt/internal/compiler/lookup/TypeSystem getArrayType (Lorg/eclipse/jdt/internal/compiler/lookup/TypeBinding;I[Lorg/eclipse/jdt/internal/compiler/lookup/AnnotationBinding;)Lorg/eclipse/jdt/internal/compiler/lookup/ArrayBinding; 2065 1 347 0 0
ciMethod org/eclipse/jdt/internal/compiler/lookup/TypeSystem getRawType (Lorg/eclipse/jdt/internal/compiler/lookup/ReferenceBinding;Lorg/eclipse/jdt/internal/compiler/lookup/ReferenceBinding;)Lorg/eclipse/jdt/internal/compiler/lookup/RawTypeBinding; 57 513 7 0 -1
ciMethod org/eclipse/jdt/internal/compiler/lookup/TypeSystem getRawType (Lorg/eclipse/jdt/internal/compiler/lookup/ReferenceBinding;Lorg/eclipse/jdt/internal/compiler/lookup/ReferenceBinding;[Lorg/eclipse/jdt/internal/compiler/lookup/AnnotationBinding;)Lorg/eclipse/jdt/internal/compiler/lookup/RawTypeBinding; 0 0 1 0 -1
ciMethod org/eclipse/jdt/internal/compiler/lookup/TypeSystem getDerivedTypes (Lorg/eclipse/jdt/internal/compiler/lookup/TypeBinding;)[Lorg/eclipse/jdt/internal/compiler/lookup/TypeBinding; 2121 1 269 0 -1
ciMethod org/eclipse/jdt/internal/compiler/lookup/TypeSystem cacheDerivedType (Lorg/eclipse/jdt/internal/compiler/lookup/TypeBinding;Lorg/eclipse/jdt/internal/compiler/lookup/TypeBinding;Lorg/eclipse/jdt/internal/compiler/lookup/TypeBinding;)Lorg/eclipse/jdt/internal/compiler/lookup/TypeBinding; 0 0 1 0 -1
ciMethod org/eclipse/jdt/internal/compiler/util/HashtableOfType <init> (I)V 505 1 149 0 0
ciMethod org/eclipse/jdt/internal/compiler/util/HashtableOfType get ([C)Lorg/eclipse/jdt/internal/compiler/lookup/ReferenceBinding; 4097 3465 5643 0 0
ciMethod org/eclipse/jdt/internal/compiler/util/HashtableOfType getput ([CLorg/eclipse/jdt/internal/compiler/lookup/ReferenceBinding;)Lorg/eclipse/jdt/internal/compiler/lookup/ReferenceBinding; 2145 833 1804 0 0
ciMethod org/eclipse/jdt/internal/compiler/util/HashtableOfType put ([CLorg/eclipse/jdt/internal/compiler/lookup/ReferenceBinding;)Lorg/eclipse/jdt/internal/compiler/lookup/ReferenceBinding; 1537 249 883 0 -1
ciMethod org/eclipse/jdt/internal/compiler/util/HashtableOfType rehash ()V 33 1377 23 0 0
ciMethodData java/util/Arrays hashCode ([C)I 2 19435 orig 264 152 98 217 88 0 0 0 0 200 161 23 24 0 0 0 0 120 1 0 0 0 0 0 0 0 0 0 0 0 0 0 0 0 0 0 0 0 0 0 0 0 0 0 0 0 0 0 0 0 0 0 0 0 0 0 0 0 0 0 0 0 0 0 0 0 0 0 0 0 0 0 0 0 0 0 0 0 0 0 0 77 68 79 32 101 120 116 114 97 32 100 97 116 97 32 108 111 99 107 0 0 0 0 0 0 0 0 0 0 0 0 0 0 0 0 0 0 0 0 0 0 0 0 0 0 0 0 0 0 0 0 0 0 0 0 0 0 0 0 0 0 0 0 0 0 0 0 0 0 0 0 0 0 0 0 0 0 0 0 0 0 0 0 0 0 0 0 0 0 0 0 0 0 0 0 0 0 0 0 0 0 0 0 0 1 0 0 0 0 0 0 0 0 0 0 0 0 0 0 0 1 0 0 0 0 0 0 0 0 0 0 0 0 0 0 0 84 11 0 0 97 81 0 0 185 4 2 0 0 0 0 0 0 0 0 0 2 0 0 0 1 0 8 0 2 0 0 0 88 0 0 0 255 255 255 255 7 0 1 0 0 0 0 0 data 11 0x10007 0xa2c 0x20 0x0 0x130007 0xa2c 0x38 0x4097 0x270003 0x4097 0xffffffffffffffe0 oops 0
ciMethodData org/eclipse/jdt/core/compiler/CharOperation equals ([C[C)Z 2 18118 orig 264 152 98 217 88 0 0 0 0 80 212 15 29 0 0 0 0 40 2 0 0 128 0 0 0 0 0 0 0 0 0 0 0 0 0 0 0 0 0 0 0 0 0 0 0 0 0 0 0 0 0 0 0 0 0 0 0 0 0 0 0 0 0 0 0 0 0 0 0 0 0 0 0 0 0 0 0 0 0 0 0 77 68 79 32 101 120 116 114 97 32 100 97 116 97 32 108 111 99 107 0 0 0 0 0 0 0 0 0 0 0 0 0 0 0 0 0 0 0 0 0 0 0 0 0 0 0 0 0 0 0 0 0 0 0 0 0 0 0 0 0 0 0 0 0 0 0 0 0 0 0 0 0 0 0 0 0 0 0 0 0 0 0 0 0 0 0 0 0 0 0 0 0 0 0 0 0 0 0 0 0 0 0 0 0 1 0 0 0 0 0 0 0 0 0 0 0 0 0 0 0 3 0 0 0 0 0 0 0 0 0 0 0 0 0 0 0 177 0 0 0 233 130 0 0 169 48 2 0 0 0 0 0 0 0 0 0 2 0 0 0 1 0 17 0 2 0 0 0 216 0 0 0 255 255 255 255 7 0 2 0 0 0 0 0 data 27 0x20007 0xfe5 0x20 0x78 0x80007 0x0 0x40 0xfe5 0xc0007 0xfe5 0x20 0x0 0x150007 0xa2d 0x20 0x5b8 0x1d0003 0xa2d 0x38 0x260007 0x3c46 0x20 0x83 0x2f0007 0x3cc9 0xffffffffffffffe0 0x9aa oops 0
ciMethod org/eclipse/jdt/internal/compiler/lookup/BinaryTypeBinding createAnnotations ([Lorg/eclipse/jdt/internal/compiler/env/IBinaryAnnotation;Lorg/eclipse/jdt/internal/compiler/lookup/LookupEnvironment;[[[C)[Lorg/eclipse/jdt/internal/compiler/lookup/AnnotationBinding; 9 1 3072 0 -1
ciMethod org/eclipse/jdt/internal/compiler/lookup/BinaryTypeBinding resolveType (Lorg/eclipse/jdt/internal/compiler/lookup/TypeBinding;Lorg/eclipse/jdt/internal/compiler/lookup/LookupEnvironment;Z)Lorg/eclipse/jdt/internal/compiler/lookup/TypeBinding; 1361 1 2253 0 0
ciMethod org/eclipse/jdt/internal/compiler/lookup/BinaryTypeBinding enclosingType ()Lorg/eclipse/jdt/internal/compiler/lookup/ReferenceBinding; 3073 1 3586 0 0
ciMethod org/eclipse/jdt/internal/compiler/lookup/BinaryTypeBinding kind ()I 4097 1 11986 0 96
ciMethod org/eclipse/jdt/internal/compiler/lookup/BinaryTypeBinding isPrototype ()Z 3457 1 52644 0 64
ciMethod org/eclipse/jdt/internal/compiler/env/ITypeAnnotationWalker toNextArrayDimension ()Lorg/eclipse/jdt/internal/compiler/env/ITypeAnnotationWalker; 0 0 1 0 -1
ciMethod org/eclipse/jdt/internal/compiler/env/ITypeAnnotationWalker getAnnotationsAtCursor (IZ)[Lorg/eclipse/jdt/internal/compiler/env/IBinaryAnnotation; 0 0 1 0 -1
ciMethod org/eclipse/jdt/internal/compiler/lookup/UnresolvedReferenceBinding <init> ([[CLorg/eclipse/jdt/internal/compiler/lookup/PackageBinding;)V 1409 1 946 0 0
ciMethod org/eclipse/jdt/internal/compiler/lookup/UnresolvedReferenceBinding isUnresolvedType ()Z 3393 1 424 0 0
ciMethod org/eclipse/jdt/internal/compiler/lookup/UnresolvedReferenceBinding resolve (Lorg/eclipse/jdt/internal/compiler/lookup/LookupEnvironment;Z)Lorg/eclipse/jdt/internal/compiler/lookup/ReferenceBinding; 145 1 663 0 -1
ciMethod org/eclipse/jdt/internal/compiler/lookup/UnresolvedReferenceBinding setResolvedType (Lorg/eclipse/jdt/internal/compiler/lookup/ReferenceBinding;Lorg/eclipse/jdt/internal/compiler/lookup/LookupEnvironment;)V 913 361 444 0 -1
ciMethod org/eclipse/jdt/internal/compiler/lookup/WildcardBinding resolve ()Lorg/eclipse/jdt/internal/compiler/lookup/ReferenceBinding; 9 1 3 0 -1
ciMethod org/eclipse/jdt/internal/compiler/lookup/AnnotatableTypeSystem getArrayType (Lorg/eclipse/jdt/internal/compiler/lookup/TypeBinding;I[Lorg/eclipse/jdt/internal/compiler/lookup/AnnotationBinding;)Lorg/eclipse/jdt/internal/compiler/lookup/ArrayBinding; 2025 4033 211 0 0
ciMethod org/eclipse/jdt/internal/compiler/lookup/AnnotatableTypeSystem haveTypeAnnotations (Lorg/eclipse/jdt/internal/compiler/lookup/TypeBinding;[Lorg/eclipse/jdt/internal/compiler/lookup/AnnotationBinding;)Z 489 1 56 0 -1
ciMethod org/eclipse/jdt/internal/compiler/lookup/AnnotatableTypeSystem flattenedAnnotations ([[Lorg/eclipse/jdt/internal/compiler/lookup/AnnotationBinding;)[Lorg/eclipse/jdt/internal/compiler/lookup/AnnotationBinding; 9 1 802 0 0
ciMethod org/eclipse/jdt/internal/compiler/lookup/ParameterizedTypeBinding genericType ()Lorg/eclipse/jdt/internal/compiler/lookup/ReferenceBinding; 0 0 8 0 0
ciMethod org/eclipse/jdt/internal/compiler/lookup/ParameterizedTypeBinding resolve ()Lorg/eclipse/jdt/internal/compiler/lookup/ReferenceBinding; 65 41 27 0 -1
ciMethodData org/eclipse/jdt/core/compiler/CharOperation hashCode ([C)I 2 40288 orig 264 152 98 217 88 0 0 0 0 168 217 15 29 0 0 0 0 88 1 0 0 0 0 0 0 0 0 0 0 0 0 0 0 0 0 0 0 0 0 0 0 0 0 0 0 0 0 0 0 0 0 0 0 0 0 0 0 0 0 0 0 0 0 0 0 0 0 0 0 0 0 0 0 0 0 0 0 0 0 0 0 77 68 79 32 101 120 116 114 97 32 100 97 116 97 32 108 111 99 107 0 0 0 0 0 0 0 0 0 0 0 0 0 0 0 0 0 0 0 0 0 0 0 0 0 0 0 0 0 0 0 0 0 0 0 0 0 0 0 0 0 0 0 0 0 0 0 0 0 0 0 0 0 0 0 0 0 0 0 0 0 0 0 0 0 0 0 0 0 0 0 0 0 0 0 0 0 0 0 0 0 0 0 0 0 1 0 0 0 0 0 0 0 0 0 0 0 0 0 0 0 1 0 0 0 0 0 0 0 0 0 0 0 0 0 0 0 136 1 0 0 193 222 4 0 1 0 0 0 0 0 0 0 0 0 0 0 2 0 0 0 0 0 3 0 2 0 0 0 16 0 0 0 255 255 255 255 2 0 1 0 0 0 0 0 data 2 0x10002 0x9bd8 oops 0
ciMethodData org/eclipse/jdt/internal/compiler/util/HashtableOfPackage get ([C)Lorg/eclipse/jdt/internal/compiler/lookup/PackageBinding; 2 7409 orig 264 152 98 217 88 0 0 0 0 200 23 66 31 0 0 0 0 8 2 0 0 16 0 0 0 0 0 0 0 0 0 0 0 0 0 0 0 0 0 0 0 0 0 0 0 0 0 0 0 0 0 0 0 0 0 0 0 0 0 0 0 0 0 0 0 0 0 0 0 0 0 0 0 0 0 0 0 0 0 0 0 77 68 79 32 101 120 116 114 97 32 100 97 116 97 32 108 111 99 107 0 0 0 0 0 0 0 0 0 0 0 0 0 0 0 0 0 0 0 0 0 0 0 0 0 0 0 0 0 0 0 0 0 0 0 0 0 0 0 0 0 0 0 0 0 0 0 0 0 0 0 0 0 0 0 0 0 0 0 0 0 0 0 0 0 0 0 0 0 0 0 0 0 0 0 0 0 0 0 0 0 0 0 0 0 17 0 0 0 0 0 0 0 0 0 0 0 0 0 0 0 1 0 0 0 0 0 0 0 0 0 0 0 0 0 0 0 136 1 0 0 105 184 0 0 65 221 0 0 0 0 0 0 0 0 0 0 2 0 0 0 1 0 13 0 2 0 0 0 184 0 0 0 255 255 255 255 2 0 7 0 0 0 0 0 data 23 0x70002 0x170d 0x110003 0x170d 0x88 0x190007 0x362 0x50 0x17f6 0x1f0002 0x17f6 0x220007 0x13c 0x20 0x16ba 0x310007 0x47c 0x20 0x22 0x3f0007 0x1b58 0xffffffffffffff90 0x53 oops 0
ciMethodData org/eclipse/jdt/core/compiler/CharOperation splitOn (C[CII)[[C 2 51846 orig 264 152 98 217 88 0 0 0 0 96 255 4 29 0 0 0 0 8 3 0 0 208 0 0 0 0 0 0 0 0 0 0 0 0 0 0 0 0 0 0 0 0 0 0 0 0 0 0 0 0 0 0 0 0 0 0 0 0 0 0 0 0 0 0 0 0